###############################################################################
#
# IAR ANSI C/C++ Compiler V7.70.1.11437/W32 for ARM       28/Feb/2025  14:17:03
# Copyright 1999-2016 IAR Systems AB.
#
#    Cpu mode     =  thumb
#    Endian       =  little
#    Source file  =  
#        source/XCategory/Application/acuexpacu/ApplianceMgr/ApplianceMgr.c
#    Command line =  
#        --cpu Cortex-M0+ -Om --debug -e --only_stdout --silent -D
#        ENABLE_JUMP_TO_APPLICATION_WITHOUT_IAP_FIRMWARE --no_wrap_diagnostics
#        -f config\tmp\include_path.lnt
#        (-I../Nucleus-Tools-SDK/embOS/arm/v4.26/source\
#        -I../Nucleus-Tools-SDK/iar/arm/v7.70/cx/inc\
#        -Isource/Category/Application/acu/CycleResume\
#        -Isource/Category/Application/acu/Monitors/AutostartFactoryCycleMonitor\
#        -Isource/Category/Application/acu/Monitors/CartridgeDetectionMonitor\
#        -Isource/Category/Application/acu/Monitors/DCLoadCurrentMonitor\
#        -Isource/Category/Application/acu/Monitors/DiverterFaultMonitor\
#        -Isource/Category/Application/acu/Monitors/DiverterLeakFaultMonitor\
#        -Isource/Category/Application/acu/Monitors/DoorMonitor\
#        -Isource/Category/Application/acu/Monitors/DoorOpeningSystemMonitor\
#        -Isource/Category/Application/acu/Monitors/FanMotorFaultMonitor\
#        -Isource/Category/Application/acu/Monitors/FaultStatusMonitor\
#        -Isource/Category/Application/acu/Monitors/FillValveStuckOn\
#        -Isource/Category/Application/acu/Monitors/FlowMeterFaultMonitor\
#        -Isource/Category/Application/acu/Monitors/HeatMonitor\
#        -Isource/Category/Application/acu/Monitors/HotHighPotMonitor\
#        -Isource/Category/Application/acu/Monitors/LITTFaultMonitor\
#        -Isource/Category/Application/acu/Monitors/LITTMonitor\
#        -Isource/Category/Application/acu/Monitors/McuGetDataMonitor\
#        -Isource/Category/Application/acu/Monitors/ModelMonitors/AirlockDetectionMonitor\
#        -Isource/Category/Application/acu/Monitors/ModelMonitors/AirlockDetectionMonitor/CodeGeneration\
#        -Isource/Category/Application/acu/Monitors/ModelMonitors/HeaterCalcificationDetectionModel\
#        -Isource/Category/Application/acu/Monitors/ModelMonitors/HeaterCalcificationDetectionModel/CodeGeneration\
#        -Isource/Category/Application/acu/Monitors/ModelMonitors/OWIVoltageRegulatedOutputModel\
#        -Isource/Category/Application/acu/Monitors/ModelMonitors/OWIVoltageRegulatedOutputModel/CodeGeneration\
#        -Isource/Category/Application/acu/Monitors/ModelMonitors/PluggingDetectionMonitor\
#        -Isource/Category/Application/acu/Monitors/ModelMonitors/PluggingDetectionMonitor/CodeGeneration\
#        -Isource/Category/Application/acu/Monitors/MoisturePreventionMonitor\
#        -Isource/Category/Application/acu/Monitors/OverfillMonitor\
#        -Isource/Category/Application/acu/Monitors/OWIMonitor\
#        -Isource/Category/Application/acu/Monitors/PilotRelayFaultMonitor\
#        -Isource/Category/Application/acu/Monitors/PilotRelayFaultMonitor/PilotRelayStuckClosedMonitor\
#        -Isource/Category/Application/acu/Monitors/PilotRelayFaultMonitor/PilotRelayStuckOpenMonitor\
#        -Isource/Category/Application/acu/Monitors/PORTimeMonitor\
#        -Isource/Category/Application/acu/Monitors/PumpFlushRequestMonitor\
#        -Isource/Category/Application/acu/Monitors/RinseAidMonitor\
#        -Isource/Category/Application/acu/Monitors/SaltSensingMonitor\
#        -Isource/Category/Application/acu/Monitors/StabilityControlLoopMonitor\
#        -Isource/Category/Application/acu/Monitors/StandbyManager\
#        -Isource/Category/Application/acu/Monitors/SupervisorExtMonitor\
#        -Isource/Category/Application/acu/Monitors/ThermistorFaultMonitor\
#        -Isource/Category/Application/acu/Monitors/ThermistorFaultMonitor/ThermistorOpenMonitor\
#        -Isource/Category/Application/acu/Monitors/ThermistorFaultMonitor/ThermistorShortedMonitor\
#        -Isource/Category/Application/acu/Monitors/TriacCurrentMonitor\
#        -Isource/Category/Application/acu/Monitors/TriacShortedDrainFaultMonitor\
#        -Isource/Category/Application/acu/Monitors/TriacVoltageMonitor\
#        -Isource/Category/Application/acu/Monitors/VoltageRangeMonitor\
#        -Isource/Category/Application/acu/Monitors/VSDrainMotorFaultMonitor\
#        -Isource/Category/Application/acu/Monitors/VwiMonitor\
#        -Isource/Category/Application/acu/Monitors/VwiZoneCompensationMonitor\
#        -Isource/Category/Application/acu/Monitors/WashHeaterFaultMonitor\
#        -Isource/Category/Application/acu/Monitors/WashHeaterFaultMonitor/HeaterLeakageToNeutralMonitor\
#        -Isource/Category/Application/acu/Monitors/WashHeaterFaultMonitor/HeaterLineRelayOpenMonitor\
#        -Isource/Category/Application/acu/Monitors/WashHeaterFaultMonitor/HeaterNeutralRelayOpenMonitor\
#        -Isource/Category/Application/acu/Monitors/WashHeaterFaultMonitor/HeaterOpenAndLineRelayClosedMonitor\
#        -Isource/Category/Application/acu/Monitors/WashHeaterFaultMonitor/HeaterOpenMonitor\
#        -Isource/Category/Application/acu/Monitors/WashMotorFaultMonitor\
#        -Isource/Category/Application/acu/Monitors/ZeroCrossMonitor\
#        -Isource/Category/Application/acu/Processes/AlternateCtrl\
#        -Isource/Category/Application/acu/Processes/Fill\
#        -Isource/Category/Application/acu/Processes/Fill/ClassAFill\
#        -Isource/Category/Application/acu/Processes/Fill/Fill\
#        -Isource/Category/Application/acu/Processes/Fill/TankDrain\
#        -Isource/Category/Application/acu/Processes/Fill/TankFill\
#        -Isource/Category/Application/acu/Processes/Heat\
#        -Isource/Category/Application/acu/Processes/ModelProcesses/OWICalibrationModel\
#        -Isource/Category/Application/acu/Processes/ModelProcesses/OWICalibrationModel/CodeGeneration\
#        -Isource/Category/Application/acu/Processes/ModelProcesses/PartialDrainModel\
#        -Isource/Category/Application/acu/Processes/ModelProcesses/PartialDrainModel/CodeGeneration\
#        -Isource/Category/Application/acu/Processes/ModelProcesses/SensedDrainModel\
#        -Isource/Category/Application/acu/Processes/ModelProcesses/SensedDrainModel/CodeGeneration\
#        -Isource/Category/Application/acu/Processes/OWI\
#        -Isource/Category/Application/acu/Processes/OWI_VRO\
#        -Isource/Category/Application/acu/Processes/OWIOneShot\
#        -Isource/Category/Application/acu/Processes/PumpControl\
#        -Isource/Category/Application/acu/Processes/Regenerate\
#        -Isource/Category/Application/acu/Processes/RinseAidDispense\
#        -Isource/Category/Application/acu/Processes/RinseAidDispense/RinseAid\
#        -Isource/Category/Application/acu/Processes/RinseAidDispense/TridgeDetergent\
#        -Isource/Category/Application/acu/Tasks/DoorOpeningSystemPull\
#        -Isource/Category/Application/acu/Tasks/DoorOpeningSystemPush\
#        -Isource/Category/Application/acu/Tasks/HeaterShadowing\
#        -Isource/Category/Application/acu/Tasks/MoisturePrevention\
#        -Isource/Category/Application/acu/Tasks/OWIContinousReading\
#        -Isource/Category/Application/acu/Tasks/OwiVroContinuousReading\
#        -Isource/Category/Application/acu/Tasks/Sanitization\
#        -Isource/Category/Application/acu/Tasks/StabilityControl\
#        -Isource/Category/Application/acu/Tasks/TimeElapse\
#        -Isource/Category/Application/acu/VWI\
#        -Isource/Category/Application/all/ActivePower\
#        -Isource/Category/Application/all/API007App\
#        -Isource/Category/Application/all/Config\
#        -Isource/Category/Common/acu/CommonDish/DishAuxVar\
#        -Isource/Category/Common/acu/CommonDish/PumpCommand\
#        -Isource/Category/Common/acu/CommonDish/StatisticsDish\
#        -Isource/Category/Common/all/BoardDebugging\
#        -Isource/Category/Common/all/Config\
#        -Isource/Category/Common/all/MasterCommander\
#        -Isource/Category/Common/all/MasterCommander/Source\
#        -Isource/Category/Common/all/MasterCommander/Source/HAL\
#        -Isource/Category/Common/all/SharedUtils\
#        -Isource/Category/Hbl/acu/ACULoadHandler/AlternateLoad\
#        -Isource/Category/Hbl/acuexpacu/ACUGIHandler/WaterCounterGI\
#        -Isource/Category/Hbl/acuexpacu/ACULoadHandler/HeaterLoad\
#        -Isource/Category/Hbl/acuexpacu/ACULoadHandler/TriacMci\
#        -Isource/Category/Hbl/all/Config\ -Isource/Category/Hbl/all/Mci\
#        -Isource/Category/Hbl/all/Mci/MciZeroCross\
#        -Isource/Category/Hbl/all/Mci/Slfac\
#        -Isource/Category/Hbl/all/Mci/Slfac/Macroblocks\
#        -Isource/Category/Hbl/all/Mci/Slfac/Microblocks/GlitchFilter\
#        -Isource/Category/Hbl/all/Mci/Slfac/Microblocks/IIRFilter\
#        -Isource/Category/Hbl/all/Mci/Slfac/Microblocks/MathCalc\
#        -Isource/Category/Hbl/all/Mci/Slfac/Microblocks/PeakDetector\
#        -Isource/Category/Hbl/all/Mci/Slfac/Microblocks/Pi\
#        -Isource/Category/Hbl/all/MCUDrivers/TimeCapture\
#        -Isource/Category/Hbl/all/MCUDrivers/TimerInterruptExt\
#        -Isource/Micros/STM32G0x/Driver/Atod\
#        -Isource/Micros/STM32G0x/Driver/DataFlash\
#        -Isource/Micros/STM32G0x/Driver/Dma\
#        -Isource/Micros/STM32G0x/Driver/Dtoa\
#        -Isource/Micros/STM32G0x/Driver/ExtInterrupt\
#        -Isource/Micros/STM32G0x/Driver/Flash\
#        -Isource/Micros/STM32G0x/Driver/Gpio\
#        -Isource/Micros/STM32G0x/Driver/I2c\
#        -Isource/Micros/STM32G0x/Driver/IntMgr\
#        -Isource/Micros/STM32G0x/Driver/Micro\
#        -Isource/Micros/STM32G0x/Driver/MicroExt\
#        -Isource/Micros/STM32G0x/Driver/Rtc\
#        -Isource/Micros/STM32G0x/Driver/RTCDriver\
#        -Isource/Micros/STM32G0x/Driver/Spi\
#        -Isource/Micros/STM32G0x/Driver/Timeout\
#        -Isource/Micros/STM32G0x/Driver/Timer\
#        -Isource/Micros/STM32G0x/Driver/TimerInterrupt\
#        -Isource/Micros/STM32G0x/Driver/Uart\
#        -Isource/ProjectSpecific/Application/acu/Config\
#        -Isource/ProjectSpecific/Application/acu/LowPower\
#        -Isource/ProjectSpecific/Application/acuexpacu/Config\
#        -Isource/ProjectSpecific/Application/all/Config\
#        -Isource/ProjectSpecific/Application/all/MCUDebug\
#        -Isource/ProjectSpecific/Application/all/ProductInfo\
#        -Isource/ProjectSpecific/Common/acu/Config\
#        -Isource/ProjectSpecific/Common/all/Config\
#        -Isource/ProjectSpecific/Common/all/Debug\
#        -Isource/ProjectSpecific/Common/all/SRConfig\
#        -Isource/ProjectSpecific/Driver/STM32G0x\
#        -Isource/ProjectSpecific/Hbl/acuexpacu/Config\
#        -Isource/ProjectSpecific/Hbl/acuexpacu/SRConfig\
#        -Isource/ProjectSpecific/Hbl/all/Config\
#        -Isource/ProjectSpecific/Hbl/all/Config/Mci\
#        -Isource/ProjectSpecific/Hbl/all/Config/Mci/MasterCommander\
#        -Isource/ProjectSpecific/Hbl/all/Config/Mci/MCUDrivers\
#        -Isource/ProjectSpecific/Hbl/all/SRConfig\
#        -Isource/XCategory/Application/acu/API221MotionCtrl\
#        -Isource/XCategory/Application/acu/Calibration\
#        -Isource/XCategory/Application/acu/Condition\
#        -Isource/XCategory/Application/acu/Estimator\
#        -Isource/XCategory/Application/acu/Interpreter\
#        -Isource/XCategory/Application/acu/Processes/ActivateTask\
#        -Isource/XCategory/Application/acu/Processes/JumpIf\
#        -Isource/XCategory/Application/acu/Processes/LoadsControl\
#        -Isource/XCategory/Application/acu/Processes/Maintain\
#        -Isource/XCategory/Application/acu/Processes/SetVariable\
#        -Isource/XCategory/Application/acu/RegulationAccept\
#        -Isource/XCategory/Application/acu/Selector\
#        -Isource/XCategory/Application/acu/SubCycle\
#        -Isource/XCategory/Application/acu/Supervisor\
#        -Isource/XCategory/Application/acu/TestMgr\
#        -Isource/XCategory/Application/acuexpacu/ApplianceMgr\
#        -Isource/XCategory/Application/acuhmi/CommunicationMonitor\
#        -Isource/XCategory/Application/acuhmi/Modifier\
#        -Isource/XCategory/Application/acuhmi/Regulations\
#        -Isource/XCategory/Application/acuhmi/Status\
#        -Isource/XCategory/Application/all/API007Data\
#        -Isource/XCategory/Application/all/API011AppCtr\
#        -Isource/XCategory/Application/all/API012Exp\
#        -Isource/XCategory/Application/all/API013RemoteFunction\
#        -Isource/XCategory/Application/all/API018Diagnostic\
#        -Isource/XCategory/Application/all/API220MotorControl\
#        -Isource/XCategory/Application/all/API220MotorControl/Api\
#        -Isource/XCategory/Application/all/Mode\
#        -Isource/XCategory/Application/all/Reveal_Basic/API003Disc\
#        -Isource/XCategory/Application/all/Reveal_Basic/API004Debug\
#        -Isource/XCategory/Application/all/Reveal_Basic/API004Debug/SW05SoftwareTest\
#        -Isource/XCategory/Application/all/Reveal_Basic/API005LowLevel\
#        -Isource/XCategory/Application/all/Reveal_Basic/API009System\
#        -Isource/XCategory/Application/all/Reveal_Basic/API010PollVar\
#        -Isource/XCategory/Application/all/Reveal_Basic/API019ProductInfo\
#        -Isource/XCategory/Application/all/SFUpdater\
#        -Isource/XCategory/Application/all/SRAPI020Safety\
#        -Isource/XCategory/Application/all/StatusLed\
#        -Isource/XCategory/Common/acu/BrownOut\
#        -Isource/XCategory/Common/acu/Fault\
#        -Isource/XCategory/Common/acu/Statistics\
#        -Isource/XCategory/Common/all/Common/Callback\
#        -Isource/XCategory/Common/all/Common/Convert\
#        -Isource/XCategory/Common/all/Common/Crc16\
#        -Isource/XCategory/Common/all/Common/Crc32\
#        -Isource/XCategory/Common/all/Common/Crc8\
#        -Isource/XCategory/Common/all/Common/Equation\
#        -Isource/XCategory/Common/all/Common/Filter\
#        -Isource/XCategory/Common/all/Common/FITMgr\
#        -Isource/XCategory/Common/all/Common/I2cMgr\
#        -Isource/XCategory/Common/all/Common/IAPEmul\
#        -Isource/XCategory/Common/all/Common/Log\
#        -Isource/XCategory/Common/all/Common/Millis\
#        -Isource/XCategory/Common/all/Common/SeggerRTT\
#        -Isource/XCategory/Common/all/Common/SeggerRTT/SEGGER_RTT/Config\
#        -Isource/XCategory/Common/all/Common/SeggerRTT/SEGGER_RTT/RTT\
#        -Isource/XCategory/Common/all/Common/SettingFile\
#        -Isource/XCategory/Common/all/Common/SFVersionCheck\
#        -Isource/XCategory/Common/all/Common/SystemConfig\
#        -Isource/XCategory/Common/all/Common/SystemTimers\
#        -Isource/XCategory/Common/all/Common/Utilities\
#        -Isource/XCategory/Common/all/Common/Variable\
#        -Isource/XCategory/Common/all/SRCommon/SRClockMonitor\
#        -Isource/XCategory/Common/all/SRCommon/SRData\
#        -Isource/XCategory/Common/all/SRCommon/SRException\
#        -Isource/XCategory/Common/all/SRCommon/SRIsrMonitor\
#        -Isource/XCategory/Common/all/SRCommon/SRPowerMgr\
#        -Isource/XCategory/Common/all/SRCommon/SRSignature\
#        -Isource/XCategory/Common/all/SRCommon/SRSystemConfig\
#        -Isource/XCategory/Common/all/SRCommon/SRTaskMonitor\
#        -Isource/XCategory/Common/all/SRCommon/SRTaskSequence\
#        -Isource/XCategory/Common/all/SRCommon/SRTimerReference\
#        -Isource/XCategory/Common/all/SRCommon/SRUnusedPinsConfig\
#        -Isource/XCategory/Common/all/SRMain\
#        -Isource/XCategory/Common/all/SRMain/BackgroundThreads\
#        -Isource/XCategory/Common/all/SRMain/OsServices\
#        -Isource/XCategory/Common/all/SRMain/StackAnalysis\
#        -Isource/XCategory/Common/all/SRMain/TimingAnalysis\
#        -Isource/XCategory/Driver/APIs/Atod\
#        -Isource/XCategory/Driver/APIs/Comparator\
#        -Isource/XCategory/Driver/APIs/DataFlash\
#        -Isource/XCategory/Driver/APIs/Dma\
#        -Isource/XCategory/Driver/APIs/Dtc\
#        -Isource/XCategory/Driver/APIs/Dtoa\
#        -Isource/XCategory/Driver/APIs/EmbOS\
#        -Isource/XCategory/Driver/APIs/ExtInterrupt\
#        -Isource/XCategory/Driver/APIs/Flash\
#        -Isource/XCategory/Driver/APIs/Gpio\
#        -Isource/XCategory/Driver/APIs/I2c\
#        -Isource/XCategory/Driver/APIs/IntMgr\
#        -Isource/XCategory/Driver/APIs/Micro\
#        -Isource/XCategory/Driver/APIs/MicroExt\
#        -Isource/XCategory/Driver/APIs/Rtc\
#        -Isource/XCategory/Driver/APIs/RTCDriver\
#        -Isource/XCategory/Driver/APIs/Spi\
#        -Isource/XCategory/Driver/APIs/Timeout\
#        -Isource/XCategory/Driver/APIs/Timer\
#        -Isource/XCategory/Driver/APIs/TimerInterrupt\
#        -Isource/XCategory/Driver/APIs/Touch\
#        -Isource/XCategory/Driver/APIs/Uart\
#        -Isource/XCategory/Hbl/acu/FdmCounter\
#        -Isource/XCategory/Hbl/acu/FdmTimer\
#        -Isource/XCategory/Hbl/acuexpacu/ACUGIHandler/ConvertGI\
#        -Isource/XCategory/Hbl/acuexpacu/ACUGIHandler/DirectGI\
#        -Isource/XCategory/Hbl/acuexpacu/ACUGIHandler/DoorSwitchGI\
#        -Isource/XCategory/Hbl/acuexpacu/ACUGIHandler/ProbeGI\
#        -Isource/XCategory/Hbl/acuexpacu/ACUGIHandler/ProbeLpsGI\
#        -Isource/XCategory/Hbl/acuexpacu/ACULoadHandler/DCFanLoad\
#        -Isource/XCategory/Hbl/acuexpacu/ACUPilotHandler/AnalogOutputPilot\
#        -Isource/XCategory/Hbl/acuexpacu/ACUPilotHandler/ChargePumpPilot\
#        -Isource/XCategory/Hbl/acuexpacu/ACUPilotHandler/DigitalOutputMultiPilot\
#        -Isource/XCategory/Hbl/acuexpacu/ACUPilotHandler/DigitalOutputPilot\
#        -Isource/XCategory/Hbl/acuexpacu/ACUPilotHandler/DoorLockEMPilot\
#        -Isource/XCategory/Hbl/acuexpacu/ACUPilotHandler/DoorLockWaxPilot\
#        -Isource/XCategory/Hbl/acuexpacu/ACUPilotHandler/ExpansionPilot\
#        -Isource/XCategory/Hbl/acuexpacu/ACUPilotHandler/ExternalMotorPilot\
#        -Isource/XCategory/Hbl/acuexpacu/ACUPilotHandler/FSMPilot\
#        -Isource/XCategory/Hbl/acuexpacu/ACUPilotHandler/MagnetronPilot\
#        -Isource/XCategory/Hbl/acuexpacu/ACUPilotHandler/MotorPilot\
#        -Isource/XCategory/Hbl/acuexpacu/ACUPilotHandler/MultiDriverPilot\
#        -Isource/XCategory/Hbl/acuexpacu/ACUPilotHandler/MultiSequencePilot\
#        -Isource/XCategory/Hbl/acuexpacu/ACUPilotHandler/NonfunctionalPilot\
#        -Isource/XCategory/Hbl/acuexpacu/ACUPilotHandler/PwmHiResPilot\
#        -Isource/XCategory/Hbl/acuexpacu/ACUPilotHandler/PwmPilot\
#        -Isource/XCategory/Hbl/acuexpacu/ACUPilotHandler/SRChargePumpPilot\
#        -Isource/XCategory/Hbl/acuexpacu/ACUPilotHandler/SRDigitalOutputMultiPilot\
#        -Isource/XCategory/Hbl/acuexpacu/ACUPilotHandler/SRDigitalOutputPilot\
#        -Isource/XCategory/Hbl/acuexpacu/ACUPilotHandler/SRDoorLockEMPilot\
#        -Isource/XCategory/Hbl/acuexpacu/ACUPilotHandler/SRDoorLockWaxPilot\
#        -Isource/XCategory/Hbl/acuexpacu/ACUPilotHandler/SRUMRelayPilot\
#        -Isource/XCategory/Hbl/acuexpacu/ACUPilotHandler/SteadyPwmProfilePilot\
#        -Isource/XCategory/Hbl/acuexpacu/ACUPilotHandler/StepperPilot\
#        -Isource/XCategory/Hbl/acuexpacu/ACUPilotHandler/TriacSwitchPilot\
#        -Isource/XCategory/Hbl/acuexpacu/ACUPilotHandler/ZCRelayPilot\
#        -Isource/XCategory/Hbl/acuexpacu/ACUPilotHandler/ZCTriacPilot\
#        -Isource/XCategory/Hbl/acuexpacu/HblAcu\
#        -Isource/XCategory/Hbl/acuexpacu/HblAcu/CrossLoads\
#        -Isource/XCategory/Hbl/acuexpacu/HblAcu/SetLoadQueue\
#        -Isource/XCategory/Hbl/acuexpacu/HblAcu/SRProductMgr\
#        -Isource/XCategory/Hbl/acuexpacu/HblAcu/ZeroCross\
#        -Isource/XCategory/Hbl/all/Hbl\
#        -Isource/XCategory/Hbl/all/Hbl/DefaultPin\
#        -Isource/XCategory/Hbl/all/Hbl/HblCommon\
#        -Isource/XCategory/Hbl/all/Hbl/VirtualPin\
#        -Isource/XCategory/Hbl/all/LLIHandler/AbsoluteHumidityLLI\
#        -Isource/XCategory/Hbl/all/LLIHandler/AccelerometerLLI\
#        -Isource/XCategory/Hbl/all/LLIHandler/AccelerometerLLI/AccelBaseline\
#        -Isource/XCategory/Hbl/all/LLIHandler/AccelerometerLLI/AccelDiscover\
#        -Isource/XCategory/Hbl/all/LLIHandler/AccelerometerLLI/FXLS8974\
#        -Isource/XCategory/Hbl/all/LLIHandler/AccelerometerLLI/FXLS8974/SelfTestFXLS8974\
#        -Isource/XCategory/Hbl/all/LLIHandler/AccelerometerLLI/LISxDH\
#        -Isource/XCategory/Hbl/all/LLIHandler/AnalogLLI\
#        -Isource/XCategory/Hbl/all/LLIHandler/ConductivityLLI\
#        -Isource/XCategory/Hbl/all/LLIHandler/DigitalLLI\
#        -Isource/XCategory/Hbl/all/LLIHandler/EncoderLLI\
#        -Isource/XCategory/Hbl/all/LLIHandler/ExpansionLLI\
#        -Isource/XCategory/Hbl/all/LLIHandler/FeedbackLLI\
#        -Isource/XCategory/Hbl/all/LLIHandler/I2CInfraredLLI\
#        -Isource/XCategory/Hbl/all/LLIHandler/I2CPressureSensorLLI\
#        -Isource/XCategory/Hbl/all/LLIHandler/I2CRHTSensorLLI\
#        -Isource/XCategory/Hbl/all/LLIHandler/InputCaptureLLI\
#        -Isource/XCategory/Hbl/all/LLIHandler/MultiInputLLI\
#        -Isource/XCategory/Hbl/all/LLIHandler/NonfunctionalLLI\
#        -Isource/XCategory/Hbl/all/LLIHandler/PulseCounterLLI\
#        -Isource/XCategory/Hbl/all/LLIHandler/SRAnalogLLI\
#        -Isource/XCategory/Hbl/all/LLIHandler/SRDigitalLLI\
#        -Isource/XCategory/Hbl/all/LLIHandler/SRFeedbackLLI\
#        -Isource/XCategory/Hbl/all/LLIHandler/SRI2CPressureSensorLLI\
#        -Isource/XCategory/Hbl/all/LLIHandler/SRICTachometerLLI\
#        -Isource/XCategory/Hbl/all/LLIHandler/SRInputCaptureLLI\
#        -Isource/XCategory/Hbl/all/LLIHandler/SRTouchKeyLLI\
#        -Isource/XCategory/Hbl/all/LLIHandler/SRTriacFeedbackLLI\
#        -Isource/XCategory/Hbl/all/LLIHandler/TouchKeyLLI\
#        -Isource/XCategory/Hbl/all/LLIHandler/TouchSliderLLI\
#        -Isource/XCategory/Hbl/all/LLIHandler/TouchWheelLLI\
#        -Isource/XCategory/Hbl/all/LLIHandler/TriacFeedbackLLI\
#        -Isource/XCategory/Hbl/all/LLIHandler/VirtualDigitalLLI\
#        -Isource/XCategory/Service/all/NVData\
#        -Isource/XCategory/Service/all/Reveal\
#        -Isource/XCategory/Service/all/Win\) -l listings\ApplianceMgr.lst -o
#        obj\ApplianceMgr.obj
#        source/XCategory/Application/acuexpacu/ApplianceMgr/ApplianceMgr.c
#    Locale       =  English_United States.1252
#    List file    =  listings\ApplianceMgr.lst
#    Object file  =  obj\ApplianceMgr.obj
#
###############################################################################

C:\Data\Nucleus_Dev\Vostok_ACU_A\source\XCategory\Application\acuexpacu\ApplianceMgr\ApplianceMgr.c
      1          /**
      2           *  @file
      3           *
      4           *  @brief      Top level application manager.
      5           *
      6           *  @copyright  Copyright 2015-2018 Whirlpool Corporation. All rights reserved - CONFIDENTIAL
      7           */
      8          //---------------------------------------------------------------------------------------------------------------------
      9          //---------------------------------------------------------------------------------------------------------------------
     10          //-------------------------------------- Include Files ----------------------------------------------------------------
     11          // -- This Module --
     12          #include "SystemConfig.h"
     13          #include "ApplianceMgr.h"
     14          #include "ApplianceMgr_prv.h"
     15          
     16          // -- Other Modules --
     17          #if (SYSTEM_ACU_EXPANSION_HANDLING == ENABLED)
     18              #include "ACUExpLoadMonitor.h"
     19          #endif
     20          #if (TIME_ESTIMATION_FEATURE == ENABLED)
     21              #include "Estimator.h"
     22          #endif
     23          #include "Hbl.h"
     24          #include "Mode.h"
     25          #if (SYSTEM_ACU_HANDLING == ENABLED)
     26              #include "Log.h"
     27          	#include "Millis.h"
     28              #include "RegulationAccept.h"
     29              #include "Supervisor.h"
     30          #endif
     31          
     32          //-------------------------------------- PUBLIC (Variables) -----------------------------------------------------------
     33          
     34          //-------------------------------------- PRIVATE (Variables, Constants & Defines) -------------------------------------
     35          #if (SYSTEM_ACU_HANDLING == ENABLED)
     36              //! Counter for determining a millisecond has elapsed using Millis free running counter.

   \                                 In section .bss, align 4
     37              static uint32 Millisecond_Counter;
     38          
     39              //! Number of deciseconds since power up. Used to wait for Input settling before running a cycle.
     40              static uint16 Deciseconds_Since_Power_Up;
     41          
     42              //! Maximum number of seconds to wait for system to stabilize before running cycles.
     43              #define POWER_UP_STABILIZATION_TIME_MAX (60.0)
     44          
     45              //! Default number of seconds to wait for system to stabilize before running cycles. Disables time feature if used.
     46              #define POWER_UP_STABILIZATION_TIME_DEFAULT (0.0)
     47          
     48              //! Set time feature to default (disabled) if not defined.
     49              #ifndef POWER_UP_STABILIZATION_TIME
     50                  #define POWER_UP_STABILIZATION_TIME (POWER_UP_STABILIZATION_TIME_DEFAULT)
     51              #endif
     52          
     53              #define POWER_UP_STABILIZATION_DECISECONDS ((uint16)(POWER_UP_STABILIZATION_TIME * 10))
     54              #define POWER_UP_STABILIZATION_MAX_DECISECONDS ((uint16)(POWER_UP_STABILIZATION_TIME_MAX * 10))
     55          
     56              // Verify power up stabilization is less than or equal to the maximum allowed.
     57              CT_ASSERT (POWER_UP_STABILIZATION_DECISECONDS <= POWER_UP_STABILIZATION_MAX_DECISECONDS);
     58          
     59              //! Set default (disabled) power up stabilization guard.
     60              #ifndef POWER_UP_STABILIZATION_GUARD
     61                  #define POWER_UP_STABILIZATION_GUARD (TRUE)
     62              #endif
     63          
     64              //! If macro is not defined, define as empty
     65              #ifndef CALL_PRE_MONITORS_STABLE
     66                  #define CALL_PRE_MONITORS_STABLE()
     67              #endif
     68          
     69              //! If macro is not defined, define as empty
     70              #ifndef CALL_POST_MONITORS_STABLE
     71                  #define CALL_POST_MONITORS_STABLE()
     72              #endif
     73          
     74              // --- LOG MODULE SETTINGS ---------------------------
     75              //! The name of this module for use by the Log module.
     76              #define MODULE_NAME MODULE_APPLIANCE_MANAGER
     77          
     78              //! A list of log message IDs that are generated by this module.
     79              typedef enum MODULE_APPLIANCE_MANAGER_LOG_MESSAGE_ID_ENUM
     80              {
     81                  MAX_TIMEOUT_REACHED = 1,    //!< POWER_UP_STABILIZATION_TIME_MAX before timeout or guard reached.
     82              } MODULE_APPLIANCE_MANAGER_LOG_MESSAGE_ID_TYPE;
     83          
     84              //! Tracks whether the system is stable (TRUE) or not yet stable (FALSE)
     85              static BOOL_TYPE System_Stable;
   \                     System_Stable:
   \   00000000                      DS8 1
   \   00000001                      DS8 1
   \   00000002                      DS8 2
   \   00000004                      DS8 4
     86          #endif
     87          
     88          //-------------------------------------- PRIVATE (Function Prototypes) ------------------------------------------------
     89          #if (SYSTEM_ACU_HANDLING == ENABLED)
     90              static BOOL_TYPE SystemStable(void);
     91          #endif
     92          
     93          //=====================================================================================================================
     94          //-------------------------------------- Public Functions -------------------------------------------------------------
     95          //=====================================================================================================================
     96          //---------------------------------------------------------------------------------------------------------------------
     97          /**
     98           *  @brief      It Initializes the module ApplianceMgr and its variables.
     99           *              Initialize top application layer modules in a cascading manner.
    100           *
    101           */

   \                                 In section .text, align 2, keep-with-next
    102          void ApplianceMgr__Initialize(void)
    103          {
   \                     ApplianceMgr__Initialize: (+1)
   \   00000000   0xB510             PUSH     {R4,LR}
    104              INIT_MONITORS();
   \   00000002   0x.... 0x....      BL       PORTimeMonitor__Initialize
   \   00000006   0x.... 0x....      BL       DoorMonitor__Initialize
   \   0000000A   0x.... 0x....      BL       LITTMonitor__Initialize
   \   0000000E   0x.... 0x....      BL       DCLoadCurrentMonitor__Initialize
   \   00000012   0x.... 0x....      BL       SupervisorExtMonitor__Initialize
   \   00000016   0x.... 0x....      BL       HotHighPotMonitor__Initialize
   \   0000001A   0x.... 0x....      BL       RinseAidMonitor__Initialize
   \   0000001E   0x.... 0x....      BL       OverfillMonitor__Initialize
   \   00000022   0x.... 0x....      BL       OWIMonitor__Initialize
   \   00000026   0x.... 0x....      BL       ZeroCrossMonitor__Initialize
   \   0000002A   0x.... 0x....      BL       ThermistorFaultMonitor__Initialize
   \   0000002E   0x.... 0x....      BL       MoisturePreventionMonitor__Initialize
   \   00000032   0x.... 0x....      BL       FillValveStuckOn__Initialize
   \   00000036   0x.... 0x....      BL       FlowMeterFaultMonitor__Initialize
   \   0000003A   0x.... 0x....      BL       TriacVoltageMonitor__Initialize
   \   0000003E   0x.... 0x....      BL       TriacCurrentMonitor__Initialize
   \   00000042   0x.... 0x....      BL       WashHeaterFaultMonitor__Initialize
   \   00000046   0x.... 0x....      BL       PilotRelayFaultMonitor__Initialize
   \   0000004A   0x.... 0x....      BL       FaultStatusMonitor__Initialize
   \   0000004E   0x.... 0x....      BL       DiverterFaultMonitor__Initialize
   \   00000052   0x.... 0x....      BL       AutostartFactoryCycle__Initialize
   \   00000056   0x.... 0x....      BL       AirlockMonitor__Initialize
   \   0000005A   0x.... 0x....      BL       PluggingMonitor__Initialize
   \   0000005E   0x.... 0x....      BL       HeaterCalcificationDetectionMonitor__Initialize
   \   00000062   0x.... 0x....      BL       WashMotorFaultMonitor__Initialize
   \   00000066   0x.... 0x....      BL       CommunicationMonitor__Initialize
   \   0000006A   0x.... 0x....      BL       DoorOpeningSystemMonitor__Initialize
   \   0000006E   0x.... 0x....      BL       SaltSensingMonitor__Initialize
   \   00000072   0x.... 0x....      BL       HeatMonitor__Initialize
   \   00000076   0x.... 0x....      BL       TriacShortedDrainFaultMonitor__Initialize
   \   0000007A   0x.... 0x....      BL       DiverterLeakFaultMonitor__Initialize
   \   0000007E   0x.... 0x....      BL       StabilityControlLoopMonitor__Initialize
   \   00000082   0x.... 0x....      BL       VoltageRangeMonitor__Initialize
   \   00000086   0x.... 0x....      BL       OWIVoltageRegulatedOutput__Initialize
   \   0000008A   0x.... 0x....      BL       CartridgeDetectionMonitor__Initialize
    105          
    106              #if (SYSTEM_ACU_HANDLING == ENABLED)
    107                  Millisecond_Counter = Millis__GetFreeRunningCounter();
   \   0000008E   0x....             LDR      R4,??DataTable4
   \   00000090   0x.... 0x....      BL       Millis__GetFreeRunningCounter
   \   00000094   0x6060             STR      R0,[R4, #+4]
    108                  Deciseconds_Since_Power_Up = 0;
   \   00000096   0x2000             MOVS     R0,#+0
   \   00000098   0x8060             STRH     R0,[R4, #+2]
    109                  Supervisor__Initialize();                   // Calls interpreter initialize which calls all process initializers.
   \   0000009A   0x.... 0x....      BL       Supervisor__Initialize
    110              #endif
    111          
    112              #if (TIME_ESTIMATION_FEATURE == ENABLED)
    113                  Estimator__Initialize();
   \   0000009E   0x.... 0x....      BL       Estimator__Initialize
    114              #endif
    115          
    116              #if (SYSTEM_ACU_EXPANSION_HANDLING == ENABLED)
    117                  ACUExpLoadMonitor__Initialize();
    118              #endif
    119          }
   \   000000A2   0xBD10             POP      {R4,PC}          ;; return
    120          
    121          //---------------------------------------------------------------------------------------------------------------------
    122          /**
    123           *  @brief      Implements Appliance Manager Behavior.
    124           *
    125           */

   \                                 In section .text, align 2, keep-with-next
    126          void ApplianceMgr__Handler(void)
    127          {
   \                     ApplianceMgr__Handler: (+1)
   \   00000000   0xB580             PUSH     {R7,LR}
    128              if (Mode__GetSubMode() == SUBMODE_NORMAL_SUPERVISOR)
   \   00000002   0x.... 0x....      BL       Mode__GetSubMode
   \   00000006   0x2801             CMP      R0,#+1
   \   00000008   0xD160             BNE      ??ApplianceMgr__Handler_0
    129              {
    130                  Hbl__FlushRequestBuffer();
   \   0000000A   0x.... 0x....      BL       Hbl__FlushRequestBuffer
    131          
    132                  #if (SYSTEM_ACU_HANDLING == ENABLED)
    133                      CALL_PRE_MONITORS();
   \   0000000E   0x.... 0x....      BL       PORTimeMonitor__Execution
   \   00000012   0x.... 0x....      BL       DoorMonitor__Execution
   \   00000016   0x.... 0x....      BL       LITTMonitor__Execution
   \   0000001A   0x.... 0x....      BL       DCLoadCurrentMonitor__Execution
   \   0000001E   0x.... 0x....      BL       CommunicationMonitor__Execute
   \   00000022   0x.... 0x....      BL       SaltSensingMonitor__Execution
   \   00000026   0x.... 0x....      BL       VoltageRangeMonitor__Execution
    134          
    135                      SystemStable();
   \   0000002A   0x.... 0x....      BL       SystemStable
    136                      if (System_Stable == TRUE)
   \   0000002E   0x....             LDR      R0,??DataTable4
   \   00000030   0x7800             LDRB     R0,[R0, #+0]
   \   00000032   0x2801             CMP      R0,#+1
   \   00000034   0xD110             BNE      ??ApplianceMgr__Handler_1
    137                      {
    138                          CALL_PRE_MONITORS_STABLE();
    139                          if (Supervisor__IsTestCycleActive() == FALSE)
   \   00000036   0x.... 0x....      BL       Supervisor__IsTestCycleActive
   \   0000003A   0x2800             CMP      R0,#+0
   \   0000003C   0xD107             BNE      ??ApplianceMgr__Handler_2
    140                          {
    141                              for (uint8 compartment = 0; compartment < APPLIANCE_MAX_COMPARTMENTS; compartment++)
   \   0000003E   0x2000             MOVS     R0,#+0
   \                     ??ApplianceMgr__Handler_3: (+1)
   \   00000040   0x2800             CMP      R0,#+0
   \   00000042   0xD107             BNE      ??ApplianceMgr__Handler_4
    142                              {
    143                                  Supervisor__Run(compartment);
   \   00000044   0x2000             MOVS     R0,#+0
   \   00000046   0x.... 0x....      BL       Supervisor__Run
    144                              }
   \   0000004A   0x2001             MOVS     R0,#+1
   \   0000004C   0xE7F8             B        ??ApplianceMgr__Handler_3
    145                          }
    146                          else
    147                          {
    148                              // Run only compartment 0 while test cycle is active.
    149                              Supervisor__Run(0);
   \                     ??ApplianceMgr__Handler_2: (+1)
   \   0000004E   0x2000             MOVS     R0,#+0
   \   00000050   0x.... 0x....      BL       Supervisor__Run
    150                          }
    151                          CALL_POST_MONITORS_STABLE();
   \                     ??ApplianceMgr__Handler_4: (+1)
   \   00000054   0x.... 0x....      BL       OWIVoltageRegulatedOutput__Execution
    152                      }
    153                  #endif
    154          
    155                  CALL_POST_MONITORS();
   \                     ??ApplianceMgr__Handler_1: (+1)
   \   00000058   0x.... 0x....      BL       SupervisorExtMonitor__Execution
   \   0000005C   0x.... 0x....      BL       HotHighPotMonitor__Execution
   \   00000060   0x.... 0x....      BL       RinseAidMonitor__Execution
   \   00000064   0x.... 0x....      BL       OverfillMonitor__Execution
   \   00000068   0x.... 0x....      BL       OWIMonitor__Execution
   \   0000006C   0x.... 0x....      BL       ZeroCrossMonitor__Execution
   \   00000070   0x.... 0x....      BL       ThermistorFaultMonitor__Execution
   \   00000074   0x.... 0x....      BL       MoisturePreventionMonitor__Execution
   \   00000078   0x.... 0x....      BL       FillValveStuckOn__Execution
   \   0000007C   0x.... 0x....      BL       FlowMeterFaultMonitor__Execution
   \   00000080   0x.... 0x....      BL       TriacVoltageMonitor__Execution
   \   00000084   0x.... 0x....      BL       TriacCurrentMonitor__Execution
   \   00000088   0x.... 0x....      BL       WashHeaterFaultMonitor__Execution
   \   0000008C   0x.... 0x....      BL       PilotRelayFaultMonitor__Execution
   \   00000090   0x.... 0x....      BL       DiverterFaultMonitor__Execution
   \   00000094   0x.... 0x....      BL       AutostartFactoryCycle__Execution
   \   00000098   0x.... 0x....      BL       AirlockMonitor__Execution
   \   0000009C   0x.... 0x....      BL       PluggingMonitor__Execution
   \   000000A0   0x.... 0x....      BL       HeaterCalcificationDetectionMonitor__Execution
   \   000000A4   0x.... 0x....      BL       WashMotorFaultMonitor__Execution
   \   000000A8   0x.... 0x....      BL       DoorOpeningSystemMonitor__Execution
   \   000000AC   0x.... 0x....      BL       HeatMonitor__Execution
   \   000000B0   0x.... 0x....      BL       TriacShortedDrainFaultMonitor__Execution
   \   000000B4   0x.... 0x....      BL       DiverterLeakFaultMonitor__Execution
   \   000000B8   0x.... 0x....      BL       StabilityControlLoopMonitor__Execution
   \   000000BC   0x.... 0x....      BL       CartridgeDetectionMonitor__Execution
   \   000000C0   0x.... 0x....      BL       FaultStatusMonitor__Execution
    156          
    157                  #if (SYSTEM_ACU_EXPANSION_HANDLING == ENABLED)
    158                      ACUExpLoadMonitor__Execute();
    159                  #endif
    160          
    161                  #if (SYSTEM_ACU_HANDLING == ENABLED)
    162                      // Accept all regulations that should always be accepted but have not yet been accepted.
    163                      RegulationAccept__Background();
   \   000000C4   0x.... 0x....      BL       RegulationAccept__Background
    164                  #endif
    165          
    166                  #if (TIME_ESTIMATION_FEATURE == ENABLED)
    167                      Estimator__Background();
   \   000000C8   0x.... 0x....      BL       Estimator__Background
    168                  #endif
    169              }
    170          }
   \                     ??ApplianceMgr__Handler_0: (+1)
   \   000000CC   0xBD01             POP      {R0,PC}          ;; return
    171          
    172          #if (SYSTEM_ACU_HANDLING == ENABLED)
    173          //---------------------------------------------------------------------------------------------------------------------
    174          /**
    175           *  @brief      Public API to indicate if system inputs have settled and are ready to run cycles.
    176           *
    177           *  @retval     TRUE - System inputs are stable and ready for use.
    178           *  @retval     FALSE - System inputs are not ready for use.
    179           */

   \                                 In section .text, align 2, keep-with-next
    180          BOOL_TYPE ApplianceMgr__IsStable(void)
    181          {
    182              return(System_Stable);
   \                     ApplianceMgr__IsStable: (+1)
   \   00000000   0x....             LDR      R0,??DataTable4
   \   00000002   0x7800             LDRB     R0,[R0, #+0]
   \   00000004   0x4770             BX       LR               ;; return
    183          }
    184          
    185          //---------------------------------------------------------------------------------------------------------------------
    186          /**
    187           *  @brief      Initializes the stability status for the system.
    188           *
    189           *  @details    This information is initialized separately from the ApplianceMgr__Initialize() function because
    190           *              the system must be initialized as "not stable" before any module requests the status of the stability.
    191           *              This function must be called during the initialization of the communication thread to ensure that the
    192           *              system is initialized to "not stable", until it can be determined that it is stable.
    193           */

   \                                 In section .text, align 2, keep-with-next
    194          void ApplianceMgr__InitializeStable(void)
    195          {
    196              System_Stable = FALSE;
   \                     ApplianceMgr__InitializeStable: (+1)
   \   00000000   0x2000             MOVS     R0,#+0
   \   00000002   0x....             LDR      R1,??DataTable4
   \   00000004   0x7008             STRB     R0,[R1, #+0]
    197          }
   \   00000006   0x4770             BX       LR               ;; return
    198          #endif
    199          
    200          
    201          //=====================================================================================================================
    202          //-------------------------------------- Private Functions ------------------------------------------------------------
    203          //=====================================================================================================================
    204          #if (SYSTEM_ACU_HANDLING == ENABLED)
    205          //---------------------------------------------------------------------------------------------------------------------
    206          /**
    207           *  @brief      Indicates when system inputs have settled to a stable state using a configurable time and guard.
    208           *
    209           *  @details    Supervisor will start regardless of delay or guard after POWER_UP_STABILIZATION_TIME_MAX.
    210           *              An exception will be logged if POWER_UP_STABILIZATION_TIME_MAX reached.
    211           *
    212           *  @return     BOOL_TYPE system_stable
    213           *  @retval     TRUE - System inputs are stable and ready for use.
    214           *  @retval     FALSE - System inputs are not ready for use.
    215           */

   \                                 In section .text, align 2, keep-with-next
    216          static BOOL_TYPE SystemStable(void)
    217          {
   \                     SystemStable: (+1)
   \   00000000   0xB538             PUSH     {R3-R5,LR}
    218              if (Deciseconds_Since_Power_Up < POWER_UP_STABILIZATION_MAX_DECISECONDS)
   \   00000002   0x2596             MOVS     R5,#+150
   \   00000004   0x00AD             LSLS     R5,R5,#+2        ;; #+600
   \   00000006   0x....             LDR      R4,??DataTable4
   \   00000008   0x8860             LDRH     R0,[R4, #+2]
   \   0000000A   0x42A8             CMP      R0,R5
   \   0000000C   0xDA19             BGE      ??SystemStable_0
    219              {
    220                  if ((Millis__GetFreeRunningCounter() - Millisecond_Counter) >= 100)
   \   0000000E   0x.... 0x....      BL       Millis__GetFreeRunningCounter
   \   00000012   0x6861             LDR      R1,[R4, #+4]
   \   00000014   0x1A40             SUBS     R0,R0,R1
   \   00000016   0x2864             CMP      R0,#+100
   \   00000018   0xD30C             BCC      ??SystemStable_1
    221                  {
    222                      Millisecond_Counter += 100;
   \   0000001A   0x3164             ADDS     R1,R1,#+100
   \   0000001C   0x6061             STR      R1,[R4, #+4]
    223                      Deciseconds_Since_Power_Up++;
   \   0000001E   0x8863             LDRH     R3,[R4, #+2]
   \   00000020   0x1C5B             ADDS     R3,R3,#+1
   \   00000022   0x8063             STRH     R3,[R4, #+2]
    224                      if (Deciseconds_Since_Power_Up >= POWER_UP_STABILIZATION_MAX_DECISECONDS)
   \   00000024   0xB29B             UXTH     R3,R3
   \   00000026   0x42AB             CMP      R3,R5
   \   00000028   0xDB04             BLT      ??SystemStable_1
    225                      {
    226                          LOG_ADD_EXCEPTION(MAX_TIMEOUT_REACHED, Deciseconds_Since_Power_Up);
   \   0000002A   0x2201             MOVS     R2,#+1
   \   0000002C   0x4611             MOV      R1,R2
   \   0000002E   0x200D             MOVS     R0,#+13
   \   00000030   0x.... 0x....      BL       Log__AddMessage
    227                      }
    228                  }
    229          
    230                  if (POWER_UP_STABILIZATION_GUARD == TRUE)
    231                  {
    232                      if ((POWER_UP_STABILIZATION_DECISECONDS == 0) ||
    233                          (Deciseconds_Since_Power_Up >= POWER_UP_STABILIZATION_DECISECONDS))
   \                     ??SystemStable_1: (+1)
   \   00000034   0x8860             LDRH     R0,[R4, #+2]
   \   00000036   0x280A             CMP      R0,#+10
   \   00000038   0xDB05             BLT      ??SystemStable_2
    234                      {
    235                          Deciseconds_Since_Power_Up = POWER_UP_STABILIZATION_MAX_DECISECONDS;
   \   0000003A   0x8065             STRH     R5,[R4, #+2]
    236                          System_Stable = TRUE;
   \   0000003C   0x2001             MOVS     R0,#+1
   \   0000003E   0x7020             STRB     R0,[R4, #+0]
   \   00000040   0xE001             B        ??SystemStable_2
    237                      }
    238                  }
    239              }
    240              else
    241              {
    242                  System_Stable = TRUE;
   \                     ??SystemStable_0: (+1)
   \   00000042   0x2001             MOVS     R0,#+1
   \   00000044   0x7020             STRB     R0,[R4, #+0]
    243              }
    244          
    245              return (System_Stable);
   \                     ??SystemStable_2: (+1)
   \   00000046   0x7820             LDRB     R0,[R4, #+0]
   \   00000048   0xBD32             POP      {R1,R4,R5,PC}    ;; return
    246          }

   \                                 In section .text, align 4, keep-with-next
   \                     ??DataTable4:
   \   00000000   0x........         DC32     System_Stable
    247          #endif // (SYSTEM_ACU_HANDLING == ENABLED)

   Maximum stack usage in bytes:

   .cstack Function
   ------- --------
       8   ApplianceMgr__Handler
         8   -> AirlockMonitor__Execution
         8   -> AutostartFactoryCycle__Execution
         8   -> CartridgeDetectionMonitor__Execution
         8   -> CommunicationMonitor__Execute
         8   -> DCLoadCurrentMonitor__Execution
         8   -> DiverterFaultMonitor__Execution
         8   -> DiverterLeakFaultMonitor__Execution
         8   -> DoorMonitor__Execution
         8   -> DoorOpeningSystemMonitor__Execution
         8   -> Estimator__Background
         8   -> FaultStatusMonitor__Execution
         8   -> FillValveStuckOn__Execution
         8   -> FlowMeterFaultMonitor__Execution
         8   -> Hbl__FlushRequestBuffer
         8   -> HeatMonitor__Execution
         8   -> HeaterCalcificationDetectionMonitor__Execution
         8   -> HotHighPotMonitor__Execution
         8   -> LITTMonitor__Execution
         8   -> Mode__GetSubMode
         8   -> MoisturePreventionMonitor__Execution
         8   -> OWIMonitor__Execution
         8   -> OWIVoltageRegulatedOutput__Execution
         8   -> OverfillMonitor__Execution
         8   -> PORTimeMonitor__Execution
         8   -> PilotRelayFaultMonitor__Execution
         8   -> PluggingMonitor__Execution
         8   -> RegulationAccept__Background
         8   -> RinseAidMonitor__Execution
         8   -> SaltSensingMonitor__Execution
         8   -> StabilityControlLoopMonitor__Execution
         8   -> SupervisorExtMonitor__Execution
         8   -> Supervisor__IsTestCycleActive
         8   -> Supervisor__Run
         8   -> SystemStable
         8   -> ThermistorFaultMonitor__Execution
         8   -> TriacCurrentMonitor__Execution
         8   -> TriacShortedDrainFaultMonitor__Execution
         8   -> TriacVoltageMonitor__Execution
         8   -> VoltageRangeMonitor__Execution
         8   -> WashHeaterFaultMonitor__Execution
         8   -> WashMotorFaultMonitor__Execution
         8   -> ZeroCrossMonitor__Execution
       8   ApplianceMgr__Initialize
         8   -> AirlockMonitor__Initialize
         8   -> AutostartFactoryCycle__Initialize
         8   -> CartridgeDetectionMonitor__Initialize
         8   -> CommunicationMonitor__Initialize
         8   -> DCLoadCurrentMonitor__Initialize
         8   -> DiverterFaultMonitor__Initialize
         8   -> DiverterLeakFaultMonitor__Initialize
         8   -> DoorMonitor__Initialize
         8   -> DoorOpeningSystemMonitor__Initialize
         8   -> Estimator__Initialize
         8   -> FaultStatusMonitor__Initialize
         8   -> FillValveStuckOn__Initialize
         8   -> FlowMeterFaultMonitor__Initialize
         8   -> HeatMonitor__Initialize
         8   -> HeaterCalcificationDetectionMonitor__Initialize
         8   -> HotHighPotMonitor__Initialize
         8   -> LITTMonitor__Initialize
         8   -> Millis__GetFreeRunningCounter
         8   -> MoisturePreventionMonitor__Initialize
         8   -> OWIMonitor__Initialize
         8   -> OWIVoltageRegulatedOutput__Initialize
         8   -> OverfillMonitor__Initialize
         8   -> PORTimeMonitor__Initialize
         8   -> PilotRelayFaultMonitor__Initialize
         8   -> PluggingMonitor__Initialize
         8   -> RinseAidMonitor__Initialize
         8   -> SaltSensingMonitor__Initialize
         8   -> StabilityControlLoopMonitor__Initialize
         8   -> SupervisorExtMonitor__Initialize
         8   -> Supervisor__Initialize
         8   -> ThermistorFaultMonitor__Initialize
         8   -> TriacCurrentMonitor__Initialize
         8   -> TriacShortedDrainFaultMonitor__Initialize
         8   -> TriacVoltageMonitor__Initialize
         8   -> VoltageRangeMonitor__Initialize
         8   -> WashHeaterFaultMonitor__Initialize
         8   -> WashMotorFaultMonitor__Initialize
         8   -> ZeroCrossMonitor__Initialize
       0   ApplianceMgr__InitializeStable
       0   ApplianceMgr__IsStable
      16   SystemStable
        16   -> Log__AddMessage
        16   -> Millis__GetFreeRunningCounter


   Section sizes:

   Bytes  Function/Label
   -----  --------------
       4  ??DataTable4
     206  ApplianceMgr__Handler
     164  ApplianceMgr__Initialize
       8  ApplianceMgr__InitializeStable
       6  ApplianceMgr__IsStable
      74  SystemStable
       8  System_Stable
          Deciseconds_Since_Power_Up
          Millisecond_Counter

 
   8 bytes in section .bss
 462 bytes in section .text
 
 462 bytes of CODE memory
   8 bytes of DATA memory

Errors: none
Warnings: none
