###############################################################################
#
# IAR ANSI C/C++ Compiler V7.70.1.11437/W32 for ARM       28/Feb/2025  14:17:02
# Copyright 1999-2016 IAR Systems AB.
#
#    Cpu mode     =  thumb
#    Endian       =  little
#    Source file  =  
#        source/Category/Application/acu/Monitors/AutostartFactoryCycleMonitor/AutostartFactoryCycleMonitor.c
#    Command line =  
#        --cpu Cortex-M0+ -Om --debug -e --only_stdout --silent -D
#        ENABLE_JUMP_TO_APPLICATION_WITHOUT_IAP_FIRMWARE --no_wrap_diagnostics
#        -f config\tmp\include_path.lnt
#        (-I../Nucleus-Tools-SDK/embOS/arm/v4.26/source\
#        -I../Nucleus-Tools-SDK/iar/arm/v7.70/cx/inc\
#        -Isource/Category/Application/acu/CycleResume\
#        -Isource/Category/Application/acu/Monitors/AutostartFactoryCycleMonitor\
#        -Isource/Category/Application/acu/Monitors/CartridgeDetectionMonitor\
#        -Isource/Category/Application/acu/Monitors/DCLoadCurrentMonitor\
#        -Isource/Category/Application/acu/Monitors/DiverterFaultMonitor\
#        -Isource/Category/Application/acu/Monitors/DiverterLeakFaultMonitor\
#        -Isource/Category/Application/acu/Monitors/DoorMonitor\
#        -Isource/Category/Application/acu/Monitors/DoorOpeningSystemMonitor\
#        -Isource/Category/Application/acu/Monitors/FanMotorFaultMonitor\
#        -Isource/Category/Application/acu/Monitors/FaultStatusMonitor\
#        -Isource/Category/Application/acu/Monitors/FillValveStuckOn\
#        -Isource/Category/Application/acu/Monitors/FlowMeterFaultMonitor\
#        -Isource/Category/Application/acu/Monitors/HeatMonitor\
#        -Isource/Category/Application/acu/Monitors/HotHighPotMonitor\
#        -Isource/Category/Application/acu/Monitors/LITTFaultMonitor\
#        -Isource/Category/Application/acu/Monitors/LITTMonitor\
#        -Isource/Category/Application/acu/Monitors/McuGetDataMonitor\
#        -Isource/Category/Application/acu/Monitors/ModelMonitors/AirlockDetectionMonitor\
#        -Isource/Category/Application/acu/Monitors/ModelMonitors/AirlockDetectionMonitor/CodeGeneration\
#        -Isource/Category/Application/acu/Monitors/ModelMonitors/HeaterCalcificationDetectionModel\
#        -Isource/Category/Application/acu/Monitors/ModelMonitors/HeaterCalcificationDetectionModel/CodeGeneration\
#        -Isource/Category/Application/acu/Monitors/ModelMonitors/OWIVoltageRegulatedOutputModel\
#        -Isource/Category/Application/acu/Monitors/ModelMonitors/OWIVoltageRegulatedOutputModel/CodeGeneration\
#        -Isource/Category/Application/acu/Monitors/ModelMonitors/PluggingDetectionMonitor\
#        -Isource/Category/Application/acu/Monitors/ModelMonitors/PluggingDetectionMonitor/CodeGeneration\
#        -Isource/Category/Application/acu/Monitors/MoisturePreventionMonitor\
#        -Isource/Category/Application/acu/Monitors/OverfillMonitor\
#        -Isource/Category/Application/acu/Monitors/OWIMonitor\
#        -Isource/Category/Application/acu/Monitors/PilotRelayFaultMonitor\
#        -Isource/Category/Application/acu/Monitors/PilotRelayFaultMonitor/PilotRelayStuckClosedMonitor\
#        -Isource/Category/Application/acu/Monitors/PilotRelayFaultMonitor/PilotRelayStuckOpenMonitor\
#        -Isource/Category/Application/acu/Monitors/PORTimeMonitor\
#        -Isource/Category/Application/acu/Monitors/PumpFlushRequestMonitor\
#        -Isource/Category/Application/acu/Monitors/RinseAidMonitor\
#        -Isource/Category/Application/acu/Monitors/SaltSensingMonitor\
#        -Isource/Category/Application/acu/Monitors/StabilityControlLoopMonitor\
#        -Isource/Category/Application/acu/Monitors/StandbyManager\
#        -Isource/Category/Application/acu/Monitors/SupervisorExtMonitor\
#        -Isource/Category/Application/acu/Monitors/ThermistorFaultMonitor\
#        -Isource/Category/Application/acu/Monitors/ThermistorFaultMonitor/ThermistorOpenMonitor\
#        -Isource/Category/Application/acu/Monitors/ThermistorFaultMonitor/ThermistorShortedMonitor\
#        -Isource/Category/Application/acu/Monitors/TriacCurrentMonitor\
#        -Isource/Category/Application/acu/Monitors/TriacShortedDrainFaultMonitor\
#        -Isource/Category/Application/acu/Monitors/TriacVoltageMonitor\
#        -Isource/Category/Application/acu/Monitors/VoltageRangeMonitor\
#        -Isource/Category/Application/acu/Monitors/VSDrainMotorFaultMonitor\
#        -Isource/Category/Application/acu/Monitors/VwiMonitor\
#        -Isource/Category/Application/acu/Monitors/VwiZoneCompensationMonitor\
#        -Isource/Category/Application/acu/Monitors/WashHeaterFaultMonitor\
#        -Isource/Category/Application/acu/Monitors/WashHeaterFaultMonitor/HeaterLeakageToNeutralMonitor\
#        -Isource/Category/Application/acu/Monitors/WashHeaterFaultMonitor/HeaterLineRelayOpenMonitor\
#        -Isource/Category/Application/acu/Monitors/WashHeaterFaultMonitor/HeaterNeutralRelayOpenMonitor\
#        -Isource/Category/Application/acu/Monitors/WashHeaterFaultMonitor/HeaterOpenAndLineRelayClosedMonitor\
#        -Isource/Category/Application/acu/Monitors/WashHeaterFaultMonitor/HeaterOpenMonitor\
#        -Isource/Category/Application/acu/Monitors/WashMotorFaultMonitor\
#        -Isource/Category/Application/acu/Monitors/ZeroCrossMonitor\
#        -Isource/Category/Application/acu/Processes/AlternateCtrl\
#        -Isource/Category/Application/acu/Processes/Fill\
#        -Isource/Category/Application/acu/Processes/Fill/ClassAFill\
#        -Isource/Category/Application/acu/Processes/Fill/Fill\
#        -Isource/Category/Application/acu/Processes/Fill/TankDrain\
#        -Isource/Category/Application/acu/Processes/Fill/TankFill\
#        -Isource/Category/Application/acu/Processes/Heat\
#        -Isource/Category/Application/acu/Processes/ModelProcesses/OWICalibrationModel\
#        -Isource/Category/Application/acu/Processes/ModelProcesses/OWICalibrationModel/CodeGeneration\
#        -Isource/Category/Application/acu/Processes/ModelProcesses/PartialDrainModel\
#        -Isource/Category/Application/acu/Processes/ModelProcesses/PartialDrainModel/CodeGeneration\
#        -Isource/Category/Application/acu/Processes/ModelProcesses/SensedDrainModel\
#        -Isource/Category/Application/acu/Processes/ModelProcesses/SensedDrainModel/CodeGeneration\
#        -Isource/Category/Application/acu/Processes/OWI\
#        -Isource/Category/Application/acu/Processes/OWI_VRO\
#        -Isource/Category/Application/acu/Processes/OWIOneShot\
#        -Isource/Category/Application/acu/Processes/PumpControl\
#        -Isource/Category/Application/acu/Processes/Regenerate\
#        -Isource/Category/Application/acu/Processes/RinseAidDispense\
#        -Isource/Category/Application/acu/Processes/RinseAidDispense/RinseAid\
#        -Isource/Category/Application/acu/Processes/RinseAidDispense/TridgeDetergent\
#        -Isource/Category/Application/acu/Tasks/DoorOpeningSystemPull\
#        -Isource/Category/Application/acu/Tasks/DoorOpeningSystemPush\
#        -Isource/Category/Application/acu/Tasks/HeaterShadowing\
#        -Isource/Category/Application/acu/Tasks/MoisturePrevention\
#        -Isource/Category/Application/acu/Tasks/OWIContinousReading\
#        -Isource/Category/Application/acu/Tasks/OwiVroContinuousReading\
#        -Isource/Category/Application/acu/Tasks/Sanitization\
#        -Isource/Category/Application/acu/Tasks/StabilityControl\
#        -Isource/Category/Application/acu/Tasks/TimeElapse\
#        -Isource/Category/Application/acu/VWI\
#        -Isource/Category/Application/all/ActivePower\
#        -Isource/Category/Application/all/API007App\
#        -Isource/Category/Application/all/Config\
#        -Isource/Category/Common/acu/CommonDish/DishAuxVar\
#        -Isource/Category/Common/acu/CommonDish/PumpCommand\
#        -Isource/Category/Common/acu/CommonDish/StatisticsDish\
#        -Isource/Category/Common/all/BoardDebugging\
#        -Isource/Category/Common/all/Config\
#        -Isource/Category/Common/all/MasterCommander\
#        -Isource/Category/Common/all/MasterCommander/Source\
#        -Isource/Category/Common/all/MasterCommander/Source/HAL\
#        -Isource/Category/Common/all/SharedUtils\
#        -Isource/Category/Hbl/acu/ACULoadHandler/AlternateLoad\
#        -Isource/Category/Hbl/acuexpacu/ACUGIHandler/WaterCounterGI\
#        -Isource/Category/Hbl/acuexpacu/ACULoadHandler/HeaterLoad\
#        -Isource/Category/Hbl/acuexpacu/ACULoadHandler/TriacMci\
#        -Isource/Category/Hbl/all/Config\ -Isource/Category/Hbl/all/Mci\
#        -Isource/Category/Hbl/all/Mci/MciZeroCross\
#        -Isource/Category/Hbl/all/Mci/Slfac\
#        -Isource/Category/Hbl/all/Mci/Slfac/Macroblocks\
#        -Isource/Category/Hbl/all/Mci/Slfac/Microblocks/GlitchFilter\
#        -Isource/Category/Hbl/all/Mci/Slfac/Microblocks/IIRFilter\
#        -Isource/Category/Hbl/all/Mci/Slfac/Microblocks/MathCalc\
#        -Isource/Category/Hbl/all/Mci/Slfac/Microblocks/PeakDetector\
#        -Isource/Category/Hbl/all/Mci/Slfac/Microblocks/Pi\
#        -Isource/Category/Hbl/all/MCUDrivers/TimeCapture\
#        -Isource/Category/Hbl/all/MCUDrivers/TimerInterruptExt\
#        -Isource/Micros/STM32G0x/Driver/Atod\
#        -Isource/Micros/STM32G0x/Driver/DataFlash\
#        -Isource/Micros/STM32G0x/Driver/Dma\
#        -Isource/Micros/STM32G0x/Driver/Dtoa\
#        -Isource/Micros/STM32G0x/Driver/ExtInterrupt\
#        -Isource/Micros/STM32G0x/Driver/Flash\
#        -Isource/Micros/STM32G0x/Driver/Gpio\
#        -Isource/Micros/STM32G0x/Driver/I2c\
#        -Isource/Micros/STM32G0x/Driver/IntMgr\
#        -Isource/Micros/STM32G0x/Driver/Micro\
#        -Isource/Micros/STM32G0x/Driver/MicroExt\
#        -Isource/Micros/STM32G0x/Driver/Rtc\
#        -Isource/Micros/STM32G0x/Driver/RTCDriver\
#        -Isource/Micros/STM32G0x/Driver/Spi\
#        -Isource/Micros/STM32G0x/Driver/Timeout\
#        -Isource/Micros/STM32G0x/Driver/Timer\
#        -Isource/Micros/STM32G0x/Driver/TimerInterrupt\
#        -Isource/Micros/STM32G0x/Driver/Uart\
#        -Isource/ProjectSpecific/Application/acu/Config\
#        -Isource/ProjectSpecific/Application/acu/LowPower\
#        -Isource/ProjectSpecific/Application/acuexpacu/Config\
#        -Isource/ProjectSpecific/Application/all/Config\
#        -Isource/ProjectSpecific/Application/all/MCUDebug\
#        -Isource/ProjectSpecific/Application/all/ProductInfo\
#        -Isource/ProjectSpecific/Common/acu/Config\
#        -Isource/ProjectSpecific/Common/all/Config\
#        -Isource/ProjectSpecific/Common/all/Debug\
#        -Isource/ProjectSpecific/Common/all/SRConfig\
#        -Isource/ProjectSpecific/Driver/STM32G0x\
#        -Isource/ProjectSpecific/Hbl/acuexpacu/Config\
#        -Isource/ProjectSpecific/Hbl/acuexpacu/SRConfig\
#        -Isource/ProjectSpecific/Hbl/all/Config\
#        -Isource/ProjectSpecific/Hbl/all/Config/Mci\
#        -Isource/ProjectSpecific/Hbl/all/Config/Mci/MasterCommander\
#        -Isource/ProjectSpecific/Hbl/all/Config/Mci/MCUDrivers\
#        -Isource/ProjectSpecific/Hbl/all/SRConfig\
#        -Isource/XCategory/Application/acu/API221MotionCtrl\
#        -Isource/XCategory/Application/acu/Calibration\
#        -Isource/XCategory/Application/acu/Condition\
#        -Isource/XCategory/Application/acu/Estimator\
#        -Isource/XCategory/Application/acu/Interpreter\
#        -Isource/XCategory/Application/acu/Processes/ActivateTask\
#        -Isource/XCategory/Application/acu/Processes/JumpIf\
#        -Isource/XCategory/Application/acu/Processes/LoadsControl\
#        -Isource/XCategory/Application/acu/Processes/Maintain\
#        -Isource/XCategory/Application/acu/Processes/SetVariable\
#        -Isource/XCategory/Application/acu/RegulationAccept\
#        -Isource/XCategory/Application/acu/Selector\
#        -Isource/XCategory/Application/acu/SubCycle\
#        -Isource/XCategory/Application/acu/Supervisor\
#        -Isource/XCategory/Application/acu/TestMgr\
#        -Isource/XCategory/Application/acuexpacu/ApplianceMgr\
#        -Isource/XCategory/Application/acuhmi/CommunicationMonitor\
#        -Isource/XCategory/Application/acuhmi/Modifier\
#        -Isource/XCategory/Application/acuhmi/Regulations\
#        -Isource/XCategory/Application/acuhmi/Status\
#        -Isource/XCategory/Application/all/API007Data\
#        -Isource/XCategory/Application/all/API011AppCtr\
#        -Isource/XCategory/Application/all/API012Exp\
#        -Isource/XCategory/Application/all/API013RemoteFunction\
#        -Isource/XCategory/Application/all/API018Diagnostic\
#        -Isource/XCategory/Application/all/API220MotorControl\
#        -Isource/XCategory/Application/all/API220MotorControl/Api\
#        -Isource/XCategory/Application/all/Mode\
#        -Isource/XCategory/Application/all/Reveal_Basic/API003Disc\
#        -Isource/XCategory/Application/all/Reveal_Basic/API004Debug\
#        -Isource/XCategory/Application/all/Reveal_Basic/API004Debug/SW05SoftwareTest\
#        -Isource/XCategory/Application/all/Reveal_Basic/API005LowLevel\
#        -Isource/XCategory/Application/all/Reveal_Basic/API009System\
#        -Isource/XCategory/Application/all/Reveal_Basic/API010PollVar\
#        -Isource/XCategory/Application/all/Reveal_Basic/API019ProductInfo\
#        -Isource/XCategory/Application/all/SFUpdater\
#        -Isource/XCategory/Application/all/SRAPI020Safety\
#        -Isource/XCategory/Application/all/StatusLed\
#        -Isource/XCategory/Common/acu/BrownOut\
#        -Isource/XCategory/Common/acu/Fault\
#        -Isource/XCategory/Common/acu/Statistics\
#        -Isource/XCategory/Common/all/Common/Callback\
#        -Isource/XCategory/Common/all/Common/Convert\
#        -Isource/XCategory/Common/all/Common/Crc16\
#        -Isource/XCategory/Common/all/Common/Crc32\
#        -Isource/XCategory/Common/all/Common/Crc8\
#        -Isource/XCategory/Common/all/Common/Equation\
#        -Isource/XCategory/Common/all/Common/Filter\
#        -Isource/XCategory/Common/all/Common/FITMgr\
#        -Isource/XCategory/Common/all/Common/I2cMgr\
#        -Isource/XCategory/Common/all/Common/IAPEmul\
#        -Isource/XCategory/Common/all/Common/Log\
#        -Isource/XCategory/Common/all/Common/Millis\
#        -Isource/XCategory/Common/all/Common/SeggerRTT\
#        -Isource/XCategory/Common/all/Common/SeggerRTT/SEGGER_RTT/Config\
#        -Isource/XCategory/Common/all/Common/SeggerRTT/SEGGER_RTT/RTT\
#        -Isource/XCategory/Common/all/Common/SettingFile\
#        -Isource/XCategory/Common/all/Common/SFVersionCheck\
#        -Isource/XCategory/Common/all/Common/SystemConfig\
#        -Isource/XCategory/Common/all/Common/SystemTimers\
#        -Isource/XCategory/Common/all/Common/Utilities\
#        -Isource/XCategory/Common/all/Common/Variable\
#        -Isource/XCategory/Common/all/SRCommon/SRClockMonitor\
#        -Isource/XCategory/Common/all/SRCommon/SRData\
#        -Isource/XCategory/Common/all/SRCommon/SRException\
#        -Isource/XCategory/Common/all/SRCommon/SRIsrMonitor\
#        -Isource/XCategory/Common/all/SRCommon/SRPowerMgr\
#        -Isource/XCategory/Common/all/SRCommon/SRSignature\
#        -Isource/XCategory/Common/all/SRCommon/SRSystemConfig\
#        -Isource/XCategory/Common/all/SRCommon/SRTaskMonitor\
#        -Isource/XCategory/Common/all/SRCommon/SRTaskSequence\
#        -Isource/XCategory/Common/all/SRCommon/SRTimerReference\
#        -Isource/XCategory/Common/all/SRCommon/SRUnusedPinsConfig\
#        -Isource/XCategory/Common/all/SRMain\
#        -Isource/XCategory/Common/all/SRMain/BackgroundThreads\
#        -Isource/XCategory/Common/all/SRMain/OsServices\
#        -Isource/XCategory/Common/all/SRMain/StackAnalysis\
#        -Isource/XCategory/Common/all/SRMain/TimingAnalysis\
#        -Isource/XCategory/Driver/APIs/Atod\
#        -Isource/XCategory/Driver/APIs/Comparator\
#        -Isource/XCategory/Driver/APIs/DataFlash\
#        -Isource/XCategory/Driver/APIs/Dma\
#        -Isource/XCategory/Driver/APIs/Dtc\
#        -Isource/XCategory/Driver/APIs/Dtoa\
#        -Isource/XCategory/Driver/APIs/EmbOS\
#        -Isource/XCategory/Driver/APIs/ExtInterrupt\
#        -Isource/XCategory/Driver/APIs/Flash\
#        -Isource/XCategory/Driver/APIs/Gpio\
#        -Isource/XCategory/Driver/APIs/I2c\
#        -Isource/XCategory/Driver/APIs/IntMgr\
#        -Isource/XCategory/Driver/APIs/Micro\
#        -Isource/XCategory/Driver/APIs/MicroExt\
#        -Isource/XCategory/Driver/APIs/Rtc\
#        -Isource/XCategory/Driver/APIs/RTCDriver\
#        -Isource/XCategory/Driver/APIs/Spi\
#        -Isource/XCategory/Driver/APIs/Timeout\
#        -Isource/XCategory/Driver/APIs/Timer\
#        -Isource/XCategory/Driver/APIs/TimerInterrupt\
#        -Isource/XCategory/Driver/APIs/Touch\
#        -Isource/XCategory/Driver/APIs/Uart\
#        -Isource/XCategory/Hbl/acu/FdmCounter\
#        -Isource/XCategory/Hbl/acu/FdmTimer\
#        -Isource/XCategory/Hbl/acuexpacu/ACUGIHandler/ConvertGI\
#        -Isource/XCategory/Hbl/acuexpacu/ACUGIHandler/DirectGI\
#        -Isource/XCategory/Hbl/acuexpacu/ACUGIHandler/DoorSwitchGI\
#        -Isource/XCategory/Hbl/acuexpacu/ACUGIHandler/ProbeGI\
#        -Isource/XCategory/Hbl/acuexpacu/ACUGIHandler/ProbeLpsGI\
#        -Isource/XCategory/Hbl/acuexpacu/ACULoadHandler/DCFanLoad\
#        -Isource/XCategory/Hbl/acuexpacu/ACUPilotHandler/AnalogOutputPilot\
#        -Isource/XCategory/Hbl/acuexpacu/ACUPilotHandler/ChargePumpPilot\
#        -Isource/XCategory/Hbl/acuexpacu/ACUPilotHandler/DigitalOutputMultiPilot\
#        -Isource/XCategory/Hbl/acuexpacu/ACUPilotHandler/DigitalOutputPilot\
#        -Isource/XCategory/Hbl/acuexpacu/ACUPilotHandler/DoorLockEMPilot\
#        -Isource/XCategory/Hbl/acuexpacu/ACUPilotHandler/DoorLockWaxPilot\
#        -Isource/XCategory/Hbl/acuexpacu/ACUPilotHandler/ExpansionPilot\
#        -Isource/XCategory/Hbl/acuexpacu/ACUPilotHandler/ExternalMotorPilot\
#        -Isource/XCategory/Hbl/acuexpacu/ACUPilotHandler/FSMPilot\
#        -Isource/XCategory/Hbl/acuexpacu/ACUPilotHandler/MagnetronPilot\
#        -Isource/XCategory/Hbl/acuexpacu/ACUPilotHandler/MotorPilot\
#        -Isource/XCategory/Hbl/acuexpacu/ACUPilotHandler/MultiDriverPilot\
#        -Isource/XCategory/Hbl/acuexpacu/ACUPilotHandler/MultiSequencePilot\
#        -Isource/XCategory/Hbl/acuexpacu/ACUPilotHandler/NonfunctionalPilot\
#        -Isource/XCategory/Hbl/acuexpacu/ACUPilotHandler/PwmHiResPilot\
#        -Isource/XCategory/Hbl/acuexpacu/ACUPilotHandler/PwmPilot\
#        -Isource/XCategory/Hbl/acuexpacu/ACUPilotHandler/SRChargePumpPilot\
#        -Isource/XCategory/Hbl/acuexpacu/ACUPilotHandler/SRDigitalOutputMultiPilot\
#        -Isource/XCategory/Hbl/acuexpacu/ACUPilotHandler/SRDigitalOutputPilot\
#        -Isource/XCategory/Hbl/acuexpacu/ACUPilotHandler/SRDoorLockEMPilot\
#        -Isource/XCategory/Hbl/acuexpacu/ACUPilotHandler/SRDoorLockWaxPilot\
#        -Isource/XCategory/Hbl/acuexpacu/ACUPilotHandler/SRUMRelayPilot\
#        -Isource/XCategory/Hbl/acuexpacu/ACUPilotHandler/SteadyPwmProfilePilot\
#        -Isource/XCategory/Hbl/acuexpacu/ACUPilotHandler/StepperPilot\
#        -Isource/XCategory/Hbl/acuexpacu/ACUPilotHandler/TriacSwitchPilot\
#        -Isource/XCategory/Hbl/acuexpacu/ACUPilotHandler/ZCRelayPilot\
#        -Isource/XCategory/Hbl/acuexpacu/ACUPilotHandler/ZCTriacPilot\
#        -Isource/XCategory/Hbl/acuexpacu/HblAcu\
#        -Isource/XCategory/Hbl/acuexpacu/HblAcu/CrossLoads\
#        -Isource/XCategory/Hbl/acuexpacu/HblAcu/SetLoadQueue\
#        -Isource/XCategory/Hbl/acuexpacu/HblAcu/SRProductMgr\
#        -Isource/XCategory/Hbl/acuexpacu/HblAcu/ZeroCross\
#        -Isource/XCategory/Hbl/all/Hbl\
#        -Isource/XCategory/Hbl/all/Hbl/DefaultPin\
#        -Isource/XCategory/Hbl/all/Hbl/HblCommon\
#        -Isource/XCategory/Hbl/all/Hbl/VirtualPin\
#        -Isource/XCategory/Hbl/all/LLIHandler/AbsoluteHumidityLLI\
#        -Isource/XCategory/Hbl/all/LLIHandler/AccelerometerLLI\
#        -Isource/XCategory/Hbl/all/LLIHandler/AccelerometerLLI/AccelBaseline\
#        -Isource/XCategory/Hbl/all/LLIHandler/AccelerometerLLI/AccelDiscover\
#        -Isource/XCategory/Hbl/all/LLIHandler/AccelerometerLLI/FXLS8974\
#        -Isource/XCategory/Hbl/all/LLIHandler/AccelerometerLLI/FXLS8974/SelfTestFXLS8974\
#        -Isource/XCategory/Hbl/all/LLIHandler/AccelerometerLLI/LISxDH\
#        -Isource/XCategory/Hbl/all/LLIHandler/AnalogLLI\
#        -Isource/XCategory/Hbl/all/LLIHandler/ConductivityLLI\
#        -Isource/XCategory/Hbl/all/LLIHandler/DigitalLLI\
#        -Isource/XCategory/Hbl/all/LLIHandler/EncoderLLI\
#        -Isource/XCategory/Hbl/all/LLIHandler/ExpansionLLI\
#        -Isource/XCategory/Hbl/all/LLIHandler/FeedbackLLI\
#        -Isource/XCategory/Hbl/all/LLIHandler/I2CInfraredLLI\
#        -Isource/XCategory/Hbl/all/LLIHandler/I2CPressureSensorLLI\
#        -Isource/XCategory/Hbl/all/LLIHandler/I2CRHTSensorLLI\
#        -Isource/XCategory/Hbl/all/LLIHandler/InputCaptureLLI\
#        -Isource/XCategory/Hbl/all/LLIHandler/MultiInputLLI\
#        -Isource/XCategory/Hbl/all/LLIHandler/NonfunctionalLLI\
#        -Isource/XCategory/Hbl/all/LLIHandler/PulseCounterLLI\
#        -Isource/XCategory/Hbl/all/LLIHandler/SRAnalogLLI\
#        -Isource/XCategory/Hbl/all/LLIHandler/SRDigitalLLI\
#        -Isource/XCategory/Hbl/all/LLIHandler/SRFeedbackLLI\
#        -Isource/XCategory/Hbl/all/LLIHandler/SRI2CPressureSensorLLI\
#        -Isource/XCategory/Hbl/all/LLIHandler/SRICTachometerLLI\
#        -Isource/XCategory/Hbl/all/LLIHandler/SRInputCaptureLLI\
#        -Isource/XCategory/Hbl/all/LLIHandler/SRTouchKeyLLI\
#        -Isource/XCategory/Hbl/all/LLIHandler/SRTriacFeedbackLLI\
#        -Isource/XCategory/Hbl/all/LLIHandler/TouchKeyLLI\
#        -Isource/XCategory/Hbl/all/LLIHandler/TouchSliderLLI\
#        -Isource/XCategory/Hbl/all/LLIHandler/TouchWheelLLI\
#        -Isource/XCategory/Hbl/all/LLIHandler/TriacFeedbackLLI\
#        -Isource/XCategory/Hbl/all/LLIHandler/VirtualDigitalLLI\
#        -Isource/XCategory/Service/all/NVData\
#        -Isource/XCategory/Service/all/Reveal\
#        -Isource/XCategory/Service/all/Win\) -l
#        listings\AutostartFactoryCycleMonitor.lst -o
#        obj\AutostartFactoryCycleMonitor.obj
#        source/Category/Application/acu/Monitors/AutostartFactoryCycleMonitor/AutostartFactoryCycleMonitor.c
#    Locale       =  English_United States.1252
#    List file    =  listings\AutostartFactoryCycleMonitor.lst
#    Object file  =  obj\AutostartFactoryCycleMonitor.obj
#
###############################################################################

C:\Data\Nucleus_Dev\Vostok_ACU_A\source\Category\Application\acu\Monitors\AutostartFactoryCycleMonitor\AutostartFactoryCycleMonitor.c
      1          /**
      2           *  @file       
      3           *
      4           *  @brief      Basic description of file contents
      5           *
      6           *  @details    Detailed description of the file contents
      7           *
      8           *  @section    Applicable_Documents
      9           *					List here all the applicable documents if needed. <tr>	
     10           *
     11           *  $Header: $
     12           *
     13           *  @copyright  Copyright 2017-$Date$. Whirlpool Corporation. All rights reserved - CONFIDENTIAL
     14           */
     15          //---------------------------------------------------------------------------------------------------------------------
     16          //---------------------------------------------------------------------------------------------------------------------
     17          
     18          
     19          //-------------------------------------- Include Files ----------------------------------------------------------------
     20          #include "AutostartFactoryCycleMonitor.h"
     21          
     22          #include "C_Extensions.h"
     23          #include "DishAuxVar.h"
     24          #include "HotHighPotMonitor.h"
     25          #include "Interpreter.h"
     26          #include "Log.h"
     27          #include "Micro.h"
     28          #include "NVData.h"
     29          #include "SettingFile.h"
     30          #include "Supervisor.h"
     31          #include "SystemTimers.h"
     32          //-------------------------------------- PUBLIC (Variables) -----------------------------------------------------------

   \                                 In section .bss, align 4
     33          static SYSTEMTIMER_NV_TIMER_TYPE First_Reset_Timer_Handle;
     34          static BOOL_TYPE Autostarted;
   \                     Autostarted:
   \   00000000                      DS8 1
   \   00000001                      DS8 1
   \   00000002                      DS8 1
   \   00000003                      DS8 1
   \   00000004                      DS8 20
     35          static uint8 AFC_Autostart_Factory_Cycle_Procedure;
     36          static BOOL_TYPE EoL_Cycle_Running;
     37          
     38          #pragma location = "_appliance_segment"

   \                                 In section _appliance_segment, align 1
     39          static uint8 AFC_Num_Reset;
   \                     AFC_Num_Reset:
   \   00000000                      DS8 1
   \   00000001                      DS8 1
     40          #pragma location = "_appliance_segment"
     41          static BOOL_TYPE AFC_AutoStart_Factory_Cycle_Enable;
     42          //-------------------------------------- PRIVATE (Variables, Constants & Defines) -------------------------------------
     43          //! The name of this module for use by the Log module.
     44          #define MODULE_NAME MODULE_AUTOSTARTFACTORYCYCLE_MONITOR
     45          
     46          //! A list of log message IDs that are generated by this module.
     47          typedef enum MODULE_AUTOSTARTFACTORYCYCLE_MONITOR_LOG_MESSAGE_ID_ENUM
     48          {
     49          	ERROR_LOADING_PARAMETERS       = 1,
     50          	ERROR_READING_SELECTOR_DATA    = 2,
     51          } MODULE_AUTOSTARTFACTORYCYCLE_MONITOR_LOG_MESSAGE_ID_TYPE;
     52          
     53          //-------------------------------------- PRIVATE (Function Prototypes) ------------------------------------------------
     54          
     55          
     56          //=====================================================================================================================
     57          //-------------------------------------- Public Functions -------------------------------------------------------------
     58          //=====================================================================================================================
     59          
     60          //---------------------------------------------------------------------------------------------------------------------
     61          /**
     62           *  @brief      It Initializes the module HotHighPotMonitor and its variables
     63           *
     64           */

   \                                 In section .text, align 2, keep-with-next
     65          void AutostartFactoryCycle__Initialize(void)
     66          {
   \                     AutostartFactoryCycle__Initialize: (+1)
   \   00000000   0xB530             PUSH     {R4,R5,LR}
   \   00000002   0xB083             SUB      SP,SP,#+12
     67          	SETTINGFILE_LOADER_TYPE loader;
     68          
     69          	if (Micro__GetResetMode() == MICRO_RESET_MODE_COLD)
   \   00000004   0x....             LDR      R4,??DataTable3
   \   00000006   0x.... 0x....      BL       Micro__GetResetMode
   \   0000000A   0x2800             CMP      R0,#+0
   \   0000000C   0xD13E             BNE      ??AutostartFactoryCycle__Initialize_0
     70          	{
     71          		if (NVData__GetLastRestoreStatus()->Bit.Appliance_Data_Recovered != (NVDATA_RESTORE_TYPE)NVDATA_RESTORE_OKAY)
   \   0000000E   0x.... 0x....      BL       NVData__GetLastRestoreStatus
   \   00000012   0x....             LDR      R5,??DataTable3_1
   \   00000014   0x7800             LDRB     R0,[R0, #+0]
   \   00000016   0x0780             LSLS     R0,R0,#+30
   \   00000018   0x0F80             LSRS     R0,R0,#+30
   \   0000001A   0x2801             CMP      R0,#+1
   \   0000001C   0xD004             BEQ      ??AutostartFactoryCycle__Initialize_1
     72          		{
     73          			AFC_Num_Reset = 0;
   \   0000001E   0x2000             MOVS     R0,#+0
   \   00000020   0x0001             MOVS     R1,R0
   \   00000022   0x7029             STRB     R1,[R5, #+0]
     74          			AFC_Autostart_Factory_Cycle_Procedure = 0U;
   \   00000024   0x7061             STRB     R1,[R4, #+1]
     75          			AFC_AutoStart_Factory_Cycle_Enable = FALSE;
   \   00000026   0x7068             STRB     R0,[R5, #+1]
     76          		}
     77          
     78          		DishAuxVar__SetDoFactoryCycle(FALSE);
   \                     ??AutostartFactoryCycle__Initialize_1: (+1)
   \   00000028   0x2000             MOVS     R0,#+0
   \   0000002A   0x.... 0x....      BL       DishAuxVar__SetDoFactoryCycle
     79          
     80          		// Get the HotHighPotMonitor parameters from the setting file.
     81          		if (SettingFile__BasicLoader(SF_PTR_ACU_PRODUCT_CONFIGURATION_DATA,
     82          									 DSPL_HOTHIGHPOT_PARAMS,
     83          									&loader) == FAIL)
   \   0000002E   0x466A             MOV      R2,SP
   \   00000030   0x2103             MOVS     R1,#+3
   \   00000032   0x2004             MOVS     R0,#+4
   \   00000034   0x.... 0x....      BL       SettingFile__BasicLoader
   \   00000038   0x2800             CMP      R0,#+0
   \   0000003A   0xD106             BNE      ??AutostartFactoryCycle__Initialize_2
     84          		{
     85          			LOG_ADD_EXCEPTION(ERROR_LOADING_PARAMETERS, 0);
   \   0000003C   0x2300             MOVS     R3,#+0
   \   0000003E   0x2201             MOVS     R2,#+1
   \   00000040   0x4611             MOV      R1,R2
   \   00000042   0x200E             MOVS     R0,#+14
   \   00000044   0x.... 0x....      BL       Log__AddMessage
   \   00000048   0xE005             B        ??AutostartFactoryCycle__Initialize_3
     86          		}
     87          		else
     88          		{
     89          			// Read the setting file data into local variables for convenience.
     90          			AFC_Autostart_Factory_Cycle_Procedure = (uint8)(((HOTHIGHPOT_MONITOR_INSTANCE_TYPE *)(void*)loader.Data)->Autostart_Factory_Cycle_Procedure);
   \                     ??AutostartFactoryCycle__Initialize_2: (+1)
   \   0000004A   0x9800             LDR      R0,[SP, #+0]
   \   0000004C   0x7880             LDRB     R0,[R0, #+2]
   \   0000004E   0x0001             MOVS     R1,R0
   \   00000050   0x07C9             LSLS     R1,R1,#+31
   \   00000052   0x0FC9             LSRS     R1,R1,#+31
   \   00000054   0x7061             STRB     R1,[R4, #+1]
     91          		}
     92          
     93          		if (AFC_Autostart_Factory_Cycle_Procedure == (uint8)TRUE)
   \                     ??AutostartFactoryCycle__Initialize_3: (+1)
   \   00000056   0x7860             LDRB     R0,[R4, #+1]
   \   00000058   0x2801             CMP      R0,#+1
   \   0000005A   0xD117             BNE      ??AutostartFactoryCycle__Initialize_0
     94          		{
     95          			if (AFC_Num_Reset == (uint8)0)
   \   0000005C   0x7828             LDRB     R0,[R5, #+0]
   \   0000005E   0x0001             MOVS     R1,R0
   \   00000060   0xD107             BNE      ??AutostartFactoryCycle__Initialize_4
     96          			{
     97          				AFC_AutoStart_Factory_Cycle_Enable = TRUE;
   \   00000062   0x2001             MOVS     R0,#+1
   \   00000064   0x7068             STRB     R0,[R5, #+1]
     98          			    (void)SystemTimers__NVSetTimerMS(&First_Reset_Timer_Handle, 30000, SYSTEMTIMERS_TYPE_DOWN_COUNTER);
   \   00000066   0x2200             MOVS     R2,#+0
   \   00000068   0x....             LDR      R1,??DataTable3_2  ;; 0x7530
   \   0000006A   0x1D20             ADDS     R0,R4,#+4
   \   0000006C   0x.... 0x....      BL       SystemTimers__NVSetTimerMS
   \   00000070   0xE007             B        ??AutostartFactoryCycle__Initialize_5
     99          			}
    100          			else if ((AFC_Num_Reset >= (uint8)1) && (AFC_Num_Reset <= (uint8)4))
   \                     ??AutostartFactoryCycle__Initialize_4: (+1)
   \   00000072   0xD006             BEQ      ??AutostartFactoryCycle__Initialize_5
   \   00000074   0x2805             CMP      R0,#+5
   \   00000076   0xDA04             BGE      ??AutostartFactoryCycle__Initialize_5
    101          			{
    102          				(void)SystemTimers__NVSetTimerMS(&First_Reset_Timer_Handle, 30000, SYSTEMTIMERS_TYPE_DOWN_COUNTER);
   \   00000078   0x2200             MOVS     R2,#+0
   \   0000007A   0x....             LDR      R1,??DataTable3_2  ;; 0x7530
   \   0000007C   0x1D20             ADDS     R0,R4,#+4
   \   0000007E   0x.... 0x....      BL       SystemTimers__NVSetTimerMS
    103          			}
    104          			else
    105          			{
    106          				//do nothing
    107          			}
    108          
    109          
    110          			if (AFC_Num_Reset <= (uint8)5)
   \                     ??AutostartFactoryCycle__Initialize_5: (+1)
   \   00000082   0x7828             LDRB     R0,[R5, #+0]
   \   00000084   0x2806             CMP      R0,#+6
   \   00000086   0xDA01             BGE      ??AutostartFactoryCycle__Initialize_0
    111          			{
    112          				AFC_Num_Reset++;
   \   00000088   0x1C40             ADDS     R0,R0,#+1
   \   0000008A   0x7028             STRB     R0,[R5, #+0]
    113          			}
    114          		}
    115          	}
    116          	EoL_Cycle_Running = FALSE;
   \                     ??AutostartFactoryCycle__Initialize_0: (+1)
   \   0000008C   0x2000             MOVS     R0,#+0
   \   0000008E   0x70A0             STRB     R0,[R4, #+2]
    117          
    118          }
   \   00000090   0xBD37             POP      {R0-R2,R4,R5,PC}  ;; return
    119          

   \                                 In section .text, align 2, keep-with-next
    120          void AutostartFactoryCycle__Execution(void)
    121          {
   \                     AutostartFactoryCycle__Execution: (+1)
   \   00000000   0xB570             PUSH     {R4-R6,LR}
   \   00000002   0xB086             SUB      SP,SP,#+24
    122          	CYCLE_PHASE_STATEMENT_TYPE cps;
    123          	CYCLE_NAME_TYPE cycle_name;
    124          	PHASE_DATA_TYPE phase_data;
    125          
    126          	// Autostart Factory Cycle Procedure
    127          	if (AFC_Autostart_Factory_Cycle_Procedure == (uint8)TRUE)
   \   00000004   0x....             LDR      R5,??DataTable3
   \   00000006   0x7868             LDRB     R0,[R5, #+1]
   \   00000008   0x2801             CMP      R0,#+1
   \   0000000A   0xD16D             BNE      ??AutostartFactoryCycle__Execution_0
    128          	{
    129          		if (SystemTimers__NVCheckTimer(&First_Reset_Timer_Handle) == SYSTEMTIMERS_STATE_DONE)
   \   0000000C   0x....             LDR      R4,??DataTable3_1
   \   0000000E   0x1D28             ADDS     R0,R5,#+4
   \   00000010   0x.... 0x....      BL       SystemTimers__NVCheckTimer
   \   00000014   0x2802             CMP      R0,#+2
   \   00000016   0xD106             BNE      ??AutostartFactoryCycle__Execution_1
    130          		{
    131          			AFC_AutoStart_Factory_Cycle_Enable = FALSE; // Disable Procedure
   \   00000018   0x2000             MOVS     R0,#+0
   \   0000001A   0x7060             STRB     R0,[R4, #+1]
    132          			DishAuxVar__SetDoFactoryCycle(FALSE);
   \   0000001C   0x.... 0x....      BL       DishAuxVar__SetDoFactoryCycle
    133          			SystemTimers__NVResetTimer(&First_Reset_Timer_Handle);
   \   00000020   0x1D28             ADDS     R0,R5,#+4
   \   00000022   0x.... 0x....      BL       SystemTimers__NVResetTimer
    134          		}
    135          
    136          		if ((AFC_Num_Reset >= (uint8)2) && (AFC_Num_Reset <= (uint8)5))
   \                     ??AutostartFactoryCycle__Execution_1: (+1)
   \   00000026   0x7820             LDRB     R0,[R4, #+0]
   \   00000028   0x1E80             SUBS     R0,R0,#+2
   \   0000002A   0x2804             CMP      R0,#+4
   \   0000002C   0xD20D             BCS      ??AutostartFactoryCycle__Execution_2
    137          		{
    138          			if ((uint8)HotHighPotMonitor__GetHotHighPotDone() == (uint8)TRUE)
   \   0000002E   0x.... 0x....      BL       HotHighPotMonitor__GetHotHighPotDone
   \   00000032   0x2801             CMP      R0,#+1
   \   00000034   0xD109             BNE      ??AutostartFactoryCycle__Execution_2
    139          			{
    140          				if (((uint8)AFC_AutoStart_Factory_Cycle_Enable == (uint8)TRUE) && (DishAuxVar__GetDoFactoryCycle() == 0U))
   \   00000036   0x7860             LDRB     R0,[R4, #+1]
   \   00000038   0x2801             CMP      R0,#+1
   \   0000003A   0xD106             BNE      ??AutostartFactoryCycle__Execution_2
   \   0000003C   0x.... 0x....      BL       DishAuxVar__GetDoFactoryCycle
   \   00000040   0x2800             CMP      R0,#+0
   \   00000042   0xD102             BNE      ??AutostartFactoryCycle__Execution_2
    141          				{
    142          					DishAuxVar__SetDoFactoryCycle(TRUE);
   \   00000044   0x2001             MOVS     R0,#+1
   \   00000046   0x.... 0x....      BL       DishAuxVar__SetDoFactoryCycle
    143          				}
    144          			}
    145          		}
    146          
    147          		// check Factory cycle
    148          		if (Supervisor__IsTestCycleActive() != FALSE)
   \                     ??AutostartFactoryCycle__Execution_2: (+1)
   \   0000004A   0x.... 0x....      BL       Supervisor__IsTestCycleActive
   \   0000004E   0x2800             CMP      R0,#+0
   \   00000050   0xD048             BEQ      ??AutostartFactoryCycle__Execution_3
    149          		{
    150          			SystemTimers__NVResetTimer(&First_Reset_Timer_Handle);
   \   00000052   0x1D28             ADDS     R0,R5,#+4
   \   00000054   0x.... 0x....      BL       SystemTimers__NVResetTimer
    151          			cps = Interpreter__GetCurrentStatement(COMPARTMENT_DEFAULT);
   \   00000058   0x2000             MOVS     R0,#+0
   \   0000005A   0x.... 0x....      BL       Interpreter__GetCurrentStatement
   \   0000005E   0x9001             STR      R0,[SP, #+4]
    152          			cycle_name = Selector__GetCycleNameId(0,COMPARTMENT_DEFAULT,cps.Cycle);
   \   00000060   0x4668             MOV      R0,SP
   \   00000062   0x7902             LDRB     R2,[R0, #+4]
   \   00000064   0x2100             MOVS     R1,#+0
   \   00000066   0x4608             MOV      R0,R1
   \   00000068   0x.... 0x....      BL       Selector__GetCycleNameId
    153          			if ((CYCLE_NAME_EOL_0 == cycle_name) ||
    154          				(CYCLE_NAME_EOL_1 == cycle_name) ||
    155          				(CYCLE_NAME_EOL_2 == cycle_name))
   \   0000006C   0x21FF             MOVS     R1,#+255
   \   0000006E   0x0209             LSLS     R1,R1,#+8        ;; #+65280
   \   00000070   0x4288             CMP      R0,R1
   \   00000072   0xD005             BEQ      ??AutostartFactoryCycle__Execution_4
   \   00000074   0x1C49             ADDS     R1,R1,#+1
   \   00000076   0x4288             CMP      R0,R1
   \   00000078   0xD002             BEQ      ??AutostartFactoryCycle__Execution_4
   \   0000007A   0x1C49             ADDS     R1,R1,#+1
   \   0000007C   0x4288             CMP      R0,R1
   \   0000007E   0xD133             BNE      ??AutostartFactoryCycle__Execution_0
    156          			{
    157          				if (DishAuxVar__GetDoFactoryCycle() == (uint8)TRUE) // Mean the Factory cycle is started automatically
   \                     ??AutostartFactoryCycle__Execution_4: (+1)
   \   00000080   0x.... 0x....      BL       DishAuxVar__GetDoFactoryCycle
   \   00000084   0x2801             CMP      R0,#+1
   \   00000086   0xD106             BNE      ??AutostartFactoryCycle__Execution_5
    158          				{
    159          					AFC_AutoStart_Factory_Cycle_Enable = FALSE; // Disable Procedure
   \   00000088   0x2000             MOVS     R0,#+0
   \   0000008A   0x7060             STRB     R0,[R4, #+1]
    160          					DishAuxVar__SetDoFactoryCycle(FALSE);
   \   0000008C   0x.... 0x....      BL       DishAuxVar__SetDoFactoryCycle
    161          					Autostarted = TRUE;
   \   00000090   0x2001             MOVS     R0,#+1
   \   00000092   0x7028             STRB     R0,[R5, #+0]
   \   00000094   0xE028             B        ??AutostartFactoryCycle__Execution_0
    162          				}
    163          				else if (Autostarted == FALSE) // Mean the Factory cycle is started manually
   \                     ??AutostartFactoryCycle__Execution_5: (+1)
   \   00000096   0x7828             LDRB     R0,[R5, #+0]
   \   00000098   0x2800             CMP      R0,#+0
   \   0000009A   0xD125             BNE      ??AutostartFactoryCycle__Execution_0
    164          				{
    165          					AFC_Num_Reset = 0;
   \   0000009C   0x2500             MOVS     R5,#+0
   \   0000009E   0x7025             STRB     R5,[R4, #+0]
    166          					AFC_AutoStart_Factory_Cycle_Enable = TRUE; // Enable Procedure
   \   000000A0   0x2001             MOVS     R0,#+1
   \   000000A2   0x7060             STRB     R0,[R4, #+1]
    167          
    168          					if (Selector__LoadPhaseData(0,
    169          												COMPARTMENT_DEFAULT,
    170          					                            cps.Cycle,
    171          					                            cps.Phase,
    172          					                            &phase_data) == FAIL)
   \   000000A4   0xA801             ADD      R0,SP,#+4
   \   000000A6   0x7846             LDRB     R6,[R0, #+1]
   \   000000A8   0xA802             ADD      R0,SP,#+8
   \   000000AA   0x9000             STR      R0,[SP, #+0]
   \   000000AC   0x0033             MOVS     R3,R6
   \   000000AE   0x4668             MOV      R0,SP
   \   000000B0   0x7902             LDRB     R2,[R0, #+4]
   \   000000B2   0x4629             MOV      R1,R5
   \   000000B4   0x4608             MOV      R0,R1
   \   000000B6   0x.... 0x....      BL       Selector__LoadPhaseData
   \   000000BA   0x2800             CMP      R0,#+0
   \   000000BC   0xD109             BNE      ??AutostartFactoryCycle__Execution_6
    173          					{
    174          						LOG_ADD_EXCEPTION(ERROR_READING_SELECTOR_DATA, COMBINE_BYTES(cps.Cycle,cps.Phase));
   \   000000BE   0x4668             MOV      R0,SP
   \   000000C0   0x7900             LDRB     R0,[R0, #+4]
   \   000000C2   0x0203             LSLS     R3,R0,#+8
   \   000000C4   0x4333             ORRS     R3,R3,R6
   \   000000C6   0x2201             MOVS     R2,#+1
   \   000000C8   0x2102             MOVS     R1,#+2
   \   000000CA   0x200E             MOVS     R0,#+14
   \   000000CC   0x.... 0x....      BL       Log__AddMessage
   \   000000D0   0xE00A             B        ??AutostartFactoryCycle__Execution_0
    175          					}
    176          					else
    177          					{
    178          						if (cps.Phase >= (phase_data.Number_Of_Cycle_Phases - (uint8)1))
   \                     ??AutostartFactoryCycle__Execution_6: (+1)
   \   000000D2   0xA802             ADD      R0,SP,#+8
   \   000000D4   0x7A40             LDRB     R0,[R0, #+9]
   \   000000D6   0x1E40             SUBS     R0,R0,#+1
   \   000000D8   0x4286             CMP      R6,R0
   \   000000DA   0xDB05             BLT      ??AutostartFactoryCycle__Execution_0
    179          						{
    180          							AFC_Num_Reset = (uint8)5;
   \   000000DC   0x2005             MOVS     R0,#+5
   \   000000DE   0x7020             STRB     R0,[R4, #+0]
    181          							AFC_AutoStart_Factory_Cycle_Enable = FALSE; // Disable Procedure
   \   000000E0   0x7065             STRB     R5,[R4, #+1]
   \   000000E2   0xE001             B        ??AutostartFactoryCycle__Execution_0
    182          						}
    183          					}
    184          				}
    185          				else
    186          				{
    187          					//do nothing
    188          				}
    189          			}
    190          		}
    191          		else
    192          		{
    193          			Autostarted = FALSE;
   \                     ??AutostartFactoryCycle__Execution_3: (+1)
   \   000000E4   0x2000             MOVS     R0,#+0
   \   000000E6   0x7028             STRB     R0,[R5, #+0]
    194          		}
    195          	}
    196          }
   \                     ??AutostartFactoryCycle__Execution_0: (+1)
   \   000000E8   0xB006             ADD      SP,SP,#+24
   \   000000EA   0xBD70             POP      {R4-R6,PC}       ;; return
    197          

   \                                 In section .text, align 2, keep-with-next
    198          void AutostartFactoryCycle__CycleStartEvent(void)
    199          {
   \                     AutostartFactoryCycle__CycleStartEvent: (+1)
   \   00000000   0xB580             PUSH     {R7,LR}
    200          	CYCLE_PHASE_STATEMENT_TYPE cps;
    201          	CYCLE_NAME_TYPE cycle_name;
    202          
    203          	cps = Interpreter__GetCurrentStatement(COMPARTMENT_DEFAULT);
   \   00000002   0x2000             MOVS     R0,#+0
   \   00000004   0x.... 0x....      BL       Interpreter__GetCurrentStatement
   \   00000008   0x9000             STR      R0,[SP, #+0]
    204          	cycle_name = Selector__GetCycleNameId(0,COMPARTMENT_DEFAULT,cps.Cycle);
   \   0000000A   0x4668             MOV      R0,SP
   \   0000000C   0x7802             LDRB     R2,[R0, #+0]
   \   0000000E   0x2100             MOVS     R1,#+0
   \   00000010   0x4608             MOV      R0,R1
   \   00000012   0x.... 0x....      BL       Selector__GetCycleNameId
    205          	if ((CYCLE_NAME_EOL_0 == cycle_name) ||
    206          		(CYCLE_NAME_EOL_1 == cycle_name) ||
    207          		(CYCLE_NAME_EOL_2 == cycle_name))
   \   00000016   0x21FF             MOVS     R1,#+255
   \   00000018   0x0209             LSLS     R1,R1,#+8        ;; #+65280
   \   0000001A   0x4288             CMP      R0,R1
   \   0000001C   0xD005             BEQ      ??AutostartFactoryCycle__CycleStartEvent_0
   \   0000001E   0x1C49             ADDS     R1,R1,#+1
   \   00000020   0x4288             CMP      R0,R1
   \   00000022   0xD002             BEQ      ??AutostartFactoryCycle__CycleStartEvent_0
   \   00000024   0x1C49             ADDS     R1,R1,#+1
   \   00000026   0x4288             CMP      R0,R1
   \   00000028   0xD103             BNE      ??AutostartFactoryCycle__CycleStartEvent_1
    208          	{
    209          		EoL_Cycle_Running = TRUE;
   \                     ??AutostartFactoryCycle__CycleStartEvent_0: (+1)
   \   0000002A   0x2001             MOVS     R0,#+1
   \   0000002C   0x....             LDR      R1,??DataTable3
   \   0000002E   0x7088             STRB     R0,[R1, #+2]
   \   00000030   0xBD01             POP      {R0,PC}
    210          	}
    211          	else
    212          	{
    213          		EoL_Cycle_Running = FALSE;
   \                     ??AutostartFactoryCycle__CycleStartEvent_1: (+1)
   \   00000032   0x2000             MOVS     R0,#+0
   \   00000034   0x....             LDR      R1,??DataTable3
   \   00000036   0x7088             STRB     R0,[R1, #+2]
    214          	}
    215          }
   \   00000038   0xBD01             POP      {R0,PC}          ;; return
    216          

   \                                 In section .text, align 2, keep-with-next
    217          void AutostartFactoryCycle__CycleEndEvent(void)
    218          {
   \                     AutostartFactoryCycle__CycleEndEvent: (+1)
   \   00000000   0xB538             PUSH     {R3-R5,LR}
    219          	if((uint8)EoL_Cycle_Running == (uint8)TRUE)
   \   00000002   0x....             LDR      R5,??DataTable3
   \   00000004   0x78A8             LDRB     R0,[R5, #+2]
   \   00000006   0x2801             CMP      R0,#+1
   \   00000008   0xD10B             BNE      ??AutostartFactoryCycle__CycleEndEvent_0
    220          	{
    221          		EoL_Cycle_Running = FALSE;
   \   0000000A   0x2400             MOVS     R4,#+0
   \   0000000C   0x70AC             STRB     R4,[R5, #+2]
    222          		DishAuxVar__SetDoFactoryCycle(FALSE);	// Make sure autostart variable is reset when EoL ends
   \   0000000E   0x4620             MOV      R0,R4
   \   00000010   0x.... 0x....      BL       DishAuxVar__SetDoFactoryCycle
    223          
    224          		if (Autostarted == FALSE)
   \   00000014   0x7828             LDRB     R0,[R5, #+0]
   \   00000016   0x2800             CMP      R0,#+0
   \   00000018   0xD103             BNE      ??AutostartFactoryCycle__CycleEndEvent_0
    225          		{
    226          			AFC_Num_Reset = (uint8)5;
   \   0000001A   0x....             LDR      R0,??DataTable3_1
   \   0000001C   0x2105             MOVS     R1,#+5
   \   0000001E   0x7001             STRB     R1,[R0, #+0]
    227          		    AFC_AutoStart_Factory_Cycle_Enable = FALSE; // Disable Procedure
   \   00000020   0x7044             STRB     R4,[R0, #+1]
    228          		}
    229          	}
    230          }
   \                     ??AutostartFactoryCycle__CycleEndEvent_0: (+1)
   \   00000022   0xBD31             POP      {R0,R4,R5,PC}    ;; return

   \                                 In section .text, align 4, keep-with-next
   \                     ??DataTable3:
   \   00000000   0x........         DC32     Autostarted

   \                                 In section .text, align 4, keep-with-next
   \                     ??DataTable3_1:
   \   00000000   0x........         DC32     AFC_Num_Reset

   \                                 In section .text, align 4, keep-with-next
   \                     ??DataTable3_2:
   \   00000000   0x00007530         DC32     0x7530
    231          //=====================================================================================================================
    232          //-------------------------------------- Private Functions ------------------------------------------------------------
    233          //=====================================================================================================================
    234          
    235          

   Maximum stack usage in bytes:

   .cstack Function
   ------- --------
      16   AutostartFactoryCycle__CycleEndEvent
        16   -> DishAuxVar__SetDoFactoryCycle
       8   AutostartFactoryCycle__CycleStartEvent
         8   -> Interpreter__GetCurrentStatement
         8   -> Selector__GetCycleNameId
      40   AutostartFactoryCycle__Execution
        40   -> DishAuxVar__GetDoFactoryCycle
        40   -> DishAuxVar__SetDoFactoryCycle
        40   -> HotHighPotMonitor__GetHotHighPotDone
        40   -> Interpreter__GetCurrentStatement
        40   -> Log__AddMessage
        40   -> Selector__GetCycleNameId
        40   -> Selector__LoadPhaseData
        40   -> Supervisor__IsTestCycleActive
        40   -> SystemTimers__NVCheckTimer
        40   -> SystemTimers__NVResetTimer
      24   AutostartFactoryCycle__Initialize
        24   -> DishAuxVar__SetDoFactoryCycle
        24   -> Log__AddMessage
        24   -> Micro__GetResetMode
        24   -> NVData__GetLastRestoreStatus
        24   -> SettingFile__BasicLoader
        24   -> SystemTimers__NVSetTimerMS


   Section sizes:

   Bytes  Function/Label
   -----  --------------
       4  ??DataTable3
       4  ??DataTable3_1
       4  ??DataTable3_2
       2  AFC_Num_Reset
          AFC_AutoStart_Factory_Cycle_Enable
      36  AutostartFactoryCycle__CycleEndEvent
      58  AutostartFactoryCycle__CycleStartEvent
     236  AutostartFactoryCycle__Execution
     146  AutostartFactoryCycle__Initialize
      24  Autostarted
          AFC_Autostart_Factory_Cycle_Procedure
          EoL_Cycle_Running
          First_Reset_Timer_Handle

 
  24 bytes in section .bss
 488 bytes in section .text
   2 bytes in section _appliance_segment
 
 488 bytes of CODE memory
  26 bytes of DATA memory

Errors: none
Warnings: none
