###############################################################################
#
# IAR ANSI C/C++ Compiler V7.70.1.11437/W32 for ARM       28/Feb/2025  14:17:02
# Copyright 1999-2016 IAR Systems AB.
#
#    Cpu mode     =  thumb
#    Endian       =  little
#    Source file  =  
#        source/XCategory/Common/all/SRMain/BackgroundThreads/BackgroundThreads.c
#    Command line =  
#        --cpu Cortex-M0+ -Om --debug -e --only_stdout --silent -D
#        ENABLE_JUMP_TO_APPLICATION_WITHOUT_IAP_FIRMWARE --no_wrap_diagnostics
#        -f config\tmp\include_path.lnt
#        (-I../Nucleus-Tools-SDK/embOS/arm/v4.26/source\
#        -I../Nucleus-Tools-SDK/iar/arm/v7.70/cx/inc\
#        -Isource/Category/Application/acu/CycleResume\
#        -Isource/Category/Application/acu/Monitors/AutostartFactoryCycleMonitor\
#        -Isource/Category/Application/acu/Monitors/CartridgeDetectionMonitor\
#        -Isource/Category/Application/acu/Monitors/DCLoadCurrentMonitor\
#        -Isource/Category/Application/acu/Monitors/DiverterFaultMonitor\
#        -Isource/Category/Application/acu/Monitors/DiverterLeakFaultMonitor\
#        -Isource/Category/Application/acu/Monitors/DoorMonitor\
#        -Isource/Category/Application/acu/Monitors/DoorOpeningSystemMonitor\
#        -Isource/Category/Application/acu/Monitors/FanMotorFaultMonitor\
#        -Isource/Category/Application/acu/Monitors/FaultStatusMonitor\
#        -Isource/Category/Application/acu/Monitors/FillValveStuckOn\
#        -Isource/Category/Application/acu/Monitors/FlowMeterFaultMonitor\
#        -Isource/Category/Application/acu/Monitors/HeatMonitor\
#        -Isource/Category/Application/acu/Monitors/HotHighPotMonitor\
#        -Isource/Category/Application/acu/Monitors/LITTFaultMonitor\
#        -Isource/Category/Application/acu/Monitors/LITTMonitor\
#        -Isource/Category/Application/acu/Monitors/McuGetDataMonitor\
#        -Isource/Category/Application/acu/Monitors/ModelMonitors/AirlockDetectionMonitor\
#        -Isource/Category/Application/acu/Monitors/ModelMonitors/AirlockDetectionMonitor/CodeGeneration\
#        -Isource/Category/Application/acu/Monitors/ModelMonitors/HeaterCalcificationDetectionModel\
#        -Isource/Category/Application/acu/Monitors/ModelMonitors/HeaterCalcificationDetectionModel/CodeGeneration\
#        -Isource/Category/Application/acu/Monitors/ModelMonitors/OWIVoltageRegulatedOutputModel\
#        -Isource/Category/Application/acu/Monitors/ModelMonitors/OWIVoltageRegulatedOutputModel/CodeGeneration\
#        -Isource/Category/Application/acu/Monitors/ModelMonitors/PluggingDetectionMonitor\
#        -Isource/Category/Application/acu/Monitors/ModelMonitors/PluggingDetectionMonitor/CodeGeneration\
#        -Isource/Category/Application/acu/Monitors/MoisturePreventionMonitor\
#        -Isource/Category/Application/acu/Monitors/OverfillMonitor\
#        -Isource/Category/Application/acu/Monitors/OWIMonitor\
#        -Isource/Category/Application/acu/Monitors/PilotRelayFaultMonitor\
#        -Isource/Category/Application/acu/Monitors/PilotRelayFaultMonitor/PilotRelayStuckClosedMonitor\
#        -Isource/Category/Application/acu/Monitors/PilotRelayFaultMonitor/PilotRelayStuckOpenMonitor\
#        -Isource/Category/Application/acu/Monitors/PORTimeMonitor\
#        -Isource/Category/Application/acu/Monitors/PumpFlushRequestMonitor\
#        -Isource/Category/Application/acu/Monitors/RinseAidMonitor\
#        -Isource/Category/Application/acu/Monitors/SaltSensingMonitor\
#        -Isource/Category/Application/acu/Monitors/StabilityControlLoopMonitor\
#        -Isource/Category/Application/acu/Monitors/StandbyManager\
#        -Isource/Category/Application/acu/Monitors/SupervisorExtMonitor\
#        -Isource/Category/Application/acu/Monitors/ThermistorFaultMonitor\
#        -Isource/Category/Application/acu/Monitors/ThermistorFaultMonitor/ThermistorOpenMonitor\
#        -Isource/Category/Application/acu/Monitors/ThermistorFaultMonitor/ThermistorShortedMonitor\
#        -Isource/Category/Application/acu/Monitors/TriacCurrentMonitor\
#        -Isource/Category/Application/acu/Monitors/TriacShortedDrainFaultMonitor\
#        -Isource/Category/Application/acu/Monitors/TriacVoltageMonitor\
#        -Isource/Category/Application/acu/Monitors/VoltageRangeMonitor\
#        -Isource/Category/Application/acu/Monitors/VSDrainMotorFaultMonitor\
#        -Isource/Category/Application/acu/Monitors/VwiMonitor\
#        -Isource/Category/Application/acu/Monitors/VwiZoneCompensationMonitor\
#        -Isource/Category/Application/acu/Monitors/WashHeaterFaultMonitor\
#        -Isource/Category/Application/acu/Monitors/WashHeaterFaultMonitor/HeaterLeakageToNeutralMonitor\
#        -Isource/Category/Application/acu/Monitors/WashHeaterFaultMonitor/HeaterLineRelayOpenMonitor\
#        -Isource/Category/Application/acu/Monitors/WashHeaterFaultMonitor/HeaterNeutralRelayOpenMonitor\
#        -Isource/Category/Application/acu/Monitors/WashHeaterFaultMonitor/HeaterOpenAndLineRelayClosedMonitor\
#        -Isource/Category/Application/acu/Monitors/WashHeaterFaultMonitor/HeaterOpenMonitor\
#        -Isource/Category/Application/acu/Monitors/WashMotorFaultMonitor\
#        -Isource/Category/Application/acu/Monitors/ZeroCrossMonitor\
#        -Isource/Category/Application/acu/Processes/AlternateCtrl\
#        -Isource/Category/Application/acu/Processes/Fill\
#        -Isource/Category/Application/acu/Processes/Fill/ClassAFill\
#        -Isource/Category/Application/acu/Processes/Fill/Fill\
#        -Isource/Category/Application/acu/Processes/Fill/TankDrain\
#        -Isource/Category/Application/acu/Processes/Fill/TankFill\
#        -Isource/Category/Application/acu/Processes/Heat\
#        -Isource/Category/Application/acu/Processes/ModelProcesses/OWICalibrationModel\
#        -Isource/Category/Application/acu/Processes/ModelProcesses/OWICalibrationModel/CodeGeneration\
#        -Isource/Category/Application/acu/Processes/ModelProcesses/PartialDrainModel\
#        -Isource/Category/Application/acu/Processes/ModelProcesses/PartialDrainModel/CodeGeneration\
#        -Isource/Category/Application/acu/Processes/ModelProcesses/SensedDrainModel\
#        -Isource/Category/Application/acu/Processes/ModelProcesses/SensedDrainModel/CodeGeneration\
#        -Isource/Category/Application/acu/Processes/OWI\
#        -Isource/Category/Application/acu/Processes/OWI_VRO\
#        -Isource/Category/Application/acu/Processes/OWIOneShot\
#        -Isource/Category/Application/acu/Processes/PumpControl\
#        -Isource/Category/Application/acu/Processes/Regenerate\
#        -Isource/Category/Application/acu/Processes/RinseAidDispense\
#        -Isource/Category/Application/acu/Processes/RinseAidDispense/RinseAid\
#        -Isource/Category/Application/acu/Processes/RinseAidDispense/TridgeDetergent\
#        -Isource/Category/Application/acu/Tasks/DoorOpeningSystemPull\
#        -Isource/Category/Application/acu/Tasks/DoorOpeningSystemPush\
#        -Isource/Category/Application/acu/Tasks/HeaterShadowing\
#        -Isource/Category/Application/acu/Tasks/MoisturePrevention\
#        -Isource/Category/Application/acu/Tasks/OWIContinousReading\
#        -Isource/Category/Application/acu/Tasks/OwiVroContinuousReading\
#        -Isource/Category/Application/acu/Tasks/Sanitization\
#        -Isource/Category/Application/acu/Tasks/StabilityControl\
#        -Isource/Category/Application/acu/Tasks/TimeElapse\
#        -Isource/Category/Application/acu/VWI\
#        -Isource/Category/Application/all/ActivePower\
#        -Isource/Category/Application/all/API007App\
#        -Isource/Category/Application/all/Config\
#        -Isource/Category/Common/acu/CommonDish/DishAuxVar\
#        -Isource/Category/Common/acu/CommonDish/PumpCommand\
#        -Isource/Category/Common/acu/CommonDish/StatisticsDish\
#        -Isource/Category/Common/all/BoardDebugging\
#        -Isource/Category/Common/all/Config\
#        -Isource/Category/Common/all/MasterCommander\
#        -Isource/Category/Common/all/MasterCommander/Source\
#        -Isource/Category/Common/all/MasterCommander/Source/HAL\
#        -Isource/Category/Common/all/SharedUtils\
#        -Isource/Category/Hbl/acu/ACULoadHandler/AlternateLoad\
#        -Isource/Category/Hbl/acuexpacu/ACUGIHandler/WaterCounterGI\
#        -Isource/Category/Hbl/acuexpacu/ACULoadHandler/HeaterLoad\
#        -Isource/Category/Hbl/acuexpacu/ACULoadHandler/TriacMci\
#        -Isource/Category/Hbl/all/Config\ -Isource/Category/Hbl/all/Mci\
#        -Isource/Category/Hbl/all/Mci/MciZeroCross\
#        -Isource/Category/Hbl/all/Mci/Slfac\
#        -Isource/Category/Hbl/all/Mci/Slfac/Macroblocks\
#        -Isource/Category/Hbl/all/Mci/Slfac/Microblocks/GlitchFilter\
#        -Isource/Category/Hbl/all/Mci/Slfac/Microblocks/IIRFilter\
#        -Isource/Category/Hbl/all/Mci/Slfac/Microblocks/MathCalc\
#        -Isource/Category/Hbl/all/Mci/Slfac/Microblocks/PeakDetector\
#        -Isource/Category/Hbl/all/Mci/Slfac/Microblocks/Pi\
#        -Isource/Category/Hbl/all/MCUDrivers/TimeCapture\
#        -Isource/Category/Hbl/all/MCUDrivers/TimerInterruptExt\
#        -Isource/Micros/STM32G0x/Driver/Atod\
#        -Isource/Micros/STM32G0x/Driver/DataFlash\
#        -Isource/Micros/STM32G0x/Driver/Dma\
#        -Isource/Micros/STM32G0x/Driver/Dtoa\
#        -Isource/Micros/STM32G0x/Driver/ExtInterrupt\
#        -Isource/Micros/STM32G0x/Driver/Flash\
#        -Isource/Micros/STM32G0x/Driver/Gpio\
#        -Isource/Micros/STM32G0x/Driver/I2c\
#        -Isource/Micros/STM32G0x/Driver/IntMgr\
#        -Isource/Micros/STM32G0x/Driver/Micro\
#        -Isource/Micros/STM32G0x/Driver/MicroExt\
#        -Isource/Micros/STM32G0x/Driver/Rtc\
#        -Isource/Micros/STM32G0x/Driver/RTCDriver\
#        -Isource/Micros/STM32G0x/Driver/Spi\
#        -Isource/Micros/STM32G0x/Driver/Timeout\
#        -Isource/Micros/STM32G0x/Driver/Timer\
#        -Isource/Micros/STM32G0x/Driver/TimerInterrupt\
#        -Isource/Micros/STM32G0x/Driver/Uart\
#        -Isource/ProjectSpecific/Application/acu/Config\
#        -Isource/ProjectSpecific/Application/acu/LowPower\
#        -Isource/ProjectSpecific/Application/acuexpacu/Config\
#        -Isource/ProjectSpecific/Application/all/Config\
#        -Isource/ProjectSpecific/Application/all/MCUDebug\
#        -Isource/ProjectSpecific/Application/all/ProductInfo\
#        -Isource/ProjectSpecific/Common/acu/Config\
#        -Isource/ProjectSpecific/Common/all/Config\
#        -Isource/ProjectSpecific/Common/all/Debug\
#        -Isource/ProjectSpecific/Common/all/SRConfig\
#        -Isource/ProjectSpecific/Driver/STM32G0x\
#        -Isource/ProjectSpecific/Hbl/acuexpacu/Config\
#        -Isource/ProjectSpecific/Hbl/acuexpacu/SRConfig\
#        -Isource/ProjectSpecific/Hbl/all/Config\
#        -Isource/ProjectSpecific/Hbl/all/Config/Mci\
#        -Isource/ProjectSpecific/Hbl/all/Config/Mci/MasterCommander\
#        -Isource/ProjectSpecific/Hbl/all/Config/Mci/MCUDrivers\
#        -Isource/ProjectSpecific/Hbl/all/SRConfig\
#        -Isource/XCategory/Application/acu/API221MotionCtrl\
#        -Isource/XCategory/Application/acu/Calibration\
#        -Isource/XCategory/Application/acu/Condition\
#        -Isource/XCategory/Application/acu/Estimator\
#        -Isource/XCategory/Application/acu/Interpreter\
#        -Isource/XCategory/Application/acu/Processes/ActivateTask\
#        -Isource/XCategory/Application/acu/Processes/JumpIf\
#        -Isource/XCategory/Application/acu/Processes/LoadsControl\
#        -Isource/XCategory/Application/acu/Processes/Maintain\
#        -Isource/XCategory/Application/acu/Processes/SetVariable\
#        -Isource/XCategory/Application/acu/RegulationAccept\
#        -Isource/XCategory/Application/acu/Selector\
#        -Isource/XCategory/Application/acu/SubCycle\
#        -Isource/XCategory/Application/acu/Supervisor\
#        -Isource/XCategory/Application/acu/TestMgr\
#        -Isource/XCategory/Application/acuexpacu/ApplianceMgr\
#        -Isource/XCategory/Application/acuhmi/CommunicationMonitor\
#        -Isource/XCategory/Application/acuhmi/Modifier\
#        -Isource/XCategory/Application/acuhmi/Regulations\
#        -Isource/XCategory/Application/acuhmi/Status\
#        -Isource/XCategory/Application/all/API007Data\
#        -Isource/XCategory/Application/all/API011AppCtr\
#        -Isource/XCategory/Application/all/API012Exp\
#        -Isource/XCategory/Application/all/API013RemoteFunction\
#        -Isource/XCategory/Application/all/API018Diagnostic\
#        -Isource/XCategory/Application/all/API220MotorControl\
#        -Isource/XCategory/Application/all/API220MotorControl/Api\
#        -Isource/XCategory/Application/all/Mode\
#        -Isource/XCategory/Application/all/Reveal_Basic/API003Disc\
#        -Isource/XCategory/Application/all/Reveal_Basic/API004Debug\
#        -Isource/XCategory/Application/all/Reveal_Basic/API004Debug/SW05SoftwareTest\
#        -Isource/XCategory/Application/all/Reveal_Basic/API005LowLevel\
#        -Isource/XCategory/Application/all/Reveal_Basic/API009System\
#        -Isource/XCategory/Application/all/Reveal_Basic/API010PollVar\
#        -Isource/XCategory/Application/all/Reveal_Basic/API019ProductInfo\
#        -Isource/XCategory/Application/all/SFUpdater\
#        -Isource/XCategory/Application/all/SRAPI020Safety\
#        -Isource/XCategory/Application/all/StatusLed\
#        -Isource/XCategory/Common/acu/BrownOut\
#        -Isource/XCategory/Common/acu/Fault\
#        -Isource/XCategory/Common/acu/Statistics\
#        -Isource/XCategory/Common/all/Common/Callback\
#        -Isource/XCategory/Common/all/Common/Convert\
#        -Isource/XCategory/Common/all/Common/Crc16\
#        -Isource/XCategory/Common/all/Common/Crc32\
#        -Isource/XCategory/Common/all/Common/Crc8\
#        -Isource/XCategory/Common/all/Common/Equation\
#        -Isource/XCategory/Common/all/Common/Filter\
#        -Isource/XCategory/Common/all/Common/FITMgr\
#        -Isource/XCategory/Common/all/Common/I2cMgr\
#        -Isource/XCategory/Common/all/Common/IAPEmul\
#        -Isource/XCategory/Common/all/Common/Log\
#        -Isource/XCategory/Common/all/Common/Millis\
#        -Isource/XCategory/Common/all/Common/SeggerRTT\
#        -Isource/XCategory/Common/all/Common/SeggerRTT/SEGGER_RTT/Config\
#        -Isource/XCategory/Common/all/Common/SeggerRTT/SEGGER_RTT/RTT\
#        -Isource/XCategory/Common/all/Common/SettingFile\
#        -Isource/XCategory/Common/all/Common/SFVersionCheck\
#        -Isource/XCategory/Common/all/Common/SystemConfig\
#        -Isource/XCategory/Common/all/Common/SystemTimers\
#        -Isource/XCategory/Common/all/Common/Utilities\
#        -Isource/XCategory/Common/all/Common/Variable\
#        -Isource/XCategory/Common/all/SRCommon/SRClockMonitor\
#        -Isource/XCategory/Common/all/SRCommon/SRData\
#        -Isource/XCategory/Common/all/SRCommon/SRException\
#        -Isource/XCategory/Common/all/SRCommon/SRIsrMonitor\
#        -Isource/XCategory/Common/all/SRCommon/SRPowerMgr\
#        -Isource/XCategory/Common/all/SRCommon/SRSignature\
#        -Isource/XCategory/Common/all/SRCommon/SRSystemConfig\
#        -Isource/XCategory/Common/all/SRCommon/SRTaskMonitor\
#        -Isource/XCategory/Common/all/SRCommon/SRTaskSequence\
#        -Isource/XCategory/Common/all/SRCommon/SRTimerReference\
#        -Isource/XCategory/Common/all/SRCommon/SRUnusedPinsConfig\
#        -Isource/XCategory/Common/all/SRMain\
#        -Isource/XCategory/Common/all/SRMain/BackgroundThreads\
#        -Isource/XCategory/Common/all/SRMain/OsServices\
#        -Isource/XCategory/Common/all/SRMain/StackAnalysis\
#        -Isource/XCategory/Common/all/SRMain/TimingAnalysis\
#        -Isource/XCategory/Driver/APIs/Atod\
#        -Isource/XCategory/Driver/APIs/Comparator\
#        -Isource/XCategory/Driver/APIs/DataFlash\
#        -Isource/XCategory/Driver/APIs/Dma\
#        -Isource/XCategory/Driver/APIs/Dtc\
#        -Isource/XCategory/Driver/APIs/Dtoa\
#        -Isource/XCategory/Driver/APIs/EmbOS\
#        -Isource/XCategory/Driver/APIs/ExtInterrupt\
#        -Isource/XCategory/Driver/APIs/Flash\
#        -Isource/XCategory/Driver/APIs/Gpio\
#        -Isource/XCategory/Driver/APIs/I2c\
#        -Isource/XCategory/Driver/APIs/IntMgr\
#        -Isource/XCategory/Driver/APIs/Micro\
#        -Isource/XCategory/Driver/APIs/MicroExt\
#        -Isource/XCategory/Driver/APIs/Rtc\
#        -Isource/XCategory/Driver/APIs/RTCDriver\
#        -Isource/XCategory/Driver/APIs/Spi\
#        -Isource/XCategory/Driver/APIs/Timeout\
#        -Isource/XCategory/Driver/APIs/Timer\
#        -Isource/XCategory/Driver/APIs/TimerInterrupt\
#        -Isource/XCategory/Driver/APIs/Touch\
#        -Isource/XCategory/Driver/APIs/Uart\
#        -Isource/XCategory/Hbl/acu/FdmCounter\
#        -Isource/XCategory/Hbl/acu/FdmTimer\
#        -Isource/XCategory/Hbl/acuexpacu/ACUGIHandler/ConvertGI\
#        -Isource/XCategory/Hbl/acuexpacu/ACUGIHandler/DirectGI\
#        -Isource/XCategory/Hbl/acuexpacu/ACUGIHandler/DoorSwitchGI\
#        -Isource/XCategory/Hbl/acuexpacu/ACUGIHandler/ProbeGI\
#        -Isource/XCategory/Hbl/acuexpacu/ACUGIHandler/ProbeLpsGI\
#        -Isource/XCategory/Hbl/acuexpacu/ACULoadHandler/DCFanLoad\
#        -Isource/XCategory/Hbl/acuexpacu/ACUPilotHandler/AnalogOutputPilot\
#        -Isource/XCategory/Hbl/acuexpacu/ACUPilotHandler/ChargePumpPilot\
#        -Isource/XCategory/Hbl/acuexpacu/ACUPilotHandler/DigitalOutputMultiPilot\
#        -Isource/XCategory/Hbl/acuexpacu/ACUPilotHandler/DigitalOutputPilot\
#        -Isource/XCategory/Hbl/acuexpacu/ACUPilotHandler/DoorLockEMPilot\
#        -Isource/XCategory/Hbl/acuexpacu/ACUPilotHandler/DoorLockWaxPilot\
#        -Isource/XCategory/Hbl/acuexpacu/ACUPilotHandler/ExpansionPilot\
#        -Isource/XCategory/Hbl/acuexpacu/ACUPilotHandler/ExternalMotorPilot\
#        -Isource/XCategory/Hbl/acuexpacu/ACUPilotHandler/FSMPilot\
#        -Isource/XCategory/Hbl/acuexpacu/ACUPilotHandler/MagnetronPilot\
#        -Isource/XCategory/Hbl/acuexpacu/ACUPilotHandler/MotorPilot\
#        -Isource/XCategory/Hbl/acuexpacu/ACUPilotHandler/MultiDriverPilot\
#        -Isource/XCategory/Hbl/acuexpacu/ACUPilotHandler/MultiSequencePilot\
#        -Isource/XCategory/Hbl/acuexpacu/ACUPilotHandler/NonfunctionalPilot\
#        -Isource/XCategory/Hbl/acuexpacu/ACUPilotHandler/PwmHiResPilot\
#        -Isource/XCategory/Hbl/acuexpacu/ACUPilotHandler/PwmPilot\
#        -Isource/XCategory/Hbl/acuexpacu/ACUPilotHandler/SRChargePumpPilot\
#        -Isource/XCategory/Hbl/acuexpacu/ACUPilotHandler/SRDigitalOutputMultiPilot\
#        -Isource/XCategory/Hbl/acuexpacu/ACUPilotHandler/SRDigitalOutputPilot\
#        -Isource/XCategory/Hbl/acuexpacu/ACUPilotHandler/SRDoorLockEMPilot\
#        -Isource/XCategory/Hbl/acuexpacu/ACUPilotHandler/SRDoorLockWaxPilot\
#        -Isource/XCategory/Hbl/acuexpacu/ACUPilotHandler/SRUMRelayPilot\
#        -Isource/XCategory/Hbl/acuexpacu/ACUPilotHandler/SteadyPwmProfilePilot\
#        -Isource/XCategory/Hbl/acuexpacu/ACUPilotHandler/StepperPilot\
#        -Isource/XCategory/Hbl/acuexpacu/ACUPilotHandler/TriacSwitchPilot\
#        -Isource/XCategory/Hbl/acuexpacu/ACUPilotHandler/ZCRelayPilot\
#        -Isource/XCategory/Hbl/acuexpacu/ACUPilotHandler/ZCTriacPilot\
#        -Isource/XCategory/Hbl/acuexpacu/HblAcu\
#        -Isource/XCategory/Hbl/acuexpacu/HblAcu/CrossLoads\
#        -Isource/XCategory/Hbl/acuexpacu/HblAcu/SetLoadQueue\
#        -Isource/XCategory/Hbl/acuexpacu/HblAcu/SRProductMgr\
#        -Isource/XCategory/Hbl/acuexpacu/HblAcu/ZeroCross\
#        -Isource/XCategory/Hbl/all/Hbl\
#        -Isource/XCategory/Hbl/all/Hbl/DefaultPin\
#        -Isource/XCategory/Hbl/all/Hbl/HblCommon\
#        -Isource/XCategory/Hbl/all/Hbl/VirtualPin\
#        -Isource/XCategory/Hbl/all/LLIHandler/AbsoluteHumidityLLI\
#        -Isource/XCategory/Hbl/all/LLIHandler/AccelerometerLLI\
#        -Isource/XCategory/Hbl/all/LLIHandler/AccelerometerLLI/AccelBaseline\
#        -Isource/XCategory/Hbl/all/LLIHandler/AccelerometerLLI/AccelDiscover\
#        -Isource/XCategory/Hbl/all/LLIHandler/AccelerometerLLI/FXLS8974\
#        -Isource/XCategory/Hbl/all/LLIHandler/AccelerometerLLI/FXLS8974/SelfTestFXLS8974\
#        -Isource/XCategory/Hbl/all/LLIHandler/AccelerometerLLI/LISxDH\
#        -Isource/XCategory/Hbl/all/LLIHandler/AnalogLLI\
#        -Isource/XCategory/Hbl/all/LLIHandler/ConductivityLLI\
#        -Isource/XCategory/Hbl/all/LLIHandler/DigitalLLI\
#        -Isource/XCategory/Hbl/all/LLIHandler/EncoderLLI\
#        -Isource/XCategory/Hbl/all/LLIHandler/ExpansionLLI\
#        -Isource/XCategory/Hbl/all/LLIHandler/FeedbackLLI\
#        -Isource/XCategory/Hbl/all/LLIHandler/I2CInfraredLLI\
#        -Isource/XCategory/Hbl/all/LLIHandler/I2CPressureSensorLLI\
#        -Isource/XCategory/Hbl/all/LLIHandler/I2CRHTSensorLLI\
#        -Isource/XCategory/Hbl/all/LLIHandler/InputCaptureLLI\
#        -Isource/XCategory/Hbl/all/LLIHandler/MultiInputLLI\
#        -Isource/XCategory/Hbl/all/LLIHandler/NonfunctionalLLI\
#        -Isource/XCategory/Hbl/all/LLIHandler/PulseCounterLLI\
#        -Isource/XCategory/Hbl/all/LLIHandler/SRAnalogLLI\
#        -Isource/XCategory/Hbl/all/LLIHandler/SRDigitalLLI\
#        -Isource/XCategory/Hbl/all/LLIHandler/SRFeedbackLLI\
#        -Isource/XCategory/Hbl/all/LLIHandler/SRI2CPressureSensorLLI\
#        -Isource/XCategory/Hbl/all/LLIHandler/SRICTachometerLLI\
#        -Isource/XCategory/Hbl/all/LLIHandler/SRInputCaptureLLI\
#        -Isource/XCategory/Hbl/all/LLIHandler/SRTouchKeyLLI\
#        -Isource/XCategory/Hbl/all/LLIHandler/SRTriacFeedbackLLI\
#        -Isource/XCategory/Hbl/all/LLIHandler/TouchKeyLLI\
#        -Isource/XCategory/Hbl/all/LLIHandler/TouchSliderLLI\
#        -Isource/XCategory/Hbl/all/LLIHandler/TouchWheelLLI\
#        -Isource/XCategory/Hbl/all/LLIHandler/TriacFeedbackLLI\
#        -Isource/XCategory/Hbl/all/LLIHandler/VirtualDigitalLLI\
#        -Isource/XCategory/Service/all/NVData\
#        -Isource/XCategory/Service/all/Reveal\
#        -Isource/XCategory/Service/all/Win\) -l listings\BackgroundThreads.lst
#        -o obj\BackgroundThreads.obj
#        source/XCategory/Common/all/SRMain/BackgroundThreads/BackgroundThreads.c
#    Locale       =  English_United States.1252
#    List file    =  listings\BackgroundThreads.lst
#    Object file  =  obj\BackgroundThreads.obj
#
###############################################################################

C:\Data\Nucleus_Dev\Vostok_ACU_A\source\XCategory\Common\all\SRMain\BackgroundThreads\BackgroundThreads.c
      1          /**
      2           *  @file       
      3           *
      4           *  @brief      Implementation of the BackgroundThreads feature
      5           *
      6           *  @details    This module creates a pool of Background threads depending by the items present in the
      7           *              BACKGROUNDTHREADS_STACK_LIST configuration, that contain a list of stack size for each thread.
      8           *              BACKGROUNDTHREADS_MAX_STACK_SIZE macro shall be defined to be at least equal to the sum of all stacks
      9           *              listed in BACKGROUNDTHREADS_STACK_LIST.
     10           *
     11           *              Enable this module defining BACKGROUNDTHREADS_FEATURE as ENABLED in SystemConfig_prm.h
     12           *
     13           *              ** If BACKGROUNDTHREADS_MAX_STACK_SIZE cannot fit all thread stacks defined, no Background threads
     14           *              ** will be created.
     15           *
     16           *              ** Stack RAM occupation will be incremented by (number of threads + 1)*4 bytes to add
     17           *              ** stack check keywords for each thread and at the end of the entire area.
     18           *
     19           *              -  Any module can request to run a Background function using BackgroundThreads__Run(&FunctionName, minStack)
     20           *              -  Any module can also request to reserve a Thread to run a specific Background function
     21           *                 using BackgroundThreads__ReserveThread(&FunctionName, minStack) and first free thread
     22           *                 with the minimum stack size higher than the minStack value.
     23           *                 Each function can be reserved on one thread only.
     24           *              -  If a module wants to free a reserved Thread it can call BackgroundThreads__ReleaseThread(&FunctionName)
     25           *              -  BackgroundThreads__IsRunning(&FunctionName) will return if a function is running
     26           *              -  BackgroundThreads__GetElapsedTime(&FunctionName) will return time since it started, 0 otherwise
     27           *
     28           *              FunctionName shall be defined as: void FunctionName(void)
     29           *
     30           *  @copyright  Copyright 2021 Whirlpool Corporation. All rights reserved - CONFIDENTIAL
     31           */
     32          //---------------------------------------------------------------------------------------------------------------------
     33          //---------------------------------------------------------------------------------------------------------------------
     34          
     35          
     36          //-------------------------------------- Include Files ----------------------------------------------------------------
     37          #include "SystemConfig.h"
     38          #include "BackgroundThreads.h"
     39          #if (BACKGROUNDTHREADS_FEATURE == ENABLED)
     40              #include "BackgroundThreads_prv.h"
     41              #include "SRException.h"
     42              #include "RTOS.h"
     43              #include <string.h>
     44          #endif
     45          
     46          #if (BACKGROUNDTHREADS_FEATURE == ENABLED)
     47          //-------------------------------------- PUBLIC (Variables) -----------------------------------------------------------
     48          
     49          //-------------------------------------- PRIVATE (Variables, Constants & Defines) -------------------------------------
     50          
     51              #ifndef BACKGROUNDTHREADS_TIME_SLICE
     52                  #define BACKGROUNDTHREADS_TIME_SLICE           20
     53              #endif
     54          
     55              #if((BACKGROUNDTHREADS_TIME_SLICE < 1) || (BACKGROUNDTHREADS_TIME_SLICE > 255))
     56                  #error "Wrong value for BACKGROUNDTHREADS_TIME_SLICE: it must be in 1-255 range"
     57              #endif
     58          
     59              #if(OS_TRACKNAME != 0)
     60                  #define         BACKGROUNDTHREADS_NAME         "Background Thread",
     61              #else
     62                  #define         BACKGROUNDTHREADS_NAME
     63              #endif
     64          
     65              #define     BACKGROUNDTHREADS_THREADS_PRIO         10
     66              #define     BACKGROUNDTHREADS_EVENT                1
     67              #define     BACKGROUNDTHREADS_STACK_KEYWORD        0xFACECAFE
     68              #define     NUM_BG_THREADS      (ELEMENTS_IN_ARRAY(BACKGROUNDTHREADS_THREADS_STACKS))
     69              #define     BACKGROUNDTHREADS_SIZE_ELEMENTS        \
     70                          (((BACKGROUNDTHREADS_MAX_STACK_SIZE + sizeof(uint32) - 1)/sizeof(uint32))+ NUM_BG_THREADS + 1)
     71          
     72              typedef struct BACKGROUNDTHREADS_DATA_STRUCT
     73              {
     74                  void *Assigned_Func;
     75                  void *Running_Func;
     76                  uint32 Timestamp;
     77                  uint16 Stack_Use;
     78              } BACKGROUNDTHREADS_DATA_TYPE;
     79          
     80              static uint16 const BACKGROUNDTHREADS_THREADS_STACKS[] = BACKGROUNDTHREADS_STACK_LIST;
     81              // Thread control blocks - contains embOS thread information for all Background threads
     82              static OS_TASK BackgroundThreads_Tcb[NUM_BG_THREADS];
     83              static BACKGROUNDTHREADS_DATA_TYPE BackgroundThreads_Data[NUM_BG_THREADS];
     84              static uint16 BackgroundThreads_Stack_Allocated;
     85              #pragma location="TASKS_STACK_BACKGROUND_THREAD"
     86              OS_STACKPTR uint32 BackgroundThreads_Stack_Area[BACKGROUNDTHREADS_SIZE_ELEMENTS];
     87          
     88          //-------------------------------------- PRIVATE (Function Prototypes) ------------------------------------------------
     89              static void BackgroundThreadsExec(void *data_ptr);
     90              static uint8 GetFreeBackgroundIndex(void *function_ptr, uint16 stack_required);
     91          #endif
     92          
     93          //=====================================================================================================================
     94          //-------------------------------------- Public Functions -------------------------------------------------------------
     95          //=====================================================================================================================
     96          
     97          //---------------------------------------------------------------------------------------------------------------------
     98          /**
     99           *  @brief      It initializes the BackgroundThread module and its variables
    100           *  @details    Initialize method checks if BackgroundThreads_Stack_Area can contain all stacks defined in
    101           *              BACKGROUNDTHREADS_STACK_LIST macro before creating all Background threads.
    102           *              Checks if embOS supports Round Robin feature to perform Background threads switch;
    103           *              if not only one thread will be allowed to be defined.
    104           *
    105           *              If one of these checks fail no threads will be created: Run and ReserveThread methods will return FAIL.
    106           *
    107           */

   \                                 In section .text, align 2, keep-with-next
    108          void BackgroundThreads__Initialize(void)
    109          {
    110              #if (BACKGROUNDTHREADS_FEATURE == ENABLED)
    111                  BACKGROUNDTHREADS_DATA_TYPE *data_ptr;
    112                  uint16 stack_offset;
    113                  uint8 index;
    114          
    115                  memset(BackgroundThreads_Data, 0, sizeof(BackgroundThreads_Data));
    116                  memset(BackgroundThreads_Tcb, 0, sizeof(BackgroundThreads_Tcb));
    117                  BackgroundThreads_Stack_Allocated = 1;
    118                  // Check if reserved stack area fits the thread configuration
    119                  for(index = 0; index < NUM_BG_THREADS; index++)
    120                  {
    121                      BackgroundThreads_Stack_Allocated += BACKGROUNDTHREADS_THREADS_STACKS[index]/sizeof(uint32)+1;
    122                  }
    123                  // Allow Background thread if stack fits the space requested and
    124                  // OS supports Round Robin feature or there is only one thread defined
    125                  if(((OS_RR_SUPPORTED != 0) || (NUM_BG_THREADS == 1)) &&
    126                      (BackgroundThreads_Stack_Allocated <= ELEMENTS_IN_ARRAY(BackgroundThreads_Stack_Area)))
    127                  {
    128                      stack_offset = 0;
    129                      for(index = 0; index < NUM_BG_THREADS; index++)
    130                      {
    131                          data_ptr = &BackgroundThreads_Data[index];
    132                          BackgroundThreads_Stack_Area[stack_offset] = BACKGROUNDTHREADS_STACK_KEYWORD;
    133                          stack_offset++;
    134                          OS_CreateTaskEx(&BackgroundThreads_Tcb[index], BACKGROUNDTHREADS_NAME BACKGROUNDTHREADS_THREADS_PRIO,
    135                              BackgroundThreadsExec, &BackgroundThreads_Stack_Area[stack_offset],
    136                              BACKGROUNDTHREADS_THREADS_STACKS[index], BACKGROUNDTHREADS_TIME_SLICE, (void *) data_ptr);
    137                          stack_offset += BACKGROUNDTHREADS_THREADS_STACKS[index]/sizeof(uint32);
    138                      }
    139                      BackgroundThreads_Stack_Area[ELEMENTS_IN_ARRAY(BackgroundThreads_Stack_Area)-1] = BACKGROUNDTHREADS_STACK_KEYWORD;
    140                  }
    141              #endif
    142          }
   \                     BackgroundThreads__Initialize: (+1)
   \   00000000   0x4770             BX       LR               ;; return
    143          
    144          //---------------------------------------------------------------------------------------------------------------------
    145          /**
    146           *  @brief      Periodic handler to perform thread stack check
    147           *
    148           */

   \                                 In section .text, align 2, keep-with-next
    149          void BackgroundThreads__Handler(void)
    150          {
    151              #if (BACKGROUNDTHREADS_FEATURE == ENABLED)
    152                  if(BackgroundThreads_Stack_Allocated <= ELEMENTS_IN_ARRAY(BackgroundThreads_Stack_Area))
    153                  {
    154                      uint16 stack_offset = 0;
    155                      uint8 index;
    156                      for(index = 0; index < NUM_BG_THREADS; index++)
    157                      {
    158                          if(BackgroundThreads_Stack_Area[stack_offset] != BACKGROUNDTHREADS_STACK_KEYWORD)
    159                          {
    160                              SRException__Queue(SREXCEPTION_STACK_OVERFLOW, 1, index);
    161                          }
    162                          stack_offset += BACKGROUNDTHREADS_THREADS_STACKS[index]/sizeof(uint32) + 1;
    163                          BackgroundThreads_Data[index].Stack_Use = (uint16) OS_GetStackUsed(&BackgroundThreads_Tcb[index]);
    164                      }
    165                      if(BackgroundThreads_Stack_Area[ELEMENTS_IN_ARRAY(BackgroundThreads_Stack_Area)-1] != BACKGROUNDTHREADS_STACK_KEYWORD)
    166                      {
    167                          SRException__Queue(SREXCEPTION_STACK_OVERFLOW, 1, NUM_BG_THREADS);
    168                      }
    169                  }
    170              #endif
    171          }
   \                     BackgroundThreads__Handler: (+1)
   \   00000000   0x4770             BX       LR               ;; return
    172          
    173          //---------------------------------------------------------------------------------------------------------------------
    174          /**
    175           *  @brief      This function will reserve a thread that will run exclusively a specific function
    176           *
    177           *  @param function_ptr    - Pointer to the function that will be reserved to a thread
    178           *  @param stack_required  - Minimum stack size required by the function to run
    179           *
    180           *  @return
    181           *  PASS    if function_ptr has been - or it's already - reserved to a thread
    182           *  FAIL    if no free threads with enough stack space has been found
    183           *
    184           */

   \                                 In section .text, align 2, keep-with-next
    185          PASS_FAIL_TYPE BackgroundThreads__ReserveThread(FUNCTION_TYPE function_ptr, uint16 stack_required)
    186          {
    187              PASS_FAIL_TYPE result = FAIL;
    188          
    189              #if (BACKGROUNDTHREADS_FEATURE == ENABLED)
    190                  if(BackgroundThreads_Stack_Allocated <= ELEMENTS_IN_ARRAY(BackgroundThreads_Stack_Area))
    191                  {
    192                      uint8 found_index = NUM_BG_THREADS;
    193                      uint8 index;
    194          
    195                      for(index = 0; index < NUM_BG_THREADS; index++)
    196                      {
    197                          BACKGROUNDTHREADS_DATA_TYPE *data_ptr = &BackgroundThreads_Data[index];
    198                          if(((void *)function_ptr == data_ptr->Assigned_Func) ||
    199                              ((void *)function_ptr == data_ptr->Running_Func))
    200                          {
    201                              // Function already reserved to - or running in - a thread
    202                              found_index = index;
    203                              break;
    204                          }
    205                          else if((data_ptr->Assigned_Func == NULL) &&
    206                              (data_ptr->Running_Func == NULL) &&
    207                              (stack_required <= BACKGROUNDTHREADS_THREADS_STACKS[index]))
    208                          {
    209                              if(found_index < NUM_BG_THREADS)
    210                              {
    211                                  if(BACKGROUNDTHREADS_THREADS_STACKS[index] < BACKGROUNDTHREADS_THREADS_STACKS[found_index])
    212                                  {
    213                                      found_index = index;
    214                                  }
    215                              }
    216                              else
    217                              {
    218                                  found_index = index;
    219                              }
    220                          }
    221                      }
    222          
    223                      if(found_index < NUM_BG_THREADS)
    224                      {
    225                          BackgroundThreads_Data[found_index].Assigned_Func = (void *) function_ptr;
    226                          result = PASS;
    227                      }
    228                  }
    229              #endif
    230          
    231              return(result);
   \                     BackgroundThreads__ReserveThread: (+1)
   \   00000000   0x2000             MOVS     R0,#+0
   \   00000002   0x4770             BX       LR               ;; return
    232          }
    233          
    234          //---------------------------------------------------------------------------------------------------------------------
    235          /**
    236           *  @brief      This function will release thread that has been reserved to a thread
    237           *
    238           *  @param function_ptr    - Pointer to the function to remove that will be assigned to a thread
    239           *
    240           */

   \                                 In section .text, align 2, keep-with-next
    241          void BackgroundThreads__ReleaseThread(FUNCTION_TYPE function_ptr)
    242          {
    243              #if (BACKGROUNDTHREADS_FEATURE == ENABLED)
    244                  if(BackgroundThreads_Stack_Allocated <= ELEMENTS_IN_ARRAY(BackgroundThreads_Stack_Area))
    245                  {
    246                      uint8 index;
    247          
    248                      for(index = 0; index < NUM_BG_THREADS; index++)
    249                      {
    250                          if((void *)function_ptr == BackgroundThreads_Data[index].Assigned_Func)
    251                          {
    252                              BackgroundThreads_Data[index].Assigned_Func = NULL;
    253                              break;
    254                          }
    255                      }
    256                  }
    257              #endif
    258          }
   \                     BackgroundThreads__ReleaseThread: (+1)
   \   00000000   0x4770             BX       LR               ;; return
    259          
    260          //---------------------------------------------------------------------------------------------------------------------
    261          /**
    262           *  @brief      This function will start a function running in a thread
    263           *
    264           *  @param function_ptr    - Pointer to the function to run
    265           *  @param stack_required  - Minimum stack size required by the function to run
    266           *                            Not used if function has a reserved thread
    267           *
    268           *  @return
    269           *  PASS    if function is able to start its execution in a free or reserved thread
    270           *  FAIL    if no free threads are available to run the function
    271           *
    272           */

   \                                 In section .text, align 2, keep-with-next
    273          PASS_FAIL_TYPE BackgroundThreads__Run(FUNCTION_TYPE function_ptr, uint16 stack_required)
    274          {
    275              PASS_FAIL_TYPE result = FAIL;
    276          
    277              #if (BACKGROUNDTHREADS_FEATURE == ENABLED)
    278                  if(BackgroundThreads_Stack_Allocated <= ELEMENTS_IN_ARRAY(BackgroundThreads_Stack_Area))
    279                  {
    280                      uint8 index = GetFreeBackgroundIndex((void *) function_ptr, stack_required);
    281                      if(index < NUM_BG_THREADS)
    282                      {
    283                          BackgroundThreads_Data[index].Running_Func = (void *)function_ptr;
    284                          result = PASS;
    285                          OS_SignalEvent(BACKGROUNDTHREADS_EVENT, &BackgroundThreads_Tcb[index]);
    286                      }
    287                  }
    288              #endif
    289          
    290              return(result);
   \                     BackgroundThreads__Run: (+1)
   \   00000000   0x2000             MOVS     R0,#+0
   \   00000002   0x4770             BX       LR               ;; return
    291          }
    292          
    293          //---------------------------------------------------------------------------------------------------------------------
    294          /**
    295           *  @brief      This function will return if a function is running
    296           *
    297           *  @param function_ptr    - Pointer to the function to check
    298           *
    299           *  @return
    300           *  TRUE    if function is running
    301           *  FALSE   if function is not running - not requested or execution has completed
    302           *
    303           */

   \                                 In section .text, align 2, keep-with-next
    304          BOOL_TYPE BackgroundThreads__IsRunning(FUNCTION_TYPE function_ptr)
    305          {
    306              BOOL_TYPE is_running = FALSE;
    307          
    308              #if (BACKGROUNDTHREADS_FEATURE == ENABLED)
    309                  uint8 index;
    310                  for(index = 0; index < NUM_BG_THREADS; index++)
    311                  {
    312                      if(BackgroundThreads_Data[index].Running_Func == (void *)function_ptr)
    313                      {
    314                          // Running function found, exit the loop
    315                          is_running = TRUE;
    316                          break;
    317                      }
    318                  }
    319              #endif
    320          
    321              return(is_running);
   \                     BackgroundThreads__IsRunning: (+1)
   \   00000000   0x2000             MOVS     R0,#+0
   \   00000002   0x4770             BX       LR               ;; return
    322          }
    323          
    324          //---------------------------------------------------------------------------------------------------------------------
    325          /**
    326           *  @brief      This function will return time (in ms) since a running function started
    327           *
    328           *  @param function_ptr    - Pointer to the function to check
    329           *
    330           *  @return
    331           *  time (in ms) elapsed from function started, if it's running
    332           *  0 if function is not running - not requested or execution has completed
    333           *
    334           *
    335           */

   \                                 In section .text, align 2, keep-with-next
    336          uint32 BackgroundThreads__GetElapsedTime(FUNCTION_TYPE function_ptr)
    337          {
    338              uint32 elapsed = 0;
    339          
    340              #if (BACKGROUNDTHREADS_FEATURE == ENABLED)
    341                  uint8 index;
    342                  for(index = 0; index < NUM_BG_THREADS; index++)
    343                  {
    344                      if(BackgroundThreads_Data[index].Running_Func == (void *)function_ptr)
    345                      {
    346                          // Running function found, exit the loop
    347                          elapsed = OS_GetTime32() - BackgroundThreads_Data[index].Timestamp;
    348                          break;
    349                      }
    350                  }
    351              #endif
    352          
    353              return(elapsed);
   \                     BackgroundThreads__GetElapsedTime: (+1)
   \   00000000   0x2000             MOVS     R0,#+0
   \   00000002   0x4770             BX       LR               ;; return
    354          }
    355          
    356          //=====================================================================================================================
    357          //-------------------------------------- Private Functions ------------------------------------------------------------
    358          //=====================================================================================================================
    359          
    360          #if (BACKGROUNDTHREADS_FEATURE == ENABLED)
    361          
    362          //---------------------------------------------------------------------------------------------------------------------
    363          /**
    364           *  @brief      Background thread function that waits and run requests
    365           *
    366           *  @param data_ptr    - Pointer to the function data to handle
    367           *
    368           */
    369          void BackgroundThreadsExec(void *data_ptr)
    370          {
    371              OS_TASK_EVENT my_event;
    372              while(1)
    373              {
    374                  my_event = OS_WaitEvent(BACKGROUNDTHREADS_EVENT);
    375                  if((my_event == BACKGROUNDTHREADS_EVENT) &&
    376                      (data_ptr != NULL) &&
    377                      (((BACKGROUNDTHREADS_DATA_TYPE *)data_ptr)->Running_Func != NULL))
    378                  {
    379                      ((BACKGROUNDTHREADS_DATA_TYPE *)data_ptr)->Timestamp = OS_GetTime32();
    380                      ((FUNCTION_TYPE) ((BACKGROUNDTHREADS_DATA_TYPE *)data_ptr)->Running_Func)();
    381                      ((BACKGROUNDTHREADS_DATA_TYPE *)data_ptr)->Running_Func = NULL;
    382                  }
    383              }
    384          }
    385          
    386          //---------------------------------------------------------------------------------------------------------------------
    387          /**
    388           *  @brief      This function will return a free thread to run a requested function
    389           *
    390           *  @param function_ptr    - Pointer to the function to run
    391           *  @param stack_required  - Minimum stack size required by the function to run
    392           *                            Not used if function has a reserved thread
    393           *
    394           *  @return
    395           *  found_index if a free or already reserved thread has been found
    396           *  NUM_BG_THREADS (out of index) if no free threads have been found
    397           *
    398           */
    399          uint8 GetFreeBackgroundIndex(void *function_ptr, uint16 stack_required)
    400          {
    401              uint8 found_index = NUM_BG_THREADS;
    402              uint8 index;
    403          
    404              for(index = 0; index < NUM_BG_THREADS; index++)
    405              {
    406                  BACKGROUNDTHREADS_DATA_TYPE *data_ptr = &BackgroundThreads_Data[index];
    407          
    408                  if(data_ptr->Assigned_Func == function_ptr)
    409                  {
    410                      // Assigned thread: exit loop; if not running, save index to return
    411                      if(data_ptr->Running_Func == NULL)
    412                      {
    413                          found_index = index;
    414                      }
    415                      else
    416                      {
    417                          found_index = NUM_BG_THREADS;
    418                      }
    419                      break;
    420                  }
    421                  else if((data_ptr->Assigned_Func == NULL) &&
    422                      (data_ptr->Running_Func == NULL) &&
    423                      (stack_required <= BACKGROUNDTHREADS_THREADS_STACKS[index]) &&
    424                      (found_index >= NUM_BG_THREADS))
    425                  {
    426                      // First free thread found: don't exit to find if there is an assigned thread
    427                      found_index = index;
    428                  }
    429              }
    430          
    431              return(found_index);
    432          }
    433          
    434          #endif

   Maximum stack usage in bytes:

   .cstack Function
   ------- --------
       0   BackgroundThreads__GetElapsedTime
       0   BackgroundThreads__Handler
       0   BackgroundThreads__Initialize
       0   BackgroundThreads__IsRunning
       0   BackgroundThreads__ReleaseThread
       0   BackgroundThreads__ReserveThread
       0   BackgroundThreads__Run


   Section sizes:

   Bytes  Function/Label
   -----  --------------
       4  BackgroundThreads__GetElapsedTime
       2  BackgroundThreads__Handler
       2  BackgroundThreads__Initialize
       4  BackgroundThreads__IsRunning
       2  BackgroundThreads__ReleaseThread
       4  BackgroundThreads__ReserveThread
       4  BackgroundThreads__Run

 
 22 bytes in section .text
 
 22 bytes of CODE memory

Errors: none
Warnings: none
