###############################################################################
#
# IAR ANSI C/C++ Compiler V7.70.1.11437/W32 for ARM       28/Feb/2025  14:17:03
# Copyright 1999-2016 IAR Systems AB.
#
#    Cpu mode     =  thumb
#    Endian       =  little
#    Source file  =  source/XCategory/Common/acu/BrownOut/BrownOut.c
#    Command line =  
#        --cpu Cortex-M0+ -Om --debug -e --only_stdout --silent -D
#        ENABLE_JUMP_TO_APPLICATION_WITHOUT_IAP_FIRMWARE --no_wrap_diagnostics
#        -f config\tmp\include_path.lnt
#        (-I../Nucleus-Tools-SDK/embOS/arm/v4.26/source\
#        -I../Nucleus-Tools-SDK/iar/arm/v7.70/cx/inc\
#        -Isource/Category/Application/acu/CycleResume\
#        -Isource/Category/Application/acu/Monitors/AutostartFactoryCycleMonitor\
#        -Isource/Category/Application/acu/Monitors/CartridgeDetectionMonitor\
#        -Isource/Category/Application/acu/Monitors/DCLoadCurrentMonitor\
#        -Isource/Category/Application/acu/Monitors/DiverterFaultMonitor\
#        -Isource/Category/Application/acu/Monitors/DiverterLeakFaultMonitor\
#        -Isource/Category/Application/acu/Monitors/DoorMonitor\
#        -Isource/Category/Application/acu/Monitors/DoorOpeningSystemMonitor\
#        -Isource/Category/Application/acu/Monitors/FanMotorFaultMonitor\
#        -Isource/Category/Application/acu/Monitors/FaultStatusMonitor\
#        -Isource/Category/Application/acu/Monitors/FillValveStuckOn\
#        -Isource/Category/Application/acu/Monitors/FlowMeterFaultMonitor\
#        -Isource/Category/Application/acu/Monitors/HeatMonitor\
#        -Isource/Category/Application/acu/Monitors/HotHighPotMonitor\
#        -Isource/Category/Application/acu/Monitors/LITTFaultMonitor\
#        -Isource/Category/Application/acu/Monitors/LITTMonitor\
#        -Isource/Category/Application/acu/Monitors/McuGetDataMonitor\
#        -Isource/Category/Application/acu/Monitors/ModelMonitors/AirlockDetectionMonitor\
#        -Isource/Category/Application/acu/Monitors/ModelMonitors/AirlockDetectionMonitor/CodeGeneration\
#        -Isource/Category/Application/acu/Monitors/ModelMonitors/HeaterCalcificationDetectionModel\
#        -Isource/Category/Application/acu/Monitors/ModelMonitors/HeaterCalcificationDetectionModel/CodeGeneration\
#        -Isource/Category/Application/acu/Monitors/ModelMonitors/OWIVoltageRegulatedOutputModel\
#        -Isource/Category/Application/acu/Monitors/ModelMonitors/OWIVoltageRegulatedOutputModel/CodeGeneration\
#        -Isource/Category/Application/acu/Monitors/ModelMonitors/PluggingDetectionMonitor\
#        -Isource/Category/Application/acu/Monitors/ModelMonitors/PluggingDetectionMonitor/CodeGeneration\
#        -Isource/Category/Application/acu/Monitors/MoisturePreventionMonitor\
#        -Isource/Category/Application/acu/Monitors/OverfillMonitor\
#        -Isource/Category/Application/acu/Monitors/OWIMonitor\
#        -Isource/Category/Application/acu/Monitors/PilotRelayFaultMonitor\
#        -Isource/Category/Application/acu/Monitors/PilotRelayFaultMonitor/PilotRelayStuckClosedMonitor\
#        -Isource/Category/Application/acu/Monitors/PilotRelayFaultMonitor/PilotRelayStuckOpenMonitor\
#        -Isource/Category/Application/acu/Monitors/PORTimeMonitor\
#        -Isource/Category/Application/acu/Monitors/PumpFlushRequestMonitor\
#        -Isource/Category/Application/acu/Monitors/RinseAidMonitor\
#        -Isource/Category/Application/acu/Monitors/SaltSensingMonitor\
#        -Isource/Category/Application/acu/Monitors/StabilityControlLoopMonitor\
#        -Isource/Category/Application/acu/Monitors/StandbyManager\
#        -Isource/Category/Application/acu/Monitors/SupervisorExtMonitor\
#        -Isource/Category/Application/acu/Monitors/ThermistorFaultMonitor\
#        -Isource/Category/Application/acu/Monitors/ThermistorFaultMonitor/ThermistorOpenMonitor\
#        -Isource/Category/Application/acu/Monitors/ThermistorFaultMonitor/ThermistorShortedMonitor\
#        -Isource/Category/Application/acu/Monitors/TriacCurrentMonitor\
#        -Isource/Category/Application/acu/Monitors/TriacShortedDrainFaultMonitor\
#        -Isource/Category/Application/acu/Monitors/TriacVoltageMonitor\
#        -Isource/Category/Application/acu/Monitors/VoltageRangeMonitor\
#        -Isource/Category/Application/acu/Monitors/VSDrainMotorFaultMonitor\
#        -Isource/Category/Application/acu/Monitors/VwiMonitor\
#        -Isource/Category/Application/acu/Monitors/VwiZoneCompensationMonitor\
#        -Isource/Category/Application/acu/Monitors/WashHeaterFaultMonitor\
#        -Isource/Category/Application/acu/Monitors/WashHeaterFaultMonitor/HeaterLeakageToNeutralMonitor\
#        -Isource/Category/Application/acu/Monitors/WashHeaterFaultMonitor/HeaterLineRelayOpenMonitor\
#        -Isource/Category/Application/acu/Monitors/WashHeaterFaultMonitor/HeaterNeutralRelayOpenMonitor\
#        -Isource/Category/Application/acu/Monitors/WashHeaterFaultMonitor/HeaterOpenAndLineRelayClosedMonitor\
#        -Isource/Category/Application/acu/Monitors/WashHeaterFaultMonitor/HeaterOpenMonitor\
#        -Isource/Category/Application/acu/Monitors/WashMotorFaultMonitor\
#        -Isource/Category/Application/acu/Monitors/ZeroCrossMonitor\
#        -Isource/Category/Application/acu/Processes/AlternateCtrl\
#        -Isource/Category/Application/acu/Processes/Fill\
#        -Isource/Category/Application/acu/Processes/Fill/ClassAFill\
#        -Isource/Category/Application/acu/Processes/Fill/Fill\
#        -Isource/Category/Application/acu/Processes/Fill/TankDrain\
#        -Isource/Category/Application/acu/Processes/Fill/TankFill\
#        -Isource/Category/Application/acu/Processes/Heat\
#        -Isource/Category/Application/acu/Processes/ModelProcesses/OWICalibrationModel\
#        -Isource/Category/Application/acu/Processes/ModelProcesses/OWICalibrationModel/CodeGeneration\
#        -Isource/Category/Application/acu/Processes/ModelProcesses/PartialDrainModel\
#        -Isource/Category/Application/acu/Processes/ModelProcesses/PartialDrainModel/CodeGeneration\
#        -Isource/Category/Application/acu/Processes/ModelProcesses/SensedDrainModel\
#        -Isource/Category/Application/acu/Processes/ModelProcesses/SensedDrainModel/CodeGeneration\
#        -Isource/Category/Application/acu/Processes/OWI\
#        -Isource/Category/Application/acu/Processes/OWI_VRO\
#        -Isource/Category/Application/acu/Processes/OWIOneShot\
#        -Isource/Category/Application/acu/Processes/PumpControl\
#        -Isource/Category/Application/acu/Processes/Regenerate\
#        -Isource/Category/Application/acu/Processes/RinseAidDispense\
#        -Isource/Category/Application/acu/Processes/RinseAidDispense/RinseAid\
#        -Isource/Category/Application/acu/Processes/RinseAidDispense/TridgeDetergent\
#        -Isource/Category/Application/acu/Tasks/DoorOpeningSystemPull\
#        -Isource/Category/Application/acu/Tasks/DoorOpeningSystemPush\
#        -Isource/Category/Application/acu/Tasks/HeaterShadowing\
#        -Isource/Category/Application/acu/Tasks/MoisturePrevention\
#        -Isource/Category/Application/acu/Tasks/OWIContinousReading\
#        -Isource/Category/Application/acu/Tasks/OwiVroContinuousReading\
#        -Isource/Category/Application/acu/Tasks/Sanitization\
#        -Isource/Category/Application/acu/Tasks/StabilityControl\
#        -Isource/Category/Application/acu/Tasks/TimeElapse\
#        -Isource/Category/Application/acu/VWI\
#        -Isource/Category/Application/all/ActivePower\
#        -Isource/Category/Application/all/API007App\
#        -Isource/Category/Application/all/Config\
#        -Isource/Category/Common/acu/CommonDish/DishAuxVar\
#        -Isource/Category/Common/acu/CommonDish/PumpCommand\
#        -Isource/Category/Common/acu/CommonDish/StatisticsDish\
#        -Isource/Category/Common/all/BoardDebugging\
#        -Isource/Category/Common/all/Config\
#        -Isource/Category/Common/all/MasterCommander\
#        -Isource/Category/Common/all/MasterCommander/Source\
#        -Isource/Category/Common/all/MasterCommander/Source/HAL\
#        -Isource/Category/Common/all/SharedUtils\
#        -Isource/Category/Hbl/acu/ACULoadHandler/AlternateLoad\
#        -Isource/Category/Hbl/acuexpacu/ACUGIHandler/WaterCounterGI\
#        -Isource/Category/Hbl/acuexpacu/ACULoadHandler/HeaterLoad\
#        -Isource/Category/Hbl/acuexpacu/ACULoadHandler/TriacMci\
#        -Isource/Category/Hbl/all/Config\ -Isource/Category/Hbl/all/Mci\
#        -Isource/Category/Hbl/all/Mci/MciZeroCross\
#        -Isource/Category/Hbl/all/Mci/Slfac\
#        -Isource/Category/Hbl/all/Mci/Slfac/Macroblocks\
#        -Isource/Category/Hbl/all/Mci/Slfac/Microblocks/GlitchFilter\
#        -Isource/Category/Hbl/all/Mci/Slfac/Microblocks/IIRFilter\
#        -Isource/Category/Hbl/all/Mci/Slfac/Microblocks/MathCalc\
#        -Isource/Category/Hbl/all/Mci/Slfac/Microblocks/PeakDetector\
#        -Isource/Category/Hbl/all/Mci/Slfac/Microblocks/Pi\
#        -Isource/Category/Hbl/all/MCUDrivers/TimeCapture\
#        -Isource/Category/Hbl/all/MCUDrivers/TimerInterruptExt\
#        -Isource/Micros/STM32G0x/Driver/Atod\
#        -Isource/Micros/STM32G0x/Driver/DataFlash\
#        -Isource/Micros/STM32G0x/Driver/Dma\
#        -Isource/Micros/STM32G0x/Driver/Dtoa\
#        -Isource/Micros/STM32G0x/Driver/ExtInterrupt\
#        -Isource/Micros/STM32G0x/Driver/Flash\
#        -Isource/Micros/STM32G0x/Driver/Gpio\
#        -Isource/Micros/STM32G0x/Driver/I2c\
#        -Isource/Micros/STM32G0x/Driver/IntMgr\
#        -Isource/Micros/STM32G0x/Driver/Micro\
#        -Isource/Micros/STM32G0x/Driver/MicroExt\
#        -Isource/Micros/STM32G0x/Driver/Rtc\
#        -Isource/Micros/STM32G0x/Driver/RTCDriver\
#        -Isource/Micros/STM32G0x/Driver/Spi\
#        -Isource/Micros/STM32G0x/Driver/Timeout\
#        -Isource/Micros/STM32G0x/Driver/Timer\
#        -Isource/Micros/STM32G0x/Driver/TimerInterrupt\
#        -Isource/Micros/STM32G0x/Driver/Uart\
#        -Isource/ProjectSpecific/Application/acu/Config\
#        -Isource/ProjectSpecific/Application/acu/LowPower\
#        -Isource/ProjectSpecific/Application/acuexpacu/Config\
#        -Isource/ProjectSpecific/Application/all/Config\
#        -Isource/ProjectSpecific/Application/all/MCUDebug\
#        -Isource/ProjectSpecific/Application/all/ProductInfo\
#        -Isource/ProjectSpecific/Common/acu/Config\
#        -Isource/ProjectSpecific/Common/all/Config\
#        -Isource/ProjectSpecific/Common/all/Debug\
#        -Isource/ProjectSpecific/Common/all/SRConfig\
#        -Isource/ProjectSpecific/Driver/STM32G0x\
#        -Isource/ProjectSpecific/Hbl/acuexpacu/Config\
#        -Isource/ProjectSpecific/Hbl/acuexpacu/SRConfig\
#        -Isource/ProjectSpecific/Hbl/all/Config\
#        -Isource/ProjectSpecific/Hbl/all/Config/Mci\
#        -Isource/ProjectSpecific/Hbl/all/Config/Mci/MasterCommander\
#        -Isource/ProjectSpecific/Hbl/all/Config/Mci/MCUDrivers\
#        -Isource/ProjectSpecific/Hbl/all/SRConfig\
#        -Isource/XCategory/Application/acu/API221MotionCtrl\
#        -Isource/XCategory/Application/acu/Calibration\
#        -Isource/XCategory/Application/acu/Condition\
#        -Isource/XCategory/Application/acu/Estimator\
#        -Isource/XCategory/Application/acu/Interpreter\
#        -Isource/XCategory/Application/acu/Processes/ActivateTask\
#        -Isource/XCategory/Application/acu/Processes/JumpIf\
#        -Isource/XCategory/Application/acu/Processes/LoadsControl\
#        -Isource/XCategory/Application/acu/Processes/Maintain\
#        -Isource/XCategory/Application/acu/Processes/SetVariable\
#        -Isource/XCategory/Application/acu/RegulationAccept\
#        -Isource/XCategory/Application/acu/Selector\
#        -Isource/XCategory/Application/acu/SubCycle\
#        -Isource/XCategory/Application/acu/Supervisor\
#        -Isource/XCategory/Application/acu/TestMgr\
#        -Isource/XCategory/Application/acuexpacu/ApplianceMgr\
#        -Isource/XCategory/Application/acuhmi/CommunicationMonitor\
#        -Isource/XCategory/Application/acuhmi/Modifier\
#        -Isource/XCategory/Application/acuhmi/Regulations\
#        -Isource/XCategory/Application/acuhmi/Status\
#        -Isource/XCategory/Application/all/API007Data\
#        -Isource/XCategory/Application/all/API011AppCtr\
#        -Isource/XCategory/Application/all/API012Exp\
#        -Isource/XCategory/Application/all/API013RemoteFunction\
#        -Isource/XCategory/Application/all/API018Diagnostic\
#        -Isource/XCategory/Application/all/API220MotorControl\
#        -Isource/XCategory/Application/all/API220MotorControl/Api\
#        -Isource/XCategory/Application/all/Mode\
#        -Isource/XCategory/Application/all/Reveal_Basic/API003Disc\
#        -Isource/XCategory/Application/all/Reveal_Basic/API004Debug\
#        -Isource/XCategory/Application/all/Reveal_Basic/API004Debug/SW05SoftwareTest\
#        -Isource/XCategory/Application/all/Reveal_Basic/API005LowLevel\
#        -Isource/XCategory/Application/all/Reveal_Basic/API009System\
#        -Isource/XCategory/Application/all/Reveal_Basic/API010PollVar\
#        -Isource/XCategory/Application/all/Reveal_Basic/API019ProductInfo\
#        -Isource/XCategory/Application/all/SFUpdater\
#        -Isource/XCategory/Application/all/SRAPI020Safety\
#        -Isource/XCategory/Application/all/StatusLed\
#        -Isource/XCategory/Common/acu/BrownOut\
#        -Isource/XCategory/Common/acu/Fault\
#        -Isource/XCategory/Common/acu/Statistics\
#        -Isource/XCategory/Common/all/Common/Callback\
#        -Isource/XCategory/Common/all/Common/Convert\
#        -Isource/XCategory/Common/all/Common/Crc16\
#        -Isource/XCategory/Common/all/Common/Crc32\
#        -Isource/XCategory/Common/all/Common/Crc8\
#        -Isource/XCategory/Common/all/Common/Equation\
#        -Isource/XCategory/Common/all/Common/Filter\
#        -Isource/XCategory/Common/all/Common/FITMgr\
#        -Isource/XCategory/Common/all/Common/I2cMgr\
#        -Isource/XCategory/Common/all/Common/IAPEmul\
#        -Isource/XCategory/Common/all/Common/Log\
#        -Isource/XCategory/Common/all/Common/Millis\
#        -Isource/XCategory/Common/all/Common/SeggerRTT\
#        -Isource/XCategory/Common/all/Common/SeggerRTT/SEGGER_RTT/Config\
#        -Isource/XCategory/Common/all/Common/SeggerRTT/SEGGER_RTT/RTT\
#        -Isource/XCategory/Common/all/Common/SettingFile\
#        -Isource/XCategory/Common/all/Common/SFVersionCheck\
#        -Isource/XCategory/Common/all/Common/SystemConfig\
#        -Isource/XCategory/Common/all/Common/SystemTimers\
#        -Isource/XCategory/Common/all/Common/Utilities\
#        -Isource/XCategory/Common/all/Common/Variable\
#        -Isource/XCategory/Common/all/SRCommon/SRClockMonitor\
#        -Isource/XCategory/Common/all/SRCommon/SRData\
#        -Isource/XCategory/Common/all/SRCommon/SRException\
#        -Isource/XCategory/Common/all/SRCommon/SRIsrMonitor\
#        -Isource/XCategory/Common/all/SRCommon/SRPowerMgr\
#        -Isource/XCategory/Common/all/SRCommon/SRSignature\
#        -Isource/XCategory/Common/all/SRCommon/SRSystemConfig\
#        -Isource/XCategory/Common/all/SRCommon/SRTaskMonitor\
#        -Isource/XCategory/Common/all/SRCommon/SRTaskSequence\
#        -Isource/XCategory/Common/all/SRCommon/SRTimerReference\
#        -Isource/XCategory/Common/all/SRCommon/SRUnusedPinsConfig\
#        -Isource/XCategory/Common/all/SRMain\
#        -Isource/XCategory/Common/all/SRMain/BackgroundThreads\
#        -Isource/XCategory/Common/all/SRMain/OsServices\
#        -Isource/XCategory/Common/all/SRMain/StackAnalysis\
#        -Isource/XCategory/Common/all/SRMain/TimingAnalysis\
#        -Isource/XCategory/Driver/APIs/Atod\
#        -Isource/XCategory/Driver/APIs/Comparator\
#        -Isource/XCategory/Driver/APIs/DataFlash\
#        -Isource/XCategory/Driver/APIs/Dma\
#        -Isource/XCategory/Driver/APIs/Dtc\
#        -Isource/XCategory/Driver/APIs/Dtoa\
#        -Isource/XCategory/Driver/APIs/EmbOS\
#        -Isource/XCategory/Driver/APIs/ExtInterrupt\
#        -Isource/XCategory/Driver/APIs/Flash\
#        -Isource/XCategory/Driver/APIs/Gpio\
#        -Isource/XCategory/Driver/APIs/I2c\
#        -Isource/XCategory/Driver/APIs/IntMgr\
#        -Isource/XCategory/Driver/APIs/Micro\
#        -Isource/XCategory/Driver/APIs/MicroExt\
#        -Isource/XCategory/Driver/APIs/Rtc\
#        -Isource/XCategory/Driver/APIs/RTCDriver\
#        -Isource/XCategory/Driver/APIs/Spi\
#        -Isource/XCategory/Driver/APIs/Timeout\
#        -Isource/XCategory/Driver/APIs/Timer\
#        -Isource/XCategory/Driver/APIs/TimerInterrupt\
#        -Isource/XCategory/Driver/APIs/Touch\
#        -Isource/XCategory/Driver/APIs/Uart\
#        -Isource/XCategory/Hbl/acu/FdmCounter\
#        -Isource/XCategory/Hbl/acu/FdmTimer\
#        -Isource/XCategory/Hbl/acuexpacu/ACUGIHandler/ConvertGI\
#        -Isource/XCategory/Hbl/acuexpacu/ACUGIHandler/DirectGI\
#        -Isource/XCategory/Hbl/acuexpacu/ACUGIHandler/DoorSwitchGI\
#        -Isource/XCategory/Hbl/acuexpacu/ACUGIHandler/ProbeGI\
#        -Isource/XCategory/Hbl/acuexpacu/ACUGIHandler/ProbeLpsGI\
#        -Isource/XCategory/Hbl/acuexpacu/ACULoadHandler/DCFanLoad\
#        -Isource/XCategory/Hbl/acuexpacu/ACUPilotHandler/AnalogOutputPilot\
#        -Isource/XCategory/Hbl/acuexpacu/ACUPilotHandler/ChargePumpPilot\
#        -Isource/XCategory/Hbl/acuexpacu/ACUPilotHandler/DigitalOutputMultiPilot\
#        -Isource/XCategory/Hbl/acuexpacu/ACUPilotHandler/DigitalOutputPilot\
#        -Isource/XCategory/Hbl/acuexpacu/ACUPilotHandler/DoorLockEMPilot\
#        -Isource/XCategory/Hbl/acuexpacu/ACUPilotHandler/DoorLockWaxPilot\
#        -Isource/XCategory/Hbl/acuexpacu/ACUPilotHandler/ExpansionPilot\
#        -Isource/XCategory/Hbl/acuexpacu/ACUPilotHandler/ExternalMotorPilot\
#        -Isource/XCategory/Hbl/acuexpacu/ACUPilotHandler/FSMPilot\
#        -Isource/XCategory/Hbl/acuexpacu/ACUPilotHandler/MagnetronPilot\
#        -Isource/XCategory/Hbl/acuexpacu/ACUPilotHandler/MotorPilot\
#        -Isource/XCategory/Hbl/acuexpacu/ACUPilotHandler/MultiDriverPilot\
#        -Isource/XCategory/Hbl/acuexpacu/ACUPilotHandler/MultiSequencePilot\
#        -Isource/XCategory/Hbl/acuexpacu/ACUPilotHandler/NonfunctionalPilot\
#        -Isource/XCategory/Hbl/acuexpacu/ACUPilotHandler/PwmHiResPilot\
#        -Isource/XCategory/Hbl/acuexpacu/ACUPilotHandler/PwmPilot\
#        -Isource/XCategory/Hbl/acuexpacu/ACUPilotHandler/SRChargePumpPilot\
#        -Isource/XCategory/Hbl/acuexpacu/ACUPilotHandler/SRDigitalOutputMultiPilot\
#        -Isource/XCategory/Hbl/acuexpacu/ACUPilotHandler/SRDigitalOutputPilot\
#        -Isource/XCategory/Hbl/acuexpacu/ACUPilotHandler/SRDoorLockEMPilot\
#        -Isource/XCategory/Hbl/acuexpacu/ACUPilotHandler/SRDoorLockWaxPilot\
#        -Isource/XCategory/Hbl/acuexpacu/ACUPilotHandler/SRUMRelayPilot\
#        -Isource/XCategory/Hbl/acuexpacu/ACUPilotHandler/SteadyPwmProfilePilot\
#        -Isource/XCategory/Hbl/acuexpacu/ACUPilotHandler/StepperPilot\
#        -Isource/XCategory/Hbl/acuexpacu/ACUPilotHandler/TriacSwitchPilot\
#        -Isource/XCategory/Hbl/acuexpacu/ACUPilotHandler/ZCRelayPilot\
#        -Isource/XCategory/Hbl/acuexpacu/ACUPilotHandler/ZCTriacPilot\
#        -Isource/XCategory/Hbl/acuexpacu/HblAcu\
#        -Isource/XCategory/Hbl/acuexpacu/HblAcu/CrossLoads\
#        -Isource/XCategory/Hbl/acuexpacu/HblAcu/SetLoadQueue\
#        -Isource/XCategory/Hbl/acuexpacu/HblAcu/SRProductMgr\
#        -Isource/XCategory/Hbl/acuexpacu/HblAcu/ZeroCross\
#        -Isource/XCategory/Hbl/all/Hbl\
#        -Isource/XCategory/Hbl/all/Hbl/DefaultPin\
#        -Isource/XCategory/Hbl/all/Hbl/HblCommon\
#        -Isource/XCategory/Hbl/all/Hbl/VirtualPin\
#        -Isource/XCategory/Hbl/all/LLIHandler/AbsoluteHumidityLLI\
#        -Isource/XCategory/Hbl/all/LLIHandler/AccelerometerLLI\
#        -Isource/XCategory/Hbl/all/LLIHandler/AccelerometerLLI/AccelBaseline\
#        -Isource/XCategory/Hbl/all/LLIHandler/AccelerometerLLI/AccelDiscover\
#        -Isource/XCategory/Hbl/all/LLIHandler/AccelerometerLLI/FXLS8974\
#        -Isource/XCategory/Hbl/all/LLIHandler/AccelerometerLLI/FXLS8974/SelfTestFXLS8974\
#        -Isource/XCategory/Hbl/all/LLIHandler/AccelerometerLLI/LISxDH\
#        -Isource/XCategory/Hbl/all/LLIHandler/AnalogLLI\
#        -Isource/XCategory/Hbl/all/LLIHandler/ConductivityLLI\
#        -Isource/XCategory/Hbl/all/LLIHandler/DigitalLLI\
#        -Isource/XCategory/Hbl/all/LLIHandler/EncoderLLI\
#        -Isource/XCategory/Hbl/all/LLIHandler/ExpansionLLI\
#        -Isource/XCategory/Hbl/all/LLIHandler/FeedbackLLI\
#        -Isource/XCategory/Hbl/all/LLIHandler/I2CInfraredLLI\
#        -Isource/XCategory/Hbl/all/LLIHandler/I2CPressureSensorLLI\
#        -Isource/XCategory/Hbl/all/LLIHandler/I2CRHTSensorLLI\
#        -Isource/XCategory/Hbl/all/LLIHandler/InputCaptureLLI\
#        -Isource/XCategory/Hbl/all/LLIHandler/MultiInputLLI\
#        -Isource/XCategory/Hbl/all/LLIHandler/NonfunctionalLLI\
#        -Isource/XCategory/Hbl/all/LLIHandler/PulseCounterLLI\
#        -Isource/XCategory/Hbl/all/LLIHandler/SRAnalogLLI\
#        -Isource/XCategory/Hbl/all/LLIHandler/SRDigitalLLI\
#        -Isource/XCategory/Hbl/all/LLIHandler/SRFeedbackLLI\
#        -Isource/XCategory/Hbl/all/LLIHandler/SRI2CPressureSensorLLI\
#        -Isource/XCategory/Hbl/all/LLIHandler/SRICTachometerLLI\
#        -Isource/XCategory/Hbl/all/LLIHandler/SRInputCaptureLLI\
#        -Isource/XCategory/Hbl/all/LLIHandler/SRTouchKeyLLI\
#        -Isource/XCategory/Hbl/all/LLIHandler/SRTriacFeedbackLLI\
#        -Isource/XCategory/Hbl/all/LLIHandler/TouchKeyLLI\
#        -Isource/XCategory/Hbl/all/LLIHandler/TouchSliderLLI\
#        -Isource/XCategory/Hbl/all/LLIHandler/TouchWheelLLI\
#        -Isource/XCategory/Hbl/all/LLIHandler/TriacFeedbackLLI\
#        -Isource/XCategory/Hbl/all/LLIHandler/VirtualDigitalLLI\
#        -Isource/XCategory/Service/all/NVData\
#        -Isource/XCategory/Service/all/Reveal\
#        -Isource/XCategory/Service/all/Win\) -l listings\BrownOut.lst -o
#        obj\BrownOut.obj source/XCategory/Common/acu/BrownOut/BrownOut.c
#    Locale       =  English_United States.1252
#    List file    =  listings\BrownOut.lst
#    Object file  =  obj\BrownOut.obj
#
###############################################################################

C:\Data\Nucleus_Dev\Vostok_ACU_A\source\XCategory\Common\acu\BrownOut\BrownOut.c
      1          /**
      2           *  @file       BrownOut.c
      3           *
      4           * @brief This module checks for BrownOut event and Trigger actions needs to be taken on BrownOut
      5           *
      6           * @details
      7           *  Created on: Dec 13, 2018
      8           *      Author: JAINB1
      9           *
     10           *
     11           * @note Regarding the suppressed PC-Lint warnings:
     12           * - The 506, suppresses "Constant value Boolean" where BROWNOUT_DETECTION_SOURCE, BROWNOUT_RECOVER_SOURCE, BROWNOUT__IS_VALID_SOURCE
     13           *     are used, since use of constant boolean value is allowed to disable a specific feature.
     14           *
     15          @startuml
     16          title BrownOut State machine
     17          
     18          ' use state = Brown_Out_State
     19          
     20          [*] --> BrownOutInitialize
     21          
     22          ' BrownOutInitialize State
     23          BrownOutInitialize: do / DetectStablePower()
     24          BrownOutInitialize --> BrownOutDetect : evStablePower
     25          
     26          ' BrownOutDetect State
     27          BrownOutDetect : do / DetectBrownOutEvent()
     28          BrownOutDetect --> BrownOutRecover : evBrownOutDetected
     29          
     30          ' BrownOutRecover State
     31          BrownOutRecover : do / DetectBrownOutRecover()
     32          BrownOutRecover --> BrownOutDetect : evStablePower
     33          @enduml
     34           *  @copyright  Copyright 2018 Whirlpool Corporation. All rights reserved - CONFIDENTIAL
     35           */
     36          //---------------------------------------------------------------------------------------------------------------------
     37          //---------------------------------------------------------------------------------------------------------------------
     38          
     39          
     40          //-------------------------------------- Include Files ----------------------------------------------------------------
     41          #include "SystemConfig.h"
     42          #include "BrownOut.h"
     43          #include "Log.h"
     44          
     45          //---------------------------------------------------------------------------------------------------------------------
     46          #ifndef STATUS_LED_FEATURE
     47              #define STATUS_LED_FEATURE      DISABLED
     48          #elif(STATUS_LED_FEATURE == ENABLED)
     49              #include "StatusLed.h"
     50          #endif
     51          
     52          //-------------------------------------- PUBLIC (Variables) -----------------------------------------------------------
     53          
     54          //-------------------------------------- PRIVATE (Variables, Constants & Defines) -------------------------------------
     55          
     56          //! The name of this module for use by the Log module.
     57          #define MODULE_NAME MODULE_BROWNOUT
     58          
     59          //-------------------------------------- PRIVATE (Function Prototypes) ------------------------------------------------
     60          #ifndef BROWNOUT_DETECTION_SOURCE
     61              #define BROWNOUT_DETECTION_SOURCE()         FALSE
     62          #endif
     63          
     64          #ifndef BROWNOUT_RECOVER_SOURCE
     65              #define BROWNOUT_RECOVER_CHECK()       (BROWNOUT_DETECTION_SOURCE() == FALSE)
     66          #else
     67              #define BROWNOUT_RECOVER_CHECK()       ((BROWNOUT_RECOVER_SOURCE() != FALSE) && (BROWNOUT_DETECTION_SOURCE() == FALSE))
     68          #endif
     69          
     70          #ifndef BROWNOUT__IS_VALID_SOURCE
     71              #define BROWNOUT_IS_MONITOR_RUNNING         (TRUE)
     72              #define USE_VALID_SOURCE_DETECTED           DISABLED
     73          #else
     74              #define BROWNOUT_IS_MONITOR_RUNNING         (Valid_Source_Detected)
     75              #define USE_VALID_SOURCE_DETECTED           ENABLED
     76          #endif
     77          
     78          #ifndef BROWNOUT_DETECTION_FILTER_MS
     79              #define BROWNOUT_DETECTION_FILTER_MS        0
     80          #endif
     81          
     82          #ifndef BROWNOUT_RECOVER_FILTER_MS
     83              #define BROWNOUT_RECOVER_FILTER_MS          0
     84          #endif
     85          
     86          #if (!defined(BROWNOUT_EXEC_TIMING_MS) && ((BROWNOUT_DETECTION_FILTER_MS + BROWNOUT_RECOVER_FILTER_MS) > 0 ))
     87              #define BROWNOUT_EXEC_TIMING_MS             5
     88          #endif
     89          
     90          #ifndef BROWNOUT_DETECTED_ACTIONS
     91              #define BROWNOUT_DETECTED_ACTIONS()
     92          #endif
     93          
     94          #ifndef BROWNOUT_RECOVERED_ACTIONS
     95              #define BROWNOUT_RECOVERED_ACTIONS()
     96          #endif
     97          
     98          //! A list of log message IDs that are generated by this module.
     99          typedef enum MODULE_SETUP_LOG_MESSAGE_ID_ENUM
    100          {
    101          BROWNOUT_STABLE_POWER_DETECTED = 1,
    102          BROWNOUT_EVENT_DETECTED,
    103          } MODULE_BROWNOUT_LOG_MESSAGE_ID_TYPE;
    104          
    105          //=====================================================================================================================
    106          //=== StateEngineCrank (v2.8) Auto-Generated Definitions for Brown Out State Machine
    107          //=====================================================================================================================
    108          // !! StateEngineCrank cannot update this code if you change the header !!
    109          
    110          
    111          //! Unique names used to identify states of the Brown Out state machine.
    112          typedef enum BROWN_OUT_STATE_ENUM
    113          {
    114              STATE_BROWN_OUT_NONE       = 0,
    115          
    116              STATE_BROWN_OUT_INITIALIZE = 1,                 //!< (initial_state)
    117              STATE_BROWN_OUT_DETECT     = 2,
    118              STATE_BROWN_OUT_RECOVER    = 3,
    119          
    120              STATE_BROWN_OUT_END        = 4
    121          } BROWN_OUT_STATE_TYPE;
    122          
    123          // -- Private Function Prototypes used by the state machine for customization functions --
    124          static void DetectBrownOutEvent(void);
    125          static void DetectBrownOutRecover(void);
    126          static void DetectStablePower(void);
    127          
    128          // -- Private Function Prototypes used by the state machine for standard state machine functions --
    129          static void BrownOutExecute(void);
    130          static void BrownOutInitialize(void);
    131          static void EventBrownOutDetected(void);
    132          static void EventStablePower(void);
    133          
    134          // !! StateEngineCrank cannot update this code if you change the footer !!
    135          // End of StateEngineCrank Auto-Generated Code.
    136          
    137          // -- Private Variable Definitions --
    138          //! Variable used to control brown out state machine

   \                                 In section .bss, align 1
    139          static BROWN_OUT_STATE_TYPE Brown_Out_State;
   \                     Brown_Out_State:
   \   00000000                      DS8 1
    140          //! Variable used to hold status of brown out event

   \                                 In section .bss, align 2
    141          static BOOL_TYPE Brown_Out_Detected;
   \                     Brown_Out_Detected:
   \   00000000                      DS8 1
   \   00000001                      DS8 1
   \   00000002                      DS8 2
    142          #if(USE_VALID_SOURCE_DETECTED != DISABLED)
    143              //! Variable used to latch up BROWNOUT__IS_VALID_SOURCE() result
    144              static BOOL_TYPE Valid_Source_Detected;
    145          #endif
    146          
    147          #if(BROWNOUT_DETECTION_FILTER_MS > 0)
    148          static uint16 Brown_Out_Detection_Filter;
    149              #define BROWNOUT_IS_DETECTION_FILTER_EXPIRED()      (Brown_Out_Detection_Filter == 0)
    150              #define BROWNOUT_DETECTION_FILTER_UPDATE()          Brown_Out_Detection_Filter--
    151              #define BROWNOUT_DETECTION_FILTER_RESET()           Brown_Out_Detection_Filter = ((BROWNOUT_DETECTION_FILTER_MS + BROWNOUT_EXEC_TIMING_MS -1) / BROWNOUT_EXEC_TIMING_MS)
    152          #else
    153              #define BROWNOUT_IS_DETECTION_FILTER_EXPIRED()      (TRUE)
    154              #define BROWNOUT_DETECTION_FILTER_UPDATE()
    155              #define BROWNOUT_DETECTION_FILTER_RESET()
    156          #endif
    157          
    158          #if(BROWNOUT_RECOVER_FILTER_MS > 0)
    159          static uint16 Brown_Out_Recover_Filter;
    160          #define BROWNOUT_IS_RECOVER_FILTER_EXPIRED()            (Brown_Out_Recover_Filter == 0)
    161          #define BROWNOUT_RECOVER_FILTER_UPDATE()                Brown_Out_Recover_Filter--
    162          #define BROWNOUT_RECOVER_FILTER_RESET()                 Brown_Out_Recover_Filter = ((BROWNOUT_RECOVER_FILTER_MS + BROWNOUT_EXEC_TIMING_MS -1) / BROWNOUT_EXEC_TIMING_MS)
    163          #else
    164          #define BROWNOUT_IS_RECOVER_FILTER_EXPIRED()            (TRUE)
    165          #define BROWNOUT_RECOVER_FILTER_UPDATE()
    166          #define BROWNOUT_RECOVER_FILTER_RESET()
    167          #endif
    168          
    169          //=====================================================================================================================
    170          //-------------------------------------- Public Functions -------------------------------------------------------------
    171          //=====================================================================================================================
    172          
    173          //---------------------------------------------------------------------------------------------------------------------
    174          /**
    175           *  @brief      It Initializes the module BrownOut and its variables
    176           *
    177           */

   \                                 In section .text, align 2, keep-with-next
    178          void BrownOut__Initialize(void)
    179          {
   \                     BrownOut__Initialize: (+1)
   \   00000000   0xB510             PUSH     {R4,LR}
    180              Brown_Out_Detected = FALSE;
   \   00000002   0x....             LDR      R4,??DataTable9
   \   00000004   0x2000             MOVS     R0,#+0
   \   00000006   0x7020             STRB     R0,[R4, #+0]
    181              #if(USE_VALID_SOURCE_DETECTED != DISABLED)
    182                  Valid_Source_Detected = (BOOL_TYPE) BROWNOUT__IS_VALID_SOURCE();                    //lint !e506
   \   00000008   0x2041             MOVS     R0,#+65
   \   0000000A   0x.... 0x....      BL       Hbl__GetGIIndexByGIID
   \   0000000E   0x.... 0x....      BL       Hbl__GetGISequenceIDByIndex
   \   00000012   0x1E40             SUBS     R0,R0,#+1
   \   00000014   0x4180             SBCS     R0,R0,R0
   \   00000016   0x43C0             MVNS     R0,R0
   \   00000018   0x0FC0             LSRS     R0,R0,#+31
   \   0000001A   0x7060             STRB     R0,[R4, #+1]
    183              #endif
    184              BROWNOUT_DETECTION_FILTER_RESET();
    185              BROWNOUT_RECOVER_FILTER_RESET();
   \   0000001C   0x203C             MOVS     R0,#+60
   \   0000001E   0x8060             STRH     R0,[R4, #+2]
    186              BrownOutInitialize();
   \   00000020   0x.... 0x....      BL       BrownOutInitialize
    187          }
   \   00000024   0xBD10             POP      {R4,PC}          ;; return
    188          
    189          
    190          //---------------------------------------------------------------------------------------------------------------------
    191          /**
    192           *  @brief      This API monitors the Brown out detection
    193           *
    194           */

   \                                 In section .text, align 2, keep-with-next
    195          void BrownOut__Monitor(void)
    196          {
   \                     BrownOut__Monitor: (+1)
   \   00000000   0xB510             PUSH     {R4,LR}
    197              #if(USE_VALID_SOURCE_DETECTED != DISABLED)
    198                  if(Valid_Source_Detected == FALSE)
   \   00000002   0x....             LDR      R4,??DataTable9
   \   00000004   0x7860             LDRB     R0,[R4, #+1]
   \   00000006   0x2800             CMP      R0,#+0
   \   00000008   0xD109             BNE      ??BrownOut__Monitor_0
    199                  {
    200                      Valid_Source_Detected = (BOOL_TYPE) BROWNOUT__IS_VALID_SOURCE();                //lint !e506
   \   0000000A   0x2041             MOVS     R0,#+65
   \   0000000C   0x.... 0x....      BL       Hbl__GetGIIndexByGIID
   \   00000010   0x.... 0x....      BL       Hbl__GetGISequenceIDByIndex
   \   00000014   0x1E40             SUBS     R0,R0,#+1
   \   00000016   0x4180             SBCS     R0,R0,R0
   \   00000018   0x43C0             MVNS     R0,R0
   \   0000001A   0x0FC0             LSRS     R0,R0,#+31
   \   0000001C   0x7060             STRB     R0,[R4, #+1]
    201                  }
    202              #endif
    203              if(BROWNOUT_IS_MONITOR_RUNNING)                                                         //lint !e506
   \                     ??BrownOut__Monitor_0: (+1)
   \   0000001E   0x7860             LDRB     R0,[R4, #+1]
   \   00000020   0x2800             CMP      R0,#+0
   \   00000022   0xD001             BEQ      ??BrownOut__Monitor_1
    204              {
    205                  BrownOutExecute();
   \   00000024   0x.... 0x....      BL       BrownOutExecute
    206              }
    207          }
   \                     ??BrownOut__Monitor_1: (+1)
   \   00000028   0xBD10             POP      {R4,PC}          ;; return
    208          
    209          //---------------------------------------------------------------------------------------------------------------------
    210          /**
    211           *  @brief      This API returns the status of the Brown Out
    212           *
    213           * @return TRUE :- If Brown Out event Has been Detected
    214           *         FALSE:- Brown Out is not present
    215           */

   \                                 In section .text, align 2, keep-with-next
    216          BOOL_TYPE BrownOut__IsDetected(void)
    217          {
    218              return Brown_Out_Detected;
   \                     BrownOut__IsDetected: (+1)
   \   00000000   0x....             LDR      R0,??DataTable9
   \   00000002   0x7800             LDRB     R0,[R0, #+0]
   \   00000004   0x4770             BX       LR               ;; return
    219          }
    220          
    221          
    222          
    223          //=====================================================================================================================
    224          //  --- Private State Machine Customization Functions -----------------------------------------------------------------
    225          //=====================================================================================================================
    226          
    227          
    228          //---------------------------------------------------------------------------------------------------------------------
    229          /**
    230           * @brief This function checks for brownout event and Takes actions after detection
    231           */

   \                                 In section .text, align 2, keep-with-next
    232          static void DetectBrownOutEvent(void)
    233          {
   \                     DetectBrownOutEvent: (+1)
   \   00000000   0xB580             PUSH     {R7,LR}
    234              if (BROWNOUT_DETECTION_SOURCE())                        //lint !e506
   \   00000002   0x2041             MOVS     R0,#+65
   \   00000004   0x.... 0x....      BL       Hbl__GetGIIndexByGIID
   \   00000008   0x.... 0x....      BL       Hbl__GetGIDataConvertedByIndex
   \   0000000C   0x....             LDR      R1,??DataTable9_1  ;; 0x3b7
   \   0000000E   0x4288             CMP      R0,R1
   \   00000010   0xDA23             BGE      ??DetectBrownOutEvent_0
    235              {
    236                  if(BROWNOUT_IS_DETECTION_FILTER_EXPIRED())          //lint !e506
    237                  {
    238                      LOG_ADD_EVENT(BROWNOUT_EVENT_DETECTED,0);
   \   00000012   0x2300             MOVS     R3,#+0
   \   00000014   0x2202             MOVS     R2,#+2
   \   00000016   0x4611             MOV      R1,R2
   \   00000018   0x200F             MOVS     R0,#+15
   \   0000001A   0x.... 0x....      BL       Log__AddMessage
    239                      Brown_Out_Detected = TRUE;
   \   0000001E   0x2001             MOVS     R0,#+1
   \   00000020   0x....             LDR      R1,??DataTable9
   \   00000022   0x7008             STRB     R0,[R1, #+0]
    240                      #if(STATUS_LED_FEATURE == ENABLED)
    241                          StatusLed__Suspend();
   \   00000024   0x.... 0x....      BL       StatusLed__Suspend
    242                      #endif
    243                      BROWNOUT_DETECTED_ACTIONS();
   \   00000028   0x2001             MOVS     R0,#+1
   \   0000002A   0x.... 0x....      BL       Hbl__KeepLoadsOff
   \   0000002E   0x2001             MOVS     R0,#+1
   \   00000030   0x.... 0x....      BL       NVData__BronwOut
   \   00000034   0x....             LDR      R0,??DataTable9_2  ;; 0x40007000
   \   00000036   0x6801             LDR      R1,[R0, #+0]
   \   00000038   0x0D82             LSRS     R2,R0,#+22
   \   0000003A   0x430A             ORRS     R2,R2,R1
   \   0000003C   0x6002             STR      R2,[R0, #+0]
   \   0000003E   0x....             LDR      R0,??DataTable9_3  ;; 0x4002105c
   \   00000040   0x6801             LDR      R1,[R0, #+0]
   \   00000042   0x....             LDR      R2,??DataTable9_4  ;; 0xffff7fff
   \   00000044   0x400A             ANDS     R2,R2,R1
   \   00000046   0x6002             STR      R2,[R0, #+0]
   \   00000048   0x2000             MOVS     R0,#+0
   \   0000004A   0x.... 0x....      BL       Win__GetBusStatus
   \   0000004E   0x2801             CMP      R0,#+1
   \   00000050   0xD101             BNE      ??DetectBrownOutEvent_1
   \   00000052   0x.... 0x....      BL       Win__StopBreak
    244                      EventBrownOutDetected();
   \                     ??DetectBrownOutEvent_1: (+1)
   \   00000056   0x.... 0x....      BL       EventBrownOutDetected
    245                  }
    246                  else
    247                  {
    248                      BROWNOUT_DETECTION_FILTER_UPDATE();
    249                  }
    250              }
    251              else
    252              {
    253                  BROWNOUT_DETECTION_FILTER_RESET();
    254              }
    255          
    256          }
   \                     ??DetectBrownOutEvent_0: (+1)
   \   0000005A   0xBD01             POP      {R0,PC}          ;; return
    257          
    258          
    259          //---------------------------------------------------------------------------------------------------------------------
    260          /**
    261           * @brief This function checks for brownout event recover and Takes action after Recovery
    262           */

   \                                 In section .text, align 2, keep-with-next
    263          static void DetectBrownOutRecover(void)
    264          {
   \                     DetectBrownOutRecover: (+1)
   \   00000000   0xB510             PUSH     {R4,LR}
    265              if (BROWNOUT_RECOVER_CHECK())                           //lint !e506
   \   00000002   0x2041             MOVS     R0,#+65
   \   00000004   0x.... 0x....      BL       Hbl__GetGIIndexByGIID
   \   00000008   0x.... 0x....      BL       Hbl__GetGIDataConvertedByIndex
   \   0000000C   0x....             LDR      R1,??DataTable9_5  ;; 0x44d
   \   0000000E   0x4288             CMP      R0,R1
   \   00000010   0xDB1A             BLT      ??DetectBrownOutRecover_0
   \   00000012   0x2041             MOVS     R0,#+65
   \   00000014   0x.... 0x....      BL       Hbl__GetGIIndexByGIID
   \   00000018   0x.... 0x....      BL       Hbl__GetGIDataConvertedByIndex
   \   0000001C   0x....             LDR      R1,??DataTable9_1  ;; 0x3b7
   \   0000001E   0x4288             CMP      R0,R1
   \   00000020   0xDB12             BLT      ??DetectBrownOutRecover_0
    266              {
    267                  if(BROWNOUT_IS_RECOVER_FILTER_EXPIRED())            //lint !e506
   \   00000022   0x....             LDR      R4,??DataTable9
   \   00000024   0x8860             LDRH     R0,[R4, #+2]
   \   00000026   0x2800             CMP      R0,#+0
   \   00000028   0xD10A             BNE      ??DetectBrownOutRecover_1
    268                  {
    269                      Brown_Out_Detected = FALSE;
   \   0000002A   0x2000             MOVS     R0,#+0
   \   0000002C   0x7020             STRB     R0,[R4, #+0]
    270                      BROWNOUT_RECOVERED_ACTIONS();
   \   0000002E   0x.... 0x....      BL       NVData__BronwOut
   \   00000032   0x2000             MOVS     R0,#+0
   \   00000034   0x.... 0x....      BL       Hbl__KeepLoadsOff
    271                      #if(STATUS_LED_FEATURE == ENABLED)
    272                          StatusLed__Resume();
   \   00000038   0x.... 0x....      BL       StatusLed__Resume
    273                      #endif
    274                      EventStablePower();
   \   0000003C   0x.... 0x....      BL       EventStablePower
    275                  }
    276                  {
    277                      BROWNOUT_RECOVER_FILTER_UPDATE();
   \                     ??DetectBrownOutRecover_1: (+1)
   \   00000040   0x8860             LDRH     R0,[R4, #+2]
   \   00000042   0x1E40             SUBS     R0,R0,#+1
   \   00000044   0x8060             STRH     R0,[R4, #+2]
   \   00000046   0xBD10             POP      {R4,PC}
    278                  }
    279              }
    280              else
    281              {
    282                  BROWNOUT_RECOVER_FILTER_RESET();
   \                     ??DetectBrownOutRecover_0: (+1)
   \   00000048   0x203C             MOVS     R0,#+60
   \   0000004A   0x....             LDR      R1,??DataTable9
   \   0000004C   0x8048             STRH     R0,[R1, #+2]
    283              }
    284          }
   \   0000004E   0xBD10             POP      {R4,PC}          ;; return
    285          
    286          
    287          //---------------------------------------------------------------------------------------------------------------------
    288          /**
    289           * @brief This function checks for stable power
    290           */

   \                                 In section .text, align 2, keep-with-next
    291          static void DetectStablePower(void)
    292          {
   \                     DetectStablePower: (+1)
   \   00000000   0xB580             PUSH     {R7,LR}
    293              if (BROWNOUT_RECOVER_CHECK())                          //lint !e506
   \   00000002   0x2041             MOVS     R0,#+65
   \   00000004   0x.... 0x....      BL       Hbl__GetGIIndexByGIID
   \   00000008   0x.... 0x....      BL       Hbl__GetGIDataConvertedByIndex
   \   0000000C   0x....             LDR      R1,??DataTable9_5  ;; 0x44d
   \   0000000E   0x4288             CMP      R0,R1
   \   00000010   0xDB0F             BLT      ??DetectStablePower_0
   \   00000012   0x2041             MOVS     R0,#+65
   \   00000014   0x.... 0x....      BL       Hbl__GetGIIndexByGIID
   \   00000018   0x.... 0x....      BL       Hbl__GetGIDataConvertedByIndex
   \   0000001C   0x....             LDR      R1,??DataTable9_1  ;; 0x3b7
   \   0000001E   0x4288             CMP      R0,R1
   \   00000020   0xDB07             BLT      ??DetectStablePower_0
    294              {
    295                  LOG_ADD_EVENT(BROWNOUT_STABLE_POWER_DETECTED,0);
   \   00000022   0x2300             MOVS     R3,#+0
   \   00000024   0x2202             MOVS     R2,#+2
   \   00000026   0x2101             MOVS     R1,#+1
   \   00000028   0x200F             MOVS     R0,#+15
   \   0000002A   0x.... 0x....      BL       Log__AddMessage
    296                  EventStablePower();
   \   0000002E   0x.... 0x....      BL       EventStablePower
    297              }
    298          }
   \                     ??DetectStablePower_0: (+1)
   \   00000032   0xBD01             POP      {R0,PC}          ;; return
    299          
    300          
    301          
    302          /*
    303           *
    304           * */
    305          //=====================================================================================================================
    306          //=== StateEngineCrank (v2.8) Auto-Generated Functions for Brown Out State Machine
    307          //=====================================================================================================================
    308          // !! StateEngineCrank cannot update this code if you change the header !!
    309          
    310          
    311          //---------------------------------------------------------------------------------------------------------------------
    312          /**
    313           * The main execution function for the Brown Out state machine.
    314           * This function should be called periodically while the state machine is running.
    315           *
    316           *              >>> DO NOT MODIFY THIS FUNCTION <<<
    317           *
    318           * This function was auto-generated and must not be edited manually.
    319           * Change the UML used to generate this function and regenerate the source code.
    320           */

   \                                 In section .text, align 2, keep-with-next
    321          static void BrownOutExecute(void)
    322          {
   \                     BrownOutExecute: (+1)
   \   00000000   0xB580             PUSH     {R7,LR}
    323              switch(Brown_Out_State)
   \   00000002   0x....             LDR      R0,??DataTable9_6
   \   00000004   0x7800             LDRB     R0,[R0, #+0]
   \   00000006   0x2801             CMP      R0,#+1
   \   00000008   0xD004             BEQ      ??BrownOutExecute_0
   \   0000000A   0xD30B             BCC      ??BrownOutExecute_1
   \   0000000C   0x2803             CMP      R0,#+3
   \   0000000E   0xD007             BEQ      ??BrownOutExecute_2
   \   00000010   0xD303             BCC      ??BrownOutExecute_3
   \   00000012   0xBD01             POP      {R0,PC}
    324              {
    325                  case STATE_BROWN_OUT_INITIALIZE:
    326                      DetectStablePower();                    // Do function.
   \                     ??BrownOutExecute_0: (+1)
   \   00000014   0x.... 0x....      BL       DetectStablePower
    327                      break;
   \   00000018   0xBD01             POP      {R0,PC}
    328          
    329                  case STATE_BROWN_OUT_DETECT:
    330                      DetectBrownOutEvent();                  // Do function.
   \                     ??BrownOutExecute_3: (+1)
   \   0000001A   0x.... 0x....      BL       DetectBrownOutEvent
    331                      break;
   \   0000001E   0xBD01             POP      {R0,PC}
    332          
    333                  case STATE_BROWN_OUT_RECOVER:
    334                      DetectBrownOutRecover();                // Do function.
   \                     ??BrownOutExecute_2: (+1)
   \   00000020   0x.... 0x....      BL       DetectBrownOutRecover
    335                      break;
    336          
    337                  default:
    338                      // There is nothing to do for all other values of Brown_Out_State.
    339                      break;
    340              }
    341          }
   \                     ??BrownOutExecute_1: (+1)
   \   00000024   0xBD01             POP      {R0,PC}          ;; return
    342          
    343          
    344          //---------------------------------------------------------------------------------------------------------------------
    345          /**
    346           * The initialization function for the Brown Out state machine.
    347           * This function resets the state machine to the initial state.
    348           *
    349           *              >>> DO NOT MODIFY THIS FUNCTION <<<
    350           *
    351           * This function was auto-generated and must not be edited manually.
    352           * Change the UML used to generate this function and regenerate the source code.
    353           */

   \                                 In section .text, align 2, keep-with-next
    354          static void BrownOutInitialize(void)
    355          {
    356              Brown_Out_State = STATE_BROWN_OUT_INITIALIZE;
   \                     BrownOutInitialize: (+1)
   \   00000000   0x2001             MOVS     R0,#+1
   \   00000002   0x....             LDR      R1,??DataTable9_6
   \   00000004   0x7008             STRB     R0,[R1, #+0]
    357          }
   \   00000006   0x4770             BX       LR               ;; return
    358          
    359          
    360          //---------------------------------------------------------------------------------------------------------------------
    361          /**
    362           * Process the Brown Out Detected Event for the Brown Out state machine.
    363           *
    364           *              >>> DO NOT MODIFY THIS FUNCTION <<<
    365           *
    366           * This function was auto-generated and must not be edited manually.
    367           * Change the UML used to generate this function and regenerate the source code.
    368           */

   \                                 In section .text, align 2, keep-with-next
    369          static void EventBrownOutDetected(void)
    370          {
    371              switch (Brown_Out_State)
   \                     EventBrownOutDetected: (+1)
   \   00000000   0x....             LDR      R0,??DataTable9_6
   \   00000002   0x7801             LDRB     R1,[R0, #+0]
   \   00000004   0x2902             CMP      R1,#+2
   \   00000006   0xD101             BNE      ??EventBrownOutDetected_0
    372              {
    373                  case STATE_BROWN_OUT_DETECT:
    374                      Brown_Out_State = STATE_BROWN_OUT_RECOVER;
   \   00000008   0x2103             MOVS     R1,#+3
   \   0000000A   0x7001             STRB     R1,[R0, #+0]
    375                      break;
    376          
    377                  default:
    378                      // Event is ignored for all other values of Brown_Out_State.
    379                      break;
    380              }
    381          }
   \                     ??EventBrownOutDetected_0: (+1)
   \   0000000C   0x4770             BX       LR               ;; return
    382          
    383          
    384          //---------------------------------------------------------------------------------------------------------------------
    385          /**
    386           * Process the Stable Power Event for the Brown Out state machine.
    387           *
    388           *              >>> DO NOT MODIFY THIS FUNCTION <<<
    389           *
    390           * This function was auto-generated and must not be edited manually.
    391           * Change the UML used to generate this function and regenerate the source code.
    392           */

   \                                 In section .text, align 2, keep-with-next
    393          static void EventStablePower(void)
    394          {
    395              switch (Brown_Out_State)
   \                     EventStablePower: (+1)
   \   00000000   0x....             LDR      R0,??DataTable9_6
   \   00000002   0x7801             LDRB     R1,[R0, #+0]
   \   00000004   0x2901             CMP      R1,#+1
   \   00000006   0xD001             BEQ      ??EventStablePower_0
   \   00000008   0x2903             CMP      R1,#+3
   \   0000000A   0xD101             BNE      ??EventStablePower_1
    396              {
    397                  case STATE_BROWN_OUT_INITIALIZE:
    398                  case STATE_BROWN_OUT_RECOVER:
    399                      Brown_Out_State = STATE_BROWN_OUT_DETECT;
   \                     ??EventStablePower_0: (+1)
   \   0000000C   0x2102             MOVS     R1,#+2
   \   0000000E   0x7001             STRB     R1,[R0, #+0]
    400                      break;
    401          
    402                  default:
    403                      // Event is ignored for all other values of Brown_Out_State.
    404                      break;
    405              }
    406          }
   \                     ??EventStablePower_1: (+1)
   \   00000010   0x4770             BX       LR               ;; return

   \                                 In section .text, align 4, keep-with-next
   \                     ??DataTable9:
   \   00000000   0x........         DC32     Brown_Out_Detected

   \                                 In section .text, align 4, keep-with-next
   \                     ??DataTable9_1:
   \   00000000   0x000003B7         DC32     0x3b7

   \                                 In section .text, align 4, keep-with-next
   \                     ??DataTable9_2:
   \   00000000   0x40007000         DC32     0x40007000

   \                                 In section .text, align 4, keep-with-next
   \                     ??DataTable9_3:
   \   00000000   0x4002105C         DC32     0x4002105c

   \                                 In section .text, align 4, keep-with-next
   \                     ??DataTable9_4:
   \   00000000   0xFFFF7FFF         DC32     0xffff7fff

   \                                 In section .text, align 4, keep-with-next
   \                     ??DataTable9_5:
   \   00000000   0x0000044D         DC32     0x44d

   \                                 In section .text, align 4, keep-with-next
   \                     ??DataTable9_6:
   \   00000000   0x........         DC32     Brown_Out_State
    407          
    408          
    409          // !! StateEngineCrank cannot update this code if you change the footer !!
    410          // End of StateEngineCrank Auto-Generated Code.

   Maximum stack usage in bytes:

   .cstack Function
   ------- --------
       8   BrownOutExecute
         8   -> DetectBrownOutEvent
         8   -> DetectBrownOutRecover
         8   -> DetectStablePower
       0   BrownOutInitialize
       8   BrownOut__Initialize
         8   -> BrownOutInitialize
         8   -> Hbl__GetGIIndexByGIID
         8   -> Hbl__GetGISequenceIDByIndex
       0   BrownOut__IsDetected
       8   BrownOut__Monitor
         8   -> BrownOutExecute
         8   -> Hbl__GetGIIndexByGIID
         8   -> Hbl__GetGISequenceIDByIndex
       8   DetectBrownOutEvent
         8   -> EventBrownOutDetected
         8   -> Hbl__GetGIDataConvertedByIndex
         8   -> Hbl__GetGIIndexByGIID
         8   -> Hbl__KeepLoadsOff
         8   -> Log__AddMessage
         8   -> NVData__BronwOut
         8   -> StatusLed__Suspend
         8   -> Win__GetBusStatus
         8   -> Win__StopBreak
       8   DetectBrownOutRecover
         8   -> EventStablePower
         8   -> Hbl__GetGIDataConvertedByIndex
         8   -> Hbl__GetGIIndexByGIID
         8   -> Hbl__KeepLoadsOff
         8   -> NVData__BronwOut
         8   -> StatusLed__Resume
       8   DetectStablePower
         8   -> EventStablePower
         8   -> Hbl__GetGIDataConvertedByIndex
         8   -> Hbl__GetGIIndexByGIID
         8   -> Log__AddMessage
       0   EventBrownOutDetected
       0   EventStablePower


   Section sizes:

   Bytes  Function/Label
   -----  --------------
       4  ??DataTable9
       4  ??DataTable9_1
       4  ??DataTable9_2
       4  ??DataTable9_3
       4  ??DataTable9_4
       4  ??DataTable9_5
       4  ??DataTable9_6
      38  BrownOutExecute
       8  BrownOutInitialize
      38  BrownOut__Initialize
       6  BrownOut__IsDetected
      42  BrownOut__Monitor
       4  Brown_Out_Detected
          Valid_Source_Detected
          Brown_Out_Recover_Filter
       1  Brown_Out_State
      92  DetectBrownOutEvent
      80  DetectBrownOutRecover
      52  DetectStablePower
      14  EventBrownOutDetected
      18  EventStablePower

 
   5 bytes in section .bss
 416 bytes in section .text
 
 416 bytes of CODE memory
   5 bytes of DATA memory

Errors: none
Warnings: none
