###############################################################################
#
# IAR ANSI C/C++ Compiler V7.70.1.11437/W32 for ARM       28/Feb/2025  14:17:04
# Copyright 1999-2016 IAR Systems AB.
#
#    Cpu mode     =  thumb
#    Endian       =  little
#    Source file  =  
#        source/XCategory/Hbl/acuexpacu/ACUPilotHandler/ChargePumpPilot/ChargePumpPilot.c
#    Command line =  
#        --cpu Cortex-M0+ -Om --debug -e --only_stdout --silent -D
#        ENABLE_JUMP_TO_APPLICATION_WITHOUT_IAP_FIRMWARE --no_wrap_diagnostics
#        -f config\tmp\include_path.lnt
#        (-I../Nucleus-Tools-SDK/embOS/arm/v4.26/source\
#        -I../Nucleus-Tools-SDK/iar/arm/v7.70/cx/inc\
#        -Isource/Category/Application/acu/CycleResume\
#        -Isource/Category/Application/acu/Monitors/AutostartFactoryCycleMonitor\
#        -Isource/Category/Application/acu/Monitors/CartridgeDetectionMonitor\
#        -Isource/Category/Application/acu/Monitors/DCLoadCurrentMonitor\
#        -Isource/Category/Application/acu/Monitors/DiverterFaultMonitor\
#        -Isource/Category/Application/acu/Monitors/DiverterLeakFaultMonitor\
#        -Isource/Category/Application/acu/Monitors/DoorMonitor\
#        -Isource/Category/Application/acu/Monitors/DoorOpeningSystemMonitor\
#        -Isource/Category/Application/acu/Monitors/FanMotorFaultMonitor\
#        -Isource/Category/Application/acu/Monitors/FaultStatusMonitor\
#        -Isource/Category/Application/acu/Monitors/FillValveStuckOn\
#        -Isource/Category/Application/acu/Monitors/FlowMeterFaultMonitor\
#        -Isource/Category/Application/acu/Monitors/HeatMonitor\
#        -Isource/Category/Application/acu/Monitors/HotHighPotMonitor\
#        -Isource/Category/Application/acu/Monitors/LITTFaultMonitor\
#        -Isource/Category/Application/acu/Monitors/LITTMonitor\
#        -Isource/Category/Application/acu/Monitors/McuGetDataMonitor\
#        -Isource/Category/Application/acu/Monitors/ModelMonitors/AirlockDetectionMonitor\
#        -Isource/Category/Application/acu/Monitors/ModelMonitors/AirlockDetectionMonitor/CodeGeneration\
#        -Isource/Category/Application/acu/Monitors/ModelMonitors/HeaterCalcificationDetectionModel\
#        -Isource/Category/Application/acu/Monitors/ModelMonitors/HeaterCalcificationDetectionModel/CodeGeneration\
#        -Isource/Category/Application/acu/Monitors/ModelMonitors/OWIVoltageRegulatedOutputModel\
#        -Isource/Category/Application/acu/Monitors/ModelMonitors/OWIVoltageRegulatedOutputModel/CodeGeneration\
#        -Isource/Category/Application/acu/Monitors/ModelMonitors/PluggingDetectionMonitor\
#        -Isource/Category/Application/acu/Monitors/ModelMonitors/PluggingDetectionMonitor/CodeGeneration\
#        -Isource/Category/Application/acu/Monitors/MoisturePreventionMonitor\
#        -Isource/Category/Application/acu/Monitors/OverfillMonitor\
#        -Isource/Category/Application/acu/Monitors/OWIMonitor\
#        -Isource/Category/Application/acu/Monitors/PilotRelayFaultMonitor\
#        -Isource/Category/Application/acu/Monitors/PilotRelayFaultMonitor/PilotRelayStuckClosedMonitor\
#        -Isource/Category/Application/acu/Monitors/PilotRelayFaultMonitor/PilotRelayStuckOpenMonitor\
#        -Isource/Category/Application/acu/Monitors/PORTimeMonitor\
#        -Isource/Category/Application/acu/Monitors/PumpFlushRequestMonitor\
#        -Isource/Category/Application/acu/Monitors/RinseAidMonitor\
#        -Isource/Category/Application/acu/Monitors/SaltSensingMonitor\
#        -Isource/Category/Application/acu/Monitors/StabilityControlLoopMonitor\
#        -Isource/Category/Application/acu/Monitors/StandbyManager\
#        -Isource/Category/Application/acu/Monitors/SupervisorExtMonitor\
#        -Isource/Category/Application/acu/Monitors/ThermistorFaultMonitor\
#        -Isource/Category/Application/acu/Monitors/ThermistorFaultMonitor/ThermistorOpenMonitor\
#        -Isource/Category/Application/acu/Monitors/ThermistorFaultMonitor/ThermistorShortedMonitor\
#        -Isource/Category/Application/acu/Monitors/TriacCurrentMonitor\
#        -Isource/Category/Application/acu/Monitors/TriacShortedDrainFaultMonitor\
#        -Isource/Category/Application/acu/Monitors/TriacVoltageMonitor\
#        -Isource/Category/Application/acu/Monitors/VoltageRangeMonitor\
#        -Isource/Category/Application/acu/Monitors/VSDrainMotorFaultMonitor\
#        -Isource/Category/Application/acu/Monitors/VwiMonitor\
#        -Isource/Category/Application/acu/Monitors/VwiZoneCompensationMonitor\
#        -Isource/Category/Application/acu/Monitors/WashHeaterFaultMonitor\
#        -Isource/Category/Application/acu/Monitors/WashHeaterFaultMonitor/HeaterLeakageToNeutralMonitor\
#        -Isource/Category/Application/acu/Monitors/WashHeaterFaultMonitor/HeaterLineRelayOpenMonitor\
#        -Isource/Category/Application/acu/Monitors/WashHeaterFaultMonitor/HeaterNeutralRelayOpenMonitor\
#        -Isource/Category/Application/acu/Monitors/WashHeaterFaultMonitor/HeaterOpenAndLineRelayClosedMonitor\
#        -Isource/Category/Application/acu/Monitors/WashHeaterFaultMonitor/HeaterOpenMonitor\
#        -Isource/Category/Application/acu/Monitors/WashMotorFaultMonitor\
#        -Isource/Category/Application/acu/Monitors/ZeroCrossMonitor\
#        -Isource/Category/Application/acu/Processes/AlternateCtrl\
#        -Isource/Category/Application/acu/Processes/Fill\
#        -Isource/Category/Application/acu/Processes/Fill/ClassAFill\
#        -Isource/Category/Application/acu/Processes/Fill/Fill\
#        -Isource/Category/Application/acu/Processes/Fill/TankDrain\
#        -Isource/Category/Application/acu/Processes/Fill/TankFill\
#        -Isource/Category/Application/acu/Processes/Heat\
#        -Isource/Category/Application/acu/Processes/ModelProcesses/OWICalibrationModel\
#        -Isource/Category/Application/acu/Processes/ModelProcesses/OWICalibrationModel/CodeGeneration\
#        -Isource/Category/Application/acu/Processes/ModelProcesses/PartialDrainModel\
#        -Isource/Category/Application/acu/Processes/ModelProcesses/PartialDrainModel/CodeGeneration\
#        -Isource/Category/Application/acu/Processes/ModelProcesses/SensedDrainModel\
#        -Isource/Category/Application/acu/Processes/ModelProcesses/SensedDrainModel/CodeGeneration\
#        -Isource/Category/Application/acu/Processes/OWI\
#        -Isource/Category/Application/acu/Processes/OWI_VRO\
#        -Isource/Category/Application/acu/Processes/OWIOneShot\
#        -Isource/Category/Application/acu/Processes/PumpControl\
#        -Isource/Category/Application/acu/Processes/Regenerate\
#        -Isource/Category/Application/acu/Processes/RinseAidDispense\
#        -Isource/Category/Application/acu/Processes/RinseAidDispense/RinseAid\
#        -Isource/Category/Application/acu/Processes/RinseAidDispense/TridgeDetergent\
#        -Isource/Category/Application/acu/Tasks/DoorOpeningSystemPull\
#        -Isource/Category/Application/acu/Tasks/DoorOpeningSystemPush\
#        -Isource/Category/Application/acu/Tasks/HeaterShadowing\
#        -Isource/Category/Application/acu/Tasks/MoisturePrevention\
#        -Isource/Category/Application/acu/Tasks/OWIContinousReading\
#        -Isource/Category/Application/acu/Tasks/OwiVroContinuousReading\
#        -Isource/Category/Application/acu/Tasks/Sanitization\
#        -Isource/Category/Application/acu/Tasks/StabilityControl\
#        -Isource/Category/Application/acu/Tasks/TimeElapse\
#        -Isource/Category/Application/acu/VWI\
#        -Isource/Category/Application/all/ActivePower\
#        -Isource/Category/Application/all/API007App\
#        -Isource/Category/Application/all/Config\
#        -Isource/Category/Common/acu/CommonDish/DishAuxVar\
#        -Isource/Category/Common/acu/CommonDish/PumpCommand\
#        -Isource/Category/Common/acu/CommonDish/StatisticsDish\
#        -Isource/Category/Common/all/BoardDebugging\
#        -Isource/Category/Common/all/Config\
#        -Isource/Category/Common/all/MasterCommander\
#        -Isource/Category/Common/all/MasterCommander/Source\
#        -Isource/Category/Common/all/MasterCommander/Source/HAL\
#        -Isource/Category/Common/all/SharedUtils\
#        -Isource/Category/Hbl/acu/ACULoadHandler/AlternateLoad\
#        -Isource/Category/Hbl/acuexpacu/ACUGIHandler/WaterCounterGI\
#        -Isource/Category/Hbl/acuexpacu/ACULoadHandler/HeaterLoad\
#        -Isource/Category/Hbl/acuexpacu/ACULoadHandler/TriacMci\
#        -Isource/Category/Hbl/all/Config\ -Isource/Category/Hbl/all/Mci\
#        -Isource/Category/Hbl/all/Mci/MciZeroCross\
#        -Isource/Category/Hbl/all/Mci/Slfac\
#        -Isource/Category/Hbl/all/Mci/Slfac/Macroblocks\
#        -Isource/Category/Hbl/all/Mci/Slfac/Microblocks/GlitchFilter\
#        -Isource/Category/Hbl/all/Mci/Slfac/Microblocks/IIRFilter\
#        -Isource/Category/Hbl/all/Mci/Slfac/Microblocks/MathCalc\
#        -Isource/Category/Hbl/all/Mci/Slfac/Microblocks/PeakDetector\
#        -Isource/Category/Hbl/all/Mci/Slfac/Microblocks/Pi\
#        -Isource/Category/Hbl/all/MCUDrivers/TimeCapture\
#        -Isource/Category/Hbl/all/MCUDrivers/TimerInterruptExt\
#        -Isource/Micros/STM32G0x/Driver/Atod\
#        -Isource/Micros/STM32G0x/Driver/DataFlash\
#        -Isource/Micros/STM32G0x/Driver/Dma\
#        -Isource/Micros/STM32G0x/Driver/Dtoa\
#        -Isource/Micros/STM32G0x/Driver/ExtInterrupt\
#        -Isource/Micros/STM32G0x/Driver/Flash\
#        -Isource/Micros/STM32G0x/Driver/Gpio\
#        -Isource/Micros/STM32G0x/Driver/I2c\
#        -Isource/Micros/STM32G0x/Driver/IntMgr\
#        -Isource/Micros/STM32G0x/Driver/Micro\
#        -Isource/Micros/STM32G0x/Driver/MicroExt\
#        -Isource/Micros/STM32G0x/Driver/Rtc\
#        -Isource/Micros/STM32G0x/Driver/RTCDriver\
#        -Isource/Micros/STM32G0x/Driver/Spi\
#        -Isource/Micros/STM32G0x/Driver/Timeout\
#        -Isource/Micros/STM32G0x/Driver/Timer\
#        -Isource/Micros/STM32G0x/Driver/TimerInterrupt\
#        -Isource/Micros/STM32G0x/Driver/Uart\
#        -Isource/ProjectSpecific/Application/acu/Config\
#        -Isource/ProjectSpecific/Application/acu/LowPower\
#        -Isource/ProjectSpecific/Application/acuexpacu/Config\
#        -Isource/ProjectSpecific/Application/all/Config\
#        -Isource/ProjectSpecific/Application/all/MCUDebug\
#        -Isource/ProjectSpecific/Application/all/ProductInfo\
#        -Isource/ProjectSpecific/Common/acu/Config\
#        -Isource/ProjectSpecific/Common/all/Config\
#        -Isource/ProjectSpecific/Common/all/Debug\
#        -Isource/ProjectSpecific/Common/all/SRConfig\
#        -Isource/ProjectSpecific/Driver/STM32G0x\
#        -Isource/ProjectSpecific/Hbl/acuexpacu/Config\
#        -Isource/ProjectSpecific/Hbl/acuexpacu/SRConfig\
#        -Isource/ProjectSpecific/Hbl/all/Config\
#        -Isource/ProjectSpecific/Hbl/all/Config/Mci\
#        -Isource/ProjectSpecific/Hbl/all/Config/Mci/MasterCommander\
#        -Isource/ProjectSpecific/Hbl/all/Config/Mci/MCUDrivers\
#        -Isource/ProjectSpecific/Hbl/all/SRConfig\
#        -Isource/XCategory/Application/acu/API221MotionCtrl\
#        -Isource/XCategory/Application/acu/Calibration\
#        -Isource/XCategory/Application/acu/Condition\
#        -Isource/XCategory/Application/acu/Estimator\
#        -Isource/XCategory/Application/acu/Interpreter\
#        -Isource/XCategory/Application/acu/Processes/ActivateTask\
#        -Isource/XCategory/Application/acu/Processes/JumpIf\
#        -Isource/XCategory/Application/acu/Processes/LoadsControl\
#        -Isource/XCategory/Application/acu/Processes/Maintain\
#        -Isource/XCategory/Application/acu/Processes/SetVariable\
#        -Isource/XCategory/Application/acu/RegulationAccept\
#        -Isource/XCategory/Application/acu/Selector\
#        -Isource/XCategory/Application/acu/SubCycle\
#        -Isource/XCategory/Application/acu/Supervisor\
#        -Isource/XCategory/Application/acu/TestMgr\
#        -Isource/XCategory/Application/acuexpacu/ApplianceMgr\
#        -Isource/XCategory/Application/acuhmi/CommunicationMonitor\
#        -Isource/XCategory/Application/acuhmi/Modifier\
#        -Isource/XCategory/Application/acuhmi/Regulations\
#        -Isource/XCategory/Application/acuhmi/Status\
#        -Isource/XCategory/Application/all/API007Data\
#        -Isource/XCategory/Application/all/API011AppCtr\
#        -Isource/XCategory/Application/all/API012Exp\
#        -Isource/XCategory/Application/all/API013RemoteFunction\
#        -Isource/XCategory/Application/all/API018Diagnostic\
#        -Isource/XCategory/Application/all/API220MotorControl\
#        -Isource/XCategory/Application/all/API220MotorControl/Api\
#        -Isource/XCategory/Application/all/Mode\
#        -Isource/XCategory/Application/all/Reveal_Basic/API003Disc\
#        -Isource/XCategory/Application/all/Reveal_Basic/API004Debug\
#        -Isource/XCategory/Application/all/Reveal_Basic/API004Debug/SW05SoftwareTest\
#        -Isource/XCategory/Application/all/Reveal_Basic/API005LowLevel\
#        -Isource/XCategory/Application/all/Reveal_Basic/API009System\
#        -Isource/XCategory/Application/all/Reveal_Basic/API010PollVar\
#        -Isource/XCategory/Application/all/Reveal_Basic/API019ProductInfo\
#        -Isource/XCategory/Application/all/SFUpdater\
#        -Isource/XCategory/Application/all/SRAPI020Safety\
#        -Isource/XCategory/Application/all/StatusLed\
#        -Isource/XCategory/Common/acu/BrownOut\
#        -Isource/XCategory/Common/acu/Fault\
#        -Isource/XCategory/Common/acu/Statistics\
#        -Isource/XCategory/Common/all/Common/Callback\
#        -Isource/XCategory/Common/all/Common/Convert\
#        -Isource/XCategory/Common/all/Common/Crc16\
#        -Isource/XCategory/Common/all/Common/Crc32\
#        -Isource/XCategory/Common/all/Common/Crc8\
#        -Isource/XCategory/Common/all/Common/Equation\
#        -Isource/XCategory/Common/all/Common/Filter\
#        -Isource/XCategory/Common/all/Common/FITMgr\
#        -Isource/XCategory/Common/all/Common/I2cMgr\
#        -Isource/XCategory/Common/all/Common/IAPEmul\
#        -Isource/XCategory/Common/all/Common/Log\
#        -Isource/XCategory/Common/all/Common/Millis\
#        -Isource/XCategory/Common/all/Common/SeggerRTT\
#        -Isource/XCategory/Common/all/Common/SeggerRTT/SEGGER_RTT/Config\
#        -Isource/XCategory/Common/all/Common/SeggerRTT/SEGGER_RTT/RTT\
#        -Isource/XCategory/Common/all/Common/SettingFile\
#        -Isource/XCategory/Common/all/Common/SFVersionCheck\
#        -Isource/XCategory/Common/all/Common/SystemConfig\
#        -Isource/XCategory/Common/all/Common/SystemTimers\
#        -Isource/XCategory/Common/all/Common/Utilities\
#        -Isource/XCategory/Common/all/Common/Variable\
#        -Isource/XCategory/Common/all/SRCommon/SRClockMonitor\
#        -Isource/XCategory/Common/all/SRCommon/SRData\
#        -Isource/XCategory/Common/all/SRCommon/SRException\
#        -Isource/XCategory/Common/all/SRCommon/SRIsrMonitor\
#        -Isource/XCategory/Common/all/SRCommon/SRPowerMgr\
#        -Isource/XCategory/Common/all/SRCommon/SRSignature\
#        -Isource/XCategory/Common/all/SRCommon/SRSystemConfig\
#        -Isource/XCategory/Common/all/SRCommon/SRTaskMonitor\
#        -Isource/XCategory/Common/all/SRCommon/SRTaskSequence\
#        -Isource/XCategory/Common/all/SRCommon/SRTimerReference\
#        -Isource/XCategory/Common/all/SRCommon/SRUnusedPinsConfig\
#        -Isource/XCategory/Common/all/SRMain\
#        -Isource/XCategory/Common/all/SRMain/BackgroundThreads\
#        -Isource/XCategory/Common/all/SRMain/OsServices\
#        -Isource/XCategory/Common/all/SRMain/StackAnalysis\
#        -Isource/XCategory/Common/all/SRMain/TimingAnalysis\
#        -Isource/XCategory/Driver/APIs/Atod\
#        -Isource/XCategory/Driver/APIs/Comparator\
#        -Isource/XCategory/Driver/APIs/DataFlash\
#        -Isource/XCategory/Driver/APIs/Dma\
#        -Isource/XCategory/Driver/APIs/Dtc\
#        -Isource/XCategory/Driver/APIs/Dtoa\
#        -Isource/XCategory/Driver/APIs/EmbOS\
#        -Isource/XCategory/Driver/APIs/ExtInterrupt\
#        -Isource/XCategory/Driver/APIs/Flash\
#        -Isource/XCategory/Driver/APIs/Gpio\
#        -Isource/XCategory/Driver/APIs/I2c\
#        -Isource/XCategory/Driver/APIs/IntMgr\
#        -Isource/XCategory/Driver/APIs/Micro\
#        -Isource/XCategory/Driver/APIs/MicroExt\
#        -Isource/XCategory/Driver/APIs/Rtc\
#        -Isource/XCategory/Driver/APIs/RTCDriver\
#        -Isource/XCategory/Driver/APIs/Spi\
#        -Isource/XCategory/Driver/APIs/Timeout\
#        -Isource/XCategory/Driver/APIs/Timer\
#        -Isource/XCategory/Driver/APIs/TimerInterrupt\
#        -Isource/XCategory/Driver/APIs/Touch\
#        -Isource/XCategory/Driver/APIs/Uart\
#        -Isource/XCategory/Hbl/acu/FdmCounter\
#        -Isource/XCategory/Hbl/acu/FdmTimer\
#        -Isource/XCategory/Hbl/acuexpacu/ACUGIHandler/ConvertGI\
#        -Isource/XCategory/Hbl/acuexpacu/ACUGIHandler/DirectGI\
#        -Isource/XCategory/Hbl/acuexpacu/ACUGIHandler/DoorSwitchGI\
#        -Isource/XCategory/Hbl/acuexpacu/ACUGIHandler/ProbeGI\
#        -Isource/XCategory/Hbl/acuexpacu/ACUGIHandler/ProbeLpsGI\
#        -Isource/XCategory/Hbl/acuexpacu/ACULoadHandler/DCFanLoad\
#        -Isource/XCategory/Hbl/acuexpacu/ACUPilotHandler/AnalogOutputPilot\
#        -Isource/XCategory/Hbl/acuexpacu/ACUPilotHandler/ChargePumpPilot\
#        -Isource/XCategory/Hbl/acuexpacu/ACUPilotHandler/DigitalOutputMultiPilot\
#        -Isource/XCategory/Hbl/acuexpacu/ACUPilotHandler/DigitalOutputPilot\
#        -Isource/XCategory/Hbl/acuexpacu/ACUPilotHandler/DoorLockEMPilot\
#        -Isource/XCategory/Hbl/acuexpacu/ACUPilotHandler/DoorLockWaxPilot\
#        -Isource/XCategory/Hbl/acuexpacu/ACUPilotHandler/ExpansionPilot\
#        -Isource/XCategory/Hbl/acuexpacu/ACUPilotHandler/ExternalMotorPilot\
#        -Isource/XCategory/Hbl/acuexpacu/ACUPilotHandler/FSMPilot\
#        -Isource/XCategory/Hbl/acuexpacu/ACUPilotHandler/MagnetronPilot\
#        -Isource/XCategory/Hbl/acuexpacu/ACUPilotHandler/MotorPilot\
#        -Isource/XCategory/Hbl/acuexpacu/ACUPilotHandler/MultiDriverPilot\
#        -Isource/XCategory/Hbl/acuexpacu/ACUPilotHandler/MultiSequencePilot\
#        -Isource/XCategory/Hbl/acuexpacu/ACUPilotHandler/NonfunctionalPilot\
#        -Isource/XCategory/Hbl/acuexpacu/ACUPilotHandler/PwmHiResPilot\
#        -Isource/XCategory/Hbl/acuexpacu/ACUPilotHandler/PwmPilot\
#        -Isource/XCategory/Hbl/acuexpacu/ACUPilotHandler/SRChargePumpPilot\
#        -Isource/XCategory/Hbl/acuexpacu/ACUPilotHandler/SRDigitalOutputMultiPilot\
#        -Isource/XCategory/Hbl/acuexpacu/ACUPilotHandler/SRDigitalOutputPilot\
#        -Isource/XCategory/Hbl/acuexpacu/ACUPilotHandler/SRDoorLockEMPilot\
#        -Isource/XCategory/Hbl/acuexpacu/ACUPilotHandler/SRDoorLockWaxPilot\
#        -Isource/XCategory/Hbl/acuexpacu/ACUPilotHandler/SRUMRelayPilot\
#        -Isource/XCategory/Hbl/acuexpacu/ACUPilotHandler/SteadyPwmProfilePilot\
#        -Isource/XCategory/Hbl/acuexpacu/ACUPilotHandler/StepperPilot\
#        -Isource/XCategory/Hbl/acuexpacu/ACUPilotHandler/TriacSwitchPilot\
#        -Isource/XCategory/Hbl/acuexpacu/ACUPilotHandler/ZCRelayPilot\
#        -Isource/XCategory/Hbl/acuexpacu/ACUPilotHandler/ZCTriacPilot\
#        -Isource/XCategory/Hbl/acuexpacu/HblAcu\
#        -Isource/XCategory/Hbl/acuexpacu/HblAcu/CrossLoads\
#        -Isource/XCategory/Hbl/acuexpacu/HblAcu/SetLoadQueue\
#        -Isource/XCategory/Hbl/acuexpacu/HblAcu/SRProductMgr\
#        -Isource/XCategory/Hbl/acuexpacu/HblAcu/ZeroCross\
#        -Isource/XCategory/Hbl/all/Hbl\
#        -Isource/XCategory/Hbl/all/Hbl/DefaultPin\
#        -Isource/XCategory/Hbl/all/Hbl/HblCommon\
#        -Isource/XCategory/Hbl/all/Hbl/VirtualPin\
#        -Isource/XCategory/Hbl/all/LLIHandler/AbsoluteHumidityLLI\
#        -Isource/XCategory/Hbl/all/LLIHandler/AccelerometerLLI\
#        -Isource/XCategory/Hbl/all/LLIHandler/AccelerometerLLI/AccelBaseline\
#        -Isource/XCategory/Hbl/all/LLIHandler/AccelerometerLLI/AccelDiscover\
#        -Isource/XCategory/Hbl/all/LLIHandler/AccelerometerLLI/FXLS8974\
#        -Isource/XCategory/Hbl/all/LLIHandler/AccelerometerLLI/FXLS8974/SelfTestFXLS8974\
#        -Isource/XCategory/Hbl/all/LLIHandler/AccelerometerLLI/LISxDH\
#        -Isource/XCategory/Hbl/all/LLIHandler/AnalogLLI\
#        -Isource/XCategory/Hbl/all/LLIHandler/ConductivityLLI\
#        -Isource/XCategory/Hbl/all/LLIHandler/DigitalLLI\
#        -Isource/XCategory/Hbl/all/LLIHandler/EncoderLLI\
#        -Isource/XCategory/Hbl/all/LLIHandler/ExpansionLLI\
#        -Isource/XCategory/Hbl/all/LLIHandler/FeedbackLLI\
#        -Isource/XCategory/Hbl/all/LLIHandler/I2CInfraredLLI\
#        -Isource/XCategory/Hbl/all/LLIHandler/I2CPressureSensorLLI\
#        -Isource/XCategory/Hbl/all/LLIHandler/I2CRHTSensorLLI\
#        -Isource/XCategory/Hbl/all/LLIHandler/InputCaptureLLI\
#        -Isource/XCategory/Hbl/all/LLIHandler/MultiInputLLI\
#        -Isource/XCategory/Hbl/all/LLIHandler/NonfunctionalLLI\
#        -Isource/XCategory/Hbl/all/LLIHandler/PulseCounterLLI\
#        -Isource/XCategory/Hbl/all/LLIHandler/SRAnalogLLI\
#        -Isource/XCategory/Hbl/all/LLIHandler/SRDigitalLLI\
#        -Isource/XCategory/Hbl/all/LLIHandler/SRFeedbackLLI\
#        -Isource/XCategory/Hbl/all/LLIHandler/SRI2CPressureSensorLLI\
#        -Isource/XCategory/Hbl/all/LLIHandler/SRICTachometerLLI\
#        -Isource/XCategory/Hbl/all/LLIHandler/SRInputCaptureLLI\
#        -Isource/XCategory/Hbl/all/LLIHandler/SRTouchKeyLLI\
#        -Isource/XCategory/Hbl/all/LLIHandler/SRTriacFeedbackLLI\
#        -Isource/XCategory/Hbl/all/LLIHandler/TouchKeyLLI\
#        -Isource/XCategory/Hbl/all/LLIHandler/TouchSliderLLI\
#        -Isource/XCategory/Hbl/all/LLIHandler/TouchWheelLLI\
#        -Isource/XCategory/Hbl/all/LLIHandler/TriacFeedbackLLI\
#        -Isource/XCategory/Hbl/all/LLIHandler/VirtualDigitalLLI\
#        -Isource/XCategory/Service/all/NVData\
#        -Isource/XCategory/Service/all/Reveal\
#        -Isource/XCategory/Service/all/Win\) -l listings\ChargePumpPilot.lst
#        -o obj\ChargePumpPilot.obj
#        source/XCategory/Hbl/acuexpacu/ACUPilotHandler/ChargePumpPilot/ChargePumpPilot.c
#    Locale       =  English_United States.1252
#    List file    =  listings\ChargePumpPilot.lst
#    Object file  =  obj\ChargePumpPilot.obj
#
###############################################################################

C:\Data\Nucleus_Dev\Vostok_ACU_A\source\XCategory\Hbl\acuexpacu\ACUPilotHandler\ChargePumpPilot\ChargePumpPilot.c
      1          /**
      2           *  @file
      3           *
      4           *  @brief      Basic description of file contents
      5           *
      6           *  @details    Detailed description of the file contents
      7           *
      8           *  @section    Applicable_Documents
      9           *					List here all the applicable documents if needed. <tr>
     10           *
     11           *  $Header: ChargePumpPilot.c 1.8 2015/07/14 17:37:51EDT MANOEL GARBUIO DE SOUZA (SOUZAMG) Exp  $
     12           *
     13           *  @copyright  Copyright 2015-$Date: 2015/07/14 17:37:51EDT $. Whirlpool Corporation. All rights reserved - CONFIDENTIAL
     14           */
     15          //---------------------------------------------------------------------------------------------------------------------
     16          //---------------------------------------------------------------------------------------------------------------------
     17          
     18          
     19          //-------------------------------------- Include Files ----------------------------------------------------------------
     20          #include "C_Extensions.h"
     21          #include "ChargePumpPilot.h"
     22          
     23          #if (HBL_PILOT_NUM_CHARGEPUMP > 0)
     24          #include "VirtualPin.h"
     25          #include "String.h"
     26          #include "Gpio.h"
     27          //-------------------------------------- PUBLIC (Variables) -----------------------------------------------------------
     28          
     29          //-------------------------------------- PRIVATE (Variables, Constants & Defines) -------------------------------------
     30          typedef struct
     31          {
     32              ON_OFF_TYPE ChargePump_State;
     33              ON_OFF_TYPE Requested_State;
     34              BOOL_TYPE   Pin_State       :   1;
     35              uint8       Unused          :   7;
     36          }CHARGEPUMPPILOT_DATA_TYPE;
     37          

   \                                 In section .bss, align 4
     38          static CHARGEPUMPPILOT_DATA_TYPE ChargePumpPilot_Data[HBL_PILOT_NUM_CHARGEPUMP];
   \                     ChargePumpPilot_Data:
   \   00000000                      DS8 4
   \   00000004                      DS8 1
     39          static uint8 ChargePumpPilot_Allocation;
     40          
     41          //-------------------------------------- PRIVATE (Function Prototypes) ------------------------------------------------
     42          
     43          
     44          //=====================================================================================================================
     45          //-------------------------------------- Public Functions -------------------------------------------------------------
     46          //=====================================================================================================================
     47          
     48          /**
     49           *
     50           */

   \                                 In section .text, align 2, keep-with-next
     51          void ChargePumpPilot__Initialize(void)
     52          {
   \                     ChargePumpPilot__Initialize: (+1)
   \   00000000   0xB580             PUSH     {R7,LR}
     53              ChargePumpPilot_Allocation = 0;
   \   00000002   0x....             LDR      R0,??DataTable7
   \   00000004   0x2100             MOVS     R1,#+0
   \   00000006   0x7101             STRB     R1,[R0, #+4]
     54              memset (ChargePumpPilot_Data,0,sizeof(ChargePumpPilot_Data));
   \   00000008   0x460A             MOV      R2,R1
   \   0000000A   0x2103             MOVS     R1,#+3
   \   0000000C   0x.... 0x....      BL       __aeabi_memset4
     55          
     56          }
   \   00000010   0xBD01             POP      {R0,PC}          ;; return
     57          
     58          
     59          //---------------------------------------------------------------------------------------------------------------------
     60          /**
     61           * @brief
     62           * @return
     63           */

   \                                 In section .text, align 2, keep-with-next
     64          uint8 ChargePumpPilot__Allocate(void)
     65          {
     66              uint8 retval;
     67              retval = 0xFF;
   \                     ChargePumpPilot__Allocate: (+1)
   \   00000000   0x20FF             MOVS     R0,#+255
     68              if (ChargePumpPilot_Allocation < HBL_PILOT_NUM_CHARGEPUMP)
   \   00000002   0x....             LDR      R1,??DataTable7
   \   00000004   0x790A             LDRB     R2,[R1, #+4]
   \   00000006   0x2A00             CMP      R2,#+0
   \   00000008   0xD102             BNE      ??ChargePumpPilot__Allocate_0
     69              {
     70                  retval = ChargePumpPilot_Allocation;
   \   0000000A   0x2000             MOVS     R0,#+0
     71                  ChargePumpPilot_Allocation++;
   \   0000000C   0x2201             MOVS     R2,#+1
   \   0000000E   0x710A             STRB     R2,[R1, #+4]
     72          
     73              }
     74              return (retval);
   \                     ??ChargePumpPilot__Allocate_0: (+1)
   \   00000010   0x4770             BX       LR               ;; return
     75          }
     76          
     77          //---------------------------------------------------------------------------------------------------------------------
     78          /**
     79           *
     80           * @param load
     81           */

   \                                 In section .text, align 2, keep-with-next
     82          PASS_FAIL_TYPE ChargePumpPilot__InitializeInstance(HBL_LOAD_TYPE * load)
     83          {
   \                     ChargePumpPilot__InitializeInstance: (+1)
   \   00000000   0xB570             PUSH     {R4-R6,LR}
   \   00000002   0x0006             MOVS     R6,R0
     84              PASS_FAIL_TYPE retval;
     85              uint8 virtual_pin;
     86              retval = FAIL;
   \   00000004   0x2400             MOVS     R4,#+0
     87              virtual_pin = (*load->Pin_Ptr);
   \   00000006   0x.... 0x....      BL       __aeabi_uread4
   \   0000000A   0x7800             LDRB     R0,[R0, #+0]
     88              if (VIRTUALPIN_TABLE[virtual_pin].port != PORT_NULL)
   \   0000000C   0x....             LDR      R1,??DataTable7_1
   \   0000000E   0x00C0             LSLS     R0,R0,#+3
   \   00000010   0x180D             ADDS     R5,R1,R0
   \   00000012   0x7828             LDRB     R0,[R5, #+0]
   \   00000014   0x28FF             CMP      R0,#+255
   \   00000016   0xD00D             BEQ      ??ChargePumpPilot__InitializeInstance_0
     89              {
     90                  Gpio__PinWrite(  VIRTUALPIN_TABLE[virtual_pin].port,
     91                      VIRTUALPIN_TABLE[virtual_pin].pin,
     92                      (BOOL_TYPE) ((~load->Hi_Low_Activation_Bitmap) & 0x01));
   \   00000018   0x2401             MOVS     R4,#+1
   \   0000001A   0x7E30             LDRB     R0,[R6, #+24]
   \   0000001C   0x0900             LSRS     R0,R0,#+4
   \   0000001E   0x0022             MOVS     R2,R4
   \   00000020   0x4382             BICS     R2,R2,R0
   \   00000022   0x7869             LDRB     R1,[R5, #+1]
   \   00000024   0x7828             LDRB     R0,[R5, #+0]
   \   00000026   0x.... 0x....      BL       Gpio__PinWrite
     93                  Gpio__PinConfig(VIRTUALPIN_TABLE[virtual_pin].port,VIRTUALPIN_TABLE[virtual_pin].pin,VIRTUALPIN_TABLE[virtual_pin].pin_config);
   \   0000002A   0x78AA             LDRB     R2,[R5, #+2]
   \   0000002C   0x7869             LDRB     R1,[R5, #+1]
   \   0000002E   0x7828             LDRB     R0,[R5, #+0]
   \   00000030   0x.... 0x....      BL       Gpio__PinConfig
     94                  retval = PASS;
     95              }
     96              return (retval);
   \                     ??ChargePumpPilot__InitializeInstance_0: (+1)
   \   00000034   0x0020             MOVS     R0,R4
   \   00000036   0xBD70             POP      {R4-R6,PC}       ;; return
     97          }
     98          
     99          //---------------------------------------------------------------------------------------------------------------------
    100          /**
    101           * @brief
    102           * @param load
    103           * @param data
    104           * @return
    105           */

   \                                 In section .text, align 2, keep-with-next
    106          PASS_FAIL_TYPE ChargePumpPilot__Request(HBL_LOAD_TYPE * load,void * data)
    107          {
    108          
    109              if (load->Pilot_Data_Index < HBL_PILOT_NUM_CHARGEPUMP)
   \                     ChargePumpPilot__Request: (+1)
   \   00000000   0x7C00             LDRB     R0,[R0, #+16]
   \   00000002   0x0002             MOVS     R2,R0
   \   00000004   0xD10B             BNE      ??ChargePumpPilot__Request_0
    110              {
    111                  if (*((uint8 *)data) > 0)
   \   00000006   0x7809             LDRB     R1,[R1, #+0]
   \   00000008   0x1E4A             SUBS     R2,R1,#+1
   \   0000000A   0x4192             SBCS     R2,R2,R2
   \   0000000C   0x43D2             MVNS     R2,R2
   \   0000000E   0x0FD2             LSRS     R2,R2,#+31
   \   00000010   0x....             LDR      R1,??DataTable7
   \   00000012   0x0043             LSLS     R3,R0,#+1
   \   00000014   0x1818             ADDS     R0,R3,R0
   \   00000016   0x1808             ADDS     R0,R1,R0
   \   00000018   0x7042             STRB     R2,[R0, #+1]
    112                  {
    113                      ChargePumpPilot_Data[load->Pilot_Data_Index].Requested_State = ON;
    114                  }
    115                  else
    116                  {
    117                      ChargePumpPilot_Data[load->Pilot_Data_Index].Requested_State = OFF;
    118                  }
    119                  return (PASS);
   \   0000001A   0x2001             MOVS     R0,#+1
   \   0000001C   0x4770             BX       LR
    120              }
    121              else
    122              {
    123                  return (FAIL);
   \                     ??ChargePumpPilot__Request_0: (+1)
   \   0000001E   0x2000             MOVS     R0,#+0
   \   00000020   0x4770             BX       LR               ;; return
    124              }
    125          }
    126          
    127          //---------------------------------------------------------------------------------------------------------------------
    128          /**
    129           *
    130           * @param load
    131           * @param data
    132           * @return
    133           */

   \                                 In section .text, align 2, keep-with-next
    134          PASS_FAIL_TYPE ChargePumpPilot__Process(HBL_LOAD_TYPE * load)
    135          {
    136              if (load->Pilot_Data_Index < HBL_PILOT_NUM_CHARGEPUMP)
   \                     ChargePumpPilot__Process: (+1)
   \   00000000   0x7C00             LDRB     R0,[R0, #+16]
   \   00000002   0x0001             MOVS     R1,R0
   \   00000004   0xD105             BNE      ??ChargePumpPilot__Process_0
    137              {
    138                  ChargePumpPilot_Data[load->Pilot_Data_Index].ChargePump_State = ChargePumpPilot_Data[load->Pilot_Data_Index].Requested_State;
   \   00000006   0x....             LDR      R1,??DataTable7
   \   00000008   0x0042             LSLS     R2,R0,#+1
   \   0000000A   0x1810             ADDS     R0,R2,R0
   \   0000000C   0x1808             ADDS     R0,R1,R0
   \   0000000E   0x7841             LDRB     R1,[R0, #+1]
   \   00000010   0x7001             STRB     R1,[R0, #+0]
    139              }
    140              return (PASS);
   \                     ??ChargePumpPilot__Process_0: (+1)
   \   00000012   0x2001             MOVS     R0,#+1
   \   00000014   0x4770             BX       LR               ;; return
    141          }
    142          
    143          //---------------------------------------------------------------------------------------------------------------------
    144          /**
    145           *
    146           * @param load
    147           * @param data_out
    148           * @return
    149           */

   \                                 In section .text, align 2, keep-with-next
    150          void * ChargePumpPilot__GetRequested(HBL_LOAD_TYPE * load)
    151          {
    152              if (load->Pilot_Data_Index < HBL_PILOT_NUM_CHARGEPUMP)
   \                     ChargePumpPilot__GetRequested: (+1)
   \   00000000   0x7C00             LDRB     R0,[R0, #+16]
   \   00000002   0x0001             MOVS     R1,R0
   \   00000004   0xD105             BNE      ??ChargePumpPilot__GetRequested_0
    153              {
    154                  return (&ChargePumpPilot_Data[load->Pilot_Data_Index].Requested_State);
   \   00000006   0x....             LDR      R1,??DataTable7
   \   00000008   0x0042             LSLS     R2,R0,#+1
   \   0000000A   0x1810             ADDS     R0,R2,R0
   \   0000000C   0x1808             ADDS     R0,R1,R0
   \   0000000E   0x1C40             ADDS     R0,R0,#+1
   \   00000010   0x4770             BX       LR
    155              }
    156              else
    157              {
    158                  return (NULL);
   \                     ??ChargePumpPilot__GetRequested_0: (+1)
   \   00000012   0x2000             MOVS     R0,#+0
   \   00000014   0x4770             BX       LR               ;; return
    159              }
    160          }
    161          
    162          //---------------------------------------------------------------------------------------------------------------------
    163          /**
    164           *
    165           * @param load
    166           * @param data_out
    167           * @return
    168           */

   \                                 In section .text, align 2, keep-with-next
    169          void * ChargePumpPilot__GetProcessed(HBL_LOAD_TYPE * load)
    170          {
    171              if (load->Pilot_Data_Index < HBL_PILOT_NUM_CHARGEPUMP)
   \                     ChargePumpPilot__GetProcessed: (+1)
   \   00000000   0x7C00             LDRB     R0,[R0, #+16]
   \   00000002   0x0001             MOVS     R1,R0
   \   00000004   0xD104             BNE      ??ChargePumpPilot__GetProcessed_0
    172              {
    173                  return (&ChargePumpPilot_Data[load->Pilot_Data_Index].ChargePump_State);
   \   00000006   0x....             LDR      R1,??DataTable7
   \   00000008   0x0042             LSLS     R2,R0,#+1
   \   0000000A   0x1810             ADDS     R0,R2,R0
   \   0000000C   0x1808             ADDS     R0,R1,R0
   \   0000000E   0x4770             BX       LR
    174              }
    175              else
    176              {
    177                  return (NULL);
   \                     ??ChargePumpPilot__GetProcessed_0: (+1)
   \   00000010   0x2000             MOVS     R0,#+0
   \   00000012   0x4770             BX       LR               ;; return
    178              }
    179          }
    180          
    181          //---------------------------------------------------------------------------------------------------------------------
    182          /**
    183           *
    184           * @param load
    185           * @return
    186           */

   \                                 In section .text, align 2, keep-with-next
    187          PASS_FAIL_TYPE ChargePumpPilot__Handler1ms(HBL_LOAD_TYPE * load)
    188          {
   \                     ChargePumpPilot__Handler1ms: (+1)
   \   00000000   0xB5F8             PUSH     {R3-R7,LR}
   \   00000002   0x0005             MOVS     R5,R0
    189              uint8 virtual_pin;
    190              PASS_FAIL_TYPE retval;
    191          
    192              retval = FAIL;
   \   00000004   0x2600             MOVS     R6,#+0
    193              if (load->Pilot_Data_Index < HBL_PILOT_NUM_CHARGEPUMP)
   \   00000006   0x7C28             LDRB     R0,[R5, #+16]
   \   00000008   0x0001             MOVS     R1,R0
   \   0000000A   0xD130             BNE      ??ChargePumpPilot__Handler1ms_0
    194              {
    195          
    196                  if (ChargePumpPilot_Data[load->Pilot_Data_Index].ChargePump_State == ON)
   \   0000000C   0x....             LDR      R7,??DataTable7
   \   0000000E   0x0041             LSLS     R1,R0,#+1
   \   00000010   0x1808             ADDS     R0,R1,R0
   \   00000012   0x1839             ADDS     R1,R7,R0
   \   00000014   0x788A             LDRB     R2,[R1, #+2]
   \   00000016   0x20FE             MOVS     R0,#+254
   \   00000018   0x4010             ANDS     R0,R0,R2
   \   0000001A   0x2401             MOVS     R4,#+1
   \   0000001C   0x780B             LDRB     R3,[R1, #+0]
   \   0000001E   0x2B01             CMP      R3,#+1
   \   00000020   0xD108             BNE      ??ChargePumpPilot__Handler1ms_1
    197                  {
    198                      ChargePumpPilot_Data[load->Pilot_Data_Index].Pin_State = (BOOL_TYPE)(ChargePumpPilot_Data[load->Pilot_Data_Index].Pin_State ^ 1);
   \   00000022   0x0023             MOVS     R3,R4
   \   00000024   0x4013             ANDS     R3,R3,R2
   \   00000026   0x0022             MOVS     R2,R4
   \   00000028   0x405A             EORS     R2,R2,R3
   \   0000002A   0x0023             MOVS     R3,R4
   \   0000002C   0x4013             ANDS     R3,R3,R2
   \   0000002E   0x4303             ORRS     R3,R3,R0
   \   00000030   0x708B             STRB     R3,[R1, #+2]
   \   00000032   0xE006             B        ??ChargePumpPilot__Handler1ms_2
    199                  }
    200                  else
    201                  {
    202                      //TODO To check the off state from the setting file
    203                      ChargePumpPilot_Data[load->Pilot_Data_Index].Pin_State = (BOOL_TYPE) ((~load->Hi_Low_Activation_Bitmap) & 0x01);
   \                     ??ChargePumpPilot__Handler1ms_1: (+1)
   \   00000034   0x7E2A             LDRB     R2,[R5, #+24]
   \   00000036   0x0013             MOVS     R3,R2
   \   00000038   0x091B             LSRS     R3,R3,#+4
   \   0000003A   0x0022             MOVS     R2,R4
   \   0000003C   0x439A             BICS     R2,R2,R3
   \   0000003E   0x4302             ORRS     R2,R2,R0
   \   00000040   0x708A             STRB     R2,[R1, #+2]
    204                  }
    205          
    206                  virtual_pin = (*load->Pin_Ptr);
   \                     ??ChargePumpPilot__Handler1ms_2: (+1)
   \   00000042   0x0028             MOVS     R0,R5
   \   00000044   0x.... 0x....      BL       __aeabi_uread4
   \   00000048   0x7800             LDRB     R0,[R0, #+0]
    207          
    208                  if (VIRTUALPIN_TABLE[virtual_pin].port != 0xFF)
   \   0000004A   0x....             LDR      R1,??DataTable7_1
   \   0000004C   0x00C0             LSLS     R0,R0,#+3
   \   0000004E   0x1808             ADDS     R0,R1,R0
   \   00000050   0x7801             LDRB     R1,[R0, #+0]
   \   00000052   0x29FF             CMP      R1,#+255
   \   00000054   0xD00B             BEQ      ??ChargePumpPilot__Handler1ms_0
    209                  {
    210          
    211                     Gpio__PinWrite(  VIRTUALPIN_TABLE[virtual_pin].port,
    212                                      VIRTUALPIN_TABLE[virtual_pin].pin,
    213                                      ChargePumpPilot_Data[load->Pilot_Data_Index].Pin_State);
   \   00000056   0x7C29             LDRB     R1,[R5, #+16]
   \   00000058   0x004A             LSLS     R2,R1,#+1
   \   0000005A   0x1851             ADDS     R1,R2,R1
   \   0000005C   0x1879             ADDS     R1,R7,R1
   \   0000005E   0x7889             LDRB     R1,[R1, #+2]
   \   00000060   0x0022             MOVS     R2,R4
   \   00000062   0x400A             ANDS     R2,R2,R1
   \   00000064   0x7841             LDRB     R1,[R0, #+1]
   \   00000066   0x7800             LDRB     R0,[R0, #+0]
   \   00000068   0x.... 0x....      BL       Gpio__PinWrite
    214                      retval = PASS;
   \   0000006C   0x0026             MOVS     R6,R4
    215                  }
    216          
    217              }
    218              return (retval);
   \                     ??ChargePumpPilot__Handler1ms_0: (+1)
   \   0000006E   0x0030             MOVS     R0,R6
   \   00000070   0xBDF2             POP      {R1,R4-R7,PC}    ;; return
    219          
    220          }

   \                                 In section .text, align 4, keep-with-next
   \                     ??DataTable7:
   \   00000000   0x........         DC32     ChargePumpPilot_Data

   \                                 In section .text, align 4, keep-with-next
   \                     ??DataTable7_1:
   \   00000000   0x........         DC32     VIRTUALPIN_TABLE
    221          
    222          //=====================================================================================================================
    223          //-------------------------------------- Private Functions ------------------------------------------------------------
    224          //=====================================================================================================================
    225          
    226          
    227          #endif

   Maximum stack usage in bytes:

   .cstack Function
   ------- --------
       0   ChargePumpPilot__Allocate
       0   ChargePumpPilot__GetProcessed
       0   ChargePumpPilot__GetRequested
      24   ChargePumpPilot__Handler1ms
        24   -> Gpio__PinWrite
        24 __aeabi_uread4
       8   ChargePumpPilot__Initialize
         8   -> __aeabi_memset4
      16   ChargePumpPilot__InitializeInstance
        16   -> Gpio__PinConfig
        16   -> Gpio__PinWrite
        16 __aeabi_uread4
       0   ChargePumpPilot__Process
       0   ChargePumpPilot__Request


   Section sizes:

   Bytes  Function/Label
   -----  --------------
       4  ??DataTable7
       4  ??DataTable7_1
       5  ChargePumpPilot_Data
          ChargePumpPilot_Allocation
      18  ChargePumpPilot__Allocate
      20  ChargePumpPilot__GetProcessed
      22  ChargePumpPilot__GetRequested
     114  ChargePumpPilot__Handler1ms
      18  ChargePumpPilot__Initialize
      56  ChargePumpPilot__InitializeInstance
      22  ChargePumpPilot__Process
      34  ChargePumpPilot__Request

 
   5 bytes in section .bss
 312 bytes in section .text
 
 312 bytes of CODE memory
   5 bytes of DATA memory

Errors: none
Warnings: none
