###############################################################################
#
# IAR ANSI C/C++ Compiler V7.70.1.11437/W32 for ARM       28/Feb/2025  14:17:04
# Copyright 1999-2016 IAR Systems AB.
#
#    Cpu mode     =  thumb
#    Endian       =  little
#    Source file  =  source/XCategory/Common/all/Common/Convert/Convert.c
#    Command line =  
#        --cpu Cortex-M0+ -Om --debug -e --only_stdout --silent -D
#        ENABLE_JUMP_TO_APPLICATION_WITHOUT_IAP_FIRMWARE --no_wrap_diagnostics
#        -f config\tmp\include_path.lnt
#        (-I../Nucleus-Tools-SDK/embOS/arm/v4.26/source\
#        -I../Nucleus-Tools-SDK/iar/arm/v7.70/cx/inc\
#        -Isource/Category/Application/acu/CycleResume\
#        -Isource/Category/Application/acu/Monitors/AutostartFactoryCycleMonitor\
#        -Isource/Category/Application/acu/Monitors/CartridgeDetectionMonitor\
#        -Isource/Category/Application/acu/Monitors/DCLoadCurrentMonitor\
#        -Isource/Category/Application/acu/Monitors/DiverterFaultMonitor\
#        -Isource/Category/Application/acu/Monitors/DiverterLeakFaultMonitor\
#        -Isource/Category/Application/acu/Monitors/DoorMonitor\
#        -Isource/Category/Application/acu/Monitors/DoorOpeningSystemMonitor\
#        -Isource/Category/Application/acu/Monitors/FanMotorFaultMonitor\
#        -Isource/Category/Application/acu/Monitors/FaultStatusMonitor\
#        -Isource/Category/Application/acu/Monitors/FillValveStuckOn\
#        -Isource/Category/Application/acu/Monitors/FlowMeterFaultMonitor\
#        -Isource/Category/Application/acu/Monitors/HeatMonitor\
#        -Isource/Category/Application/acu/Monitors/HotHighPotMonitor\
#        -Isource/Category/Application/acu/Monitors/LITTFaultMonitor\
#        -Isource/Category/Application/acu/Monitors/LITTMonitor\
#        -Isource/Category/Application/acu/Monitors/McuGetDataMonitor\
#        -Isource/Category/Application/acu/Monitors/ModelMonitors/AirlockDetectionMonitor\
#        -Isource/Category/Application/acu/Monitors/ModelMonitors/AirlockDetectionMonitor/CodeGeneration\
#        -Isource/Category/Application/acu/Monitors/ModelMonitors/HeaterCalcificationDetectionModel\
#        -Isource/Category/Application/acu/Monitors/ModelMonitors/HeaterCalcificationDetectionModel/CodeGeneration\
#        -Isource/Category/Application/acu/Monitors/ModelMonitors/OWIVoltageRegulatedOutputModel\
#        -Isource/Category/Application/acu/Monitors/ModelMonitors/OWIVoltageRegulatedOutputModel/CodeGeneration\
#        -Isource/Category/Application/acu/Monitors/ModelMonitors/PluggingDetectionMonitor\
#        -Isource/Category/Application/acu/Monitors/ModelMonitors/PluggingDetectionMonitor/CodeGeneration\
#        -Isource/Category/Application/acu/Monitors/MoisturePreventionMonitor\
#        -Isource/Category/Application/acu/Monitors/OverfillMonitor\
#        -Isource/Category/Application/acu/Monitors/OWIMonitor\
#        -Isource/Category/Application/acu/Monitors/PilotRelayFaultMonitor\
#        -Isource/Category/Application/acu/Monitors/PilotRelayFaultMonitor/PilotRelayStuckClosedMonitor\
#        -Isource/Category/Application/acu/Monitors/PilotRelayFaultMonitor/PilotRelayStuckOpenMonitor\
#        -Isource/Category/Application/acu/Monitors/PORTimeMonitor\
#        -Isource/Category/Application/acu/Monitors/PumpFlushRequestMonitor\
#        -Isource/Category/Application/acu/Monitors/RinseAidMonitor\
#        -Isource/Category/Application/acu/Monitors/SaltSensingMonitor\
#        -Isource/Category/Application/acu/Monitors/StabilityControlLoopMonitor\
#        -Isource/Category/Application/acu/Monitors/StandbyManager\
#        -Isource/Category/Application/acu/Monitors/SupervisorExtMonitor\
#        -Isource/Category/Application/acu/Monitors/ThermistorFaultMonitor\
#        -Isource/Category/Application/acu/Monitors/ThermistorFaultMonitor/ThermistorOpenMonitor\
#        -Isource/Category/Application/acu/Monitors/ThermistorFaultMonitor/ThermistorShortedMonitor\
#        -Isource/Category/Application/acu/Monitors/TriacCurrentMonitor\
#        -Isource/Category/Application/acu/Monitors/TriacShortedDrainFaultMonitor\
#        -Isource/Category/Application/acu/Monitors/TriacVoltageMonitor\
#        -Isource/Category/Application/acu/Monitors/VoltageRangeMonitor\
#        -Isource/Category/Application/acu/Monitors/VSDrainMotorFaultMonitor\
#        -Isource/Category/Application/acu/Monitors/VwiMonitor\
#        -Isource/Category/Application/acu/Monitors/VwiZoneCompensationMonitor\
#        -Isource/Category/Application/acu/Monitors/WashHeaterFaultMonitor\
#        -Isource/Category/Application/acu/Monitors/WashHeaterFaultMonitor/HeaterLeakageToNeutralMonitor\
#        -Isource/Category/Application/acu/Monitors/WashHeaterFaultMonitor/HeaterLineRelayOpenMonitor\
#        -Isource/Category/Application/acu/Monitors/WashHeaterFaultMonitor/HeaterNeutralRelayOpenMonitor\
#        -Isource/Category/Application/acu/Monitors/WashHeaterFaultMonitor/HeaterOpenAndLineRelayClosedMonitor\
#        -Isource/Category/Application/acu/Monitors/WashHeaterFaultMonitor/HeaterOpenMonitor\
#        -Isource/Category/Application/acu/Monitors/WashMotorFaultMonitor\
#        -Isource/Category/Application/acu/Monitors/ZeroCrossMonitor\
#        -Isource/Category/Application/acu/Processes/AlternateCtrl\
#        -Isource/Category/Application/acu/Processes/Fill\
#        -Isource/Category/Application/acu/Processes/Fill/ClassAFill\
#        -Isource/Category/Application/acu/Processes/Fill/Fill\
#        -Isource/Category/Application/acu/Processes/Fill/TankDrain\
#        -Isource/Category/Application/acu/Processes/Fill/TankFill\
#        -Isource/Category/Application/acu/Processes/Heat\
#        -Isource/Category/Application/acu/Processes/ModelProcesses/OWICalibrationModel\
#        -Isource/Category/Application/acu/Processes/ModelProcesses/OWICalibrationModel/CodeGeneration\
#        -Isource/Category/Application/acu/Processes/ModelProcesses/PartialDrainModel\
#        -Isource/Category/Application/acu/Processes/ModelProcesses/PartialDrainModel/CodeGeneration\
#        -Isource/Category/Application/acu/Processes/ModelProcesses/SensedDrainModel\
#        -Isource/Category/Application/acu/Processes/ModelProcesses/SensedDrainModel/CodeGeneration\
#        -Isource/Category/Application/acu/Processes/OWI\
#        -Isource/Category/Application/acu/Processes/OWI_VRO\
#        -Isource/Category/Application/acu/Processes/OWIOneShot\
#        -Isource/Category/Application/acu/Processes/PumpControl\
#        -Isource/Category/Application/acu/Processes/Regenerate\
#        -Isource/Category/Application/acu/Processes/RinseAidDispense\
#        -Isource/Category/Application/acu/Processes/RinseAidDispense/RinseAid\
#        -Isource/Category/Application/acu/Processes/RinseAidDispense/TridgeDetergent\
#        -Isource/Category/Application/acu/Tasks/DoorOpeningSystemPull\
#        -Isource/Category/Application/acu/Tasks/DoorOpeningSystemPush\
#        -Isource/Category/Application/acu/Tasks/HeaterShadowing\
#        -Isource/Category/Application/acu/Tasks/MoisturePrevention\
#        -Isource/Category/Application/acu/Tasks/OWIContinousReading\
#        -Isource/Category/Application/acu/Tasks/OwiVroContinuousReading\
#        -Isource/Category/Application/acu/Tasks/Sanitization\
#        -Isource/Category/Application/acu/Tasks/StabilityControl\
#        -Isource/Category/Application/acu/Tasks/TimeElapse\
#        -Isource/Category/Application/acu/VWI\
#        -Isource/Category/Application/all/ActivePower\
#        -Isource/Category/Application/all/API007App\
#        -Isource/Category/Application/all/Config\
#        -Isource/Category/Common/acu/CommonDish/DishAuxVar\
#        -Isource/Category/Common/acu/CommonDish/PumpCommand\
#        -Isource/Category/Common/acu/CommonDish/StatisticsDish\
#        -Isource/Category/Common/all/BoardDebugging\
#        -Isource/Category/Common/all/Config\
#        -Isource/Category/Common/all/MasterCommander\
#        -Isource/Category/Common/all/MasterCommander/Source\
#        -Isource/Category/Common/all/MasterCommander/Source/HAL\
#        -Isource/Category/Common/all/SharedUtils\
#        -Isource/Category/Hbl/acu/ACULoadHandler/AlternateLoad\
#        -Isource/Category/Hbl/acuexpacu/ACUGIHandler/WaterCounterGI\
#        -Isource/Category/Hbl/acuexpacu/ACULoadHandler/HeaterLoad\
#        -Isource/Category/Hbl/acuexpacu/ACULoadHandler/TriacMci\
#        -Isource/Category/Hbl/all/Config\ -Isource/Category/Hbl/all/Mci\
#        -Isource/Category/Hbl/all/Mci/MciZeroCross\
#        -Isource/Category/Hbl/all/Mci/Slfac\
#        -Isource/Category/Hbl/all/Mci/Slfac/Macroblocks\
#        -Isource/Category/Hbl/all/Mci/Slfac/Microblocks/GlitchFilter\
#        -Isource/Category/Hbl/all/Mci/Slfac/Microblocks/IIRFilter\
#        -Isource/Category/Hbl/all/Mci/Slfac/Microblocks/MathCalc\
#        -Isource/Category/Hbl/all/Mci/Slfac/Microblocks/PeakDetector\
#        -Isource/Category/Hbl/all/Mci/Slfac/Microblocks/Pi\
#        -Isource/Category/Hbl/all/MCUDrivers/TimeCapture\
#        -Isource/Category/Hbl/all/MCUDrivers/TimerInterruptExt\
#        -Isource/Micros/STM32G0x/Driver/Atod\
#        -Isource/Micros/STM32G0x/Driver/DataFlash\
#        -Isource/Micros/STM32G0x/Driver/Dma\
#        -Isource/Micros/STM32G0x/Driver/Dtoa\
#        -Isource/Micros/STM32G0x/Driver/ExtInterrupt\
#        -Isource/Micros/STM32G0x/Driver/Flash\
#        -Isource/Micros/STM32G0x/Driver/Gpio\
#        -Isource/Micros/STM32G0x/Driver/I2c\
#        -Isource/Micros/STM32G0x/Driver/IntMgr\
#        -Isource/Micros/STM32G0x/Driver/Micro\
#        -Isource/Micros/STM32G0x/Driver/MicroExt\
#        -Isource/Micros/STM32G0x/Driver/Rtc\
#        -Isource/Micros/STM32G0x/Driver/RTCDriver\
#        -Isource/Micros/STM32G0x/Driver/Spi\
#        -Isource/Micros/STM32G0x/Driver/Timeout\
#        -Isource/Micros/STM32G0x/Driver/Timer\
#        -Isource/Micros/STM32G0x/Driver/TimerInterrupt\
#        -Isource/Micros/STM32G0x/Driver/Uart\
#        -Isource/ProjectSpecific/Application/acu/Config\
#        -Isource/ProjectSpecific/Application/acu/LowPower\
#        -Isource/ProjectSpecific/Application/acuexpacu/Config\
#        -Isource/ProjectSpecific/Application/all/Config\
#        -Isource/ProjectSpecific/Application/all/MCUDebug\
#        -Isource/ProjectSpecific/Application/all/ProductInfo\
#        -Isource/ProjectSpecific/Common/acu/Config\
#        -Isource/ProjectSpecific/Common/all/Config\
#        -Isource/ProjectSpecific/Common/all/Debug\
#        -Isource/ProjectSpecific/Common/all/SRConfig\
#        -Isource/ProjectSpecific/Driver/STM32G0x\
#        -Isource/ProjectSpecific/Hbl/acuexpacu/Config\
#        -Isource/ProjectSpecific/Hbl/acuexpacu/SRConfig\
#        -Isource/ProjectSpecific/Hbl/all/Config\
#        -Isource/ProjectSpecific/Hbl/all/Config/Mci\
#        -Isource/ProjectSpecific/Hbl/all/Config/Mci/MasterCommander\
#        -Isource/ProjectSpecific/Hbl/all/Config/Mci/MCUDrivers\
#        -Isource/ProjectSpecific/Hbl/all/SRConfig\
#        -Isource/XCategory/Application/acu/API221MotionCtrl\
#        -Isource/XCategory/Application/acu/Calibration\
#        -Isource/XCategory/Application/acu/Condition\
#        -Isource/XCategory/Application/acu/Estimator\
#        -Isource/XCategory/Application/acu/Interpreter\
#        -Isource/XCategory/Application/acu/Processes/ActivateTask\
#        -Isource/XCategory/Application/acu/Processes/JumpIf\
#        -Isource/XCategory/Application/acu/Processes/LoadsControl\
#        -Isource/XCategory/Application/acu/Processes/Maintain\
#        -Isource/XCategory/Application/acu/Processes/SetVariable\
#        -Isource/XCategory/Application/acu/RegulationAccept\
#        -Isource/XCategory/Application/acu/Selector\
#        -Isource/XCategory/Application/acu/SubCycle\
#        -Isource/XCategory/Application/acu/Supervisor\
#        -Isource/XCategory/Application/acu/TestMgr\
#        -Isource/XCategory/Application/acuexpacu/ApplianceMgr\
#        -Isource/XCategory/Application/acuhmi/CommunicationMonitor\
#        -Isource/XCategory/Application/acuhmi/Modifier\
#        -Isource/XCategory/Application/acuhmi/Regulations\
#        -Isource/XCategory/Application/acuhmi/Status\
#        -Isource/XCategory/Application/all/API007Data\
#        -Isource/XCategory/Application/all/API011AppCtr\
#        -Isource/XCategory/Application/all/API012Exp\
#        -Isource/XCategory/Application/all/API013RemoteFunction\
#        -Isource/XCategory/Application/all/API018Diagnostic\
#        -Isource/XCategory/Application/all/API220MotorControl\
#        -Isource/XCategory/Application/all/API220MotorControl/Api\
#        -Isource/XCategory/Application/all/Mode\
#        -Isource/XCategory/Application/all/Reveal_Basic/API003Disc\
#        -Isource/XCategory/Application/all/Reveal_Basic/API004Debug\
#        -Isource/XCategory/Application/all/Reveal_Basic/API004Debug/SW05SoftwareTest\
#        -Isource/XCategory/Application/all/Reveal_Basic/API005LowLevel\
#        -Isource/XCategory/Application/all/Reveal_Basic/API009System\
#        -Isource/XCategory/Application/all/Reveal_Basic/API010PollVar\
#        -Isource/XCategory/Application/all/Reveal_Basic/API019ProductInfo\
#        -Isource/XCategory/Application/all/SFUpdater\
#        -Isource/XCategory/Application/all/SRAPI020Safety\
#        -Isource/XCategory/Application/all/StatusLed\
#        -Isource/XCategory/Common/acu/BrownOut\
#        -Isource/XCategory/Common/acu/Fault\
#        -Isource/XCategory/Common/acu/Statistics\
#        -Isource/XCategory/Common/all/Common/Callback\
#        -Isource/XCategory/Common/all/Common/Convert\
#        -Isource/XCategory/Common/all/Common/Crc16\
#        -Isource/XCategory/Common/all/Common/Crc32\
#        -Isource/XCategory/Common/all/Common/Crc8\
#        -Isource/XCategory/Common/all/Common/Equation\
#        -Isource/XCategory/Common/all/Common/Filter\
#        -Isource/XCategory/Common/all/Common/FITMgr\
#        -Isource/XCategory/Common/all/Common/I2cMgr\
#        -Isource/XCategory/Common/all/Common/IAPEmul\
#        -Isource/XCategory/Common/all/Common/Log\
#        -Isource/XCategory/Common/all/Common/Millis\
#        -Isource/XCategory/Common/all/Common/SeggerRTT\
#        -Isource/XCategory/Common/all/Common/SeggerRTT/SEGGER_RTT/Config\
#        -Isource/XCategory/Common/all/Common/SeggerRTT/SEGGER_RTT/RTT\
#        -Isource/XCategory/Common/all/Common/SettingFile\
#        -Isource/XCategory/Common/all/Common/SFVersionCheck\
#        -Isource/XCategory/Common/all/Common/SystemConfig\
#        -Isource/XCategory/Common/all/Common/SystemTimers\
#        -Isource/XCategory/Common/all/Common/Utilities\
#        -Isource/XCategory/Common/all/Common/Variable\
#        -Isource/XCategory/Common/all/SRCommon/SRClockMonitor\
#        -Isource/XCategory/Common/all/SRCommon/SRData\
#        -Isource/XCategory/Common/all/SRCommon/SRException\
#        -Isource/XCategory/Common/all/SRCommon/SRIsrMonitor\
#        -Isource/XCategory/Common/all/SRCommon/SRPowerMgr\
#        -Isource/XCategory/Common/all/SRCommon/SRSignature\
#        -Isource/XCategory/Common/all/SRCommon/SRSystemConfig\
#        -Isource/XCategory/Common/all/SRCommon/SRTaskMonitor\
#        -Isource/XCategory/Common/all/SRCommon/SRTaskSequence\
#        -Isource/XCategory/Common/all/SRCommon/SRTimerReference\
#        -Isource/XCategory/Common/all/SRCommon/SRUnusedPinsConfig\
#        -Isource/XCategory/Common/all/SRMain\
#        -Isource/XCategory/Common/all/SRMain/BackgroundThreads\
#        -Isource/XCategory/Common/all/SRMain/OsServices\
#        -Isource/XCategory/Common/all/SRMain/StackAnalysis\
#        -Isource/XCategory/Common/all/SRMain/TimingAnalysis\
#        -Isource/XCategory/Driver/APIs/Atod\
#        -Isource/XCategory/Driver/APIs/Comparator\
#        -Isource/XCategory/Driver/APIs/DataFlash\
#        -Isource/XCategory/Driver/APIs/Dma\
#        -Isource/XCategory/Driver/APIs/Dtc\
#        -Isource/XCategory/Driver/APIs/Dtoa\
#        -Isource/XCategory/Driver/APIs/EmbOS\
#        -Isource/XCategory/Driver/APIs/ExtInterrupt\
#        -Isource/XCategory/Driver/APIs/Flash\
#        -Isource/XCategory/Driver/APIs/Gpio\
#        -Isource/XCategory/Driver/APIs/I2c\
#        -Isource/XCategory/Driver/APIs/IntMgr\
#        -Isource/XCategory/Driver/APIs/Micro\
#        -Isource/XCategory/Driver/APIs/MicroExt\
#        -Isource/XCategory/Driver/APIs/Rtc\
#        -Isource/XCategory/Driver/APIs/RTCDriver\
#        -Isource/XCategory/Driver/APIs/Spi\
#        -Isource/XCategory/Driver/APIs/Timeout\
#        -Isource/XCategory/Driver/APIs/Timer\
#        -Isource/XCategory/Driver/APIs/TimerInterrupt\
#        -Isource/XCategory/Driver/APIs/Touch\
#        -Isource/XCategory/Driver/APIs/Uart\
#        -Isource/XCategory/Hbl/acu/FdmCounter\
#        -Isource/XCategory/Hbl/acu/FdmTimer\
#        -Isource/XCategory/Hbl/acuexpacu/ACUGIHandler/ConvertGI\
#        -Isource/XCategory/Hbl/acuexpacu/ACUGIHandler/DirectGI\
#        -Isource/XCategory/Hbl/acuexpacu/ACUGIHandler/DoorSwitchGI\
#        -Isource/XCategory/Hbl/acuexpacu/ACUGIHandler/ProbeGI\
#        -Isource/XCategory/Hbl/acuexpacu/ACUGIHandler/ProbeLpsGI\
#        -Isource/XCategory/Hbl/acuexpacu/ACULoadHandler/DCFanLoad\
#        -Isource/XCategory/Hbl/acuexpacu/ACUPilotHandler/AnalogOutputPilot\
#        -Isource/XCategory/Hbl/acuexpacu/ACUPilotHandler/ChargePumpPilot\
#        -Isource/XCategory/Hbl/acuexpacu/ACUPilotHandler/DigitalOutputMultiPilot\
#        -Isource/XCategory/Hbl/acuexpacu/ACUPilotHandler/DigitalOutputPilot\
#        -Isource/XCategory/Hbl/acuexpacu/ACUPilotHandler/DoorLockEMPilot\
#        -Isource/XCategory/Hbl/acuexpacu/ACUPilotHandler/DoorLockWaxPilot\
#        -Isource/XCategory/Hbl/acuexpacu/ACUPilotHandler/ExpansionPilot\
#        -Isource/XCategory/Hbl/acuexpacu/ACUPilotHandler/ExternalMotorPilot\
#        -Isource/XCategory/Hbl/acuexpacu/ACUPilotHandler/FSMPilot\
#        -Isource/XCategory/Hbl/acuexpacu/ACUPilotHandler/MagnetronPilot\
#        -Isource/XCategory/Hbl/acuexpacu/ACUPilotHandler/MotorPilot\
#        -Isource/XCategory/Hbl/acuexpacu/ACUPilotHandler/MultiDriverPilot\
#        -Isource/XCategory/Hbl/acuexpacu/ACUPilotHandler/MultiSequencePilot\
#        -Isource/XCategory/Hbl/acuexpacu/ACUPilotHandler/NonfunctionalPilot\
#        -Isource/XCategory/Hbl/acuexpacu/ACUPilotHandler/PwmHiResPilot\
#        -Isource/XCategory/Hbl/acuexpacu/ACUPilotHandler/PwmPilot\
#        -Isource/XCategory/Hbl/acuexpacu/ACUPilotHandler/SRChargePumpPilot\
#        -Isource/XCategory/Hbl/acuexpacu/ACUPilotHandler/SRDigitalOutputMultiPilot\
#        -Isource/XCategory/Hbl/acuexpacu/ACUPilotHandler/SRDigitalOutputPilot\
#        -Isource/XCategory/Hbl/acuexpacu/ACUPilotHandler/SRDoorLockEMPilot\
#        -Isource/XCategory/Hbl/acuexpacu/ACUPilotHandler/SRDoorLockWaxPilot\
#        -Isource/XCategory/Hbl/acuexpacu/ACUPilotHandler/SRUMRelayPilot\
#        -Isource/XCategory/Hbl/acuexpacu/ACUPilotHandler/SteadyPwmProfilePilot\
#        -Isource/XCategory/Hbl/acuexpacu/ACUPilotHandler/StepperPilot\
#        -Isource/XCategory/Hbl/acuexpacu/ACUPilotHandler/TriacSwitchPilot\
#        -Isource/XCategory/Hbl/acuexpacu/ACUPilotHandler/ZCRelayPilot\
#        -Isource/XCategory/Hbl/acuexpacu/ACUPilotHandler/ZCTriacPilot\
#        -Isource/XCategory/Hbl/acuexpacu/HblAcu\
#        -Isource/XCategory/Hbl/acuexpacu/HblAcu/CrossLoads\
#        -Isource/XCategory/Hbl/acuexpacu/HblAcu/SetLoadQueue\
#        -Isource/XCategory/Hbl/acuexpacu/HblAcu/SRProductMgr\
#        -Isource/XCategory/Hbl/acuexpacu/HblAcu/ZeroCross\
#        -Isource/XCategory/Hbl/all/Hbl\
#        -Isource/XCategory/Hbl/all/Hbl/DefaultPin\
#        -Isource/XCategory/Hbl/all/Hbl/HblCommon\
#        -Isource/XCategory/Hbl/all/Hbl/VirtualPin\
#        -Isource/XCategory/Hbl/all/LLIHandler/AbsoluteHumidityLLI\
#        -Isource/XCategory/Hbl/all/LLIHandler/AccelerometerLLI\
#        -Isource/XCategory/Hbl/all/LLIHandler/AccelerometerLLI/AccelBaseline\
#        -Isource/XCategory/Hbl/all/LLIHandler/AccelerometerLLI/AccelDiscover\
#        -Isource/XCategory/Hbl/all/LLIHandler/AccelerometerLLI/FXLS8974\
#        -Isource/XCategory/Hbl/all/LLIHandler/AccelerometerLLI/FXLS8974/SelfTestFXLS8974\
#        -Isource/XCategory/Hbl/all/LLIHandler/AccelerometerLLI/LISxDH\
#        -Isource/XCategory/Hbl/all/LLIHandler/AnalogLLI\
#        -Isource/XCategory/Hbl/all/LLIHandler/ConductivityLLI\
#        -Isource/XCategory/Hbl/all/LLIHandler/DigitalLLI\
#        -Isource/XCategory/Hbl/all/LLIHandler/EncoderLLI\
#        -Isource/XCategory/Hbl/all/LLIHandler/ExpansionLLI\
#        -Isource/XCategory/Hbl/all/LLIHandler/FeedbackLLI\
#        -Isource/XCategory/Hbl/all/LLIHandler/I2CInfraredLLI\
#        -Isource/XCategory/Hbl/all/LLIHandler/I2CPressureSensorLLI\
#        -Isource/XCategory/Hbl/all/LLIHandler/I2CRHTSensorLLI\
#        -Isource/XCategory/Hbl/all/LLIHandler/InputCaptureLLI\
#        -Isource/XCategory/Hbl/all/LLIHandler/MultiInputLLI\
#        -Isource/XCategory/Hbl/all/LLIHandler/NonfunctionalLLI\
#        -Isource/XCategory/Hbl/all/LLIHandler/PulseCounterLLI\
#        -Isource/XCategory/Hbl/all/LLIHandler/SRAnalogLLI\
#        -Isource/XCategory/Hbl/all/LLIHandler/SRDigitalLLI\
#        -Isource/XCategory/Hbl/all/LLIHandler/SRFeedbackLLI\
#        -Isource/XCategory/Hbl/all/LLIHandler/SRI2CPressureSensorLLI\
#        -Isource/XCategory/Hbl/all/LLIHandler/SRICTachometerLLI\
#        -Isource/XCategory/Hbl/all/LLIHandler/SRInputCaptureLLI\
#        -Isource/XCategory/Hbl/all/LLIHandler/SRTouchKeyLLI\
#        -Isource/XCategory/Hbl/all/LLIHandler/SRTriacFeedbackLLI\
#        -Isource/XCategory/Hbl/all/LLIHandler/TouchKeyLLI\
#        -Isource/XCategory/Hbl/all/LLIHandler/TouchSliderLLI\
#        -Isource/XCategory/Hbl/all/LLIHandler/TouchWheelLLI\
#        -Isource/XCategory/Hbl/all/LLIHandler/TriacFeedbackLLI\
#        -Isource/XCategory/Hbl/all/LLIHandler/VirtualDigitalLLI\
#        -Isource/XCategory/Service/all/NVData\
#        -Isource/XCategory/Service/all/Reveal\
#        -Isource/XCategory/Service/all/Win\) -l listings\Convert.lst -o
#        obj\Convert.obj source/XCategory/Common/all/Common/Convert/Convert.c
#    Locale       =  English_United States.1252
#    List file    =  listings\Convert.lst
#    Object file  =  obj\Convert.obj
#
###############################################################################

C:\Data\Nucleus_Dev\Vostok_ACU_A\source\XCategory\Common\all\Common\Convert\Convert.c
      1          /**
      2           *  @file
      3           *
      4           *  @brief      Standard interface for Convert module
      5           *  @details    This specification defines the requirements of the Convert module which shall be
      6           *              used for converting Input data (provided by ADC conversion or other source of RAW data) to a value that represents a specific scale of values
      7           *              such as temperature, pressure, etc.
      8           *
      9           *  @section    Applicable_Documents
     10           *                  List here all the applicable documents if needed. <tr>
     11           *
     12           *  $Header: Convert.c
     13           *
     14           *  @copyright  Copyright 2013-$Date: 2015/07/20 19:38:35EDT $. Whirlpool Corporation. All rights reserved - CONFIDENTIAL
     15           */
     16          //---------------------------------------------------------------------------------------------------------------------
     17          //---------------------------------------------------------------------------------------------------------------------
     18          
     19          //-------------------------------------- Include Files ----------------------------------------------------------------
     20          #include "C_Extensions.h"
     21          #include "Convert.h"
     22          #include "String.h"
     23          
     24          #include <limits.h>
     25          
     26          //-------------------------------------- PUBLIC (Variables) -----------------------------------------------------------
     27          
     28          //-------------------------------------- PRIVATE (Variables, Constants & Defines) -------------------------------------
     29          #define CONVERT_INVALID_INDEX               ((CONVERT_SIZE_TYPE)0xFFFFFFFF)
     30          

   \                                 In section .rodata, align 4, keep-with-next
     31          const static uint8 DATA_TYPE_SIZE[] =
   \                     DATA_TYPE_SIZE:
   \   00000000   0x00 0x01          DC8 0, 1, 2, 4, 8, 1, 2, 4, 8, 4, 8, 0, 0, 2, 0, 0
   \              0x02 0x04    
   \              0x08 0x01    
   \              0x02 0x04    
   \              0x08 0x04    
   \              0x08 0x00    
   \              0x00 0x02    
   \              0x00 0x00    
     32                                                              {
     33                                                                  0,      //DATATYPE_INVALID
     34                                                                  1,      //DATATYPE_UINT8,
     35                                                                  2,      //DATATYPE_UINT16,
     36                                                                  4,      //DATATYPE_UINT32,
     37                                                                  8,      //DATATYPE_UINT64,
     38                                                                  1,      //DATATYPE_SINT8,
     39                                                                  2,      //DATATYPE_SINT16,
     40                                                                  4,      //DATATYPE_SINT32,
     41                                                                  8,      //DATATYPE_SINT64,
     42                                                                  4,      //DATATYPE_FLOAT32,
     43                                                                  8,      //DATATYPE_FLOAT64,
     44                                                                  0,      //DATATYPE_IS_ARRAY
     45                                                                  0,      //DATATYPE_IS_REGULATION
     46                                                                  2,      //DATATYPE_IS_Q15_CELSIUS
     47                                                              };
     48          
     49          //-------------------------------------- PRIVATE (Function Prototypes) ------------------------------------------------
     50          static sint16 ConvertSignExtension(void * table_ptr, CONVERT_SIZE_TYPE index, uint8 data_size, uint16 mask);
     51          static void SearchTableUnsigned(void * table_ptr, CONVERT_SIZE_TYPE table_size, uint16 input_data, uint8 input_data_size, uint16 input_mask, CONVERT_SIZE_TYPE *minimum_index, CONVERT_SIZE_TYPE *maximum_index);
     52          static void SearchTableSigned(void * table_ptr, CONVERT_SIZE_TYPE table_size, sint16 input_data, uint8 input_data_size, uint16 input_mask, CONVERT_SIZE_TYPE *minimum_index, CONVERT_SIZE_TYPE *maximum_index);
     53          static uint16 ExtractData(uint8 *table_ptr, CONVERT_SIZE_TYPE index, uint8 data_size, uint16 mask);
     54          
     55          //=====================================================================================================================
     56          //-------------------------------------- Public Functions -------------------------------------------------------------
     57          //=====================================================================================================================
     58          //---------------------------------------------------------------------------------------------------------------------
     59          /**
     60           *  @brief      It Initializes the Convert module and its variable
     61           *
     62           */

   \                                 In section .text, align 2, keep-with-next
     63          void Convert__Initialize(void)
     64          {
     65          
     66          }
   \                     Convert__Initialize: (+1)
   \   00000000   0x4770             BX       LR               ;; return
     67          
     68          
     69          //---------------------------------------------------------------------------------------------------------------------
     70          /**
     71           * @brief    This method performs the conversion of raw data using the reference table
     72           * @details  It uses the successive approximation and interpolate method to find the converted data
     73           *
     74           * @param input_data - The data to be converted
     75           * @param table_ptr  - A reference of CONVERT_TABLE_TYPE used in the application
     76           *
     77           * @return
     78           *      @retval - The converted return value
     79           *
     80           * @image html "Convert__ConvertDataByRef.jpg"
     81           */

   \                                 In section .text, align 2, keep-with-next
     82          sint32 Convert__Process(uint16 input_data, CONVERT_TABLE_TYPE * table_ptr)
     83          {
   \                     Convert__Process: (+1)
   \   00000000   0xB580             PUSH     {R7,LR}
     84              sint32 converted_data;
     85              Convert__GetValue(input_data, table_ptr, &converted_data);
   \   00000002   0x466A             MOV      R2,SP
   \   00000004   0x.... 0x....      BL       Convert__GetValue
     86          
     87              return(converted_data);
   \   00000008   0x9800             LDR      R0,[SP, #+0]
   \   0000000A   0xBD02             POP      {R1,PC}          ;; return
     88          }
     89          
     90          //---------------------------------------------------------------------------------------------------------------------
     91          /**
     92           * @brief    This method performs the conversion of raw data using the reference table
     93           * @details  It uses the successive approximation and interpolate method to find the converted data
     94           *
     95           * @param input_data            : The data to be converted
     96           * @param table_ptr             : A reference of CONVERT_TABLE_TYPE used in the application
     97           * @param converted_data_ptr    : A reference where converted data is stores
     98           *
     99           * @return : returns the CONVERT_STATUS_TYPE
    100           *
    101           * @image html "Convert__ConvertDataByRef.jpg"
    102           */

   \                                 In section .text, align 4, keep-with-next
    103          CONVERT_STATUS_TYPE Convert__GetValue(sint32 input_data, CONVERT_TABLE_TYPE * table_ptr, sint32 * converted_data_ptr)
    104          {
   \                     Convert__GetValue: (+1)
   \   00000000   0xB5F5             PUSH     {R0,R2,R4-R7,LR}
   \   00000002   0xB08D             SUB      SP,SP,#+52
   \   00000004   0x000F             MOVS     R7,R1
    105              CONVERT_STATUS_TYPE convert_status = CONVERT_STATUS_PARAM_ERROR;
   \   00000006   0x2601             MOVS     R6,#+1
   \   00000008   0x0035             MOVS     R5,R6
   \   0000000A   0x2000             MOVS     R0,#+0
   \   0000000C   0x4669             MOV      R1,SP
   \   0000000E   0x7408             STRB     R0,[R1, #+16]
    106              BOOL_TYPE check_under_over_range = FALSE;
    107          
    108              uint16 uint_input_data;
    109              uint16 uint_input_minimum_value = USHRT_MAX;
   \   00000010   0x4832             LDR      R0,??Convert__GetValue_1  ;; 0xffff
   \   00000012   0x9009             STR      R0,[SP, #+36]
    110              uint16 uint_input_maximum_value = 0;
   \   00000014   0x2000             MOVS     R0,#+0
   \   00000016   0x900B             STR      R0,[SP, #+44]
    111          
    112              sint16 sint_input_data;
    113              sint16 sint_input_minimum_value = SHRT_MAX;
   \   00000018   0x4831             LDR      R0,??Convert__GetValue_1+0x4  ;; 0x7fff
   \   0000001A   0x9008             STR      R0,[SP, #+32]
    114              sint16 sint_input_maximum_value = SHRT_MIN;
   \   0000001C   0x4831             LDR      R0,??Convert__GetValue_1+0x8  ;; 0xffff8000
   \   0000001E   0x900A             STR      R0,[SP, #+40]
    115          
    116              uint8 input_data_size;
    117              uint8 output_data_size;
    118              sint32 output_table_data;
    119          
    120              uint16 input_mask;
    121              uint16 output_mask;
    122          
    123              CONVERT_SIZE_TYPE minimum_index;
    124              CONVERT_SIZE_TYPE maximum_index;
    125          
    126              sint32 output_data_minimum;
    127              sint32 output_data_maximum;
    128          
    129              if ((table_ptr->input_table_1 != NULL) &&
    130                  (table_ptr->output_table != NULL) &&
    131                  (converted_data_ptr != NULL))
   \   00000020   0x0038             MOVS     R0,R7
   \   00000022   0x.... 0x....      BL       __aeabi_uread4
   \   00000026   0x2800             CMP      R0,#+0
   \   00000028   0xD100             BNE      .+4
   \   0000002A   0xE1CA             B        ??Convert__GetValue_2
   \   0000002C   0x0038             MOVS     R0,R7
   \   0000002E   0x3008             ADDS     R0,R0,#+8
   \   00000030   0x.... 0x....      BL       __aeabi_uread4
   \   00000034   0x2800             CMP      R0,#+0
   \   00000036   0xD100             BNE      .+4
   \   00000038   0xE1C3             B        ??Convert__GetValue_2
   \   0000003A   0x980E             LDR      R0,[SP, #+56]
   \   0000003C   0x2800             CMP      R0,#+0
   \   0000003E   0xD100             BNE      .+4
   \   00000040   0xE1BF             B        ??Convert__GetValue_2
    132              {
    133                  //return the input data as a converted value if the conversion fails
    134                  output_table_data   = input_data;
   \   00000042   0x9C0D             LDR      R4,[SP, #+52]
    135          
    136                  input_data_size     = DATA_TYPE_SIZE[table_ptr->input_type];
   \   00000044   0x7B38             LDRB     R0,[R7, #+12]
   \   00000046   0x4928             LDR      R1,??Convert__GetValue_1+0xC
   \   00000048   0x5C0A             LDRB     R2,[R1, R0]
   \   0000004A   0x466B             MOV      R3,SP
   \   0000004C   0x735A             STRB     R2,[R3, #+13]
    137                  output_data_size    = DATA_TYPE_SIZE[table_ptr->output_type];
   \   0000004E   0x7B7A             LDRB     R2,[R7, #+13]
   \   00000050   0x5C89             LDRB     R1,[R1, R2]
   \   00000052   0x466A             MOV      R2,SP
   \   00000054   0x7311             STRB     R1,[R2, #+12]
    138          
    139                  uint_input_data     = (uint16)input_data;
   \   00000056   0x990D             LDR      R1,[SP, #+52]
   \   00000058   0xB289             UXTH     R1,R1
   \   0000005A   0x9107             STR      R1,[SP, #+28]
    140                  sint_input_data     = (sint16)input_data;
   \   0000005C   0x990D             LDR      R1,[SP, #+52]
   \   0000005E   0xB209             SXTH     R1,R1
   \   00000060   0x9106             STR      R1,[SP, #+24]
    141          
    142                  input_mask          = (uint16)(0xFFFFFFFF >> ((4 - input_data_size) * 8));
   \   00000062   0x2100             MOVS     R1,#+0
   \   00000064   0x43C9             MVNS     R1,R1            ;; #-1
   \   00000066   0x2204             MOVS     R2,#+4
   \   00000068   0x7B5B             LDRB     R3,[R3, #+13]
   \   0000006A   0x1AD2             SUBS     R2,R2,R3
   \   0000006C   0x00D2             LSLS     R2,R2,#+3
   \   0000006E   0x000B             MOVS     R3,R1
   \   00000070   0x40D3             LSRS     R3,R3,R2
   \   00000072   0x466A             MOV      R2,SP
   \   00000074   0x8293             STRH     R3,[R2, #+20]
    143                  output_mask         = (uint16)(0xFFFFFFFF >> ((4 - output_data_size) * 8));
   \   00000076   0x2204             MOVS     R2,#+4
   \   00000078   0x466B             MOV      R3,SP
   \   0000007A   0x7B1B             LDRB     R3,[R3, #+12]
   \   0000007C   0x1AD2             SUBS     R2,R2,R3
   \   0000007E   0x00D2             LSLS     R2,R2,#+3
   \   00000080   0x40D1             LSRS     R1,R1,R2
   \   00000082   0x466A             MOV      R2,SP
   \   00000084   0x8251             STRH     R1,[R2, #+18]
    144          
    145                  //Process Input table data based on the type
    146                  if (table_ptr->input_type > DATATYPE_UINT64)
   \   00000086   0x2805             CMP      R0,#+5
   \   00000088   0xDB30             BLT      ??Convert__GetValue_3
    147                  {
    148                      SearchTableSigned(table_ptr->input_table_1, table_ptr->table_size, sint_input_data, input_data_size, input_mask, &minimum_index, &maximum_index);
   \   0000008A   0x0038             MOVS     R0,R7
   \   0000008C   0x.... 0x....      BL       __aeabi_uread4
   \   00000090   0xA903             ADD      R1,SP,#+12
   \   00000092   0x1C89             ADDS     R1,R1,#+2
   \   00000094   0x9102             STR      R1,[SP, #+8]
   \   00000096   0xA903             ADD      R1,SP,#+12
   \   00000098   0x1CC9             ADDS     R1,R1,#+3
   \   0000009A   0x9101             STR      R1,[SP, #+4]
   \   0000009C   0x4669             MOV      R1,SP
   \   0000009E   0x8A89             LDRH     R1,[R1, #+20]
   \   000000A0   0x9100             STR      R1,[SP, #+0]
   \   000000A2   0x4669             MOV      R1,SP
   \   000000A4   0x7B4B             LDRB     R3,[R1, #+13]
   \   000000A6   0x9A06             LDR      R2,[SP, #+24]
   \   000000A8   0xB212             SXTH     R2,R2
   \   000000AA   0x7BB9             LDRB     R1,[R7, #+14]
   \   000000AC   0x.... 0x....      BL       SearchTableSigned
    149          
    150                      sint_input_minimum_value    =   ConvertSignExtension(table_ptr->input_table_1, minimum_index, input_data_size, input_mask);
   \   000000B0   0x0038             MOVS     R0,R7
   \   000000B2   0x.... 0x....      BL       __aeabi_uread4
   \   000000B6   0x4669             MOV      R1,SP
   \   000000B8   0x8A8B             LDRH     R3,[R1, #+20]
   \   000000BA   0x7B4A             LDRB     R2,[R1, #+13]
   \   000000BC   0x7BC9             LDRB     R1,[R1, #+15]
   \   000000BE   0x.... 0x....      BL       ConvertSignExtension
   \   000000C2   0x9008             STR      R0,[SP, #+32]
    151                      sint_input_maximum_value    =   ConvertSignExtension(table_ptr->input_table_1, maximum_index, input_data_size, input_mask);
   \   000000C4   0x0038             MOVS     R0,R7
   \   000000C6   0x.... 0x....      BL       __aeabi_uread4
   \   000000CA   0x4669             MOV      R1,SP
   \   000000CC   0x8A8B             LDRH     R3,[R1, #+20]
   \   000000CE   0x7B4A             LDRB     R2,[R1, #+13]
   \   000000D0   0x7B89             LDRB     R1,[R1, #+14]
   \   000000D2   0x.... 0x....      BL       ConvertSignExtension
   \   000000D6   0x900A             STR      R0,[SP, #+40]
   \   000000D8   0xE02F             B        ??Convert__GetValue_4
   \   000000DA   0xBF00             Nop      
   \                     ??Convert__GetValue_1:
   \   000000DC   0x0000FFFF         DC32     0xffff
   \   000000E0   0x00007FFF         DC32     0x7fff
   \   000000E4   0xFFFF8000         DC32     0xffff8000
   \   000000E8   0x........         DC32     DATA_TYPE_SIZE
    152                  }
    153                  else
    154                  {
    155                      SearchTableUnsigned(table_ptr->input_table_1, table_ptr->table_size, uint_input_data, input_data_size, input_mask, &minimum_index, &maximum_index);
   \                     ??Convert__GetValue_3: (+1)
   \   000000EC   0x0038             MOVS     R0,R7
   \   000000EE   0x.... 0x....      BL       __aeabi_uread4
   \   000000F2   0xA903             ADD      R1,SP,#+12
   \   000000F4   0x1C89             ADDS     R1,R1,#+2
   \   000000F6   0x9102             STR      R1,[SP, #+8]
   \   000000F8   0xA903             ADD      R1,SP,#+12
   \   000000FA   0x1CC9             ADDS     R1,R1,#+3
   \   000000FC   0x9101             STR      R1,[SP, #+4]
   \   000000FE   0x4669             MOV      R1,SP
   \   00000100   0x8A89             LDRH     R1,[R1, #+20]
   \   00000102   0x9100             STR      R1,[SP, #+0]
   \   00000104   0x4669             MOV      R1,SP
   \   00000106   0x7B4B             LDRB     R3,[R1, #+13]
   \   00000108   0x9A07             LDR      R2,[SP, #+28]
   \   0000010A   0xB292             UXTH     R2,R2
   \   0000010C   0x7BB9             LDRB     R1,[R7, #+14]
   \   0000010E   0x.... 0x....      BL       SearchTableUnsigned
    156          
    157                      uint_input_minimum_value    =   (uint16)ExtractData((uint8 *)table_ptr->input_table_1, minimum_index, input_data_size,  input_mask);
   \   00000112   0x0038             MOVS     R0,R7
   \   00000114   0x.... 0x....      BL       __aeabi_uread4
   \   00000118   0x4669             MOV      R1,SP
   \   0000011A   0x8A8B             LDRH     R3,[R1, #+20]
   \   0000011C   0x7B4A             LDRB     R2,[R1, #+13]
   \   0000011E   0x7BC9             LDRB     R1,[R1, #+15]
   \   00000120   0x.... 0x....      BL       ExtractData
   \   00000124   0x9009             STR      R0,[SP, #+36]
    158                      uint_input_maximum_value    =   (uint16)ExtractData((uint8 *)table_ptr->input_table_1, maximum_index, input_data_size,  input_mask);
   \   00000126   0x0038             MOVS     R0,R7
   \   00000128   0x.... 0x....      BL       __aeabi_uread4
   \   0000012C   0x4669             MOV      R1,SP
   \   0000012E   0x8A8B             LDRH     R3,[R1, #+20]
   \   00000130   0x7B4A             LDRB     R2,[R1, #+13]
   \   00000132   0x7B89             LDRB     R1,[R1, #+14]
   \   00000134   0x.... 0x....      BL       ExtractData
   \   00000138   0x900B             STR      R0,[SP, #+44]
    159                  }
    160          
    161                  //Process the output table data based on the type
    162                  if (table_ptr->output_type > DATATYPE_UINT64)
   \                     ??Convert__GetValue_4: (+1)
   \   0000013A   0x7B78             LDRB     R0,[R7, #+13]
   \   0000013C   0x2805             CMP      R0,#+5
   \   0000013E   0xDB15             BLT      ??Convert__GetValue_5
    163                  {
    164                      output_data_minimum         =   ConvertSignExtension(table_ptr->output_table, minimum_index, output_data_size, output_mask);
   \   00000140   0x0038             MOVS     R0,R7
   \   00000142   0x3008             ADDS     R0,R0,#+8
   \   00000144   0x.... 0x....      BL       __aeabi_uread4
   \   00000148   0x4669             MOV      R1,SP
   \   0000014A   0x8A4B             LDRH     R3,[R1, #+18]
   \   0000014C   0x7B0A             LDRB     R2,[R1, #+12]
   \   0000014E   0x7BC9             LDRB     R1,[R1, #+15]
   \   00000150   0x.... 0x....      BL       ConvertSignExtension
   \   00000154   0x9000             STR      R0,[SP, #+0]
    165                      output_data_maximum         =   ConvertSignExtension(table_ptr->output_table, maximum_index, output_data_size, output_mask);
   \   00000156   0x0038             MOVS     R0,R7
   \   00000158   0x3008             ADDS     R0,R0,#+8
   \   0000015A   0x.... 0x....      BL       __aeabi_uread4
   \   0000015E   0x4669             MOV      R1,SP
   \   00000160   0x8A4B             LDRH     R3,[R1, #+18]
   \   00000162   0x7B0A             LDRB     R2,[R1, #+12]
   \   00000164   0x7B89             LDRB     R1,[R1, #+14]
   \   00000166   0x.... 0x....      BL       ConvertSignExtension
   \   0000016A   0xE014             B        ??Convert__GetValue_6
    166                  }
    167                  else
    168                  {
    169                      output_data_minimum         =   ExtractData((uint8 *)table_ptr->output_table,  minimum_index, output_data_size, output_mask);
   \                     ??Convert__GetValue_5: (+1)
   \   0000016C   0x0038             MOVS     R0,R7
   \   0000016E   0x3008             ADDS     R0,R0,#+8
   \   00000170   0x.... 0x....      BL       __aeabi_uread4
   \   00000174   0x4669             MOV      R1,SP
   \   00000176   0x8A4B             LDRH     R3,[R1, #+18]
   \   00000178   0x7B0A             LDRB     R2,[R1, #+12]
   \   0000017A   0x7BC9             LDRB     R1,[R1, #+15]
   \   0000017C   0x.... 0x....      BL       ExtractData
   \   00000180   0x9000             STR      R0,[SP, #+0]
    170                      output_data_maximum         =   ExtractData((uint8 *)table_ptr->output_table,  maximum_index, output_data_size, output_mask);
   \   00000182   0x0038             MOVS     R0,R7
   \   00000184   0x3008             ADDS     R0,R0,#+8
   \   00000186   0x.... 0x....      BL       __aeabi_uread4
   \   0000018A   0x4669             MOV      R1,SP
   \   0000018C   0x8A4B             LDRH     R3,[R1, #+18]
   \   0000018E   0x7B0A             LDRB     R2,[R1, #+12]
   \   00000190   0x7B89             LDRB     R1,[R1, #+14]
   \   00000192   0x.... 0x....      BL       ExtractData
    171                  }
    172          
    173          		#define INPUT_DATA \
    174          			( \
    175          				( table_ptr->input_type > DATATYPE_UINT64 ) ? \
    176          				sint_input_data : \
    177          				uint_input_data \
    178          			)
    179          
    180          		#define INPUT_MINIMUM_VALUE \
    181          			( \
    182          				( table_ptr->input_type > DATATYPE_UINT64 ) ? \
    183          				sint_input_minimum_value : \
    184          				uint_input_minimum_value \
    185          			)
    186          
    187          		#define INPUT_MAXIMUM_VALUE \
    188          			( \
    189          				( table_ptr->input_type > DATATYPE_UINT64 ) ? \
    190          				sint_input_maximum_value : \
    191          				uint_input_maximum_value \
    192          			)
    193          
    194          
    195                  convert_status = CONVERT_STATUS_PASS;
   \                     ??Convert__GetValue_6: (+1)
   \   00000196   0x2500             MOVS     R5,#+0
    196          
    197                  switch(table_ptr->search_method)
   \   00000198   0x7BF9             LDRB     R1,[R7, #+15]
   \   0000019A   0x2905             CMP      R1,#+5
   \   0000019C   0xD900             BLS      .+4
   \   0000019E   0xE0EF             B        ??Convert__GetValue_7
   \   000001A0   0xA201             ADR      R2,??Convert__GetValue_0
   \   000001A2   0x5C52             LDRB     R2,[R2, R1]
   \   000001A4   0x0052             LSLS     R2,R2,#+1
   \   000001A6   0x4497             ADD      PC,PC,R2
   \                     ??Convert__GetValue_0:
   \   000001A8   0x02 0x8E          DC8      0x2,0x8E,0xA0,0xB2
   \              0xA0 0xB2    
   \   000001AC   0xEB 0x1F          DC8      0xEB,0x1F
    198                  {
    199                      case CONVERT_EXACT_MATCH :
    200                          check_under_over_range = FALSE;
    201          
    202                          //If (input_data == Xn), then Modified Value = Yn
    203                          if (table_ptr->input_type > DATATYPE_UINT64)
   \                     ??Convert__GetValue_8: (+1)
   \   000001AE   0x7B39             LDRB     R1,[R7, #+12]
   \   000001B0   0x2905             CMP      R1,#+5
   \   000001B2   0xDB0C             BLT      ??Convert__GetValue_9
    204                          {
    205                              if (sint_input_data == sint_input_minimum_value)
   \   000001B4   0x9906             LDR      R1,[SP, #+24]
   \   000001B6   0x9A08             LDR      R2,[SP, #+32]
   \   000001B8   0x4291             CMP      R1,R2
   \   000001BA   0xD101             BNE      ??Convert__GetValue_10
    206                              {
    207                                  output_table_data = (sint32)output_data_minimum;
   \   000001BC   0x9C00             LDR      R4,[SP, #+0]
   \   000001BE   0xE0E0             B        ??Convert__GetValue_11
    208                              }
    209                              else if (sint_input_data == sint_input_maximum_value)
   \                     ??Convert__GetValue_10: (+1)
   \   000001C0   0x9A0A             LDR      R2,[SP, #+40]
   \   000001C2   0x4291             CMP      R1,R2
   \   000001C4   0xD101             BNE      ??Convert__GetValue_12
    210                              {
    211                                  output_table_data = (sint32)output_data_maximum;
   \   000001C6   0x0004             MOVS     R4,R0
   \   000001C8   0xE0DB             B        ??Convert__GetValue_11
    212                              }
    213                              else
    214                              {
    215                                  convert_status = CONVERT_STATUS_NO_MATCH_FOUND;
   \                     ??Convert__GetValue_12: (+1)
   \   000001CA   0x2504             MOVS     R5,#+4
   \   000001CC   0xE0D9             B        ??Convert__GetValue_11
    216                              }
    217                          }
    218                          else
    219                          {
    220                              //Exact match
    221                              if (uint_input_data == uint_input_minimum_value)
   \                     ??Convert__GetValue_9: (+1)
   \   000001CE   0x9907             LDR      R1,[SP, #+28]
   \   000001D0   0x9A09             LDR      R2,[SP, #+36]
   \   000001D2   0x4291             CMP      R1,R2
   \   000001D4   0xD101             BNE      ??Convert__GetValue_13
    222                              {
    223                                  output_table_data = (sint32)output_data_minimum;
   \   000001D6   0x9C00             LDR      R4,[SP, #+0]
   \   000001D8   0xE0D3             B        ??Convert__GetValue_11
    224                              }
    225                              else if (uint_input_data == uint_input_maximum_value)
   \                     ??Convert__GetValue_13: (+1)
   \   000001DA   0x9A0B             LDR      R2,[SP, #+44]
   \   000001DC   0x4291             CMP      R1,R2
   \   000001DE   0xD101             BNE      ??Convert__GetValue_14
    226                              {
    227                                  output_table_data = (sint32)output_data_maximum;
   \   000001E0   0x0004             MOVS     R4,R0
   \   000001E2   0xE0CE             B        ??Convert__GetValue_11
    228                              }
    229                              else
    230                              {
    231                                  convert_status = CONVERT_STATUS_NO_MATCH_FOUND;
   \                     ??Convert__GetValue_14: (+1)
   \   000001E4   0x2504             MOVS     R5,#+4
   \   000001E6   0xE0CC             B        ??Convert__GetValue_11
    232                              }
    233                          }
    234                          break;
    235          
    236                      case CONVERT_BIT_MATCH :
    237                          //Bit Match shall send the corresponding Output_Table_Data as Converted_Data only when all the '1' bits in the Input_Table successfully match with the '1' bits of the Input_Data
    238                          {
    239                              check_under_over_range = FALSE;
    240                              convert_status = CONVERT_STATUS_NO_MATCH_FOUND;
   \                     ??Convert__GetValue_15: (+1)
   \   000001E8   0x2504             MOVS     R5,#+4
    241                              CONVERT_SIZE_TYPE current_index = 0;
   \   000001EA   0x2600             MOVS     R6,#+0
    242          
    243                              if (table_ptr->input_type > DATATYPE_UINT64)
   \   000001EC   0x7B38             LDRB     R0,[R7, #+12]
   \   000001EE   0x2805             CMP      R0,#+5
   \   000001F0   0xDB35             BLT      ??Convert__GetValue_16
   \   000001F2   0xE000             B        ??Convert__GetValue_17
    244                              {
    245                                  while(current_index < table_ptr->table_size)
    246                                  {
    247                                      sint16 sint_extract_data = ConvertSignExtension(table_ptr->input_table_1, current_index, input_data_size, input_mask);
    248          
    249                                      //Skip the comparison if the table value is 0
    250                                      if (sint_extract_data != 0)
    251                                      {
    252                                          if ((sint_extract_data & input_data) == sint_extract_data)
    253                                          {
    254                                              //Process the output table data based on the type
    255                                              if (table_ptr->output_type > DATATYPE_UINT64)
    256                                              {
    257                                                  output_table_data         =   ConvertSignExtension(table_ptr->output_table, current_index, output_data_size, output_mask);
    258                                              }
    259                                              else
    260                                              {
    261                                                  output_table_data         =   ExtractData((uint8 *)table_ptr->output_table,  current_index, output_data_size, output_mask);
    262                                              }
    263          
    264                                              convert_status = CONVERT_STATUS_PASS;
    265                                              break;
    266                                          }
    267                                      }
    268                                      current_index++;
   \                     ??Convert__GetValue_18: (+1)
   \   000001F4   0x1C76             ADDS     R6,R6,#+1
   \                     ??Convert__GetValue_17: (+1)
   \   000001F6   0x0030             MOVS     R0,R6
   \   000001F8   0x7BB9             LDRB     R1,[R7, #+14]
   \   000001FA   0xB2C0             UXTB     R0,R0
   \   000001FC   0x4288             CMP      R0,R1
   \   000001FE   0xD300             BCC      .+4
   \   00000200   0xE0BF             B        ??Convert__GetValue_11
   \   00000202   0x0038             MOVS     R0,R7
   \   00000204   0x.... 0x....      BL       __aeabi_uread4
   \   00000208   0x4669             MOV      R1,SP
   \   0000020A   0x8A8B             LDRH     R3,[R1, #+20]
   \   0000020C   0x7B4A             LDRB     R2,[R1, #+13]
   \   0000020E   0x0031             MOVS     R1,R6
   \   00000210   0xB2C9             UXTB     R1,R1
   \   00000212   0x.... 0x....      BL       ConvertSignExtension
   \   00000216   0x2800             CMP      R0,#+0
   \   00000218   0xD0EC             BEQ      ??Convert__GetValue_18
   \   0000021A   0x990D             LDR      R1,[SP, #+52]
   \   0000021C   0x4001             ANDS     R1,R1,R0
   \   0000021E   0x4281             CMP      R1,R0
   \   00000220   0xD1E8             BNE      ??Convert__GetValue_18
   \   00000222   0x7B78             LDRB     R0,[R7, #+13]
   \   00000224   0x2805             CMP      R0,#+5
   \   00000226   0xDB0C             BLT      ??Convert__GetValue_19
   \   00000228   0x0038             MOVS     R0,R7
   \   0000022A   0x3008             ADDS     R0,R0,#+8
   \   0000022C   0x.... 0x....      BL       __aeabi_uread4
   \   00000230   0x4669             MOV      R1,SP
   \   00000232   0x8A4B             LDRH     R3,[R1, #+18]
   \   00000234   0x7B0A             LDRB     R2,[R1, #+12]
   \   00000236   0x0031             MOVS     R1,R6
   \   00000238   0xB2C9             UXTB     R1,R1
   \   0000023A   0x.... 0x....      BL       ConvertSignExtension
   \   0000023E   0x0004             MOVS     R4,R0
   \   00000240   0xE03F             B        ??Convert__GetValue_20
   \                     ??Convert__GetValue_19: (+1)
   \   00000242   0x0038             MOVS     R0,R7
   \   00000244   0x3008             ADDS     R0,R0,#+8
   \   00000246   0x.... 0x....      BL       __aeabi_uread4
   \   0000024A   0x4669             MOV      R1,SP
   \   0000024C   0x8A4B             LDRH     R3,[R1, #+18]
   \   0000024E   0x7B0A             LDRB     R2,[R1, #+12]
   \   00000250   0x0031             MOVS     R1,R6
   \   00000252   0xB2C9             UXTB     R1,R1
   \   00000254   0x.... 0x....      BL       ExtractData
   \   00000258   0x0004             MOVS     R4,R0
   \   0000025A   0xE032             B        ??Convert__GetValue_20
    269                                  }
    270                              }
    271                              else
    272                              {
    273                                  while(current_index < table_ptr->table_size)
    274                                  {
    275                                      uint16 uint_extract_data = ExtractData((uint8 *)table_ptr->input_table_1, current_index, input_data_size, input_mask);
    276          
    277                                      //Skip the comparison if the table value is 0
    278                                      if (uint_extract_data != 0)
    279                                      {
    280                                          if ((uint_extract_data & input_data) == uint_extract_data)
    281                                          {
    282                                              //Process the output table data based on the type
    283                                              if (table_ptr->output_type > DATATYPE_UINT64)
    284                                              {
    285                                                  output_table_data         =   ConvertSignExtension(table_ptr->output_table, current_index, output_data_size, output_mask);
    286                                              }
    287                                              else
    288                                              {
    289                                                  output_table_data         =   ExtractData((uint8 *)table_ptr->output_table,  current_index, output_data_size, output_mask);
    290                                              }
    291          
    292                                              convert_status = CONVERT_STATUS_PASS;
    293                                              break;
    294                                          }
    295                                      }
    296          
    297                                      current_index++;
   \                     ??Convert__GetValue_21: (+1)
   \   0000025C   0x1C76             ADDS     R6,R6,#+1
   \                     ??Convert__GetValue_16: (+1)
   \   0000025E   0x0030             MOVS     R0,R6
   \   00000260   0x7BB9             LDRB     R1,[R7, #+14]
   \   00000262   0xB2C0             UXTB     R0,R0
   \   00000264   0x4288             CMP      R0,R1
   \   00000266   0xD300             BCC      .+4
   \   00000268   0xE08B             B        ??Convert__GetValue_11
   \   0000026A   0x0038             MOVS     R0,R7
   \   0000026C   0x.... 0x....      BL       __aeabi_uread4
   \   00000270   0x4669             MOV      R1,SP
   \   00000272   0x8A8B             LDRH     R3,[R1, #+20]
   \   00000274   0x7B4A             LDRB     R2,[R1, #+13]
   \   00000276   0x0031             MOVS     R1,R6
   \   00000278   0xB2C9             UXTB     R1,R1
   \   0000027A   0x.... 0x....      BL       ExtractData
   \   0000027E   0x2800             CMP      R0,#+0
   \   00000280   0xD0EC             BEQ      ??Convert__GetValue_21
   \   00000282   0x990D             LDR      R1,[SP, #+52]
   \   00000284   0x4001             ANDS     R1,R1,R0
   \   00000286   0x4281             CMP      R1,R0
   \   00000288   0xD1E8             BNE      ??Convert__GetValue_21
   \   0000028A   0x7B78             LDRB     R0,[R7, #+13]
   \   0000028C   0x2805             CMP      R0,#+5
   \   0000028E   0xDB0C             BLT      ??Convert__GetValue_22
   \   00000290   0x0038             MOVS     R0,R7
   \   00000292   0x3008             ADDS     R0,R0,#+8
   \   00000294   0x.... 0x....      BL       __aeabi_uread4
   \   00000298   0x4669             MOV      R1,SP
   \   0000029A   0x8A4B             LDRH     R3,[R1, #+18]
   \   0000029C   0x7B0A             LDRB     R2,[R1, #+12]
   \   0000029E   0x0031             MOVS     R1,R6
   \   000002A0   0xB2C9             UXTB     R1,R1
   \   000002A2   0x.... 0x....      BL       ConvertSignExtension
   \   000002A6   0x0004             MOVS     R4,R0
   \   000002A8   0xE00B             B        ??Convert__GetValue_20
   \                     ??Convert__GetValue_22: (+1)
   \   000002AA   0x0038             MOVS     R0,R7
   \   000002AC   0x3008             ADDS     R0,R0,#+8
   \   000002AE   0x.... 0x....      BL       __aeabi_uread4
   \   000002B2   0x4669             MOV      R1,SP
   \   000002B4   0x8A4B             LDRH     R3,[R1, #+18]
   \   000002B6   0x7B0A             LDRB     R2,[R1, #+12]
   \   000002B8   0x0031             MOVS     R1,R6
   \   000002BA   0xB2C9             UXTB     R1,R1
   \   000002BC   0x.... 0x....      BL       ExtractData
   \   000002C0   0x0004             MOVS     R4,R0
   \                     ??Convert__GetValue_20: (+1)
   \   000002C2   0x2500             MOVS     R5,#+0
   \   000002C4   0xE05D             B        ??Convert__GetValue_11
    298                                  }
    299                              }
    300                          }
    301                          break;
    302          
    303                      case CONVERT_CEILING :
    304                          check_under_over_range = TRUE;
   \                     ??Convert__GetValue_23: (+1)
   \   000002C6   0x4669             MOV      R1,SP
   \   000002C8   0x740E             STRB     R6,[R1, #+16]
    305          
    306                          output_table_data = INPUT_DATA <= INPUT_MINIMUM_VALUE ? output_data_minimum : output_data_maximum;
   \   000002CA   0x7B39             LDRB     R1,[R7, #+12]
   \   000002CC   0x2905             CMP      R1,#+5
   \   000002CE   0xDB01             BLT      ??Convert__GetValue_24
   \   000002D0   0x9A08             LDR      R2,[SP, #+32]
   \   000002D2   0xE000             B        ??Convert__GetValue_25
   \                     ??Convert__GetValue_24: (+1)
   \   000002D4   0x9A09             LDR      R2,[SP, #+36]
   \                     ??Convert__GetValue_25: (+1)
   \   000002D6   0xDB01             BLT      ??Convert__GetValue_26
   \   000002D8   0x9906             LDR      R1,[SP, #+24]
   \   000002DA   0xE000             B        ??Convert__GetValue_27
   \                     ??Convert__GetValue_26: (+1)
   \   000002DC   0x9907             LDR      R1,[SP, #+28]
   \                     ??Convert__GetValue_27: (+1)
   \   000002DE   0x428A             CMP      R2,R1
   \   000002E0   0xDB01             BLT      ??Convert__GetValue_28
   \   000002E2   0x9C00             LDR      R4,[SP, #+0]
   \   000002E4   0xE04D             B        ??Convert__GetValue_11
   \                     ??Convert__GetValue_28: (+1)
   \   000002E6   0x0004             MOVS     R4,R0
   \   000002E8   0xE04B             B        ??Convert__GetValue_11
    307                          break;
    308          
    309                      case CONVERT_FLOOR :
    310                          check_under_over_range = TRUE;
   \                     ??Convert__GetValue_29: (+1)
   \   000002EA   0x4669             MOV      R1,SP
   \   000002EC   0x740E             STRB     R6,[R1, #+16]
    311          
    312                          output_table_data = INPUT_DATA >= INPUT_MAXIMUM_VALUE ? output_data_maximum : output_data_minimum;
   \   000002EE   0x7B39             LDRB     R1,[R7, #+12]
   \   000002F0   0x2905             CMP      R1,#+5
   \   000002F2   0xDB01             BLT      ??Convert__GetValue_30
   \   000002F4   0x9A06             LDR      R2,[SP, #+24]
   \   000002F6   0xE000             B        ??Convert__GetValue_31
   \                     ??Convert__GetValue_30: (+1)
   \   000002F8   0x9A07             LDR      R2,[SP, #+28]
   \                     ??Convert__GetValue_31: (+1)
   \   000002FA   0xDB01             BLT      ??Convert__GetValue_32
   \   000002FC   0x990A             LDR      R1,[SP, #+40]
   \   000002FE   0xE000             B        ??Convert__GetValue_33
   \                     ??Convert__GetValue_32: (+1)
   \   00000300   0x990B             LDR      R1,[SP, #+44]
   \                     ??Convert__GetValue_33: (+1)
   \   00000302   0x428A             CMP      R2,R1
   \   00000304   0xDB01             BLT      ??Convert__GetValue_34
   \   00000306   0x0004             MOVS     R4,R0
   \   00000308   0xE03B             B        ??Convert__GetValue_11
   \                     ??Convert__GetValue_34: (+1)
   \   0000030A   0x9C00             LDR      R4,[SP, #+0]
   \   0000030C   0xE039             B        ??Convert__GetValue_11
    313                          break;
    314          
    315                      case CONVERT_INTERPOLATION_1D :
    316                          check_under_over_range = TRUE;
   \                     ??Convert__GetValue_35: (+1)
   \   0000030E   0x4669             MOV      R1,SP
   \   00000310   0x740E             STRB     R6,[R1, #+16]
    317          
    318                          // If ((Xn < input_data) && (input_data < Xn+1)), then…
    319                          // Modified Value = Yn + ((Yn+1 - Yn) x (input_data - Xn) / (Xn+1 - Xn)).
    320                          if (table_ptr->input_type > DATATYPE_UINT64)
   \   00000312   0x7B39             LDRB     R1,[R7, #+12]
   \   00000314   0x2905             CMP      R1,#+5
   \   00000316   0xDB19             BLT      ??Convert__GetValue_36
    321                          {
    322                              if (sint_input_data <= sint_input_minimum_value)
   \   00000318   0x9908             LDR      R1,[SP, #+32]
   \   0000031A   0x9A06             LDR      R2,[SP, #+24]
   \   0000031C   0x4291             CMP      R1,R2
   \   0000031E   0xDB01             BLT      ??Convert__GetValue_37
    323                              {
    324                                  //Return the smallest value from the output table if the requested raw data is smaller the smallest value of the input table.
    325                                  output_table_data = output_data_minimum;
   \   00000320   0x9C00             LDR      R4,[SP, #+0]
   \   00000322   0xE02E             B        ??Convert__GetValue_11
    326                              }
    327                              else if (sint_input_data >= sint_input_maximum_value)
   \                     ??Convert__GetValue_37: (+1)
   \   00000324   0x4611             MOV      R1,R2
   \   00000326   0x9A0A             LDR      R2,[SP, #+40]
   \   00000328   0x4291             CMP      R1,R2
   \   0000032A   0xDB01             BLT      ??Convert__GetValue_38
    328                              {
    329                                  //Return the smallest value from the output table if the requested raw data is smaller the smallest value of the input table.
    330                                  output_table_data = output_data_maximum;
   \   0000032C   0x0004             MOVS     R4,R0
   \   0000032E   0xE028             B        ??Convert__GetValue_11
    331                              }
    332                              else
    333                              {
    334                                  //Interpolation method
    335                                  output_table_data           =   (sint_input_data - sint_input_minimum_value);
    336                                  output_table_data          *=   output_data_maximum - output_data_minimum;
    337                                  output_table_data          /=   sint_input_maximum_value - sint_input_minimum_value;
    338                                  output_table_data          +=   output_data_minimum;
   \                     ??Convert__GetValue_38: (+1)
   \   00000330   0x9A08             LDR      R2,[SP, #+32]
   \   00000332   0x1A89             SUBS     R1,R1,R2
   \   00000334   0x9A00             LDR      R2,[SP, #+0]
   \   00000336   0x1A80             SUBS     R0,R0,R2
   \   00000338   0x4341             MULS     R1,R0,R1
   \   0000033A   0x0008             MOVS     R0,R1
   \   0000033C   0x990A             LDR      R1,[SP, #+40]
   \   0000033E   0x9A08             LDR      R2,[SP, #+32]
   \   00000340   0x1A89             SUBS     R1,R1,R2
   \   00000342   0x.... 0x....      BL       __aeabi_idiv
   \   00000346   0x9900             LDR      R1,[SP, #+0]
   \   00000348   0x1844             ADDS     R4,R0,R1
   \   0000034A   0xE01A             B        ??Convert__GetValue_11
    339                              }
    340                          }
    341                          else
    342                          {
    343                              if (uint_input_data <= uint_input_minimum_value)
   \                     ??Convert__GetValue_36: (+1)
   \   0000034C   0x9909             LDR      R1,[SP, #+36]
   \   0000034E   0x9A07             LDR      R2,[SP, #+28]
   \   00000350   0x4291             CMP      R1,R2
   \   00000352   0xDB01             BLT      ??Convert__GetValue_39
    344                              {
    345                                  //Return the smallest value from the output table if the requested raw data is smaller the smallest value of the input table.
    346                                  output_table_data = output_data_minimum;
   \   00000354   0x9C00             LDR      R4,[SP, #+0]
   \   00000356   0xE014             B        ??Convert__GetValue_11
    347                              }
    348                              else if (uint_input_data >= uint_input_maximum_value)
   \                     ??Convert__GetValue_39: (+1)
   \   00000358   0x4611             MOV      R1,R2
   \   0000035A   0x9A0B             LDR      R2,[SP, #+44]
   \   0000035C   0x4291             CMP      R1,R2
   \   0000035E   0xDB01             BLT      ??Convert__GetValue_40
    349                              {
    350                                  //Return the smallest value from the output table if the requested raw data is smaller the smallest value of the input table.
    351                                  output_table_data = output_data_maximum;
   \   00000360   0x0004             MOVS     R4,R0
   \   00000362   0xE00E             B        ??Convert__GetValue_11
    352                              }
    353                              else
    354                              {
    355                                  //Interpolation method
    356                                  //signed output
    357                                  output_table_data           =   (uint_input_data - uint_input_minimum_value);
    358                                  output_table_data          *=   output_data_maximum - output_data_minimum;
    359                                  output_table_data          /=   (sint32)(uint_input_maximum_value - uint_input_minimum_value);
    360                                  output_table_data          +=   output_data_minimum;
   \                     ??Convert__GetValue_40: (+1)
   \   00000364   0x9A09             LDR      R2,[SP, #+36]
   \   00000366   0x1A89             SUBS     R1,R1,R2
   \   00000368   0x9A00             LDR      R2,[SP, #+0]
   \   0000036A   0x1A80             SUBS     R0,R0,R2
   \   0000036C   0x4341             MULS     R1,R0,R1
   \   0000036E   0x0008             MOVS     R0,R1
   \   00000370   0x990B             LDR      R1,[SP, #+44]
   \   00000372   0x9A09             LDR      R2,[SP, #+36]
   \   00000374   0x1A89             SUBS     R1,R1,R2
   \   00000376   0x.... 0x....      BL       __aeabi_idiv
   \   0000037A   0x9900             LDR      R1,[SP, #+0]
   \   0000037C   0x1844             ADDS     R4,R0,R1
   \   0000037E   0xE000             B        ??Convert__GetValue_11
    361                              }
    362                          }
    363                          break;
    364          
    365                      case CONVERT_INTERPOLATION_2D :
    366                      default:
    367                          convert_status = CONVERT_STATUS_PARAM_ERROR;
   \                     ??Convert__GetValue_7: (+1)
   \   00000380   0x0035             MOVS     R5,R6
    368                          break;
    369                  }
    370          
    371                  // Method to detect if the conversion value of under or over the range
    372          		if (check_under_over_range == TRUE)
   \                     ??Convert__GetValue_11: (+1)
   \   00000382   0x4668             MOV      R0,SP
   \   00000384   0x7C00             LDRB     R0,[R0, #+16]
   \   00000386   0x2801             CMP      R0,#+1
   \   00000388   0xD119             BNE      ??Convert__GetValue_41
    373                  {
    374          			if ( INPUT_DATA < INPUT_MINIMUM_VALUE )
   \   0000038A   0x7B38             LDRB     R0,[R7, #+12]
   \   0000038C   0x2805             CMP      R0,#+5
   \   0000038E   0xDB01             BLT      ??Convert__GetValue_42
   \   00000390   0x9906             LDR      R1,[SP, #+24]
   \   00000392   0xE000             B        ??Convert__GetValue_43
   \                     ??Convert__GetValue_42: (+1)
   \   00000394   0x9907             LDR      R1,[SP, #+28]
   \                     ??Convert__GetValue_43: (+1)
   \   00000396   0xDB01             BLT      ??Convert__GetValue_44
   \   00000398   0x9A08             LDR      R2,[SP, #+32]
   \   0000039A   0xE000             B        ??Convert__GetValue_45
   \                     ??Convert__GetValue_44: (+1)
   \   0000039C   0x9A09             LDR      R2,[SP, #+36]
   \                     ??Convert__GetValue_45: (+1)
   \   0000039E   0x4291             CMP      R1,R2
   \   000003A0   0xDA01             BGE      ??Convert__GetValue_46
    375          			{
    376          				convert_status = CONVERT_STATUS_UNDER_RANGE;
   \   000003A2   0x2502             MOVS     R5,#+2
   \   000003A4   0xE00B             B        ??Convert__GetValue_41
    377          			}
    378          			else if ( INPUT_DATA > INPUT_MAXIMUM_VALUE )
   \                     ??Convert__GetValue_46: (+1)
   \   000003A6   0x2805             CMP      R0,#+5
   \   000003A8   0xDB01             BLT      ??Convert__GetValue_47
   \   000003AA   0x990A             LDR      R1,[SP, #+40]
   \   000003AC   0xE000             B        ??Convert__GetValue_48
   \                     ??Convert__GetValue_47: (+1)
   \   000003AE   0x990B             LDR      R1,[SP, #+44]
   \                     ??Convert__GetValue_48: (+1)
   \   000003B0   0xDB01             BLT      ??Convert__GetValue_49
   \   000003B2   0x9806             LDR      R0,[SP, #+24]
   \   000003B4   0xE000             B        ??Convert__GetValue_50
   \                     ??Convert__GetValue_49: (+1)
   \   000003B6   0x9807             LDR      R0,[SP, #+28]
   \                     ??Convert__GetValue_50: (+1)
   \   000003B8   0x4281             CMP      R1,R0
   \   000003BA   0xDA00             BGE      ??Convert__GetValue_41
    379          			{
    380          				convert_status = CONVERT_STATUS_OVER_RANGE;
   \   000003BC   0x2503             MOVS     R5,#+3
    381          
    382          			}
    383          			// else INPUT_MINIMUM_VALUE <= INPUT_DATA <= INPUT_MAXIMUM_VALUE, do nothing
    384          		}
    385          
    386          
    387                  //store the converted data
    388                  (*converted_data_ptr) = output_table_data;
   \                     ??Convert__GetValue_41: (+1)
   \   000003BE   0x980E             LDR      R0,[SP, #+56]
   \   000003C0   0x6004             STR      R4,[R0, #+0]
    389              }
    390          
    391              return(convert_status);
   \                     ??Convert__GetValue_2: (+1)
   \   000003C2   0x0028             MOVS     R0,R5
   \   000003C4   0xB00F             ADD      SP,SP,#+60
   \   000003C6   0xBDF0             POP      {R4-R7,PC}       ;; return
    392          }
    393          
    394          //=====================================================================================================================
    395          //-------------------------------------- Private Functions ------------------------------------------------------------
    396          //=====================================================================================================================
    397          //---------------------------------------------------------------------------------------------------------------------
    398          /**
    399           * @brief - This methods converts the sign extension
    400           * @param table_ptr
    401           * @param index
    402           * @param data_size
    403           * @param mask
    404           * @return
    405           */

   \                                 In section .text, align 2, keep-with-next
    406          static sint16 ConvertSignExtension(void * table_ptr, CONVERT_SIZE_TYPE index, uint8 data_size, uint16 mask)
    407          {
   \                     ConvertSignExtension: (+1)
   \   00000000   0xB538             PUSH     {R3-R5,LR}
   \   00000002   0x0014             MOVS     R4,R2
   \   00000004   0x001D             MOVS     R5,R3
    408              sint16 sint16_data;
    409          
    410              sint16_data = (sint16)ExtractData((uint8 *)table_ptr, index, data_size, mask);
   \   00000006   0x.... 0x....      BL       ExtractData
    411          
    412              //sign extension
    413              if (sint16_data & (1 << ((8 * data_size) - 1)))
   \   0000000A   0xB200             SXTH     R0,R0
   \   0000000C   0x00E1             LSLS     R1,R4,#+3
   \   0000000E   0x1E49             SUBS     R1,R1,#+1
   \   00000010   0x0002             MOVS     R2,R0
   \   00000012   0x410A             ASRS     R2,R2,R1
   \   00000014   0x07D1             LSLS     R1,R2,#+31
   \   00000016   0xD502             BPL      ??ConvertSignExtension_0
    414              {
    415                  sint16_data = sint16_data | (~mask);
   \   00000018   0x0001             MOVS     R1,R0
   \   0000001A   0x43E8             MVNS     R0,R5
   \   0000001C   0x4308             ORRS     R0,R0,R1
    416              }
    417          
    418              return(sint16_data);
   \                     ??ConvertSignExtension_0: (+1)
   \   0000001E   0xB200             SXTH     R0,R0
   \   00000020   0xBD32             POP      {R1,R4,R5,PC}    ;; return
    419          }
    420          
    421          //---------------------------------------------------------------------------------------------------------------------
    422          /**
    423           * @brief
    424           * @param table_ptr
    425           * @param table_size
    426           * @param input_data
    427           * @param input_data_size
    428           * @param input_mask
    429           * @param minimum_index
    430           * @param maximum_index
    431           */

   \                                 In section .text, align 2, keep-with-next
    432          static void SearchTableUnsigned(void * table_ptr, CONVERT_SIZE_TYPE table_size, uint16 input_data, uint8 input_data_size, uint16 input_mask, CONVERT_SIZE_TYPE *minimum_index, CONVERT_SIZE_TYPE *maximum_index)
    433          {
   \                     SearchTableUnsigned: (+1)
   \   00000000   0xB5FD             PUSH     {R0,R2-R7,LR}
    434              CONVERT_SIZE_TYPE min = 0;
   \   00000002   0x2600             MOVS     R6,#+0
   \   00000004   0x0035             MOVS     R5,R6
    435              CONVERT_SIZE_TYPE max = 0;
   \   00000006   0x0034             MOVS     R4,R6
    436              CONVERT_SIZE_TYPE curr = 0;
    437          
    438              if (table_size != 0)
   \   00000008   0x0008             MOVS     R0,R1
   \   0000000A   0xD00E             BEQ      ??SearchTableUnsigned_0
    439              {
    440                  min = 0;
    441                  max = table_size - 1;
   \   0000000C   0x1E4C             SUBS     R4,R1,#+1
   \   0000000E   0xB2E4             UXTB     R4,R4
   \   00000010   0x9F08             LDR      R7,[SP, #+32]
    442          
    443                  if (input_data < ExtractData((uint8 *)table_ptr, min, input_data_size, input_mask))
   \   00000012   0x003B             MOVS     R3,R7
   \   00000014   0x4668             MOV      R0,SP
   \   00000016   0x7A02             LDRB     R2,[R0, #+8]
   \   00000018   0x4629             MOV      R1,R5
   \   0000001A   0x9800             LDR      R0,[SP, #+0]
   \   0000001C   0x.... 0x....      BL       ExtractData
   \   00000020   0x4669             MOV      R1,SP
   \   00000022   0x8889             LDRH     R1,[R1, #+4]
   \   00000024   0x4281             CMP      R1,R0
   \   00000026   0xD205             BCS      ??SearchTableUnsigned_1
    444                  {
    445                      //Return the smallest value from the input table.
    446                      max = min;
   \   00000028   0x0034             MOVS     R4,R6
    447                  }
    448                  else if (input_data > ExtractData((uint8 *)table_ptr, max, input_data_size, input_mask))
    449                  {
    450                      //Return the biggest value from the input table.
    451                  }
    452                  else
    453                  {
    454                      while((max-min) > 1)
    455                      {
    456                          //Upward
    457                          curr = ((max - min)>>1) + min;
    458          
    459                          if (ExtractData((uint8 *)table_ptr, curr, input_data_size, input_mask) < input_data)
    460                          {
    461                              min = curr;
    462                          }
    463                          else
    464                          {
    465                              max = curr;
    466                          }
    467                      }
    468                  }
    469              }
    470          
    471              *minimum_index = min;
   \                     ??SearchTableUnsigned_0: (+1)
   \   0000002A   0x9809             LDR      R0,[SP, #+36]
   \   0000002C   0x7005             STRB     R5,[R0, #+0]
    472              *maximum_index = max;
   \   0000002E   0x980A             LDR      R0,[SP, #+40]
   \   00000030   0x7004             STRB     R4,[R0, #+0]
    473          }
   \   00000032   0xBDF7             POP      {R0-R2,R4-R7,PC}  ;; return
   \                     ??SearchTableUnsigned_1: (+1)
   \   00000034   0x003B             MOVS     R3,R7
   \   00000036   0x4668             MOV      R0,SP
   \   00000038   0x7A02             LDRB     R2,[R0, #+8]
   \   0000003A   0x0021             MOVS     R1,R4
   \   0000003C   0x9800             LDR      R0,[SP, #+0]
   \   0000003E   0x.... 0x....      BL       ExtractData
   \   00000042   0x4669             MOV      R1,SP
   \   00000044   0x8889             LDRH     R1,[R1, #+4]
   \   00000046   0x4288             CMP      R0,R1
   \   00000048   0xD201             BCS      ??SearchTableUnsigned_2
   \   0000004A   0xE7EE             B        ??SearchTableUnsigned_0
   \                     ??SearchTableUnsigned_3: (+1)
   \   0000004C   0x0035             MOVS     R5,R6
   \                     ??SearchTableUnsigned_2: (+1)
   \   0000004E   0x1B60             SUBS     R0,R4,R5
   \   00000050   0x2802             CMP      R0,#+2
   \   00000052   0xDBEA             BLT      ??SearchTableUnsigned_0
   \   00000054   0x1040             ASRS     R0,R0,#+1
   \   00000056   0x1941             ADDS     R1,R0,R5
   \   00000058   0xB2C9             UXTB     R1,R1
   \   0000005A   0x000E             MOVS     R6,R1
   \   0000005C   0x003B             MOVS     R3,R7
   \   0000005E   0x4668             MOV      R0,SP
   \   00000060   0x7A02             LDRB     R2,[R0, #+8]
   \   00000062   0x9800             LDR      R0,[SP, #+0]
   \   00000064   0x.... 0x....      BL       ExtractData
   \   00000068   0x4669             MOV      R1,SP
   \   0000006A   0x8889             LDRH     R1,[R1, #+4]
   \   0000006C   0x4288             CMP      R0,R1
   \   0000006E   0xD3ED             BCC      ??SearchTableUnsigned_3
   \   00000070   0x0034             MOVS     R4,R6
   \   00000072   0xE7EC             B        ??SearchTableUnsigned_2
    474          
    475          //---------------------------------------------------------------------------------------------------------------------
    476          /**
    477           * @brief -
    478           * @param table_ptr
    479           * @param table_size
    480           * @param input_data
    481           * @param input_data_size
    482           * @param input_mask
    483           * @param minimum_index
    484           * @param maximum_index
    485           */

   \                                 In section .text, align 2, keep-with-next
    486          static void SearchTableSigned(void * table_ptr, CONVERT_SIZE_TYPE table_size, sint16 input_data, uint8 input_data_size, uint16 input_mask, CONVERT_SIZE_TYPE *minimum_index, CONVERT_SIZE_TYPE *maximum_index)
    487          {
   \                     SearchTableSigned: (+1)
   \   00000000   0xB5FD             PUSH     {R0,R2-R7,LR}
    488              CONVERT_SIZE_TYPE min = 0;
   \   00000002   0x2600             MOVS     R6,#+0
   \   00000004   0x0035             MOVS     R5,R6
    489              CONVERT_SIZE_TYPE max = 0;
   \   00000006   0x0034             MOVS     R4,R6
    490              CONVERT_SIZE_TYPE curr = 0;
    491          
    492              if (table_size != 0)
   \   00000008   0x0008             MOVS     R0,R1
   \   0000000A   0xD00E             BEQ      ??SearchTableSigned_0
    493              {
    494                  min = 0;
    495                  max = table_size - 1;
   \   0000000C   0x1E4C             SUBS     R4,R1,#+1
   \   0000000E   0xB2E4             UXTB     R4,R4
   \   00000010   0x9F08             LDR      R7,[SP, #+32]
    496          
    497                  if (input_data < ConvertSignExtension(table_ptr, min, input_data_size, input_mask))
   \   00000012   0x003B             MOVS     R3,R7
   \   00000014   0x4668             MOV      R0,SP
   \   00000016   0x7A02             LDRB     R2,[R0, #+8]
   \   00000018   0x4629             MOV      R1,R5
   \   0000001A   0x9800             LDR      R0,[SP, #+0]
   \   0000001C   0x.... 0x....      BL       ConvertSignExtension
   \   00000020   0x9901             LDR      R1,[SP, #+4]
   \   00000022   0xB209             SXTH     R1,R1
   \   00000024   0x4281             CMP      R1,R0
   \   00000026   0xDA05             BGE      ??SearchTableSigned_1
    498                  {
    499                      //Return the smallest value from the input table.
    500                      max = min;
   \   00000028   0x0034             MOVS     R4,R6
    501                  }
    502                  else if (input_data > ConvertSignExtension(table_ptr, max, input_data_size, input_mask))
    503                  {
    504                      //Return the biggest value from the input table.
    505                  }
    506                  else
    507                  {
    508                      while((max-min) > 1)
    509                      {
    510                          //Upward
    511                          curr = ((max - min)>>1) + min;
    512          
    513                          if (ConvertSignExtension(table_ptr, curr, input_data_size, input_mask) < input_data)
    514                          {
    515                              min = curr;
    516                          }
    517                          else
    518                          {
    519                              max = curr;
    520                          }
    521                      }
    522                  }
    523              }
    524          
    525              *minimum_index = min;
   \                     ??SearchTableSigned_0: (+1)
   \   0000002A   0x9809             LDR      R0,[SP, #+36]
   \   0000002C   0x7005             STRB     R5,[R0, #+0]
    526              *maximum_index = max;
   \   0000002E   0x980A             LDR      R0,[SP, #+40]
   \   00000030   0x7004             STRB     R4,[R0, #+0]
    527          }
   \   00000032   0xBDF7             POP      {R0-R2,R4-R7,PC}  ;; return
   \                     ??SearchTableSigned_1: (+1)
   \   00000034   0x003B             MOVS     R3,R7
   \   00000036   0x4668             MOV      R0,SP
   \   00000038   0x7A02             LDRB     R2,[R0, #+8]
   \   0000003A   0x0021             MOVS     R1,R4
   \   0000003C   0x9800             LDR      R0,[SP, #+0]
   \   0000003E   0x.... 0x....      BL       ConvertSignExtension
   \   00000042   0x9901             LDR      R1,[SP, #+4]
   \   00000044   0xB209             SXTH     R1,R1
   \   00000046   0x4288             CMP      R0,R1
   \   00000048   0xDA01             BGE      ??SearchTableSigned_2
   \   0000004A   0xE7EE             B        ??SearchTableSigned_0
   \                     ??SearchTableSigned_3: (+1)
   \   0000004C   0x0035             MOVS     R5,R6
   \                     ??SearchTableSigned_2: (+1)
   \   0000004E   0x1B60             SUBS     R0,R4,R5
   \   00000050   0x2802             CMP      R0,#+2
   \   00000052   0xDBEA             BLT      ??SearchTableSigned_0
   \   00000054   0x1040             ASRS     R0,R0,#+1
   \   00000056   0x1941             ADDS     R1,R0,R5
   \   00000058   0xB2C9             UXTB     R1,R1
   \   0000005A   0x000E             MOVS     R6,R1
   \   0000005C   0x003B             MOVS     R3,R7
   \   0000005E   0x4668             MOV      R0,SP
   \   00000060   0x7A02             LDRB     R2,[R0, #+8]
   \   00000062   0x9800             LDR      R0,[SP, #+0]
   \   00000064   0x.... 0x....      BL       ConvertSignExtension
   \   00000068   0x9901             LDR      R1,[SP, #+4]
   \   0000006A   0xB209             SXTH     R1,R1
   \   0000006C   0x4288             CMP      R0,R1
   \   0000006E   0xDBED             BLT      ??SearchTableSigned_3
   \   00000070   0x0034             MOVS     R4,R6
   \   00000072   0xE7EC             B        ??SearchTableSigned_2
    528          
    529          //---------------------------------------------------------------------------------------------------------------------
    530          /**
    531           * @brief -
    532           * @param table_ptr
    533           * @param index
    534           * @param data_size
    535           * @param mask
    536           * @return
    537           */

   \                                 In section .text, align 2, keep-with-next
    538          static uint16 ExtractData(uint8 *table_ptr, CONVERT_SIZE_TYPE index, uint8 data_size, uint16 mask)
    539          {
    540              if (data_size == 1)
   \                     ExtractData: (+1)
   \   00000000   0x4351             MULS     R1,R2,R1
   \   00000002   0x1840             ADDS     R0,R0,R1
   \   00000004   0x2A01             CMP      R2,#+1
   \   00000006   0x7801             LDRB     R1,[R0, #+0]
   \   00000008   0x7842             LDRB     R2,[R0, #+1]
   \   0000000A   0xD105             BNE      ??ExtractData_0
    541              {
    542                  return((*(uint16 PACKED *)(table_ptr + data_size * index) & mask));         //lint !e927 cast from pointer to pointer [MISRA 2004 Rule 11.4]
   \   0000000C   0x0612             LSLS     R2,R2,#+24
   \   0000000E   0x0C12             LSRS     R2,R2,#+16
   \   00000010   0x4311             ORRS     R1,R1,R2
   \   00000012   0x400B             ANDS     R3,R3,R1
   \   00000014   0x0018             MOVS     R0,R3
   \   00000016   0x4770             BX       LR
    543              }
    544              else
    545              {
    546                  return(ENDIANU16_STON(*(uint16 PACKED *)(table_ptr + data_size * index) & mask));   //lint !e927 cast from pointer to pointer [MISRA 2004 Rule 11.4]
   \                     ??ExtractData_0: (+1)
   \   00000018   0x0612             LSLS     R2,R2,#+24
   \   0000001A   0x0C12             LSRS     R2,R2,#+16
   \   0000001C   0x4311             ORRS     R1,R1,R2
   \   0000001E   0x400B             ANDS     R3,R3,R1
   \   00000020   0x0018             MOVS     R0,R3
   \   00000022   0x4770             BX       LR               ;; return
    547              }
    548          }

   Maximum stack usage in bytes:

   .cstack Function
   ------- --------
      16   ConvertSignExtension
        16   -> ExtractData
      80   Convert__GetValue
        80   -> ConvertSignExtension
        80   -> ExtractData
        80   -> SearchTableSigned
        80   -> SearchTableUnsigned
        80 __aeabi_idiv
        80 __aeabi_uread4
       0   Convert__Initialize
       8   Convert__Process
         8   -> Convert__GetValue
       0   ExtractData
      32   SearchTableSigned
        32   -> ConvertSignExtension
      32   SearchTableUnsigned
        32   -> ExtractData


   Section sizes:

   Bytes  Function/Label
   -----  --------------
      34  ConvertSignExtension
     968  Convert__GetValue
       2  Convert__Initialize
      12  Convert__Process
      16  DATA_TYPE_SIZE
      36  ExtractData
     116  SearchTableSigned
     116  SearchTableUnsigned

 
    16 bytes in section .rodata
 1 284 bytes in section .text
 
 1 284 bytes of CODE  memory
    16 bytes of CONST memory

Errors: none
Warnings: none
