###############################################################################
#
# IAR ANSI C/C++ Compiler V7.70.1.11437/W32 for ARM       28/Feb/2025  14:17:05
# Copyright 1999-2016 IAR Systems AB.
#
#    Cpu mode     =  thumb
#    Endian       =  little
#    Source file  =  
#        source/XCategory/Hbl/acuexpacu/ACUGIHandler/ConvertGI/ConvertGI.c
#    Command line =  
#        --cpu Cortex-M0+ -Om --debug -e --only_stdout --silent -D
#        ENABLE_JUMP_TO_APPLICATION_WITHOUT_IAP_FIRMWARE --no_wrap_diagnostics
#        -f config\tmp\include_path.lnt
#        (-I../Nucleus-Tools-SDK/embOS/arm/v4.26/source\
#        -I../Nucleus-Tools-SDK/iar/arm/v7.70/cx/inc\
#        -Isource/Category/Application/acu/CycleResume\
#        -Isource/Category/Application/acu/Monitors/AutostartFactoryCycleMonitor\
#        -Isource/Category/Application/acu/Monitors/CartridgeDetectionMonitor\
#        -Isource/Category/Application/acu/Monitors/DCLoadCurrentMonitor\
#        -Isource/Category/Application/acu/Monitors/DiverterFaultMonitor\
#        -Isource/Category/Application/acu/Monitors/DiverterLeakFaultMonitor\
#        -Isource/Category/Application/acu/Monitors/DoorMonitor\
#        -Isource/Category/Application/acu/Monitors/DoorOpeningSystemMonitor\
#        -Isource/Category/Application/acu/Monitors/FanMotorFaultMonitor\
#        -Isource/Category/Application/acu/Monitors/FaultStatusMonitor\
#        -Isource/Category/Application/acu/Monitors/FillValveStuckOn\
#        -Isource/Category/Application/acu/Monitors/FlowMeterFaultMonitor\
#        -Isource/Category/Application/acu/Monitors/HeatMonitor\
#        -Isource/Category/Application/acu/Monitors/HotHighPotMonitor\
#        -Isource/Category/Application/acu/Monitors/LITTFaultMonitor\
#        -Isource/Category/Application/acu/Monitors/LITTMonitor\
#        -Isource/Category/Application/acu/Monitors/McuGetDataMonitor\
#        -Isource/Category/Application/acu/Monitors/ModelMonitors/AirlockDetectionMonitor\
#        -Isource/Category/Application/acu/Monitors/ModelMonitors/AirlockDetectionMonitor/CodeGeneration\
#        -Isource/Category/Application/acu/Monitors/ModelMonitors/HeaterCalcificationDetectionModel\
#        -Isource/Category/Application/acu/Monitors/ModelMonitors/HeaterCalcificationDetectionModel/CodeGeneration\
#        -Isource/Category/Application/acu/Monitors/ModelMonitors/OWIVoltageRegulatedOutputModel\
#        -Isource/Category/Application/acu/Monitors/ModelMonitors/OWIVoltageRegulatedOutputModel/CodeGeneration\
#        -Isource/Category/Application/acu/Monitors/ModelMonitors/PluggingDetectionMonitor\
#        -Isource/Category/Application/acu/Monitors/ModelMonitors/PluggingDetectionMonitor/CodeGeneration\
#        -Isource/Category/Application/acu/Monitors/MoisturePreventionMonitor\
#        -Isource/Category/Application/acu/Monitors/OverfillMonitor\
#        -Isource/Category/Application/acu/Monitors/OWIMonitor\
#        -Isource/Category/Application/acu/Monitors/PilotRelayFaultMonitor\
#        -Isource/Category/Application/acu/Monitors/PilotRelayFaultMonitor/PilotRelayStuckClosedMonitor\
#        -Isource/Category/Application/acu/Monitors/PilotRelayFaultMonitor/PilotRelayStuckOpenMonitor\
#        -Isource/Category/Application/acu/Monitors/PORTimeMonitor\
#        -Isource/Category/Application/acu/Monitors/PumpFlushRequestMonitor\
#        -Isource/Category/Application/acu/Monitors/RinseAidMonitor\
#        -Isource/Category/Application/acu/Monitors/SaltSensingMonitor\
#        -Isource/Category/Application/acu/Monitors/StabilityControlLoopMonitor\
#        -Isource/Category/Application/acu/Monitors/StandbyManager\
#        -Isource/Category/Application/acu/Monitors/SupervisorExtMonitor\
#        -Isource/Category/Application/acu/Monitors/ThermistorFaultMonitor\
#        -Isource/Category/Application/acu/Monitors/ThermistorFaultMonitor/ThermistorOpenMonitor\
#        -Isource/Category/Application/acu/Monitors/ThermistorFaultMonitor/ThermistorShortedMonitor\
#        -Isource/Category/Application/acu/Monitors/TriacCurrentMonitor\
#        -Isource/Category/Application/acu/Monitors/TriacShortedDrainFaultMonitor\
#        -Isource/Category/Application/acu/Monitors/TriacVoltageMonitor\
#        -Isource/Category/Application/acu/Monitors/VoltageRangeMonitor\
#        -Isource/Category/Application/acu/Monitors/VSDrainMotorFaultMonitor\
#        -Isource/Category/Application/acu/Monitors/VwiMonitor\
#        -Isource/Category/Application/acu/Monitors/VwiZoneCompensationMonitor\
#        -Isource/Category/Application/acu/Monitors/WashHeaterFaultMonitor\
#        -Isource/Category/Application/acu/Monitors/WashHeaterFaultMonitor/HeaterLeakageToNeutralMonitor\
#        -Isource/Category/Application/acu/Monitors/WashHeaterFaultMonitor/HeaterLineRelayOpenMonitor\
#        -Isource/Category/Application/acu/Monitors/WashHeaterFaultMonitor/HeaterNeutralRelayOpenMonitor\
#        -Isource/Category/Application/acu/Monitors/WashHeaterFaultMonitor/HeaterOpenAndLineRelayClosedMonitor\
#        -Isource/Category/Application/acu/Monitors/WashHeaterFaultMonitor/HeaterOpenMonitor\
#        -Isource/Category/Application/acu/Monitors/WashMotorFaultMonitor\
#        -Isource/Category/Application/acu/Monitors/ZeroCrossMonitor\
#        -Isource/Category/Application/acu/Processes/AlternateCtrl\
#        -Isource/Category/Application/acu/Processes/Fill\
#        -Isource/Category/Application/acu/Processes/Fill/ClassAFill\
#        -Isource/Category/Application/acu/Processes/Fill/Fill\
#        -Isource/Category/Application/acu/Processes/Fill/TankDrain\
#        -Isource/Category/Application/acu/Processes/Fill/TankFill\
#        -Isource/Category/Application/acu/Processes/Heat\
#        -Isource/Category/Application/acu/Processes/ModelProcesses/OWICalibrationModel\
#        -Isource/Category/Application/acu/Processes/ModelProcesses/OWICalibrationModel/CodeGeneration\
#        -Isource/Category/Application/acu/Processes/ModelProcesses/PartialDrainModel\
#        -Isource/Category/Application/acu/Processes/ModelProcesses/PartialDrainModel/CodeGeneration\
#        -Isource/Category/Application/acu/Processes/ModelProcesses/SensedDrainModel\
#        -Isource/Category/Application/acu/Processes/ModelProcesses/SensedDrainModel/CodeGeneration\
#        -Isource/Category/Application/acu/Processes/OWI\
#        -Isource/Category/Application/acu/Processes/OWI_VRO\
#        -Isource/Category/Application/acu/Processes/OWIOneShot\
#        -Isource/Category/Application/acu/Processes/PumpControl\
#        -Isource/Category/Application/acu/Processes/Regenerate\
#        -Isource/Category/Application/acu/Processes/RinseAidDispense\
#        -Isource/Category/Application/acu/Processes/RinseAidDispense/RinseAid\
#        -Isource/Category/Application/acu/Processes/RinseAidDispense/TridgeDetergent\
#        -Isource/Category/Application/acu/Tasks/DoorOpeningSystemPull\
#        -Isource/Category/Application/acu/Tasks/DoorOpeningSystemPush\
#        -Isource/Category/Application/acu/Tasks/HeaterShadowing\
#        -Isource/Category/Application/acu/Tasks/MoisturePrevention\
#        -Isource/Category/Application/acu/Tasks/OWIContinousReading\
#        -Isource/Category/Application/acu/Tasks/OwiVroContinuousReading\
#        -Isource/Category/Application/acu/Tasks/Sanitization\
#        -Isource/Category/Application/acu/Tasks/StabilityControl\
#        -Isource/Category/Application/acu/Tasks/TimeElapse\
#        -Isource/Category/Application/acu/VWI\
#        -Isource/Category/Application/all/ActivePower\
#        -Isource/Category/Application/all/API007App\
#        -Isource/Category/Application/all/Config\
#        -Isource/Category/Common/acu/CommonDish/DishAuxVar\
#        -Isource/Category/Common/acu/CommonDish/PumpCommand\
#        -Isource/Category/Common/acu/CommonDish/StatisticsDish\
#        -Isource/Category/Common/all/BoardDebugging\
#        -Isource/Category/Common/all/Config\
#        -Isource/Category/Common/all/MasterCommander\
#        -Isource/Category/Common/all/MasterCommander/Source\
#        -Isource/Category/Common/all/MasterCommander/Source/HAL\
#        -Isource/Category/Common/all/SharedUtils\
#        -Isource/Category/Hbl/acu/ACULoadHandler/AlternateLoad\
#        -Isource/Category/Hbl/acuexpacu/ACUGIHandler/WaterCounterGI\
#        -Isource/Category/Hbl/acuexpacu/ACULoadHandler/HeaterLoad\
#        -Isource/Category/Hbl/acuexpacu/ACULoadHandler/TriacMci\
#        -Isource/Category/Hbl/all/Config\ -Isource/Category/Hbl/all/Mci\
#        -Isource/Category/Hbl/all/Mci/MciZeroCross\
#        -Isource/Category/Hbl/all/Mci/Slfac\
#        -Isource/Category/Hbl/all/Mci/Slfac/Macroblocks\
#        -Isource/Category/Hbl/all/Mci/Slfac/Microblocks/GlitchFilter\
#        -Isource/Category/Hbl/all/Mci/Slfac/Microblocks/IIRFilter\
#        -Isource/Category/Hbl/all/Mci/Slfac/Microblocks/MathCalc\
#        -Isource/Category/Hbl/all/Mci/Slfac/Microblocks/PeakDetector\
#        -Isource/Category/Hbl/all/Mci/Slfac/Microblocks/Pi\
#        -Isource/Category/Hbl/all/MCUDrivers/TimeCapture\
#        -Isource/Category/Hbl/all/MCUDrivers/TimerInterruptExt\
#        -Isource/Micros/STM32G0x/Driver/Atod\
#        -Isource/Micros/STM32G0x/Driver/DataFlash\
#        -Isource/Micros/STM32G0x/Driver/Dma\
#        -Isource/Micros/STM32G0x/Driver/Dtoa\
#        -Isource/Micros/STM32G0x/Driver/ExtInterrupt\
#        -Isource/Micros/STM32G0x/Driver/Flash\
#        -Isource/Micros/STM32G0x/Driver/Gpio\
#        -Isource/Micros/STM32G0x/Driver/I2c\
#        -Isource/Micros/STM32G0x/Driver/IntMgr\
#        -Isource/Micros/STM32G0x/Driver/Micro\
#        -Isource/Micros/STM32G0x/Driver/MicroExt\
#        -Isource/Micros/STM32G0x/Driver/Rtc\
#        -Isource/Micros/STM32G0x/Driver/RTCDriver\
#        -Isource/Micros/STM32G0x/Driver/Spi\
#        -Isource/Micros/STM32G0x/Driver/Timeout\
#        -Isource/Micros/STM32G0x/Driver/Timer\
#        -Isource/Micros/STM32G0x/Driver/TimerInterrupt\
#        -Isource/Micros/STM32G0x/Driver/Uart\
#        -Isource/ProjectSpecific/Application/acu/Config\
#        -Isource/ProjectSpecific/Application/acu/LowPower\
#        -Isource/ProjectSpecific/Application/acuexpacu/Config\
#        -Isource/ProjectSpecific/Application/all/Config\
#        -Isource/ProjectSpecific/Application/all/MCUDebug\
#        -Isource/ProjectSpecific/Application/all/ProductInfo\
#        -Isource/ProjectSpecific/Common/acu/Config\
#        -Isource/ProjectSpecific/Common/all/Config\
#        -Isource/ProjectSpecific/Common/all/Debug\
#        -Isource/ProjectSpecific/Common/all/SRConfig\
#        -Isource/ProjectSpecific/Driver/STM32G0x\
#        -Isource/ProjectSpecific/Hbl/acuexpacu/Config\
#        -Isource/ProjectSpecific/Hbl/acuexpacu/SRConfig\
#        -Isource/ProjectSpecific/Hbl/all/Config\
#        -Isource/ProjectSpecific/Hbl/all/Config/Mci\
#        -Isource/ProjectSpecific/Hbl/all/Config/Mci/MasterCommander\
#        -Isource/ProjectSpecific/Hbl/all/Config/Mci/MCUDrivers\
#        -Isource/ProjectSpecific/Hbl/all/SRConfig\
#        -Isource/XCategory/Application/acu/API221MotionCtrl\
#        -Isource/XCategory/Application/acu/Calibration\
#        -Isource/XCategory/Application/acu/Condition\
#        -Isource/XCategory/Application/acu/Estimator\
#        -Isource/XCategory/Application/acu/Interpreter\
#        -Isource/XCategory/Application/acu/Processes/ActivateTask\
#        -Isource/XCategory/Application/acu/Processes/JumpIf\
#        -Isource/XCategory/Application/acu/Processes/LoadsControl\
#        -Isource/XCategory/Application/acu/Processes/Maintain\
#        -Isource/XCategory/Application/acu/Processes/SetVariable\
#        -Isource/XCategory/Application/acu/RegulationAccept\
#        -Isource/XCategory/Application/acu/Selector\
#        -Isource/XCategory/Application/acu/SubCycle\
#        -Isource/XCategory/Application/acu/Supervisor\
#        -Isource/XCategory/Application/acu/TestMgr\
#        -Isource/XCategory/Application/acuexpacu/ApplianceMgr\
#        -Isource/XCategory/Application/acuhmi/CommunicationMonitor\
#        -Isource/XCategory/Application/acuhmi/Modifier\
#        -Isource/XCategory/Application/acuhmi/Regulations\
#        -Isource/XCategory/Application/acuhmi/Status\
#        -Isource/XCategory/Application/all/API007Data\
#        -Isource/XCategory/Application/all/API011AppCtr\
#        -Isource/XCategory/Application/all/API012Exp\
#        -Isource/XCategory/Application/all/API013RemoteFunction\
#        -Isource/XCategory/Application/all/API018Diagnostic\
#        -Isource/XCategory/Application/all/API220MotorControl\
#        -Isource/XCategory/Application/all/API220MotorControl/Api\
#        -Isource/XCategory/Application/all/Mode\
#        -Isource/XCategory/Application/all/Reveal_Basic/API003Disc\
#        -Isource/XCategory/Application/all/Reveal_Basic/API004Debug\
#        -Isource/XCategory/Application/all/Reveal_Basic/API004Debug/SW05SoftwareTest\
#        -Isource/XCategory/Application/all/Reveal_Basic/API005LowLevel\
#        -Isource/XCategory/Application/all/Reveal_Basic/API009System\
#        -Isource/XCategory/Application/all/Reveal_Basic/API010PollVar\
#        -Isource/XCategory/Application/all/Reveal_Basic/API019ProductInfo\
#        -Isource/XCategory/Application/all/SFUpdater\
#        -Isource/XCategory/Application/all/SRAPI020Safety\
#        -Isource/XCategory/Application/all/StatusLed\
#        -Isource/XCategory/Common/acu/BrownOut\
#        -Isource/XCategory/Common/acu/Fault\
#        -Isource/XCategory/Common/acu/Statistics\
#        -Isource/XCategory/Common/all/Common/Callback\
#        -Isource/XCategory/Common/all/Common/Convert\
#        -Isource/XCategory/Common/all/Common/Crc16\
#        -Isource/XCategory/Common/all/Common/Crc32\
#        -Isource/XCategory/Common/all/Common/Crc8\
#        -Isource/XCategory/Common/all/Common/Equation\
#        -Isource/XCategory/Common/all/Common/Filter\
#        -Isource/XCategory/Common/all/Common/FITMgr\
#        -Isource/XCategory/Common/all/Common/I2cMgr\
#        -Isource/XCategory/Common/all/Common/IAPEmul\
#        -Isource/XCategory/Common/all/Common/Log\
#        -Isource/XCategory/Common/all/Common/Millis\
#        -Isource/XCategory/Common/all/Common/SeggerRTT\
#        -Isource/XCategory/Common/all/Common/SeggerRTT/SEGGER_RTT/Config\
#        -Isource/XCategory/Common/all/Common/SeggerRTT/SEGGER_RTT/RTT\
#        -Isource/XCategory/Common/all/Common/SettingFile\
#        -Isource/XCategory/Common/all/Common/SFVersionCheck\
#        -Isource/XCategory/Common/all/Common/SystemConfig\
#        -Isource/XCategory/Common/all/Common/SystemTimers\
#        -Isource/XCategory/Common/all/Common/Utilities\
#        -Isource/XCategory/Common/all/Common/Variable\
#        -Isource/XCategory/Common/all/SRCommon/SRClockMonitor\
#        -Isource/XCategory/Common/all/SRCommon/SRData\
#        -Isource/XCategory/Common/all/SRCommon/SRException\
#        -Isource/XCategory/Common/all/SRCommon/SRIsrMonitor\
#        -Isource/XCategory/Common/all/SRCommon/SRPowerMgr\
#        -Isource/XCategory/Common/all/SRCommon/SRSignature\
#        -Isource/XCategory/Common/all/SRCommon/SRSystemConfig\
#        -Isource/XCategory/Common/all/SRCommon/SRTaskMonitor\
#        -Isource/XCategory/Common/all/SRCommon/SRTaskSequence\
#        -Isource/XCategory/Common/all/SRCommon/SRTimerReference\
#        -Isource/XCategory/Common/all/SRCommon/SRUnusedPinsConfig\
#        -Isource/XCategory/Common/all/SRMain\
#        -Isource/XCategory/Common/all/SRMain/BackgroundThreads\
#        -Isource/XCategory/Common/all/SRMain/OsServices\
#        -Isource/XCategory/Common/all/SRMain/StackAnalysis\
#        -Isource/XCategory/Common/all/SRMain/TimingAnalysis\
#        -Isource/XCategory/Driver/APIs/Atod\
#        -Isource/XCategory/Driver/APIs/Comparator\
#        -Isource/XCategory/Driver/APIs/DataFlash\
#        -Isource/XCategory/Driver/APIs/Dma\
#        -Isource/XCategory/Driver/APIs/Dtc\
#        -Isource/XCategory/Driver/APIs/Dtoa\
#        -Isource/XCategory/Driver/APIs/EmbOS\
#        -Isource/XCategory/Driver/APIs/ExtInterrupt\
#        -Isource/XCategory/Driver/APIs/Flash\
#        -Isource/XCategory/Driver/APIs/Gpio\
#        -Isource/XCategory/Driver/APIs/I2c\
#        -Isource/XCategory/Driver/APIs/IntMgr\
#        -Isource/XCategory/Driver/APIs/Micro\
#        -Isource/XCategory/Driver/APIs/MicroExt\
#        -Isource/XCategory/Driver/APIs/Rtc\
#        -Isource/XCategory/Driver/APIs/RTCDriver\
#        -Isource/XCategory/Driver/APIs/Spi\
#        -Isource/XCategory/Driver/APIs/Timeout\
#        -Isource/XCategory/Driver/APIs/Timer\
#        -Isource/XCategory/Driver/APIs/TimerInterrupt\
#        -Isource/XCategory/Driver/APIs/Touch\
#        -Isource/XCategory/Driver/APIs/Uart\
#        -Isource/XCategory/Hbl/acu/FdmCounter\
#        -Isource/XCategory/Hbl/acu/FdmTimer\
#        -Isource/XCategory/Hbl/acuexpacu/ACUGIHandler/ConvertGI\
#        -Isource/XCategory/Hbl/acuexpacu/ACUGIHandler/DirectGI\
#        -Isource/XCategory/Hbl/acuexpacu/ACUGIHandler/DoorSwitchGI\
#        -Isource/XCategory/Hbl/acuexpacu/ACUGIHandler/ProbeGI\
#        -Isource/XCategory/Hbl/acuexpacu/ACUGIHandler/ProbeLpsGI\
#        -Isource/XCategory/Hbl/acuexpacu/ACULoadHandler/DCFanLoad\
#        -Isource/XCategory/Hbl/acuexpacu/ACUPilotHandler/AnalogOutputPilot\
#        -Isource/XCategory/Hbl/acuexpacu/ACUPilotHandler/ChargePumpPilot\
#        -Isource/XCategory/Hbl/acuexpacu/ACUPilotHandler/DigitalOutputMultiPilot\
#        -Isource/XCategory/Hbl/acuexpacu/ACUPilotHandler/DigitalOutputPilot\
#        -Isource/XCategory/Hbl/acuexpacu/ACUPilotHandler/DoorLockEMPilot\
#        -Isource/XCategory/Hbl/acuexpacu/ACUPilotHandler/DoorLockWaxPilot\
#        -Isource/XCategory/Hbl/acuexpacu/ACUPilotHandler/ExpansionPilot\
#        -Isource/XCategory/Hbl/acuexpacu/ACUPilotHandler/ExternalMotorPilot\
#        -Isource/XCategory/Hbl/acuexpacu/ACUPilotHandler/FSMPilot\
#        -Isource/XCategory/Hbl/acuexpacu/ACUPilotHandler/MagnetronPilot\
#        -Isource/XCategory/Hbl/acuexpacu/ACUPilotHandler/MotorPilot\
#        -Isource/XCategory/Hbl/acuexpacu/ACUPilotHandler/MultiDriverPilot\
#        -Isource/XCategory/Hbl/acuexpacu/ACUPilotHandler/MultiSequencePilot\
#        -Isource/XCategory/Hbl/acuexpacu/ACUPilotHandler/NonfunctionalPilot\
#        -Isource/XCategory/Hbl/acuexpacu/ACUPilotHandler/PwmHiResPilot\
#        -Isource/XCategory/Hbl/acuexpacu/ACUPilotHandler/PwmPilot\
#        -Isource/XCategory/Hbl/acuexpacu/ACUPilotHandler/SRChargePumpPilot\
#        -Isource/XCategory/Hbl/acuexpacu/ACUPilotHandler/SRDigitalOutputMultiPilot\
#        -Isource/XCategory/Hbl/acuexpacu/ACUPilotHandler/SRDigitalOutputPilot\
#        -Isource/XCategory/Hbl/acuexpacu/ACUPilotHandler/SRDoorLockEMPilot\
#        -Isource/XCategory/Hbl/acuexpacu/ACUPilotHandler/SRDoorLockWaxPilot\
#        -Isource/XCategory/Hbl/acuexpacu/ACUPilotHandler/SRUMRelayPilot\
#        -Isource/XCategory/Hbl/acuexpacu/ACUPilotHandler/SteadyPwmProfilePilot\
#        -Isource/XCategory/Hbl/acuexpacu/ACUPilotHandler/StepperPilot\
#        -Isource/XCategory/Hbl/acuexpacu/ACUPilotHandler/TriacSwitchPilot\
#        -Isource/XCategory/Hbl/acuexpacu/ACUPilotHandler/ZCRelayPilot\
#        -Isource/XCategory/Hbl/acuexpacu/ACUPilotHandler/ZCTriacPilot\
#        -Isource/XCategory/Hbl/acuexpacu/HblAcu\
#        -Isource/XCategory/Hbl/acuexpacu/HblAcu/CrossLoads\
#        -Isource/XCategory/Hbl/acuexpacu/HblAcu/SetLoadQueue\
#        -Isource/XCategory/Hbl/acuexpacu/HblAcu/SRProductMgr\
#        -Isource/XCategory/Hbl/acuexpacu/HblAcu/ZeroCross\
#        -Isource/XCategory/Hbl/all/Hbl\
#        -Isource/XCategory/Hbl/all/Hbl/DefaultPin\
#        -Isource/XCategory/Hbl/all/Hbl/HblCommon\
#        -Isource/XCategory/Hbl/all/Hbl/VirtualPin\
#        -Isource/XCategory/Hbl/all/LLIHandler/AbsoluteHumidityLLI\
#        -Isource/XCategory/Hbl/all/LLIHandler/AccelerometerLLI\
#        -Isource/XCategory/Hbl/all/LLIHandler/AccelerometerLLI/AccelBaseline\
#        -Isource/XCategory/Hbl/all/LLIHandler/AccelerometerLLI/AccelDiscover\
#        -Isource/XCategory/Hbl/all/LLIHandler/AccelerometerLLI/FXLS8974\
#        -Isource/XCategory/Hbl/all/LLIHandler/AccelerometerLLI/FXLS8974/SelfTestFXLS8974\
#        -Isource/XCategory/Hbl/all/LLIHandler/AccelerometerLLI/LISxDH\
#        -Isource/XCategory/Hbl/all/LLIHandler/AnalogLLI\
#        -Isource/XCategory/Hbl/all/LLIHandler/ConductivityLLI\
#        -Isource/XCategory/Hbl/all/LLIHandler/DigitalLLI\
#        -Isource/XCategory/Hbl/all/LLIHandler/EncoderLLI\
#        -Isource/XCategory/Hbl/all/LLIHandler/ExpansionLLI\
#        -Isource/XCategory/Hbl/all/LLIHandler/FeedbackLLI\
#        -Isource/XCategory/Hbl/all/LLIHandler/I2CInfraredLLI\
#        -Isource/XCategory/Hbl/all/LLIHandler/I2CPressureSensorLLI\
#        -Isource/XCategory/Hbl/all/LLIHandler/I2CRHTSensorLLI\
#        -Isource/XCategory/Hbl/all/LLIHandler/InputCaptureLLI\
#        -Isource/XCategory/Hbl/all/LLIHandler/MultiInputLLI\
#        -Isource/XCategory/Hbl/all/LLIHandler/NonfunctionalLLI\
#        -Isource/XCategory/Hbl/all/LLIHandler/PulseCounterLLI\
#        -Isource/XCategory/Hbl/all/LLIHandler/SRAnalogLLI\
#        -Isource/XCategory/Hbl/all/LLIHandler/SRDigitalLLI\
#        -Isource/XCategory/Hbl/all/LLIHandler/SRFeedbackLLI\
#        -Isource/XCategory/Hbl/all/LLIHandler/SRI2CPressureSensorLLI\
#        -Isource/XCategory/Hbl/all/LLIHandler/SRICTachometerLLI\
#        -Isource/XCategory/Hbl/all/LLIHandler/SRInputCaptureLLI\
#        -Isource/XCategory/Hbl/all/LLIHandler/SRTouchKeyLLI\
#        -Isource/XCategory/Hbl/all/LLIHandler/SRTriacFeedbackLLI\
#        -Isource/XCategory/Hbl/all/LLIHandler/TouchKeyLLI\
#        -Isource/XCategory/Hbl/all/LLIHandler/TouchSliderLLI\
#        -Isource/XCategory/Hbl/all/LLIHandler/TouchWheelLLI\
#        -Isource/XCategory/Hbl/all/LLIHandler/TriacFeedbackLLI\
#        -Isource/XCategory/Hbl/all/LLIHandler/VirtualDigitalLLI\
#        -Isource/XCategory/Service/all/NVData\
#        -Isource/XCategory/Service/all/Reveal\
#        -Isource/XCategory/Service/all/Win\) -l listings\ConvertGI.lst -o
#        obj\ConvertGI.obj
#        source/XCategory/Hbl/acuexpacu/ACUGIHandler/ConvertGI/ConvertGI.c
#    Locale       =  English_United States.1252
#    List file    =  listings\ConvertGI.lst
#    Object file  =  obj\ConvertGI.obj
#
###############################################################################

C:\Data\Nucleus_Dev\Vostok_ACU_A\source\XCategory\Hbl\acuexpacu\ACUGIHandler\ConvertGI\ConvertGI.c
      1          /**
      2           *  @file       
      3           *
      4           *  @brief      This file contains the implementation of the ConvertGI interface
      5           *
      6           *  @details    Detailed description of the file contents
      7           *
      8           *  @section    Applicable_Documents
      9           *					List here all the applicable documents if needed. <tr>	
     10           *
     11           *  @copyright  Copyright 2015-$Date: 2015/07/24 11:35:20EDT $. Whirlpool Corporation. All rights reserved - CONFIDENTIAL
     12           */
     13          //---------------------------------------------------------------------------------------------------------------------
     14          //---------------------------------------------------------------------------------------------------------------------
     15          
     16          
     17          //-------------------------------------- Include Files ----------------------------------------------------------------
     18          #include "C_Extensions.h"
     19          #include "ConvertGI.h"
     20          #include "string.h"
     21          #include "limits.h"
     22          
     23          
     24          #if (HBL_GI_NUM_CONVERT > 0)
     25          //-------------------------------------- PUBLIC (Variables) -----------------------------------------------------------
     26          
     27          //-------------------------------------- PRIVATE (Variables, Constants & Defines) -------------------------------------

   \                                 In section .bss, align 4
     28          static uint8 ConvertGI_Allocation;
   \                     ConvertGI_Allocation:
   \   00000000                      DS8 1
   \   00000001                      DS8 3
   \   00000004                      DS8 20
     29          static uint8 ConvertGI_LLI_Sequence[HBL_GI_NUM_CONVERT];
     30          
     31          
     32          
     33          //-------------------------------------- PRIVATE (Function Prototypes) ------------------------------------------------
     34          
     35          
     36          //=====================================================================================================================
     37          //-------------------------------------- Public Functions -------------------------------------------------------------
     38          //=====================================================================================================================
     39          
     40          
     41          //------------------------------------------------------------------------------------------------
     42          /**
     43           * @brief Initialize all instances of this GI type.
     44           *          - Initialize static RAM used by the module.
     45           *          - Initialize any corrupted NVData used by the module.
     46           */
     47          

   \                                 In section .text, align 2, keep-with-next
     48          void ConvertGI__Initialize(void)
     49          {
   \                     ConvertGI__Initialize: (+1)
   \   00000000   0xB580             PUSH     {R7,LR}
     50              ConvertGI_Allocation = 0;
   \   00000002   0x....             LDR      R0,??DataTable3
   \   00000004   0x2100             MOVS     R1,#+0
   \   00000006   0x7001             STRB     R1,[R0, #+0]
     51              memset(ConvertGI_LLI_Sequence, 0, sizeof(ConvertGI_LLI_Sequence));
   \   00000008   0x460A             MOV      R2,R1
   \   0000000A   0x2112             MOVS     R1,#+18
   \   0000000C   0x1D00             ADDS     R0,R0,#+4
   \   0000000E   0x.... 0x....      BL       __aeabi_memset4
     52          }
   \   00000012   0xBD01             POP      {R0,PC}          ;; return
     53          
     54          //---------------------------------------------------------------------------------------------------------------------
     55          /**
     56           * @brief Reserve memory for this GI instance.
     57           * @return The index of the allocated GI.
     58           *          Return UCHAR_MAX if there is no space allocated for another GI of this type.
     59           */

   \                                 In section .text, align 2, keep-with-next
     60          uint8 ConvertGI__Allocate(void)
     61          {
     62              uint8 retval = UCHAR_MAX;
   \                     ConvertGI__Allocate: (+1)
   \   00000000   0x20FF             MOVS     R0,#+255
     63          
     64              // if there is an unclaimed instance of this GI, then set index to the next GI.
     65              if (ConvertGI_Allocation < HBL_GI_NUM_CONVERT)
   \   00000002   0x....             LDR      R1,??DataTable3
   \   00000004   0x780A             LDRB     R2,[R1, #+0]
   \   00000006   0x2A12             CMP      R2,#+18
   \   00000008   0xDA02             BGE      ??ConvertGI__Allocate_0
     66              {
     67                  retval = ConvertGI_Allocation;
   \   0000000A   0x0010             MOVS     R0,R2
     68                  ConvertGI_Allocation++;
   \   0000000C   0x1C52             ADDS     R2,R2,#+1
   \   0000000E   0x700A             STRB     R2,[R1, #+0]
     69          
     70              }
     71              return (retval);
   \                     ??ConvertGI__Allocate_0: (+1)
   \   00000010   0x4770             BX       LR               ;; return
     72          }
     73          
     74          //---------------------------------------------------------------------------------------------------------------------
     75          /**
     76           * @brief Initialize this GI instance.
     77           * @param generic_input = A pointer to the HBL_GI_TYPE structure with GI and GI instance information.
     78           * @param lli_sequence = The low level input sequence.
     79           * @return PASS if the GI instance is successfully initialized; otherwise FAIL.
     80           *          The return value is ignored by HBL.
     81           */

   \                                 In section .text, align 2, keep-with-next
     82          PASS_FAIL_TYPE ConvertGI__InitializeInstance(HBL_GI_TYPE * generic_input, uint8 lli_sequence)
     83          {
   \                     ConvertGI__InitializeInstance: (+1)
   \   00000000   0xB430             PUSH     {R4,R5}
   \   00000002   0x0002             MOVS     R2,R0
     84          	PASS_FAIL_TYPE retval;
     85          
     86          	retval = FAIL;
   \   00000004   0x2000             MOVS     R0,#+0
     87          
     88          	if(generic_input->Data_Index < ConvertGI_Allocation)
   \   00000006   0x79D2             LDRB     R2,[R2, #+7]
   \   00000008   0x....             LDR      R3,??DataTable3
   \   0000000A   0x0014             MOVS     R4,R2
   \   0000000C   0x781D             LDRB     R5,[R3, #+0]
   \   0000000E   0x42AC             CMP      R4,R5
   \   00000010   0xD202             BCS      ??ConvertGI__InitializeInstance_0
     89          	{
     90          		ConvertGI_LLI_Sequence[generic_input->Data_Index] = lli_sequence;
   \   00000012   0x1898             ADDS     R0,R3,R2
   \   00000014   0x7101             STRB     R1,[R0, #+4]
     91          		retval = PASS;
   \   00000016   0x2001             MOVS     R0,#+1
     92          	}
     93              return(retval);}
   \                     ??ConvertGI__InitializeInstance_0: (+1)
   \   00000018   0xBC30             POP      {R4,R5}
   \   0000001A   0x4770             BX       LR               ;; return
     94          
     95          //------------------------------------------------------------------------------------------------
     96          /**
     97           * @brief Get a pointer to the unconverted value of this GI instance.
     98           * @param generic_input = A pointer to the HBL_GI_TYPE structure with GI and GI instance information.
     99           * @param lli_data = A pointer to the low level input data.
    100           * @return A pointer to data that holds the unconverted value of the load.
    101           */

   \                                 In section .text, align 2, keep-with-next
    102          void * ConvertGI__Get(HBL_GI_TYPE * generic_input,void * lli_data)
    103          {
    104              // The unconverted value is pointed to by lli_data
    105              return (lli_data);
   \                     ConvertGI__Get: (+1)
   \   00000000   0x0008             MOVS     R0,R1
   \   00000002   0x4770             BX       LR               ;; return
    106          }
    107          
    108          //------------------------------------------------------------------------------------------------
    109          /**
    110           * @brief Handle behaviors that must be implemented periodically by this GI instance.
    111           *        This function is called every 5ms.
    112           *
    113           *        This function maintains the data sequence logic to differentiate
    114           *        the old converted value with the new converted value
    115           *
    116           * @param generic_input = A pointer to the HBL_GI_TYPE structure with GI and GI instance information.
    117           * @param lli_data = A pointer to the low level input data.
    118           * @param lli_sequence = The low level input sequence.
    119           * @return PASS or FAIL.
    120           */

   \                                 In section .text, align 2, keep-with-next
    121          BOOL_TYPE ConvertGI__AsynchProcess(HBL_GI_TYPE * generic_input,void * lli_data, uint8 lli_sequence)
    122          {
   \                     ConvertGI__AsynchProcess: (+1)
   \   00000000   0xB430             PUSH     {R4,R5}
   \   00000002   0x0001             MOVS     R1,R0
    123          	BOOL_TYPE retval;
    124          
    125          	retval = FALSE;
   \   00000004   0x2000             MOVS     R0,#+0
    126          
    127          	if(generic_input->Data_Index < ConvertGI_Allocation)
   \   00000006   0x79C9             LDRB     R1,[R1, #+7]
   \   00000008   0x....             LDR      R3,??DataTable3
   \   0000000A   0x000C             MOVS     R4,R1
   \   0000000C   0x781D             LDRB     R5,[R3, #+0]
   \   0000000E   0x42AC             CMP      R4,R5
   \   00000010   0xD206             BCS      ??ConvertGI__AsynchProcess_0
    128          	{
    129          	    //This logic keeps the sequence or track of old verses new LLI value
    130          		if (ConvertGI_LLI_Sequence[generic_input->Data_Index] != lli_sequence)
   \   00000012   0x1859             ADDS     R1,R3,R1
   \   00000014   0x790B             LDRB     R3,[R1, #+4]
   \   00000016   0x0014             MOVS     R4,R2
   \   00000018   0x42A3             CMP      R3,R4
   \   0000001A   0xD001             BEQ      ??ConvertGI__AsynchProcess_0
    131          		{
    132          			ConvertGI_LLI_Sequence[generic_input->Data_Index] = lli_sequence;
   \   0000001C   0x710A             STRB     R2,[R1, #+4]
    133          			retval = TRUE;
   \   0000001E   0x2001             MOVS     R0,#+1
    134          		}
    135          	}
    136              return(retval);
   \                     ??ConvertGI__AsynchProcess_0: (+1)
   \   00000020   0xBC30             POP      {R4,R5}
   \   00000022   0x4770             BX       LR               ;; return
    137          }
    138          
    139          //------------------------------------------------------------------------------------------------
    140          /**
    141           * @brief Get the converted value of this GI instance.
    142           * @param generic_input = A pointer to the HBL_GI_TYPE structure with GI and GI instance information.
    143           * @param lli_data = A pointer to the low level input data.
    144           * @return The converted lli_data value of the GI instance.
    145           */

   \                                 In section .text, align 2, keep-with-next
    146          sint32 ConvertGI__GetConverted(HBL_GI_TYPE * generic_input, void * lli_data)
    147          {
   \                     ConvertGI__GetConverted: (+1)
   \   00000000   0xB530             PUSH     {R4,R5,LR}
   \   00000002   0xB083             SUB      SP,SP,#+12
   \   00000004   0x000A             MOVS     R2,R1
    148              sint32 retval = 0;
   \   00000006   0x2400             MOVS     R4,#+0
    149          
    150              uint8 index = generic_input->GI_Param_Offset;
   \   00000008   0x7883             LDRB     R3,[R0, #+2]
   \   0000000A   0x0019             MOVS     R1,R3
    151              if (generic_input->GI_Param_Offset != 0XFF)
   \   0000000C   0x2BFF             CMP      R3,#+255
   \   0000000E   0xD013             BEQ      ??ConvertGI__GetConverted_0
    152              {
    153                  SETTINGFILE_LOADER_TYPE io_device_data;
    154                  uint16 data_in;
    155          
    156                  if (generic_input->LLI_Parameter_Size >= 2)
   \   00000010   0x7980             LDRB     R0,[R0, #+6]
   \   00000012   0x2802             CMP      R0,#+2
   \   00000014   0x7815             LDRB     R5,[R2, #+0]
   \   00000016   0xDB03             BLT      ??ConvertGI__GetConverted_1
    157                  {
    158                      data_in = (uint16)(*((PACKED uint16 *)lli_data));
   \   00000018   0x7850             LDRB     R0,[R2, #+1]
   \   0000001A   0x0600             LSLS     R0,R0,#+24
   \   0000001C   0x0C00             LSRS     R0,R0,#+16
   \   0000001E   0x4305             ORRS     R5,R5,R0
    159          
    160                  }
    161                  else
    162                  {
    163                      data_in = (uint16)(*((uint8 *)lli_data));
    164                  }
    165          
    166                  if (SettingFile__BasicLoader(SF_PTR_ACU_IO_DEVICE, index, &io_device_data) == PASS)
   \                     ??ConvertGI__GetConverted_1: (+1)
   \   00000020   0x466A             MOV      R2,SP
   \   00000022   0x2021             MOVS     R0,#+33
   \   00000024   0x.... 0x....      BL       SettingFile__BasicLoader
   \   00000028   0x2801             CMP      R0,#+1
   \   0000002A   0xD106             BNE      ??ConvertGI__GetConverted_2
    167                  {
    168                      retval = HblCommon__ConvertIODeviceData(data_in, (HBL_IO_DEVICE_DATA_CONVERT_TABLE_HEADER *)(io_device_data.Data));
   \   0000002C   0x9900             LDR      R1,[SP, #+0]
   \   0000002E   0x0028             MOVS     R0,R5
   \   00000030   0x.... 0x....      BL       HblCommon__ConvertIODeviceData
   \   00000034   0x0004             MOVS     R4,R0
   \   00000036   0xE000             B        ??ConvertGI__GetConverted_2
    169                  }
    170              }
    171              else
    172              {
    173                  retval = (sint32)(*((uint8 *)lli_data));
   \                     ??ConvertGI__GetConverted_0: (+1)
   \   00000038   0x7814             LDRB     R4,[R2, #+0]
    174              }
    175          
    176              return (retval);
   \                     ??ConvertGI__GetConverted_2: (+1)
   \   0000003A   0x0020             MOVS     R0,R4
   \   0000003C   0xBD3E             POP      {R1-R5,PC}       ;; return
    177          }

   \                                 In section .text, align 4, keep-with-next
   \                     ??DataTable3:
   \   00000000   0x........         DC32     ConvertGI_Allocation
    178          
    179          //=====================================================================================================================
    180          //-------------------------------------- Private Functions ------------------------------------------------------------
    181          //=====================================================================================================================
    182          
    183          #endif
    184          

   Maximum stack usage in bytes:

   .cstack Function
   ------- --------
       0   ConvertGI__Allocate
       8   ConvertGI__AsynchProcess
       0   ConvertGI__Get
      24   ConvertGI__GetConverted
        24   -> HblCommon__ConvertIODeviceData
        24   -> SettingFile__BasicLoader
       8   ConvertGI__Initialize
         8   -> __aeabi_memset4
       8   ConvertGI__InitializeInstance


   Section sizes:

   Bytes  Function/Label
   -----  --------------
       4  ??DataTable3
      24  ConvertGI_Allocation
          ConvertGI_LLI_Sequence
      18  ConvertGI__Allocate
      36  ConvertGI__AsynchProcess
       4  ConvertGI__Get
      62  ConvertGI__GetConverted
      20  ConvertGI__Initialize
      28  ConvertGI__InitializeInstance

 
  24 bytes in section .bss
 172 bytes in section .text
 
 172 bytes of CODE memory
  24 bytes of DATA memory

Errors: none
Warnings: none
