###############################################################################
#
# IAR ANSI C/C++ Compiler V7.70.1.11437/W32 for ARM       28/Feb/2025  14:17:07
# Copyright 1999-2016 IAR Systems AB.
#
#    Cpu mode     =  thumb
#    Endian       =  little
#    Source file  =  
#        source/XCategory/Hbl/acuexpacu/ACULoadHandler/DCFanLoad/DCFanLoad.c
#    Command line =  
#        --cpu Cortex-M0+ -Om --debug -e --only_stdout --silent -D
#        ENABLE_JUMP_TO_APPLICATION_WITHOUT_IAP_FIRMWARE --no_wrap_diagnostics
#        -f config\tmp\include_path.lnt
#        (-I../Nucleus-Tools-SDK/embOS/arm/v4.26/source\
#        -I../Nucleus-Tools-SDK/iar/arm/v7.70/cx/inc\
#        -Isource/Category/Application/acu/CycleResume\
#        -Isource/Category/Application/acu/Monitors/AutostartFactoryCycleMonitor\
#        -Isource/Category/Application/acu/Monitors/CartridgeDetectionMonitor\
#        -Isource/Category/Application/acu/Monitors/DCLoadCurrentMonitor\
#        -Isource/Category/Application/acu/Monitors/DiverterFaultMonitor\
#        -Isource/Category/Application/acu/Monitors/DiverterLeakFaultMonitor\
#        -Isource/Category/Application/acu/Monitors/DoorMonitor\
#        -Isource/Category/Application/acu/Monitors/DoorOpeningSystemMonitor\
#        -Isource/Category/Application/acu/Monitors/FanMotorFaultMonitor\
#        -Isource/Category/Application/acu/Monitors/FaultStatusMonitor\
#        -Isource/Category/Application/acu/Monitors/FillValveStuckOn\
#        -Isource/Category/Application/acu/Monitors/FlowMeterFaultMonitor\
#        -Isource/Category/Application/acu/Monitors/HeatMonitor\
#        -Isource/Category/Application/acu/Monitors/HotHighPotMonitor\
#        -Isource/Category/Application/acu/Monitors/LITTFaultMonitor\
#        -Isource/Category/Application/acu/Monitors/LITTMonitor\
#        -Isource/Category/Application/acu/Monitors/McuGetDataMonitor\
#        -Isource/Category/Application/acu/Monitors/ModelMonitors/AirlockDetectionMonitor\
#        -Isource/Category/Application/acu/Monitors/ModelMonitors/AirlockDetectionMonitor/CodeGeneration\
#        -Isource/Category/Application/acu/Monitors/ModelMonitors/HeaterCalcificationDetectionModel\
#        -Isource/Category/Application/acu/Monitors/ModelMonitors/HeaterCalcificationDetectionModel/CodeGeneration\
#        -Isource/Category/Application/acu/Monitors/ModelMonitors/OWIVoltageRegulatedOutputModel\
#        -Isource/Category/Application/acu/Monitors/ModelMonitors/OWIVoltageRegulatedOutputModel/CodeGeneration\
#        -Isource/Category/Application/acu/Monitors/ModelMonitors/PluggingDetectionMonitor\
#        -Isource/Category/Application/acu/Monitors/ModelMonitors/PluggingDetectionMonitor/CodeGeneration\
#        -Isource/Category/Application/acu/Monitors/MoisturePreventionMonitor\
#        -Isource/Category/Application/acu/Monitors/OverfillMonitor\
#        -Isource/Category/Application/acu/Monitors/OWIMonitor\
#        -Isource/Category/Application/acu/Monitors/PilotRelayFaultMonitor\
#        -Isource/Category/Application/acu/Monitors/PilotRelayFaultMonitor/PilotRelayStuckClosedMonitor\
#        -Isource/Category/Application/acu/Monitors/PilotRelayFaultMonitor/PilotRelayStuckOpenMonitor\
#        -Isource/Category/Application/acu/Monitors/PORTimeMonitor\
#        -Isource/Category/Application/acu/Monitors/PumpFlushRequestMonitor\
#        -Isource/Category/Application/acu/Monitors/RinseAidMonitor\
#        -Isource/Category/Application/acu/Monitors/SaltSensingMonitor\
#        -Isource/Category/Application/acu/Monitors/StabilityControlLoopMonitor\
#        -Isource/Category/Application/acu/Monitors/StandbyManager\
#        -Isource/Category/Application/acu/Monitors/SupervisorExtMonitor\
#        -Isource/Category/Application/acu/Monitors/ThermistorFaultMonitor\
#        -Isource/Category/Application/acu/Monitors/ThermistorFaultMonitor/ThermistorOpenMonitor\
#        -Isource/Category/Application/acu/Monitors/ThermistorFaultMonitor/ThermistorShortedMonitor\
#        -Isource/Category/Application/acu/Monitors/TriacCurrentMonitor\
#        -Isource/Category/Application/acu/Monitors/TriacShortedDrainFaultMonitor\
#        -Isource/Category/Application/acu/Monitors/TriacVoltageMonitor\
#        -Isource/Category/Application/acu/Monitors/VoltageRangeMonitor\
#        -Isource/Category/Application/acu/Monitors/VSDrainMotorFaultMonitor\
#        -Isource/Category/Application/acu/Monitors/VwiMonitor\
#        -Isource/Category/Application/acu/Monitors/VwiZoneCompensationMonitor\
#        -Isource/Category/Application/acu/Monitors/WashHeaterFaultMonitor\
#        -Isource/Category/Application/acu/Monitors/WashHeaterFaultMonitor/HeaterLeakageToNeutralMonitor\
#        -Isource/Category/Application/acu/Monitors/WashHeaterFaultMonitor/HeaterLineRelayOpenMonitor\
#        -Isource/Category/Application/acu/Monitors/WashHeaterFaultMonitor/HeaterNeutralRelayOpenMonitor\
#        -Isource/Category/Application/acu/Monitors/WashHeaterFaultMonitor/HeaterOpenAndLineRelayClosedMonitor\
#        -Isource/Category/Application/acu/Monitors/WashHeaterFaultMonitor/HeaterOpenMonitor\
#        -Isource/Category/Application/acu/Monitors/WashMotorFaultMonitor\
#        -Isource/Category/Application/acu/Monitors/ZeroCrossMonitor\
#        -Isource/Category/Application/acu/Processes/AlternateCtrl\
#        -Isource/Category/Application/acu/Processes/Fill\
#        -Isource/Category/Application/acu/Processes/Fill/ClassAFill\
#        -Isource/Category/Application/acu/Processes/Fill/Fill\
#        -Isource/Category/Application/acu/Processes/Fill/TankDrain\
#        -Isource/Category/Application/acu/Processes/Fill/TankFill\
#        -Isource/Category/Application/acu/Processes/Heat\
#        -Isource/Category/Application/acu/Processes/ModelProcesses/OWICalibrationModel\
#        -Isource/Category/Application/acu/Processes/ModelProcesses/OWICalibrationModel/CodeGeneration\
#        -Isource/Category/Application/acu/Processes/ModelProcesses/PartialDrainModel\
#        -Isource/Category/Application/acu/Processes/ModelProcesses/PartialDrainModel/CodeGeneration\
#        -Isource/Category/Application/acu/Processes/ModelProcesses/SensedDrainModel\
#        -Isource/Category/Application/acu/Processes/ModelProcesses/SensedDrainModel/CodeGeneration\
#        -Isource/Category/Application/acu/Processes/OWI\
#        -Isource/Category/Application/acu/Processes/OWI_VRO\
#        -Isource/Category/Application/acu/Processes/OWIOneShot\
#        -Isource/Category/Application/acu/Processes/PumpControl\
#        -Isource/Category/Application/acu/Processes/Regenerate\
#        -Isource/Category/Application/acu/Processes/RinseAidDispense\
#        -Isource/Category/Application/acu/Processes/RinseAidDispense/RinseAid\
#        -Isource/Category/Application/acu/Processes/RinseAidDispense/TridgeDetergent\
#        -Isource/Category/Application/acu/Tasks/DoorOpeningSystemPull\
#        -Isource/Category/Application/acu/Tasks/DoorOpeningSystemPush\
#        -Isource/Category/Application/acu/Tasks/HeaterShadowing\
#        -Isource/Category/Application/acu/Tasks/MoisturePrevention\
#        -Isource/Category/Application/acu/Tasks/OWIContinousReading\
#        -Isource/Category/Application/acu/Tasks/OwiVroContinuousReading\
#        -Isource/Category/Application/acu/Tasks/Sanitization\
#        -Isource/Category/Application/acu/Tasks/StabilityControl\
#        -Isource/Category/Application/acu/Tasks/TimeElapse\
#        -Isource/Category/Application/acu/VWI\
#        -Isource/Category/Application/all/ActivePower\
#        -Isource/Category/Application/all/API007App\
#        -Isource/Category/Application/all/Config\
#        -Isource/Category/Common/acu/CommonDish/DishAuxVar\
#        -Isource/Category/Common/acu/CommonDish/PumpCommand\
#        -Isource/Category/Common/acu/CommonDish/StatisticsDish\
#        -Isource/Category/Common/all/BoardDebugging\
#        -Isource/Category/Common/all/Config\
#        -Isource/Category/Common/all/MasterCommander\
#        -Isource/Category/Common/all/MasterCommander/Source\
#        -Isource/Category/Common/all/MasterCommander/Source/HAL\
#        -Isource/Category/Common/all/SharedUtils\
#        -Isource/Category/Hbl/acu/ACULoadHandler/AlternateLoad\
#        -Isource/Category/Hbl/acuexpacu/ACUGIHandler/WaterCounterGI\
#        -Isource/Category/Hbl/acuexpacu/ACULoadHandler/HeaterLoad\
#        -Isource/Category/Hbl/acuexpacu/ACULoadHandler/TriacMci\
#        -Isource/Category/Hbl/all/Config\ -Isource/Category/Hbl/all/Mci\
#        -Isource/Category/Hbl/all/Mci/MciZeroCross\
#        -Isource/Category/Hbl/all/Mci/Slfac\
#        -Isource/Category/Hbl/all/Mci/Slfac/Macroblocks\
#        -Isource/Category/Hbl/all/Mci/Slfac/Microblocks/GlitchFilter\
#        -Isource/Category/Hbl/all/Mci/Slfac/Microblocks/IIRFilter\
#        -Isource/Category/Hbl/all/Mci/Slfac/Microblocks/MathCalc\
#        -Isource/Category/Hbl/all/Mci/Slfac/Microblocks/PeakDetector\
#        -Isource/Category/Hbl/all/Mci/Slfac/Microblocks/Pi\
#        -Isource/Category/Hbl/all/MCUDrivers/TimeCapture\
#        -Isource/Category/Hbl/all/MCUDrivers/TimerInterruptExt\
#        -Isource/Micros/STM32G0x/Driver/Atod\
#        -Isource/Micros/STM32G0x/Driver/DataFlash\
#        -Isource/Micros/STM32G0x/Driver/Dma\
#        -Isource/Micros/STM32G0x/Driver/Dtoa\
#        -Isource/Micros/STM32G0x/Driver/ExtInterrupt\
#        -Isource/Micros/STM32G0x/Driver/Flash\
#        -Isource/Micros/STM32G0x/Driver/Gpio\
#        -Isource/Micros/STM32G0x/Driver/I2c\
#        -Isource/Micros/STM32G0x/Driver/IntMgr\
#        -Isource/Micros/STM32G0x/Driver/Micro\
#        -Isource/Micros/STM32G0x/Driver/MicroExt\
#        -Isource/Micros/STM32G0x/Driver/Rtc\
#        -Isource/Micros/STM32G0x/Driver/RTCDriver\
#        -Isource/Micros/STM32G0x/Driver/Spi\
#        -Isource/Micros/STM32G0x/Driver/Timeout\
#        -Isource/Micros/STM32G0x/Driver/Timer\
#        -Isource/Micros/STM32G0x/Driver/TimerInterrupt\
#        -Isource/Micros/STM32G0x/Driver/Uart\
#        -Isource/ProjectSpecific/Application/acu/Config\
#        -Isource/ProjectSpecific/Application/acu/LowPower\
#        -Isource/ProjectSpecific/Application/acuexpacu/Config\
#        -Isource/ProjectSpecific/Application/all/Config\
#        -Isource/ProjectSpecific/Application/all/MCUDebug\
#        -Isource/ProjectSpecific/Application/all/ProductInfo\
#        -Isource/ProjectSpecific/Common/acu/Config\
#        -Isource/ProjectSpecific/Common/all/Config\
#        -Isource/ProjectSpecific/Common/all/Debug\
#        -Isource/ProjectSpecific/Common/all/SRConfig\
#        -Isource/ProjectSpecific/Driver/STM32G0x\
#        -Isource/ProjectSpecific/Hbl/acuexpacu/Config\
#        -Isource/ProjectSpecific/Hbl/acuexpacu/SRConfig\
#        -Isource/ProjectSpecific/Hbl/all/Config\
#        -Isource/ProjectSpecific/Hbl/all/Config/Mci\
#        -Isource/ProjectSpecific/Hbl/all/Config/Mci/MasterCommander\
#        -Isource/ProjectSpecific/Hbl/all/Config/Mci/MCUDrivers\
#        -Isource/ProjectSpecific/Hbl/all/SRConfig\
#        -Isource/XCategory/Application/acu/API221MotionCtrl\
#        -Isource/XCategory/Application/acu/Calibration\
#        -Isource/XCategory/Application/acu/Condition\
#        -Isource/XCategory/Application/acu/Estimator\
#        -Isource/XCategory/Application/acu/Interpreter\
#        -Isource/XCategory/Application/acu/Processes/ActivateTask\
#        -Isource/XCategory/Application/acu/Processes/JumpIf\
#        -Isource/XCategory/Application/acu/Processes/LoadsControl\
#        -Isource/XCategory/Application/acu/Processes/Maintain\
#        -Isource/XCategory/Application/acu/Processes/SetVariable\
#        -Isource/XCategory/Application/acu/RegulationAccept\
#        -Isource/XCategory/Application/acu/Selector\
#        -Isource/XCategory/Application/acu/SubCycle\
#        -Isource/XCategory/Application/acu/Supervisor\
#        -Isource/XCategory/Application/acu/TestMgr\
#        -Isource/XCategory/Application/acuexpacu/ApplianceMgr\
#        -Isource/XCategory/Application/acuhmi/CommunicationMonitor\
#        -Isource/XCategory/Application/acuhmi/Modifier\
#        -Isource/XCategory/Application/acuhmi/Regulations\
#        -Isource/XCategory/Application/acuhmi/Status\
#        -Isource/XCategory/Application/all/API007Data\
#        -Isource/XCategory/Application/all/API011AppCtr\
#        -Isource/XCategory/Application/all/API012Exp\
#        -Isource/XCategory/Application/all/API013RemoteFunction\
#        -Isource/XCategory/Application/all/API018Diagnostic\
#        -Isource/XCategory/Application/all/API220MotorControl\
#        -Isource/XCategory/Application/all/API220MotorControl/Api\
#        -Isource/XCategory/Application/all/Mode\
#        -Isource/XCategory/Application/all/Reveal_Basic/API003Disc\
#        -Isource/XCategory/Application/all/Reveal_Basic/API004Debug\
#        -Isource/XCategory/Application/all/Reveal_Basic/API004Debug/SW05SoftwareTest\
#        -Isource/XCategory/Application/all/Reveal_Basic/API005LowLevel\
#        -Isource/XCategory/Application/all/Reveal_Basic/API009System\
#        -Isource/XCategory/Application/all/Reveal_Basic/API010PollVar\
#        -Isource/XCategory/Application/all/Reveal_Basic/API019ProductInfo\
#        -Isource/XCategory/Application/all/SFUpdater\
#        -Isource/XCategory/Application/all/SRAPI020Safety\
#        -Isource/XCategory/Application/all/StatusLed\
#        -Isource/XCategory/Common/acu/BrownOut\
#        -Isource/XCategory/Common/acu/Fault\
#        -Isource/XCategory/Common/acu/Statistics\
#        -Isource/XCategory/Common/all/Common/Callback\
#        -Isource/XCategory/Common/all/Common/Convert\
#        -Isource/XCategory/Common/all/Common/Crc16\
#        -Isource/XCategory/Common/all/Common/Crc32\
#        -Isource/XCategory/Common/all/Common/Crc8\
#        -Isource/XCategory/Common/all/Common/Equation\
#        -Isource/XCategory/Common/all/Common/Filter\
#        -Isource/XCategory/Common/all/Common/FITMgr\
#        -Isource/XCategory/Common/all/Common/I2cMgr\
#        -Isource/XCategory/Common/all/Common/IAPEmul\
#        -Isource/XCategory/Common/all/Common/Log\
#        -Isource/XCategory/Common/all/Common/Millis\
#        -Isource/XCategory/Common/all/Common/SeggerRTT\
#        -Isource/XCategory/Common/all/Common/SeggerRTT/SEGGER_RTT/Config\
#        -Isource/XCategory/Common/all/Common/SeggerRTT/SEGGER_RTT/RTT\
#        -Isource/XCategory/Common/all/Common/SettingFile\
#        -Isource/XCategory/Common/all/Common/SFVersionCheck\
#        -Isource/XCategory/Common/all/Common/SystemConfig\
#        -Isource/XCategory/Common/all/Common/SystemTimers\
#        -Isource/XCategory/Common/all/Common/Utilities\
#        -Isource/XCategory/Common/all/Common/Variable\
#        -Isource/XCategory/Common/all/SRCommon/SRClockMonitor\
#        -Isource/XCategory/Common/all/SRCommon/SRData\
#        -Isource/XCategory/Common/all/SRCommon/SRException\
#        -Isource/XCategory/Common/all/SRCommon/SRIsrMonitor\
#        -Isource/XCategory/Common/all/SRCommon/SRPowerMgr\
#        -Isource/XCategory/Common/all/SRCommon/SRSignature\
#        -Isource/XCategory/Common/all/SRCommon/SRSystemConfig\
#        -Isource/XCategory/Common/all/SRCommon/SRTaskMonitor\
#        -Isource/XCategory/Common/all/SRCommon/SRTaskSequence\
#        -Isource/XCategory/Common/all/SRCommon/SRTimerReference\
#        -Isource/XCategory/Common/all/SRCommon/SRUnusedPinsConfig\
#        -Isource/XCategory/Common/all/SRMain\
#        -Isource/XCategory/Common/all/SRMain/BackgroundThreads\
#        -Isource/XCategory/Common/all/SRMain/OsServices\
#        -Isource/XCategory/Common/all/SRMain/StackAnalysis\
#        -Isource/XCategory/Common/all/SRMain/TimingAnalysis\
#        -Isource/XCategory/Driver/APIs/Atod\
#        -Isource/XCategory/Driver/APIs/Comparator\
#        -Isource/XCategory/Driver/APIs/DataFlash\
#        -Isource/XCategory/Driver/APIs/Dma\
#        -Isource/XCategory/Driver/APIs/Dtc\
#        -Isource/XCategory/Driver/APIs/Dtoa\
#        -Isource/XCategory/Driver/APIs/EmbOS\
#        -Isource/XCategory/Driver/APIs/ExtInterrupt\
#        -Isource/XCategory/Driver/APIs/Flash\
#        -Isource/XCategory/Driver/APIs/Gpio\
#        -Isource/XCategory/Driver/APIs/I2c\
#        -Isource/XCategory/Driver/APIs/IntMgr\
#        -Isource/XCategory/Driver/APIs/Micro\
#        -Isource/XCategory/Driver/APIs/MicroExt\
#        -Isource/XCategory/Driver/APIs/Rtc\
#        -Isource/XCategory/Driver/APIs/RTCDriver\
#        -Isource/XCategory/Driver/APIs/Spi\
#        -Isource/XCategory/Driver/APIs/Timeout\
#        -Isource/XCategory/Driver/APIs/Timer\
#        -Isource/XCategory/Driver/APIs/TimerInterrupt\
#        -Isource/XCategory/Driver/APIs/Touch\
#        -Isource/XCategory/Driver/APIs/Uart\
#        -Isource/XCategory/Hbl/acu/FdmCounter\
#        -Isource/XCategory/Hbl/acu/FdmTimer\
#        -Isource/XCategory/Hbl/acuexpacu/ACUGIHandler/ConvertGI\
#        -Isource/XCategory/Hbl/acuexpacu/ACUGIHandler/DirectGI\
#        -Isource/XCategory/Hbl/acuexpacu/ACUGIHandler/DoorSwitchGI\
#        -Isource/XCategory/Hbl/acuexpacu/ACUGIHandler/ProbeGI\
#        -Isource/XCategory/Hbl/acuexpacu/ACUGIHandler/ProbeLpsGI\
#        -Isource/XCategory/Hbl/acuexpacu/ACULoadHandler/DCFanLoad\
#        -Isource/XCategory/Hbl/acuexpacu/ACUPilotHandler/AnalogOutputPilot\
#        -Isource/XCategory/Hbl/acuexpacu/ACUPilotHandler/ChargePumpPilot\
#        -Isource/XCategory/Hbl/acuexpacu/ACUPilotHandler/DigitalOutputMultiPilot\
#        -Isource/XCategory/Hbl/acuexpacu/ACUPilotHandler/DigitalOutputPilot\
#        -Isource/XCategory/Hbl/acuexpacu/ACUPilotHandler/DoorLockEMPilot\
#        -Isource/XCategory/Hbl/acuexpacu/ACUPilotHandler/DoorLockWaxPilot\
#        -Isource/XCategory/Hbl/acuexpacu/ACUPilotHandler/ExpansionPilot\
#        -Isource/XCategory/Hbl/acuexpacu/ACUPilotHandler/ExternalMotorPilot\
#        -Isource/XCategory/Hbl/acuexpacu/ACUPilotHandler/FSMPilot\
#        -Isource/XCategory/Hbl/acuexpacu/ACUPilotHandler/MagnetronPilot\
#        -Isource/XCategory/Hbl/acuexpacu/ACUPilotHandler/MotorPilot\
#        -Isource/XCategory/Hbl/acuexpacu/ACUPilotHandler/MultiDriverPilot\
#        -Isource/XCategory/Hbl/acuexpacu/ACUPilotHandler/MultiSequencePilot\
#        -Isource/XCategory/Hbl/acuexpacu/ACUPilotHandler/NonfunctionalPilot\
#        -Isource/XCategory/Hbl/acuexpacu/ACUPilotHandler/PwmHiResPilot\
#        -Isource/XCategory/Hbl/acuexpacu/ACUPilotHandler/PwmPilot\
#        -Isource/XCategory/Hbl/acuexpacu/ACUPilotHandler/SRChargePumpPilot\
#        -Isource/XCategory/Hbl/acuexpacu/ACUPilotHandler/SRDigitalOutputMultiPilot\
#        -Isource/XCategory/Hbl/acuexpacu/ACUPilotHandler/SRDigitalOutputPilot\
#        -Isource/XCategory/Hbl/acuexpacu/ACUPilotHandler/SRDoorLockEMPilot\
#        -Isource/XCategory/Hbl/acuexpacu/ACUPilotHandler/SRDoorLockWaxPilot\
#        -Isource/XCategory/Hbl/acuexpacu/ACUPilotHandler/SRUMRelayPilot\
#        -Isource/XCategory/Hbl/acuexpacu/ACUPilotHandler/SteadyPwmProfilePilot\
#        -Isource/XCategory/Hbl/acuexpacu/ACUPilotHandler/StepperPilot\
#        -Isource/XCategory/Hbl/acuexpacu/ACUPilotHandler/TriacSwitchPilot\
#        -Isource/XCategory/Hbl/acuexpacu/ACUPilotHandler/ZCRelayPilot\
#        -Isource/XCategory/Hbl/acuexpacu/ACUPilotHandler/ZCTriacPilot\
#        -Isource/XCategory/Hbl/acuexpacu/HblAcu\
#        -Isource/XCategory/Hbl/acuexpacu/HblAcu/CrossLoads\
#        -Isource/XCategory/Hbl/acuexpacu/HblAcu/SetLoadQueue\
#        -Isource/XCategory/Hbl/acuexpacu/HblAcu/SRProductMgr\
#        -Isource/XCategory/Hbl/acuexpacu/HblAcu/ZeroCross\
#        -Isource/XCategory/Hbl/all/Hbl\
#        -Isource/XCategory/Hbl/all/Hbl/DefaultPin\
#        -Isource/XCategory/Hbl/all/Hbl/HblCommon\
#        -Isource/XCategory/Hbl/all/Hbl/VirtualPin\
#        -Isource/XCategory/Hbl/all/LLIHandler/AbsoluteHumidityLLI\
#        -Isource/XCategory/Hbl/all/LLIHandler/AccelerometerLLI\
#        -Isource/XCategory/Hbl/all/LLIHandler/AccelerometerLLI/AccelBaseline\
#        -Isource/XCategory/Hbl/all/LLIHandler/AccelerometerLLI/AccelDiscover\
#        -Isource/XCategory/Hbl/all/LLIHandler/AccelerometerLLI/FXLS8974\
#        -Isource/XCategory/Hbl/all/LLIHandler/AccelerometerLLI/FXLS8974/SelfTestFXLS8974\
#        -Isource/XCategory/Hbl/all/LLIHandler/AccelerometerLLI/LISxDH\
#        -Isource/XCategory/Hbl/all/LLIHandler/AnalogLLI\
#        -Isource/XCategory/Hbl/all/LLIHandler/ConductivityLLI\
#        -Isource/XCategory/Hbl/all/LLIHandler/DigitalLLI\
#        -Isource/XCategory/Hbl/all/LLIHandler/EncoderLLI\
#        -Isource/XCategory/Hbl/all/LLIHandler/ExpansionLLI\
#        -Isource/XCategory/Hbl/all/LLIHandler/FeedbackLLI\
#        -Isource/XCategory/Hbl/all/LLIHandler/I2CInfraredLLI\
#        -Isource/XCategory/Hbl/all/LLIHandler/I2CPressureSensorLLI\
#        -Isource/XCategory/Hbl/all/LLIHandler/I2CRHTSensorLLI\
#        -Isource/XCategory/Hbl/all/LLIHandler/InputCaptureLLI\
#        -Isource/XCategory/Hbl/all/LLIHandler/MultiInputLLI\
#        -Isource/XCategory/Hbl/all/LLIHandler/NonfunctionalLLI\
#        -Isource/XCategory/Hbl/all/LLIHandler/PulseCounterLLI\
#        -Isource/XCategory/Hbl/all/LLIHandler/SRAnalogLLI\
#        -Isource/XCategory/Hbl/all/LLIHandler/SRDigitalLLI\
#        -Isource/XCategory/Hbl/all/LLIHandler/SRFeedbackLLI\
#        -Isource/XCategory/Hbl/all/LLIHandler/SRI2CPressureSensorLLI\
#        -Isource/XCategory/Hbl/all/LLIHandler/SRICTachometerLLI\
#        -Isource/XCategory/Hbl/all/LLIHandler/SRInputCaptureLLI\
#        -Isource/XCategory/Hbl/all/LLIHandler/SRTouchKeyLLI\
#        -Isource/XCategory/Hbl/all/LLIHandler/SRTriacFeedbackLLI\
#        -Isource/XCategory/Hbl/all/LLIHandler/TouchKeyLLI\
#        -Isource/XCategory/Hbl/all/LLIHandler/TouchSliderLLI\
#        -Isource/XCategory/Hbl/all/LLIHandler/TouchWheelLLI\
#        -Isource/XCategory/Hbl/all/LLIHandler/TriacFeedbackLLI\
#        -Isource/XCategory/Hbl/all/LLIHandler/VirtualDigitalLLI\
#        -Isource/XCategory/Service/all/NVData\
#        -Isource/XCategory/Service/all/Reveal\
#        -Isource/XCategory/Service/all/Win\) -l listings\DCFanLoad.lst -o
#        obj\DCFanLoad.obj
#        source/XCategory/Hbl/acuexpacu/ACULoadHandler/DCFanLoad/DCFanLoad.c
#    Locale       =  English_United States.1252
#    List file    =  listings\DCFanLoad.lst
#    Object file  =  obj\DCFanLoad.obj
#
###############################################################################

C:\Data\Nucleus_Dev\Vostok_ACU_A\source\XCategory\Hbl\acuexpacu\ACULoadHandler\DCFanLoad\DCFanLoad.c
      1          /**
      2           *  @file
      3           *
      4           *  @brief      Basic description of file contents
      5           *
      6           *  @details    Detailed description of the file contents
      7           *
      8           *  @copyright  Copyright 2015-$Date$. Whirlpool Corporation. All rights reserved - CONFIDENTIAL
      9           */
     10          //---------------------------------------------------------------------------------------------------------------------
     11          //---------------------------------------------------------------------------------------------------------------------
     12          
     13          
     14          //-------------------------------------- Include Files ----------------------------------------------------------------
     15          
     16          //lint -e766 Suppress Info: header not used in module 'VirtualGI.c'
     17          #include "SystemConfig.h"
     18          #if (HBL_LOAD_NUM_DCFAN > 0)
     19          #include "DCFanLoad.h"
     20          
     21          #include "String.h"
     22          #include "Millis.h"
     23          //-------------------------------------- PUBLIC (Variables) -----------------------------------------------------------
     24          
     25          //-------------------------------------- PRIVATE (Variables, Constants & Defines) -------------------------------------
     26          typedef enum
     27          {
     28              DCFANLOAD_STATE_OFF = 0,
     29              DCFANLOAD_STATE_RAMPING_UP,
     30              DCFANLOAD_STATE_ON
     31          }DCFANLOAD_STATE_TYPE;
     32          
     33          typedef struct
     34          {
     35              MILLIS_TIMER_TYPE Timer_Handle;
     36              uint8 Processed_Speed;
     37              uint8 Requested_Speed;
     38              uint8 Accepted_Request;
     39              DCFANLOAD_STATE_TYPE State;
     40          }DCFANLOAD_DATA_TYPE;
     41          
     42          /**
     43           * Struct to cast the parameters for the FAN Load.
     44           */
     45          typedef PACKED struct
     46          {
     47              uint16 Startup_Time;
     48              uint8 Startup_Speed;
     49              uint8 reserved;
     50          } DCFANLOAD_PARAMETERS_TYPE;
     51          
     52          static DCFANLOAD_DATA_TYPE DCFanLoad_Data[HBL_LOAD_NUM_DCFAN];
     53          static uint8 DCFanLoad_Allocation;
     54          
     55          //-------------------------------------- PRIVATE (Function Prototypes) ------------------------------------------------
     56          
     57          
     58          //=====================================================================================================================
     59          //-------------------------------------- Public Functions -------------------------------------------------------------
     60          //=====================================================================================================================
     61          
     62          //---------------------------------------------------------------------------------------------------------------------
     63          /**
     64           *  @brief      It Initializes the module DCFanLoad and its variables
     65           *
     66           */
     67          void DCFanLoad__Initialize(void)
     68          {
     69              DCFanLoad_Allocation = 0;
     70              memset(DCFanLoad_Data,0,sizeof(DCFanLoad_Data));
     71          }
     72          
     73          //---------------------------------------------------------------------------------------------------------------------
     74          /**
     75           * @brief -
     76           * @return
     77           */
     78          uint8 DCFanLoad__Allocate(void)
     79          {
     80              uint8 retval;
     81              retval = 0xFF;
     82              if (DCFanLoad_Allocation < HBL_LOAD_NUM_DCFAN)
     83              {
     84                  retval = DCFanLoad_Allocation;
     85                  DCFanLoad_Allocation++;
     86          
     87              }
     88              return (retval);
     89          }
     90          
     91          //---------------------------------------------------------------------------------------------------------------------
     92          /**
     93           * @brief -
     94           *
     95           * @param load
     96           * @return
     97           */
     98          PASS_FAIL_TYPE DCFanLoad__InitializeInstance(HBL_LOAD_TYPE * load)
     99          {
    100              PASS_FAIL_TYPE ret_val = FAIL;
    101          
    102              if ( load->Load_Data_Index < DCFanLoad_Allocation )
    103              {
    104                  DCFanLoad_Data[load->Load_Data_Index].Processed_Speed  = 0;
    105                  DCFanLoad_Data[load->Load_Data_Index].Requested_Speed  = 0;
    106                  DCFanLoad_Data[load->Load_Data_Index].Accepted_Request = 0;
    107          
    108                  //Reset the timer
    109                  Millis__Reset(&DCFanLoad_Data[load->Load_Data_Index].Timer_Handle);
    110          
    111                  ret_val = PASS;
    112              }
    113              return ( ret_val );
    114          }
    115          
    116          //---------------------------------------------------------------------------------------------------------------------
    117          /**
    118           * @brief -
    119           *
    120           * @param load
    121           * @param data
    122           * @return
    123           */
    124          PASS_FAIL_TYPE DCFanLoad__Request(HBL_LOAD_TYPE * load,void * data)
    125          {
    126              if (load->Load_Data_Index < DCFanLoad_Allocation)
    127              {
    128                  DCFanLoad_Data[load->Load_Data_Index].Requested_Speed = *((uint8 *)data);
    129                  return (PASS);
    130              }
    131              else
    132              {
    133                  return (FAIL);
    134              }
    135          }
    136          
    137          //---------------------------------------------------------------------------------------------------------------------
    138          /**
    139           * @brief -
    140           *
    141           * @param load
    142           * @param pilot
    143           * @return
    144           */
    145          PASS_FAIL_TYPE DCFanLoad__Process(HBL_LOAD_TYPE * load, HBL_PILOT_HANDLER_HOOK_TYPE * pilot)
    146          {
    147              PASS_FAIL_TYPE retval;
    148          
    149              retval = FAIL;
    150          
    151              if (load->Load_Data_Index < DCFanLoad_Allocation)
    152              {
    153              	if(DCFanLoad_Data[load->Load_Data_Index].Accepted_Request != DCFanLoad_Data[load->Load_Data_Index].Requested_Speed)
    154              	{
    155              		DCFanLoad_Data[load->Load_Data_Index].Accepted_Request = DCFanLoad_Data[load->Load_Data_Index].Requested_Speed;
    156              	}
    157              	retval = PASS;
    158              }
    159          
    160              return(retval);
    161          }
    162          
    163          //---------------------------------------------------------------------------------------------------------------------
    164          /**
    165           * Getter for the Requested speed.
    166           * @param load compressor from which to get the requested speed.
    167           * @return NULL in case of failure. Otherwise the pointer to the requested speed. Cast it using *((COMPRESSORBASIC_SPEED_TYPE *)ptr) to get the value.
    168           */
    169          void * DCFanLoad__GetRequested(HBL_LOAD_TYPE * load)
    170          {
    171              if (load->Load_Data_Index < DCFanLoad_Allocation)
    172              {
    173                  return (&DCFanLoad_Data[load->Load_Data_Index].Requested_Speed);
    174              }
    175              else
    176              {
    177                  return (NULL);
    178              }
    179          }
    180          
    181          
    182          //---------------------------------------------------------------------------------------------------------------------
    183          /**
    184           * @brief -
    185           *
    186           * @param load
    187           * @param pilot
    188           */
    189          void * DCFanLoad__GetProcessed(HBL_LOAD_TYPE * load, HBL_PILOT_HANDLER_HOOK_TYPE * pilot)
    190          {
    191              if (load->Load_Data_Index < DCFanLoad_Allocation)
    192              {
    193                  return (pilot->GetProcessed(load));
    194              }
    195              else
    196              {
    197                  return (NULL);
    198              }
    199          }
    200          
    201          //---------------------------------------------------------------------------------------------------------------------
    202          /**
    203           * @brief -
    204           * @param load
    205           * @param pilot
    206           * @return
    207           */
    208          PASS_FAIL_TYPE DCFanLoad__AsyncProcess(HBL_LOAD_TYPE * load, HBL_PILOT_HANDLER_HOOK_TYPE * pilot)
    209          {
    210              DCFANLOAD_PARAMETERS_TYPE *parameters = (DCFANLOAD_PARAMETERS_TYPE *)(void*)load->Load_Parameter_Ptr.Data;
    211          
    212              if (load->Load_Data_Index < DCFanLoad_Allocation)
    213              {
    214                  switch (DCFanLoad_Data[load->Load_Data_Index].State)
    215                  {
    216                      default:
    217                      case DCFANLOAD_STATE_OFF:
    218                          DCFanLoad_Data[load->Load_Data_Index].Processed_Speed = 0;
    219          
    220                          if (DCFanLoad_Data[load->Load_Data_Index].Accepted_Request > 0)
    221                          {
    222                              DCFanLoad_Data[load->Load_Data_Index].State           = DCFANLOAD_STATE_RAMPING_UP;
    223          
    224                              Millis__Start(&DCFanLoad_Data[load->Load_Data_Index].Timer_Handle);
    225                              if(parameters->Startup_Speed == 0)
    226                              {
    227                              	DCFanLoad_Data[load->Load_Data_Index].Processed_Speed = DCFanLoad_Data[load->Load_Data_Index].Accepted_Request;
    228                              }
    229                              else
    230                              {
    231                              	DCFanLoad_Data[load->Load_Data_Index].Processed_Speed = parameters->Startup_Speed;
    232                              }
    233                          }
    234                          break;
    235                      case DCFANLOAD_STATE_RAMPING_UP:
    236                          if ( DCFanLoad_Data[load->Load_Data_Index].Accepted_Request == 0 )
    237                          {
    238                              // the request is zero, goto to state off
    239                              DCFanLoad_Data[load->Load_Data_Index].State = DCFANLOAD_STATE_OFF;
    240                          }
    241                          else if ( Millis__ReachedTarget(&DCFanLoad_Data[load->Load_Data_Index].Timer_Handle , ENDIANU16_STON(parameters->Startup_Time)) != FALSE )
    242                          {
    243                              DCFanLoad_Data[load->Load_Data_Index].Processed_Speed = DCFanLoad_Data[load->Load_Data_Index].Accepted_Request;
    244                              DCFanLoad_Data[load->Load_Data_Index].State = DCFANLOAD_STATE_ON;
    245                          }
    246                          break;
    247                      case DCFANLOAD_STATE_ON:
    248                          if ( DCFanLoad_Data[load->Load_Data_Index].Accepted_Request == 0 )
    249                          {
    250                              // the request is zero, goto to state off
    251                              DCFanLoad_Data[load->Load_Data_Index].State = DCFANLOAD_STATE_OFF;
    252                          }
    253                          else
    254                          {
    255                              DCFanLoad_Data[load->Load_Data_Index].Processed_Speed = DCFanLoad_Data[load->Load_Data_Index].Accepted_Request;
    256                          }
    257                          break;
    258                  }
    259          
    260                  if(pilot->Request != NULL)
    261                  {
    262                  	pilot->Request(load,&(DCFanLoad_Data[load->Load_Data_Index].Processed_Speed));
    263                  }
    264          		if(pilot->Process != NULL)
    265          		{
    266          			pilot->Process(load);
    267          		}
    268          		if(pilot->AsynchProcess != NULL)
    269          		{
    270          			pilot->AsynchProcess(load);
    271          		}
    272          
    273                  return (PASS);
    274              }
    275              else
    276              {
    277                  return (FAIL);
    278              }
    279          }
    280          /**
    281           * Returns the status of what is on the Pilot if the pilot has the GetStatus function implemented.
    282           * Otherwise returns the Processed_Speed.
    283           * @param load
    284           * @param pilot
    285           * @return uint8 with the Processed_Speed or the status of the Pilot if the Pilot is having the GetStatus implemented.
    286           */
    287          void * DCFanLoad__GetStatus	(HBL_LOAD_TYPE * load, HBL_PILOT_HANDLER_HOOK_TYPE * pilot)
    288          {
    289          	if((load->Load_Data_Index >= DCFanLoad_Allocation) ||
    290          	   (pilot->GetStatus == NULL))
    291          	{
    292          		return (&DCFanLoad_Data[load->Load_Data_Index].Processed_Speed);
    293          	}
    294          	else
    295          	{
    296          		return (pilot->GetStatus(load));
    297          	}
    298          }
    299          #endif
    300          
    301          //=====================================================================================================================
    302          //-------------------------------------- Private Functions ------------------------------------------------------------
    303          //=====================================================================================================================
    304          
    305          


 

 


Errors: none
Warnings: none
