###############################################################################
#
# IAR ANSI C/C++ Compiler V7.70.1.11437/W32 for ARM       28/Feb/2025  14:17:07
# Copyright 1999-2016 IAR Systems AB.
#
#    Cpu mode     =  thumb
#    Endian       =  little
#    Source file  =  
#        source/XCategory/Hbl/acuexpacu/ACUPilotHandler/DigitalOutputMultiPilot/DigitalOutputMultiPilot.c
#    Command line =  
#        --cpu Cortex-M0+ -Om --debug -e --only_stdout --silent -D
#        ENABLE_JUMP_TO_APPLICATION_WITHOUT_IAP_FIRMWARE --no_wrap_diagnostics
#        -f config\tmp\include_path.lnt
#        (-I../Nucleus-Tools-SDK/embOS/arm/v4.26/source\
#        -I../Nucleus-Tools-SDK/iar/arm/v7.70/cx/inc\
#        -Isource/Category/Application/acu/CycleResume\
#        -Isource/Category/Application/acu/Monitors/AutostartFactoryCycleMonitor\
#        -Isource/Category/Application/acu/Monitors/CartridgeDetectionMonitor\
#        -Isource/Category/Application/acu/Monitors/DCLoadCurrentMonitor\
#        -Isource/Category/Application/acu/Monitors/DiverterFaultMonitor\
#        -Isource/Category/Application/acu/Monitors/DiverterLeakFaultMonitor\
#        -Isource/Category/Application/acu/Monitors/DoorMonitor\
#        -Isource/Category/Application/acu/Monitors/DoorOpeningSystemMonitor\
#        -Isource/Category/Application/acu/Monitors/FanMotorFaultMonitor\
#        -Isource/Category/Application/acu/Monitors/FaultStatusMonitor\
#        -Isource/Category/Application/acu/Monitors/FillValveStuckOn\
#        -Isource/Category/Application/acu/Monitors/FlowMeterFaultMonitor\
#        -Isource/Category/Application/acu/Monitors/HeatMonitor\
#        -Isource/Category/Application/acu/Monitors/HotHighPotMonitor\
#        -Isource/Category/Application/acu/Monitors/LITTFaultMonitor\
#        -Isource/Category/Application/acu/Monitors/LITTMonitor\
#        -Isource/Category/Application/acu/Monitors/McuGetDataMonitor\
#        -Isource/Category/Application/acu/Monitors/ModelMonitors/AirlockDetectionMonitor\
#        -Isource/Category/Application/acu/Monitors/ModelMonitors/AirlockDetectionMonitor/CodeGeneration\
#        -Isource/Category/Application/acu/Monitors/ModelMonitors/HeaterCalcificationDetectionModel\
#        -Isource/Category/Application/acu/Monitors/ModelMonitors/HeaterCalcificationDetectionModel/CodeGeneration\
#        -Isource/Category/Application/acu/Monitors/ModelMonitors/OWIVoltageRegulatedOutputModel\
#        -Isource/Category/Application/acu/Monitors/ModelMonitors/OWIVoltageRegulatedOutputModel/CodeGeneration\
#        -Isource/Category/Application/acu/Monitors/ModelMonitors/PluggingDetectionMonitor\
#        -Isource/Category/Application/acu/Monitors/ModelMonitors/PluggingDetectionMonitor/CodeGeneration\
#        -Isource/Category/Application/acu/Monitors/MoisturePreventionMonitor\
#        -Isource/Category/Application/acu/Monitors/OverfillMonitor\
#        -Isource/Category/Application/acu/Monitors/OWIMonitor\
#        -Isource/Category/Application/acu/Monitors/PilotRelayFaultMonitor\
#        -Isource/Category/Application/acu/Monitors/PilotRelayFaultMonitor/PilotRelayStuckClosedMonitor\
#        -Isource/Category/Application/acu/Monitors/PilotRelayFaultMonitor/PilotRelayStuckOpenMonitor\
#        -Isource/Category/Application/acu/Monitors/PORTimeMonitor\
#        -Isource/Category/Application/acu/Monitors/PumpFlushRequestMonitor\
#        -Isource/Category/Application/acu/Monitors/RinseAidMonitor\
#        -Isource/Category/Application/acu/Monitors/SaltSensingMonitor\
#        -Isource/Category/Application/acu/Monitors/StabilityControlLoopMonitor\
#        -Isource/Category/Application/acu/Monitors/StandbyManager\
#        -Isource/Category/Application/acu/Monitors/SupervisorExtMonitor\
#        -Isource/Category/Application/acu/Monitors/ThermistorFaultMonitor\
#        -Isource/Category/Application/acu/Monitors/ThermistorFaultMonitor/ThermistorOpenMonitor\
#        -Isource/Category/Application/acu/Monitors/ThermistorFaultMonitor/ThermistorShortedMonitor\
#        -Isource/Category/Application/acu/Monitors/TriacCurrentMonitor\
#        -Isource/Category/Application/acu/Monitors/TriacShortedDrainFaultMonitor\
#        -Isource/Category/Application/acu/Monitors/TriacVoltageMonitor\
#        -Isource/Category/Application/acu/Monitors/VoltageRangeMonitor\
#        -Isource/Category/Application/acu/Monitors/VSDrainMotorFaultMonitor\
#        -Isource/Category/Application/acu/Monitors/VwiMonitor\
#        -Isource/Category/Application/acu/Monitors/VwiZoneCompensationMonitor\
#        -Isource/Category/Application/acu/Monitors/WashHeaterFaultMonitor\
#        -Isource/Category/Application/acu/Monitors/WashHeaterFaultMonitor/HeaterLeakageToNeutralMonitor\
#        -Isource/Category/Application/acu/Monitors/WashHeaterFaultMonitor/HeaterLineRelayOpenMonitor\
#        -Isource/Category/Application/acu/Monitors/WashHeaterFaultMonitor/HeaterNeutralRelayOpenMonitor\
#        -Isource/Category/Application/acu/Monitors/WashHeaterFaultMonitor/HeaterOpenAndLineRelayClosedMonitor\
#        -Isource/Category/Application/acu/Monitors/WashHeaterFaultMonitor/HeaterOpenMonitor\
#        -Isource/Category/Application/acu/Monitors/WashMotorFaultMonitor\
#        -Isource/Category/Application/acu/Monitors/ZeroCrossMonitor\
#        -Isource/Category/Application/acu/Processes/AlternateCtrl\
#        -Isource/Category/Application/acu/Processes/Fill\
#        -Isource/Category/Application/acu/Processes/Fill/ClassAFill\
#        -Isource/Category/Application/acu/Processes/Fill/Fill\
#        -Isource/Category/Application/acu/Processes/Fill/TankDrain\
#        -Isource/Category/Application/acu/Processes/Fill/TankFill\
#        -Isource/Category/Application/acu/Processes/Heat\
#        -Isource/Category/Application/acu/Processes/ModelProcesses/OWICalibrationModel\
#        -Isource/Category/Application/acu/Processes/ModelProcesses/OWICalibrationModel/CodeGeneration\
#        -Isource/Category/Application/acu/Processes/ModelProcesses/PartialDrainModel\
#        -Isource/Category/Application/acu/Processes/ModelProcesses/PartialDrainModel/CodeGeneration\
#        -Isource/Category/Application/acu/Processes/ModelProcesses/SensedDrainModel\
#        -Isource/Category/Application/acu/Processes/ModelProcesses/SensedDrainModel/CodeGeneration\
#        -Isource/Category/Application/acu/Processes/OWI\
#        -Isource/Category/Application/acu/Processes/OWI_VRO\
#        -Isource/Category/Application/acu/Processes/OWIOneShot\
#        -Isource/Category/Application/acu/Processes/PumpControl\
#        -Isource/Category/Application/acu/Processes/Regenerate\
#        -Isource/Category/Application/acu/Processes/RinseAidDispense\
#        -Isource/Category/Application/acu/Processes/RinseAidDispense/RinseAid\
#        -Isource/Category/Application/acu/Processes/RinseAidDispense/TridgeDetergent\
#        -Isource/Category/Application/acu/Tasks/DoorOpeningSystemPull\
#        -Isource/Category/Application/acu/Tasks/DoorOpeningSystemPush\
#        -Isource/Category/Application/acu/Tasks/HeaterShadowing\
#        -Isource/Category/Application/acu/Tasks/MoisturePrevention\
#        -Isource/Category/Application/acu/Tasks/OWIContinousReading\
#        -Isource/Category/Application/acu/Tasks/OwiVroContinuousReading\
#        -Isource/Category/Application/acu/Tasks/Sanitization\
#        -Isource/Category/Application/acu/Tasks/StabilityControl\
#        -Isource/Category/Application/acu/Tasks/TimeElapse\
#        -Isource/Category/Application/acu/VWI\
#        -Isource/Category/Application/all/ActivePower\
#        -Isource/Category/Application/all/API007App\
#        -Isource/Category/Application/all/Config\
#        -Isource/Category/Common/acu/CommonDish/DishAuxVar\
#        -Isource/Category/Common/acu/CommonDish/PumpCommand\
#        -Isource/Category/Common/acu/CommonDish/StatisticsDish\
#        -Isource/Category/Common/all/BoardDebugging\
#        -Isource/Category/Common/all/Config\
#        -Isource/Category/Common/all/MasterCommander\
#        -Isource/Category/Common/all/MasterCommander/Source\
#        -Isource/Category/Common/all/MasterCommander/Source/HAL\
#        -Isource/Category/Common/all/SharedUtils\
#        -Isource/Category/Hbl/acu/ACULoadHandler/AlternateLoad\
#        -Isource/Category/Hbl/acuexpacu/ACUGIHandler/WaterCounterGI\
#        -Isource/Category/Hbl/acuexpacu/ACULoadHandler/HeaterLoad\
#        -Isource/Category/Hbl/acuexpacu/ACULoadHandler/TriacMci\
#        -Isource/Category/Hbl/all/Config\ -Isource/Category/Hbl/all/Mci\
#        -Isource/Category/Hbl/all/Mci/MciZeroCross\
#        -Isource/Category/Hbl/all/Mci/Slfac\
#        -Isource/Category/Hbl/all/Mci/Slfac/Macroblocks\
#        -Isource/Category/Hbl/all/Mci/Slfac/Microblocks/GlitchFilter\
#        -Isource/Category/Hbl/all/Mci/Slfac/Microblocks/IIRFilter\
#        -Isource/Category/Hbl/all/Mci/Slfac/Microblocks/MathCalc\
#        -Isource/Category/Hbl/all/Mci/Slfac/Microblocks/PeakDetector\
#        -Isource/Category/Hbl/all/Mci/Slfac/Microblocks/Pi\
#        -Isource/Category/Hbl/all/MCUDrivers/TimeCapture\
#        -Isource/Category/Hbl/all/MCUDrivers/TimerInterruptExt\
#        -Isource/Micros/STM32G0x/Driver/Atod\
#        -Isource/Micros/STM32G0x/Driver/DataFlash\
#        -Isource/Micros/STM32G0x/Driver/Dma\
#        -Isource/Micros/STM32G0x/Driver/Dtoa\
#        -Isource/Micros/STM32G0x/Driver/ExtInterrupt\
#        -Isource/Micros/STM32G0x/Driver/Flash\
#        -Isource/Micros/STM32G0x/Driver/Gpio\
#        -Isource/Micros/STM32G0x/Driver/I2c\
#        -Isource/Micros/STM32G0x/Driver/IntMgr\
#        -Isource/Micros/STM32G0x/Driver/Micro\
#        -Isource/Micros/STM32G0x/Driver/MicroExt\
#        -Isource/Micros/STM32G0x/Driver/Rtc\
#        -Isource/Micros/STM32G0x/Driver/RTCDriver\
#        -Isource/Micros/STM32G0x/Driver/Spi\
#        -Isource/Micros/STM32G0x/Driver/Timeout\
#        -Isource/Micros/STM32G0x/Driver/Timer\
#        -Isource/Micros/STM32G0x/Driver/TimerInterrupt\
#        -Isource/Micros/STM32G0x/Driver/Uart\
#        -Isource/ProjectSpecific/Application/acu/Config\
#        -Isource/ProjectSpecific/Application/acu/LowPower\
#        -Isource/ProjectSpecific/Application/acuexpacu/Config\
#        -Isource/ProjectSpecific/Application/all/Config\
#        -Isource/ProjectSpecific/Application/all/MCUDebug\
#        -Isource/ProjectSpecific/Application/all/ProductInfo\
#        -Isource/ProjectSpecific/Common/acu/Config\
#        -Isource/ProjectSpecific/Common/all/Config\
#        -Isource/ProjectSpecific/Common/all/Debug\
#        -Isource/ProjectSpecific/Common/all/SRConfig\
#        -Isource/ProjectSpecific/Driver/STM32G0x\
#        -Isource/ProjectSpecific/Hbl/acuexpacu/Config\
#        -Isource/ProjectSpecific/Hbl/acuexpacu/SRConfig\
#        -Isource/ProjectSpecific/Hbl/all/Config\
#        -Isource/ProjectSpecific/Hbl/all/Config/Mci\
#        -Isource/ProjectSpecific/Hbl/all/Config/Mci/MasterCommander\
#        -Isource/ProjectSpecific/Hbl/all/Config/Mci/MCUDrivers\
#        -Isource/ProjectSpecific/Hbl/all/SRConfig\
#        -Isource/XCategory/Application/acu/API221MotionCtrl\
#        -Isource/XCategory/Application/acu/Calibration\
#        -Isource/XCategory/Application/acu/Condition\
#        -Isource/XCategory/Application/acu/Estimator\
#        -Isource/XCategory/Application/acu/Interpreter\
#        -Isource/XCategory/Application/acu/Processes/ActivateTask\
#        -Isource/XCategory/Application/acu/Processes/JumpIf\
#        -Isource/XCategory/Application/acu/Processes/LoadsControl\
#        -Isource/XCategory/Application/acu/Processes/Maintain\
#        -Isource/XCategory/Application/acu/Processes/SetVariable\
#        -Isource/XCategory/Application/acu/RegulationAccept\
#        -Isource/XCategory/Application/acu/Selector\
#        -Isource/XCategory/Application/acu/SubCycle\
#        -Isource/XCategory/Application/acu/Supervisor\
#        -Isource/XCategory/Application/acu/TestMgr\
#        -Isource/XCategory/Application/acuexpacu/ApplianceMgr\
#        -Isource/XCategory/Application/acuhmi/CommunicationMonitor\
#        -Isource/XCategory/Application/acuhmi/Modifier\
#        -Isource/XCategory/Application/acuhmi/Regulations\
#        -Isource/XCategory/Application/acuhmi/Status\
#        -Isource/XCategory/Application/all/API007Data\
#        -Isource/XCategory/Application/all/API011AppCtr\
#        -Isource/XCategory/Application/all/API012Exp\
#        -Isource/XCategory/Application/all/API013RemoteFunction\
#        -Isource/XCategory/Application/all/API018Diagnostic\
#        -Isource/XCategory/Application/all/API220MotorControl\
#        -Isource/XCategory/Application/all/API220MotorControl/Api\
#        -Isource/XCategory/Application/all/Mode\
#        -Isource/XCategory/Application/all/Reveal_Basic/API003Disc\
#        -Isource/XCategory/Application/all/Reveal_Basic/API004Debug\
#        -Isource/XCategory/Application/all/Reveal_Basic/API004Debug/SW05SoftwareTest\
#        -Isource/XCategory/Application/all/Reveal_Basic/API005LowLevel\
#        -Isource/XCategory/Application/all/Reveal_Basic/API009System\
#        -Isource/XCategory/Application/all/Reveal_Basic/API010PollVar\
#        -Isource/XCategory/Application/all/Reveal_Basic/API019ProductInfo\
#        -Isource/XCategory/Application/all/SFUpdater\
#        -Isource/XCategory/Application/all/SRAPI020Safety\
#        -Isource/XCategory/Application/all/StatusLed\
#        -Isource/XCategory/Common/acu/BrownOut\
#        -Isource/XCategory/Common/acu/Fault\
#        -Isource/XCategory/Common/acu/Statistics\
#        -Isource/XCategory/Common/all/Common/Callback\
#        -Isource/XCategory/Common/all/Common/Convert\
#        -Isource/XCategory/Common/all/Common/Crc16\
#        -Isource/XCategory/Common/all/Common/Crc32\
#        -Isource/XCategory/Common/all/Common/Crc8\
#        -Isource/XCategory/Common/all/Common/Equation\
#        -Isource/XCategory/Common/all/Common/Filter\
#        -Isource/XCategory/Common/all/Common/FITMgr\
#        -Isource/XCategory/Common/all/Common/I2cMgr\
#        -Isource/XCategory/Common/all/Common/IAPEmul\
#        -Isource/XCategory/Common/all/Common/Log\
#        -Isource/XCategory/Common/all/Common/Millis\
#        -Isource/XCategory/Common/all/Common/SeggerRTT\
#        -Isource/XCategory/Common/all/Common/SeggerRTT/SEGGER_RTT/Config\
#        -Isource/XCategory/Common/all/Common/SeggerRTT/SEGGER_RTT/RTT\
#        -Isource/XCategory/Common/all/Common/SettingFile\
#        -Isource/XCategory/Common/all/Common/SFVersionCheck\
#        -Isource/XCategory/Common/all/Common/SystemConfig\
#        -Isource/XCategory/Common/all/Common/SystemTimers\
#        -Isource/XCategory/Common/all/Common/Utilities\
#        -Isource/XCategory/Common/all/Common/Variable\
#        -Isource/XCategory/Common/all/SRCommon/SRClockMonitor\
#        -Isource/XCategory/Common/all/SRCommon/SRData\
#        -Isource/XCategory/Common/all/SRCommon/SRException\
#        -Isource/XCategory/Common/all/SRCommon/SRIsrMonitor\
#        -Isource/XCategory/Common/all/SRCommon/SRPowerMgr\
#        -Isource/XCategory/Common/all/SRCommon/SRSignature\
#        -Isource/XCategory/Common/all/SRCommon/SRSystemConfig\
#        -Isource/XCategory/Common/all/SRCommon/SRTaskMonitor\
#        -Isource/XCategory/Common/all/SRCommon/SRTaskSequence\
#        -Isource/XCategory/Common/all/SRCommon/SRTimerReference\
#        -Isource/XCategory/Common/all/SRCommon/SRUnusedPinsConfig\
#        -Isource/XCategory/Common/all/SRMain\
#        -Isource/XCategory/Common/all/SRMain/BackgroundThreads\
#        -Isource/XCategory/Common/all/SRMain/OsServices\
#        -Isource/XCategory/Common/all/SRMain/StackAnalysis\
#        -Isource/XCategory/Common/all/SRMain/TimingAnalysis\
#        -Isource/XCategory/Driver/APIs/Atod\
#        -Isource/XCategory/Driver/APIs/Comparator\
#        -Isource/XCategory/Driver/APIs/DataFlash\
#        -Isource/XCategory/Driver/APIs/Dma\
#        -Isource/XCategory/Driver/APIs/Dtc\
#        -Isource/XCategory/Driver/APIs/Dtoa\
#        -Isource/XCategory/Driver/APIs/EmbOS\
#        -Isource/XCategory/Driver/APIs/ExtInterrupt\
#        -Isource/XCategory/Driver/APIs/Flash\
#        -Isource/XCategory/Driver/APIs/Gpio\
#        -Isource/XCategory/Driver/APIs/I2c\
#        -Isource/XCategory/Driver/APIs/IntMgr\
#        -Isource/XCategory/Driver/APIs/Micro\
#        -Isource/XCategory/Driver/APIs/MicroExt\
#        -Isource/XCategory/Driver/APIs/Rtc\
#        -Isource/XCategory/Driver/APIs/RTCDriver\
#        -Isource/XCategory/Driver/APIs/Spi\
#        -Isource/XCategory/Driver/APIs/Timeout\
#        -Isource/XCategory/Driver/APIs/Timer\
#        -Isource/XCategory/Driver/APIs/TimerInterrupt\
#        -Isource/XCategory/Driver/APIs/Touch\
#        -Isource/XCategory/Driver/APIs/Uart\
#        -Isource/XCategory/Hbl/acu/FdmCounter\
#        -Isource/XCategory/Hbl/acu/FdmTimer\
#        -Isource/XCategory/Hbl/acuexpacu/ACUGIHandler/ConvertGI\
#        -Isource/XCategory/Hbl/acuexpacu/ACUGIHandler/DirectGI\
#        -Isource/XCategory/Hbl/acuexpacu/ACUGIHandler/DoorSwitchGI\
#        -Isource/XCategory/Hbl/acuexpacu/ACUGIHandler/ProbeGI\
#        -Isource/XCategory/Hbl/acuexpacu/ACUGIHandler/ProbeLpsGI\
#        -Isource/XCategory/Hbl/acuexpacu/ACULoadHandler/DCFanLoad\
#        -Isource/XCategory/Hbl/acuexpacu/ACUPilotHandler/AnalogOutputPilot\
#        -Isource/XCategory/Hbl/acuexpacu/ACUPilotHandler/ChargePumpPilot\
#        -Isource/XCategory/Hbl/acuexpacu/ACUPilotHandler/DigitalOutputMultiPilot\
#        -Isource/XCategory/Hbl/acuexpacu/ACUPilotHandler/DigitalOutputPilot\
#        -Isource/XCategory/Hbl/acuexpacu/ACUPilotHandler/DoorLockEMPilot\
#        -Isource/XCategory/Hbl/acuexpacu/ACUPilotHandler/DoorLockWaxPilot\
#        -Isource/XCategory/Hbl/acuexpacu/ACUPilotHandler/ExpansionPilot\
#        -Isource/XCategory/Hbl/acuexpacu/ACUPilotHandler/ExternalMotorPilot\
#        -Isource/XCategory/Hbl/acuexpacu/ACUPilotHandler/FSMPilot\
#        -Isource/XCategory/Hbl/acuexpacu/ACUPilotHandler/MagnetronPilot\
#        -Isource/XCategory/Hbl/acuexpacu/ACUPilotHandler/MotorPilot\
#        -Isource/XCategory/Hbl/acuexpacu/ACUPilotHandler/MultiDriverPilot\
#        -Isource/XCategory/Hbl/acuexpacu/ACUPilotHandler/MultiSequencePilot\
#        -Isource/XCategory/Hbl/acuexpacu/ACUPilotHandler/NonfunctionalPilot\
#        -Isource/XCategory/Hbl/acuexpacu/ACUPilotHandler/PwmHiResPilot\
#        -Isource/XCategory/Hbl/acuexpacu/ACUPilotHandler/PwmPilot\
#        -Isource/XCategory/Hbl/acuexpacu/ACUPilotHandler/SRChargePumpPilot\
#        -Isource/XCategory/Hbl/acuexpacu/ACUPilotHandler/SRDigitalOutputMultiPilot\
#        -Isource/XCategory/Hbl/acuexpacu/ACUPilotHandler/SRDigitalOutputPilot\
#        -Isource/XCategory/Hbl/acuexpacu/ACUPilotHandler/SRDoorLockEMPilot\
#        -Isource/XCategory/Hbl/acuexpacu/ACUPilotHandler/SRDoorLockWaxPilot\
#        -Isource/XCategory/Hbl/acuexpacu/ACUPilotHandler/SRUMRelayPilot\
#        -Isource/XCategory/Hbl/acuexpacu/ACUPilotHandler/SteadyPwmProfilePilot\
#        -Isource/XCategory/Hbl/acuexpacu/ACUPilotHandler/StepperPilot\
#        -Isource/XCategory/Hbl/acuexpacu/ACUPilotHandler/TriacSwitchPilot\
#        -Isource/XCategory/Hbl/acuexpacu/ACUPilotHandler/ZCRelayPilot\
#        -Isource/XCategory/Hbl/acuexpacu/ACUPilotHandler/ZCTriacPilot\
#        -Isource/XCategory/Hbl/acuexpacu/HblAcu\
#        -Isource/XCategory/Hbl/acuexpacu/HblAcu/CrossLoads\
#        -Isource/XCategory/Hbl/acuexpacu/HblAcu/SetLoadQueue\
#        -Isource/XCategory/Hbl/acuexpacu/HblAcu/SRProductMgr\
#        -Isource/XCategory/Hbl/acuexpacu/HblAcu/ZeroCross\
#        -Isource/XCategory/Hbl/all/Hbl\
#        -Isource/XCategory/Hbl/all/Hbl/DefaultPin\
#        -Isource/XCategory/Hbl/all/Hbl/HblCommon\
#        -Isource/XCategory/Hbl/all/Hbl/VirtualPin\
#        -Isource/XCategory/Hbl/all/LLIHandler/AbsoluteHumidityLLI\
#        -Isource/XCategory/Hbl/all/LLIHandler/AccelerometerLLI\
#        -Isource/XCategory/Hbl/all/LLIHandler/AccelerometerLLI/AccelBaseline\
#        -Isource/XCategory/Hbl/all/LLIHandler/AccelerometerLLI/AccelDiscover\
#        -Isource/XCategory/Hbl/all/LLIHandler/AccelerometerLLI/FXLS8974\
#        -Isource/XCategory/Hbl/all/LLIHandler/AccelerometerLLI/FXLS8974/SelfTestFXLS8974\
#        -Isource/XCategory/Hbl/all/LLIHandler/AccelerometerLLI/LISxDH\
#        -Isource/XCategory/Hbl/all/LLIHandler/AnalogLLI\
#        -Isource/XCategory/Hbl/all/LLIHandler/ConductivityLLI\
#        -Isource/XCategory/Hbl/all/LLIHandler/DigitalLLI\
#        -Isource/XCategory/Hbl/all/LLIHandler/EncoderLLI\
#        -Isource/XCategory/Hbl/all/LLIHandler/ExpansionLLI\
#        -Isource/XCategory/Hbl/all/LLIHandler/FeedbackLLI\
#        -Isource/XCategory/Hbl/all/LLIHandler/I2CInfraredLLI\
#        -Isource/XCategory/Hbl/all/LLIHandler/I2CPressureSensorLLI\
#        -Isource/XCategory/Hbl/all/LLIHandler/I2CRHTSensorLLI\
#        -Isource/XCategory/Hbl/all/LLIHandler/InputCaptureLLI\
#        -Isource/XCategory/Hbl/all/LLIHandler/MultiInputLLI\
#        -Isource/XCategory/Hbl/all/LLIHandler/NonfunctionalLLI\
#        -Isource/XCategory/Hbl/all/LLIHandler/PulseCounterLLI\
#        -Isource/XCategory/Hbl/all/LLIHandler/SRAnalogLLI\
#        -Isource/XCategory/Hbl/all/LLIHandler/SRDigitalLLI\
#        -Isource/XCategory/Hbl/all/LLIHandler/SRFeedbackLLI\
#        -Isource/XCategory/Hbl/all/LLIHandler/SRI2CPressureSensorLLI\
#        -Isource/XCategory/Hbl/all/LLIHandler/SRICTachometerLLI\
#        -Isource/XCategory/Hbl/all/LLIHandler/SRInputCaptureLLI\
#        -Isource/XCategory/Hbl/all/LLIHandler/SRTouchKeyLLI\
#        -Isource/XCategory/Hbl/all/LLIHandler/SRTriacFeedbackLLI\
#        -Isource/XCategory/Hbl/all/LLIHandler/TouchKeyLLI\
#        -Isource/XCategory/Hbl/all/LLIHandler/TouchSliderLLI\
#        -Isource/XCategory/Hbl/all/LLIHandler/TouchWheelLLI\
#        -Isource/XCategory/Hbl/all/LLIHandler/TriacFeedbackLLI\
#        -Isource/XCategory/Hbl/all/LLIHandler/VirtualDigitalLLI\
#        -Isource/XCategory/Service/all/NVData\
#        -Isource/XCategory/Service/all/Reveal\
#        -Isource/XCategory/Service/all/Win\) -l
#        listings\DigitalOutputMultiPilot.lst -o
#        obj\DigitalOutputMultiPilot.obj
#        source/XCategory/Hbl/acuexpacu/ACUPilotHandler/DigitalOutputMultiPilot/DigitalOutputMultiPilot.c
#    Locale       =  English_United States.1252
#    List file    =  listings\DigitalOutputMultiPilot.lst
#    Object file  =  obj\DigitalOutputMultiPilot.obj
#
###############################################################################

C:\Data\Nucleus_Dev\Vostok_ACU_A\source\XCategory\Hbl\acuexpacu\ACUPilotHandler\DigitalOutputMultiPilot\DigitalOutputMultiPilot.c
      1          /**
      2           *  @file       DigitalOutputMultiPilot.c
      3           *
      4           *  @brief      Pilot Handler for DigitalOutputMulti
      5           *
      6           *  @details    It handles 2 pin output configuration only; they are driven together
      7           *  			according to Processed value and each Pin High flag set.
      8           *
      9           *  @section    Applicable_Documents
     10           *					List here all the applicable documents if needed. <tr>	
     11           *
     12           *  @copyright  Copyright 2015-$Date: 2015/07/14 17:37:52EDT $. Whirlpool Corporation. All rights reserved - CONFIDENTIAL
     13           */
     14          //---------------------------------------------------------------------------------------------------------------------
     15          //---------------------------------------------------------------------------------------------------------------------
     16          
     17          
     18          //-------------------------------------- Include Files ----------------------------------------------------------------
     19          #include "C_Extensions.h"
     20          #include "DigitalOutputMultiPilot.h"
     21          
     22          #if (HBL_PILOT_NUM_DIGITALOUTPUTMULTI > 0)
     23          #include "VirtualPin.h"
     24          #include "Gpio.h"
     25          #include "String.h"
     26          //-------------------------------------- PUBLIC (Variables) -----------------------------------------------------------
     27          
     28          //-------------------------------------- PRIVATE (Variables, Constants & Defines) -------------------------------------
     29          PACKED typedef struct
     30          {
     31              uint8 Requested;
     32              uint8 Processed;
     33              uint8 Status;
     34          } DIGITALOUTPUTMULTIPILOT_DATA_TYPE;
     35          

   \                                 In section .bss, align 4
     36          static DIGITALOUTPUTMULTIPILOT_DATA_TYPE DigitalOutputMultiPilot_Data[HBL_PILOT_NUM_DIGITALOUTPUTMULTI];
   \                     DigitalOutputMultiPilot_Data:
   \   00000000                      DS8 8
   \   00000008                      DS8 1
     37          static uint8 DigitalOutputMultiPilot_Allocation;
     38          
     39          //-------------------------------------- PRIVATE (Function Prototypes) ------------------------------------------------
     40          static void DoPinsUpdate(HBL_LOAD_TYPE * load);
     41          
     42          //=====================================================================================================================
     43          //-------------------------------------- Public Functions -------------------------------------------------------------
     44          //=====================================================================================================================
     45          
     46          //---------------------------------------------------------------------------------------------------------------------
     47          /**
     48           *  @brief      It Initializes the module DigitalOutputMultiPilot and its variables
     49           *
     50           */

   \                                 In section .text, align 2, keep-with-next
     51          void DigitalOutputMultiPilot__Initialize(void)
     52          {
   \                     DigitalOutputMultiPilot__Initialize: (+1)
   \   00000000   0xB580             PUSH     {R7,LR}
     53              DigitalOutputMultiPilot_Allocation = 0;
   \   00000002   0x....             LDR      R0,??DataTable9
   \   00000004   0x2100             MOVS     R1,#+0
   \   00000006   0x7201             STRB     R1,[R0, #+8]
     54              memset(DigitalOutputMultiPilot_Data,0,sizeof(DigitalOutputMultiPilot_Data));
   \   00000008   0x460A             MOV      R2,R1
   \   0000000A   0x2106             MOVS     R1,#+6
   \   0000000C   0x.... 0x....      BL       __aeabi_memset4
     55          }
   \   00000010   0xBD01             POP      {R0,PC}          ;; return
     56          
     57          //---------------------------------------------------------------------------------------------------------------------
     58          /**
     59           *  @brief      Allocate pilot instance for DigitalOutputMultiPilot.
     60           *
     61           *  @return     uint8 result - Allocation result.
     62           *  @retval     0-254 - Pilot allocation instance.
     63           *  @retval     0xFF - Allocation failed.
     64           */

   \                                 In section .text, align 2, keep-with-next
     65          uint8 DigitalOutputMultiPilot__Allocate(void)
     66          {
     67              uint8 retval = 0xFF;
   \                     DigitalOutputMultiPilot__Allocate: (+1)
   \   00000000   0x20FF             MOVS     R0,#+255
     68          
     69          	if (DigitalOutputMultiPilot_Allocation < HBL_PILOT_NUM_DIGITALOUTPUTMULTI)
   \   00000002   0x....             LDR      R1,??DataTable9
   \   00000004   0x7A0A             LDRB     R2,[R1, #+8]
   \   00000006   0x2A02             CMP      R2,#+2
   \   00000008   0xDA02             BGE      ??DigitalOutputMultiPilot__Allocate_0
     70          	{
     71          		retval = DigitalOutputMultiPilot_Allocation;
   \   0000000A   0x0010             MOVS     R0,R2
     72          		DigitalOutputMultiPilot_Allocation++;
   \   0000000C   0x1C52             ADDS     R2,R2,#+1
   \   0000000E   0x720A             STRB     R2,[R1, #+8]
     73          	}
     74              return(retval);
   \                     ??DigitalOutputMultiPilot__Allocate_0: (+1)
   \   00000010   0x4770             BX       LR               ;; return
     75          }
     76          
     77          //---------------------------------------------------------------------------------------------------------------------
     78          /**
     79           *  @brief      Initialize DigitalOutputMultiPilot instance.
     80           *
     81           *  @param      HBL_LOAD_TYPE *load - Pointer to associated digital output load instance.
     82           *
     83           *  @return     PASS_FAIL_TYPE result - Result of DigitalOutputMultiPilot instance initialization.
     84           *  @retval     PASS - Instance initialization succeeded.
     85           *  @retval     FAIL - Instance initialization failed.
     86           */

   \                                 In section .text, align 2, keep-with-next
     87          PASS_FAIL_TYPE DigitalOutputMultiPilot__InitializeInstance(HBL_LOAD_TYPE * load)
     88          {
   \                     DigitalOutputMultiPilot__InitializeInstance: (+1)
   \   00000000   0xB570             PUSH     {R4-R6,LR}
   \   00000002   0x0004             MOVS     R4,R0
     89              PASS_FAIL_TYPE retval;
     90              uint8 virtual_pin;
     91              uint8 virtual_pin2;
     92              retval = FAIL;
   \   00000004   0x2600             MOVS     R6,#+0
     93              virtual_pin = load->Pin_Ptr[0];
   \   00000006   0x.... 0x....      BL       __aeabi_uread4
   \   0000000A   0x7805             LDRB     R5,[R0, #+0]
     94              virtual_pin2 = load->Pin_Ptr[1];
   \   0000000C   0x0020             MOVS     R0,R4
   \   0000000E   0x.... 0x....      BL       __aeabi_uread4
   \   00000012   0x7842             LDRB     R2,[R0, #+1]
     95              if ((VIRTUALPIN_TABLE[virtual_pin].port != 0xFF) &&
     96                  (VIRTUALPIN_TABLE[virtual_pin2].port != 0xFF))
   \   00000014   0x....             LDR      R1,??DataTable9_1
   \   00000016   0x00E8             LSLS     R0,R5,#+3
   \   00000018   0x1808             ADDS     R0,R1,R0
   \   0000001A   0x7803             LDRB     R3,[R0, #+0]
   \   0000001C   0x2BFF             CMP      R3,#+255
   \   0000001E   0xD012             BEQ      ??DigitalOutputMultiPilot__InitializeInstance_0
   \   00000020   0x00D2             LSLS     R2,R2,#+3
   \   00000022   0x188D             ADDS     R5,R1,R2
   \   00000024   0x7829             LDRB     R1,[R5, #+0]
   \   00000026   0x29FF             CMP      R1,#+255
   \   00000028   0xD00D             BEQ      ??DigitalOutputMultiPilot__InitializeInstance_0
     97              {
     98                  Gpio__PinConfig(VIRTUALPIN_TABLE[virtual_pin].port,VIRTUALPIN_TABLE[virtual_pin].pin,VIRTUALPIN_TABLE[virtual_pin].pin_config);
   \   0000002A   0x7882             LDRB     R2,[R0, #+2]
   \   0000002C   0x7841             LDRB     R1,[R0, #+1]
   \   0000002E   0x4618             MOV      R0,R3
   \   00000030   0x.... 0x....      BL       Gpio__PinConfig
     99                  Gpio__PinConfig(VIRTUALPIN_TABLE[virtual_pin2].port,VIRTUALPIN_TABLE[virtual_pin2].pin,VIRTUALPIN_TABLE[virtual_pin2].pin_config);
   \   00000034   0x78AA             LDRB     R2,[R5, #+2]
   \   00000036   0x7869             LDRB     R1,[R5, #+1]
   \   00000038   0x7828             LDRB     R0,[R5, #+0]
   \   0000003A   0x.... 0x....      BL       Gpio__PinConfig
    100          
    101                  // Shortcut to set pin output values according to load status at initialization
    102                  DoPinsUpdate(load);
   \   0000003E   0x0020             MOVS     R0,R4
   \   00000040   0x.... 0x....      BL       DoPinsUpdate
    103                  retval = PASS;
   \   00000044   0x2601             MOVS     R6,#+1
    104              }
    105          
    106              return (retval);
   \                     ??DigitalOutputMultiPilot__InitializeInstance_0: (+1)
   \   00000046   0x0030             MOVS     R0,R6
   \   00000048   0xBD70             POP      {R4-R6,PC}       ;; return
    107          }
    108          
    109          
    110          //---------------------------------------------------------------------------------------------------------------------
    111          /**
    112           *  @brief      Set DigitalOutputMultiPilot instance request.
    113           *
    114           *  @param      HBL_LOAD_TYPE *load - Pointer to associated DigitalOutputMultiPilot instance.
    115           *
    116           *  @param      void *data - Pointer to request data. Pass argument as uint8 *.
    117           *
    118           *  @return     PASS_FAIL_TYPE result - Result of DigitalOutputMultiPilot request.
    119           *  @retval     PASS - Instance request succeeded.
    120           *  @retval     FAIL - Instance request failed.
    121           */

   \                                 In section .text, align 2, keep-with-next
    122          PASS_FAIL_TYPE DigitalOutputMultiPilot__Request(HBL_LOAD_TYPE * load,void * data)
    123          {
   \                     DigitalOutputMultiPilot__Request: (+1)
   \   00000000   0xB430             PUSH     {R4,R5}
   \   00000002   0x0002             MOVS     R2,R0
    124              PASS_FAIL_TYPE retval = FAIL;
   \   00000004   0x2000             MOVS     R0,#+0
    125          
    126              if (load->Pilot_Data_Index < DigitalOutputMultiPilot_Allocation)
   \   00000006   0x7C13             LDRB     R3,[R2, #+16]
   \   00000008   0x....             LDR      R2,??DataTable9
   \   0000000A   0x001C             MOVS     R4,R3
   \   0000000C   0x7A15             LDRB     R5,[R2, #+8]
   \   0000000E   0x42AC             CMP      R4,R5
   \   00000010   0xD204             BCS      ??DigitalOutputMultiPilot__Request_0
    127              {
    128              	DigitalOutputMultiPilot_Data[load->Pilot_Data_Index].Requested = *((uint8 *)data);
   \   00000012   0x7808             LDRB     R0,[R1, #+0]
   \   00000014   0x0059             LSLS     R1,R3,#+1
   \   00000016   0x18C9             ADDS     R1,R1,R3
   \   00000018   0x5450             STRB     R0,[R2, R1]
    129                  retval = PASS;
   \   0000001A   0x2001             MOVS     R0,#+1
    130              }
    131              return (retval);
   \                     ??DigitalOutputMultiPilot__Request_0: (+1)
   \   0000001C   0xBC30             POP      {R4,R5}
   \   0000001E   0x4770             BX       LR               ;; return
    132          }
    133          
    134          //---------------------------------------------------------------------------------------------------------------------
    135          /**
    136           *  @brief      Process DigitalOutputMultiPilot instance.
    137           *
    138           *  @param      HBL_LOAD_TYPE *load - Pointer to DigitalOutputMultiPilot instance.
    139           *
    140           *  @return     PASS_FAIL_TYPE result - Result of DigitalOutputMultiPilot instance process.
    141           *  @retval     PASS - Instance process succeeded.
    142           *  @retval     FAIL - Instance process failed.
    143           */

   \                                 In section .text, align 2, keep-with-next
    144          PASS_FAIL_TYPE DigitalOutputMultiPilot__Process(HBL_LOAD_TYPE * load)
    145          {
   \                     DigitalOutputMultiPilot__Process: (+1)
   \   00000000   0xB438             PUSH     {R3-R5}
   \   00000002   0x0001             MOVS     R1,R0
    146              PASS_FAIL_TYPE retval = FAIL;
   \   00000004   0x2000             MOVS     R0,#+0
    147              HBL_LOAD_STATUS_TYPE new_status;
    148          
    149              if (load->Pilot_Data_Index < DigitalOutputMultiPilot_Allocation)
   \   00000006   0x7C09             LDRB     R1,[R1, #+16]
   \   00000008   0x....             LDR      R2,??DataTable9
   \   0000000A   0x000B             MOVS     R3,R1
   \   0000000C   0x7A14             LDRB     R4,[R2, #+8]
   \   0000000E   0x42A3             CMP      R3,R4
   \   00000010   0xD21B             BCS      ??DigitalOutputMultiPilot__Process_0
    150              {
    151              	DIGITALOUTPUTMULTIPILOT_DATA_TYPE *ptr = &DigitalOutputMultiPilot_Data[load->Pilot_Data_Index];
   \   00000012   0x0048             LSLS     R0,R1,#+1
   \   00000014   0x1840             ADDS     R0,R0,R1
   \   00000016   0x1810             ADDS     R0,R2,R0
    152          
    153              	ptr->Processed = ptr->Requested;
   \   00000018   0x7801             LDRB     R1,[R0, #+0]
   \   0000001A   0x7041             STRB     R1,[R0, #+1]
    154              	if ((ptr->Processed >> 4) != 0)
   \   0000001C   0x220F             MOVS     R2,#+15
   \   0000001E   0x466B             MOV      R3,SP
   \   00000020   0x781B             LDRB     R3,[R3, #+0]
   \   00000022   0x4013             ANDS     R3,R3,R2
   \   00000024   0x000C             MOVS     R4,R1
   \   00000026   0x0924             LSRS     R4,R4,#+4
   \   00000028   0x466C             MOV      R4,SP
   \   0000002A   0xD003             BEQ      ??DigitalOutputMultiPilot__Process_1
    155              	{
    156              		new_status.Load.Status = HBL_LOAD_STATUS_WAITING_TARGET;
   \   0000002C   0x2520             MOVS     R5,#+32
   \   0000002E   0x431D             ORRS     R5,R5,R3
   \   00000030   0x7025             STRB     R5,[R4, #+0]
   \   00000032   0xE000             B        ??DigitalOutputMultiPilot__Process_2
    157              	}
    158              	else
    159              	{
    160              		new_status.Load.Status = HBL_LOAD_STATUS_TARGET_COMPLETED;
   \                     ??DigitalOutputMultiPilot__Process_1: (+1)
   \   00000034   0x7023             STRB     R3,[R4, #+0]
    161              	}
    162              	new_status.Load.Cur_Reg = ptr->Processed;
   \                     ??DigitalOutputMultiPilot__Process_2: (+1)
   \   00000036   0x466B             MOV      R3,SP
   \   00000038   0x7824             LDRB     R4,[R4, #+0]
   \   0000003A   0x25F0             MOVS     R5,#+240
   \   0000003C   0x4025             ANDS     R5,R5,R4
   \   0000003E   0x400A             ANDS     R2,R2,R1
   \   00000040   0x432A             ORRS     R2,R2,R5
   \   00000042   0x701A             STRB     R2,[R3, #+0]
    163              	ptr->Status = new_status.Byte;
   \   00000044   0x4611             MOV      R1,R2
   \   00000046   0x7081             STRB     R1,[R0, #+2]
    164          		retval = PASS;
   \   00000048   0x2001             MOVS     R0,#+1
    165              }
    166              return (retval);
   \                     ??DigitalOutputMultiPilot__Process_0: (+1)
   \   0000004A   0xBC32             POP      {R1,R4,R5}
   \   0000004C   0x4770             BX       LR               ;; return
    167          }
    168          
    169          //---------------------------------------------------------------------------------------------------------------------
    170          /**
    171           *  @brief      Get current DigitalOutputMultiPilot instance request.
    172           *
    173           *  @param      HBL_LOAD_TYPE *load - Pointer to associated DigitalOutputMultiPilot instance.
    174           *
    175           *  @return     void *requested - Requested instance data.
    176           *  @retval     Address of requested instance data. Cast it using *((uint8 *)ptr) to get values.
    177           *  @retval     NULL - Invalid load index.
    178           */

   \                                 In section .text, align 2, keep-with-next
    179          void * DigitalOutputMultiPilot__GetRequested(HBL_LOAD_TYPE * load)
    180          {
   \                     DigitalOutputMultiPilot__GetRequested: (+1)
   \   00000000   0xB410             PUSH     {R4}
   \   00000002   0x0001             MOVS     R1,R0
    181          	void *ptr = NULL;
   \   00000004   0x2000             MOVS     R0,#+0
    182          
    183              if (load->Pilot_Data_Index < DigitalOutputMultiPilot_Allocation)
   \   00000006   0x7C09             LDRB     R1,[R1, #+16]
   \   00000008   0x....             LDR      R2,??DataTable9
   \   0000000A   0x000B             MOVS     R3,R1
   \   0000000C   0x7A14             LDRB     R4,[R2, #+8]
   \   0000000E   0x42A3             CMP      R3,R4
   \   00000010   0xD202             BCS      ??DigitalOutputMultiPilot__GetRequested_0
    184              {
    185                  ptr = &DigitalOutputMultiPilot_Data[load->Pilot_Data_Index].Requested;
   \   00000012   0x0048             LSLS     R0,R1,#+1
   \   00000014   0x1840             ADDS     R0,R0,R1
   \   00000016   0x1810             ADDS     R0,R2,R0
    186              }
    187              return(ptr);
   \                     ??DigitalOutputMultiPilot__GetRequested_0: (+1)
   \   00000018   0xBC10             POP      {R4}
   \   0000001A   0x4770             BX       LR               ;; return
    188          }
    189          
    190          //---------------------------------------------------------------------------------------------------------------------
    191          /**
    192           *  @brief      Get DigitalOutputMultiPilot instance processed request.
    193           *
    194           *  @param      HBL_LOAD_TYPE *load - Pointer to associated DigitalOutputMultiPilot instance.
    195           *
    196           *  @return     void * processed - Processed instance data.
    197           *  @retval     Address of processed instance data. Cast it using *((uint8 *)ptr) to get values.
    198           *  @retval     NULL - Invalid load index.
    199           */

   \                                 In section .text, align 2, keep-with-next
    200          void * DigitalOutputMultiPilot__GetProcessed(HBL_LOAD_TYPE * load)
    201          {
   \                     DigitalOutputMultiPilot__GetProcessed: (+1)
   \   00000000   0xB410             PUSH     {R4}
   \   00000002   0x0001             MOVS     R1,R0
    202          	void *ptr = NULL;
   \   00000004   0x2000             MOVS     R0,#+0
    203          
    204              if (load->Pilot_Data_Index < DigitalOutputMultiPilot_Allocation)
   \   00000006   0x7C09             LDRB     R1,[R1, #+16]
   \   00000008   0x....             LDR      R2,??DataTable9
   \   0000000A   0x000B             MOVS     R3,R1
   \   0000000C   0x7A14             LDRB     R4,[R2, #+8]
   \   0000000E   0x42A3             CMP      R3,R4
   \   00000010   0xD203             BCS      ??DigitalOutputMultiPilot__GetProcessed_0
    205              {
    206                  ptr = &DigitalOutputMultiPilot_Data[load->Pilot_Data_Index].Processed;
   \   00000012   0x0048             LSLS     R0,R1,#+1
   \   00000014   0x1840             ADDS     R0,R0,R1
   \   00000016   0x1810             ADDS     R0,R2,R0
   \   00000018   0x1C40             ADDS     R0,R0,#+1
    207              }
    208              return(ptr);
   \                     ??DigitalOutputMultiPilot__GetProcessed_0: (+1)
   \   0000001A   0xBC10             POP      {R4}
   \   0000001C   0x4770             BX       LR               ;; return
    209          }
    210          
    211          //---------------------------------------------------------------------------------------------------------------------
    212          /**
    213           *  @brief      Get DigitalOutputMultiPilot instance status.
    214           *
    215           *  @param      HBL_LOAD_TYPE *load - Pointer to associated DigitalOutputMultiPilot instance.
    216           *
    217           *  @return     void * status - Processed instance data.
    218           *  @retval     Address of processed instance data. Cast it using *((HBL_LOAD_STATUS_TYPE *)ptr) to get values.
    219           *  @retval     NULL - Invalid load index.
    220           */

   \                                 In section .text, align 2, keep-with-next
    221          void * DigitalOutputMultiPilot__GetStatus(HBL_LOAD_TYPE * load)
    222          {
   \                     DigitalOutputMultiPilot__GetStatus: (+1)
   \   00000000   0xB410             PUSH     {R4}
   \   00000002   0x0001             MOVS     R1,R0
    223          	void *ptr = NULL;
   \   00000004   0x2000             MOVS     R0,#+0
    224          
    225              if (load->Pilot_Data_Index < DigitalOutputMultiPilot_Allocation)
   \   00000006   0x7C09             LDRB     R1,[R1, #+16]
   \   00000008   0x....             LDR      R2,??DataTable9
   \   0000000A   0x000B             MOVS     R3,R1
   \   0000000C   0x7A14             LDRB     R4,[R2, #+8]
   \   0000000E   0x42A3             CMP      R3,R4
   \   00000010   0xD203             BCS      ??DigitalOutputMultiPilot__GetStatus_0
    226              {
    227                  ptr = &DigitalOutputMultiPilot_Data[load->Pilot_Data_Index].Status;
   \   00000012   0x0048             LSLS     R0,R1,#+1
   \   00000014   0x1840             ADDS     R0,R0,R1
   \   00000016   0x1810             ADDS     R0,R2,R0
   \   00000018   0x1C80             ADDS     R0,R0,#+2
    228              }
    229              return(ptr);
   \                     ??DigitalOutputMultiPilot__GetStatus_0: (+1)
   \   0000001A   0xBC10             POP      {R4}
   \   0000001C   0x4770             BX       LR               ;; return
    230          }
    231          
    232          //---------------------------------------------------------------------------------------------------------------------
    233          /**
    234           *  @brief      Asynchronous process for DigitalOutputMultiPilot.
    235           *
    236           *	@detail     Asynchronous process handles status transition and consistency check for door lock status
    237           *
    238           *  @param      HBL_LOAD_TYPE *load - Pointer to DigitalOutputMultiPilot instance.
    239           *
    240           *  @return     PASS_FAIL_TYPE result - Result of DigitalOutputMultiPilot asynch execution.
    241           *  @retval     PASS - Execution succeeded.
    242           *  @retval     FAIL - Execution failed.
    243           */

   \                                 In section .text, align 2, keep-with-next
    244          PASS_FAIL_TYPE DigitalOutputMultiPilot__AsynchProcess(HBL_LOAD_TYPE * load)
    245          {
   \                     DigitalOutputMultiPilot__AsynchProcess: (+1)
   \   00000000   0x0001             MOVS     R1,R0
    246              PASS_FAIL_TYPE retval = FAIL;
   \   00000002   0x2000             MOVS     R0,#+0
    247          
    248              if (load->Pilot_Data_Index < DigitalOutputMultiPilot_Allocation)
   \   00000004   0x7C0A             LDRB     R2,[R1, #+16]
   \   00000006   0x....             LDR      R3,??DataTable9
   \   00000008   0x7A1B             LDRB     R3,[R3, #+8]
   \   0000000A   0x429A             CMP      R2,R3
   \   0000000C   0xD300             BCC      ??DigitalOutputMultiPilot__AsynchProcess_0
   \   0000000E   0x4770             BX       LR
    249              {
    250                  DoPinsUpdate(load);
   \                     ??DigitalOutputMultiPilot__AsynchProcess_0: (+1)
   \   00000010   0xB580             PUSH     {R7,LR}
   \   00000012   0x0008             MOVS     R0,R1
   \   00000014   0x.... 0x....      BL       DoPinsUpdate
    251                  retval = PASS;
   \   00000018   0x2001             MOVS     R0,#+1
    252              }
    253              return(retval);
   \   0000001A   0xBD02             POP      {R1,PC}          ;; return
    254          }
    255          
    256          
    257          //=====================================================================================================================
    258          //-------------------------------------- Private Functions ------------------------------------------------------------
    259          //=====================================================================================================================
    260          
    261          //---------------------------------------------------------------------------------------------------------------------
    262          /**
    263           * @brief	Updates output pins according to Processed value
    264           *
    265           *
    266           *
    267           *
    268           */

   \                                 In section .text, align 2, keep-with-next
    269          void DoPinsUpdate(HBL_LOAD_TYPE * load)
    270          {
   \                     DoPinsUpdate: (+1)
   \   00000000   0xB5F8             PUSH     {R3-R7,LR}
   \   00000002   0x0004             MOVS     R4,R0
    271          	DIGITALOUTPUTMULTIPILOT_DATA_TYPE *ptr = &DigitalOutputMultiPilot_Data[load->Pilot_Data_Index];
   \   00000004   0x....             LDR      R5,??DataTable9
   \   00000006   0x7C20             LDRB     R0,[R4, #+16]
   \   00000008   0x0041             LSLS     R1,R0,#+1
   \   0000000A   0x1808             ADDS     R0,R1,R0
   \   0000000C   0x182E             ADDS     R6,R5,R0
    272              uint8 virtual_pin = load->Pin_Ptr[0];
   \   0000000E   0x0020             MOVS     R0,R4
   \   00000010   0x.... 0x....      BL       __aeabi_uread4
   \   00000014   0x7807             LDRB     R7,[R0, #+0]
    273              uint8 virtual_pin2 = load->Pin_Ptr[1];
   \   00000016   0x0020             MOVS     R0,R4
   \   00000018   0x.... 0x....      BL       __aeabi_uread4
   \   0000001C   0x7841             LDRB     R1,[R0, #+1]
    274              uint8 pin_val;
    275          
    276          	if ((VIRTUALPIN_TABLE[virtual_pin].port != 0xFF) &&
    277          		(VIRTUALPIN_TABLE[virtual_pin2].port != 0xFF))
   \   0000001E   0x....             LDR      R2,??DataTable9_1
   \   00000020   0x00F8             LSLS     R0,R7,#+3
   \   00000022   0x1810             ADDS     R0,R2,R0
   \   00000024   0x7803             LDRB     R3,[R0, #+0]
   \   00000026   0x2BFF             CMP      R3,#+255
   \   00000028   0xD025             BEQ      ??DoPinsUpdate_0
   \   0000002A   0x00C9             LSLS     R1,R1,#+3
   \   0000002C   0x1857             ADDS     R7,R2,R1
   \   0000002E   0x7839             LDRB     R1,[R7, #+0]
   \   00000030   0x29FF             CMP      R1,#+255
   \   00000032   0xD020             BEQ      ??DoPinsUpdate_0
    278          	{
    279          		pin_val = ptr->Processed;
    280          		// Config bit 0 (0x10) inverts status on pin 1 only
    281          		pin_val ^= ptr->Processed >> 4;
    282          		// Invert pin value according to Hi Low Activation Bitmap
    283          		pin_val ^= ~load->Hi_Low_Activation_Bitmap;
    284          		pin_val &= 0x01;
    285          		Gpio__PinWrite(VIRTUALPIN_TABLE[virtual_pin].port, VIRTUALPIN_TABLE[virtual_pin].pin, (BOOL_TYPE)pin_val);
   \   00000034   0x7872             LDRB     R2,[R6, #+1]
   \   00000036   0x2601             MOVS     R6,#+1
   \   00000038   0x0011             MOVS     R1,R2
   \   0000003A   0x0909             LSRS     R1,R1,#+4
   \   0000003C   0x4051             EORS     R1,R1,R2
   \   0000003E   0x7E22             LDRB     R2,[R4, #+24]
   \   00000040   0x0912             LSRS     R2,R2,#+4
   \   00000042   0x43D3             MVNS     R3,R2
   \   00000044   0x404B             EORS     R3,R3,R1
   \   00000046   0x0032             MOVS     R2,R6
   \   00000048   0x401A             ANDS     R2,R2,R3
   \   0000004A   0x7841             LDRB     R1,[R0, #+1]
   \   0000004C   0x7800             LDRB     R0,[R0, #+0]
   \   0000004E   0x.... 0x....      BL       Gpio__PinWrite
   \   00000052   0x7C20             LDRB     R0,[R4, #+16]
   \   00000054   0x0041             LSLS     R1,R0,#+1
   \   00000056   0x1808             ADDS     R0,R1,R0
   \   00000058   0x1828             ADDS     R0,R5,R0
   \   0000005A   0x7840             LDRB     R0,[R0, #+1]
   \   0000005C   0x0001             MOVS     R1,R0
   \   0000005E   0x0949             LSRS     R1,R1,#+5
   \   00000060   0x4041             EORS     R1,R1,R0
   \   00000062   0x7E20             LDRB     R0,[R4, #+24]
   \   00000064   0x0940             LSRS     R0,R0,#+5
   \   00000066   0x43C2             MVNS     R2,R0
   \   00000068   0x404A             EORS     R2,R2,R1
   \   0000006A   0x4016             ANDS     R6,R6,R2
   \   0000006C   0x0032             MOVS     R2,R6
   \   0000006E   0x7879             LDRB     R1,[R7, #+1]
   \   00000070   0x7838             LDRB     R0,[R7, #+0]
    286          
    287          		pin_val = DigitalOutputMultiPilot_Data[load->Pilot_Data_Index].Processed;
    288          		// Config bit 1 (0x20) inverts status on pin 2 only
    289          		pin_val ^= DigitalOutputMultiPilot_Data[load->Pilot_Data_Index].Processed >> 5;
    290          		// Invert pin value according to Hi Low Activation Bitmap
    291          		pin_val ^= ~(load->Hi_Low_Activation_Bitmap >> 1);
    292          		pin_val &= 0x01;
    293          		Gpio__PinWrite(VIRTUALPIN_TABLE[virtual_pin2].port, VIRTUALPIN_TABLE[virtual_pin2].pin,(BOOL_TYPE)pin_val);
   \   00000072   0x.... 0x....      BL       Gpio__PinWrite
    294          	}
    295          
    296          }
   \                     ??DoPinsUpdate_0: (+1)
   \   00000076   0xBDF1             POP      {R0,R4-R7,PC}    ;; return

   \                                 In section .text, align 4, keep-with-next
   \                     ??DataTable9:
   \   00000000   0x........         DC32     DigitalOutputMultiPilot_Data

   \                                 In section .text, align 4, keep-with-next
   \                     ??DataTable9_1:
   \   00000000   0x........         DC32     VIRTUALPIN_TABLE
    297          
    298          #endif

   Maximum stack usage in bytes:

   .cstack Function
   ------- --------
       0   DigitalOutputMultiPilot__Allocate
       8   DigitalOutputMultiPilot__AsynchProcess
         8   -> DoPinsUpdate
       4   DigitalOutputMultiPilot__GetProcessed
       4   DigitalOutputMultiPilot__GetRequested
       4   DigitalOutputMultiPilot__GetStatus
       8   DigitalOutputMultiPilot__Initialize
         8   -> __aeabi_memset4
      16   DigitalOutputMultiPilot__InitializeInstance
        16   -> DoPinsUpdate
        16   -> Gpio__PinConfig
        16 __aeabi_uread4
      12   DigitalOutputMultiPilot__Process
       8   DigitalOutputMultiPilot__Request
      24   DoPinsUpdate
        24   -> Gpio__PinWrite
        24 __aeabi_uread4


   Section sizes:

   Bytes  Function/Label
   -----  --------------
       4  ??DataTable9
       4  ??DataTable9_1
       9  DigitalOutputMultiPilot_Data
          DigitalOutputMultiPilot_Allocation
      18  DigitalOutputMultiPilot__Allocate
      28  DigitalOutputMultiPilot__AsynchProcess
      30  DigitalOutputMultiPilot__GetProcessed
      28  DigitalOutputMultiPilot__GetRequested
      30  DigitalOutputMultiPilot__GetStatus
      18  DigitalOutputMultiPilot__Initialize
      74  DigitalOutputMultiPilot__InitializeInstance
      78  DigitalOutputMultiPilot__Process
      32  DigitalOutputMultiPilot__Request
     120  DoPinsUpdate

 
   9 bytes in section .bss
 464 bytes in section .text
 
 464 bytes of CODE memory
   9 bytes of DATA memory

Errors: none
Warnings: none
