###############################################################################
#
# IAR ANSI C/C++ Compiler V7.70.1.11437/W32 for ARM       28/Feb/2025  14:17:07
# Copyright 1999-2016 IAR Systems AB.
#
#    Cpu mode     =  thumb
#    Endian       =  little
#    Source file  =  
#        source/XCategory/Hbl/acuexpacu/ACUPilotHandler/DigitalOutputPilot/DigitalOutputPilot.c
#    Command line =  
#        --cpu Cortex-M0+ -Om --debug -e --only_stdout --silent -D
#        ENABLE_JUMP_TO_APPLICATION_WITHOUT_IAP_FIRMWARE --no_wrap_diagnostics
#        -f config\tmp\include_path.lnt
#        (-I../Nucleus-Tools-SDK/embOS/arm/v4.26/source\
#        -I../Nucleus-Tools-SDK/iar/arm/v7.70/cx/inc\
#        -Isource/Category/Application/acu/CycleResume\
#        -Isource/Category/Application/acu/Monitors/AutostartFactoryCycleMonitor\
#        -Isource/Category/Application/acu/Monitors/CartridgeDetectionMonitor\
#        -Isource/Category/Application/acu/Monitors/DCLoadCurrentMonitor\
#        -Isource/Category/Application/acu/Monitors/DiverterFaultMonitor\
#        -Isource/Category/Application/acu/Monitors/DiverterLeakFaultMonitor\
#        -Isource/Category/Application/acu/Monitors/DoorMonitor\
#        -Isource/Category/Application/acu/Monitors/DoorOpeningSystemMonitor\
#        -Isource/Category/Application/acu/Monitors/FanMotorFaultMonitor\
#        -Isource/Category/Application/acu/Monitors/FaultStatusMonitor\
#        -Isource/Category/Application/acu/Monitors/FillValveStuckOn\
#        -Isource/Category/Application/acu/Monitors/FlowMeterFaultMonitor\
#        -Isource/Category/Application/acu/Monitors/HeatMonitor\
#        -Isource/Category/Application/acu/Monitors/HotHighPotMonitor\
#        -Isource/Category/Application/acu/Monitors/LITTFaultMonitor\
#        -Isource/Category/Application/acu/Monitors/LITTMonitor\
#        -Isource/Category/Application/acu/Monitors/McuGetDataMonitor\
#        -Isource/Category/Application/acu/Monitors/ModelMonitors/AirlockDetectionMonitor\
#        -Isource/Category/Application/acu/Monitors/ModelMonitors/AirlockDetectionMonitor/CodeGeneration\
#        -Isource/Category/Application/acu/Monitors/ModelMonitors/HeaterCalcificationDetectionModel\
#        -Isource/Category/Application/acu/Monitors/ModelMonitors/HeaterCalcificationDetectionModel/CodeGeneration\
#        -Isource/Category/Application/acu/Monitors/ModelMonitors/OWIVoltageRegulatedOutputModel\
#        -Isource/Category/Application/acu/Monitors/ModelMonitors/OWIVoltageRegulatedOutputModel/CodeGeneration\
#        -Isource/Category/Application/acu/Monitors/ModelMonitors/PluggingDetectionMonitor\
#        -Isource/Category/Application/acu/Monitors/ModelMonitors/PluggingDetectionMonitor/CodeGeneration\
#        -Isource/Category/Application/acu/Monitors/MoisturePreventionMonitor\
#        -Isource/Category/Application/acu/Monitors/OverfillMonitor\
#        -Isource/Category/Application/acu/Monitors/OWIMonitor\
#        -Isource/Category/Application/acu/Monitors/PilotRelayFaultMonitor\
#        -Isource/Category/Application/acu/Monitors/PilotRelayFaultMonitor/PilotRelayStuckClosedMonitor\
#        -Isource/Category/Application/acu/Monitors/PilotRelayFaultMonitor/PilotRelayStuckOpenMonitor\
#        -Isource/Category/Application/acu/Monitors/PORTimeMonitor\
#        -Isource/Category/Application/acu/Monitors/PumpFlushRequestMonitor\
#        -Isource/Category/Application/acu/Monitors/RinseAidMonitor\
#        -Isource/Category/Application/acu/Monitors/SaltSensingMonitor\
#        -Isource/Category/Application/acu/Monitors/StabilityControlLoopMonitor\
#        -Isource/Category/Application/acu/Monitors/StandbyManager\
#        -Isource/Category/Application/acu/Monitors/SupervisorExtMonitor\
#        -Isource/Category/Application/acu/Monitors/ThermistorFaultMonitor\
#        -Isource/Category/Application/acu/Monitors/ThermistorFaultMonitor/ThermistorOpenMonitor\
#        -Isource/Category/Application/acu/Monitors/ThermistorFaultMonitor/ThermistorShortedMonitor\
#        -Isource/Category/Application/acu/Monitors/TriacCurrentMonitor\
#        -Isource/Category/Application/acu/Monitors/TriacShortedDrainFaultMonitor\
#        -Isource/Category/Application/acu/Monitors/TriacVoltageMonitor\
#        -Isource/Category/Application/acu/Monitors/VoltageRangeMonitor\
#        -Isource/Category/Application/acu/Monitors/VSDrainMotorFaultMonitor\
#        -Isource/Category/Application/acu/Monitors/VwiMonitor\
#        -Isource/Category/Application/acu/Monitors/VwiZoneCompensationMonitor\
#        -Isource/Category/Application/acu/Monitors/WashHeaterFaultMonitor\
#        -Isource/Category/Application/acu/Monitors/WashHeaterFaultMonitor/HeaterLeakageToNeutralMonitor\
#        -Isource/Category/Application/acu/Monitors/WashHeaterFaultMonitor/HeaterLineRelayOpenMonitor\
#        -Isource/Category/Application/acu/Monitors/WashHeaterFaultMonitor/HeaterNeutralRelayOpenMonitor\
#        -Isource/Category/Application/acu/Monitors/WashHeaterFaultMonitor/HeaterOpenAndLineRelayClosedMonitor\
#        -Isource/Category/Application/acu/Monitors/WashHeaterFaultMonitor/HeaterOpenMonitor\
#        -Isource/Category/Application/acu/Monitors/WashMotorFaultMonitor\
#        -Isource/Category/Application/acu/Monitors/ZeroCrossMonitor\
#        -Isource/Category/Application/acu/Processes/AlternateCtrl\
#        -Isource/Category/Application/acu/Processes/Fill\
#        -Isource/Category/Application/acu/Processes/Fill/ClassAFill\
#        -Isource/Category/Application/acu/Processes/Fill/Fill\
#        -Isource/Category/Application/acu/Processes/Fill/TankDrain\
#        -Isource/Category/Application/acu/Processes/Fill/TankFill\
#        -Isource/Category/Application/acu/Processes/Heat\
#        -Isource/Category/Application/acu/Processes/ModelProcesses/OWICalibrationModel\
#        -Isource/Category/Application/acu/Processes/ModelProcesses/OWICalibrationModel/CodeGeneration\
#        -Isource/Category/Application/acu/Processes/ModelProcesses/PartialDrainModel\
#        -Isource/Category/Application/acu/Processes/ModelProcesses/PartialDrainModel/CodeGeneration\
#        -Isource/Category/Application/acu/Processes/ModelProcesses/SensedDrainModel\
#        -Isource/Category/Application/acu/Processes/ModelProcesses/SensedDrainModel/CodeGeneration\
#        -Isource/Category/Application/acu/Processes/OWI\
#        -Isource/Category/Application/acu/Processes/OWI_VRO\
#        -Isource/Category/Application/acu/Processes/OWIOneShot\
#        -Isource/Category/Application/acu/Processes/PumpControl\
#        -Isource/Category/Application/acu/Processes/Regenerate\
#        -Isource/Category/Application/acu/Processes/RinseAidDispense\
#        -Isource/Category/Application/acu/Processes/RinseAidDispense/RinseAid\
#        -Isource/Category/Application/acu/Processes/RinseAidDispense/TridgeDetergent\
#        -Isource/Category/Application/acu/Tasks/DoorOpeningSystemPull\
#        -Isource/Category/Application/acu/Tasks/DoorOpeningSystemPush\
#        -Isource/Category/Application/acu/Tasks/HeaterShadowing\
#        -Isource/Category/Application/acu/Tasks/MoisturePrevention\
#        -Isource/Category/Application/acu/Tasks/OWIContinousReading\
#        -Isource/Category/Application/acu/Tasks/OwiVroContinuousReading\
#        -Isource/Category/Application/acu/Tasks/Sanitization\
#        -Isource/Category/Application/acu/Tasks/StabilityControl\
#        -Isource/Category/Application/acu/Tasks/TimeElapse\
#        -Isource/Category/Application/acu/VWI\
#        -Isource/Category/Application/all/ActivePower\
#        -Isource/Category/Application/all/API007App\
#        -Isource/Category/Application/all/Config\
#        -Isource/Category/Common/acu/CommonDish/DishAuxVar\
#        -Isource/Category/Common/acu/CommonDish/PumpCommand\
#        -Isource/Category/Common/acu/CommonDish/StatisticsDish\
#        -Isource/Category/Common/all/BoardDebugging\
#        -Isource/Category/Common/all/Config\
#        -Isource/Category/Common/all/MasterCommander\
#        -Isource/Category/Common/all/MasterCommander/Source\
#        -Isource/Category/Common/all/MasterCommander/Source/HAL\
#        -Isource/Category/Common/all/SharedUtils\
#        -Isource/Category/Hbl/acu/ACULoadHandler/AlternateLoad\
#        -Isource/Category/Hbl/acuexpacu/ACUGIHandler/WaterCounterGI\
#        -Isource/Category/Hbl/acuexpacu/ACULoadHandler/HeaterLoad\
#        -Isource/Category/Hbl/acuexpacu/ACULoadHandler/TriacMci\
#        -Isource/Category/Hbl/all/Config\ -Isource/Category/Hbl/all/Mci\
#        -Isource/Category/Hbl/all/Mci/MciZeroCross\
#        -Isource/Category/Hbl/all/Mci/Slfac\
#        -Isource/Category/Hbl/all/Mci/Slfac/Macroblocks\
#        -Isource/Category/Hbl/all/Mci/Slfac/Microblocks/GlitchFilter\
#        -Isource/Category/Hbl/all/Mci/Slfac/Microblocks/IIRFilter\
#        -Isource/Category/Hbl/all/Mci/Slfac/Microblocks/MathCalc\
#        -Isource/Category/Hbl/all/Mci/Slfac/Microblocks/PeakDetector\
#        -Isource/Category/Hbl/all/Mci/Slfac/Microblocks/Pi\
#        -Isource/Category/Hbl/all/MCUDrivers/TimeCapture\
#        -Isource/Category/Hbl/all/MCUDrivers/TimerInterruptExt\
#        -Isource/Micros/STM32G0x/Driver/Atod\
#        -Isource/Micros/STM32G0x/Driver/DataFlash\
#        -Isource/Micros/STM32G0x/Driver/Dma\
#        -Isource/Micros/STM32G0x/Driver/Dtoa\
#        -Isource/Micros/STM32G0x/Driver/ExtInterrupt\
#        -Isource/Micros/STM32G0x/Driver/Flash\
#        -Isource/Micros/STM32G0x/Driver/Gpio\
#        -Isource/Micros/STM32G0x/Driver/I2c\
#        -Isource/Micros/STM32G0x/Driver/IntMgr\
#        -Isource/Micros/STM32G0x/Driver/Micro\
#        -Isource/Micros/STM32G0x/Driver/MicroExt\
#        -Isource/Micros/STM32G0x/Driver/Rtc\
#        -Isource/Micros/STM32G0x/Driver/RTCDriver\
#        -Isource/Micros/STM32G0x/Driver/Spi\
#        -Isource/Micros/STM32G0x/Driver/Timeout\
#        -Isource/Micros/STM32G0x/Driver/Timer\
#        -Isource/Micros/STM32G0x/Driver/TimerInterrupt\
#        -Isource/Micros/STM32G0x/Driver/Uart\
#        -Isource/ProjectSpecific/Application/acu/Config\
#        -Isource/ProjectSpecific/Application/acu/LowPower\
#        -Isource/ProjectSpecific/Application/acuexpacu/Config\
#        -Isource/ProjectSpecific/Application/all/Config\
#        -Isource/ProjectSpecific/Application/all/MCUDebug\
#        -Isource/ProjectSpecific/Application/all/ProductInfo\
#        -Isource/ProjectSpecific/Common/acu/Config\
#        -Isource/ProjectSpecific/Common/all/Config\
#        -Isource/ProjectSpecific/Common/all/Debug\
#        -Isource/ProjectSpecific/Common/all/SRConfig\
#        -Isource/ProjectSpecific/Driver/STM32G0x\
#        -Isource/ProjectSpecific/Hbl/acuexpacu/Config\
#        -Isource/ProjectSpecific/Hbl/acuexpacu/SRConfig\
#        -Isource/ProjectSpecific/Hbl/all/Config\
#        -Isource/ProjectSpecific/Hbl/all/Config/Mci\
#        -Isource/ProjectSpecific/Hbl/all/Config/Mci/MasterCommander\
#        -Isource/ProjectSpecific/Hbl/all/Config/Mci/MCUDrivers\
#        -Isource/ProjectSpecific/Hbl/all/SRConfig\
#        -Isource/XCategory/Application/acu/API221MotionCtrl\
#        -Isource/XCategory/Application/acu/Calibration\
#        -Isource/XCategory/Application/acu/Condition\
#        -Isource/XCategory/Application/acu/Estimator\
#        -Isource/XCategory/Application/acu/Interpreter\
#        -Isource/XCategory/Application/acu/Processes/ActivateTask\
#        -Isource/XCategory/Application/acu/Processes/JumpIf\
#        -Isource/XCategory/Application/acu/Processes/LoadsControl\
#        -Isource/XCategory/Application/acu/Processes/Maintain\
#        -Isource/XCategory/Application/acu/Processes/SetVariable\
#        -Isource/XCategory/Application/acu/RegulationAccept\
#        -Isource/XCategory/Application/acu/Selector\
#        -Isource/XCategory/Application/acu/SubCycle\
#        -Isource/XCategory/Application/acu/Supervisor\
#        -Isource/XCategory/Application/acu/TestMgr\
#        -Isource/XCategory/Application/acuexpacu/ApplianceMgr\
#        -Isource/XCategory/Application/acuhmi/CommunicationMonitor\
#        -Isource/XCategory/Application/acuhmi/Modifier\
#        -Isource/XCategory/Application/acuhmi/Regulations\
#        -Isource/XCategory/Application/acuhmi/Status\
#        -Isource/XCategory/Application/all/API007Data\
#        -Isource/XCategory/Application/all/API011AppCtr\
#        -Isource/XCategory/Application/all/API012Exp\
#        -Isource/XCategory/Application/all/API013RemoteFunction\
#        -Isource/XCategory/Application/all/API018Diagnostic\
#        -Isource/XCategory/Application/all/API220MotorControl\
#        -Isource/XCategory/Application/all/API220MotorControl/Api\
#        -Isource/XCategory/Application/all/Mode\
#        -Isource/XCategory/Application/all/Reveal_Basic/API003Disc\
#        -Isource/XCategory/Application/all/Reveal_Basic/API004Debug\
#        -Isource/XCategory/Application/all/Reveal_Basic/API004Debug/SW05SoftwareTest\
#        -Isource/XCategory/Application/all/Reveal_Basic/API005LowLevel\
#        -Isource/XCategory/Application/all/Reveal_Basic/API009System\
#        -Isource/XCategory/Application/all/Reveal_Basic/API010PollVar\
#        -Isource/XCategory/Application/all/Reveal_Basic/API019ProductInfo\
#        -Isource/XCategory/Application/all/SFUpdater\
#        -Isource/XCategory/Application/all/SRAPI020Safety\
#        -Isource/XCategory/Application/all/StatusLed\
#        -Isource/XCategory/Common/acu/BrownOut\
#        -Isource/XCategory/Common/acu/Fault\
#        -Isource/XCategory/Common/acu/Statistics\
#        -Isource/XCategory/Common/all/Common/Callback\
#        -Isource/XCategory/Common/all/Common/Convert\
#        -Isource/XCategory/Common/all/Common/Crc16\
#        -Isource/XCategory/Common/all/Common/Crc32\
#        -Isource/XCategory/Common/all/Common/Crc8\
#        -Isource/XCategory/Common/all/Common/Equation\
#        -Isource/XCategory/Common/all/Common/Filter\
#        -Isource/XCategory/Common/all/Common/FITMgr\
#        -Isource/XCategory/Common/all/Common/I2cMgr\
#        -Isource/XCategory/Common/all/Common/IAPEmul\
#        -Isource/XCategory/Common/all/Common/Log\
#        -Isource/XCategory/Common/all/Common/Millis\
#        -Isource/XCategory/Common/all/Common/SeggerRTT\
#        -Isource/XCategory/Common/all/Common/SeggerRTT/SEGGER_RTT/Config\
#        -Isource/XCategory/Common/all/Common/SeggerRTT/SEGGER_RTT/RTT\
#        -Isource/XCategory/Common/all/Common/SettingFile\
#        -Isource/XCategory/Common/all/Common/SFVersionCheck\
#        -Isource/XCategory/Common/all/Common/SystemConfig\
#        -Isource/XCategory/Common/all/Common/SystemTimers\
#        -Isource/XCategory/Common/all/Common/Utilities\
#        -Isource/XCategory/Common/all/Common/Variable\
#        -Isource/XCategory/Common/all/SRCommon/SRClockMonitor\
#        -Isource/XCategory/Common/all/SRCommon/SRData\
#        -Isource/XCategory/Common/all/SRCommon/SRException\
#        -Isource/XCategory/Common/all/SRCommon/SRIsrMonitor\
#        -Isource/XCategory/Common/all/SRCommon/SRPowerMgr\
#        -Isource/XCategory/Common/all/SRCommon/SRSignature\
#        -Isource/XCategory/Common/all/SRCommon/SRSystemConfig\
#        -Isource/XCategory/Common/all/SRCommon/SRTaskMonitor\
#        -Isource/XCategory/Common/all/SRCommon/SRTaskSequence\
#        -Isource/XCategory/Common/all/SRCommon/SRTimerReference\
#        -Isource/XCategory/Common/all/SRCommon/SRUnusedPinsConfig\
#        -Isource/XCategory/Common/all/SRMain\
#        -Isource/XCategory/Common/all/SRMain/BackgroundThreads\
#        -Isource/XCategory/Common/all/SRMain/OsServices\
#        -Isource/XCategory/Common/all/SRMain/StackAnalysis\
#        -Isource/XCategory/Common/all/SRMain/TimingAnalysis\
#        -Isource/XCategory/Driver/APIs/Atod\
#        -Isource/XCategory/Driver/APIs/Comparator\
#        -Isource/XCategory/Driver/APIs/DataFlash\
#        -Isource/XCategory/Driver/APIs/Dma\
#        -Isource/XCategory/Driver/APIs/Dtc\
#        -Isource/XCategory/Driver/APIs/Dtoa\
#        -Isource/XCategory/Driver/APIs/EmbOS\
#        -Isource/XCategory/Driver/APIs/ExtInterrupt\
#        -Isource/XCategory/Driver/APIs/Flash\
#        -Isource/XCategory/Driver/APIs/Gpio\
#        -Isource/XCategory/Driver/APIs/I2c\
#        -Isource/XCategory/Driver/APIs/IntMgr\
#        -Isource/XCategory/Driver/APIs/Micro\
#        -Isource/XCategory/Driver/APIs/MicroExt\
#        -Isource/XCategory/Driver/APIs/Rtc\
#        -Isource/XCategory/Driver/APIs/RTCDriver\
#        -Isource/XCategory/Driver/APIs/Spi\
#        -Isource/XCategory/Driver/APIs/Timeout\
#        -Isource/XCategory/Driver/APIs/Timer\
#        -Isource/XCategory/Driver/APIs/TimerInterrupt\
#        -Isource/XCategory/Driver/APIs/Touch\
#        -Isource/XCategory/Driver/APIs/Uart\
#        -Isource/XCategory/Hbl/acu/FdmCounter\
#        -Isource/XCategory/Hbl/acu/FdmTimer\
#        -Isource/XCategory/Hbl/acuexpacu/ACUGIHandler/ConvertGI\
#        -Isource/XCategory/Hbl/acuexpacu/ACUGIHandler/DirectGI\
#        -Isource/XCategory/Hbl/acuexpacu/ACUGIHandler/DoorSwitchGI\
#        -Isource/XCategory/Hbl/acuexpacu/ACUGIHandler/ProbeGI\
#        -Isource/XCategory/Hbl/acuexpacu/ACUGIHandler/ProbeLpsGI\
#        -Isource/XCategory/Hbl/acuexpacu/ACULoadHandler/DCFanLoad\
#        -Isource/XCategory/Hbl/acuexpacu/ACUPilotHandler/AnalogOutputPilot\
#        -Isource/XCategory/Hbl/acuexpacu/ACUPilotHandler/ChargePumpPilot\
#        -Isource/XCategory/Hbl/acuexpacu/ACUPilotHandler/DigitalOutputMultiPilot\
#        -Isource/XCategory/Hbl/acuexpacu/ACUPilotHandler/DigitalOutputPilot\
#        -Isource/XCategory/Hbl/acuexpacu/ACUPilotHandler/DoorLockEMPilot\
#        -Isource/XCategory/Hbl/acuexpacu/ACUPilotHandler/DoorLockWaxPilot\
#        -Isource/XCategory/Hbl/acuexpacu/ACUPilotHandler/ExpansionPilot\
#        -Isource/XCategory/Hbl/acuexpacu/ACUPilotHandler/ExternalMotorPilot\
#        -Isource/XCategory/Hbl/acuexpacu/ACUPilotHandler/FSMPilot\
#        -Isource/XCategory/Hbl/acuexpacu/ACUPilotHandler/MagnetronPilot\
#        -Isource/XCategory/Hbl/acuexpacu/ACUPilotHandler/MotorPilot\
#        -Isource/XCategory/Hbl/acuexpacu/ACUPilotHandler/MultiDriverPilot\
#        -Isource/XCategory/Hbl/acuexpacu/ACUPilotHandler/MultiSequencePilot\
#        -Isource/XCategory/Hbl/acuexpacu/ACUPilotHandler/NonfunctionalPilot\
#        -Isource/XCategory/Hbl/acuexpacu/ACUPilotHandler/PwmHiResPilot\
#        -Isource/XCategory/Hbl/acuexpacu/ACUPilotHandler/PwmPilot\
#        -Isource/XCategory/Hbl/acuexpacu/ACUPilotHandler/SRChargePumpPilot\
#        -Isource/XCategory/Hbl/acuexpacu/ACUPilotHandler/SRDigitalOutputMultiPilot\
#        -Isource/XCategory/Hbl/acuexpacu/ACUPilotHandler/SRDigitalOutputPilot\
#        -Isource/XCategory/Hbl/acuexpacu/ACUPilotHandler/SRDoorLockEMPilot\
#        -Isource/XCategory/Hbl/acuexpacu/ACUPilotHandler/SRDoorLockWaxPilot\
#        -Isource/XCategory/Hbl/acuexpacu/ACUPilotHandler/SRUMRelayPilot\
#        -Isource/XCategory/Hbl/acuexpacu/ACUPilotHandler/SteadyPwmProfilePilot\
#        -Isource/XCategory/Hbl/acuexpacu/ACUPilotHandler/StepperPilot\
#        -Isource/XCategory/Hbl/acuexpacu/ACUPilotHandler/TriacSwitchPilot\
#        -Isource/XCategory/Hbl/acuexpacu/ACUPilotHandler/ZCRelayPilot\
#        -Isource/XCategory/Hbl/acuexpacu/ACUPilotHandler/ZCTriacPilot\
#        -Isource/XCategory/Hbl/acuexpacu/HblAcu\
#        -Isource/XCategory/Hbl/acuexpacu/HblAcu/CrossLoads\
#        -Isource/XCategory/Hbl/acuexpacu/HblAcu/SetLoadQueue\
#        -Isource/XCategory/Hbl/acuexpacu/HblAcu/SRProductMgr\
#        -Isource/XCategory/Hbl/acuexpacu/HblAcu/ZeroCross\
#        -Isource/XCategory/Hbl/all/Hbl\
#        -Isource/XCategory/Hbl/all/Hbl/DefaultPin\
#        -Isource/XCategory/Hbl/all/Hbl/HblCommon\
#        -Isource/XCategory/Hbl/all/Hbl/VirtualPin\
#        -Isource/XCategory/Hbl/all/LLIHandler/AbsoluteHumidityLLI\
#        -Isource/XCategory/Hbl/all/LLIHandler/AccelerometerLLI\
#        -Isource/XCategory/Hbl/all/LLIHandler/AccelerometerLLI/AccelBaseline\
#        -Isource/XCategory/Hbl/all/LLIHandler/AccelerometerLLI/AccelDiscover\
#        -Isource/XCategory/Hbl/all/LLIHandler/AccelerometerLLI/FXLS8974\
#        -Isource/XCategory/Hbl/all/LLIHandler/AccelerometerLLI/FXLS8974/SelfTestFXLS8974\
#        -Isource/XCategory/Hbl/all/LLIHandler/AccelerometerLLI/LISxDH\
#        -Isource/XCategory/Hbl/all/LLIHandler/AnalogLLI\
#        -Isource/XCategory/Hbl/all/LLIHandler/ConductivityLLI\
#        -Isource/XCategory/Hbl/all/LLIHandler/DigitalLLI\
#        -Isource/XCategory/Hbl/all/LLIHandler/EncoderLLI\
#        -Isource/XCategory/Hbl/all/LLIHandler/ExpansionLLI\
#        -Isource/XCategory/Hbl/all/LLIHandler/FeedbackLLI\
#        -Isource/XCategory/Hbl/all/LLIHandler/I2CInfraredLLI\
#        -Isource/XCategory/Hbl/all/LLIHandler/I2CPressureSensorLLI\
#        -Isource/XCategory/Hbl/all/LLIHandler/I2CRHTSensorLLI\
#        -Isource/XCategory/Hbl/all/LLIHandler/InputCaptureLLI\
#        -Isource/XCategory/Hbl/all/LLIHandler/MultiInputLLI\
#        -Isource/XCategory/Hbl/all/LLIHandler/NonfunctionalLLI\
#        -Isource/XCategory/Hbl/all/LLIHandler/PulseCounterLLI\
#        -Isource/XCategory/Hbl/all/LLIHandler/SRAnalogLLI\
#        -Isource/XCategory/Hbl/all/LLIHandler/SRDigitalLLI\
#        -Isource/XCategory/Hbl/all/LLIHandler/SRFeedbackLLI\
#        -Isource/XCategory/Hbl/all/LLIHandler/SRI2CPressureSensorLLI\
#        -Isource/XCategory/Hbl/all/LLIHandler/SRICTachometerLLI\
#        -Isource/XCategory/Hbl/all/LLIHandler/SRInputCaptureLLI\
#        -Isource/XCategory/Hbl/all/LLIHandler/SRTouchKeyLLI\
#        -Isource/XCategory/Hbl/all/LLIHandler/SRTriacFeedbackLLI\
#        -Isource/XCategory/Hbl/all/LLIHandler/TouchKeyLLI\
#        -Isource/XCategory/Hbl/all/LLIHandler/TouchSliderLLI\
#        -Isource/XCategory/Hbl/all/LLIHandler/TouchWheelLLI\
#        -Isource/XCategory/Hbl/all/LLIHandler/TriacFeedbackLLI\
#        -Isource/XCategory/Hbl/all/LLIHandler/VirtualDigitalLLI\
#        -Isource/XCategory/Service/all/NVData\
#        -Isource/XCategory/Service/all/Reveal\
#        -Isource/XCategory/Service/all/Win\) -l
#        listings\DigitalOutputPilot.lst -o obj\DigitalOutputPilot.obj
#        source/XCategory/Hbl/acuexpacu/ACUPilotHandler/DigitalOutputPilot/DigitalOutputPilot.c
#    Locale       =  English_United States.1252
#    List file    =  listings\DigitalOutputPilot.lst
#    Object file  =  obj\DigitalOutputPilot.obj
#
###############################################################################

C:\Data\Nucleus_Dev\Vostok_ACU_A\source\XCategory\Hbl\acuexpacu\ACUPilotHandler\DigitalOutputPilot\DigitalOutputPilot.c
      1          /**
      2           *  @file       
      3           *
      4           *  @brief      Implements DigitalOutputPilot module.
      5           *
      6           *  @copyright  Copyright 2015-$Date: 2015/07/14 17:37:54EDT $. Whirlpool Corporation. All rights reserved - CONFIDENTIAL
      7           */
      8          //---------------------------------------------------------------------------------------------------------------------
      9          
     10          //-------------------------------------- Include Files ----------------------------------------------------------------
     11          // -- This Module --
     12          #include "SystemConfig.h"
     13          #include "DigitalOutputPilot.h"
     14          
     15          // -- Other Modules --
     16          #if (HBL_PILOT_NUM_DIGITALOUTPUT > 0)
     17          #include "Gpio.h"
     18          #include "Log.h"
     19          #include "VirtualPin.h"
     20          
     21          #include <String.h>
     22          
     23          //-------------------------------------- PRIVATE (Variables, Constants & Defines) -------------------------------------
     24          
     25          //! A list of log message IDs that are generated by this module.
     26          typedef enum
     27          {
     28              INVALID_VIRTUAL_PIN = 0     //!< data: the invalid virtual pin number being passed
     29          } MODULE_DIGITALOUTPUTPILOT_MESSAGE_ID_TYPE;
     30          #define MODULE_NAME MODULE_DIGITALOUTPUTPILOT       //!< The name of this module for use by the Log module.
     31          
     32          
     33          //! Tracks the number of digital output pilot allocations.

   \                                 In section .bss, align 1
     34          static uint8 DigitalOutputPilot_Allocation;
   \                     DigitalOutputPilot_Allocation:
   \   00000000                      DS8 1
     35          
     36          //! Digital output pilot data type definition.
     37          typedef struct
     38          {
     39              uint8 Requested;
     40              uint8 Processed;
     41          } DIGITALOUTPUTPILOT_DATA_TYPE;
     42          
     43          //! Digital output pilot data array. One entry per pilot instance.

   \                                 In section .bss, align 4
     44          static DIGITALOUTPUTPILOT_DATA_TYPE DigitalOutputPilot_Data[HBL_PILOT_NUM_DIGITALOUTPUT];
   \                     DigitalOutputPilot_Data:
   \   00000000                      DS8 40
     45          
     46          //-------------------------------------- PRIVATE (Function Prototypes) ------------------------------------------------
     47          static void DoPinUpdate(HBL_LOAD_TYPE * load);
     48          static BOOL_TYPE GetVirtualPinNumber(HBL_LOAD_TYPE *load, uint8 * virtual_pin);
     49          
     50          //-------------------------------------- PUBLIC (Variables) -----------------------------------------------------------
     51          
     52          //=====================================================================================================================
     53          //-------------------------------------- Public Functions -------------------------------------------------------------
     54          //=====================================================================================================================
     55          //---------------------------------------------------------------------------------------------------------------------
     56          /**
     57           *  @brief      It Initializes the module StepperPilot and its variables
     58           */

   \                                 In section .text, align 2, keep-with-next
     59          void DigitalOutputPilot__Initialize(void)
     60          {
   \                     DigitalOutputPilot__Initialize: (+1)
   \   00000000   0xB580             PUSH     {R7,LR}
     61              DigitalOutputPilot_Allocation = 0;
   \   00000002   0x2000             MOVS     R0,#+0
   \   00000004   0x....             LDR      R1,??DataTable8
   \   00000006   0x7008             STRB     R0,[R1, #+0]
     62              memset(DigitalOutputPilot_Data,0,sizeof(DigitalOutputPilot_Data));
   \   00000008   0x4602             MOV      R2,R0
   \   0000000A   0x2128             MOVS     R1,#+40
   \   0000000C   0x....             LDR      R0,??DataTable8_1
   \   0000000E   0x.... 0x....      BL       __aeabi_memset4
     63          }
   \   00000012   0xBD01             POP      {R0,PC}          ;; return
     64          
     65          
     66          //---------------------------------------------------------------------------------------------------------------------
     67          /**
     68           *  @brief      Allocate pilot instance for digital output.
     69           *
     70           *  @return     uint8 result - Allocation result.
     71           *  @retval     0-254 - Pilot allocation instance.
     72           *  @retval     0xFF - Allocation failed.
     73           */

   \                                 In section .text, align 2, keep-with-next
     74          uint8 DigitalOutputPilot__Allocate(void)
     75          {
     76              uint8 retval;
     77          
     78              retval = 0xFF;
   \                     DigitalOutputPilot__Allocate: (+1)
   \   00000000   0x20FF             MOVS     R0,#+255
     79          
     80              if (DigitalOutputPilot_Allocation < HBL_PILOT_NUM_DIGITALOUTPUT)
   \   00000002   0x....             LDR      R1,??DataTable8
   \   00000004   0x780A             LDRB     R2,[R1, #+0]
   \   00000006   0x2A14             CMP      R2,#+20
   \   00000008   0xDA02             BGE      ??DigitalOutputPilot__Allocate_0
     81              {
     82                  retval = DigitalOutputPilot_Allocation;
   \   0000000A   0x0010             MOVS     R0,R2
     83                  DigitalOutputPilot_Allocation++;
   \   0000000C   0x1C52             ADDS     R2,R2,#+1
   \   0000000E   0x700A             STRB     R2,[R1, #+0]
     84              }
     85          
     86              return (retval);
   \                     ??DigitalOutputPilot__Allocate_0: (+1)
   \   00000010   0x4770             BX       LR               ;; return
     87          }
     88          
     89          //---------------------------------------------------------------------------------------------------------------------
     90          /**
     91           *  @brief      Initialize digital output pilot instance.
     92           *
     93           *  @param      HBL_LOAD_TYPE *load - Pointer to associated digital output load instance.
     94           *
     95           *  @return     PASS_FAIL_TYPE result - Result of digital output pilot instance initialization.
     96           *  @retval     PASS - Instance initialization succeeded.
     97           *  @retval     FAIL - Instance initialization failed.
     98           */

   \                                 In section .text, align 2, keep-with-next
     99          PASS_FAIL_TYPE DigitalOutputPilot__InitializeInstance(HBL_LOAD_TYPE * load)
    100          {
   \                     DigitalOutputPilot__InitializeInstance: (+1)
   \   00000000   0xB538             PUSH     {R3-R5,LR}
   \   00000002   0x0004             MOVS     R4,R0
    101              PASS_FAIL_TYPE retval = FAIL;
   \   00000004   0x2500             MOVS     R5,#+0
    102              uint8 virtual_pin;
    103          
    104              if ((load->Pilot_Data_Index < DigitalOutputPilot_Allocation) &&
    105                  (GetVirtualPinNumber(load, &virtual_pin) == TRUE) &&
    106                  (VIRTUALPIN_TABLE[virtual_pin].port != PORT_NULL))
   \   00000006   0x7C20             LDRB     R0,[R4, #+16]
   \   00000008   0x....             LDR      R1,??DataTable8
   \   0000000A   0x7809             LDRB     R1,[R1, #+0]
   \   0000000C   0x4288             CMP      R0,R1
   \   0000000E   0xD216             BCS      ??DigitalOutputPilot__InitializeInstance_0
   \   00000010   0x4669             MOV      R1,SP
   \   00000012   0x0020             MOVS     R0,R4
   \   00000014   0x.... 0x....      BL       GetVirtualPinNumber
   \   00000018   0x2801             CMP      R0,#+1
   \   0000001A   0xD110             BNE      ??DigitalOutputPilot__InitializeInstance_0
   \   0000001C   0x....             LDR      R0,??DataTable8_2
   \   0000001E   0x4669             MOV      R1,SP
   \   00000020   0x7809             LDRB     R1,[R1, #+0]
   \   00000022   0x00C9             LSLS     R1,R1,#+3
   \   00000024   0x1840             ADDS     R0,R0,R1
   \   00000026   0x7801             LDRB     R1,[R0, #+0]
   \   00000028   0x29FF             CMP      R1,#+255
   \   0000002A   0xD008             BEQ      ??DigitalOutputPilot__InitializeInstance_0
    107              {
    108                  Gpio__PinConfig(VIRTUALPIN_TABLE[virtual_pin].port, VIRTUALPIN_TABLE[virtual_pin].pin, VIRTUALPIN_TABLE[virtual_pin].pin_config);
   \   0000002C   0x7882             LDRB     R2,[R0, #+2]
   \   0000002E   0x7841             LDRB     R1,[R0, #+1]
   \   00000030   0x7800             LDRB     R0,[R0, #+0]
   \   00000032   0x.... 0x....      BL       Gpio__PinConfig
    109          
    110                  // Shortcut to set pin output values according to load status at initialization
    111                  DoPinUpdate(load);
   \   00000036   0x0020             MOVS     R0,R4
   \   00000038   0x.... 0x....      BL       DoPinUpdate
    112                  retval = PASS;
   \   0000003C   0x2501             MOVS     R5,#+1
    113              }
    114          
    115              return (retval);
   \                     ??DigitalOutputPilot__InitializeInstance_0: (+1)
   \   0000003E   0x0028             MOVS     R0,R5
   \   00000040   0xBD32             POP      {R1,R4,R5,PC}    ;; return
    116          }
    117          
    118          //---------------------------------------------------------------------------------------------------------------------
    119          /**
    120           *  @brief      Set digital output pilot instance request.
    121           *
    122           *  @param      HBL_LOAD_TYPE *load - Pointer to associated digital output load instance.
    123           *
    124           *  @param      void *data - Pointer to request data. Pass argument as uint8 *.
    125           *
    126           *  @return     PASS_FAIL_TYPE result - Result of digital output pilot request.
    127           *  @retval     PASS - Instance request succeeded.
    128           *  @retval     FAIL - Instance request failed.
    129           */

   \                                 In section .text, align 2, keep-with-next
    130          PASS_FAIL_TYPE DigitalOutputPilot__Request(HBL_LOAD_TYPE * load, void * data)
    131          {
   \                     DigitalOutputPilot__Request: (+1)
   \   00000000   0xB410             PUSH     {R4}
   \   00000002   0x0002             MOVS     R2,R0
    132              PASS_FAIL_TYPE result;
    133          
    134              result = FAIL;
   \   00000004   0x2000             MOVS     R0,#+0
    135          
    136              if (load->Pilot_Data_Index < DigitalOutputPilot_Allocation)
   \   00000006   0x7C12             LDRB     R2,[R2, #+16]
   \   00000008   0x0013             MOVS     R3,R2
   \   0000000A   0x....             LDR      R4,??DataTable8
   \   0000000C   0x7824             LDRB     R4,[R4, #+0]
   \   0000000E   0x42A3             CMP      R3,R4
   \   00000010   0xD204             BCS      ??DigitalOutputPilot__Request_0
    137              {
    138                  DigitalOutputPilot_Data[load->Pilot_Data_Index].Requested = *((uint8 *)data);
   \   00000012   0x7808             LDRB     R0,[R1, #+0]
   \   00000014   0x....             LDR      R1,??DataTable8_1
   \   00000016   0x0052             LSLS     R2,R2,#+1
   \   00000018   0x5488             STRB     R0,[R1, R2]
    139                  result = PASS;
   \   0000001A   0x2001             MOVS     R0,#+1
    140              }
    141          
    142              return (result);
   \                     ??DigitalOutputPilot__Request_0: (+1)
   \   0000001C   0xBC10             POP      {R4}
   \   0000001E   0x4770             BX       LR               ;; return
    143          }
    144          
    145          //---------------------------------------------------------------------------------------------------------------------
    146          /**
    147           *  @brief      Process digital output pilot instance.
    148           *
    149           *  @param      HBL_LOAD_TYPE *load - Pointer to digital output load instance.
    150           *
    151           *  @return     PASS_FAIL_TYPE result - Result of digital output pilot instance process.
    152           *  @retval     PASS - Instance process succeeded.
    153           *  @retval     FAIL - Instance process failed.
    154           */

   \                                 In section .text, align 2, keep-with-next
    155          PASS_FAIL_TYPE DigitalOutputPilot__Process(HBL_LOAD_TYPE * load)
    156          {
   \                     DigitalOutputPilot__Process: (+1)
   \   00000000   0xB510             PUSH     {R4,LR}
    157              PASS_FAIL_TYPE retval;
    158          
    159              retval = FAIL;
   \   00000002   0x2100             MOVS     R1,#+0
    160          
    161              if (load->Pilot_Data_Index < DigitalOutputPilot_Allocation)
   \   00000004   0x7C02             LDRB     R2,[R0, #+16]
   \   00000006   0x0013             MOVS     R3,R2
   \   00000008   0x....             LDR      R4,??DataTable8
   \   0000000A   0x7824             LDRB     R4,[R4, #+0]
   \   0000000C   0x42A3             CMP      R3,R4
   \   0000000E   0xD207             BCS      ??DigitalOutputPilot__Process_0
    162              {
    163                  DigitalOutputPilot_Data[load->Pilot_Data_Index].Processed = DigitalOutputPilot_Data[load->Pilot_Data_Index].Requested;
   \   00000010   0x....             LDR      R1,??DataTable8_1
   \   00000012   0x0052             LSLS     R2,R2,#+1
   \   00000014   0x1889             ADDS     R1,R1,R2
   \   00000016   0x780A             LDRB     R2,[R1, #+0]
   \   00000018   0x704A             STRB     R2,[R1, #+1]
    164                  DoPinUpdate(load);
   \   0000001A   0x.... 0x....      BL       DoPinUpdate
    165                  retval = PASS;
   \   0000001E   0x2101             MOVS     R1,#+1
    166              }
    167          
    168              return (retval);
   \                     ??DigitalOutputPilot__Process_0: (+1)
   \   00000020   0x0008             MOVS     R0,R1
   \   00000022   0xBD10             POP      {R4,PC}          ;; return
    169          }
    170          
    171          //---------------------------------------------------------------------------------------------------------------------
    172          /**
    173           *  @brief      Get current digital output pilot instance request.
    174           *
    175           *  @param      HBL_LOAD_TYPE *load - Pointer to associated digital output load instance.
    176           *
    177           *  @return     void *requested - Requested instance data.
    178           *  @retval     Address of requested instance data. Cast it using *((uint8 *)ptr) to get values.
    179           *  @retval     NULL - Invalid load index.
    180           */

   \                                 In section .text, align 2, keep-with-next
    181          void * DigitalOutputPilot__GetRequested(HBL_LOAD_TYPE * load)
    182          {
   \                     DigitalOutputPilot__GetRequested: (+1)
   \   00000000   0x0001             MOVS     R1,R0
    183              void * requested;
    184          
    185              requested = NULL;
   \   00000002   0x2000             MOVS     R0,#+0
    186          
    187              if (load->Pilot_Data_Index < DigitalOutputPilot_Allocation)
   \   00000004   0x7C09             LDRB     R1,[R1, #+16]
   \   00000006   0x000A             MOVS     R2,R1
   \   00000008   0x....             LDR      R3,??DataTable8
   \   0000000A   0x781B             LDRB     R3,[R3, #+0]
   \   0000000C   0x429A             CMP      R2,R3
   \   0000000E   0xD202             BCS      ??DigitalOutputPilot__GetRequested_0
    188              {
    189                  requested =  &(DigitalOutputPilot_Data[load->Pilot_Data_Index].Requested);
   \   00000010   0x....             LDR      R0,??DataTable8_1
   \   00000012   0x0049             LSLS     R1,R1,#+1
   \   00000014   0x1840             ADDS     R0,R0,R1
    190              }
    191          
    192              return (requested);
   \                     ??DigitalOutputPilot__GetRequested_0: (+1)
   \   00000016   0x4770             BX       LR               ;; return
    193          }
    194          
    195          //---------------------------------------------------------------------------------------------------------------------
    196          /**
    197           *  @brief      Get digital output pilot instance processed request.
    198           *
    199           *  @param      HBL_LOAD_TYPE *load - Pointer to associated digital output load instance.
    200           *
    201           *  @return     void * processed - Processed instance data.
    202           *  @retval     Address of processed instance data. Cast it using *((uint8 *)ptr) to get values.
    203           *  @retval     NULL - Invalid load index.
    204           */

   \                                 In section .text, align 2, keep-with-next
    205          void * DigitalOutputPilot__GetProcessed(HBL_LOAD_TYPE * load)
    206          {
   \                     DigitalOutputPilot__GetProcessed: (+1)
   \   00000000   0x0001             MOVS     R1,R0
    207              void * processed;
    208          
    209              processed = NULL;
   \   00000002   0x2000             MOVS     R0,#+0
    210          
    211              if (load->Pilot_Data_Index < DigitalOutputPilot_Allocation)
   \   00000004   0x7C09             LDRB     R1,[R1, #+16]
   \   00000006   0x000A             MOVS     R2,R1
   \   00000008   0x....             LDR      R3,??DataTable8
   \   0000000A   0x781B             LDRB     R3,[R3, #+0]
   \   0000000C   0x429A             CMP      R2,R3
   \   0000000E   0xD203             BCS      ??DigitalOutputPilot__GetProcessed_0
    212              {
    213                  processed =  &(DigitalOutputPilot_Data[load->Pilot_Data_Index].Processed);
   \   00000010   0x....             LDR      R0,??DataTable8_1
   \   00000012   0x0049             LSLS     R1,R1,#+1
   \   00000014   0x1840             ADDS     R0,R0,R1
   \   00000016   0x1C40             ADDS     R0,R0,#+1
    214              }
    215          
    216              return (processed);
   \                     ??DigitalOutputPilot__GetProcessed_0: (+1)
   \   00000018   0x4770             BX       LR               ;; return
    217          }
    218          
    219          //---------------------------------------------------------------------------------------------------------------------
    220          /**
    221           *  @brief      Get digital output instance status.
    222           *
    223           *  @param      HBL_LOAD_TYPE *load - Pointer to digital output load instance.
    224           *
    225           *  @return     void *status - instance Status.
    226           *  @retval     Address of instance Status. Cast it using *((uint8 *)ptr) to get the value.
    227           *  @retval     NULL - Invalid load index.
    228           */

   \                                 In section .text, align 2, keep-with-next
    229          void * DigitalOutputPilot____GetStatus(HBL_LOAD_TYPE *load)
    230          {
   \                     DigitalOutputPilot____GetStatus: (+1)
   \   00000000   0x0001             MOVS     R1,R0
    231              void *status;
    232          
    233              status = NULL;
   \   00000002   0x2000             MOVS     R0,#+0
    234          
    235              if (load != NULL)
   \   00000004   0x2900             CMP      R1,#+0
   \   00000006   0xD009             BEQ      ??DigitalOutputPilot____GetStatus_0
    236              {
    237                  if (load->Pilot_Data_Index < DigitalOutputPilot_Allocation)
   \   00000008   0x7C09             LDRB     R1,[R1, #+16]
   \   0000000A   0x000A             MOVS     R2,R1
   \   0000000C   0x....             LDR      R3,??DataTable8
   \   0000000E   0x781B             LDRB     R3,[R3, #+0]
   \   00000010   0x429A             CMP      R2,R3
   \   00000012   0xD203             BCS      ??DigitalOutputPilot____GetStatus_0
    238                  {
    239                      status = &(DigitalOutputPilot_Data[load->Pilot_Data_Index].Processed);
   \   00000014   0x....             LDR      R0,??DataTable8_1
   \   00000016   0x0049             LSLS     R1,R1,#+1
   \   00000018   0x1840             ADDS     R0,R0,R1
   \   0000001A   0x1C40             ADDS     R0,R0,#+1
    240                  }
    241              }
    242          
    243              return (status);
   \                     ??DigitalOutputPilot____GetStatus_0: (+1)
   \   0000001C   0x4770             BX       LR               ;; return
    244          }
    245          
    246          //=====================================================================================================================
    247          //-------------------------------------- Private Functions ------------------------------------------------------------
    248          //=====================================================================================================================
    249          //---------------------------------------------------------------------------------------------------------------------
    250          /**
    251           *  @brief      Update virtual pin according to processed value.
    252           *
    253           *  @param      HBL_LOAD_TYPE *load - Pointer to digital output load instance.
    254           */

   \                                 In section .text, align 2, keep-with-next
    255          static void DoPinUpdate(HBL_LOAD_TYPE * load)
    256          {
   \                     DoPinUpdate: (+1)
   \   00000000   0xB510             PUSH     {R4,LR}
   \   00000002   0xB082             SUB      SP,SP,#+8
   \   00000004   0x0004             MOVS     R4,R0
    257          	uint8 virtual_pin;
    258          	if ((GetVirtualPinNumber(load, &virtual_pin) == TRUE) &&
    259          	    (VIRTUALPIN_TABLE[virtual_pin].port != PORT_NULL))
   \   00000006   0x4669             MOV      R1,SP
   \   00000008   0x.... 0x....      BL       GetVirtualPinNumber
   \   0000000C   0x2801             CMP      R0,#+1
   \   0000000E   0xD11B             BNE      ??DoPinUpdate_0
   \   00000010   0x....             LDR      R0,??DataTable8_2
   \   00000012   0x4669             MOV      R1,SP
   \   00000014   0x7809             LDRB     R1,[R1, #+0]
   \   00000016   0x00C9             LSLS     R1,R1,#+3
   \   00000018   0x1840             ADDS     R0,R0,R1
   \   0000001A   0x7801             LDRB     R1,[R0, #+0]
   \   0000001C   0x29FF             CMP      R1,#+255
   \   0000001E   0xD013             BEQ      ??DoPinUpdate_0
    260          	{
    261          	    uint8 pin_val = (DigitalOutputPilot_Data[load->Pilot_Data_Index].Processed != 0)?1:0;
   \   00000020   0x....             LDR      R1,??DataTable8_1
   \   00000022   0x7C22             LDRB     R2,[R4, #+16]
   \   00000024   0x0052             LSLS     R2,R2,#+1
   \   00000026   0x1889             ADDS     R1,R1,R2
   \   00000028   0x784A             LDRB     R2,[R1, #+1]
   \   0000002A   0x1E51             SUBS     R1,R2,#+1
   \   0000002C   0x4189             SBCS     R1,R1,R1
   \   0000002E   0x43C9             MVNS     R1,R1
   \   00000030   0x0FC9             LSRS     R1,R1,#+31
    262          
    263          		// Invert pin value according to Hi Low Activation Bitmap
    264          		pin_val ^= ~load->Hi_Low_Activation_Bitmap;
    265          		pin_val &= 0x01;
    266          
    267          		Gpio__PinWrite(VIRTUALPIN_TABLE[virtual_pin].port, VIRTUALPIN_TABLE[virtual_pin].pin, (BOOL_TYPE)pin_val);
   \   00000032   0x7E22             LDRB     R2,[R4, #+24]
   \   00000034   0x0912             LSRS     R2,R2,#+4
   \   00000036   0x43D3             MVNS     R3,R2
   \   00000038   0x404B             EORS     R3,R3,R1
   \   0000003A   0x001A             MOVS     R2,R3
   \   0000003C   0x07D2             LSLS     R2,R2,#+31
   \   0000003E   0x0FD2             LSRS     R2,R2,#+31
   \   00000040   0x7841             LDRB     R1,[R0, #+1]
   \   00000042   0x7800             LDRB     R0,[R0, #+0]
   \   00000044   0x.... 0x....      BL       Gpio__PinWrite
    268          	}
    269          }
   \                     ??DoPinUpdate_0: (+1)
   \   00000048   0xBD13             POP      {R0,R1,R4,PC}    ;; return
    270          
    271          
    272          //---------------------------------------------------------------------------------------------------------------------
    273          /**
    274           *  @brief      Determines if the Virtual pin specified in the load is valid.
    275           *
    276           *  @param      HBL_LOAD_TYPE *load - Pointer to associated digital output load instance.
    277           *
    278           *  @param      *virtual_pin - returns the virtual pin number specified in the load instance to the calling function
    279           *
    280           *  @return     TRUE - the load instance defined a valid virtual pin
    281           *  @retval     FALSE - the load instance defined an invalid virtual pin
    282           */

   \                                 In section .text, align 2, keep-with-next
    283          static BOOL_TYPE GetVirtualPinNumber(HBL_LOAD_TYPE *load, uint8 *virtual_pin)
    284          {
   \                     GetVirtualPinNumber: (+1)
   \   00000000   0xB538             PUSH     {R3-R5,LR}
   \   00000002   0x000D             MOVS     R5,R1
    285              BOOL_TYPE ret_val = TRUE;
   \   00000004   0x2401             MOVS     R4,#+1
    286              *virtual_pin = load->Pin_Ptr[0];
   \   00000006   0x.... 0x....      BL       __aeabi_uread4
   \   0000000A   0x7800             LDRB     R0,[R0, #+0]
   \   0000000C   0x7028             STRB     R0,[R5, #+0]
    287              if ( *virtual_pin >= VirtualPin__GetNumOf() )
   \   0000000E   0x.... 0x....      BL       VirtualPin__GetNumOf
   \   00000012   0x782B             LDRB     R3,[R5, #+0]
   \   00000014   0x0019             MOVS     R1,R3
   \   00000016   0x4281             CMP      R1,R0
   \   00000018   0xD305             BCC      ??GetVirtualPinNumber_0
    288              {
    289                  LOG_ADD_EXCEPTION(INVALID_VIRTUAL_PIN, *virtual_pin);
   \   0000001A   0x4622             MOV      R2,R4
   \   0000001C   0x2100             MOVS     R1,#+0
   \   0000001E   0x2015             MOVS     R0,#+21
   \   00000020   0x.... 0x....      BL       Log__AddMessage
    290                  ret_val = FALSE;
   \   00000024   0x2400             MOVS     R4,#+0
    291              }
    292              return (ret_val);
   \                     ??GetVirtualPinNumber_0: (+1)
   \   00000026   0x0020             MOVS     R0,R4
   \   00000028   0xBD32             POP      {R1,R4,R5,PC}    ;; return
    293          }

   \                                 In section .text, align 4, keep-with-next
   \                     ??DataTable8:
   \   00000000   0x........         DC32     DigitalOutputPilot_Allocation

   \                                 In section .text, align 4, keep-with-next
   \                     ??DataTable8_1:
   \   00000000   0x........         DC32     DigitalOutputPilot_Data

   \                                 In section .text, align 4, keep-with-next
   \                     ??DataTable8_2:
   \   00000000   0x........         DC32     VIRTUALPIN_TABLE
    294          
    295          
    296          #endif

   Maximum stack usage in bytes:

   .cstack Function
   ------- --------
       0   DigitalOutputPilot__Allocate
       0   DigitalOutputPilot__GetProcessed
       0   DigitalOutputPilot__GetRequested
       8   DigitalOutputPilot__Initialize
         8   -> __aeabi_memset4
      16   DigitalOutputPilot__InitializeInstance
        16   -> DoPinUpdate
        16   -> GetVirtualPinNumber
        16   -> Gpio__PinConfig
       8   DigitalOutputPilot__Process
         8   -> DoPinUpdate
       4   DigitalOutputPilot__Request
       0   DigitalOutputPilot____GetStatus
      16   DoPinUpdate
        16   -> GetVirtualPinNumber
        16   -> Gpio__PinWrite
      16   GetVirtualPinNumber
        16   -> Log__AddMessage
        16   -> VirtualPin__GetNumOf
        16 __aeabi_uread4


   Section sizes:

   Bytes  Function/Label
   -----  --------------
       4  ??DataTable8
       4  ??DataTable8_1
       4  ??DataTable8_2
       1  DigitalOutputPilot_Allocation
      40  DigitalOutputPilot_Data
      18  DigitalOutputPilot__Allocate
      26  DigitalOutputPilot__GetProcessed
      24  DigitalOutputPilot__GetRequested
      20  DigitalOutputPilot__Initialize
      66  DigitalOutputPilot__InitializeInstance
      36  DigitalOutputPilot__Process
      32  DigitalOutputPilot__Request
      30  DigitalOutputPilot____GetStatus
      74  DoPinUpdate
      42  GetVirtualPinNumber

 
  41 bytes in section .bss
 380 bytes in section .text
 
 380 bytes of CODE memory
  41 bytes of DATA memory

Errors: none
Warnings: none
