###############################################################################
#
# IAR ANSI C/C++ Compiler V7.70.1.11437/W32 for ARM       28/Feb/2025  14:17:09
# Copyright 1999-2016 IAR Systems AB.
#
#    Cpu mode     =  thumb
#    Endian       =  little
#    Source file  =  source/Micros/STM32G0x/Driver/Dma/Dma.c
#    Command line =  
#        --cpu Cortex-M0+ -Om --debug -e --only_stdout --silent -D
#        ENABLE_JUMP_TO_APPLICATION_WITHOUT_IAP_FIRMWARE --no_wrap_diagnostics
#        -f config\tmp\include_path.lnt
#        (-I../Nucleus-Tools-SDK/embOS/arm/v4.26/source\
#        -I../Nucleus-Tools-SDK/iar/arm/v7.70/cx/inc\
#        -Isource/Category/Application/acu/CycleResume\
#        -Isource/Category/Application/acu/Monitors/AutostartFactoryCycleMonitor\
#        -Isource/Category/Application/acu/Monitors/CartridgeDetectionMonitor\
#        -Isource/Category/Application/acu/Monitors/DCLoadCurrentMonitor\
#        -Isource/Category/Application/acu/Monitors/DiverterFaultMonitor\
#        -Isource/Category/Application/acu/Monitors/DiverterLeakFaultMonitor\
#        -Isource/Category/Application/acu/Monitors/DoorMonitor\
#        -Isource/Category/Application/acu/Monitors/DoorOpeningSystemMonitor\
#        -Isource/Category/Application/acu/Monitors/FanMotorFaultMonitor\
#        -Isource/Category/Application/acu/Monitors/FaultStatusMonitor\
#        -Isource/Category/Application/acu/Monitors/FillValveStuckOn\
#        -Isource/Category/Application/acu/Monitors/FlowMeterFaultMonitor\
#        -Isource/Category/Application/acu/Monitors/HeatMonitor\
#        -Isource/Category/Application/acu/Monitors/HotHighPotMonitor\
#        -Isource/Category/Application/acu/Monitors/LITTFaultMonitor\
#        -Isource/Category/Application/acu/Monitors/LITTMonitor\
#        -Isource/Category/Application/acu/Monitors/McuGetDataMonitor\
#        -Isource/Category/Application/acu/Monitors/ModelMonitors/AirlockDetectionMonitor\
#        -Isource/Category/Application/acu/Monitors/ModelMonitors/AirlockDetectionMonitor/CodeGeneration\
#        -Isource/Category/Application/acu/Monitors/ModelMonitors/HeaterCalcificationDetectionModel\
#        -Isource/Category/Application/acu/Monitors/ModelMonitors/HeaterCalcificationDetectionModel/CodeGeneration\
#        -Isource/Category/Application/acu/Monitors/ModelMonitors/OWIVoltageRegulatedOutputModel\
#        -Isource/Category/Application/acu/Monitors/ModelMonitors/OWIVoltageRegulatedOutputModel/CodeGeneration\
#        -Isource/Category/Application/acu/Monitors/ModelMonitors/PluggingDetectionMonitor\
#        -Isource/Category/Application/acu/Monitors/ModelMonitors/PluggingDetectionMonitor/CodeGeneration\
#        -Isource/Category/Application/acu/Monitors/MoisturePreventionMonitor\
#        -Isource/Category/Application/acu/Monitors/OverfillMonitor\
#        -Isource/Category/Application/acu/Monitors/OWIMonitor\
#        -Isource/Category/Application/acu/Monitors/PilotRelayFaultMonitor\
#        -Isource/Category/Application/acu/Monitors/PilotRelayFaultMonitor/PilotRelayStuckClosedMonitor\
#        -Isource/Category/Application/acu/Monitors/PilotRelayFaultMonitor/PilotRelayStuckOpenMonitor\
#        -Isource/Category/Application/acu/Monitors/PORTimeMonitor\
#        -Isource/Category/Application/acu/Monitors/PumpFlushRequestMonitor\
#        -Isource/Category/Application/acu/Monitors/RinseAidMonitor\
#        -Isource/Category/Application/acu/Monitors/SaltSensingMonitor\
#        -Isource/Category/Application/acu/Monitors/StabilityControlLoopMonitor\
#        -Isource/Category/Application/acu/Monitors/StandbyManager\
#        -Isource/Category/Application/acu/Monitors/SupervisorExtMonitor\
#        -Isource/Category/Application/acu/Monitors/ThermistorFaultMonitor\
#        -Isource/Category/Application/acu/Monitors/ThermistorFaultMonitor/ThermistorOpenMonitor\
#        -Isource/Category/Application/acu/Monitors/ThermistorFaultMonitor/ThermistorShortedMonitor\
#        -Isource/Category/Application/acu/Monitors/TriacCurrentMonitor\
#        -Isource/Category/Application/acu/Monitors/TriacShortedDrainFaultMonitor\
#        -Isource/Category/Application/acu/Monitors/TriacVoltageMonitor\
#        -Isource/Category/Application/acu/Monitors/VoltageRangeMonitor\
#        -Isource/Category/Application/acu/Monitors/VSDrainMotorFaultMonitor\
#        -Isource/Category/Application/acu/Monitors/VwiMonitor\
#        -Isource/Category/Application/acu/Monitors/VwiZoneCompensationMonitor\
#        -Isource/Category/Application/acu/Monitors/WashHeaterFaultMonitor\
#        -Isource/Category/Application/acu/Monitors/WashHeaterFaultMonitor/HeaterLeakageToNeutralMonitor\
#        -Isource/Category/Application/acu/Monitors/WashHeaterFaultMonitor/HeaterLineRelayOpenMonitor\
#        -Isource/Category/Application/acu/Monitors/WashHeaterFaultMonitor/HeaterNeutralRelayOpenMonitor\
#        -Isource/Category/Application/acu/Monitors/WashHeaterFaultMonitor/HeaterOpenAndLineRelayClosedMonitor\
#        -Isource/Category/Application/acu/Monitors/WashHeaterFaultMonitor/HeaterOpenMonitor\
#        -Isource/Category/Application/acu/Monitors/WashMotorFaultMonitor\
#        -Isource/Category/Application/acu/Monitors/ZeroCrossMonitor\
#        -Isource/Category/Application/acu/Processes/AlternateCtrl\
#        -Isource/Category/Application/acu/Processes/Fill\
#        -Isource/Category/Application/acu/Processes/Fill/ClassAFill\
#        -Isource/Category/Application/acu/Processes/Fill/Fill\
#        -Isource/Category/Application/acu/Processes/Fill/TankDrain\
#        -Isource/Category/Application/acu/Processes/Fill/TankFill\
#        -Isource/Category/Application/acu/Processes/Heat\
#        -Isource/Category/Application/acu/Processes/ModelProcesses/OWICalibrationModel\
#        -Isource/Category/Application/acu/Processes/ModelProcesses/OWICalibrationModel/CodeGeneration\
#        -Isource/Category/Application/acu/Processes/ModelProcesses/PartialDrainModel\
#        -Isource/Category/Application/acu/Processes/ModelProcesses/PartialDrainModel/CodeGeneration\
#        -Isource/Category/Application/acu/Processes/ModelProcesses/SensedDrainModel\
#        -Isource/Category/Application/acu/Processes/ModelProcesses/SensedDrainModel/CodeGeneration\
#        -Isource/Category/Application/acu/Processes/OWI\
#        -Isource/Category/Application/acu/Processes/OWI_VRO\
#        -Isource/Category/Application/acu/Processes/OWIOneShot\
#        -Isource/Category/Application/acu/Processes/PumpControl\
#        -Isource/Category/Application/acu/Processes/Regenerate\
#        -Isource/Category/Application/acu/Processes/RinseAidDispense\
#        -Isource/Category/Application/acu/Processes/RinseAidDispense/RinseAid\
#        -Isource/Category/Application/acu/Processes/RinseAidDispense/TridgeDetergent\
#        -Isource/Category/Application/acu/Tasks/DoorOpeningSystemPull\
#        -Isource/Category/Application/acu/Tasks/DoorOpeningSystemPush\
#        -Isource/Category/Application/acu/Tasks/HeaterShadowing\
#        -Isource/Category/Application/acu/Tasks/MoisturePrevention\
#        -Isource/Category/Application/acu/Tasks/OWIContinousReading\
#        -Isource/Category/Application/acu/Tasks/OwiVroContinuousReading\
#        -Isource/Category/Application/acu/Tasks/Sanitization\
#        -Isource/Category/Application/acu/Tasks/StabilityControl\
#        -Isource/Category/Application/acu/Tasks/TimeElapse\
#        -Isource/Category/Application/acu/VWI\
#        -Isource/Category/Application/all/ActivePower\
#        -Isource/Category/Application/all/API007App\
#        -Isource/Category/Application/all/Config\
#        -Isource/Category/Common/acu/CommonDish/DishAuxVar\
#        -Isource/Category/Common/acu/CommonDish/PumpCommand\
#        -Isource/Category/Common/acu/CommonDish/StatisticsDish\
#        -Isource/Category/Common/all/BoardDebugging\
#        -Isource/Category/Common/all/Config\
#        -Isource/Category/Common/all/MasterCommander\
#        -Isource/Category/Common/all/MasterCommander/Source\
#        -Isource/Category/Common/all/MasterCommander/Source/HAL\
#        -Isource/Category/Common/all/SharedUtils\
#        -Isource/Category/Hbl/acu/ACULoadHandler/AlternateLoad\
#        -Isource/Category/Hbl/acuexpacu/ACUGIHandler/WaterCounterGI\
#        -Isource/Category/Hbl/acuexpacu/ACULoadHandler/HeaterLoad\
#        -Isource/Category/Hbl/acuexpacu/ACULoadHandler/TriacMci\
#        -Isource/Category/Hbl/all/Config\ -Isource/Category/Hbl/all/Mci\
#        -Isource/Category/Hbl/all/Mci/MciZeroCross\
#        -Isource/Category/Hbl/all/Mci/Slfac\
#        -Isource/Category/Hbl/all/Mci/Slfac/Macroblocks\
#        -Isource/Category/Hbl/all/Mci/Slfac/Microblocks/GlitchFilter\
#        -Isource/Category/Hbl/all/Mci/Slfac/Microblocks/IIRFilter\
#        -Isource/Category/Hbl/all/Mci/Slfac/Microblocks/MathCalc\
#        -Isource/Category/Hbl/all/Mci/Slfac/Microblocks/PeakDetector\
#        -Isource/Category/Hbl/all/Mci/Slfac/Microblocks/Pi\
#        -Isource/Category/Hbl/all/MCUDrivers/TimeCapture\
#        -Isource/Category/Hbl/all/MCUDrivers/TimerInterruptExt\
#        -Isource/Micros/STM32G0x/Driver/Atod\
#        -Isource/Micros/STM32G0x/Driver/DataFlash\
#        -Isource/Micros/STM32G0x/Driver/Dma\
#        -Isource/Micros/STM32G0x/Driver/Dtoa\
#        -Isource/Micros/STM32G0x/Driver/ExtInterrupt\
#        -Isource/Micros/STM32G0x/Driver/Flash\
#        -Isource/Micros/STM32G0x/Driver/Gpio\
#        -Isource/Micros/STM32G0x/Driver/I2c\
#        -Isource/Micros/STM32G0x/Driver/IntMgr\
#        -Isource/Micros/STM32G0x/Driver/Micro\
#        -Isource/Micros/STM32G0x/Driver/MicroExt\
#        -Isource/Micros/STM32G0x/Driver/Rtc\
#        -Isource/Micros/STM32G0x/Driver/RTCDriver\
#        -Isource/Micros/STM32G0x/Driver/Spi\
#        -Isource/Micros/STM32G0x/Driver/Timeout\
#        -Isource/Micros/STM32G0x/Driver/Timer\
#        -Isource/Micros/STM32G0x/Driver/TimerInterrupt\
#        -Isource/Micros/STM32G0x/Driver/Uart\
#        -Isource/ProjectSpecific/Application/acu/Config\
#        -Isource/ProjectSpecific/Application/acu/LowPower\
#        -Isource/ProjectSpecific/Application/acuexpacu/Config\
#        -Isource/ProjectSpecific/Application/all/Config\
#        -Isource/ProjectSpecific/Application/all/MCUDebug\
#        -Isource/ProjectSpecific/Application/all/ProductInfo\
#        -Isource/ProjectSpecific/Common/acu/Config\
#        -Isource/ProjectSpecific/Common/all/Config\
#        -Isource/ProjectSpecific/Common/all/Debug\
#        -Isource/ProjectSpecific/Common/all/SRConfig\
#        -Isource/ProjectSpecific/Driver/STM32G0x\
#        -Isource/ProjectSpecific/Hbl/acuexpacu/Config\
#        -Isource/ProjectSpecific/Hbl/acuexpacu/SRConfig\
#        -Isource/ProjectSpecific/Hbl/all/Config\
#        -Isource/ProjectSpecific/Hbl/all/Config/Mci\
#        -Isource/ProjectSpecific/Hbl/all/Config/Mci/MasterCommander\
#        -Isource/ProjectSpecific/Hbl/all/Config/Mci/MCUDrivers\
#        -Isource/ProjectSpecific/Hbl/all/SRConfig\
#        -Isource/XCategory/Application/acu/API221MotionCtrl\
#        -Isource/XCategory/Application/acu/Calibration\
#        -Isource/XCategory/Application/acu/Condition\
#        -Isource/XCategory/Application/acu/Estimator\
#        -Isource/XCategory/Application/acu/Interpreter\
#        -Isource/XCategory/Application/acu/Processes/ActivateTask\
#        -Isource/XCategory/Application/acu/Processes/JumpIf\
#        -Isource/XCategory/Application/acu/Processes/LoadsControl\
#        -Isource/XCategory/Application/acu/Processes/Maintain\
#        -Isource/XCategory/Application/acu/Processes/SetVariable\
#        -Isource/XCategory/Application/acu/RegulationAccept\
#        -Isource/XCategory/Application/acu/Selector\
#        -Isource/XCategory/Application/acu/SubCycle\
#        -Isource/XCategory/Application/acu/Supervisor\
#        -Isource/XCategory/Application/acu/TestMgr\
#        -Isource/XCategory/Application/acuexpacu/ApplianceMgr\
#        -Isource/XCategory/Application/acuhmi/CommunicationMonitor\
#        -Isource/XCategory/Application/acuhmi/Modifier\
#        -Isource/XCategory/Application/acuhmi/Regulations\
#        -Isource/XCategory/Application/acuhmi/Status\
#        -Isource/XCategory/Application/all/API007Data\
#        -Isource/XCategory/Application/all/API011AppCtr\
#        -Isource/XCategory/Application/all/API012Exp\
#        -Isource/XCategory/Application/all/API013RemoteFunction\
#        -Isource/XCategory/Application/all/API018Diagnostic\
#        -Isource/XCategory/Application/all/API220MotorControl\
#        -Isource/XCategory/Application/all/API220MotorControl/Api\
#        -Isource/XCategory/Application/all/Mode\
#        -Isource/XCategory/Application/all/Reveal_Basic/API003Disc\
#        -Isource/XCategory/Application/all/Reveal_Basic/API004Debug\
#        -Isource/XCategory/Application/all/Reveal_Basic/API004Debug/SW05SoftwareTest\
#        -Isource/XCategory/Application/all/Reveal_Basic/API005LowLevel\
#        -Isource/XCategory/Application/all/Reveal_Basic/API009System\
#        -Isource/XCategory/Application/all/Reveal_Basic/API010PollVar\
#        -Isource/XCategory/Application/all/Reveal_Basic/API019ProductInfo\
#        -Isource/XCategory/Application/all/SFUpdater\
#        -Isource/XCategory/Application/all/SRAPI020Safety\
#        -Isource/XCategory/Application/all/StatusLed\
#        -Isource/XCategory/Common/acu/BrownOut\
#        -Isource/XCategory/Common/acu/Fault\
#        -Isource/XCategory/Common/acu/Statistics\
#        -Isource/XCategory/Common/all/Common/Callback\
#        -Isource/XCategory/Common/all/Common/Convert\
#        -Isource/XCategory/Common/all/Common/Crc16\
#        -Isource/XCategory/Common/all/Common/Crc32\
#        -Isource/XCategory/Common/all/Common/Crc8\
#        -Isource/XCategory/Common/all/Common/Equation\
#        -Isource/XCategory/Common/all/Common/Filter\
#        -Isource/XCategory/Common/all/Common/FITMgr\
#        -Isource/XCategory/Common/all/Common/I2cMgr\
#        -Isource/XCategory/Common/all/Common/IAPEmul\
#        -Isource/XCategory/Common/all/Common/Log\
#        -Isource/XCategory/Common/all/Common/Millis\
#        -Isource/XCategory/Common/all/Common/SeggerRTT\
#        -Isource/XCategory/Common/all/Common/SeggerRTT/SEGGER_RTT/Config\
#        -Isource/XCategory/Common/all/Common/SeggerRTT/SEGGER_RTT/RTT\
#        -Isource/XCategory/Common/all/Common/SettingFile\
#        -Isource/XCategory/Common/all/Common/SFVersionCheck\
#        -Isource/XCategory/Common/all/Common/SystemConfig\
#        -Isource/XCategory/Common/all/Common/SystemTimers\
#        -Isource/XCategory/Common/all/Common/Utilities\
#        -Isource/XCategory/Common/all/Common/Variable\
#        -Isource/XCategory/Common/all/SRCommon/SRClockMonitor\
#        -Isource/XCategory/Common/all/SRCommon/SRData\
#        -Isource/XCategory/Common/all/SRCommon/SRException\
#        -Isource/XCategory/Common/all/SRCommon/SRIsrMonitor\
#        -Isource/XCategory/Common/all/SRCommon/SRPowerMgr\
#        -Isource/XCategory/Common/all/SRCommon/SRSignature\
#        -Isource/XCategory/Common/all/SRCommon/SRSystemConfig\
#        -Isource/XCategory/Common/all/SRCommon/SRTaskMonitor\
#        -Isource/XCategory/Common/all/SRCommon/SRTaskSequence\
#        -Isource/XCategory/Common/all/SRCommon/SRTimerReference\
#        -Isource/XCategory/Common/all/SRCommon/SRUnusedPinsConfig\
#        -Isource/XCategory/Common/all/SRMain\
#        -Isource/XCategory/Common/all/SRMain/BackgroundThreads\
#        -Isource/XCategory/Common/all/SRMain/OsServices\
#        -Isource/XCategory/Common/all/SRMain/StackAnalysis\
#        -Isource/XCategory/Common/all/SRMain/TimingAnalysis\
#        -Isource/XCategory/Driver/APIs/Atod\
#        -Isource/XCategory/Driver/APIs/Comparator\
#        -Isource/XCategory/Driver/APIs/DataFlash\
#        -Isource/XCategory/Driver/APIs/Dma\
#        -Isource/XCategory/Driver/APIs/Dtc\
#        -Isource/XCategory/Driver/APIs/Dtoa\
#        -Isource/XCategory/Driver/APIs/EmbOS\
#        -Isource/XCategory/Driver/APIs/ExtInterrupt\
#        -Isource/XCategory/Driver/APIs/Flash\
#        -Isource/XCategory/Driver/APIs/Gpio\
#        -Isource/XCategory/Driver/APIs/I2c\
#        -Isource/XCategory/Driver/APIs/IntMgr\
#        -Isource/XCategory/Driver/APIs/Micro\
#        -Isource/XCategory/Driver/APIs/MicroExt\
#        -Isource/XCategory/Driver/APIs/Rtc\
#        -Isource/XCategory/Driver/APIs/RTCDriver\
#        -Isource/XCategory/Driver/APIs/Spi\
#        -Isource/XCategory/Driver/APIs/Timeout\
#        -Isource/XCategory/Driver/APIs/Timer\
#        -Isource/XCategory/Driver/APIs/TimerInterrupt\
#        -Isource/XCategory/Driver/APIs/Touch\
#        -Isource/XCategory/Driver/APIs/Uart\
#        -Isource/XCategory/Hbl/acu/FdmCounter\
#        -Isource/XCategory/Hbl/acu/FdmTimer\
#        -Isource/XCategory/Hbl/acuexpacu/ACUGIHandler/ConvertGI\
#        -Isource/XCategory/Hbl/acuexpacu/ACUGIHandler/DirectGI\
#        -Isource/XCategory/Hbl/acuexpacu/ACUGIHandler/DoorSwitchGI\
#        -Isource/XCategory/Hbl/acuexpacu/ACUGIHandler/ProbeGI\
#        -Isource/XCategory/Hbl/acuexpacu/ACUGIHandler/ProbeLpsGI\
#        -Isource/XCategory/Hbl/acuexpacu/ACULoadHandler/DCFanLoad\
#        -Isource/XCategory/Hbl/acuexpacu/ACUPilotHandler/AnalogOutputPilot\
#        -Isource/XCategory/Hbl/acuexpacu/ACUPilotHandler/ChargePumpPilot\
#        -Isource/XCategory/Hbl/acuexpacu/ACUPilotHandler/DigitalOutputMultiPilot\
#        -Isource/XCategory/Hbl/acuexpacu/ACUPilotHandler/DigitalOutputPilot\
#        -Isource/XCategory/Hbl/acuexpacu/ACUPilotHandler/DoorLockEMPilot\
#        -Isource/XCategory/Hbl/acuexpacu/ACUPilotHandler/DoorLockWaxPilot\
#        -Isource/XCategory/Hbl/acuexpacu/ACUPilotHandler/ExpansionPilot\
#        -Isource/XCategory/Hbl/acuexpacu/ACUPilotHandler/ExternalMotorPilot\
#        -Isource/XCategory/Hbl/acuexpacu/ACUPilotHandler/FSMPilot\
#        -Isource/XCategory/Hbl/acuexpacu/ACUPilotHandler/MagnetronPilot\
#        -Isource/XCategory/Hbl/acuexpacu/ACUPilotHandler/MotorPilot\
#        -Isource/XCategory/Hbl/acuexpacu/ACUPilotHandler/MultiDriverPilot\
#        -Isource/XCategory/Hbl/acuexpacu/ACUPilotHandler/MultiSequencePilot\
#        -Isource/XCategory/Hbl/acuexpacu/ACUPilotHandler/NonfunctionalPilot\
#        -Isource/XCategory/Hbl/acuexpacu/ACUPilotHandler/PwmHiResPilot\
#        -Isource/XCategory/Hbl/acuexpacu/ACUPilotHandler/PwmPilot\
#        -Isource/XCategory/Hbl/acuexpacu/ACUPilotHandler/SRChargePumpPilot\
#        -Isource/XCategory/Hbl/acuexpacu/ACUPilotHandler/SRDigitalOutputMultiPilot\
#        -Isource/XCategory/Hbl/acuexpacu/ACUPilotHandler/SRDigitalOutputPilot\
#        -Isource/XCategory/Hbl/acuexpacu/ACUPilotHandler/SRDoorLockEMPilot\
#        -Isource/XCategory/Hbl/acuexpacu/ACUPilotHandler/SRDoorLockWaxPilot\
#        -Isource/XCategory/Hbl/acuexpacu/ACUPilotHandler/SRUMRelayPilot\
#        -Isource/XCategory/Hbl/acuexpacu/ACUPilotHandler/SteadyPwmProfilePilot\
#        -Isource/XCategory/Hbl/acuexpacu/ACUPilotHandler/StepperPilot\
#        -Isource/XCategory/Hbl/acuexpacu/ACUPilotHandler/TriacSwitchPilot\
#        -Isource/XCategory/Hbl/acuexpacu/ACUPilotHandler/ZCRelayPilot\
#        -Isource/XCategory/Hbl/acuexpacu/ACUPilotHandler/ZCTriacPilot\
#        -Isource/XCategory/Hbl/acuexpacu/HblAcu\
#        -Isource/XCategory/Hbl/acuexpacu/HblAcu/CrossLoads\
#        -Isource/XCategory/Hbl/acuexpacu/HblAcu/SetLoadQueue\
#        -Isource/XCategory/Hbl/acuexpacu/HblAcu/SRProductMgr\
#        -Isource/XCategory/Hbl/acuexpacu/HblAcu/ZeroCross\
#        -Isource/XCategory/Hbl/all/Hbl\
#        -Isource/XCategory/Hbl/all/Hbl/DefaultPin\
#        -Isource/XCategory/Hbl/all/Hbl/HblCommon\
#        -Isource/XCategory/Hbl/all/Hbl/VirtualPin\
#        -Isource/XCategory/Hbl/all/LLIHandler/AbsoluteHumidityLLI\
#        -Isource/XCategory/Hbl/all/LLIHandler/AccelerometerLLI\
#        -Isource/XCategory/Hbl/all/LLIHandler/AccelerometerLLI/AccelBaseline\
#        -Isource/XCategory/Hbl/all/LLIHandler/AccelerometerLLI/AccelDiscover\
#        -Isource/XCategory/Hbl/all/LLIHandler/AccelerometerLLI/FXLS8974\
#        -Isource/XCategory/Hbl/all/LLIHandler/AccelerometerLLI/FXLS8974/SelfTestFXLS8974\
#        -Isource/XCategory/Hbl/all/LLIHandler/AccelerometerLLI/LISxDH\
#        -Isource/XCategory/Hbl/all/LLIHandler/AnalogLLI\
#        -Isource/XCategory/Hbl/all/LLIHandler/ConductivityLLI\
#        -Isource/XCategory/Hbl/all/LLIHandler/DigitalLLI\
#        -Isource/XCategory/Hbl/all/LLIHandler/EncoderLLI\
#        -Isource/XCategory/Hbl/all/LLIHandler/ExpansionLLI\
#        -Isource/XCategory/Hbl/all/LLIHandler/FeedbackLLI\
#        -Isource/XCategory/Hbl/all/LLIHandler/I2CInfraredLLI\
#        -Isource/XCategory/Hbl/all/LLIHandler/I2CPressureSensorLLI\
#        -Isource/XCategory/Hbl/all/LLIHandler/I2CRHTSensorLLI\
#        -Isource/XCategory/Hbl/all/LLIHandler/InputCaptureLLI\
#        -Isource/XCategory/Hbl/all/LLIHandler/MultiInputLLI\
#        -Isource/XCategory/Hbl/all/LLIHandler/NonfunctionalLLI\
#        -Isource/XCategory/Hbl/all/LLIHandler/PulseCounterLLI\
#        -Isource/XCategory/Hbl/all/LLIHandler/SRAnalogLLI\
#        -Isource/XCategory/Hbl/all/LLIHandler/SRDigitalLLI\
#        -Isource/XCategory/Hbl/all/LLIHandler/SRFeedbackLLI\
#        -Isource/XCategory/Hbl/all/LLIHandler/SRI2CPressureSensorLLI\
#        -Isource/XCategory/Hbl/all/LLIHandler/SRICTachometerLLI\
#        -Isource/XCategory/Hbl/all/LLIHandler/SRInputCaptureLLI\
#        -Isource/XCategory/Hbl/all/LLIHandler/SRTouchKeyLLI\
#        -Isource/XCategory/Hbl/all/LLIHandler/SRTriacFeedbackLLI\
#        -Isource/XCategory/Hbl/all/LLIHandler/TouchKeyLLI\
#        -Isource/XCategory/Hbl/all/LLIHandler/TouchSliderLLI\
#        -Isource/XCategory/Hbl/all/LLIHandler/TouchWheelLLI\
#        -Isource/XCategory/Hbl/all/LLIHandler/TriacFeedbackLLI\
#        -Isource/XCategory/Hbl/all/LLIHandler/VirtualDigitalLLI\
#        -Isource/XCategory/Service/all/NVData\
#        -Isource/XCategory/Service/all/Reveal\
#        -Isource/XCategory/Service/all/Win\) -l listings\Dma.lst -o
#        obj\Dma.obj source/Micros/STM32G0x/Driver/Dma/Dma.c
#    Locale       =  English_United States.1252
#    List file    =  listings\Dma.lst
#    Object file  =  obj\Dma.obj
#
###############################################################################

C:\Data\Nucleus_Dev\Vostok_ACU_A\source\Micros\STM32G0x\Driver\Dma\Dma.c
      1          /**
      2           *  @file       
      3           *
      4           *  @brief      Direct memory access (DMA) is used in order to provide high-speed data transfer between
      5           *              peripherals and memory as well as memory to memory. Data can be quickly moved by DMA
      6           *              without any CPU actions. This keeps CPU resources free for other operations.
      7           *
      8           *  @details    STM32G0x supports 12 Dma channels.
      9           *
     10           *  @section    Applicable_Documents
     11           *                  List here all the applicable documents if needed. <tr>
     12           *
     13           *  $Header: $
     14           *
     15           *  @copyright  Copyright 2015-$Date$. Whirlpool Corporation. All rights reserved - CONFIDENTIAL
     16           */
     17          //-------------------------------------- Include Files ----------------------------------------------------------------
     18          #include "C_Extensions.h"
     19          #include "uc.h"
     20          #include "Micro.h"
     21          #include "Dma.h"
     22          //-------------------------------------- PUBLIC (Variables) -----------------------------------------------------------
     23          
     24          //-------------------------------------- PRIVATE (Variables, Constants & Defines) -------------------------------------
     25          #define DMA1_MAX_CHANNEL    7
     26          #define DMA2_MAX_CHANNEL    5
     27          
     28          #define DMA_MAX_CHANNEL     (DMA1_MAX_CHANNEL + DMA2_MAX_CHANNEL)
     29          
     30          //Dummy Dma channel is created to match the index of the Cortex-M3 hardware Dma channel with 'DMA_CHANNEL_TYPE'
     31          #define DMA_CHANNEL_NULL    (*(DMA_CHANNEL_TYPEDEF *) NULL)
     32          
     33          #define INVALID_DMA_INDEX   (0xFF)
     34          
     35          //This array holds all the Dma channel. Cortex-M3 doesn't consists of Dma channel 0. In-order to match the index of hardware Dma channel with 'DMA_CHANNEL_TYPE'
     36          // a DMA1_CHANNEL0 is added at the beginning of the array

   \                                 In section .text, align 4, keep-with-next
     37          static DMA_CHANNEL_TYPEDEF * const DMA_CHANNEL[DMA_MAX_CHANNEL +1 ] =
   \                     DMA_CHANNEL:
   \   00000000   0x00000000         DC32 0H, 40020008H, 4002001CH, 40020030H, 40020044H, 40020058H
   \              0x40020008   
   \              0x4002001C   
   \              0x40020030   
   \              0x40020044   
   \              0x40020058   
   \   00000018   0x4002006C         DC32 4002006CH, 40020080H, 40020408H, 4002041CH, 40020430H, 40020444H
   \              0x40020080   
   \              0x40020408   
   \              0x4002041C   
   \              0x40020430   
   \              0x40020444   
   \   00000030   0x40020458         DC32 40020458H
     38          {
     39              &DMA_CHANNEL_NULL,      //DMA_CHANNEL_NULL -
     40              &DMA1_CHANNEL1,         //DMA_ENGINE1, DMA_CH1
     41              &DMA1_CHANNEL2,         //DMA_ENGINE1, DMA_CH2
     42              &DMA1_CHANNEL3,         //DMA_ENGINE1, DMA_CH3
     43              &DMA1_CHANNEL4,         //DMA_ENGINE1, DMA_CH4
     44              &DMA1_CHANNEL5,         //DMA_ENGINE1, DMA_CH5
     45              &DMA1_CHANNEL6,         //DMA_ENGINE1, DMA_CH6
     46              &DMA1_CHANNEL7,         //DMA_ENGINE1, DMA_CH7
     47              &DMA2_CHANNEL1,         //DMA_ENGINE2, DMA_CH1
     48              &DMA2_CHANNEL2,         //DMA_ENGINE2, DMA_CH2
     49              &DMA2_CHANNEL3,         //DMA_ENGINE2, DMA_CH3
     50              &DMA2_CHANNEL4,         //DMA_ENGINE2, DMA_CH4
     51              &DMA2_CHANNEL5          //DMA_ENGINE2, DMA_CH5
     52          };
     53          
     54          //-------------------------------------- PRIVATE (Function Prototypes) ------------------------------------------------
     55          
     56          
     57          //=====================================================================================================================
     58          //-------------------------------------- Public Functions -------------------------------------------------------------
     59          //=====================================================================================================================
     60          
     61          //---------------------------------------------------------------------------------------------------------------------
     62          /**
     63           *  @brief      It Initializes the module DMA and its variables.
     64           *  @details    The engine is not enabled if its previously enabled to prevent the reset of the configuration.
     65           *
     66           */

   \                                 In section .text, align 2, keep-with-next
     67          void Dma__EngineInitialize(void)
     68          {
     69              //Enable the DMA1 device in the AHB bus
     70              if ((RCC.AHBENR & RCC_AHBENR_DMA1EN) == 0)
   \                     Dma__EngineInitialize: (+1)
   \   00000000   0x2001             MOVS     R0,#+1
   \   00000002   0x....             LDR      R1,??DataTable5  ;; 0x40021038
   \   00000004   0x680A             LDR      R2,[R1, #+0]
   \   00000006   0x4002             ANDS     R2,R2,R0
   \   00000008   0xD102             BNE      ??Dma__EngineInitialize_0
     71              {
     72                  RCC.AHBENR |= RCC_AHBENR_DMA1EN;
   \   0000000A   0x680A             LDR      R2,[R1, #+0]
   \   0000000C   0x4310             ORRS     R0,R0,R2
   \   0000000E   0x6008             STR      R0,[R1, #+0]
     73              }
     74          
     75              //Enable the DMA2 device in the AHB bus
     76              if ((RCC.AHBENR & RCC_AHBENR_DMA2EN) == 0)
   \                     ??Dma__EngineInitialize_0: (+1)
   \   00000010   0x2002             MOVS     R0,#+2
   \   00000012   0x680A             LDR      R2,[R1, #+0]
   \   00000014   0x4002             ANDS     R2,R2,R0
   \   00000016   0xD102             BNE      ??Dma__EngineInitialize_1
     77              {
     78                  RCC.AHBENR |= RCC_AHBENR_DMA2EN;
   \   00000018   0x680A             LDR      R2,[R1, #+0]
   \   0000001A   0x4310             ORRS     R0,R0,R2
   \   0000001C   0x6008             STR      R0,[R1, #+0]
     79              }
     80          }
   \                     ??Dma__EngineInitialize_1: (+1)
   \   0000001E   0x4770             BX       LR               ;; return
     81          
     82          //---------------------------------------------------------------------------------------------------------------------
     83          /**
     84            * @brief  Initializes the Dma channel according to the specified parameters
     85            *         in the DMA_InitStruct.
     86            *
     87            * @param  dma_engine  : Specify the Dma Engine
     88            * @param  channel     : Defines the specific Dma channel from the DMA_CHANNEL_TYPE
     89            * @param  DMA_InitStruct: pointer to a DMA_InitTypeDef structure that contains
     90            *         the configuration information for the specified DMA Channel.
     91            *
     92            * @retval DMA_RETURN_TYPE
     93            *      @retval DMA_RETURN_FAIL(0)      : Dma channel was fail to initialize
     94            *      @retval DMA_RETURN_SUCCESS(1)   : Dma channel was successfully initialized
     95            */

   \                                 In section .text, align 4, keep-with-next
     96          DMA_RETURN_TYPE Dma__Initialize(DMA_ENGINE_TYPE dma_engine, DMA_CHANNEL_TYPE channel, DMA_INIT_TYPE* DMA_InitStruct)
     97          {
   \                     Dma__Initialize: (+1)
   \   00000000   0xB470             PUSH     {R4-R6}
   \   00000002   0x0003             MOVS     R3,R0
     98              DMA_RETURN_TYPE ret;
     99              uint32 tmpreg;
    100              uint8 dma_index;
    101          
    102              tmpreg = 0;
   \   00000004   0x2000             MOVS     R0,#+0
   \   00000006   0x0005             MOVS     R5,R0
    103              ret = DMA_RETURN_FAIL;
    104              dma_index = INVALID_DMA_INDEX;
   \   00000008   0x24FF             MOVS     R4,#+255
    105              uint8 dmamux_channel = 0;
                           ^
Warning[Pe177]: variable "dmamux_channel" was declared but never referenced
    106          
    107              if ((channel) && (DMA_InitStruct->DMAMux_Request_ID <= DMAMUX_MAX_REQ))
   \   0000000A   0x000E             MOVS     R6,R1
   \   0000000C   0xD00F             BEQ      ??Dma__Initialize_0
   \   0000000E   0x7C56             LDRB     R6,[R2, #+17]
   \   00000010   0x2E4E             CMP      R6,#+78
   \   00000012   0xDA0C             BGE      ??Dma__Initialize_0
    108              {
    109                  if (dma_engine == DMA_ENGINE1)
   \   00000014   0x2B01             CMP      R3,#+1
   \   00000016   0xD103             BNE      ??Dma__Initialize_1
    110                  {
    111                      if(channel <= DMA1_MAX_CHANNEL )
   \   00000018   0x2908             CMP      R1,#+8
   \   0000001A   0xDA08             BGE      ??Dma__Initialize_0
    112                      {
    113                          dma_index = channel;
   \   0000001C   0x000C             MOVS     R4,R1
   \   0000001E   0xE006             B        ??Dma__Initialize_0
    114                      }
    115                  }
    116          
    117                  else if (dma_engine == DMA_ENGINE2)
   \                     ??Dma__Initialize_1: (+1)
   \   00000020   0x2B02             CMP      R3,#+2
   \   00000022   0xD104             BNE      ??Dma__Initialize_0
    118                  {
    119                      if(channel <= DMA2_MAX_CHANNEL )
   \   00000024   0x2906             CMP      R1,#+6
   \   00000026   0xDA02             BGE      ??Dma__Initialize_0
    120                      {
    121                          dma_index = DMA1_MAX_CHANNEL + channel;
   \   00000028   0x1DC9             ADDS     R1,R1,#+7
   \   0000002A   0xB2C9             UXTB     R1,R1
   \   0000002C   0x000C             MOVS     R4,R1
    122                      }
    123                  }
    124              }
    125          
    126              if (dma_index != INVALID_DMA_INDEX)
   \                     ??Dma__Initialize_0: (+1)
   \   0000002E   0x2CFF             CMP      R4,#+255
   \   00000030   0xD058             BEQ      ??Dma__Initialize_2
    127              {
    128                  //--------------------------- DMAy Channelx CCR Configuration ----------------
    129                  // Configure DMA channel: data transfer, data size, priority level and mode
    130                  // Set DIR bit according to DMA_DIR value
    131                  if (DMA_InitStruct->DMA_DIR == DMA_DATA_DIRECTION_MEM_TO_PERIPH)
   \   00000032   0x7A10             LDRB     R0,[R2, #+8]
   \   00000034   0x2801             CMP      R0,#+1
   \   00000036   0xD101             BNE      ??Dma__Initialize_3
    132                  {
    133                      tmpreg |= DMA_CCR_DIR;
   \   00000038   0x2510             MOVS     R5,#+16
   \   0000003A   0xE003             B        ??Dma__Initialize_4
    134          
    135                  }
    136                  else if (DMA_InitStruct->DMA_DIR == DMA_DATA_DIRECTION_MEM_TO_MEM)
   \                     ??Dma__Initialize_3: (+1)
   \   0000003C   0x2802             CMP      R0,#+2
   \   0000003E   0xD101             BNE      ??Dma__Initialize_4
    137                  {
    138                      tmpreg |= DMA_CCR_MEM2MEM;
   \   00000040   0x2580             MOVS     R5,#+128
   \   00000042   0x01ED             LSLS     R5,R5,#+7        ;; #+16384
    139                  }
    140          
    141                  // Set CIRC bit according to DMA_Mode value
    142                  if (DMA_InitStruct->DMA_Mode == DMA_MODE_CIRCULAR)
   \                     ??Dma__Initialize_4: (+1)
   \   00000044   0x7BD0             LDRB     R0,[R2, #+15]
   \   00000046   0x2801             CMP      R0,#+1
   \   00000048   0xD102             BNE      ??Dma__Initialize_5
    143                  {
    144                      tmpreg |= DMA_CCR_CIRC;
   \   0000004A   0x0028             MOVS     R0,R5
   \   0000004C   0x2520             MOVS     R5,#+32
   \   0000004E   0x4305             ORRS     R5,R5,R0
    145                  }
    146          
    147                  // Set PINC bit according to DMA_PeripheralInc value
    148                  // Set MINC bit according to DMA_MemoryInc value
    149                  switch(DMA_InitStruct->DMA_AddressInc)
   \                     ??Dma__Initialize_5: (+1)
   \   00000050   0x7B10             LDRB     R0,[R2, #+12]
   \   00000052   0x2801             CMP      R0,#+1
   \   00000054   0xD004             BEQ      ??Dma__Initialize_6
   \   00000056   0xD30E             BCC      ??Dma__Initialize_7
   \   00000058   0x2803             CMP      R0,#+3
   \   0000005A   0xD009             BEQ      ??Dma__Initialize_8
   \   0000005C   0xD304             BCC      ??Dma__Initialize_9
   \   0000005E   0xE00A             B        ??Dma__Initialize_7
    150                  {
    151                      case DMA_ADDRESS_INCREMENT_FOR_PERIPH_ADDRESS:
    152                          tmpreg |= DMA_CCR_PINC;
   \                     ??Dma__Initialize_6: (+1)
   \   00000060   0x0028             MOVS     R0,R5
   \   00000062   0x2540             MOVS     R5,#+64
   \   00000064   0x4305             ORRS     R5,R5,R0
    153                          break;
   \   00000066   0xE006             B        ??Dma__Initialize_7
    154          
    155                      case DMA_ADDRESS_INCREMENT_FOR_MEM_ADDRESS:
    156                          tmpreg |= DMA_CCR_MINC;
   \                     ??Dma__Initialize_9: (+1)
   \   00000068   0x0028             MOVS     R0,R5
   \   0000006A   0x2580             MOVS     R5,#+128
   \   0000006C   0x4305             ORRS     R5,R5,R0
    157                          break;
   \   0000006E   0xE002             B        ??Dma__Initialize_7
    158          
    159                      case DMA_ADDRESS_INCREMENT_FOR_PERIPH_MEM_ADDRESS:
    160                          tmpreg |= (DMA_CCR_PINC | DMA_CCR_MINC);
   \                     ??Dma__Initialize_8: (+1)
   \   00000070   0x0028             MOVS     R0,R5
   \   00000072   0x25C0             MOVS     R5,#+192
   \   00000074   0x4305             ORRS     R5,R5,R0
    161                          break;
    162          
    163                      default:
    164                          break;
    165                  }
    166          
    167                  // Set PSIZE bits according to DMA_PeripheralDataSize value
    168                  if (DMA_InitStruct->DMA_PeriDataSize == DMA_DATA_WIDTH_HALFWORD)
   \                     ??Dma__Initialize_7: (+1)
   \   00000076   0x7B50             LDRB     R0,[R2, #+13]
   \   00000078   0x2801             CMP      R0,#+1
   \   0000007A   0xD104             BNE      ??Dma__Initialize_10
    169                  {
    170                      tmpreg |= DMA_CCR_PSIZE_0;
   \   0000007C   0x0028             MOVS     R0,R5
   \   0000007E   0x2580             MOVS     R5,#+128
   \   00000080   0x006D             LSLS     R5,R5,#+1        ;; #+256
   \   00000082   0x4305             ORRS     R5,R5,R0
   \   00000084   0xE005             B        ??Dma__Initialize_11
    171          
    172                  }
    173                  else if (DMA_InitStruct->DMA_PeriDataSize == DMA_DATA_WIDTH_WORD)
   \                     ??Dma__Initialize_10: (+1)
   \   00000086   0x2802             CMP      R0,#+2
   \   00000088   0xD103             BNE      ??Dma__Initialize_11
    174                  {
    175                      tmpreg |= DMA_CCR_PSIZE_1;
   \   0000008A   0x0028             MOVS     R0,R5
   \   0000008C   0x2580             MOVS     R5,#+128
   \   0000008E   0x00AD             LSLS     R5,R5,#+2        ;; #+512
   \   00000090   0x4305             ORRS     R5,R5,R0
    176                  }
    177          
    178                  // Set MSIZE bits according to DMA_MemoryDataSize value
    179                  if (DMA_InitStruct->DMA_MemDataSize == DMA_DATA_WIDTH_HALFWORD)
   \                     ??Dma__Initialize_11: (+1)
   \   00000092   0x7B90             LDRB     R0,[R2, #+14]
   \   00000094   0x2801             CMP      R0,#+1
   \   00000096   0xD104             BNE      ??Dma__Initialize_12
    180                  {
    181                      tmpreg |= DMA_CCR_MSIZE_0;
   \   00000098   0x0028             MOVS     R0,R5
   \   0000009A   0x2580             MOVS     R5,#+128
   \   0000009C   0x00ED             LSLS     R5,R5,#+3        ;; #+1024
   \   0000009E   0x4305             ORRS     R5,R5,R0
   \   000000A0   0xE005             B        ??Dma__Initialize_13
    182          
    183                  }
    184                  else if (DMA_InitStruct->DMA_MemDataSize == DMA_DATA_WIDTH_WORD)
   \                     ??Dma__Initialize_12: (+1)
   \   000000A2   0x2802             CMP      R0,#+2
   \   000000A4   0xD103             BNE      ??Dma__Initialize_13
    185                  {
    186                      tmpreg |= DMA_CCR_MSIZE_1;
   \   000000A6   0x0028             MOVS     R0,R5
   \   000000A8   0x2580             MOVS     R5,#+128
   \   000000AA   0x012D             LSLS     R5,R5,#+4        ;; #+2048
   \   000000AC   0x4305             ORRS     R5,R5,R0
    187                  }
    188          
    189                  // Set PL bits according to DMA_Priority value
    190                  tmpreg |= (DMA_InitStruct->DMA_Priority & 0x03) << 12;
    191          
    192          
    193                  // Write to DMA Channel CCR
    194                  DMA_CHANNEL[dma_index]->CCR = tmpreg;
   \                     ??Dma__Initialize_13: (+1)
   \   000000AE   0x00A1             LSLS     R1,R4,#+2
   \   000000B0   0x....             ADR.N    R0,DMA_CHANNEL
   \   000000B2   0x5840             LDR      R0,[R0, R1]
   \   000000B4   0x7C13             LDRB     R3,[R2, #+16]
   \   000000B6   0x031B             LSLS     R3,R3,#+12
   \   000000B8   0x26C0             MOVS     R6,#+192
   \   000000BA   0x01B6             LSLS     R6,R6,#+6        ;; #+12288
   \   000000BC   0x401E             ANDS     R6,R6,R3
   \   000000BE   0x432E             ORRS     R6,R6,R5
   \   000000C0   0x6006             STR      R6,[R0, #+0]
    195          
    196                  // Write to DMA Channel CNDTR
    197                  DMA_CHANNEL[dma_index]->CNDTR = DMA_InitStruct->DMA_BufferSize;
   \   000000C2   0x8953             LDRH     R3,[R2, #+10]
   \   000000C4   0x6043             STR      R3,[R0, #+4]
    198          
    199                  // Write to DMA Channel CPAR
    200                  DMA_CHANNEL[dma_index]->CPAR = DMA_InitStruct->DMA_PeriBaseAddr;
   \   000000C6   0x6813             LDR      R3,[R2, #+0]
   \   000000C8   0x6083             STR      R3,[R0, #+8]
    201          
    202                  // Write to DMA Channel CMAR
    203                  DMA_CHANNEL[dma_index]->CMAR = DMA_InitStruct->DMA_MemBaseAddr;
   \   000000CA   0x6853             LDR      R3,[R2, #+4]
   \   000000CC   0x60C3             STR      R3,[R0, #+12]
    204          
    205                  //DMA MUX
    206                  DMAMUX1_CHANNELSTATUS.CFR = 1<< (dma_index-1);
   \   000000CE   0x2001             MOVS     R0,#+1
   \   000000D0   0x1E63             SUBS     R3,R4,#+1
   \   000000D2   0x0004             MOVS     R4,R0
   \   000000D4   0x409C             LSLS     R4,R4,R3
   \   000000D6   0x....             LDR      R3,??DataTable6  ;; 0x40020884
   \   000000D8   0x601C             STR      R4,[R3, #+0]
    207          
    208                  DMAMUX1.CCR[dma_index-1] = DMA_InitStruct->DMAMux_Request_ID;
   \   000000DA   0x7C52             LDRB     R2,[R2, #+17]
   \   000000DC   0x3B84             SUBS     R3,R3,#+132
   \   000000DE   0x1859             ADDS     R1,R3,R1
   \   000000E0   0x1F09             SUBS     R1,R1,#+4
   \   000000E2   0x600A             STR      R2,[R1, #+0]
    209          
    210          
    211                  ret = DMA_RETURN_SUCCESS;
    212              }
    213          
    214              return (ret);
   \                     ??Dma__Initialize_2: (+1)
   \   000000E4   0xBC70             POP      {R4-R6}
   \   000000E6   0x4770             BX       LR               ;; return
    215          }
    216          
    217          //---------------------------------------------------------------------------------------------------------------------
    218          /**
    219           * @brief    Starts the Dma transfer.
    220           * @details  Before calling this Channel should be initialized by calling Dma__Initialize() API
    221           *
    222           * @param    dma_engine  : Specify the Dma Engine
    223           * @param    channel     : Defines the specific Dma channel from the DMA_CHANNEL_TYPE
    224           * @param    DataNumber  : Number of data to be transfer
    225           *
    226           * @return   BOOL_TYPE
    227           *      @retval TRUE : Dma data transfer started.
    228           *      @retval FALSE: Dma data transfer failed.
    229           */

   \                                 In section .text, align 4, keep-with-next
    230          BOOL_TYPE Dma__StartTransfer(DMA_ENGINE_TYPE dma_engine, DMA_CHANNEL_TYPE channel, DMA_SIZE_TYPE DataNumber)
    231          {
   \                     Dma__StartTransfer: (+1)
   \   00000000   0xB430             PUSH     {R4,R5}
   \   00000002   0x0003             MOVS     R3,R0
    232              BOOL_TYPE status;
    233              uint8 dma_index;
    234          
    235              status = FALSE;
   \   00000004   0x2000             MOVS     R0,#+0
    236          
    237              dma_index = INVALID_DMA_INDEX;
   \   00000006   0x24FF             MOVS     R4,#+255
    238          
    239              if (channel)
   \   00000008   0x000D             MOVS     R5,R1
   \   0000000A   0xD00C             BEQ      ??Dma__StartTransfer_0
    240              {
    241                  if (dma_engine == DMA_ENGINE1)
   \   0000000C   0x2B01             CMP      R3,#+1
   \   0000000E   0xD103             BNE      ??Dma__StartTransfer_1
    242                  {
    243                      if(channel <= DMA1_MAX_CHANNEL )
   \   00000010   0x2908             CMP      R1,#+8
   \   00000012   0xDA08             BGE      ??Dma__StartTransfer_0
    244                      {
    245                          dma_index = channel;
   \   00000014   0x000C             MOVS     R4,R1
   \   00000016   0xE006             B        ??Dma__StartTransfer_0
    246                      }
    247                  }
    248          
    249                  else if (dma_engine == DMA_ENGINE2)
   \                     ??Dma__StartTransfer_1: (+1)
   \   00000018   0x2B02             CMP      R3,#+2
   \   0000001A   0xD104             BNE      ??Dma__StartTransfer_0
    250                  {
    251                      if(channel <= DMA2_MAX_CHANNEL )
   \   0000001C   0x2906             CMP      R1,#+6
   \   0000001E   0xDA02             BGE      ??Dma__StartTransfer_0
    252                      {
    253                          dma_index = DMA1_MAX_CHANNEL + channel;
   \   00000020   0x1DC9             ADDS     R1,R1,#+7
   \   00000022   0xB2C9             UXTB     R1,R1
   \   00000024   0x000C             MOVS     R4,R1
    254                      }
    255                  }
    256              }
    257          
    258              if (dma_index != INVALID_DMA_INDEX)
   \                     ??Dma__StartTransfer_0: (+1)
   \   00000026   0x2CFF             CMP      R4,#+255
   \   00000028   0xD014             BEQ      ??Dma__StartTransfer_2
    259              {
    260                  if ((DMA_CHANNEL[dma_index]->CNDTR) == 0)
   \   0000002A   0xBF00             Nop      
   \   0000002C   0x....             ADR.N    R1,DMA_CHANNEL
   \   0000002E   0x00A3             LSLS     R3,R4,#+2
   \   00000030   0x58C9             LDR      R1,[R1, R3]
   \   00000032   0x684B             LDR      R3,[R1, #+4]
   \   00000034   0x2B00             CMP      R3,#+0
   \   00000036   0xD10D             BNE      ??Dma__StartTransfer_2
    261                  {
    262                      //Disable the DMA channel to initiate the new transfer
    263                      DMA_CHANNEL[dma_index]->CCR &= (uint16)(~DMA_CCR_EN);
   \   00000038   0x6808             LDR      R0,[R1, #+0]
   \   0000003A   0x....             LDR      R3,??DataTable6_1  ;; 0xfffe
   \   0000003C   0x4003             ANDS     R3,R3,R0
   \   0000003E   0x600B             STR      R3,[R1, #+0]
    264          
    265                      //Set the data size to be transfered
    266                      DMA_CHANNEL[dma_index]->CNDTR = DataNumber;
   \   00000040   0x604A             STR      R2,[R1, #+4]
    267          
    268                      //DMA MUX
    269                      DMAMUX1_CHANNELSTATUS.CFR = 1<< (dma_index-1);
   \   00000042   0x2001             MOVS     R0,#+1
   \   00000044   0x1E62             SUBS     R2,R4,#+1
   \   00000046   0x0003             MOVS     R3,R0
   \   00000048   0x4093             LSLS     R3,R3,R2
   \   0000004A   0x....             LDR      R2,??DataTable6  ;; 0x40020884
   \   0000004C   0x6013             STR      R3,[R2, #+0]
    270          
    271          
    272                      //Enable the DMA channel
    273                      DMA_CHANNEL[dma_index]->CCR |= DMA_CCR_EN;
   \   0000004E   0x680A             LDR      R2,[R1, #+0]
   \   00000050   0x4302             ORRS     R2,R2,R0
   \   00000052   0x600A             STR      R2,[R1, #+0]
    274          
    275                      status = TRUE;
    276                  }
    277              }
    278          
    279              return (status);
   \                     ??Dma__StartTransfer_2: (+1)
   \   00000054   0xBC30             POP      {R4,R5}
   \   00000056   0x4770             BX       LR               ;; return
    280          }
    281          
    282          //---------------------------------------------------------------------------------------------------------------------
    283          /**
    284           * @brief    Stops the Dma transfer.
    285           * @details
    286           *
    287           * @param  dma_engine : Specify the Dma Engine
    288           * @param  channel    : Defines the specific Dma channel from the DMA_CHANNEL_TYPE
    289           */

   \                                 In section .text, align 4, keep-with-next
    290          void Dma__StopTransfer(DMA_ENGINE_TYPE dma_engine, DMA_CHANNEL_TYPE channel)
    291          {
    292              uint8 dma_index;
    293          
    294              dma_index = INVALID_DMA_INDEX;
   \                     Dma__StopTransfer: (+1)
   \   00000000   0x22FF             MOVS     R2,#+255
    295          
    296              if (channel)
   \   00000002   0x000B             MOVS     R3,R1
   \   00000004   0xD00C             BEQ      ??Dma__StopTransfer_0
    297              {
    298                  if (dma_engine == DMA_ENGINE1)
   \   00000006   0x2801             CMP      R0,#+1
   \   00000008   0xD103             BNE      ??Dma__StopTransfer_1
    299                  {
    300                      if(channel <= DMA1_MAX_CHANNEL )
   \   0000000A   0x2908             CMP      R1,#+8
   \   0000000C   0xDA08             BGE      ??Dma__StopTransfer_0
    301                      {
    302                          dma_index = channel;
   \   0000000E   0x000A             MOVS     R2,R1
   \   00000010   0xE006             B        ??Dma__StopTransfer_0
    303                      }
    304                  }
    305          
    306                  else if (dma_engine == DMA_ENGINE2)
   \                     ??Dma__StopTransfer_1: (+1)
   \   00000012   0x2802             CMP      R0,#+2
   \   00000014   0xD104             BNE      ??Dma__StopTransfer_0
    307                  {
    308                      if(channel <= DMA2_MAX_CHANNEL )
   \   00000016   0x2906             CMP      R1,#+6
   \   00000018   0xDA02             BGE      ??Dma__StopTransfer_0
    309                      {
    310                          dma_index = DMA1_MAX_CHANNEL + channel;
   \   0000001A   0x1DC9             ADDS     R1,R1,#+7
   \   0000001C   0xB2C9             UXTB     R1,R1
   \   0000001E   0x000A             MOVS     R2,R1
    311                      }
    312                  }
    313              }
    314          
    315              if (dma_index != INVALID_DMA_INDEX)
   \                     ??Dma__StopTransfer_0: (+1)
   \   00000020   0x2AFF             CMP      R2,#+255
   \   00000022   0xD008             BEQ      ??Dma__StopTransfer_2
    316              {
    317                      //Disable the DMA channel to initiate the new transfer
    318                      DMA_CHANNEL[dma_index]->CCR &= (uint16)(~DMA_CCR_EN);
   \   00000024   0x....             ADR.N    R0,DMA_CHANNEL
   \   00000026   0x0091             LSLS     R1,R2,#+2
   \   00000028   0x5840             LDR      R0,[R0, R1]
   \   0000002A   0x6801             LDR      R1,[R0, #+0]
   \   0000002C   0x....             LDR      R2,??DataTable6_1  ;; 0xfffe
   \   0000002E   0x400A             ANDS     R2,R2,R1
   \   00000030   0x6002             STR      R2,[R0, #+0]
    319          
    320                      //Set the data size to be transfered
    321                      DMA_CHANNEL[dma_index]->CNDTR = 0;
   \   00000032   0x2100             MOVS     R1,#+0
   \   00000034   0x6041             STR      R1,[R0, #+4]
    322              }
    323          }
   \                     ??Dma__StopTransfer_2: (+1)
   \   00000036   0x4770             BX       LR               ;; return
    324          
    325          //---------------------------------------------------------------------------------------------------------------------
    326          /**
    327            * @brief  Enables the specified DMA channel
    328            *
    329            * @param  dma_engine : Specify the Dma Engine
    330            * @param  channel    : Defines the specific Dma channel from the DMA_CHANNEL_TYPE
    331            */

   \                                 In section .text, align 4, keep-with-next
    332          void Dma__Enable(DMA_ENGINE_TYPE dma_engine, DMA_CHANNEL_TYPE channel)
    333          {
    334              uint8 dma_index;
    335          
    336              dma_index = INVALID_DMA_INDEX;
   \                     Dma__Enable: (+1)
   \   00000000   0x22FF             MOVS     R2,#+255
    337          
    338              if (channel)
   \   00000002   0x000B             MOVS     R3,R1
   \   00000004   0xD00B             BEQ      ??Dma__Enable_0
    339              {
    340                  if (dma_engine == DMA_ENGINE1)
   \   00000006   0x2801             CMP      R0,#+1
   \   00000008   0xD103             BNE      ??Dma__Enable_1
    341                  {
    342                      if(channel <= DMA1_MAX_CHANNEL )
   \   0000000A   0x2908             CMP      R1,#+8
   \   0000000C   0xDA07             BGE      ??Dma__Enable_0
    343                      {
    344                          dma_index = channel;
   \   0000000E   0x000A             MOVS     R2,R1
   \   00000010   0xE005             B        ??Dma__Enable_0
    345                      }
    346                  }
    347          
    348                  else if (dma_engine == DMA_ENGINE2)
   \                     ??Dma__Enable_1: (+1)
   \   00000012   0x2802             CMP      R0,#+2
   \   00000014   0xD103             BNE      ??Dma__Enable_0
    349                  {
    350                      if(channel <= DMA2_MAX_CHANNEL )
   \   00000016   0x2906             CMP      R1,#+6
   \   00000018   0xDA01             BGE      ??Dma__Enable_0
    351                      {
    352                          dma_index = DMA1_MAX_CHANNEL + channel;
   \   0000001A   0x1DC9             ADDS     R1,R1,#+7
   \   0000001C   0x000A             MOVS     R2,R1
    353                      }
    354                  }
    355              }
    356          
    357              if (dma_index != INVALID_DMA_INDEX)
   \                     ??Dma__Enable_0: (+1)
   \   0000001E   0xB2D2             UXTB     R2,R2
   \   00000020   0x2AFF             CMP      R2,#+255
   \   00000022   0xD006             BEQ      ??Dma__Enable_2
    358              {
    359                  DMA_CHANNEL[dma_index]->CCR |= DMA_CCR_EN;
   \   00000024   0x....             ADR.N    R0,DMA_CHANNEL
   \   00000026   0x0091             LSLS     R1,R2,#+2
   \   00000028   0x5840             LDR      R0,[R0, R1]
   \   0000002A   0x6801             LDR      R1,[R0, #+0]
   \   0000002C   0x2201             MOVS     R2,#+1
   \   0000002E   0x430A             ORRS     R2,R2,R1
   \   00000030   0x6002             STR      R2,[R0, #+0]
    360              }
    361          }
   \                     ??Dma__Enable_2: (+1)
   \   00000032   0x4770             BX       LR               ;; return
    362          
    363          //---------------------------------------------------------------------------------------------------------------------
    364          /**
    365            * @brief  Disables the specified DMAy Channelx.
    366            *
    367            * @param  dma_engine : Specify the Dma Engine
    368            * @param  channel    : Defines the specific Dma channel from the DMA_CHANNEL_TYPE
    369            */

   \                                 In section .text, align 4, keep-with-next
    370          void Dma__Disable(DMA_ENGINE_TYPE dma_engine, DMA_CHANNEL_TYPE channel)
    371          {
    372              uint8 dma_index;
    373          
    374              dma_index = INVALID_DMA_INDEX;
   \                     Dma__Disable: (+1)
   \   00000000   0x22FF             MOVS     R2,#+255
    375          
    376              if (channel)
   \   00000002   0x000B             MOVS     R3,R1
   \   00000004   0xD00B             BEQ      ??Dma__Disable_0
    377              {
    378                  if (dma_engine == DMA_ENGINE1)
   \   00000006   0x2801             CMP      R0,#+1
   \   00000008   0xD103             BNE      ??Dma__Disable_1
    379                  {
    380                      if(channel <= DMA1_MAX_CHANNEL )
   \   0000000A   0x2908             CMP      R1,#+8
   \   0000000C   0xDA07             BGE      ??Dma__Disable_0
    381                      {
    382                          dma_index = channel;
   \   0000000E   0x000A             MOVS     R2,R1
   \   00000010   0xE005             B        ??Dma__Disable_0
    383                      }
    384                  }
    385          
    386                  else if (dma_engine == DMA_ENGINE2)
   \                     ??Dma__Disable_1: (+1)
   \   00000012   0x2802             CMP      R0,#+2
   \   00000014   0xD103             BNE      ??Dma__Disable_0
    387                  {
    388                      if(channel <= DMA2_MAX_CHANNEL )
   \   00000016   0x2906             CMP      R1,#+6
   \   00000018   0xDA01             BGE      ??Dma__Disable_0
    389                      {
    390                          dma_index = DMA1_MAX_CHANNEL + channel;
   \   0000001A   0x1DC9             ADDS     R1,R1,#+7
   \   0000001C   0x000A             MOVS     R2,R1
    391                      }
    392                  }
    393              }
    394          
    395              if (dma_index != INVALID_DMA_INDEX)
   \                     ??Dma__Disable_0: (+1)
   \   0000001E   0xB2D2             UXTB     R2,R2
   \   00000020   0x2AFF             CMP      R2,#+255
   \   00000022   0xD006             BEQ      ??Dma__Disable_2
    396              {
    397                  DMA_CHANNEL[dma_index]->CCR &= (uint16)(~DMA_CCR_EN);
   \   00000024   0x....             ADR.N    R0,DMA_CHANNEL
   \   00000026   0x0091             LSLS     R1,R2,#+2
   \   00000028   0x5840             LDR      R0,[R0, R1]
   \   0000002A   0x6801             LDR      R1,[R0, #+0]
   \   0000002C   0x....             LDR      R2,??DataTable6_1  ;; 0xfffe
   \   0000002E   0x400A             ANDS     R2,R2,R1
   \   00000030   0x6002             STR      R2,[R0, #+0]
    398              }
    399          }
   \                     ??Dma__Disable_2: (+1)
   \   00000032   0x4770             BX       LR               ;; return
    400          
    401          //---------------------------------------------------------------------------------------------------------------------
    402          /**
    403            * @brief  Returns the number of remaining data units in the current
    404            *         DMAy Channelx transfer.
    405            *
    406            * @param  dma_engine : Specify the Dma Engine
    407            * @param  channel    : Defines the specific Dma channel from the DMA_CHANNEL_TYPE
    408            *
    409            * @retval The number of remaining data units in the current DMAy Channelx
    410            *         transfer.
    411            */

   \                                 In section .text, align 4, keep-with-next
    412          DMA_SIZE_TYPE Dma__GetCurrDataCounter(DMA_ENGINE_TYPE dma_engine, DMA_CHANNEL_TYPE channel)
    413          {
    414              uint8 dma_index;
    415          
    416              dma_index = INVALID_DMA_INDEX;
   \                     Dma__GetCurrDataCounter: (+1)
   \   00000000   0x22FF             MOVS     R2,#+255
    417          
    418              if (channel)
   \   00000002   0x000B             MOVS     R3,R1
   \   00000004   0xD00B             BEQ      ??Dma__GetCurrDataCounter_0
    419              {
    420                  if (dma_engine == DMA_ENGINE1)
   \   00000006   0x2801             CMP      R0,#+1
   \   00000008   0xD103             BNE      ??Dma__GetCurrDataCounter_1
    421                  {
    422                      if(channel <= DMA1_MAX_CHANNEL )
   \   0000000A   0x2908             CMP      R1,#+8
   \   0000000C   0xDA07             BGE      ??Dma__GetCurrDataCounter_0
    423                      {
    424                          dma_index = channel;
   \   0000000E   0x000A             MOVS     R2,R1
   \   00000010   0xE005             B        ??Dma__GetCurrDataCounter_0
    425                      }
    426                  }
    427          
    428                  else if (dma_engine == DMA_ENGINE2)
   \                     ??Dma__GetCurrDataCounter_1: (+1)
   \   00000012   0x2802             CMP      R0,#+2
   \   00000014   0xD103             BNE      ??Dma__GetCurrDataCounter_0
    429                  {
    430                      if(channel <= DMA2_MAX_CHANNEL )
   \   00000016   0x2906             CMP      R1,#+6
   \   00000018   0xDA01             BGE      ??Dma__GetCurrDataCounter_0
    431                      {
    432                          dma_index = DMA1_MAX_CHANNEL + channel;
   \   0000001A   0x1DC9             ADDS     R1,R1,#+7
   \   0000001C   0x000A             MOVS     R2,R1
    433                      }
    434                  }
    435              }
    436          
    437              if (dma_index != INVALID_DMA_INDEX)
   \                     ??Dma__GetCurrDataCounter_0: (+1)
   \   0000001E   0xB2D2             UXTB     R2,R2
   \   00000020   0x2AFF             CMP      R2,#+255
   \   00000022   0xD005             BEQ      ??Dma__GetCurrDataCounter_2
    438              {
    439                // Return the number of remaining data units for DMAy Channelx
    440                return ((DMA_SIZE_TYPE)(DMA_CHANNEL[dma_index]->CNDTR));
   \   00000024   0x....             ADR.N    R0,DMA_CHANNEL
   \   00000026   0x0091             LSLS     R1,R2,#+2
   \   00000028   0x5840             LDR      R0,[R0, R1]
   \   0000002A   0x6840             LDR      R0,[R0, #+4]
   \   0000002C   0xB280             UXTH     R0,R0
   \   0000002E   0x4770             BX       LR
    441              }
    442              else
    443              {
    444                  return(0);
   \                     ??Dma__GetCurrDataCounter_2: (+1)
   \   00000030   0x2000             MOVS     R0,#+0
   \   00000032   0x4770             BX       LR               ;; return
    445              }
    446          
    447          }
    448          
    449          //---------------------------------------------------------------------------------------------------------------------
    450          /**
    451            * @brief  Returns the status of the specified Dma channel.
    452            *
    453            * @param  dma_engine : Specify the Dma Engine
    454            * @param  channel    : Defines the specific Dma channel from the DMA_CHANNEL_TYPE
    455            * @retval DMA_TRANSFER_STATUS_TYPE-
    456            *      @retval DMA_TRANSFER_IDLE      : Dma channel is in idle state
    457            *      @retval DMA_TRANSFER_ERROR     : Dma channel encountered data transfer error
    458            *      @retval DMA_TRANSFER_ONGOING   : Dma channel is transferring data
    459            *      @retval DMA_TRANSFER_COMPLETE  : Dma channel completed data transfer
    460            */

   \                                 In section .text, align 4, keep-with-next
    461          DMA_TRANSFER_STATUS_TYPE Dma__GetFlagStatus(DMA_ENGINE_TYPE dma_engine, DMA_CHANNEL_TYPE channel)
    462          {
   \                     Dma__GetFlagStatus: (+1)
   \   00000000   0xB430             PUSH     {R4,R5}
   \   00000002   0x0002             MOVS     R2,R0
    463              DMA_TRANSFER_STATUS_TYPE status;
    464              uint8 dma_index;
    465          
    466          
    467              status = DMA_TRANSFER_IDLE;
   \   00000004   0x2000             MOVS     R0,#+0
    468          
    469              dma_index = INVALID_DMA_INDEX;
   \   00000006   0x23FF             MOVS     R3,#+255
    470          
    471              if (channel)
   \   00000008   0x000C             MOVS     R4,R1
   \   0000000A   0xD00C             BEQ      ??Dma__GetFlagStatus_0
    472              {
    473                  if (dma_engine == DMA_ENGINE1)
   \   0000000C   0x2A01             CMP      R2,#+1
   \   0000000E   0xD103             BNE      ??Dma__GetFlagStatus_1
    474                  {
    475                      if(channel <= DMA1_MAX_CHANNEL )
   \   00000010   0x2908             CMP      R1,#+8
   \   00000012   0xDA08             BGE      ??Dma__GetFlagStatus_0
    476                      {
    477                          dma_index = channel;
   \   00000014   0x000B             MOVS     R3,R1
   \   00000016   0xE006             B        ??Dma__GetFlagStatus_0
    478                      }
    479                  }
    480          
    481                  else if (dma_engine == DMA_ENGINE2)
   \                     ??Dma__GetFlagStatus_1: (+1)
   \   00000018   0x2A02             CMP      R2,#+2
   \   0000001A   0xD104             BNE      ??Dma__GetFlagStatus_0
    482                  {
    483                      if(channel <= DMA2_MAX_CHANNEL )
   \   0000001C   0x2906             CMP      R1,#+6
   \   0000001E   0xDA02             BGE      ??Dma__GetFlagStatus_0
    484                      {
    485                          dma_index = DMA1_MAX_CHANNEL + channel;
   \   00000020   0x1DC9             ADDS     R1,R1,#+7
   \   00000022   0xB2C9             UXTB     R1,R1
   \   00000024   0x000B             MOVS     R3,R1
    486                      }
    487                  }
    488              }
    489          
    490              if (dma_index != INVALID_DMA_INDEX)
   \                     ??Dma__GetFlagStatus_0: (+1)
   \   00000026   0x2BFF             CMP      R3,#+255
   \   00000028   0xD031             BEQ      ??Dma__GetFlagStatus_2
    491              {
    492                  if ((DMA_CHANNEL[dma_index]->CNDTR) != 0)
   \   0000002A   0xBF00             Nop      
   \   0000002C   0x....             ADR.N    R1,DMA_CHANNEL
   \   0000002E   0x009A             LSLS     R2,R3,#+2
   \   00000030   0x5889             LDR      R1,[R1, R2]
   \   00000032   0x6849             LDR      R1,[R1, #+4]
   \   00000034   0x2900             CMP      R1,#+0
   \   00000036   0xD001             BEQ      ??Dma__GetFlagStatus_3
    493                  {
    494                      status = DMA_TRANSFER_ONGOING;
   \   00000038   0x2002             MOVS     R0,#+2
   \   0000003A   0xE028             B        ??Dma__GetFlagStatus_2
    495                  }
    496                  else
    497                  {
    498                      if (dma_index <= DMA1_MAX_CHANNEL)
   \                     ??Dma__GetFlagStatus_3: (+1)
   \   0000003C   0x0019             MOVS     R1,R3
   \   0000003E   0x0089             LSLS     R1,R1,#+2
   \   00000040   0x2408             MOVS     R4,#+8
   \   00000042   0x408C             LSLS     R4,R4,R1
   \   00000044   0x2B08             CMP      R3,#+8
   \   00000046   0xDA11             BGE      ??Dma__GetFlagStatus_4
    499                      {
    500                          // Check the status of the specified DMA flag
    501                          if ((DMA1.ISR & (DMA_ISR_TEIF1 <<dma_index*4)) != FALSE)
   \   00000048   0x....             LDR      R2,??DataTable6_2  ;; 0x40020000
   \   0000004A   0x6815             LDR      R5,[R2, #+0]
   \   0000004C   0x402C             ANDS     R4,R4,R5
   \   0000004E   0xD001             BEQ      ??Dma__GetFlagStatus_5
    502                          {
    503                              status = DMA_TRANSFER_ERROR;
   \   00000050   0x2001             MOVS     R0,#+1
   \   00000052   0xE005             B        ??Dma__GetFlagStatus_6
    504                          }
    505                          else if ((DMA1.ISR & (DMA_ISR_TCIF1 <<dma_index*4)) != FALSE)
   \                     ??Dma__GetFlagStatus_5: (+1)
   \   00000054   0x6814             LDR      R4,[R2, #+0]
   \   00000056   0x2502             MOVS     R5,#+2
   \   00000058   0x408D             LSLS     R5,R5,R1
   \   0000005A   0x4025             ANDS     R5,R5,R4
   \   0000005C   0xD000             BEQ      ??Dma__GetFlagStatus_6
    506                          {
    507                              status = DMA_TRANSFER_COMPLETE;
   \   0000005E   0x2003             MOVS     R0,#+3
    508                          }
    509          
    510                          //Clear all the flags
    511                          DMA1.IFCR &= (uint32)(~((uint32)(1 << dma_index)));
   \                     ??Dma__GetFlagStatus_6: (+1)
   \   00000060   0x6851             LDR      R1,[R2, #+4]
   \   00000062   0x2401             MOVS     R4,#+1
   \   00000064   0x409C             LSLS     R4,R4,R3
   \   00000066   0x43A1             BICS     R1,R1,R4
   \   00000068   0x6051             STR      R1,[R2, #+4]
   \   0000006A   0xE010             B        ??Dma__GetFlagStatus_2
    512                      }
    513                      else
    514                      {
    515                          // Check the status of the specified DMA flag
    516                          if ((DMA2.ISR & (DMA_ISR_TEIF1 <<dma_index*4)) != FALSE)
   \                     ??Dma__GetFlagStatus_4: (+1)
   \   0000006C   0x....             LDR      R2,??DataTable6_3  ;; 0x40020400
   \   0000006E   0x6815             LDR      R5,[R2, #+0]
   \   00000070   0x402C             ANDS     R4,R4,R5
   \   00000072   0xD001             BEQ      ??Dma__GetFlagStatus_7
    517                          {
    518                              status = DMA_TRANSFER_ERROR;
   \   00000074   0x2001             MOVS     R0,#+1
   \   00000076   0xE005             B        ??Dma__GetFlagStatus_8
    519                          }
    520                          else if ((DMA2.ISR & (DMA_ISR_TCIF1 <<dma_index*4)) != FALSE)
   \                     ??Dma__GetFlagStatus_7: (+1)
   \   00000078   0x6814             LDR      R4,[R2, #+0]
   \   0000007A   0x2502             MOVS     R5,#+2
   \   0000007C   0x408D             LSLS     R5,R5,R1
   \   0000007E   0x4025             ANDS     R5,R5,R4
   \   00000080   0xD000             BEQ      ??Dma__GetFlagStatus_8
    521                          {
    522                              status = DMA_TRANSFER_COMPLETE;
   \   00000082   0x2003             MOVS     R0,#+3
    523                          }
    524          
    525                          //Clear all the flags
    526                          DMA2.IFCR &= (uint32)(~((uint32)(1 << dma_index)));
   \                     ??Dma__GetFlagStatus_8: (+1)
   \   00000084   0x6851             LDR      R1,[R2, #+4]
   \   00000086   0x2401             MOVS     R4,#+1
   \   00000088   0x409C             LSLS     R4,R4,R3
   \   0000008A   0x43A1             BICS     R1,R1,R4
   \   0000008C   0x6051             STR      R1,[R2, #+4]
    527                      }
    528                  }
    529              }
    530          
    531              // Return the DMA_FLAG status
    532              return  status;
   \                     ??Dma__GetFlagStatus_2: (+1)
   \   0000008E   0xBC30             POP      {R4,R5}
   \   00000090   0x4770             BX       LR               ;; return
    533          }

   \                                 In section .text, align 4, keep-with-next
   \                     ??DataTable5:
   \   00000000   0x40021038         DC32     0x40021038

   \                                 In section .text, align 4, keep-with-next
   \                     ??DataTable6:
   \   00000000   0x40020884         DC32     0x40020884

   \                                 In section .text, align 4, keep-with-next
   \                     ??DataTable6_1:
   \   00000000   0x0000FFFE         DC32     0xfffe

   \                                 In section .text, align 4, keep-with-next
   \                     ??DataTable6_2:
   \   00000000   0x40020000         DC32     0x40020000

   \                                 In section .text, align 4, keep-with-next
   \                     ??DataTable6_3:
   \   00000000   0x40020400         DC32     0x40020400
    534          
    535          //=====================================================================================================================
    536          //-------------------------------------- Private Functions ------------------------------------------------------------
    537          //=====================================================================================================================
    538          
    539          

   Maximum stack usage in bytes:

   .cstack Function
   ------- --------
       0   Dma__Disable
       0   Dma__Enable
       0   Dma__EngineInitialize
       0   Dma__GetCurrDataCounter
       8   Dma__GetFlagStatus
      12   Dma__Initialize
       8   Dma__StartTransfer
       0   Dma__StopTransfer


   Section sizes:

   Bytes  Function/Label
   -----  --------------
       4  ??DataTable5
       4  ??DataTable6
       4  ??DataTable6_1
       4  ??DataTable6_2
       4  ??DataTable6_3
      52  DMA_CHANNEL
      52  Dma__Disable
      52  Dma__Enable
      32  Dma__EngineInitialize
      52  Dma__GetCurrDataCounter
     146  Dma__GetFlagStatus
     232  Dma__Initialize
      88  Dma__StartTransfer
      56  Dma__StopTransfer

 
 782 bytes in section .text
 
 782 bytes of CODE memory

Errors: none
Warnings: 1
