###############################################################################
#
# IAR ANSI C/C++ Compiler V7.70.1.11437/W32 for ARM       28/Feb/2025  14:17:10
# Copyright 1999-2016 IAR Systems AB.
#
#    Cpu mode     =  thumb
#    Endian       =  little
#    Source file  =  
#        source/Category/Application/acu/Monitors/DoorOpeningSystemMonitor/DoorOpeningSystemMonitor.c
#    Command line =  
#        --cpu Cortex-M0+ -Om --debug -e --only_stdout --silent -D
#        ENABLE_JUMP_TO_APPLICATION_WITHOUT_IAP_FIRMWARE --no_wrap_diagnostics
#        -f config\tmp\include_path.lnt
#        (-I../Nucleus-Tools-SDK/embOS/arm/v4.26/source\
#        -I../Nucleus-Tools-SDK/iar/arm/v7.70/cx/inc\
#        -Isource/Category/Application/acu/CycleResume\
#        -Isource/Category/Application/acu/Monitors/AutostartFactoryCycleMonitor\
#        -Isource/Category/Application/acu/Monitors/CartridgeDetectionMonitor\
#        -Isource/Category/Application/acu/Monitors/DCLoadCurrentMonitor\
#        -Isource/Category/Application/acu/Monitors/DiverterFaultMonitor\
#        -Isource/Category/Application/acu/Monitors/DiverterLeakFaultMonitor\
#        -Isource/Category/Application/acu/Monitors/DoorMonitor\
#        -Isource/Category/Application/acu/Monitors/DoorOpeningSystemMonitor\
#        -Isource/Category/Application/acu/Monitors/FanMotorFaultMonitor\
#        -Isource/Category/Application/acu/Monitors/FaultStatusMonitor\
#        -Isource/Category/Application/acu/Monitors/FillValveStuckOn\
#        -Isource/Category/Application/acu/Monitors/FlowMeterFaultMonitor\
#        -Isource/Category/Application/acu/Monitors/HeatMonitor\
#        -Isource/Category/Application/acu/Monitors/HotHighPotMonitor\
#        -Isource/Category/Application/acu/Monitors/LITTFaultMonitor\
#        -Isource/Category/Application/acu/Monitors/LITTMonitor\
#        -Isource/Category/Application/acu/Monitors/McuGetDataMonitor\
#        -Isource/Category/Application/acu/Monitors/ModelMonitors/AirlockDetectionMonitor\
#        -Isource/Category/Application/acu/Monitors/ModelMonitors/AirlockDetectionMonitor/CodeGeneration\
#        -Isource/Category/Application/acu/Monitors/ModelMonitors/HeaterCalcificationDetectionModel\
#        -Isource/Category/Application/acu/Monitors/ModelMonitors/HeaterCalcificationDetectionModel/CodeGeneration\
#        -Isource/Category/Application/acu/Monitors/ModelMonitors/OWIVoltageRegulatedOutputModel\
#        -Isource/Category/Application/acu/Monitors/ModelMonitors/OWIVoltageRegulatedOutputModel/CodeGeneration\
#        -Isource/Category/Application/acu/Monitors/ModelMonitors/PluggingDetectionMonitor\
#        -Isource/Category/Application/acu/Monitors/ModelMonitors/PluggingDetectionMonitor/CodeGeneration\
#        -Isource/Category/Application/acu/Monitors/MoisturePreventionMonitor\
#        -Isource/Category/Application/acu/Monitors/OverfillMonitor\
#        -Isource/Category/Application/acu/Monitors/OWIMonitor\
#        -Isource/Category/Application/acu/Monitors/PilotRelayFaultMonitor\
#        -Isource/Category/Application/acu/Monitors/PilotRelayFaultMonitor/PilotRelayStuckClosedMonitor\
#        -Isource/Category/Application/acu/Monitors/PilotRelayFaultMonitor/PilotRelayStuckOpenMonitor\
#        -Isource/Category/Application/acu/Monitors/PORTimeMonitor\
#        -Isource/Category/Application/acu/Monitors/PumpFlushRequestMonitor\
#        -Isource/Category/Application/acu/Monitors/RinseAidMonitor\
#        -Isource/Category/Application/acu/Monitors/SaltSensingMonitor\
#        -Isource/Category/Application/acu/Monitors/StabilityControlLoopMonitor\
#        -Isource/Category/Application/acu/Monitors/StandbyManager\
#        -Isource/Category/Application/acu/Monitors/SupervisorExtMonitor\
#        -Isource/Category/Application/acu/Monitors/ThermistorFaultMonitor\
#        -Isource/Category/Application/acu/Monitors/ThermistorFaultMonitor/ThermistorOpenMonitor\
#        -Isource/Category/Application/acu/Monitors/ThermistorFaultMonitor/ThermistorShortedMonitor\
#        -Isource/Category/Application/acu/Monitors/TriacCurrentMonitor\
#        -Isource/Category/Application/acu/Monitors/TriacShortedDrainFaultMonitor\
#        -Isource/Category/Application/acu/Monitors/TriacVoltageMonitor\
#        -Isource/Category/Application/acu/Monitors/VoltageRangeMonitor\
#        -Isource/Category/Application/acu/Monitors/VSDrainMotorFaultMonitor\
#        -Isource/Category/Application/acu/Monitors/VwiMonitor\
#        -Isource/Category/Application/acu/Monitors/VwiZoneCompensationMonitor\
#        -Isource/Category/Application/acu/Monitors/WashHeaterFaultMonitor\
#        -Isource/Category/Application/acu/Monitors/WashHeaterFaultMonitor/HeaterLeakageToNeutralMonitor\
#        -Isource/Category/Application/acu/Monitors/WashHeaterFaultMonitor/HeaterLineRelayOpenMonitor\
#        -Isource/Category/Application/acu/Monitors/WashHeaterFaultMonitor/HeaterNeutralRelayOpenMonitor\
#        -Isource/Category/Application/acu/Monitors/WashHeaterFaultMonitor/HeaterOpenAndLineRelayClosedMonitor\
#        -Isource/Category/Application/acu/Monitors/WashHeaterFaultMonitor/HeaterOpenMonitor\
#        -Isource/Category/Application/acu/Monitors/WashMotorFaultMonitor\
#        -Isource/Category/Application/acu/Monitors/ZeroCrossMonitor\
#        -Isource/Category/Application/acu/Processes/AlternateCtrl\
#        -Isource/Category/Application/acu/Processes/Fill\
#        -Isource/Category/Application/acu/Processes/Fill/ClassAFill\
#        -Isource/Category/Application/acu/Processes/Fill/Fill\
#        -Isource/Category/Application/acu/Processes/Fill/TankDrain\
#        -Isource/Category/Application/acu/Processes/Fill/TankFill\
#        -Isource/Category/Application/acu/Processes/Heat\
#        -Isource/Category/Application/acu/Processes/ModelProcesses/OWICalibrationModel\
#        -Isource/Category/Application/acu/Processes/ModelProcesses/OWICalibrationModel/CodeGeneration\
#        -Isource/Category/Application/acu/Processes/ModelProcesses/PartialDrainModel\
#        -Isource/Category/Application/acu/Processes/ModelProcesses/PartialDrainModel/CodeGeneration\
#        -Isource/Category/Application/acu/Processes/ModelProcesses/SensedDrainModel\
#        -Isource/Category/Application/acu/Processes/ModelProcesses/SensedDrainModel/CodeGeneration\
#        -Isource/Category/Application/acu/Processes/OWI\
#        -Isource/Category/Application/acu/Processes/OWI_VRO\
#        -Isource/Category/Application/acu/Processes/OWIOneShot\
#        -Isource/Category/Application/acu/Processes/PumpControl\
#        -Isource/Category/Application/acu/Processes/Regenerate\
#        -Isource/Category/Application/acu/Processes/RinseAidDispense\
#        -Isource/Category/Application/acu/Processes/RinseAidDispense/RinseAid\
#        -Isource/Category/Application/acu/Processes/RinseAidDispense/TridgeDetergent\
#        -Isource/Category/Application/acu/Tasks/DoorOpeningSystemPull\
#        -Isource/Category/Application/acu/Tasks/DoorOpeningSystemPush\
#        -Isource/Category/Application/acu/Tasks/HeaterShadowing\
#        -Isource/Category/Application/acu/Tasks/MoisturePrevention\
#        -Isource/Category/Application/acu/Tasks/OWIContinousReading\
#        -Isource/Category/Application/acu/Tasks/OwiVroContinuousReading\
#        -Isource/Category/Application/acu/Tasks/Sanitization\
#        -Isource/Category/Application/acu/Tasks/StabilityControl\
#        -Isource/Category/Application/acu/Tasks/TimeElapse\
#        -Isource/Category/Application/acu/VWI\
#        -Isource/Category/Application/all/ActivePower\
#        -Isource/Category/Application/all/API007App\
#        -Isource/Category/Application/all/Config\
#        -Isource/Category/Common/acu/CommonDish/DishAuxVar\
#        -Isource/Category/Common/acu/CommonDish/PumpCommand\
#        -Isource/Category/Common/acu/CommonDish/StatisticsDish\
#        -Isource/Category/Common/all/BoardDebugging\
#        -Isource/Category/Common/all/Config\
#        -Isource/Category/Common/all/MasterCommander\
#        -Isource/Category/Common/all/MasterCommander/Source\
#        -Isource/Category/Common/all/MasterCommander/Source/HAL\
#        -Isource/Category/Common/all/SharedUtils\
#        -Isource/Category/Hbl/acu/ACULoadHandler/AlternateLoad\
#        -Isource/Category/Hbl/acuexpacu/ACUGIHandler/WaterCounterGI\
#        -Isource/Category/Hbl/acuexpacu/ACULoadHandler/HeaterLoad\
#        -Isource/Category/Hbl/acuexpacu/ACULoadHandler/TriacMci\
#        -Isource/Category/Hbl/all/Config\ -Isource/Category/Hbl/all/Mci\
#        -Isource/Category/Hbl/all/Mci/MciZeroCross\
#        -Isource/Category/Hbl/all/Mci/Slfac\
#        -Isource/Category/Hbl/all/Mci/Slfac/Macroblocks\
#        -Isource/Category/Hbl/all/Mci/Slfac/Microblocks/GlitchFilter\
#        -Isource/Category/Hbl/all/Mci/Slfac/Microblocks/IIRFilter\
#        -Isource/Category/Hbl/all/Mci/Slfac/Microblocks/MathCalc\
#        -Isource/Category/Hbl/all/Mci/Slfac/Microblocks/PeakDetector\
#        -Isource/Category/Hbl/all/Mci/Slfac/Microblocks/Pi\
#        -Isource/Category/Hbl/all/MCUDrivers/TimeCapture\
#        -Isource/Category/Hbl/all/MCUDrivers/TimerInterruptExt\
#        -Isource/Micros/STM32G0x/Driver/Atod\
#        -Isource/Micros/STM32G0x/Driver/DataFlash\
#        -Isource/Micros/STM32G0x/Driver/Dma\
#        -Isource/Micros/STM32G0x/Driver/Dtoa\
#        -Isource/Micros/STM32G0x/Driver/ExtInterrupt\
#        -Isource/Micros/STM32G0x/Driver/Flash\
#        -Isource/Micros/STM32G0x/Driver/Gpio\
#        -Isource/Micros/STM32G0x/Driver/I2c\
#        -Isource/Micros/STM32G0x/Driver/IntMgr\
#        -Isource/Micros/STM32G0x/Driver/Micro\
#        -Isource/Micros/STM32G0x/Driver/MicroExt\
#        -Isource/Micros/STM32G0x/Driver/Rtc\
#        -Isource/Micros/STM32G0x/Driver/RTCDriver\
#        -Isource/Micros/STM32G0x/Driver/Spi\
#        -Isource/Micros/STM32G0x/Driver/Timeout\
#        -Isource/Micros/STM32G0x/Driver/Timer\
#        -Isource/Micros/STM32G0x/Driver/TimerInterrupt\
#        -Isource/Micros/STM32G0x/Driver/Uart\
#        -Isource/ProjectSpecific/Application/acu/Config\
#        -Isource/ProjectSpecific/Application/acu/LowPower\
#        -Isource/ProjectSpecific/Application/acuexpacu/Config\
#        -Isource/ProjectSpecific/Application/all/Config\
#        -Isource/ProjectSpecific/Application/all/MCUDebug\
#        -Isource/ProjectSpecific/Application/all/ProductInfo\
#        -Isource/ProjectSpecific/Common/acu/Config\
#        -Isource/ProjectSpecific/Common/all/Config\
#        -Isource/ProjectSpecific/Common/all/Debug\
#        -Isource/ProjectSpecific/Common/all/SRConfig\
#        -Isource/ProjectSpecific/Driver/STM32G0x\
#        -Isource/ProjectSpecific/Hbl/acuexpacu/Config\
#        -Isource/ProjectSpecific/Hbl/acuexpacu/SRConfig\
#        -Isource/ProjectSpecific/Hbl/all/Config\
#        -Isource/ProjectSpecific/Hbl/all/Config/Mci\
#        -Isource/ProjectSpecific/Hbl/all/Config/Mci/MasterCommander\
#        -Isource/ProjectSpecific/Hbl/all/Config/Mci/MCUDrivers\
#        -Isource/ProjectSpecific/Hbl/all/SRConfig\
#        -Isource/XCategory/Application/acu/API221MotionCtrl\
#        -Isource/XCategory/Application/acu/Calibration\
#        -Isource/XCategory/Application/acu/Condition\
#        -Isource/XCategory/Application/acu/Estimator\
#        -Isource/XCategory/Application/acu/Interpreter\
#        -Isource/XCategory/Application/acu/Processes/ActivateTask\
#        -Isource/XCategory/Application/acu/Processes/JumpIf\
#        -Isource/XCategory/Application/acu/Processes/LoadsControl\
#        -Isource/XCategory/Application/acu/Processes/Maintain\
#        -Isource/XCategory/Application/acu/Processes/SetVariable\
#        -Isource/XCategory/Application/acu/RegulationAccept\
#        -Isource/XCategory/Application/acu/Selector\
#        -Isource/XCategory/Application/acu/SubCycle\
#        -Isource/XCategory/Application/acu/Supervisor\
#        -Isource/XCategory/Application/acu/TestMgr\
#        -Isource/XCategory/Application/acuexpacu/ApplianceMgr\
#        -Isource/XCategory/Application/acuhmi/CommunicationMonitor\
#        -Isource/XCategory/Application/acuhmi/Modifier\
#        -Isource/XCategory/Application/acuhmi/Regulations\
#        -Isource/XCategory/Application/acuhmi/Status\
#        -Isource/XCategory/Application/all/API007Data\
#        -Isource/XCategory/Application/all/API011AppCtr\
#        -Isource/XCategory/Application/all/API012Exp\
#        -Isource/XCategory/Application/all/API013RemoteFunction\
#        -Isource/XCategory/Application/all/API018Diagnostic\
#        -Isource/XCategory/Application/all/API220MotorControl\
#        -Isource/XCategory/Application/all/API220MotorControl/Api\
#        -Isource/XCategory/Application/all/Mode\
#        -Isource/XCategory/Application/all/Reveal_Basic/API003Disc\
#        -Isource/XCategory/Application/all/Reveal_Basic/API004Debug\
#        -Isource/XCategory/Application/all/Reveal_Basic/API004Debug/SW05SoftwareTest\
#        -Isource/XCategory/Application/all/Reveal_Basic/API005LowLevel\
#        -Isource/XCategory/Application/all/Reveal_Basic/API009System\
#        -Isource/XCategory/Application/all/Reveal_Basic/API010PollVar\
#        -Isource/XCategory/Application/all/Reveal_Basic/API019ProductInfo\
#        -Isource/XCategory/Application/all/SFUpdater\
#        -Isource/XCategory/Application/all/SRAPI020Safety\
#        -Isource/XCategory/Application/all/StatusLed\
#        -Isource/XCategory/Common/acu/BrownOut\
#        -Isource/XCategory/Common/acu/Fault\
#        -Isource/XCategory/Common/acu/Statistics\
#        -Isource/XCategory/Common/all/Common/Callback\
#        -Isource/XCategory/Common/all/Common/Convert\
#        -Isource/XCategory/Common/all/Common/Crc16\
#        -Isource/XCategory/Common/all/Common/Crc32\
#        -Isource/XCategory/Common/all/Common/Crc8\
#        -Isource/XCategory/Common/all/Common/Equation\
#        -Isource/XCategory/Common/all/Common/Filter\
#        -Isource/XCategory/Common/all/Common/FITMgr\
#        -Isource/XCategory/Common/all/Common/I2cMgr\
#        -Isource/XCategory/Common/all/Common/IAPEmul\
#        -Isource/XCategory/Common/all/Common/Log\
#        -Isource/XCategory/Common/all/Common/Millis\
#        -Isource/XCategory/Common/all/Common/SeggerRTT\
#        -Isource/XCategory/Common/all/Common/SeggerRTT/SEGGER_RTT/Config\
#        -Isource/XCategory/Common/all/Common/SeggerRTT/SEGGER_RTT/RTT\
#        -Isource/XCategory/Common/all/Common/SettingFile\
#        -Isource/XCategory/Common/all/Common/SFVersionCheck\
#        -Isource/XCategory/Common/all/Common/SystemConfig\
#        -Isource/XCategory/Common/all/Common/SystemTimers\
#        -Isource/XCategory/Common/all/Common/Utilities\
#        -Isource/XCategory/Common/all/Common/Variable\
#        -Isource/XCategory/Common/all/SRCommon/SRClockMonitor\
#        -Isource/XCategory/Common/all/SRCommon/SRData\
#        -Isource/XCategory/Common/all/SRCommon/SRException\
#        -Isource/XCategory/Common/all/SRCommon/SRIsrMonitor\
#        -Isource/XCategory/Common/all/SRCommon/SRPowerMgr\
#        -Isource/XCategory/Common/all/SRCommon/SRSignature\
#        -Isource/XCategory/Common/all/SRCommon/SRSystemConfig\
#        -Isource/XCategory/Common/all/SRCommon/SRTaskMonitor\
#        -Isource/XCategory/Common/all/SRCommon/SRTaskSequence\
#        -Isource/XCategory/Common/all/SRCommon/SRTimerReference\
#        -Isource/XCategory/Common/all/SRCommon/SRUnusedPinsConfig\
#        -Isource/XCategory/Common/all/SRMain\
#        -Isource/XCategory/Common/all/SRMain/BackgroundThreads\
#        -Isource/XCategory/Common/all/SRMain/OsServices\
#        -Isource/XCategory/Common/all/SRMain/StackAnalysis\
#        -Isource/XCategory/Common/all/SRMain/TimingAnalysis\
#        -Isource/XCategory/Driver/APIs/Atod\
#        -Isource/XCategory/Driver/APIs/Comparator\
#        -Isource/XCategory/Driver/APIs/DataFlash\
#        -Isource/XCategory/Driver/APIs/Dma\
#        -Isource/XCategory/Driver/APIs/Dtc\
#        -Isource/XCategory/Driver/APIs/Dtoa\
#        -Isource/XCategory/Driver/APIs/EmbOS\
#        -Isource/XCategory/Driver/APIs/ExtInterrupt\
#        -Isource/XCategory/Driver/APIs/Flash\
#        -Isource/XCategory/Driver/APIs/Gpio\
#        -Isource/XCategory/Driver/APIs/I2c\
#        -Isource/XCategory/Driver/APIs/IntMgr\
#        -Isource/XCategory/Driver/APIs/Micro\
#        -Isource/XCategory/Driver/APIs/MicroExt\
#        -Isource/XCategory/Driver/APIs/Rtc\
#        -Isource/XCategory/Driver/APIs/RTCDriver\
#        -Isource/XCategory/Driver/APIs/Spi\
#        -Isource/XCategory/Driver/APIs/Timeout\
#        -Isource/XCategory/Driver/APIs/Timer\
#        -Isource/XCategory/Driver/APIs/TimerInterrupt\
#        -Isource/XCategory/Driver/APIs/Touch\
#        -Isource/XCategory/Driver/APIs/Uart\
#        -Isource/XCategory/Hbl/acu/FdmCounter\
#        -Isource/XCategory/Hbl/acu/FdmTimer\
#        -Isource/XCategory/Hbl/acuexpacu/ACUGIHandler/ConvertGI\
#        -Isource/XCategory/Hbl/acuexpacu/ACUGIHandler/DirectGI\
#        -Isource/XCategory/Hbl/acuexpacu/ACUGIHandler/DoorSwitchGI\
#        -Isource/XCategory/Hbl/acuexpacu/ACUGIHandler/ProbeGI\
#        -Isource/XCategory/Hbl/acuexpacu/ACUGIHandler/ProbeLpsGI\
#        -Isource/XCategory/Hbl/acuexpacu/ACULoadHandler/DCFanLoad\
#        -Isource/XCategory/Hbl/acuexpacu/ACUPilotHandler/AnalogOutputPilot\
#        -Isource/XCategory/Hbl/acuexpacu/ACUPilotHandler/ChargePumpPilot\
#        -Isource/XCategory/Hbl/acuexpacu/ACUPilotHandler/DigitalOutputMultiPilot\
#        -Isource/XCategory/Hbl/acuexpacu/ACUPilotHandler/DigitalOutputPilot\
#        -Isource/XCategory/Hbl/acuexpacu/ACUPilotHandler/DoorLockEMPilot\
#        -Isource/XCategory/Hbl/acuexpacu/ACUPilotHandler/DoorLockWaxPilot\
#        -Isource/XCategory/Hbl/acuexpacu/ACUPilotHandler/ExpansionPilot\
#        -Isource/XCategory/Hbl/acuexpacu/ACUPilotHandler/ExternalMotorPilot\
#        -Isource/XCategory/Hbl/acuexpacu/ACUPilotHandler/FSMPilot\
#        -Isource/XCategory/Hbl/acuexpacu/ACUPilotHandler/MagnetronPilot\
#        -Isource/XCategory/Hbl/acuexpacu/ACUPilotHandler/MotorPilot\
#        -Isource/XCategory/Hbl/acuexpacu/ACUPilotHandler/MultiDriverPilot\
#        -Isource/XCategory/Hbl/acuexpacu/ACUPilotHandler/MultiSequencePilot\
#        -Isource/XCategory/Hbl/acuexpacu/ACUPilotHandler/NonfunctionalPilot\
#        -Isource/XCategory/Hbl/acuexpacu/ACUPilotHandler/PwmHiResPilot\
#        -Isource/XCategory/Hbl/acuexpacu/ACUPilotHandler/PwmPilot\
#        -Isource/XCategory/Hbl/acuexpacu/ACUPilotHandler/SRChargePumpPilot\
#        -Isource/XCategory/Hbl/acuexpacu/ACUPilotHandler/SRDigitalOutputMultiPilot\
#        -Isource/XCategory/Hbl/acuexpacu/ACUPilotHandler/SRDigitalOutputPilot\
#        -Isource/XCategory/Hbl/acuexpacu/ACUPilotHandler/SRDoorLockEMPilot\
#        -Isource/XCategory/Hbl/acuexpacu/ACUPilotHandler/SRDoorLockWaxPilot\
#        -Isource/XCategory/Hbl/acuexpacu/ACUPilotHandler/SRUMRelayPilot\
#        -Isource/XCategory/Hbl/acuexpacu/ACUPilotHandler/SteadyPwmProfilePilot\
#        -Isource/XCategory/Hbl/acuexpacu/ACUPilotHandler/StepperPilot\
#        -Isource/XCategory/Hbl/acuexpacu/ACUPilotHandler/TriacSwitchPilot\
#        -Isource/XCategory/Hbl/acuexpacu/ACUPilotHandler/ZCRelayPilot\
#        -Isource/XCategory/Hbl/acuexpacu/ACUPilotHandler/ZCTriacPilot\
#        -Isource/XCategory/Hbl/acuexpacu/HblAcu\
#        -Isource/XCategory/Hbl/acuexpacu/HblAcu/CrossLoads\
#        -Isource/XCategory/Hbl/acuexpacu/HblAcu/SetLoadQueue\
#        -Isource/XCategory/Hbl/acuexpacu/HblAcu/SRProductMgr\
#        -Isource/XCategory/Hbl/acuexpacu/HblAcu/ZeroCross\
#        -Isource/XCategory/Hbl/all/Hbl\
#        -Isource/XCategory/Hbl/all/Hbl/DefaultPin\
#        -Isource/XCategory/Hbl/all/Hbl/HblCommon\
#        -Isource/XCategory/Hbl/all/Hbl/VirtualPin\
#        -Isource/XCategory/Hbl/all/LLIHandler/AbsoluteHumidityLLI\
#        -Isource/XCategory/Hbl/all/LLIHandler/AccelerometerLLI\
#        -Isource/XCategory/Hbl/all/LLIHandler/AccelerometerLLI/AccelBaseline\
#        -Isource/XCategory/Hbl/all/LLIHandler/AccelerometerLLI/AccelDiscover\
#        -Isource/XCategory/Hbl/all/LLIHandler/AccelerometerLLI/FXLS8974\
#        -Isource/XCategory/Hbl/all/LLIHandler/AccelerometerLLI/FXLS8974/SelfTestFXLS8974\
#        -Isource/XCategory/Hbl/all/LLIHandler/AccelerometerLLI/LISxDH\
#        -Isource/XCategory/Hbl/all/LLIHandler/AnalogLLI\
#        -Isource/XCategory/Hbl/all/LLIHandler/ConductivityLLI\
#        -Isource/XCategory/Hbl/all/LLIHandler/DigitalLLI\
#        -Isource/XCategory/Hbl/all/LLIHandler/EncoderLLI\
#        -Isource/XCategory/Hbl/all/LLIHandler/ExpansionLLI\
#        -Isource/XCategory/Hbl/all/LLIHandler/FeedbackLLI\
#        -Isource/XCategory/Hbl/all/LLIHandler/I2CInfraredLLI\
#        -Isource/XCategory/Hbl/all/LLIHandler/I2CPressureSensorLLI\
#        -Isource/XCategory/Hbl/all/LLIHandler/I2CRHTSensorLLI\
#        -Isource/XCategory/Hbl/all/LLIHandler/InputCaptureLLI\
#        -Isource/XCategory/Hbl/all/LLIHandler/MultiInputLLI\
#        -Isource/XCategory/Hbl/all/LLIHandler/NonfunctionalLLI\
#        -Isource/XCategory/Hbl/all/LLIHandler/PulseCounterLLI\
#        -Isource/XCategory/Hbl/all/LLIHandler/SRAnalogLLI\
#        -Isource/XCategory/Hbl/all/LLIHandler/SRDigitalLLI\
#        -Isource/XCategory/Hbl/all/LLIHandler/SRFeedbackLLI\
#        -Isource/XCategory/Hbl/all/LLIHandler/SRI2CPressureSensorLLI\
#        -Isource/XCategory/Hbl/all/LLIHandler/SRICTachometerLLI\
#        -Isource/XCategory/Hbl/all/LLIHandler/SRInputCaptureLLI\
#        -Isource/XCategory/Hbl/all/LLIHandler/SRTouchKeyLLI\
#        -Isource/XCategory/Hbl/all/LLIHandler/SRTriacFeedbackLLI\
#        -Isource/XCategory/Hbl/all/LLIHandler/TouchKeyLLI\
#        -Isource/XCategory/Hbl/all/LLIHandler/TouchSliderLLI\
#        -Isource/XCategory/Hbl/all/LLIHandler/TouchWheelLLI\
#        -Isource/XCategory/Hbl/all/LLIHandler/TriacFeedbackLLI\
#        -Isource/XCategory/Hbl/all/LLIHandler/VirtualDigitalLLI\
#        -Isource/XCategory/Service/all/NVData\
#        -Isource/XCategory/Service/all/Reveal\
#        -Isource/XCategory/Service/all/Win\) -l
#        listings\DoorOpeningSystemMonitor.lst -o
#        obj\DoorOpeningSystemMonitor.obj
#        source/Category/Application/acu/Monitors/DoorOpeningSystemMonitor/DoorOpeningSystemMonitor.c
#    Locale       =  English_United States.1252
#    List file    =  listings\DoorOpeningSystemMonitor.lst
#    Object file  =  obj\DoorOpeningSystemMonitor.obj
#
###############################################################################

C:\Data\Nucleus_Dev\Vostok_ACU_A\source\Category\Application\acu\Monitors\DoorOpeningSystemMonitor\DoorOpeningSystemMonitor.c
      1          /**
      2           *  @file		DoorOpeningSystemMonitor.c
      3           *
      4           *  @brief		A monitor that manages the Door Opening System device, together with the DOS Push and DOS Pull tasks.
      5           *
      6           *  @details    Door Opening System (briefly DOS) is a device used to assist with the drying by opening the door of the dishwasher
      7           *  			releasing the moisture out of the tub at selected moment given by the cycle design.
      8           *  			Door Opening System monitor is used for the DOS overall management, and exchanges data with the DOS Push
      9           *  			and DOS Pull tasks, that are used to trigger the activation of the Push and of the Pull sequences.
     10           *
     11           */
     12          
     13          //  --- Include Files -------------------------------------------------------------------------------------------------
     14          
     15          // -- This Module --
     16          #include "C_Extensions.h"
     17          #include "DoorOpeningSystemMonitor.h"
     18          
     19          // -- Other Modules --
     20          #include "DishAuxVar.h"
     21          #include "DoorMonitor.h"
     22          #include "DoorOpeningSystemPush.h"
     23          #include "Hbl.h"
     24          #include "Log.h"
     25          #include "Micro.h"
     26          #include "NVData.h"
     27          
     28          //-------------------------------------- PUBLIC (Variables) -----------------------------------------------------------
     29          
     30          //-------------------------------------- PRIVATE (Variables, Constants & Defines) -------------------------------------
     31          //! The name of this module to be used by the Log module.
     32          #define MODULE_NAME MODULE_DOOR_OPENING_SYSTEM_MONITOR
     33          
     34          //! A list of log message IDs that are generated by this module.
     35          typedef enum MODULE_DOOR_OPENING_SYSTEM_MONITOR_LOG_MESSAGE_ID_ENUM
     36          {
     37          	ERROR_MISSING_PARAMETERS  = 1,
     38          } MODULE_DOOR_OPENING_SYSTEM_MONITOR_LOG_MESSAGE_ID_TYPE;
     39          
     40          //! The number of times that the DoorOpeningSystemMonitor__Execution function will be called every second while running.
     41          #define DOS_MONITOR_CALLS_PER_SECOND 	10U
     42          
     43          //! States of the Dos Pin State
     44          typedef enum DOS_PIN_STATE_ENUM
     45          {
     46          	DOS_PIN_NOT_INIT = 0,
     47          	DOS_PIN_FULLY_RETRACTED,
     48          	DOS_PIN_EXTRACTING,
     49          	DOS_PIN_RETRACTING,
     50          	DOS_PIN_FULLY_EXTRACTED
     51          } DOS_PIN_STATE_TYPE;
     52          
     53          typedef struct DOOR_OPENING_SYSTEM_NV_DATA_STRUCT
     54          {
     55          	BOOL_TYPE Door_Opened_By_DOS; //! TRUE if, when the door is open, we can assume that it has been opened by the Door Opening System
     56          	DOS_PUSH_STATE_TYPE Push_State; //! State of the DOS Push procedure
     57          	DOS_PULL_STATE_TYPE Pull_State; //! State of the DOS Pull procedure
     58          } DOOR_OPENING_SYSTEM_NV_DATA_TYPE;
     59          
     60          typedef struct DOOR_OPENING_SYSTEM_DATA_STRUCT
     61          {
     62          	DOS_PIN_STATE_TYPE DOS_Pin_State; //! State of the DOS pin
     63          	uint16 DOS_Pull_Counter; //! Timer used to manage the DOS PULL procedure
     64          	DOOR_OPENING_SYSTEM_SF_PARAMS_TYPE *SF_DOS_Params_Ptr; //! Pointer to setting file parameters for DOS
     65          } DOOR_OPENING_SYSTEM_DATA_TYPE;
     66          
     67          //! Non Volatile data for Door Opening System management
     68          #pragma location = "_appliance_segment"

   \                                 In section _appliance_segment, align 4
     69          static DOOR_OPENING_SYSTEM_NV_DATA_TYPE DOS_NV_Data;
   \                     DOS_NV_Data:
   \   00000000                      DS8 4
     70          
     71          //! Volatile data for Door Opening System management

   \                                 In section .bss, align 4
     72          static DOOR_OPENING_SYSTEM_DATA_TYPE DOS_Data;
   \                     DOS_Data:
   \   00000000                      DS8 8
     73          
     74          //-------------------------------------- PRIVATE (Function Prototypes) ------------------------------------------------
     75          static void UpdateDOSPinState(void);
     76          
     77          
     78          //=====================================================================================================================
     79          //-------------------------------------- Public Functions -------------------------------------------------------------
     80          //=====================================================================================================================
     81          
     82          
     83          //----------------------------------------------------------------------------
     84          /**
     85           * It initializes the Door Opening System Monitor and its data.
     86           * It loads data from setting file and checks if Push or Pull sequence restart is needed after a reset.
     87           *
     88           * @return None
     89           *
     90           */

   \                                 In section .text, align 2, keep-with-next
     91          void DoorOpeningSystemMonitor__Initialize(void)
     92          {
   \                     DoorOpeningSystemMonitor__Initialize: (+1)
   \   00000000   0xB530             PUSH     {R4,R5,LR}
   \   00000002   0xB083             SUB      SP,SP,#+12
     93          	SETTINGFILE_LOADER_TYPE loader;
     94          
     95          	if (Micro__GetResetMode() == MICRO_RESET_MODE_COLD)
   \   00000004   0x....             LDR      R4,??DataTable11
   \   00000006   0x.... 0x....      BL       Micro__GetResetMode
   \   0000000A   0x2800             CMP      R0,#+0
   \   0000000C   0xD12D             BNE      ??DoorOpeningSystemMonitor__Initialize_0
     96          	{
     97          		DOS_Data.SF_DOS_Params_Ptr = (DOOR_OPENING_SYSTEM_SF_PARAMS_TYPE *)NULL;
   \   0000000E   0x2500             MOVS     R5,#+0
   \   00000010   0x6065             STR      R5,[R4, #+4]
     98          		DOS_Data.DOS_Pin_State = DOS_PIN_NOT_INIT;
   \   00000012   0x0028             MOVS     R0,R5
   \   00000014   0x7020             STRB     R0,[R4, #+0]
     99          		DOS_Data.DOS_Pull_Counter = 0;
   \   00000016   0x8060             STRH     R0,[R4, #+2]
    100          
    101          		if (Hbl__GetLoadIndexByLoadID(HBL_LOAD_DOOR_OPENING_SYSTEM) != (uint8)HBL_INDEX_INVALID)
   \   00000018   0x2035             MOVS     R0,#+53
   \   0000001A   0x.... 0x....      BL       Hbl__GetLoadIndexByLoadID
   \   0000001E   0x28FF             CMP      R0,#+255
   \   00000020   0xD00F             BEQ      ??DoorOpeningSystemMonitor__Initialize_1
    102          		{
    103          			// Get the DOS parameters from the setting file.
    104          			if (SettingFile__BasicLoader(SF_PTR_ACU_ALGORITHM_PARAMETERS, DSPL_DOOR_OPENING_SYSTEM, &loader) == PASS)
   \   00000022   0x466A             MOV      R2,SP
   \   00000024   0x210A             MOVS     R1,#+10
   \   00000026   0x2027             MOVS     R0,#+39
   \   00000028   0x.... 0x....      BL       SettingFile__BasicLoader
   \   0000002C   0x2801             CMP      R0,#+1
   \   0000002E   0xD102             BNE      ??DoorOpeningSystemMonitor__Initialize_2
    105          			{
    106          				DOS_Data.SF_DOS_Params_Ptr = (DOOR_OPENING_SYSTEM_SF_PARAMS_TYPE *)(void*)loader.Data;
   \   00000030   0x9800             LDR      R0,[SP, #+0]
   \   00000032   0x6060             STR      R0,[R4, #+4]
   \   00000034   0xE005             B        ??DoorOpeningSystemMonitor__Initialize_1
    107          			}
    108          			else
    109          			{
    110          				// Algorithm parameters missing, allow step advancement
    111          				LOG_ADD_EXCEPTION(ERROR_MISSING_PARAMETERS, DSPL_DOOR_OPENING_SYSTEM);
   \                     ??DoorOpeningSystemMonitor__Initialize_2: (+1)
   \   00000036   0x230A             MOVS     R3,#+10
   \   00000038   0x2201             MOVS     R2,#+1
   \   0000003A   0x4611             MOV      R1,R2
   \   0000003C   0x2016             MOVS     R0,#+22
   \   0000003E   0x.... 0x....      BL       Log__AddMessage
    112          			}
    113          		}
    114          		else
    115          		{
    116          			// Door Opening System not present
    117          		}
    118          
    119          		if (NVData__GetLastRestoreStatus()->Bit.Appliance_Data_Recovered != (NVDATA_RESTORE_TYPE)NVDATA_RESTORE_OKAY)
   \                     ??DoorOpeningSystemMonitor__Initialize_1: (+1)
   \   00000042   0x.... 0x....      BL       NVData__GetLastRestoreStatus
   \   00000046   0x2103             MOVS     R1,#+3
   \   00000048   0x7800             LDRB     R0,[R0, #+0]
   \   0000004A   0x4008             ANDS     R0,R0,R1
   \   0000004C   0x2801             CMP      R0,#+1
   \   0000004E   0xD016             BEQ      ??DoorOpeningSystemMonitor__Initialize_3
    120          		{
    121          			DOS_NV_Data.Door_Opened_By_DOS = FALSE;
   \   00000050   0x....             LDR      R0,??DataTable11_1
   \   00000052   0x7005             STRB     R5,[R0, #+0]
    122          			DOS_NV_Data.Push_State = DOS_PUSH_COMPLETE;
   \   00000054   0x2204             MOVS     R2,#+4
   \   00000056   0x7042             STRB     R2,[R0, #+1]
    123          			if (DOS_Data.SF_DOS_Params_Ptr != NULL)
   \   00000058   0x6862             LDR      R2,[R4, #+4]
   \   0000005A   0x2A00             CMP      R2,#+0
   \   0000005C   0xD003             BEQ      ??DoorOpeningSystemMonitor__Initialize_4
    124          			{
    125          				DoorOpeningSystemMonitor__StartPull(DOS_Data.SF_DOS_Params_Ptr->Pull_Off_Time); // If NV Data are corrupted execute Pull procedure
   \   0000005E   0x7810             LDRB     R0,[R2, #+0]
   \   00000060   0x.... 0x....      BL       DoorOpeningSystemMonitor__StartPull
   \   00000064   0xE00B             B        ??DoorOpeningSystemMonitor__Initialize_3
    126          			}
    127          			else
    128          			{
    129          				DOS_NV_Data.Pull_State = DOS_PULL_COMPLETE;
   \                     ??DoorOpeningSystemMonitor__Initialize_4: (+1)
   \   00000066   0x7081             STRB     R1,[R0, #+2]
   \   00000068   0xE009             B        ??DoorOpeningSystemMonitor__Initialize_3
    130          			}
    131          		}
    132          	}
    133          	else
    134          	{
    135          		if (DOS_Data.SF_DOS_Params_Ptr != NULL)
   \                     ??DoorOpeningSystemMonitor__Initialize_0: (+1)
   \   0000006A   0x6860             LDR      R0,[R4, #+4]
   \   0000006C   0x2800             CMP      R0,#+0
   \   0000006E   0xD006             BEQ      ??DoorOpeningSystemMonitor__Initialize_3
    136          		{
    137          			if (DOS_NV_Data.Push_State != DOS_PUSH_COMPLETE)
   \   00000070   0x....             LDR      R1,??DataTable11_1
   \   00000072   0x7849             LDRB     R1,[R1, #+1]
   \   00000074   0x2904             CMP      R1,#+4
   \   00000076   0xD002             BEQ      ??DoorOpeningSystemMonitor__Initialize_3
    138          			{
    139          				// If Push procedure has been interrupted by a warm reset it has to be restarted
    140          				DoorOpeningSystemPush__StartPush(DOS_Data.SF_DOS_Params_Ptr->Push_Pre_On_Time);
   \   00000078   0x7940             LDRB     R0,[R0, #+5]
   \   0000007A   0x.... 0x....      BL       DoorOpeningSystemPush__StartPush
    141          			}
    142          		}
    143          	}
    144          
    145          	if (DOS_Data.SF_DOS_Params_Ptr != NULL)
   \                     ??DoorOpeningSystemMonitor__Initialize_3: (+1)
   \   0000007E   0x6861             LDR      R1,[R4, #+4]
   \   00000080   0x2900             CMP      R1,#+0
   \   00000082   0xD00A             BEQ      ??DoorOpeningSystemMonitor__Initialize_5
    146          	{
    147          		if ((DOS_NV_Data.Pull_State == DOS_PULL_OFF_STEP) || (DOS_NV_Data.Pull_State == DOS_PULL_ON_STEP))
   \   00000084   0x....             LDR      R0,??DataTable11_1
   \   00000086   0x7880             LDRB     R0,[R0, #+2]
   \   00000088   0x2801             CMP      R0,#+1
   \   0000008A   0xD001             BEQ      ??DoorOpeningSystemMonitor__Initialize_6
   \   0000008C   0x2802             CMP      R0,#+2
   \   0000008E   0xD102             BNE      ??DoorOpeningSystemMonitor__Initialize_7
    148          		{
    149          			// If Pull procedure was interrupted by a reset it has to be restarted
    150          			DoorOpeningSystemMonitor__StartPull(DOS_Data.SF_DOS_Params_Ptr->Pull_Off_Time);
   \                     ??DoorOpeningSystemMonitor__Initialize_6: (+1)
   \   00000090   0x7808             LDRB     R0,[R1, #+0]
   \   00000092   0x.... 0x....      BL       DoorOpeningSystemMonitor__StartPull
    151          		}
    152          
    153          		// Update DOS_Pin_State
    154          		UpdateDOSPinState();
   \                     ??DoorOpeningSystemMonitor__Initialize_7: (+1)
   \   00000096   0x.... 0x....      BL       UpdateDOSPinState
    155          	}
    156          }
   \                     ??DoorOpeningSystemMonitor__Initialize_5: (+1)
   \   0000009A   0xBD37             POP      {R0-R2,R4,R5,PC}  ;; return
    157          
    158          
    159          //----------------------------------------------------------------------------
    160          /**
    161           * It implements the execution of the Door Opening System Monitor.
    162           * It manages the execution of the Pull sequence (that can be started either by DOS Pull task or
    163           * inside RunExit) and updates the DOS_Pin_State.
    164           * The Pull sequence consists of 2 sequential steps, whose duration is specified by setting file parameters:
    165           * - Off: the DOS output is driven off.
    166           * - On: the DOS output is driven on.
    167           * This sequence is processed by the DOS device controller to pull in the device pin.
    168           *
    169           * @return None
    170           *
    171           */

   \                                 In section .text, align 2, keep-with-next
    172          void DoorOpeningSystemMonitor__Execution(void)
    173          {
    174          	if (DOS_Data.SF_DOS_Params_Ptr != NULL)
   \                     DoorOpeningSystemMonitor__Execution: (+1)
   \   00000000   0x....             LDR      R0,??DataTable11
   \   00000002   0x6841             LDR      R1,[R0, #+4]
   \   00000004   0x2900             CMP      R1,#+0
   \   00000006   0xD100             BNE      ??DoorOpeningSystemMonitor__Execution_0
   \   00000008   0x4770             BX       LR
    175          	{
    176          		ON_OFF_TYPE dos_pin_state;
    177          
    178          		// Execute DOS Pull Procedure
    179          		if (DOS_Data.DOS_Pull_Counter > 0U)
   \                     ??DoorOpeningSystemMonitor__Execution_0: (+1)
   \   0000000A   0xB510             PUSH     {R4,LR}
   \   0000000C   0xB082             SUB      SP,SP,#+8
   \   0000000E   0x8842             LDRH     R2,[R0, #+2]
   \   00000010   0x0013             MOVS     R3,R2
   \   00000012   0xD001             BEQ      ??DoorOpeningSystemMonitor__Execution_1
    180          		{
    181          			DOS_Data.DOS_Pull_Counter --;
   \   00000014   0x1E52             SUBS     R2,R2,#+1
   \   00000016   0x8042             STRH     R2,[R0, #+2]
    182          		}
    183          
    184          		switch(DOS_NV_Data.Pull_State)
   \                     ??DoorOpeningSystemMonitor__Execution_1: (+1)
   \   00000018   0x....             LDR      R4,??DataTable11_1
   \   0000001A   0x78A2             LDRB     R2,[R4, #+2]
   \   0000001C   0x2A01             CMP      R2,#+1
   \   0000001E   0xD002             BEQ      ??DoorOpeningSystemMonitor__Execution_2
   \   00000020   0x2A02             CMP      R2,#+2
   \   00000022   0xD013             BEQ      ??DoorOpeningSystemMonitor__Execution_3
   \   00000024   0xE020             B        ??DoorOpeningSystemMonitor__Execution_4
    185          		{
    186          			case DOS_PULL_OFF_STEP:
    187          				if (DOS_Data.DOS_Pull_Counter > 0U)
   \                     ??DoorOpeningSystemMonitor__Execution_2: (+1)
   \   00000026   0x8842             LDRH     R2,[R0, #+2]
   \   00000028   0x2A00             CMP      R2,#+0
   \   0000002A   0xD008             BEQ      ??DoorOpeningSystemMonitor__Execution_5
    188          				{
    189          					dos_pin_state = OFF;
   \   0000002C   0x2000             MOVS     R0,#+0
   \   0000002E   0x4669             MOV      R1,SP
   \   00000030   0x7008             STRB     R0,[R1, #+0]
    190          					(void)Hbl__SetLoadRequestByLoadID(HBL_LOAD_DOOR_OPENING_SYSTEM, HBL_PRIORITY_DOOR_OPENING_SYSTEM, (uint8 *) &dos_pin_state);	//lint !e928 Suppress Info: cast from pointer to pointer [MISRA 2004 Rule 11.4]
   \   00000032   0x466A             MOV      R2,SP
   \   00000034   0x2106             MOVS     R1,#+6
   \   00000036   0x2035             MOVS     R0,#+53
   \   00000038   0x.... 0x....      BL       Hbl__SetLoadRequestByLoadID
    191          					break;
   \   0000003C   0xE014             B        ??DoorOpeningSystemMonitor__Execution_4
    192          				}
    193          				else
    194          				{
    195          					DOS_Data.DOS_Pull_Counter = (uint16)DOS_Data.SF_DOS_Params_Ptr->Pull_On_Time * DOS_MONITOR_CALLS_PER_SECOND;
   \                     ??DoorOpeningSystemMonitor__Execution_5: (+1)
   \   0000003E   0x7849             LDRB     R1,[R1, #+1]
   \   00000040   0x008A             LSLS     R2,R1,#+2
   \   00000042   0x1851             ADDS     R1,R2,R1
   \   00000044   0x0049             LSLS     R1,R1,#+1
   \   00000046   0x8041             STRH     R1,[R0, #+2]
    196          					DOS_NV_Data.Pull_State = DOS_PULL_ON_STEP;
   \   00000048   0x2102             MOVS     R1,#+2
   \   0000004A   0x70A1             STRB     R1,[R4, #+2]
    197          				}
    198          			//lint -fallthrough
    199          			case DOS_PULL_ON_STEP:
    200          				if (DOS_Data.DOS_Pull_Counter > 0U)
   \                     ??DoorOpeningSystemMonitor__Execution_3: (+1)
   \   0000004C   0x8840             LDRH     R0,[R0, #+2]
   \   0000004E   0x2800             CMP      R0,#+0
   \   00000050   0xD008             BEQ      ??DoorOpeningSystemMonitor__Execution_6
    201          				{
    202          					dos_pin_state = ON;
   \   00000052   0x2001             MOVS     R0,#+1
   \   00000054   0x4669             MOV      R1,SP
   \   00000056   0x7008             STRB     R0,[R1, #+0]
    203          					(void)Hbl__SetLoadRequestByLoadID(HBL_LOAD_DOOR_OPENING_SYSTEM, HBL_PRIORITY_DOOR_OPENING_SYSTEM, (uint8 *) &dos_pin_state);	//lint !e928 Suppress Info: cast from pointer to pointer [MISRA 2004 Rule 11.4]
   \   00000058   0x466A             MOV      R2,SP
   \   0000005A   0x2106             MOVS     R1,#+6
   \   0000005C   0x2035             MOVS     R0,#+53
   \   0000005E   0x.... 0x....      BL       Hbl__SetLoadRequestByLoadID
   \   00000062   0xE001             B        ??DoorOpeningSystemMonitor__Execution_4
    204          				}
    205          				else
    206          				{
    207          					DOS_NV_Data.Pull_State = DOS_PULL_COMPLETE;
   \                     ??DoorOpeningSystemMonitor__Execution_6: (+1)
   \   00000064   0x2003             MOVS     R0,#+3
   \   00000066   0x70A0             STRB     R0,[R4, #+2]
    208          				}
    209          				break;
    210          
    211          			default:
    212          				// Includes DOS_PULL_COMPLETE
    213          				break;
    214          		}
    215          
    216          
    217          		// Update Door_Opened_By_DOS
    218          		if ((DOS_NV_Data.Push_State == DOS_PUSH_COMPLETE) && (DoorMonitor__GetDoorStatus() == DOOR_STATUS_CLOSE))
   \                     ??DoorOpeningSystemMonitor__Execution_4: (+1)
   \   00000068   0x7860             LDRB     R0,[R4, #+1]
   \   0000006A   0x2804             CMP      R0,#+4
   \   0000006C   0xD105             BNE      ??DoorOpeningSystemMonitor__Execution_7
   \   0000006E   0x.... 0x....      BL       DoorMonitor__GetDoorStatus
   \   00000072   0x2801             CMP      R0,#+1
   \   00000074   0xD101             BNE      ??DoorOpeningSystemMonitor__Execution_7
    219          		{
    220          			DOS_NV_Data.Door_Opened_By_DOS = FALSE;
   \   00000076   0x2000             MOVS     R0,#+0
   \   00000078   0x7020             STRB     R0,[R4, #+0]
    221          		}
    222          
    223          		// Update DOS_Pin_State
    224          		UpdateDOSPinState();
   \                     ??DoorOpeningSystemMonitor__Execution_7: (+1)
   \   0000007A   0x.... 0x....      BL       UpdateDOSPinState
    225          
    226          		// Update DOS Driven bit for HMI
    227          		if ((DOS_NV_Data.Push_State != DOS_PUSH_COMPLETE) ||
    228          			(DOS_NV_Data.Pull_State == DOS_PULL_OFF_STEP) ||
    229          			(DOS_NV_Data.Pull_State == DOS_PULL_ON_STEP))
   \   0000007E   0x7860             LDRB     R0,[R4, #+1]
   \   00000080   0x2804             CMP      R0,#+4
   \   00000082   0xD104             BNE      ??DoorOpeningSystemMonitor__Execution_8
   \   00000084   0x78A0             LDRB     R0,[R4, #+2]
   \   00000086   0x2801             CMP      R0,#+1
   \   00000088   0xD001             BEQ      ??DoorOpeningSystemMonitor__Execution_8
   \   0000008A   0x2802             CMP      R0,#+2
   \   0000008C   0xD104             BNE      ??DoorOpeningSystemMonitor__Execution_9
    230          		{
    231          			DishAuxVar__SetGenericBitmapBit(DOS_DRIVEN, ON);
   \                     ??DoorOpeningSystemMonitor__Execution_8: (+1)
   \   0000008E   0x2101             MOVS     R1,#+1
   \   00000090   0x4608             MOV      R0,R1
   \   00000092   0x.... 0x....      BL       DishAuxVar__SetGenericBitmapBit
   \   00000096   0xBD13             POP      {R0,R1,R4,PC}
    232          		}
    233          		else
    234          		{
    235          			DishAuxVar__SetGenericBitmapBit(DOS_DRIVEN, OFF);
   \                     ??DoorOpeningSystemMonitor__Execution_9: (+1)
   \   00000098   0x2100             MOVS     R1,#+0
   \   0000009A   0x2001             MOVS     R0,#+1
   \   0000009C   0x.... 0x....      BL       DishAuxVar__SetGenericBitmapBit
    236          		}
    237          
    238          	}
    239          }
   \   000000A0   0xBD13             POP      {R0,R1,R4,PC}    ;; return
    240          
    241          
    242          //----------------------------------------------------------------------------
    243          /**
    244           * It is called inside RUN_EXIT macro.
    245           * When the supervisor exits from the RUN state, this function checks if a DOS Pull sequence is required, and if so
    246           * it makes it start.
    247           *
    248           * @return None
    249           *
    250           */

   \                                 In section .text, align 2, keep-with-next
    251          void DoorOpeningSystemMonitor_CheckIfPullNeeded(void)
    252          {
    253              SETTINGFILE_LOADER_TYPE loader;
    254          
    255          	// Check if Pull Procedure is needed
    256          	if (DOS_NV_Data.Pull_State == DOS_PULL_REQUIRED )
   \                     DoorOpeningSystemMonitor_CheckIfPullNeeded: (+1)
   \   00000000   0x....             LDR      R0,??DataTable11_1
   \   00000002   0x7880             LDRB     R0,[R0, #+2]
   \   00000004   0x2800             CMP      R0,#+0
   \   00000006   0xD000             BEQ      ??DoorOpeningSystemMonitor_CheckIfPullNeeded_0
   \   00000008   0x4770             BX       LR
    257          	{
    258          		// Check if DOS Load is present in setting file
    259          		if (Hbl__GetLoadIndexByLoadID(HBL_LOAD_DOOR_OPENING_SYSTEM) != (uint8)HBL_INDEX_INVALID)
   \                     ??DoorOpeningSystemMonitor_CheckIfPullNeeded_0: (+1)
   \   0000000A   0xB500             PUSH     {LR}
   \   0000000C   0xB083             SUB      SP,SP,#+12
   \   0000000E   0x2035             MOVS     R0,#+53
   \   00000010   0x.... 0x....      BL       Hbl__GetLoadIndexByLoadID
   \   00000014   0x28FF             CMP      R0,#+255
   \   00000016   0xD00A             BEQ      ??DoorOpeningSystemMonitor_CheckIfPullNeeded_1
    260          		{
    261          			// Check if the DOS Pull parameters are present in the setting file.
    262          			if (SettingFile__BasicLoader(SF_PTR_ACU_ALGORITHM_PARAMETERS, DSPL_DOOR_OPENING_SYSTEM, &loader) == PASS)
   \   00000018   0x466A             MOV      R2,SP
   \   0000001A   0x210A             MOVS     R1,#+10
   \   0000001C   0x2027             MOVS     R0,#+39
   \   0000001E   0x.... 0x....      BL       SettingFile__BasicLoader
   \   00000022   0x2801             CMP      R0,#+1
   \   00000024   0xD103             BNE      ??DoorOpeningSystemMonitor_CheckIfPullNeeded_1
    263          			{
    264          				DoorOpeningSystemMonitor__StartPull(((DOOR_OPENING_SYSTEM_SF_PARAMS_TYPE *)(void*)loader.Data)->Pull_Off_Time);
   \   00000026   0x9800             LDR      R0,[SP, #+0]
   \   00000028   0x7800             LDRB     R0,[R0, #+0]
   \   0000002A   0x.... 0x....      BL       DoorOpeningSystemMonitor__StartPull
    265          			}
    266          		}
    267          	}
    268          }
   \                     ??DoorOpeningSystemMonitor_CheckIfPullNeeded_1: (+1)
   \   0000002E   0xBD07             POP      {R0-R2,PC}       ;; return
    269          
    270          
    271          /**
    272           * It sets up data to start the DOS Pull sequence.
    273           *
    274           * @param  time = the duration of the first step of the Pull sequence (in seconds)
    275           *
    276           * @return  None
    277           */

   \                                 In section .text, align 2, keep-with-next
    278          void DoorOpeningSystemMonitor__StartPull(uint8 time)
    279          {
    280          	DOS_Data.DOS_Pull_Counter = ((uint16)time * DOS_MONITOR_CALLS_PER_SECOND) + 1U; // the +1 is to account for the first decrement inside DoorOpeningSystemMonitor__Execution
   \                     DoorOpeningSystemMonitor__StartPull: (+1)
   \   00000000   0x0081             LSLS     R1,R0,#+2
   \   00000002   0x1808             ADDS     R0,R1,R0
   \   00000004   0x0040             LSLS     R0,R0,#+1
   \   00000006   0x1C40             ADDS     R0,R0,#+1
   \   00000008   0x....             LDR      R1,??DataTable11
   \   0000000A   0x8048             STRH     R0,[R1, #+2]
    281          	DOS_NV_Data.Push_State = DOS_PUSH_COMPLETE;
   \   0000000C   0x....             LDR      R0,??DataTable11_1
   \   0000000E   0x2104             MOVS     R1,#+4
   \   00000010   0x7041             STRB     R1,[R0, #+1]
    282          	DOS_NV_Data.Pull_State = DOS_PULL_OFF_STEP;
   \   00000012   0x2101             MOVS     R1,#+1
   \   00000014   0x7081             STRB     R1,[R0, #+2]
    283          }
   \   00000016   0x4770             BX       LR               ;; return
    284          
    285          
    286          /**
    287           * It returns TRUE if, when the door is opened, we can assume that it has been opened by the DOS device.
    288           *
    289           * @return  the status of the DOS device
    290           * @retval TRUE = value set when the Push sequence is started
    291           * @retval FALSE = value set as default (when NV data are corrupted) and when the door is closed, after the completion of the Push procedure.
    292           */

   \                                 In section .text, align 2, keep-with-next
    293          BOOL_TYPE DoorOpeningSystemMonitor__IsDoorOpenedByDOS(void)
    294          {
    295          	return DOS_NV_Data.Door_Opened_By_DOS;
   \                     DoorOpeningSystemMonitor__IsDoorOpenedByDOS: (+1)
   \   00000000   0x....             LDR      R0,??DataTable11_1
   \   00000002   0x7800             LDRB     R0,[R0, #+0]
   \   00000004   0x4770             BX       LR               ;; return
    296          }
    297          
    298          
    299          /**
    300           * It sets the status of DOS_NV_Data.Door_Opened_By_DOS.
    301           *
    302           * @param  value = the desired value for DOS device (TRUE/FALSE).
    303           *
    304           * @return  None
    305           */

   \                                 In section .text, align 2, keep-with-next
    306          void DoorOpeningSystemMonitor__SetDoorOpenedByDOS(BOOL_TYPE value)
    307          {
    308          	DOS_NV_Data.Door_Opened_By_DOS = value;
   \                     DoorOpeningSystemMonitor__SetDoorOpenedByDOS: (+1)
   \   00000000   0x....             LDR      R1,??DataTable11_1
   \   00000002   0x7008             STRB     R0,[R1, #+0]
    309          }
   \   00000004   0x4770             BX       LR               ;; return
    310          
    311          
    312          /**
    313           * It returns the state of the DOS Push sequence.
    314           *
    315           * @return  the status of the DOS Push sequence
    316           */

   \                                 In section .text, align 2, keep-with-next
    317          DOS_PUSH_STATE_TYPE DoorOpeningSystemMonitor__GetDOSPushState(void)
    318          {
    319          	return DOS_NV_Data.Push_State;
   \                     DoorOpeningSystemMonitor__GetDOSPushState: (+1)
   \   00000000   0x....             LDR      R0,??DataTable11_1
   \   00000002   0x7840             LDRB     R0,[R0, #+1]
   \   00000004   0x4770             BX       LR               ;; return
    320          }
    321          
    322          
    323          /**
    324           * It sets the status of the DOS Push sequence.
    325           *
    326           * @param  value = the desired value for the DOS Push sequence.
    327           *
    328           * @return  None
    329           */

   \                                 In section .text, align 2, keep-with-next
    330          void DoorOpeningSystemMonitor__SetDOSPushState(DOS_PUSH_STATE_TYPE value)
    331          {
    332          	DOS_NV_Data.Push_State = value;
   \                     DoorOpeningSystemMonitor__SetDOSPushState: (+1)
   \   00000000   0x....             LDR      R1,??DataTable11_1
   \   00000002   0x7048             STRB     R0,[R1, #+1]
    333          }
   \   00000004   0x4770             BX       LR               ;; return
    334          
    335          
    336          /**
    337           * It returns the state of the DOS Pull sequence.
    338           *
    339           * @return  the status of the DOS Pull sequence
    340           */

   \                                 In section .text, align 2, keep-with-next
    341          DOS_PULL_STATE_TYPE DoorOpeningSystemMonitor__GetDOSPullState(void)
    342          {
    343          	return DOS_NV_Data.Pull_State;
   \                     DoorOpeningSystemMonitor__GetDOSPullState: (+1)
   \   00000000   0x....             LDR      R0,??DataTable11_1
   \   00000002   0x7880             LDRB     R0,[R0, #+2]
   \   00000004   0x4770             BX       LR               ;; return
    344          }
    345          
    346          
    347          /**
    348           * It sets the status of the DOS Pull sequence.
    349           *
    350           * @param  value = the desired value for the DOS Pull sequence.
    351           *
    352           * @return  None
    353           */

   \                                 In section .text, align 2, keep-with-next
    354          void DoorOpeningSystemMonitor__SetDOSPullState(DOS_PULL_STATE_TYPE value)
    355          {
    356          	DOS_NV_Data.Pull_State = value;
   \                     DoorOpeningSystemMonitor__SetDOSPullState: (+1)
   \   00000000   0x....             LDR      R1,??DataTable11_1
   \   00000002   0x7088             STRB     R0,[R1, #+2]
    357          }
   \   00000004   0x4770             BX       LR               ;; return
    358          
    359          
    360          /**
    361           * It returns if the DOS Pin is fully retracted.
    362           *
    363           * @return  if the DOS Pin is fully retracted.
    364           * @retval TRUE = the DOS Pin is fully retracted (or DOS feature is not configured in setting file)
    365           * @retval FALSE = the DOS Pin is not fully retracted (Push or Pull procedure are on going)
    366           */

   \                                 In section .text, align 2, keep-with-next
    367          BOOL_TYPE DoorOpeningSystemMonitor__IsDOSPinFullyRetracted(void)
    368          {
    369          	BOOL_TYPE ret_value = FALSE;
   \                     DoorOpeningSystemMonitor__IsDOSPinFullyRetracted: (+1)
   \   00000000   0x2000             MOVS     R0,#+0
    370          
    371          	if ((DOS_Data.DOS_Pin_State == DOS_PIN_NOT_INIT) || (DOS_Data.DOS_Pin_State == DOS_PIN_FULLY_RETRACTED))
   \   00000002   0x....             LDR      R1,??DataTable11
   \   00000004   0x7809             LDRB     R1,[R1, #+0]
   \   00000006   0x000A             MOVS     R2,R1
   \   00000008   0xD001             BEQ      ??DoorOpeningSystemMonitor__IsDOSPinFullyRetrac_0
   \   0000000A   0x2901             CMP      R1,#+1
   \   0000000C   0xD100             BNE      ??DoorOpeningSystemMonitor__IsDOSPinFullyRetrac_1
    372          	{
    373          		ret_value = TRUE;
   \                     ??DoorOpeningSystemMonitor__IsDOSPinFullyRetrac_0: (+1)
   \   0000000E   0x2001             MOVS     R0,#+1
    374          	}
    375          
    376          	return ret_value;
   \                     ??DoorOpeningSystemMonitor__IsDOSPinFullyRetrac_1: (+1)
   \   00000010   0x4770             BX       LR               ;; return
    377          }
    378          
    379          
    380          //=====================================================================================================================
    381          //-------------------------------------- Private Functions ------------------------------------------------------------
    382          //=====================================================================================================================
    383          
    384          /**
    385           * It updates the state of the DOS Pin, based on the state of Push and Pull sequences
    386           *
    387           * @return  None
    388           */

   \                                 In section .text, align 2, keep-with-next
    389          static void UpdateDOSPinState(void)
    390          {
    391          	if (DOS_NV_Data.Pull_State == DOS_PULL_COMPLETE)
   \                     UpdateDOSPinState: (+1)
   \   00000000   0x....             LDR      R0,??DataTable11_1
   \   00000002   0x7881             LDRB     R1,[R0, #+2]
   \   00000004   0x....             LDR      R2,??DataTable11
   \   00000006   0x2903             CMP      R1,#+3
   \   00000008   0xD102             BNE      ??UpdateDOSPinState_0
    392          	{
    393          		DOS_Data.DOS_Pin_State = DOS_PIN_FULLY_RETRACTED;
   \   0000000A   0x2001             MOVS     R0,#+1
   \   0000000C   0x7010             STRB     R0,[R2, #+0]
   \   0000000E   0x4770             BX       LR
    394          	}
    395          	else if (DOS_NV_Data.Pull_State > DOS_PULL_REQUIRED)
   \                     ??UpdateDOSPinState_0: (+1)
   \   00000010   0x2900             CMP      R1,#+0
   \   00000012   0xD002             BEQ      ??UpdateDOSPinState_1
    396          	{
    397          		DOS_Data.DOS_Pin_State = DOS_PIN_RETRACTING;
   \   00000014   0x2003             MOVS     R0,#+3
   \   00000016   0x7010             STRB     R0,[R2, #+0]
   \   00000018   0x4770             BX       LR
    398          	}
    399          	else
    400          	{
    401          		if (DOS_NV_Data.Push_State == DOS_PUSH_COMPLETE)
   \                     ??UpdateDOSPinState_1: (+1)
   \   0000001A   0x7840             LDRB     R0,[R0, #+1]
   \   0000001C   0x2804             CMP      R0,#+4
   \   0000001E   0xD102             BNE      ??UpdateDOSPinState_2
    402          		{
    403          			DOS_Data.DOS_Pin_State = DOS_PIN_FULLY_EXTRACTED;
   \   00000020   0x2004             MOVS     R0,#+4
   \   00000022   0x7010             STRB     R0,[R2, #+0]
   \   00000024   0x4770             BX       LR
    404          		}
    405          		else
    406          		{
    407          			DOS_Data.DOS_Pin_State = DOS_PIN_EXTRACTING;
   \                     ??UpdateDOSPinState_2: (+1)
   \   00000026   0x2002             MOVS     R0,#+2
   \   00000028   0x7010             STRB     R0,[R2, #+0]
    408          		}
    409          	}
    410          }
   \   0000002A   0x4770             BX       LR               ;; return

   \                                 In section .text, align 4, keep-with-next
   \                     ??DataTable11:
   \   00000000   0x........         DC32     DOS_Data

   \                                 In section .text, align 4, keep-with-next
   \                     ??DataTable11_1:
   \   00000000   0x........         DC32     DOS_NV_Data

   Maximum stack usage in bytes:

   .cstack Function
   ------- --------
      16   DoorOpeningSystemMonitor_CheckIfPullNeeded
        16   -> DoorOpeningSystemMonitor__StartPull
        16   -> Hbl__GetLoadIndexByLoadID
        16   -> SettingFile__BasicLoader
      16   DoorOpeningSystemMonitor__Execution
        16   -> DishAuxVar__SetGenericBitmapBit
        16   -> DoorMonitor__GetDoorStatus
        16   -> Hbl__SetLoadRequestByLoadID
        16   -> UpdateDOSPinState
       0   DoorOpeningSystemMonitor__GetDOSPullState
       0   DoorOpeningSystemMonitor__GetDOSPushState
      24   DoorOpeningSystemMonitor__Initialize
        24   -> DoorOpeningSystemMonitor__StartPull
        24   -> DoorOpeningSystemPush__StartPush
        24   -> Hbl__GetLoadIndexByLoadID
        24   -> Log__AddMessage
        24   -> Micro__GetResetMode
        24   -> NVData__GetLastRestoreStatus
        24   -> SettingFile__BasicLoader
        24   -> UpdateDOSPinState
       0   DoorOpeningSystemMonitor__IsDOSPinFullyRetracted
       0   DoorOpeningSystemMonitor__IsDoorOpenedByDOS
       0   DoorOpeningSystemMonitor__SetDOSPullState
       0   DoorOpeningSystemMonitor__SetDOSPushState
       0   DoorOpeningSystemMonitor__SetDoorOpenedByDOS
       0   DoorOpeningSystemMonitor__StartPull
       0   UpdateDOSPinState


   Section sizes:

   Bytes  Function/Label
   -----  --------------
       4  ??DataTable11
       4  ??DataTable11_1
       8  DOS_Data
       4  DOS_NV_Data
      48  DoorOpeningSystemMonitor_CheckIfPullNeeded
     162  DoorOpeningSystemMonitor__Execution
       6  DoorOpeningSystemMonitor__GetDOSPullState
       6  DoorOpeningSystemMonitor__GetDOSPushState
     156  DoorOpeningSystemMonitor__Initialize
      18  DoorOpeningSystemMonitor__IsDOSPinFullyRetracted
       6  DoorOpeningSystemMonitor__IsDoorOpenedByDOS
       6  DoorOpeningSystemMonitor__SetDOSPullState
       6  DoorOpeningSystemMonitor__SetDOSPushState
       6  DoorOpeningSystemMonitor__SetDoorOpenedByDOS
      24  DoorOpeningSystemMonitor__StartPull
      44  UpdateDOSPinState

 
   8 bytes in section .bss
 496 bytes in section .text
   4 bytes in section _appliance_segment
 
 496 bytes of CODE memory
  12 bytes of DATA memory

Errors: none
Warnings: none
