###############################################################################
#
# IAR ANSI C/C++ Compiler V7.70.1.11437/W32 for ARM       28/Feb/2025  14:17:10
# Copyright 1999-2016 IAR Systems AB.
#
#    Cpu mode     =  thumb
#    Endian       =  little
#    Source file  =  source/Micros/STM32G0x/Driver/Dtoa/Dtoa.c
#    Command line =  
#        --cpu Cortex-M0+ -Om --debug -e --only_stdout --silent -D
#        ENABLE_JUMP_TO_APPLICATION_WITHOUT_IAP_FIRMWARE --no_wrap_diagnostics
#        -f config\tmp\include_path.lnt
#        (-I../Nucleus-Tools-SDK/embOS/arm/v4.26/source\
#        -I../Nucleus-Tools-SDK/iar/arm/v7.70/cx/inc\
#        -Isource/Category/Application/acu/CycleResume\
#        -Isource/Category/Application/acu/Monitors/AutostartFactoryCycleMonitor\
#        -Isource/Category/Application/acu/Monitors/CartridgeDetectionMonitor\
#        -Isource/Category/Application/acu/Monitors/DCLoadCurrentMonitor\
#        -Isource/Category/Application/acu/Monitors/DiverterFaultMonitor\
#        -Isource/Category/Application/acu/Monitors/DiverterLeakFaultMonitor\
#        -Isource/Category/Application/acu/Monitors/DoorMonitor\
#        -Isource/Category/Application/acu/Monitors/DoorOpeningSystemMonitor\
#        -Isource/Category/Application/acu/Monitors/FanMotorFaultMonitor\
#        -Isource/Category/Application/acu/Monitors/FaultStatusMonitor\
#        -Isource/Category/Application/acu/Monitors/FillValveStuckOn\
#        -Isource/Category/Application/acu/Monitors/FlowMeterFaultMonitor\
#        -Isource/Category/Application/acu/Monitors/HeatMonitor\
#        -Isource/Category/Application/acu/Monitors/HotHighPotMonitor\
#        -Isource/Category/Application/acu/Monitors/LITTFaultMonitor\
#        -Isource/Category/Application/acu/Monitors/LITTMonitor\
#        -Isource/Category/Application/acu/Monitors/McuGetDataMonitor\
#        -Isource/Category/Application/acu/Monitors/ModelMonitors/AirlockDetectionMonitor\
#        -Isource/Category/Application/acu/Monitors/ModelMonitors/AirlockDetectionMonitor/CodeGeneration\
#        -Isource/Category/Application/acu/Monitors/ModelMonitors/HeaterCalcificationDetectionModel\
#        -Isource/Category/Application/acu/Monitors/ModelMonitors/HeaterCalcificationDetectionModel/CodeGeneration\
#        -Isource/Category/Application/acu/Monitors/ModelMonitors/OWIVoltageRegulatedOutputModel\
#        -Isource/Category/Application/acu/Monitors/ModelMonitors/OWIVoltageRegulatedOutputModel/CodeGeneration\
#        -Isource/Category/Application/acu/Monitors/ModelMonitors/PluggingDetectionMonitor\
#        -Isource/Category/Application/acu/Monitors/ModelMonitors/PluggingDetectionMonitor/CodeGeneration\
#        -Isource/Category/Application/acu/Monitors/MoisturePreventionMonitor\
#        -Isource/Category/Application/acu/Monitors/OverfillMonitor\
#        -Isource/Category/Application/acu/Monitors/OWIMonitor\
#        -Isource/Category/Application/acu/Monitors/PilotRelayFaultMonitor\
#        -Isource/Category/Application/acu/Monitors/PilotRelayFaultMonitor/PilotRelayStuckClosedMonitor\
#        -Isource/Category/Application/acu/Monitors/PilotRelayFaultMonitor/PilotRelayStuckOpenMonitor\
#        -Isource/Category/Application/acu/Monitors/PORTimeMonitor\
#        -Isource/Category/Application/acu/Monitors/PumpFlushRequestMonitor\
#        -Isource/Category/Application/acu/Monitors/RinseAidMonitor\
#        -Isource/Category/Application/acu/Monitors/SaltSensingMonitor\
#        -Isource/Category/Application/acu/Monitors/StabilityControlLoopMonitor\
#        -Isource/Category/Application/acu/Monitors/StandbyManager\
#        -Isource/Category/Application/acu/Monitors/SupervisorExtMonitor\
#        -Isource/Category/Application/acu/Monitors/ThermistorFaultMonitor\
#        -Isource/Category/Application/acu/Monitors/ThermistorFaultMonitor/ThermistorOpenMonitor\
#        -Isource/Category/Application/acu/Monitors/ThermistorFaultMonitor/ThermistorShortedMonitor\
#        -Isource/Category/Application/acu/Monitors/TriacCurrentMonitor\
#        -Isource/Category/Application/acu/Monitors/TriacShortedDrainFaultMonitor\
#        -Isource/Category/Application/acu/Monitors/TriacVoltageMonitor\
#        -Isource/Category/Application/acu/Monitors/VoltageRangeMonitor\
#        -Isource/Category/Application/acu/Monitors/VSDrainMotorFaultMonitor\
#        -Isource/Category/Application/acu/Monitors/VwiMonitor\
#        -Isource/Category/Application/acu/Monitors/VwiZoneCompensationMonitor\
#        -Isource/Category/Application/acu/Monitors/WashHeaterFaultMonitor\
#        -Isource/Category/Application/acu/Monitors/WashHeaterFaultMonitor/HeaterLeakageToNeutralMonitor\
#        -Isource/Category/Application/acu/Monitors/WashHeaterFaultMonitor/HeaterLineRelayOpenMonitor\
#        -Isource/Category/Application/acu/Monitors/WashHeaterFaultMonitor/HeaterNeutralRelayOpenMonitor\
#        -Isource/Category/Application/acu/Monitors/WashHeaterFaultMonitor/HeaterOpenAndLineRelayClosedMonitor\
#        -Isource/Category/Application/acu/Monitors/WashHeaterFaultMonitor/HeaterOpenMonitor\
#        -Isource/Category/Application/acu/Monitors/WashMotorFaultMonitor\
#        -Isource/Category/Application/acu/Monitors/ZeroCrossMonitor\
#        -Isource/Category/Application/acu/Processes/AlternateCtrl\
#        -Isource/Category/Application/acu/Processes/Fill\
#        -Isource/Category/Application/acu/Processes/Fill/ClassAFill\
#        -Isource/Category/Application/acu/Processes/Fill/Fill\
#        -Isource/Category/Application/acu/Processes/Fill/TankDrain\
#        -Isource/Category/Application/acu/Processes/Fill/TankFill\
#        -Isource/Category/Application/acu/Processes/Heat\
#        -Isource/Category/Application/acu/Processes/ModelProcesses/OWICalibrationModel\
#        -Isource/Category/Application/acu/Processes/ModelProcesses/OWICalibrationModel/CodeGeneration\
#        -Isource/Category/Application/acu/Processes/ModelProcesses/PartialDrainModel\
#        -Isource/Category/Application/acu/Processes/ModelProcesses/PartialDrainModel/CodeGeneration\
#        -Isource/Category/Application/acu/Processes/ModelProcesses/SensedDrainModel\
#        -Isource/Category/Application/acu/Processes/ModelProcesses/SensedDrainModel/CodeGeneration\
#        -Isource/Category/Application/acu/Processes/OWI\
#        -Isource/Category/Application/acu/Processes/OWI_VRO\
#        -Isource/Category/Application/acu/Processes/OWIOneShot\
#        -Isource/Category/Application/acu/Processes/PumpControl\
#        -Isource/Category/Application/acu/Processes/Regenerate\
#        -Isource/Category/Application/acu/Processes/RinseAidDispense\
#        -Isource/Category/Application/acu/Processes/RinseAidDispense/RinseAid\
#        -Isource/Category/Application/acu/Processes/RinseAidDispense/TridgeDetergent\
#        -Isource/Category/Application/acu/Tasks/DoorOpeningSystemPull\
#        -Isource/Category/Application/acu/Tasks/DoorOpeningSystemPush\
#        -Isource/Category/Application/acu/Tasks/HeaterShadowing\
#        -Isource/Category/Application/acu/Tasks/MoisturePrevention\
#        -Isource/Category/Application/acu/Tasks/OWIContinousReading\
#        -Isource/Category/Application/acu/Tasks/OwiVroContinuousReading\
#        -Isource/Category/Application/acu/Tasks/Sanitization\
#        -Isource/Category/Application/acu/Tasks/StabilityControl\
#        -Isource/Category/Application/acu/Tasks/TimeElapse\
#        -Isource/Category/Application/acu/VWI\
#        -Isource/Category/Application/all/ActivePower\
#        -Isource/Category/Application/all/API007App\
#        -Isource/Category/Application/all/Config\
#        -Isource/Category/Common/acu/CommonDish/DishAuxVar\
#        -Isource/Category/Common/acu/CommonDish/PumpCommand\
#        -Isource/Category/Common/acu/CommonDish/StatisticsDish\
#        -Isource/Category/Common/all/BoardDebugging\
#        -Isource/Category/Common/all/Config\
#        -Isource/Category/Common/all/MasterCommander\
#        -Isource/Category/Common/all/MasterCommander/Source\
#        -Isource/Category/Common/all/MasterCommander/Source/HAL\
#        -Isource/Category/Common/all/SharedUtils\
#        -Isource/Category/Hbl/acu/ACULoadHandler/AlternateLoad\
#        -Isource/Category/Hbl/acuexpacu/ACUGIHandler/WaterCounterGI\
#        -Isource/Category/Hbl/acuexpacu/ACULoadHandler/HeaterLoad\
#        -Isource/Category/Hbl/acuexpacu/ACULoadHandler/TriacMci\
#        -Isource/Category/Hbl/all/Config\ -Isource/Category/Hbl/all/Mci\
#        -Isource/Category/Hbl/all/Mci/MciZeroCross\
#        -Isource/Category/Hbl/all/Mci/Slfac\
#        -Isource/Category/Hbl/all/Mci/Slfac/Macroblocks\
#        -Isource/Category/Hbl/all/Mci/Slfac/Microblocks/GlitchFilter\
#        -Isource/Category/Hbl/all/Mci/Slfac/Microblocks/IIRFilter\
#        -Isource/Category/Hbl/all/Mci/Slfac/Microblocks/MathCalc\
#        -Isource/Category/Hbl/all/Mci/Slfac/Microblocks/PeakDetector\
#        -Isource/Category/Hbl/all/Mci/Slfac/Microblocks/Pi\
#        -Isource/Category/Hbl/all/MCUDrivers/TimeCapture\
#        -Isource/Category/Hbl/all/MCUDrivers/TimerInterruptExt\
#        -Isource/Micros/STM32G0x/Driver/Atod\
#        -Isource/Micros/STM32G0x/Driver/DataFlash\
#        -Isource/Micros/STM32G0x/Driver/Dma\
#        -Isource/Micros/STM32G0x/Driver/Dtoa\
#        -Isource/Micros/STM32G0x/Driver/ExtInterrupt\
#        -Isource/Micros/STM32G0x/Driver/Flash\
#        -Isource/Micros/STM32G0x/Driver/Gpio\
#        -Isource/Micros/STM32G0x/Driver/I2c\
#        -Isource/Micros/STM32G0x/Driver/IntMgr\
#        -Isource/Micros/STM32G0x/Driver/Micro\
#        -Isource/Micros/STM32G0x/Driver/MicroExt\
#        -Isource/Micros/STM32G0x/Driver/Rtc\
#        -Isource/Micros/STM32G0x/Driver/RTCDriver\
#        -Isource/Micros/STM32G0x/Driver/Spi\
#        -Isource/Micros/STM32G0x/Driver/Timeout\
#        -Isource/Micros/STM32G0x/Driver/Timer\
#        -Isource/Micros/STM32G0x/Driver/TimerInterrupt\
#        -Isource/Micros/STM32G0x/Driver/Uart\
#        -Isource/ProjectSpecific/Application/acu/Config\
#        -Isource/ProjectSpecific/Application/acu/LowPower\
#        -Isource/ProjectSpecific/Application/acuexpacu/Config\
#        -Isource/ProjectSpecific/Application/all/Config\
#        -Isource/ProjectSpecific/Application/all/MCUDebug\
#        -Isource/ProjectSpecific/Application/all/ProductInfo\
#        -Isource/ProjectSpecific/Common/acu/Config\
#        -Isource/ProjectSpecific/Common/all/Config\
#        -Isource/ProjectSpecific/Common/all/Debug\
#        -Isource/ProjectSpecific/Common/all/SRConfig\
#        -Isource/ProjectSpecific/Driver/STM32G0x\
#        -Isource/ProjectSpecific/Hbl/acuexpacu/Config\
#        -Isource/ProjectSpecific/Hbl/acuexpacu/SRConfig\
#        -Isource/ProjectSpecific/Hbl/all/Config\
#        -Isource/ProjectSpecific/Hbl/all/Config/Mci\
#        -Isource/ProjectSpecific/Hbl/all/Config/Mci/MasterCommander\
#        -Isource/ProjectSpecific/Hbl/all/Config/Mci/MCUDrivers\
#        -Isource/ProjectSpecific/Hbl/all/SRConfig\
#        -Isource/XCategory/Application/acu/API221MotionCtrl\
#        -Isource/XCategory/Application/acu/Calibration\
#        -Isource/XCategory/Application/acu/Condition\
#        -Isource/XCategory/Application/acu/Estimator\
#        -Isource/XCategory/Application/acu/Interpreter\
#        -Isource/XCategory/Application/acu/Processes/ActivateTask\
#        -Isource/XCategory/Application/acu/Processes/JumpIf\
#        -Isource/XCategory/Application/acu/Processes/LoadsControl\
#        -Isource/XCategory/Application/acu/Processes/Maintain\
#        -Isource/XCategory/Application/acu/Processes/SetVariable\
#        -Isource/XCategory/Application/acu/RegulationAccept\
#        -Isource/XCategory/Application/acu/Selector\
#        -Isource/XCategory/Application/acu/SubCycle\
#        -Isource/XCategory/Application/acu/Supervisor\
#        -Isource/XCategory/Application/acu/TestMgr\
#        -Isource/XCategory/Application/acuexpacu/ApplianceMgr\
#        -Isource/XCategory/Application/acuhmi/CommunicationMonitor\
#        -Isource/XCategory/Application/acuhmi/Modifier\
#        -Isource/XCategory/Application/acuhmi/Regulations\
#        -Isource/XCategory/Application/acuhmi/Status\
#        -Isource/XCategory/Application/all/API007Data\
#        -Isource/XCategory/Application/all/API011AppCtr\
#        -Isource/XCategory/Application/all/API012Exp\
#        -Isource/XCategory/Application/all/API013RemoteFunction\
#        -Isource/XCategory/Application/all/API018Diagnostic\
#        -Isource/XCategory/Application/all/API220MotorControl\
#        -Isource/XCategory/Application/all/API220MotorControl/Api\
#        -Isource/XCategory/Application/all/Mode\
#        -Isource/XCategory/Application/all/Reveal_Basic/API003Disc\
#        -Isource/XCategory/Application/all/Reveal_Basic/API004Debug\
#        -Isource/XCategory/Application/all/Reveal_Basic/API004Debug/SW05SoftwareTest\
#        -Isource/XCategory/Application/all/Reveal_Basic/API005LowLevel\
#        -Isource/XCategory/Application/all/Reveal_Basic/API009System\
#        -Isource/XCategory/Application/all/Reveal_Basic/API010PollVar\
#        -Isource/XCategory/Application/all/Reveal_Basic/API019ProductInfo\
#        -Isource/XCategory/Application/all/SFUpdater\
#        -Isource/XCategory/Application/all/SRAPI020Safety\
#        -Isource/XCategory/Application/all/StatusLed\
#        -Isource/XCategory/Common/acu/BrownOut\
#        -Isource/XCategory/Common/acu/Fault\
#        -Isource/XCategory/Common/acu/Statistics\
#        -Isource/XCategory/Common/all/Common/Callback\
#        -Isource/XCategory/Common/all/Common/Convert\
#        -Isource/XCategory/Common/all/Common/Crc16\
#        -Isource/XCategory/Common/all/Common/Crc32\
#        -Isource/XCategory/Common/all/Common/Crc8\
#        -Isource/XCategory/Common/all/Common/Equation\
#        -Isource/XCategory/Common/all/Common/Filter\
#        -Isource/XCategory/Common/all/Common/FITMgr\
#        -Isource/XCategory/Common/all/Common/I2cMgr\
#        -Isource/XCategory/Common/all/Common/IAPEmul\
#        -Isource/XCategory/Common/all/Common/Log\
#        -Isource/XCategory/Common/all/Common/Millis\
#        -Isource/XCategory/Common/all/Common/SeggerRTT\
#        -Isource/XCategory/Common/all/Common/SeggerRTT/SEGGER_RTT/Config\
#        -Isource/XCategory/Common/all/Common/SeggerRTT/SEGGER_RTT/RTT\
#        -Isource/XCategory/Common/all/Common/SettingFile\
#        -Isource/XCategory/Common/all/Common/SFVersionCheck\
#        -Isource/XCategory/Common/all/Common/SystemConfig\
#        -Isource/XCategory/Common/all/Common/SystemTimers\
#        -Isource/XCategory/Common/all/Common/Utilities\
#        -Isource/XCategory/Common/all/Common/Variable\
#        -Isource/XCategory/Common/all/SRCommon/SRClockMonitor\
#        -Isource/XCategory/Common/all/SRCommon/SRData\
#        -Isource/XCategory/Common/all/SRCommon/SRException\
#        -Isource/XCategory/Common/all/SRCommon/SRIsrMonitor\
#        -Isource/XCategory/Common/all/SRCommon/SRPowerMgr\
#        -Isource/XCategory/Common/all/SRCommon/SRSignature\
#        -Isource/XCategory/Common/all/SRCommon/SRSystemConfig\
#        -Isource/XCategory/Common/all/SRCommon/SRTaskMonitor\
#        -Isource/XCategory/Common/all/SRCommon/SRTaskSequence\
#        -Isource/XCategory/Common/all/SRCommon/SRTimerReference\
#        -Isource/XCategory/Common/all/SRCommon/SRUnusedPinsConfig\
#        -Isource/XCategory/Common/all/SRMain\
#        -Isource/XCategory/Common/all/SRMain/BackgroundThreads\
#        -Isource/XCategory/Common/all/SRMain/OsServices\
#        -Isource/XCategory/Common/all/SRMain/StackAnalysis\
#        -Isource/XCategory/Common/all/SRMain/TimingAnalysis\
#        -Isource/XCategory/Driver/APIs/Atod\
#        -Isource/XCategory/Driver/APIs/Comparator\
#        -Isource/XCategory/Driver/APIs/DataFlash\
#        -Isource/XCategory/Driver/APIs/Dma\
#        -Isource/XCategory/Driver/APIs/Dtc\
#        -Isource/XCategory/Driver/APIs/Dtoa\
#        -Isource/XCategory/Driver/APIs/EmbOS\
#        -Isource/XCategory/Driver/APIs/ExtInterrupt\
#        -Isource/XCategory/Driver/APIs/Flash\
#        -Isource/XCategory/Driver/APIs/Gpio\
#        -Isource/XCategory/Driver/APIs/I2c\
#        -Isource/XCategory/Driver/APIs/IntMgr\
#        -Isource/XCategory/Driver/APIs/Micro\
#        -Isource/XCategory/Driver/APIs/MicroExt\
#        -Isource/XCategory/Driver/APIs/Rtc\
#        -Isource/XCategory/Driver/APIs/RTCDriver\
#        -Isource/XCategory/Driver/APIs/Spi\
#        -Isource/XCategory/Driver/APIs/Timeout\
#        -Isource/XCategory/Driver/APIs/Timer\
#        -Isource/XCategory/Driver/APIs/TimerInterrupt\
#        -Isource/XCategory/Driver/APIs/Touch\
#        -Isource/XCategory/Driver/APIs/Uart\
#        -Isource/XCategory/Hbl/acu/FdmCounter\
#        -Isource/XCategory/Hbl/acu/FdmTimer\
#        -Isource/XCategory/Hbl/acuexpacu/ACUGIHandler/ConvertGI\
#        -Isource/XCategory/Hbl/acuexpacu/ACUGIHandler/DirectGI\
#        -Isource/XCategory/Hbl/acuexpacu/ACUGIHandler/DoorSwitchGI\
#        -Isource/XCategory/Hbl/acuexpacu/ACUGIHandler/ProbeGI\
#        -Isource/XCategory/Hbl/acuexpacu/ACUGIHandler/ProbeLpsGI\
#        -Isource/XCategory/Hbl/acuexpacu/ACULoadHandler/DCFanLoad\
#        -Isource/XCategory/Hbl/acuexpacu/ACUPilotHandler/AnalogOutputPilot\
#        -Isource/XCategory/Hbl/acuexpacu/ACUPilotHandler/ChargePumpPilot\
#        -Isource/XCategory/Hbl/acuexpacu/ACUPilotHandler/DigitalOutputMultiPilot\
#        -Isource/XCategory/Hbl/acuexpacu/ACUPilotHandler/DigitalOutputPilot\
#        -Isource/XCategory/Hbl/acuexpacu/ACUPilotHandler/DoorLockEMPilot\
#        -Isource/XCategory/Hbl/acuexpacu/ACUPilotHandler/DoorLockWaxPilot\
#        -Isource/XCategory/Hbl/acuexpacu/ACUPilotHandler/ExpansionPilot\
#        -Isource/XCategory/Hbl/acuexpacu/ACUPilotHandler/ExternalMotorPilot\
#        -Isource/XCategory/Hbl/acuexpacu/ACUPilotHandler/FSMPilot\
#        -Isource/XCategory/Hbl/acuexpacu/ACUPilotHandler/MagnetronPilot\
#        -Isource/XCategory/Hbl/acuexpacu/ACUPilotHandler/MotorPilot\
#        -Isource/XCategory/Hbl/acuexpacu/ACUPilotHandler/MultiDriverPilot\
#        -Isource/XCategory/Hbl/acuexpacu/ACUPilotHandler/MultiSequencePilot\
#        -Isource/XCategory/Hbl/acuexpacu/ACUPilotHandler/NonfunctionalPilot\
#        -Isource/XCategory/Hbl/acuexpacu/ACUPilotHandler/PwmHiResPilot\
#        -Isource/XCategory/Hbl/acuexpacu/ACUPilotHandler/PwmPilot\
#        -Isource/XCategory/Hbl/acuexpacu/ACUPilotHandler/SRChargePumpPilot\
#        -Isource/XCategory/Hbl/acuexpacu/ACUPilotHandler/SRDigitalOutputMultiPilot\
#        -Isource/XCategory/Hbl/acuexpacu/ACUPilotHandler/SRDigitalOutputPilot\
#        -Isource/XCategory/Hbl/acuexpacu/ACUPilotHandler/SRDoorLockEMPilot\
#        -Isource/XCategory/Hbl/acuexpacu/ACUPilotHandler/SRDoorLockWaxPilot\
#        -Isource/XCategory/Hbl/acuexpacu/ACUPilotHandler/SRUMRelayPilot\
#        -Isource/XCategory/Hbl/acuexpacu/ACUPilotHandler/SteadyPwmProfilePilot\
#        -Isource/XCategory/Hbl/acuexpacu/ACUPilotHandler/StepperPilot\
#        -Isource/XCategory/Hbl/acuexpacu/ACUPilotHandler/TriacSwitchPilot\
#        -Isource/XCategory/Hbl/acuexpacu/ACUPilotHandler/ZCRelayPilot\
#        -Isource/XCategory/Hbl/acuexpacu/ACUPilotHandler/ZCTriacPilot\
#        -Isource/XCategory/Hbl/acuexpacu/HblAcu\
#        -Isource/XCategory/Hbl/acuexpacu/HblAcu/CrossLoads\
#        -Isource/XCategory/Hbl/acuexpacu/HblAcu/SetLoadQueue\
#        -Isource/XCategory/Hbl/acuexpacu/HblAcu/SRProductMgr\
#        -Isource/XCategory/Hbl/acuexpacu/HblAcu/ZeroCross\
#        -Isource/XCategory/Hbl/all/Hbl\
#        -Isource/XCategory/Hbl/all/Hbl/DefaultPin\
#        -Isource/XCategory/Hbl/all/Hbl/HblCommon\
#        -Isource/XCategory/Hbl/all/Hbl/VirtualPin\
#        -Isource/XCategory/Hbl/all/LLIHandler/AbsoluteHumidityLLI\
#        -Isource/XCategory/Hbl/all/LLIHandler/AccelerometerLLI\
#        -Isource/XCategory/Hbl/all/LLIHandler/AccelerometerLLI/AccelBaseline\
#        -Isource/XCategory/Hbl/all/LLIHandler/AccelerometerLLI/AccelDiscover\
#        -Isource/XCategory/Hbl/all/LLIHandler/AccelerometerLLI/FXLS8974\
#        -Isource/XCategory/Hbl/all/LLIHandler/AccelerometerLLI/FXLS8974/SelfTestFXLS8974\
#        -Isource/XCategory/Hbl/all/LLIHandler/AccelerometerLLI/LISxDH\
#        -Isource/XCategory/Hbl/all/LLIHandler/AnalogLLI\
#        -Isource/XCategory/Hbl/all/LLIHandler/ConductivityLLI\
#        -Isource/XCategory/Hbl/all/LLIHandler/DigitalLLI\
#        -Isource/XCategory/Hbl/all/LLIHandler/EncoderLLI\
#        -Isource/XCategory/Hbl/all/LLIHandler/ExpansionLLI\
#        -Isource/XCategory/Hbl/all/LLIHandler/FeedbackLLI\
#        -Isource/XCategory/Hbl/all/LLIHandler/I2CInfraredLLI\
#        -Isource/XCategory/Hbl/all/LLIHandler/I2CPressureSensorLLI\
#        -Isource/XCategory/Hbl/all/LLIHandler/I2CRHTSensorLLI\
#        -Isource/XCategory/Hbl/all/LLIHandler/InputCaptureLLI\
#        -Isource/XCategory/Hbl/all/LLIHandler/MultiInputLLI\
#        -Isource/XCategory/Hbl/all/LLIHandler/NonfunctionalLLI\
#        -Isource/XCategory/Hbl/all/LLIHandler/PulseCounterLLI\
#        -Isource/XCategory/Hbl/all/LLIHandler/SRAnalogLLI\
#        -Isource/XCategory/Hbl/all/LLIHandler/SRDigitalLLI\
#        -Isource/XCategory/Hbl/all/LLIHandler/SRFeedbackLLI\
#        -Isource/XCategory/Hbl/all/LLIHandler/SRI2CPressureSensorLLI\
#        -Isource/XCategory/Hbl/all/LLIHandler/SRICTachometerLLI\
#        -Isource/XCategory/Hbl/all/LLIHandler/SRInputCaptureLLI\
#        -Isource/XCategory/Hbl/all/LLIHandler/SRTouchKeyLLI\
#        -Isource/XCategory/Hbl/all/LLIHandler/SRTriacFeedbackLLI\
#        -Isource/XCategory/Hbl/all/LLIHandler/TouchKeyLLI\
#        -Isource/XCategory/Hbl/all/LLIHandler/TouchSliderLLI\
#        -Isource/XCategory/Hbl/all/LLIHandler/TouchWheelLLI\
#        -Isource/XCategory/Hbl/all/LLIHandler/TriacFeedbackLLI\
#        -Isource/XCategory/Hbl/all/LLIHandler/VirtualDigitalLLI\
#        -Isource/XCategory/Service/all/NVData\
#        -Isource/XCategory/Service/all/Reveal\
#        -Isource/XCategory/Service/all/Win\) -l listings\Dtoa.lst -o
#        obj\Dtoa.obj source/Micros/STM32G0x/Driver/Dtoa/Dtoa.c
#    Locale       =  English_United States.1252
#    List file    =  listings\Dtoa.lst
#    Object file  =  obj\Dtoa.obj
#
###############################################################################

C:\Data\Nucleus_Dev\Vostok_ACU_A\source\Micros\STM32G0x\Driver\Dtoa\Dtoa.c
      1          /**
      2           *  @file       
      3           *
      4           *  @brief      The DtoA GDM for STM32G0x is a module that implements the
      5           *              DtoA Standard API (Application programming interface for the DtoA Channels) for the STM32G0x family of microcontrollers
      6           *
      7           *
      8           *  @details    The two 12-bit buffered DAC channels can be used to convert digital signals into analog
      9           *              voltage signal outputs.
     10           *
     11           *              DtoA channels are available in the below port-pins of STM32G0x -
     12           *               <pre>
     13           *               --------------------------------------
     14           *              | DTOA Channel   |  Port    |   Pin    |
     15           *              |----------------|----------|----------|
     16           *              |    DTOA_CH1    |   PORTA  |    4     |
     17           *              |----------------|----------|----------|
     18           *              |    DTOA_CH2    |   PORTA  |    5     |
     19           *               -------------------------------------- </pre>
     20           *
     21           *       The analog output voltage on each DAC channel pin is determined by the following equation:
     22           *
     23           *       DAC_OUTx = VREF+ * DOR / 4095
     24           *
     25           *       with  DOR is the Data Output Register
     26           *       VEF+ is the input voltage reference (refer to the device data sheet)
     27           *
     28           *       e.g. To set DAC_OUT1 to 0.7V, use
     29           *       Dtoa__SetValue(DTOA_CH1, 868);
     30           *       Assuming that VREF+ = 3.3, DAC_OUT1 = (3.3 * 868) / 4095 = 0.7V
     31           *
     32           *
     33           *       Supports only 12-bit and 8-bit resolution
     34           *       Continuous conversion feature is not implemented
     35           *
     36           *
     37           *
     38           *  @section    Applicable_Documents
     39           *                  List here all the applicable documents if needed. <tr>
     40           *
     41           *  $Header: $
     42           *
     43           *  @copyright  Copyright 2015-$Date$. Whirlpool Corporation. All rights reserved - CONFIDENTIAL
     44           */
     45          //-------------------------------------- Include Files ----------------------------------------------------------------
     46          #include "C_Extensions.h"
     47          #include "uc.h"
     48          #include "Dtoa.h" 
     49          #include "Gpio.h"
     50          #include "Micro.h"
     51          
     52          //-------------------------------------- PUBLIC (Variables) -----------------------------------------------------------
     53          
     54          //-------------------------------------- PRIVATE (Variables, Constants & Defines) -------------------------------------
     55          #define DTOA_CHANNEL_1_PORT             PORTA
     56          #define DTOA_CHANNEL_1_PORTBIT          4
     57          
     58          #define DTOA_CHANNEL_2_PORT             PORTA
     59          #define DTOA_CHANNEL_2_PORTBIT          5
     60          
     61          #define DMA_CR_CHNL1_CLEAR              0xFFFF0000
     62          #define DMA_CR_CHNL2_CLEAR              0x0000FFFF
     63          
     64          #ifndef DTOA_CHANNEL_RESOLUTION_HARDCODED
     65              #define DTOA_CHANNEL_RESOLUTION_HARDCODED       0
     66          #elif ((DTOA_CHANNEL_RESOLUTION_HARDCODED != 0) && (DTOA_CHANNEL_RESOLUTION_HARDCODED != 8) && (DTOA_CHANNEL_RESOLUTION_HARDCODED != 12))
     67              #error:"STM32G0x micro-controller supports only 8 or 12 bit DTOA resolution";
     68          #endif
     69          
     70          //-------------------------------------- PRIVATE (Function Prototypes) ------------------------------------------------
     71          
     72          //=====================================================================================================================
     73          //-------------------------------------- Public Functions -------------------------------------------------------------
     74          //=====================================================================================================================
     75          
     76          //---------------------------------------------------------------------------------------------------------------------
     77          /**
     78           * @brief      It Initializes the module Dtoa and its variables
     79           *
     80           */

   \                                 In section .text, align 2, keep-with-next
     81          void Dtoa__Initialize(void)
     82          {
     83              #if ((DTOA_CH1_FEATURE == ENABLED) || (DTOA_CH2_FEATURE == ENABLED))
     84                  //Reset the DAC engine
     85                  RCC.APBRSTR1 |= RCC_APBRSTR1_DAC1RST;
     86                  RCC.APBRSTR1 &= (uint32)(~RCC_APBRSTR1_DAC1RST);
     87          
     88                  //Enable the DAC device in the APB1 bus
     89                  RCC.APBENR1 |= RCC_APBENR1_DAC1EN;
     90              #endif
     91          }
   \                     Dtoa__Initialize: (+1)
   \   00000000   0x4770             BX       LR               ;; return
     92          
     93          //---------------------------------------------------------------------------------------------------------------------
     94          /**
     95           * @brief      This method disables the Dtoa Channel
     96           * @param      channel - Dtoa Channel
     97           */

   \                                 In section .text, align 2, keep-with-next
     98          void Dtoa__Disable(DTOA_CHANNEL_DEF channel)
     99          {
    100              #if ((DTOA_CH1_FEATURE == ENABLED) || (DTOA_CH2_FEATURE == ENABLED))
    101          
    102                  #if (DTOA_CH2_FEATURE == ENABLED)
    103                      #if (DTOA_CH1_FEATURE == ENABLED)
    104                      if (channel == DTOA_CH2)
    105                      #endif
    106                      {
    107                          DAC.SR |= DAC_SR_DMAUDR2;
    108          
    109                          //Disable the Dtoa Channel
    110                          DAC.CR &= DMA_CR_CHNL2_CLEAR;
    111                      }
    112                  #endif
    113          
    114                  #if (DTOA_CH1_FEATURE == ENABLED) && (DTOA_CH2_FEATURE == ENABLED)
    115                      else
    116                  #endif
    117                  #if (DTOA_CH1_FEATURE == ENABLED)
    118                      {
    119                          DAC.SR |= DAC_SR_DMAUDR1;
    120          
    121                          //Enable the Dtoa Channel and Enable the Output buffer which is used to reduce the output impedance
    122                          DAC.CR &= DMA_CR_CHNL1_CLEAR;
    123                      }
    124          
    125                  #endif
    126              #endif
    127          }
   \                     Dtoa__Disable: (+1)
   \   00000000   0x4770             BX       LR               ;; return
    128          
    129          //---------------------------------------------------------------------------------------------------------------------
    130          /**
    131           * @brief   - This method converts the Digital to analog value on the specified channel
    132           * @details - Continuous Conversion -
    133           *                  DTOA_CONTINUOUS_CONVERSION_FEATURE shall be enabled
    134           *
    135           *            Single Conversion -
    136           *                  If the application is going to use only the sngle conversion then DTOA_CONTINUOUS_CONVERSION_FEATURE shall be disabled
    137           *                  for optimization
    138           *
    139           * @param channel - DTOA_CHANNEL_DEF
    140           * @param resolution - DTOA_CHANNEL_RESOLUTION_DEF
    141           * @param sampling_hz - sampling rate
    142           * @param source_address
    143           * @param size
    144           * @return
    145           *  @retval PASS - If the conversion requested is processed
    146           *  @retval FAIL - If the conversion requested is failed to process
    147           */

   \                                 In section .text, align 2, keep-with-next
    148          PASS_FAIL_TYPE Dtoa__Convert(DTOA_CHANNEL_DEF channel, DTOA_CHANNEL_RESOLUTION_DEF resolution, uint16 sampling_hz, uint32 source_address, uint32 size)
    149          {
    150              #if ((DTOA_CH1_FEATURE == ENABLED) || (DTOA_CH2_FEATURE == ENABLED))
    151          
    152                  PASS_FAIL_TYPE response;
    153                  uint32 volatile *dac_dhr_ptr;
    154          
    155                  response = FAIL;
    156          
    157                  if (source_address != 0)
    158                  {
    159                      #if (DTOA_CH2_FEATURE == ENABLED)
    160                          #if (DTOA_CH1_FEATURE == ENABLED)
    161                          if (channel == DTOA_CH2)
    162                          #endif
    163                          {
    164                              //Configure the Dtoa Channel in Analog mode
    165                              Gpio__PinConfig(DTOA_CHANNEL_2_PORT, DTOA_CHANNEL_2_PORTBIT, INPUT_ANALOG);
    166          
    167                              //clear the DMA under run
    168                              DAC.SR |= DAC_SR_DMAUDR2;
    169          
    170                              #if (DTOA_CHANNEL_RESOLUTION_HARDCODED == 0)
    171                                  if (resolution == DTOA_RESOLUTION_12BITS)
    172                                  {
    173                                      dac_dhr_ptr = &DAC.DHR12R2;
    174          
    175                                  }
    176                                  else
    177                                  {
    178                                      dac_dhr_ptr = &DAC.DHR8R2;
    179          
    180                                  }
    181                              #else
    182                                  #if (DTOA_CHANNEL_RESOLUTION_HARDCODED == 12)
    183                                      dac_dhr_ptr = &DAC.DHR12R2;
    184                                  #else
    185                                      dac_dhr_ptr = &DAC.DHR8R2;
    186                                  #endif
    187                              #endif
    188          
    189                              if (size == 1)
    190                              {
    191                                  //000: DAC channel2 is connected to external pin with Buffer enabled
    192                                  //Enable the Output buffer which is used to reduce the output impedance
    193                                  DAC.MCR &= ~DAC_MCR_MODE2;
    194          
    195                                  (*(uint32 *)dac_dhr_ptr) = (*(uint32 *)source_address);
    196          
    197                                  //Enable the Dtoa Channel
    198                                  DAC.CR |= DAC_CR_EN2;
    199          
    200                                  response = PASS;
    201                              }
    202                          }
    203                      #endif
    204          
    205                      #if (DTOA_CH1_FEATURE == ENABLED) && (DTOA_CH2_FEATURE == ENABLED)
    206                          else
    207                      #endif
    208                      #if (DTOA_CH1_FEATURE == ENABLED)
    209                      {
    210                          {
    211                              //Configure the Dtoa Channel in Analog mode
    212                              Gpio__PinConfig(DTOA_CHANNEL_1_PORT, DTOA_CHANNEL_1_PORTBIT, INPUT_ANALOG);
    213          
    214                              //clear the DMA under run
    215                              DAC.SR |= DAC_SR_DMAUDR1;
    216          
    217                              #if (DTOA_CHANNEL_RESOLUTION_HARDCODED == 0)
    218                                  if (resolution == DTOA_RESOLUTION_12BITS)
    219                                  {
    220                                      dac_dhr_ptr = &DAC.DHR12R1;
    221                                  }
    222                                  else
    223                                  {
    224                                      dac_dhr_ptr = &DAC.DHR8R1;
    225                                  }
    226                              #else
    227                                  #if (DTOA_CHANNEL_RESOLUTION_HARDCODED == 12)
    228                                      dac_dhr_ptr = &DAC.DHR12R1;
    229                                  #else
    230                                      dac_dhr_ptr = &DAC.DHR8R1;
    231                                  #endif
    232                              #endif
    233          
    234                              if (size == 1)
    235                              {
    236                                  //000: DAC channel1 is connected to external pin with Buffer enabled
    237                                  //Enable the Output buffer which is used to reduce the output impedance
    238                                  DAC.MCR &= ~DAC_MCR_MODE1;
    239          
    240                                  (*(uint32 *)dac_dhr_ptr) = (*(uint32 *)source_address);
    241          
    242                                  //Enable the Dtoa Channel and Enable the Output buffer which is used to reduce the output impedance
    243                                  DAC.CR |= DAC_CR_EN1;
    244          
    245                                  response = PASS;
    246                              }
    247                          }
    248                      }
    249                      #endif
    250                  }
    251                  return (response);
    252              #else
    253                  return (FAIL);
   \                     Dtoa__Convert: (+1)
   \   00000000   0x2000             MOVS     R0,#+0
   \   00000002   0x4770             BX       LR               ;; return
    254              #endif
    255          }
    256          
    257          //---------------------------------------------------------------------------------------------------------------------
    258          /**
    259           * @brief -
    260           * @details -
    261           * @param channel
    262           * @return
    263           */

   \                                 In section .text, align 2, keep-with-next
    264          BOOL_TYPE Dtoa__IsFree(DTOA_CHANNEL_DEF channel)
    265          {
    266              #if ((DTOA_CH1_FEATURE == ENABLED) || (DTOA_CH2_FEATURE == ENABLED))
    267                      return(TRUE);
    268              #else
    269                  return(FALSE);
   \                     Dtoa__IsFree: (+1)
   \   00000000   0x2000             MOVS     R0,#+0
   \   00000002   0x4770             BX       LR               ;; return
    270              #endif
    271          }
    272          
    273          
    274          //=====================================================================================================================
    275          //-------------------------------------- Private Functions ------------------------------------------------------------
    276          //=====================================================================================================================

   Maximum stack usage in bytes:

   .cstack Function
   ------- --------
       0   Dtoa__Convert
       0   Dtoa__Disable
       0   Dtoa__Initialize
       0   Dtoa__IsFree


   Section sizes:

   Bytes  Function/Label
   -----  --------------
       4  Dtoa__Convert
       2  Dtoa__Disable
       2  Dtoa__Initialize
       4  Dtoa__IsFree

 
 12 bytes in section .text
 
 12 bytes of CODE memory

Errors: none
Warnings: none
