###############################################################################
#
# IAR ANSI C/C++ Compiler V7.70.1.11437/W32 for ARM       28/Feb/2025  14:17:13
# Copyright 1999-2016 IAR Systems AB.
#
#    Cpu mode     =  thumb
#    Endian       =  little
#    Source file  =  
#        source/Category/Application/acu/Monitors/FaultStatusMonitor/FaultStatusMonitor.c
#    Command line =  
#        --cpu Cortex-M0+ -Om --debug -e --only_stdout --silent -D
#        ENABLE_JUMP_TO_APPLICATION_WITHOUT_IAP_FIRMWARE --no_wrap_diagnostics
#        -f config\tmp\include_path.lnt
#        (-I../Nucleus-Tools-SDK/embOS/arm/v4.26/source\
#        -I../Nucleus-Tools-SDK/iar/arm/v7.70/cx/inc\
#        -Isource/Category/Application/acu/CycleResume\
#        -Isource/Category/Application/acu/Monitors/AutostartFactoryCycleMonitor\
#        -Isource/Category/Application/acu/Monitors/CartridgeDetectionMonitor\
#        -Isource/Category/Application/acu/Monitors/DCLoadCurrentMonitor\
#        -Isource/Category/Application/acu/Monitors/DiverterFaultMonitor\
#        -Isource/Category/Application/acu/Monitors/DiverterLeakFaultMonitor\
#        -Isource/Category/Application/acu/Monitors/DoorMonitor\
#        -Isource/Category/Application/acu/Monitors/DoorOpeningSystemMonitor\
#        -Isource/Category/Application/acu/Monitors/FanMotorFaultMonitor\
#        -Isource/Category/Application/acu/Monitors/FaultStatusMonitor\
#        -Isource/Category/Application/acu/Monitors/FillValveStuckOn\
#        -Isource/Category/Application/acu/Monitors/FlowMeterFaultMonitor\
#        -Isource/Category/Application/acu/Monitors/HeatMonitor\
#        -Isource/Category/Application/acu/Monitors/HotHighPotMonitor\
#        -Isource/Category/Application/acu/Monitors/LITTFaultMonitor\
#        -Isource/Category/Application/acu/Monitors/LITTMonitor\
#        -Isource/Category/Application/acu/Monitors/McuGetDataMonitor\
#        -Isource/Category/Application/acu/Monitors/ModelMonitors/AirlockDetectionMonitor\
#        -Isource/Category/Application/acu/Monitors/ModelMonitors/AirlockDetectionMonitor/CodeGeneration\
#        -Isource/Category/Application/acu/Monitors/ModelMonitors/HeaterCalcificationDetectionModel\
#        -Isource/Category/Application/acu/Monitors/ModelMonitors/HeaterCalcificationDetectionModel/CodeGeneration\
#        -Isource/Category/Application/acu/Monitors/ModelMonitors/OWIVoltageRegulatedOutputModel\
#        -Isource/Category/Application/acu/Monitors/ModelMonitors/OWIVoltageRegulatedOutputModel/CodeGeneration\
#        -Isource/Category/Application/acu/Monitors/ModelMonitors/PluggingDetectionMonitor\
#        -Isource/Category/Application/acu/Monitors/ModelMonitors/PluggingDetectionMonitor/CodeGeneration\
#        -Isource/Category/Application/acu/Monitors/MoisturePreventionMonitor\
#        -Isource/Category/Application/acu/Monitors/OverfillMonitor\
#        -Isource/Category/Application/acu/Monitors/OWIMonitor\
#        -Isource/Category/Application/acu/Monitors/PilotRelayFaultMonitor\
#        -Isource/Category/Application/acu/Monitors/PilotRelayFaultMonitor/PilotRelayStuckClosedMonitor\
#        -Isource/Category/Application/acu/Monitors/PilotRelayFaultMonitor/PilotRelayStuckOpenMonitor\
#        -Isource/Category/Application/acu/Monitors/PORTimeMonitor\
#        -Isource/Category/Application/acu/Monitors/PumpFlushRequestMonitor\
#        -Isource/Category/Application/acu/Monitors/RinseAidMonitor\
#        -Isource/Category/Application/acu/Monitors/SaltSensingMonitor\
#        -Isource/Category/Application/acu/Monitors/StabilityControlLoopMonitor\
#        -Isource/Category/Application/acu/Monitors/StandbyManager\
#        -Isource/Category/Application/acu/Monitors/SupervisorExtMonitor\
#        -Isource/Category/Application/acu/Monitors/ThermistorFaultMonitor\
#        -Isource/Category/Application/acu/Monitors/ThermistorFaultMonitor/ThermistorOpenMonitor\
#        -Isource/Category/Application/acu/Monitors/ThermistorFaultMonitor/ThermistorShortedMonitor\
#        -Isource/Category/Application/acu/Monitors/TriacCurrentMonitor\
#        -Isource/Category/Application/acu/Monitors/TriacShortedDrainFaultMonitor\
#        -Isource/Category/Application/acu/Monitors/TriacVoltageMonitor\
#        -Isource/Category/Application/acu/Monitors/VoltageRangeMonitor\
#        -Isource/Category/Application/acu/Monitors/VSDrainMotorFaultMonitor\
#        -Isource/Category/Application/acu/Monitors/VwiMonitor\
#        -Isource/Category/Application/acu/Monitors/VwiZoneCompensationMonitor\
#        -Isource/Category/Application/acu/Monitors/WashHeaterFaultMonitor\
#        -Isource/Category/Application/acu/Monitors/WashHeaterFaultMonitor/HeaterLeakageToNeutralMonitor\
#        -Isource/Category/Application/acu/Monitors/WashHeaterFaultMonitor/HeaterLineRelayOpenMonitor\
#        -Isource/Category/Application/acu/Monitors/WashHeaterFaultMonitor/HeaterNeutralRelayOpenMonitor\
#        -Isource/Category/Application/acu/Monitors/WashHeaterFaultMonitor/HeaterOpenAndLineRelayClosedMonitor\
#        -Isource/Category/Application/acu/Monitors/WashHeaterFaultMonitor/HeaterOpenMonitor\
#        -Isource/Category/Application/acu/Monitors/WashMotorFaultMonitor\
#        -Isource/Category/Application/acu/Monitors/ZeroCrossMonitor\
#        -Isource/Category/Application/acu/Processes/AlternateCtrl\
#        -Isource/Category/Application/acu/Processes/Fill\
#        -Isource/Category/Application/acu/Processes/Fill/ClassAFill\
#        -Isource/Category/Application/acu/Processes/Fill/Fill\
#        -Isource/Category/Application/acu/Processes/Fill/TankDrain\
#        -Isource/Category/Application/acu/Processes/Fill/TankFill\
#        -Isource/Category/Application/acu/Processes/Heat\
#        -Isource/Category/Application/acu/Processes/ModelProcesses/OWICalibrationModel\
#        -Isource/Category/Application/acu/Processes/ModelProcesses/OWICalibrationModel/CodeGeneration\
#        -Isource/Category/Application/acu/Processes/ModelProcesses/PartialDrainModel\
#        -Isource/Category/Application/acu/Processes/ModelProcesses/PartialDrainModel/CodeGeneration\
#        -Isource/Category/Application/acu/Processes/ModelProcesses/SensedDrainModel\
#        -Isource/Category/Application/acu/Processes/ModelProcesses/SensedDrainModel/CodeGeneration\
#        -Isource/Category/Application/acu/Processes/OWI\
#        -Isource/Category/Application/acu/Processes/OWI_VRO\
#        -Isource/Category/Application/acu/Processes/OWIOneShot\
#        -Isource/Category/Application/acu/Processes/PumpControl\
#        -Isource/Category/Application/acu/Processes/Regenerate\
#        -Isource/Category/Application/acu/Processes/RinseAidDispense\
#        -Isource/Category/Application/acu/Processes/RinseAidDispense/RinseAid\
#        -Isource/Category/Application/acu/Processes/RinseAidDispense/TridgeDetergent\
#        -Isource/Category/Application/acu/Tasks/DoorOpeningSystemPull\
#        -Isource/Category/Application/acu/Tasks/DoorOpeningSystemPush\
#        -Isource/Category/Application/acu/Tasks/HeaterShadowing\
#        -Isource/Category/Application/acu/Tasks/MoisturePrevention\
#        -Isource/Category/Application/acu/Tasks/OWIContinousReading\
#        -Isource/Category/Application/acu/Tasks/OwiVroContinuousReading\
#        -Isource/Category/Application/acu/Tasks/Sanitization\
#        -Isource/Category/Application/acu/Tasks/StabilityControl\
#        -Isource/Category/Application/acu/Tasks/TimeElapse\
#        -Isource/Category/Application/acu/VWI\
#        -Isource/Category/Application/all/ActivePower\
#        -Isource/Category/Application/all/API007App\
#        -Isource/Category/Application/all/Config\
#        -Isource/Category/Common/acu/CommonDish/DishAuxVar\
#        -Isource/Category/Common/acu/CommonDish/PumpCommand\
#        -Isource/Category/Common/acu/CommonDish/StatisticsDish\
#        -Isource/Category/Common/all/BoardDebugging\
#        -Isource/Category/Common/all/Config\
#        -Isource/Category/Common/all/MasterCommander\
#        -Isource/Category/Common/all/MasterCommander/Source\
#        -Isource/Category/Common/all/MasterCommander/Source/HAL\
#        -Isource/Category/Common/all/SharedUtils\
#        -Isource/Category/Hbl/acu/ACULoadHandler/AlternateLoad\
#        -Isource/Category/Hbl/acuexpacu/ACUGIHandler/WaterCounterGI\
#        -Isource/Category/Hbl/acuexpacu/ACULoadHandler/HeaterLoad\
#        -Isource/Category/Hbl/acuexpacu/ACULoadHandler/TriacMci\
#        -Isource/Category/Hbl/all/Config\ -Isource/Category/Hbl/all/Mci\
#        -Isource/Category/Hbl/all/Mci/MciZeroCross\
#        -Isource/Category/Hbl/all/Mci/Slfac\
#        -Isource/Category/Hbl/all/Mci/Slfac/Macroblocks\
#        -Isource/Category/Hbl/all/Mci/Slfac/Microblocks/GlitchFilter\
#        -Isource/Category/Hbl/all/Mci/Slfac/Microblocks/IIRFilter\
#        -Isource/Category/Hbl/all/Mci/Slfac/Microblocks/MathCalc\
#        -Isource/Category/Hbl/all/Mci/Slfac/Microblocks/PeakDetector\
#        -Isource/Category/Hbl/all/Mci/Slfac/Microblocks/Pi\
#        -Isource/Category/Hbl/all/MCUDrivers/TimeCapture\
#        -Isource/Category/Hbl/all/MCUDrivers/TimerInterruptExt\
#        -Isource/Micros/STM32G0x/Driver/Atod\
#        -Isource/Micros/STM32G0x/Driver/DataFlash\
#        -Isource/Micros/STM32G0x/Driver/Dma\
#        -Isource/Micros/STM32G0x/Driver/Dtoa\
#        -Isource/Micros/STM32G0x/Driver/ExtInterrupt\
#        -Isource/Micros/STM32G0x/Driver/Flash\
#        -Isource/Micros/STM32G0x/Driver/Gpio\
#        -Isource/Micros/STM32G0x/Driver/I2c\
#        -Isource/Micros/STM32G0x/Driver/IntMgr\
#        -Isource/Micros/STM32G0x/Driver/Micro\
#        -Isource/Micros/STM32G0x/Driver/MicroExt\
#        -Isource/Micros/STM32G0x/Driver/Rtc\
#        -Isource/Micros/STM32G0x/Driver/RTCDriver\
#        -Isource/Micros/STM32G0x/Driver/Spi\
#        -Isource/Micros/STM32G0x/Driver/Timeout\
#        -Isource/Micros/STM32G0x/Driver/Timer\
#        -Isource/Micros/STM32G0x/Driver/TimerInterrupt\
#        -Isource/Micros/STM32G0x/Driver/Uart\
#        -Isource/ProjectSpecific/Application/acu/Config\
#        -Isource/ProjectSpecific/Application/acu/LowPower\
#        -Isource/ProjectSpecific/Application/acuexpacu/Config\
#        -Isource/ProjectSpecific/Application/all/Config\
#        -Isource/ProjectSpecific/Application/all/MCUDebug\
#        -Isource/ProjectSpecific/Application/all/ProductInfo\
#        -Isource/ProjectSpecific/Common/acu/Config\
#        -Isource/ProjectSpecific/Common/all/Config\
#        -Isource/ProjectSpecific/Common/all/Debug\
#        -Isource/ProjectSpecific/Common/all/SRConfig\
#        -Isource/ProjectSpecific/Driver/STM32G0x\
#        -Isource/ProjectSpecific/Hbl/acuexpacu/Config\
#        -Isource/ProjectSpecific/Hbl/acuexpacu/SRConfig\
#        -Isource/ProjectSpecific/Hbl/all/Config\
#        -Isource/ProjectSpecific/Hbl/all/Config/Mci\
#        -Isource/ProjectSpecific/Hbl/all/Config/Mci/MasterCommander\
#        -Isource/ProjectSpecific/Hbl/all/Config/Mci/MCUDrivers\
#        -Isource/ProjectSpecific/Hbl/all/SRConfig\
#        -Isource/XCategory/Application/acu/API221MotionCtrl\
#        -Isource/XCategory/Application/acu/Calibration\
#        -Isource/XCategory/Application/acu/Condition\
#        -Isource/XCategory/Application/acu/Estimator\
#        -Isource/XCategory/Application/acu/Interpreter\
#        -Isource/XCategory/Application/acu/Processes/ActivateTask\
#        -Isource/XCategory/Application/acu/Processes/JumpIf\
#        -Isource/XCategory/Application/acu/Processes/LoadsControl\
#        -Isource/XCategory/Application/acu/Processes/Maintain\
#        -Isource/XCategory/Application/acu/Processes/SetVariable\
#        -Isource/XCategory/Application/acu/RegulationAccept\
#        -Isource/XCategory/Application/acu/Selector\
#        -Isource/XCategory/Application/acu/SubCycle\
#        -Isource/XCategory/Application/acu/Supervisor\
#        -Isource/XCategory/Application/acu/TestMgr\
#        -Isource/XCategory/Application/acuexpacu/ApplianceMgr\
#        -Isource/XCategory/Application/acuhmi/CommunicationMonitor\
#        -Isource/XCategory/Application/acuhmi/Modifier\
#        -Isource/XCategory/Application/acuhmi/Regulations\
#        -Isource/XCategory/Application/acuhmi/Status\
#        -Isource/XCategory/Application/all/API007Data\
#        -Isource/XCategory/Application/all/API011AppCtr\
#        -Isource/XCategory/Application/all/API012Exp\
#        -Isource/XCategory/Application/all/API013RemoteFunction\
#        -Isource/XCategory/Application/all/API018Diagnostic\
#        -Isource/XCategory/Application/all/API220MotorControl\
#        -Isource/XCategory/Application/all/API220MotorControl/Api\
#        -Isource/XCategory/Application/all/Mode\
#        -Isource/XCategory/Application/all/Reveal_Basic/API003Disc\
#        -Isource/XCategory/Application/all/Reveal_Basic/API004Debug\
#        -Isource/XCategory/Application/all/Reveal_Basic/API004Debug/SW05SoftwareTest\
#        -Isource/XCategory/Application/all/Reveal_Basic/API005LowLevel\
#        -Isource/XCategory/Application/all/Reveal_Basic/API009System\
#        -Isource/XCategory/Application/all/Reveal_Basic/API010PollVar\
#        -Isource/XCategory/Application/all/Reveal_Basic/API019ProductInfo\
#        -Isource/XCategory/Application/all/SFUpdater\
#        -Isource/XCategory/Application/all/SRAPI020Safety\
#        -Isource/XCategory/Application/all/StatusLed\
#        -Isource/XCategory/Common/acu/BrownOut\
#        -Isource/XCategory/Common/acu/Fault\
#        -Isource/XCategory/Common/acu/Statistics\
#        -Isource/XCategory/Common/all/Common/Callback\
#        -Isource/XCategory/Common/all/Common/Convert\
#        -Isource/XCategory/Common/all/Common/Crc16\
#        -Isource/XCategory/Common/all/Common/Crc32\
#        -Isource/XCategory/Common/all/Common/Crc8\
#        -Isource/XCategory/Common/all/Common/Equation\
#        -Isource/XCategory/Common/all/Common/Filter\
#        -Isource/XCategory/Common/all/Common/FITMgr\
#        -Isource/XCategory/Common/all/Common/I2cMgr\
#        -Isource/XCategory/Common/all/Common/IAPEmul\
#        -Isource/XCategory/Common/all/Common/Log\
#        -Isource/XCategory/Common/all/Common/Millis\
#        -Isource/XCategory/Common/all/Common/SeggerRTT\
#        -Isource/XCategory/Common/all/Common/SeggerRTT/SEGGER_RTT/Config\
#        -Isource/XCategory/Common/all/Common/SeggerRTT/SEGGER_RTT/RTT\
#        -Isource/XCategory/Common/all/Common/SettingFile\
#        -Isource/XCategory/Common/all/Common/SFVersionCheck\
#        -Isource/XCategory/Common/all/Common/SystemConfig\
#        -Isource/XCategory/Common/all/Common/SystemTimers\
#        -Isource/XCategory/Common/all/Common/Utilities\
#        -Isource/XCategory/Common/all/Common/Variable\
#        -Isource/XCategory/Common/all/SRCommon/SRClockMonitor\
#        -Isource/XCategory/Common/all/SRCommon/SRData\
#        -Isource/XCategory/Common/all/SRCommon/SRException\
#        -Isource/XCategory/Common/all/SRCommon/SRIsrMonitor\
#        -Isource/XCategory/Common/all/SRCommon/SRPowerMgr\
#        -Isource/XCategory/Common/all/SRCommon/SRSignature\
#        -Isource/XCategory/Common/all/SRCommon/SRSystemConfig\
#        -Isource/XCategory/Common/all/SRCommon/SRTaskMonitor\
#        -Isource/XCategory/Common/all/SRCommon/SRTaskSequence\
#        -Isource/XCategory/Common/all/SRCommon/SRTimerReference\
#        -Isource/XCategory/Common/all/SRCommon/SRUnusedPinsConfig\
#        -Isource/XCategory/Common/all/SRMain\
#        -Isource/XCategory/Common/all/SRMain/BackgroundThreads\
#        -Isource/XCategory/Common/all/SRMain/OsServices\
#        -Isource/XCategory/Common/all/SRMain/StackAnalysis\
#        -Isource/XCategory/Common/all/SRMain/TimingAnalysis\
#        -Isource/XCategory/Driver/APIs/Atod\
#        -Isource/XCategory/Driver/APIs/Comparator\
#        -Isource/XCategory/Driver/APIs/DataFlash\
#        -Isource/XCategory/Driver/APIs/Dma\
#        -Isource/XCategory/Driver/APIs/Dtc\
#        -Isource/XCategory/Driver/APIs/Dtoa\
#        -Isource/XCategory/Driver/APIs/EmbOS\
#        -Isource/XCategory/Driver/APIs/ExtInterrupt\
#        -Isource/XCategory/Driver/APIs/Flash\
#        -Isource/XCategory/Driver/APIs/Gpio\
#        -Isource/XCategory/Driver/APIs/I2c\
#        -Isource/XCategory/Driver/APIs/IntMgr\
#        -Isource/XCategory/Driver/APIs/Micro\
#        -Isource/XCategory/Driver/APIs/MicroExt\
#        -Isource/XCategory/Driver/APIs/Rtc\
#        -Isource/XCategory/Driver/APIs/RTCDriver\
#        -Isource/XCategory/Driver/APIs/Spi\
#        -Isource/XCategory/Driver/APIs/Timeout\
#        -Isource/XCategory/Driver/APIs/Timer\
#        -Isource/XCategory/Driver/APIs/TimerInterrupt\
#        -Isource/XCategory/Driver/APIs/Touch\
#        -Isource/XCategory/Driver/APIs/Uart\
#        -Isource/XCategory/Hbl/acu/FdmCounter\
#        -Isource/XCategory/Hbl/acu/FdmTimer\
#        -Isource/XCategory/Hbl/acuexpacu/ACUGIHandler/ConvertGI\
#        -Isource/XCategory/Hbl/acuexpacu/ACUGIHandler/DirectGI\
#        -Isource/XCategory/Hbl/acuexpacu/ACUGIHandler/DoorSwitchGI\
#        -Isource/XCategory/Hbl/acuexpacu/ACUGIHandler/ProbeGI\
#        -Isource/XCategory/Hbl/acuexpacu/ACUGIHandler/ProbeLpsGI\
#        -Isource/XCategory/Hbl/acuexpacu/ACULoadHandler/DCFanLoad\
#        -Isource/XCategory/Hbl/acuexpacu/ACUPilotHandler/AnalogOutputPilot\
#        -Isource/XCategory/Hbl/acuexpacu/ACUPilotHandler/ChargePumpPilot\
#        -Isource/XCategory/Hbl/acuexpacu/ACUPilotHandler/DigitalOutputMultiPilot\
#        -Isource/XCategory/Hbl/acuexpacu/ACUPilotHandler/DigitalOutputPilot\
#        -Isource/XCategory/Hbl/acuexpacu/ACUPilotHandler/DoorLockEMPilot\
#        -Isource/XCategory/Hbl/acuexpacu/ACUPilotHandler/DoorLockWaxPilot\
#        -Isource/XCategory/Hbl/acuexpacu/ACUPilotHandler/ExpansionPilot\
#        -Isource/XCategory/Hbl/acuexpacu/ACUPilotHandler/ExternalMotorPilot\
#        -Isource/XCategory/Hbl/acuexpacu/ACUPilotHandler/FSMPilot\
#        -Isource/XCategory/Hbl/acuexpacu/ACUPilotHandler/MagnetronPilot\
#        -Isource/XCategory/Hbl/acuexpacu/ACUPilotHandler/MotorPilot\
#        -Isource/XCategory/Hbl/acuexpacu/ACUPilotHandler/MultiDriverPilot\
#        -Isource/XCategory/Hbl/acuexpacu/ACUPilotHandler/MultiSequencePilot\
#        -Isource/XCategory/Hbl/acuexpacu/ACUPilotHandler/NonfunctionalPilot\
#        -Isource/XCategory/Hbl/acuexpacu/ACUPilotHandler/PwmHiResPilot\
#        -Isource/XCategory/Hbl/acuexpacu/ACUPilotHandler/PwmPilot\
#        -Isource/XCategory/Hbl/acuexpacu/ACUPilotHandler/SRChargePumpPilot\
#        -Isource/XCategory/Hbl/acuexpacu/ACUPilotHandler/SRDigitalOutputMultiPilot\
#        -Isource/XCategory/Hbl/acuexpacu/ACUPilotHandler/SRDigitalOutputPilot\
#        -Isource/XCategory/Hbl/acuexpacu/ACUPilotHandler/SRDoorLockEMPilot\
#        -Isource/XCategory/Hbl/acuexpacu/ACUPilotHandler/SRDoorLockWaxPilot\
#        -Isource/XCategory/Hbl/acuexpacu/ACUPilotHandler/SRUMRelayPilot\
#        -Isource/XCategory/Hbl/acuexpacu/ACUPilotHandler/SteadyPwmProfilePilot\
#        -Isource/XCategory/Hbl/acuexpacu/ACUPilotHandler/StepperPilot\
#        -Isource/XCategory/Hbl/acuexpacu/ACUPilotHandler/TriacSwitchPilot\
#        -Isource/XCategory/Hbl/acuexpacu/ACUPilotHandler/ZCRelayPilot\
#        -Isource/XCategory/Hbl/acuexpacu/ACUPilotHandler/ZCTriacPilot\
#        -Isource/XCategory/Hbl/acuexpacu/HblAcu\
#        -Isource/XCategory/Hbl/acuexpacu/HblAcu/CrossLoads\
#        -Isource/XCategory/Hbl/acuexpacu/HblAcu/SetLoadQueue\
#        -Isource/XCategory/Hbl/acuexpacu/HblAcu/SRProductMgr\
#        -Isource/XCategory/Hbl/acuexpacu/HblAcu/ZeroCross\
#        -Isource/XCategory/Hbl/all/Hbl\
#        -Isource/XCategory/Hbl/all/Hbl/DefaultPin\
#        -Isource/XCategory/Hbl/all/Hbl/HblCommon\
#        -Isource/XCategory/Hbl/all/Hbl/VirtualPin\
#        -Isource/XCategory/Hbl/all/LLIHandler/AbsoluteHumidityLLI\
#        -Isource/XCategory/Hbl/all/LLIHandler/AccelerometerLLI\
#        -Isource/XCategory/Hbl/all/LLIHandler/AccelerometerLLI/AccelBaseline\
#        -Isource/XCategory/Hbl/all/LLIHandler/AccelerometerLLI/AccelDiscover\
#        -Isource/XCategory/Hbl/all/LLIHandler/AccelerometerLLI/FXLS8974\
#        -Isource/XCategory/Hbl/all/LLIHandler/AccelerometerLLI/FXLS8974/SelfTestFXLS8974\
#        -Isource/XCategory/Hbl/all/LLIHandler/AccelerometerLLI/LISxDH\
#        -Isource/XCategory/Hbl/all/LLIHandler/AnalogLLI\
#        -Isource/XCategory/Hbl/all/LLIHandler/ConductivityLLI\
#        -Isource/XCategory/Hbl/all/LLIHandler/DigitalLLI\
#        -Isource/XCategory/Hbl/all/LLIHandler/EncoderLLI\
#        -Isource/XCategory/Hbl/all/LLIHandler/ExpansionLLI\
#        -Isource/XCategory/Hbl/all/LLIHandler/FeedbackLLI\
#        -Isource/XCategory/Hbl/all/LLIHandler/I2CInfraredLLI\
#        -Isource/XCategory/Hbl/all/LLIHandler/I2CPressureSensorLLI\
#        -Isource/XCategory/Hbl/all/LLIHandler/I2CRHTSensorLLI\
#        -Isource/XCategory/Hbl/all/LLIHandler/InputCaptureLLI\
#        -Isource/XCategory/Hbl/all/LLIHandler/MultiInputLLI\
#        -Isource/XCategory/Hbl/all/LLIHandler/NonfunctionalLLI\
#        -Isource/XCategory/Hbl/all/LLIHandler/PulseCounterLLI\
#        -Isource/XCategory/Hbl/all/LLIHandler/SRAnalogLLI\
#        -Isource/XCategory/Hbl/all/LLIHandler/SRDigitalLLI\
#        -Isource/XCategory/Hbl/all/LLIHandler/SRFeedbackLLI\
#        -Isource/XCategory/Hbl/all/LLIHandler/SRI2CPressureSensorLLI\
#        -Isource/XCategory/Hbl/all/LLIHandler/SRICTachometerLLI\
#        -Isource/XCategory/Hbl/all/LLIHandler/SRInputCaptureLLI\
#        -Isource/XCategory/Hbl/all/LLIHandler/SRTouchKeyLLI\
#        -Isource/XCategory/Hbl/all/LLIHandler/SRTriacFeedbackLLI\
#        -Isource/XCategory/Hbl/all/LLIHandler/TouchKeyLLI\
#        -Isource/XCategory/Hbl/all/LLIHandler/TouchSliderLLI\
#        -Isource/XCategory/Hbl/all/LLIHandler/TouchWheelLLI\
#        -Isource/XCategory/Hbl/all/LLIHandler/TriacFeedbackLLI\
#        -Isource/XCategory/Hbl/all/LLIHandler/VirtualDigitalLLI\
#        -Isource/XCategory/Service/all/NVData\
#        -Isource/XCategory/Service/all/Reveal\
#        -Isource/XCategory/Service/all/Win\) -l
#        listings\FaultStatusMonitor.lst -o obj\FaultStatusMonitor.obj
#        source/Category/Application/acu/Monitors/FaultStatusMonitor/FaultStatusMonitor.c
#    Locale       =  English_United States.1252
#    List file    =  listings\FaultStatusMonitor.lst
#    Object file  =  obj\FaultStatusMonitor.obj
#
###############################################################################

C:\Data\Nucleus_Dev\Vostok_ACU_A\source\Category\Application\acu\Monitors\FaultStatusMonitor\FaultStatusMonitor.c
      1          /**
      2           *  @file       
      3           *
      4           *  @brief      Basic description of file contents
      5           *
      6           *  @details    Detailed description of the file contents
      7           *
      8           *  @section    Applicable_Documents
      9           *					List here all the applicable documents if needed. <tr>	
     10           *
     11           *  $Header: $
     12           *
     13           *  @copyright  Copyright 2017-$Date$. Whirlpool Corporation. All rights reserved - CONFIDENTIAL
     14           */
     15          //---------------------------------------------------------------------------------------------------------------------
     16          //---------------------------------------------------------------------------------------------------------------------
     17          
     18          
     19          //-------------------------------------- Include Files ----------------------------------------------------------------
     20          // -- This Module --
     21          #include "SystemConfig.h"
     22          #include "FaultStatusMonitor.h"
     23          
     24          // -- Other Modules --
     25          #include "ApplianceMgr.h"
     26          #include "DishAuxVar.h"
     27          #include "Fault.h"
     28          #include "Micro.h"
     29          
     30          //-------------------------------------- PUBLIC (Variables) -----------------------------------------------------------

   \                                 In section .bss, align 2
     31          uint16 Fault_Status_Bitmap_0_15;
   \                     Fault_Status_Bitmap_0_15:
   \   00000000                      DS8 2
     32          uint16 Fault_Status_Bitmap_16_31;
   \                     Fault_Status_Bitmap_16_31:
   \   00000002                      DS8 2
     33          uint16 Fault_Status_Bitmap_32_47;
   \                     Fault_Status_Bitmap_32_47:
   \   00000004                      DS8 2
     34          uint16 Fault_Status_Bitmap_48_63;
   \                     Fault_Status_Bitmap_48_63:
   \   00000006                      DS8 2
     35          uint16 Fault_Status_Bitmap_64_79;
   \                     Fault_Status_Bitmap_64_79:
   \   00000008                      DS8 2
     36          
     37          //-------------------------------------- PRIVATE (Variables, Constants & Defines) -------------------------------------

   \                                 In section .text, align 4, keep-with-next
     38          static const FAULT_ID_TYPE Bitfield_0_15_To_ID_Fault_Table[16] =
   \                     Bitfield_0_15_To_ID_Fault_Table:
   \   00000000   0x0F 0x07          DC8 15, 7, 16, 17, 18, 2, 10, 9, 19, 4, 3, 6, 1, 8, 5, 11
   \              0x10 0x11    
   \              0x12 0x02    
   \              0x0A 0x09    
   \              0x13 0x04    
   \              0x03 0x06    
   \              0x01 0x08    
   \              0x05 0x0B    
     39          {
     40          		FAULT_ID_PILOT_RELAY_STUCK_CLOSED,
     41          		FAULT_ID_FILL_VALVE_TRIAC_SHORTED,
     42          		FAULT_ID_DRAIN_MOTOR_TRIAC_SHORTED,
     43          		FAULT_ID_DIVERTER_TRIAC_SHORTED,
     44          		FAULT_ID_WATER_TANK_VALVE_TRIAC_SHORTED,
     45          		FAULT_ID_ZEROCROSS,
     46          		FAULT_ID_THERMISTOR_OPEN,
     47          		FAULT_ID_THERMISTOR_SHORTED,
     48          		FAULT_ID_HEATER_NOT_HEATING_WATER,
     49          		FAULT_ID_NO_WATER,
     50          		FAULT_ID_NO_WATER_FILL_VALVE_PROBLEM,
     51          		FAULT_ID_VERY_LOW_WATER_OR_SUDS,
     52          		FAULT_ID_OVERFILL,
     53          		FAULT_ID_FILL_VALVE_STUCK_ON,
     54          		FAULT_ID_FLOW_METER,
     55          		FAULT_ID_FLOW_METER_FINDLAY_FACTORY
     56          };
     57          

   \                                 In section .text, align 4, keep-with-next
     58          static const FAULT_ID_TYPE Bitfield_16_31_To_ID_Fault_Table[16] =
   \                     Bitfield_16_31_To_ID_Fault_Table:
   \   00000000   0x0C 0x0D          DC8 12, 13, 14, 20, 21, 22, 23, 24, 25, 26, 27, 28, 29, 30, 31, 32
   \              0x0E 0x14    
   \              0x15 0x16    
   \              0x17 0x18    
   \              0x19 0x1A    
   \              0x1B 0x1C    
   \              0x1D 0x1E    
   \              0x1F 0x20    
     59          {
     60          		FAULT_ID_OVERFILL_FINDLAY_FACTORY,
     61          		FAULT_ID_NOT_DRAINING,
     62          		FAULT_ID_SINGLE_SPEED_DRAIN_MOTOR,
     63          		FAULT_ID_DISPENSER_FAILURE,
     64          		FAULT_ID_VENT_WAX_MOTOR_FAILURE,
     65          		FAULT_ID_FAN_MOTOR_FAILURE,
     66          		FAULT_ID_DIVERTER_CANNOT_FIND_POSITIONS,
     67          		FAULT_ID_DIVERTER_LEAK,
     68          		FAULT_ID_DOOR_SWITCH_STUCK_CLOSED,
     69          		FAULT_ID_DOOR_SWITCH_STUCK_OPEN,
     70          		FAULT_ID_RELAY_HEATER_N_STUCK_OPEN,
     71          		FAULT_ID_RELAY_HEATER_L_STUCK_OPEN_OR_HEATER_OPEN,
     72          		FAULT_ID_RELAY_HEATER_N_STUCK_CLOSED,
     73          		FAULT_ID_RELAY_HEATER_L_STUCK_CLOSED,
     74          		FAULT_ID_HEATER_FAILED,
     75          		FAULT_ID_OWI_CALIBRATION_FAILURE
     76          };
     77          

   \                                 In section .text, align 4, keep-with-next
     78          static const FAULT_ID_TYPE Bitfield_32_47_To_ID_Fault_Table[16] =
   \                     Bitfield_32_47_To_ID_Fault_Table:
   \   00000000   0x21 0x22          DC8 33, 34, 35, 36, 37, 38, 39, 40, 41, 42, 43, 44, 45, 46, 47, 48
   \              0x23 0x24    
   \              0x25 0x26    
   \              0x27 0x28    
   \              0x29 0x2A    
   \              0x2B 0x2C    
   \              0x2D 0x2E    
   \              0x2F 0x30    
     79          {
     80          		FAULT_ID_KEY_STUCK_CLOSED,
     81          		FAULT_ID_PILOT_RELAY_STUCK_OPEN,
     82          		FAULT_ID_SINGLE_SPEED_WASH_MOTOR,
     83          		FAULT_ID_LITT_FAILURE,
     84          		FAULT_ID_VS_WASH_MOTOR_MCI_LOCKED_ROTOR,
     85          		FAULT_ID_VS_WASH_MOTOR_MCI_MOTOR_PHASE_LOST,
     86          		FAULT_ID_VS_WASH_MOTOR_MCI_MOTOR_OVERLOAD,
     87          		FAULT_ID_VS_WASH_MOTOR_MCI_SOFTWARE_OVERCURRENT,
     88          		FAULT_ID_VS_WASH_MOTOR_MCI_SPEED_CHECK,
     89          		FAULT_ID_MCU_WM_MCI_GENERIC_ERROR,
     90          		FAULT_ID_MCU_WM_MCI_HARDWARE_OVERCURRENT,
     91          		FAULT_ID_MCU_WM_MCI_OVER_VOLTAGE,
     92          		FAULT_ID_MCU_WM_MCI_UNDER_VOLTAGE,
     93          		FAULT_ID_MCU_WM_MCI_DRIVER_FAILURE,
     94          		FAULT_ID_MCU_WM_MCI_INVERTER_OVER_TEMPERATURE,
     95          		FAULT_ID_MCU_NO_MCU_COMMUNICATION
     96          };
     97          

   \                                 In section .text, align 4, keep-with-next
     98          static const FAULT_ID_TYPE Bitfield_48_63_To_ID_Fault_Table[16] =
   \                     Bitfield_48_63_To_ID_Fault_Table:
   \   00000000   0x31 0x32          DC8 49, 50, 51, 52, 53, 54, 55, 56, 57, 58, 59, 60, 61, 62, 63, 64
   \              0x33 0x34    
   \              0x35 0x36    
   \              0x37 0x38    
   \              0x39 0x3A    
   \              0x3B 0x3C    
   \              0x3D 0x3E    
   \              0x3F 0x40    
     99          {
    100          		FAULT_ID_VS_DRAIN_MOTOR_MCI_LOCKED_ROTOR,
    101          		FAULT_ID_VS_DRAIN_MOTOR_MCI_MOTOR_PHASE_LOST,
    102          		FAULT_ID_VS_DRAIN_MOTOR_MCI_MOTOR_OVERLOAD,
    103          		FAULT_ID_VS_DRAIN_MOTOR_MCI_SOFTWARE_OVERCURRENT,
    104          		FAULT_ID_VS_DRAIN_MOTOR_MCI_SPEED_CHECK,
    105          		FAULT_ID_MCU_DM_MCI_GENERIC_ERROR,
    106          		FAULT_ID_MCU_DM_MCI_HARDWARE_OVERCURRENT,
    107          		FAULT_ID_MCU_DM_MCI_OVER_VOLTAGE,
    108          		FAULT_ID_MCU_DM_MCI_UNDER_VOLTAGE,
    109          		FAULT_ID_MCU_DM_MCI_DRIVER_FAILURE,
    110          		FAULT_ID_MCU_DM_MCI_INVERTER_OVER_TEMPERATURE,
    111          		FAULT_ID_REGENERATION_VALVE_FAILURE,
    112          		FAULT_ID_RIF_FILTER_PLUGGED,
    113          		FAULT_ID_NOT_DRAINING_VWI_INCONSISTENCY,
    114          		FAULT_ID_DIVERTER_LEAK_FACTORY,
    115          		FAULT_ID_NOT_DRAINING_NO_CYCLE_END
    116          };
    117          

   \                                 In section .text, align 4, keep-with-next
    118          static const FAULT_ID_TYPE Bitfield_64_79_To_ID_Fault_Table[16] =
   \                     Bitfield_64_79_To_ID_Fault_Table:
   \   00000000   0x41 0x42          DC8 65, 66, 67, 68, 69, 70, 71, 72, 73, 74, 75, 76, 77, 78, 79, 0
   \              0x43 0x44    
   \              0x45 0x46    
   \              0x47 0x48    
   \              0x49 0x4A    
   \              0x4B 0x4C    
   \              0x4D 0x4E    
   \              0x4F 0x00    
    119          {
    120          		FAULT_ID_RELAY_HEATER_L_STUCK_OPEN,
    121          		FAULT_ID_HEATER_OPEN,
    122          		FAULT_ID_RELAY_HEATER_L_STUCK_CLOSED_AND_HEATER_OPEN,
    123          		FAULT_ID_FILL_VALVE_TRIAC_OPEN,
    124          		FAULT_ID_DRAIN_MOTOR_TRIAC_OPEN,
    125          		FAULT_ID_DISPENSER_TRIAC_OPEN,
    126          		FAULT_ID_REGENERATION_VALVE_TRIAC_OPEN,
    127          		FAULT_ID_VENT_VALVE_TRIAC_OPEN,
    128          		FAULT_ID_DIVERTER_TRIAC_OPEN,
    129          		FAULT_ID_WATER_TANK_VALVE_NOT_FUNCTIONING,
    130          		FAULT_ID_WATER_TANK_VALVE_STUCK_OPEN,
    131          		FAULT_ID_MODEL_NUMBER_MISMATCH,
    132          		FAULT_ID_MODEL_NUMBER_MISSING,
    133          		FAULT_ID_REGULATION_REJECTED,
    134          		FAULT_ID_DOS_FAILURE,
    135          		FAULT_ID_NONE
    136          };
    137          
    138          //-------------------------------------- PRIVATE (Function Prototypes) ------------------------------------------------
    139          
    140          
    141          //=====================================================================================================================
    142          //-------------------------------------- Public Functions -------------------------------------------------------------
    143          //=====================================================================================================================
    144          
    145          //----------------------------------------------------------------------------
    146          /**
    147           *  @brief      FaultStatusMonitor__Initialize
    148           *  @details    Function used to initialize the Fault Status monitor.
    149           *
    150           */

   \                                 In section .text, align 2, keep-with-next
    151          void FaultStatusMonitor__Initialize(void)
    152          {
   \                     FaultStatusMonitor__Initialize: (+1)
   \   00000000   0xB580             PUSH     {R7,LR}
    153          	if (Micro__GetResetMode() == MICRO_RESET_MODE_COLD)
   \   00000002   0x.... 0x....      BL       Micro__GetResetMode
   \   00000006   0x2800             CMP      R0,#+0
   \   00000008   0xD106             BNE      ??FaultStatusMonitor__Initialize_0
    154          	{
    155          		Fault_Status_Bitmap_0_15 = 0;
   \   0000000A   0x....             LDR      R0,??DataTable6
   \   0000000C   0x2100             MOVS     R1,#+0
   \   0000000E   0x8001             STRH     R1,[R0, #+0]
    156          		Fault_Status_Bitmap_16_31 = 0;
   \   00000010   0x8041             STRH     R1,[R0, #+2]
    157          		Fault_Status_Bitmap_32_47 = 0;
   \   00000012   0x8081             STRH     R1,[R0, #+4]
    158          		Fault_Status_Bitmap_48_63 = 0;
   \   00000014   0x80C1             STRH     R1,[R0, #+6]
    159          		Fault_Status_Bitmap_64_79 = 0;
   \   00000016   0x8101             STRH     R1,[R0, #+8]
    160          	}
    161          }
   \                     ??FaultStatusMonitor__Initialize_0: (+1)
   \   00000018   0xBD01             POP      {R0,PC}          ;; return
    162          
    163          //----------------------------------------------------------------------------
    164          /**
    165           *  @brief      FaultStatusMonitor__Execution
    166           *  @details    Function used to perform the Fault Status monitor.
    167           *
    168           */

   \                                 In section .text, align 4, keep-with-next
    169          void FaultStatusMonitor__Execution(void)
    170          {
   \                     FaultStatusMonitor__Execution: (+1)
   \   00000000   0xB5F8             PUSH     {R3-R7,LR}
    171          	uint8 bit_index;
    172          
    173          	for (bit_index = 0U; bit_index < (uint8)16; bit_index++)
   \   00000002   0x2400             MOVS     R4,#+0
   \   00000004   0x....             LDR      R5,??DataTable6
   \   00000006   0xE002             B        ??FaultStatusMonitor__Execution_0
    174              {
    175          		if ((uint8)Fault__IsInFaultState(Bitfield_0_15_To_ID_Fault_Table[bit_index]) == (uint8)TRUE)
    176          		{
    177          			BIT_SET16(Fault_Status_Bitmap_0_15, bit_index);
    178          		}
    179          		else
    180          		{
    181          			BIT_CLR16(Fault_Status_Bitmap_0_15, bit_index);
    182          		}
    183          
    184          		if ((uint8)Fault__IsInFaultState(Bitfield_16_31_To_ID_Fault_Table[bit_index]) == (uint8)TRUE)
    185          		{
    186          			BIT_SET16(Fault_Status_Bitmap_16_31, bit_index);
    187          		}
    188          		else
    189          		{
    190          			BIT_CLR16(Fault_Status_Bitmap_16_31, bit_index);
    191          		}
    192          
    193          		if ((uint8)Fault__IsInFaultState(Bitfield_32_47_To_ID_Fault_Table[bit_index]) == (uint8)TRUE)
    194          		{
    195          			BIT_SET16(Fault_Status_Bitmap_32_47, bit_index);
    196          		}
    197          		else
    198          		{
    199          			BIT_CLR16(Fault_Status_Bitmap_32_47, bit_index);
    200          		}
    201          
    202          		if ((uint8)Fault__IsInFaultState(Bitfield_48_63_To_ID_Fault_Table[bit_index]) == (uint8)TRUE)
    203          		{
    204          			BIT_SET16(Fault_Status_Bitmap_48_63, bit_index);
    205          		}
    206          		else
    207          		{
    208          			BIT_CLR16(Fault_Status_Bitmap_48_63, bit_index);
    209          		}
    210          
    211          		if ((uint8)Fault__IsInFaultState(Bitfield_64_79_To_ID_Fault_Table[bit_index]) == (uint8)TRUE)
    212          		{
    213          			BIT_SET16(Fault_Status_Bitmap_64_79, bit_index);
    214          		}
    215          		else
    216          		{
    217          			BIT_CLR16(Fault_Status_Bitmap_64_79, bit_index);
   \                     ??FaultStatusMonitor__Execution_1: (+1)
   \   00000008   0x4007             ANDS     R7,R7,R0
   \   0000000A   0x812F             STRH     R7,[R5, #+8]
    218          		}
   \                     ??FaultStatusMonitor__Execution_2: (+1)
   \   0000000C   0x1C64             ADDS     R4,R4,#+1
   \                     ??FaultStatusMonitor__Execution_0: (+1)
   \   0000000E   0x2C10             CMP      R4,#+16
   \   00000010   0xDA3C             BGE      ??FaultStatusMonitor__Execution_3
   \   00000012   0x2601             MOVS     R6,#+1
   \   00000014   0x40A6             LSLS     R6,R6,R4
   \   00000016   0x43F7             MVNS     R7,R6
   \   00000018   0x....             ADR.N    R0,Bitfield_0_15_To_ID_Fault_Table
   \   0000001A   0x5D00             LDRB     R0,[R0, R4]
   \   0000001C   0x.... 0x....      BL       Fault__IsInFaultState
   \   00000020   0x2801             CMP      R0,#+1
   \   00000022   0x8828             LDRH     R0,[R5, #+0]
   \   00000024   0xD102             BNE      ??FaultStatusMonitor__Execution_4
   \   00000026   0x4330             ORRS     R0,R0,R6
   \   00000028   0x8028             STRH     R0,[R5, #+0]
   \   0000002A   0xE001             B        ??FaultStatusMonitor__Execution_5
   \                     ??FaultStatusMonitor__Execution_4: (+1)
   \   0000002C   0x4038             ANDS     R0,R0,R7
   \   0000002E   0x8028             STRH     R0,[R5, #+0]
   \                     ??FaultStatusMonitor__Execution_5: (+1)
   \   00000030   0x....             ADR.N    R0,Bitfield_16_31_To_ID_Fault_Table
   \   00000032   0x5D00             LDRB     R0,[R0, R4]
   \   00000034   0x.... 0x....      BL       Fault__IsInFaultState
   \   00000038   0x2801             CMP      R0,#+1
   \   0000003A   0x8868             LDRH     R0,[R5, #+2]
   \   0000003C   0xD102             BNE      ??FaultStatusMonitor__Execution_6
   \   0000003E   0x4330             ORRS     R0,R0,R6
   \   00000040   0x8068             STRH     R0,[R5, #+2]
   \   00000042   0xE001             B        ??FaultStatusMonitor__Execution_7
   \                     ??FaultStatusMonitor__Execution_6: (+1)
   \   00000044   0x4038             ANDS     R0,R0,R7
   \   00000046   0x8068             STRH     R0,[R5, #+2]
   \                     ??FaultStatusMonitor__Execution_7: (+1)
   \   00000048   0x....             ADR.N    R0,Bitfield_32_47_To_ID_Fault_Table
   \   0000004A   0x5D00             LDRB     R0,[R0, R4]
   \   0000004C   0x.... 0x....      BL       Fault__IsInFaultState
   \   00000050   0x2801             CMP      R0,#+1
   \   00000052   0x88A8             LDRH     R0,[R5, #+4]
   \   00000054   0xD102             BNE      ??FaultStatusMonitor__Execution_8
   \   00000056   0x4330             ORRS     R0,R0,R6
   \   00000058   0x80A8             STRH     R0,[R5, #+4]
   \   0000005A   0xE001             B        ??FaultStatusMonitor__Execution_9
   \                     ??FaultStatusMonitor__Execution_8: (+1)
   \   0000005C   0x4038             ANDS     R0,R0,R7
   \   0000005E   0x80A8             STRH     R0,[R5, #+4]
   \                     ??FaultStatusMonitor__Execution_9: (+1)
   \   00000060   0x....             ADR.N    R0,Bitfield_48_63_To_ID_Fault_Table
   \   00000062   0x5D00             LDRB     R0,[R0, R4]
   \   00000064   0x.... 0x....      BL       Fault__IsInFaultState
   \   00000068   0x2801             CMP      R0,#+1
   \   0000006A   0x88E8             LDRH     R0,[R5, #+6]
   \   0000006C   0xD102             BNE      ??FaultStatusMonitor__Execution_10
   \   0000006E   0x4330             ORRS     R0,R0,R6
   \   00000070   0x80E8             STRH     R0,[R5, #+6]
   \   00000072   0xE001             B        ??FaultStatusMonitor__Execution_11
   \                     ??FaultStatusMonitor__Execution_10: (+1)
   \   00000074   0x4038             ANDS     R0,R0,R7
   \   00000076   0x80E8             STRH     R0,[R5, #+6]
   \                     ??FaultStatusMonitor__Execution_11: (+1)
   \   00000078   0x....             ADR.N    R0,Bitfield_64_79_To_ID_Fault_Table
   \   0000007A   0x5D00             LDRB     R0,[R0, R4]
   \   0000007C   0x.... 0x....      BL       Fault__IsInFaultState
   \   00000080   0x2801             CMP      R0,#+1
   \   00000082   0x8928             LDRH     R0,[R5, #+8]
   \   00000084   0xD1C0             BNE      ??FaultStatusMonitor__Execution_1
   \   00000086   0x4306             ORRS     R6,R6,R0
   \   00000088   0x812E             STRH     R6,[R5, #+8]
   \   0000008A   0xE7BF             B        ??FaultStatusMonitor__Execution_2
    219          }
    220          
    221          	/* Done here since it is the last Post Monitor */
    222          	if ((uint8)ApplianceMgr__IsStable() == (uint8)TRUE)
   \                     ??FaultStatusMonitor__Execution_3: (+1)
   \   0000008C   0x.... 0x....      BL       ApplianceMgr__IsStable
   \   00000090   0x2801             CMP      R0,#+1
   \   00000092   0xD103             BNE      ??FaultStatusMonitor__Execution_12
    223          	{
    224          		DishAuxVar__SetGenericBitmapBit(FST_RUN_AFTER_COLD_RESET, OFF);
   \   00000094   0x2100             MOVS     R1,#+0
   \   00000096   0x4608             MOV      R0,R1
   \   00000098   0x.... 0x....      BL       DishAuxVar__SetGenericBitmapBit
    225          	}
    226          }
   \                     ??FaultStatusMonitor__Execution_12: (+1)
   \   0000009C   0xBDF1             POP      {R0,R4-R7,PC}    ;; return

   \                                 In section .text, align 4, keep-with-next
   \                     ??DataTable6:
   \   00000000   0x........         DC32     Fault_Status_Bitmap_0_15
    227          
    228          
    229          //=====================================================================================================================
    230          //-------------------------------------- Private Functions ------------------------------------------------------------
    231          //=====================================================================================================================
    232          

   Maximum stack usage in bytes:

   .cstack Function
   ------- --------
      24   FaultStatusMonitor__Execution
        24   -> ApplianceMgr__IsStable
        24   -> DishAuxVar__SetGenericBitmapBit
        24   -> Fault__IsInFaultState
       8   FaultStatusMonitor__Initialize
         8   -> Micro__GetResetMode


   Section sizes:

   Bytes  Function/Label
   -----  --------------
       4  ??DataTable6
      16  Bitfield_0_15_To_ID_Fault_Table
      16  Bitfield_16_31_To_ID_Fault_Table
      16  Bitfield_32_47_To_ID_Fault_Table
      16  Bitfield_48_63_To_ID_Fault_Table
      16  Bitfield_64_79_To_ID_Fault_Table
     158  FaultStatusMonitor__Execution
      26  FaultStatusMonitor__Initialize
      10  Fault_Status_Bitmap_0_15
          Fault_Status_Bitmap_16_31
          Fault_Status_Bitmap_32_47
          Fault_Status_Bitmap_48_63
          Fault_Status_Bitmap_64_79

 
  10 bytes in section .bss
 268 bytes in section .text
 
 268 bytes of CODE memory
  10 bytes of DATA memory

Errors: none
Warnings: none
