###############################################################################
#
# IAR ANSI C/C++ Compiler V7.70.1.11437/W32 for ARM       28/Feb/2025  14:17:12
# Copyright 1999-2016 IAR Systems AB.
#
#    Cpu mode     =  thumb
#    Endian       =  little
#    Source file  =  
#        source/XCategory/Hbl/acuexpacu/ACUPilotHandler/FSMPilot/FSMPilot.c
#    Command line =  
#        --cpu Cortex-M0+ -Om --debug -e --only_stdout --silent -D
#        ENABLE_JUMP_TO_APPLICATION_WITHOUT_IAP_FIRMWARE --no_wrap_diagnostics
#        -f config\tmp\include_path.lnt
#        (-I../Nucleus-Tools-SDK/embOS/arm/v4.26/source\
#        -I../Nucleus-Tools-SDK/iar/arm/v7.70/cx/inc\
#        -Isource/Category/Application/acu/CycleResume\
#        -Isource/Category/Application/acu/Monitors/AutostartFactoryCycleMonitor\
#        -Isource/Category/Application/acu/Monitors/CartridgeDetectionMonitor\
#        -Isource/Category/Application/acu/Monitors/DCLoadCurrentMonitor\
#        -Isource/Category/Application/acu/Monitors/DiverterFaultMonitor\
#        -Isource/Category/Application/acu/Monitors/DiverterLeakFaultMonitor\
#        -Isource/Category/Application/acu/Monitors/DoorMonitor\
#        -Isource/Category/Application/acu/Monitors/DoorOpeningSystemMonitor\
#        -Isource/Category/Application/acu/Monitors/FanMotorFaultMonitor\
#        -Isource/Category/Application/acu/Monitors/FaultStatusMonitor\
#        -Isource/Category/Application/acu/Monitors/FillValveStuckOn\
#        -Isource/Category/Application/acu/Monitors/FlowMeterFaultMonitor\
#        -Isource/Category/Application/acu/Monitors/HeatMonitor\
#        -Isource/Category/Application/acu/Monitors/HotHighPotMonitor\
#        -Isource/Category/Application/acu/Monitors/LITTFaultMonitor\
#        -Isource/Category/Application/acu/Monitors/LITTMonitor\
#        -Isource/Category/Application/acu/Monitors/McuGetDataMonitor\
#        -Isource/Category/Application/acu/Monitors/ModelMonitors/AirlockDetectionMonitor\
#        -Isource/Category/Application/acu/Monitors/ModelMonitors/AirlockDetectionMonitor/CodeGeneration\
#        -Isource/Category/Application/acu/Monitors/ModelMonitors/HeaterCalcificationDetectionModel\
#        -Isource/Category/Application/acu/Monitors/ModelMonitors/HeaterCalcificationDetectionModel/CodeGeneration\
#        -Isource/Category/Application/acu/Monitors/ModelMonitors/OWIVoltageRegulatedOutputModel\
#        -Isource/Category/Application/acu/Monitors/ModelMonitors/OWIVoltageRegulatedOutputModel/CodeGeneration\
#        -Isource/Category/Application/acu/Monitors/ModelMonitors/PluggingDetectionMonitor\
#        -Isource/Category/Application/acu/Monitors/ModelMonitors/PluggingDetectionMonitor/CodeGeneration\
#        -Isource/Category/Application/acu/Monitors/MoisturePreventionMonitor\
#        -Isource/Category/Application/acu/Monitors/OverfillMonitor\
#        -Isource/Category/Application/acu/Monitors/OWIMonitor\
#        -Isource/Category/Application/acu/Monitors/PilotRelayFaultMonitor\
#        -Isource/Category/Application/acu/Monitors/PilotRelayFaultMonitor/PilotRelayStuckClosedMonitor\
#        -Isource/Category/Application/acu/Monitors/PilotRelayFaultMonitor/PilotRelayStuckOpenMonitor\
#        -Isource/Category/Application/acu/Monitors/PORTimeMonitor\
#        -Isource/Category/Application/acu/Monitors/PumpFlushRequestMonitor\
#        -Isource/Category/Application/acu/Monitors/RinseAidMonitor\
#        -Isource/Category/Application/acu/Monitors/SaltSensingMonitor\
#        -Isource/Category/Application/acu/Monitors/StabilityControlLoopMonitor\
#        -Isource/Category/Application/acu/Monitors/StandbyManager\
#        -Isource/Category/Application/acu/Monitors/SupervisorExtMonitor\
#        -Isource/Category/Application/acu/Monitors/ThermistorFaultMonitor\
#        -Isource/Category/Application/acu/Monitors/ThermistorFaultMonitor/ThermistorOpenMonitor\
#        -Isource/Category/Application/acu/Monitors/ThermistorFaultMonitor/ThermistorShortedMonitor\
#        -Isource/Category/Application/acu/Monitors/TriacCurrentMonitor\
#        -Isource/Category/Application/acu/Monitors/TriacShortedDrainFaultMonitor\
#        -Isource/Category/Application/acu/Monitors/TriacVoltageMonitor\
#        -Isource/Category/Application/acu/Monitors/VoltageRangeMonitor\
#        -Isource/Category/Application/acu/Monitors/VSDrainMotorFaultMonitor\
#        -Isource/Category/Application/acu/Monitors/VwiMonitor\
#        -Isource/Category/Application/acu/Monitors/VwiZoneCompensationMonitor\
#        -Isource/Category/Application/acu/Monitors/WashHeaterFaultMonitor\
#        -Isource/Category/Application/acu/Monitors/WashHeaterFaultMonitor/HeaterLeakageToNeutralMonitor\
#        -Isource/Category/Application/acu/Monitors/WashHeaterFaultMonitor/HeaterLineRelayOpenMonitor\
#        -Isource/Category/Application/acu/Monitors/WashHeaterFaultMonitor/HeaterNeutralRelayOpenMonitor\
#        -Isource/Category/Application/acu/Monitors/WashHeaterFaultMonitor/HeaterOpenAndLineRelayClosedMonitor\
#        -Isource/Category/Application/acu/Monitors/WashHeaterFaultMonitor/HeaterOpenMonitor\
#        -Isource/Category/Application/acu/Monitors/WashMotorFaultMonitor\
#        -Isource/Category/Application/acu/Monitors/ZeroCrossMonitor\
#        -Isource/Category/Application/acu/Processes/AlternateCtrl\
#        -Isource/Category/Application/acu/Processes/Fill\
#        -Isource/Category/Application/acu/Processes/Fill/ClassAFill\
#        -Isource/Category/Application/acu/Processes/Fill/Fill\
#        -Isource/Category/Application/acu/Processes/Fill/TankDrain\
#        -Isource/Category/Application/acu/Processes/Fill/TankFill\
#        -Isource/Category/Application/acu/Processes/Heat\
#        -Isource/Category/Application/acu/Processes/ModelProcesses/OWICalibrationModel\
#        -Isource/Category/Application/acu/Processes/ModelProcesses/OWICalibrationModel/CodeGeneration\
#        -Isource/Category/Application/acu/Processes/ModelProcesses/PartialDrainModel\
#        -Isource/Category/Application/acu/Processes/ModelProcesses/PartialDrainModel/CodeGeneration\
#        -Isource/Category/Application/acu/Processes/ModelProcesses/SensedDrainModel\
#        -Isource/Category/Application/acu/Processes/ModelProcesses/SensedDrainModel/CodeGeneration\
#        -Isource/Category/Application/acu/Processes/OWI\
#        -Isource/Category/Application/acu/Processes/OWI_VRO\
#        -Isource/Category/Application/acu/Processes/OWIOneShot\
#        -Isource/Category/Application/acu/Processes/PumpControl\
#        -Isource/Category/Application/acu/Processes/Regenerate\
#        -Isource/Category/Application/acu/Processes/RinseAidDispense\
#        -Isource/Category/Application/acu/Processes/RinseAidDispense/RinseAid\
#        -Isource/Category/Application/acu/Processes/RinseAidDispense/TridgeDetergent\
#        -Isource/Category/Application/acu/Tasks/DoorOpeningSystemPull\
#        -Isource/Category/Application/acu/Tasks/DoorOpeningSystemPush\
#        -Isource/Category/Application/acu/Tasks/HeaterShadowing\
#        -Isource/Category/Application/acu/Tasks/MoisturePrevention\
#        -Isource/Category/Application/acu/Tasks/OWIContinousReading\
#        -Isource/Category/Application/acu/Tasks/OwiVroContinuousReading\
#        -Isource/Category/Application/acu/Tasks/Sanitization\
#        -Isource/Category/Application/acu/Tasks/StabilityControl\
#        -Isource/Category/Application/acu/Tasks/TimeElapse\
#        -Isource/Category/Application/acu/VWI\
#        -Isource/Category/Application/all/ActivePower\
#        -Isource/Category/Application/all/API007App\
#        -Isource/Category/Application/all/Config\
#        -Isource/Category/Common/acu/CommonDish/DishAuxVar\
#        -Isource/Category/Common/acu/CommonDish/PumpCommand\
#        -Isource/Category/Common/acu/CommonDish/StatisticsDish\
#        -Isource/Category/Common/all/BoardDebugging\
#        -Isource/Category/Common/all/Config\
#        -Isource/Category/Common/all/MasterCommander\
#        -Isource/Category/Common/all/MasterCommander/Source\
#        -Isource/Category/Common/all/MasterCommander/Source/HAL\
#        -Isource/Category/Common/all/SharedUtils\
#        -Isource/Category/Hbl/acu/ACULoadHandler/AlternateLoad\
#        -Isource/Category/Hbl/acuexpacu/ACUGIHandler/WaterCounterGI\
#        -Isource/Category/Hbl/acuexpacu/ACULoadHandler/HeaterLoad\
#        -Isource/Category/Hbl/acuexpacu/ACULoadHandler/TriacMci\
#        -Isource/Category/Hbl/all/Config\ -Isource/Category/Hbl/all/Mci\
#        -Isource/Category/Hbl/all/Mci/MciZeroCross\
#        -Isource/Category/Hbl/all/Mci/Slfac\
#        -Isource/Category/Hbl/all/Mci/Slfac/Macroblocks\
#        -Isource/Category/Hbl/all/Mci/Slfac/Microblocks/GlitchFilter\
#        -Isource/Category/Hbl/all/Mci/Slfac/Microblocks/IIRFilter\
#        -Isource/Category/Hbl/all/Mci/Slfac/Microblocks/MathCalc\
#        -Isource/Category/Hbl/all/Mci/Slfac/Microblocks/PeakDetector\
#        -Isource/Category/Hbl/all/Mci/Slfac/Microblocks/Pi\
#        -Isource/Category/Hbl/all/MCUDrivers/TimeCapture\
#        -Isource/Category/Hbl/all/MCUDrivers/TimerInterruptExt\
#        -Isource/Micros/STM32G0x/Driver/Atod\
#        -Isource/Micros/STM32G0x/Driver/DataFlash\
#        -Isource/Micros/STM32G0x/Driver/Dma\
#        -Isource/Micros/STM32G0x/Driver/Dtoa\
#        -Isource/Micros/STM32G0x/Driver/ExtInterrupt\
#        -Isource/Micros/STM32G0x/Driver/Flash\
#        -Isource/Micros/STM32G0x/Driver/Gpio\
#        -Isource/Micros/STM32G0x/Driver/I2c\
#        -Isource/Micros/STM32G0x/Driver/IntMgr\
#        -Isource/Micros/STM32G0x/Driver/Micro\
#        -Isource/Micros/STM32G0x/Driver/MicroExt\
#        -Isource/Micros/STM32G0x/Driver/Rtc\
#        -Isource/Micros/STM32G0x/Driver/RTCDriver\
#        -Isource/Micros/STM32G0x/Driver/Spi\
#        -Isource/Micros/STM32G0x/Driver/Timeout\
#        -Isource/Micros/STM32G0x/Driver/Timer\
#        -Isource/Micros/STM32G0x/Driver/TimerInterrupt\
#        -Isource/Micros/STM32G0x/Driver/Uart\
#        -Isource/ProjectSpecific/Application/acu/Config\
#        -Isource/ProjectSpecific/Application/acu/LowPower\
#        -Isource/ProjectSpecific/Application/acuexpacu/Config\
#        -Isource/ProjectSpecific/Application/all/Config\
#        -Isource/ProjectSpecific/Application/all/MCUDebug\
#        -Isource/ProjectSpecific/Application/all/ProductInfo\
#        -Isource/ProjectSpecific/Common/acu/Config\
#        -Isource/ProjectSpecific/Common/all/Config\
#        -Isource/ProjectSpecific/Common/all/Debug\
#        -Isource/ProjectSpecific/Common/all/SRConfig\
#        -Isource/ProjectSpecific/Driver/STM32G0x\
#        -Isource/ProjectSpecific/Hbl/acuexpacu/Config\
#        -Isource/ProjectSpecific/Hbl/acuexpacu/SRConfig\
#        -Isource/ProjectSpecific/Hbl/all/Config\
#        -Isource/ProjectSpecific/Hbl/all/Config/Mci\
#        -Isource/ProjectSpecific/Hbl/all/Config/Mci/MasterCommander\
#        -Isource/ProjectSpecific/Hbl/all/Config/Mci/MCUDrivers\
#        -Isource/ProjectSpecific/Hbl/all/SRConfig\
#        -Isource/XCategory/Application/acu/API221MotionCtrl\
#        -Isource/XCategory/Application/acu/Calibration\
#        -Isource/XCategory/Application/acu/Condition\
#        -Isource/XCategory/Application/acu/Estimator\
#        -Isource/XCategory/Application/acu/Interpreter\
#        -Isource/XCategory/Application/acu/Processes/ActivateTask\
#        -Isource/XCategory/Application/acu/Processes/JumpIf\
#        -Isource/XCategory/Application/acu/Processes/LoadsControl\
#        -Isource/XCategory/Application/acu/Processes/Maintain\
#        -Isource/XCategory/Application/acu/Processes/SetVariable\
#        -Isource/XCategory/Application/acu/RegulationAccept\
#        -Isource/XCategory/Application/acu/Selector\
#        -Isource/XCategory/Application/acu/SubCycle\
#        -Isource/XCategory/Application/acu/Supervisor\
#        -Isource/XCategory/Application/acu/TestMgr\
#        -Isource/XCategory/Application/acuexpacu/ApplianceMgr\
#        -Isource/XCategory/Application/acuhmi/CommunicationMonitor\
#        -Isource/XCategory/Application/acuhmi/Modifier\
#        -Isource/XCategory/Application/acuhmi/Regulations\
#        -Isource/XCategory/Application/acuhmi/Status\
#        -Isource/XCategory/Application/all/API007Data\
#        -Isource/XCategory/Application/all/API011AppCtr\
#        -Isource/XCategory/Application/all/API012Exp\
#        -Isource/XCategory/Application/all/API013RemoteFunction\
#        -Isource/XCategory/Application/all/API018Diagnostic\
#        -Isource/XCategory/Application/all/API220MotorControl\
#        -Isource/XCategory/Application/all/API220MotorControl/Api\
#        -Isource/XCategory/Application/all/Mode\
#        -Isource/XCategory/Application/all/Reveal_Basic/API003Disc\
#        -Isource/XCategory/Application/all/Reveal_Basic/API004Debug\
#        -Isource/XCategory/Application/all/Reveal_Basic/API004Debug/SW05SoftwareTest\
#        -Isource/XCategory/Application/all/Reveal_Basic/API005LowLevel\
#        -Isource/XCategory/Application/all/Reveal_Basic/API009System\
#        -Isource/XCategory/Application/all/Reveal_Basic/API010PollVar\
#        -Isource/XCategory/Application/all/Reveal_Basic/API019ProductInfo\
#        -Isource/XCategory/Application/all/SFUpdater\
#        -Isource/XCategory/Application/all/SRAPI020Safety\
#        -Isource/XCategory/Application/all/StatusLed\
#        -Isource/XCategory/Common/acu/BrownOut\
#        -Isource/XCategory/Common/acu/Fault\
#        -Isource/XCategory/Common/acu/Statistics\
#        -Isource/XCategory/Common/all/Common/Callback\
#        -Isource/XCategory/Common/all/Common/Convert\
#        -Isource/XCategory/Common/all/Common/Crc16\
#        -Isource/XCategory/Common/all/Common/Crc32\
#        -Isource/XCategory/Common/all/Common/Crc8\
#        -Isource/XCategory/Common/all/Common/Equation\
#        -Isource/XCategory/Common/all/Common/Filter\
#        -Isource/XCategory/Common/all/Common/FITMgr\
#        -Isource/XCategory/Common/all/Common/I2cMgr\
#        -Isource/XCategory/Common/all/Common/IAPEmul\
#        -Isource/XCategory/Common/all/Common/Log\
#        -Isource/XCategory/Common/all/Common/Millis\
#        -Isource/XCategory/Common/all/Common/SeggerRTT\
#        -Isource/XCategory/Common/all/Common/SeggerRTT/SEGGER_RTT/Config\
#        -Isource/XCategory/Common/all/Common/SeggerRTT/SEGGER_RTT/RTT\
#        -Isource/XCategory/Common/all/Common/SettingFile\
#        -Isource/XCategory/Common/all/Common/SFVersionCheck\
#        -Isource/XCategory/Common/all/Common/SystemConfig\
#        -Isource/XCategory/Common/all/Common/SystemTimers\
#        -Isource/XCategory/Common/all/Common/Utilities\
#        -Isource/XCategory/Common/all/Common/Variable\
#        -Isource/XCategory/Common/all/SRCommon/SRClockMonitor\
#        -Isource/XCategory/Common/all/SRCommon/SRData\
#        -Isource/XCategory/Common/all/SRCommon/SRException\
#        -Isource/XCategory/Common/all/SRCommon/SRIsrMonitor\
#        -Isource/XCategory/Common/all/SRCommon/SRPowerMgr\
#        -Isource/XCategory/Common/all/SRCommon/SRSignature\
#        -Isource/XCategory/Common/all/SRCommon/SRSystemConfig\
#        -Isource/XCategory/Common/all/SRCommon/SRTaskMonitor\
#        -Isource/XCategory/Common/all/SRCommon/SRTaskSequence\
#        -Isource/XCategory/Common/all/SRCommon/SRTimerReference\
#        -Isource/XCategory/Common/all/SRCommon/SRUnusedPinsConfig\
#        -Isource/XCategory/Common/all/SRMain\
#        -Isource/XCategory/Common/all/SRMain/BackgroundThreads\
#        -Isource/XCategory/Common/all/SRMain/OsServices\
#        -Isource/XCategory/Common/all/SRMain/StackAnalysis\
#        -Isource/XCategory/Common/all/SRMain/TimingAnalysis\
#        -Isource/XCategory/Driver/APIs/Atod\
#        -Isource/XCategory/Driver/APIs/Comparator\
#        -Isource/XCategory/Driver/APIs/DataFlash\
#        -Isource/XCategory/Driver/APIs/Dma\
#        -Isource/XCategory/Driver/APIs/Dtc\
#        -Isource/XCategory/Driver/APIs/Dtoa\
#        -Isource/XCategory/Driver/APIs/EmbOS\
#        -Isource/XCategory/Driver/APIs/ExtInterrupt\
#        -Isource/XCategory/Driver/APIs/Flash\
#        -Isource/XCategory/Driver/APIs/Gpio\
#        -Isource/XCategory/Driver/APIs/I2c\
#        -Isource/XCategory/Driver/APIs/IntMgr\
#        -Isource/XCategory/Driver/APIs/Micro\
#        -Isource/XCategory/Driver/APIs/MicroExt\
#        -Isource/XCategory/Driver/APIs/Rtc\
#        -Isource/XCategory/Driver/APIs/RTCDriver\
#        -Isource/XCategory/Driver/APIs/Spi\
#        -Isource/XCategory/Driver/APIs/Timeout\
#        -Isource/XCategory/Driver/APIs/Timer\
#        -Isource/XCategory/Driver/APIs/TimerInterrupt\
#        -Isource/XCategory/Driver/APIs/Touch\
#        -Isource/XCategory/Driver/APIs/Uart\
#        -Isource/XCategory/Hbl/acu/FdmCounter\
#        -Isource/XCategory/Hbl/acu/FdmTimer\
#        -Isource/XCategory/Hbl/acuexpacu/ACUGIHandler/ConvertGI\
#        -Isource/XCategory/Hbl/acuexpacu/ACUGIHandler/DirectGI\
#        -Isource/XCategory/Hbl/acuexpacu/ACUGIHandler/DoorSwitchGI\
#        -Isource/XCategory/Hbl/acuexpacu/ACUGIHandler/ProbeGI\
#        -Isource/XCategory/Hbl/acuexpacu/ACUGIHandler/ProbeLpsGI\
#        -Isource/XCategory/Hbl/acuexpacu/ACULoadHandler/DCFanLoad\
#        -Isource/XCategory/Hbl/acuexpacu/ACUPilotHandler/AnalogOutputPilot\
#        -Isource/XCategory/Hbl/acuexpacu/ACUPilotHandler/ChargePumpPilot\
#        -Isource/XCategory/Hbl/acuexpacu/ACUPilotHandler/DigitalOutputMultiPilot\
#        -Isource/XCategory/Hbl/acuexpacu/ACUPilotHandler/DigitalOutputPilot\
#        -Isource/XCategory/Hbl/acuexpacu/ACUPilotHandler/DoorLockEMPilot\
#        -Isource/XCategory/Hbl/acuexpacu/ACUPilotHandler/DoorLockWaxPilot\
#        -Isource/XCategory/Hbl/acuexpacu/ACUPilotHandler/ExpansionPilot\
#        -Isource/XCategory/Hbl/acuexpacu/ACUPilotHandler/ExternalMotorPilot\
#        -Isource/XCategory/Hbl/acuexpacu/ACUPilotHandler/FSMPilot\
#        -Isource/XCategory/Hbl/acuexpacu/ACUPilotHandler/MagnetronPilot\
#        -Isource/XCategory/Hbl/acuexpacu/ACUPilotHandler/MotorPilot\
#        -Isource/XCategory/Hbl/acuexpacu/ACUPilotHandler/MultiDriverPilot\
#        -Isource/XCategory/Hbl/acuexpacu/ACUPilotHandler/MultiSequencePilot\
#        -Isource/XCategory/Hbl/acuexpacu/ACUPilotHandler/NonfunctionalPilot\
#        -Isource/XCategory/Hbl/acuexpacu/ACUPilotHandler/PwmHiResPilot\
#        -Isource/XCategory/Hbl/acuexpacu/ACUPilotHandler/PwmPilot\
#        -Isource/XCategory/Hbl/acuexpacu/ACUPilotHandler/SRChargePumpPilot\
#        -Isource/XCategory/Hbl/acuexpacu/ACUPilotHandler/SRDigitalOutputMultiPilot\
#        -Isource/XCategory/Hbl/acuexpacu/ACUPilotHandler/SRDigitalOutputPilot\
#        -Isource/XCategory/Hbl/acuexpacu/ACUPilotHandler/SRDoorLockEMPilot\
#        -Isource/XCategory/Hbl/acuexpacu/ACUPilotHandler/SRDoorLockWaxPilot\
#        -Isource/XCategory/Hbl/acuexpacu/ACUPilotHandler/SRUMRelayPilot\
#        -Isource/XCategory/Hbl/acuexpacu/ACUPilotHandler/SteadyPwmProfilePilot\
#        -Isource/XCategory/Hbl/acuexpacu/ACUPilotHandler/StepperPilot\
#        -Isource/XCategory/Hbl/acuexpacu/ACUPilotHandler/TriacSwitchPilot\
#        -Isource/XCategory/Hbl/acuexpacu/ACUPilotHandler/ZCRelayPilot\
#        -Isource/XCategory/Hbl/acuexpacu/ACUPilotHandler/ZCTriacPilot\
#        -Isource/XCategory/Hbl/acuexpacu/HblAcu\
#        -Isource/XCategory/Hbl/acuexpacu/HblAcu/CrossLoads\
#        -Isource/XCategory/Hbl/acuexpacu/HblAcu/SetLoadQueue\
#        -Isource/XCategory/Hbl/acuexpacu/HblAcu/SRProductMgr\
#        -Isource/XCategory/Hbl/acuexpacu/HblAcu/ZeroCross\
#        -Isource/XCategory/Hbl/all/Hbl\
#        -Isource/XCategory/Hbl/all/Hbl/DefaultPin\
#        -Isource/XCategory/Hbl/all/Hbl/HblCommon\
#        -Isource/XCategory/Hbl/all/Hbl/VirtualPin\
#        -Isource/XCategory/Hbl/all/LLIHandler/AbsoluteHumidityLLI\
#        -Isource/XCategory/Hbl/all/LLIHandler/AccelerometerLLI\
#        -Isource/XCategory/Hbl/all/LLIHandler/AccelerometerLLI/AccelBaseline\
#        -Isource/XCategory/Hbl/all/LLIHandler/AccelerometerLLI/AccelDiscover\
#        -Isource/XCategory/Hbl/all/LLIHandler/AccelerometerLLI/FXLS8974\
#        -Isource/XCategory/Hbl/all/LLIHandler/AccelerometerLLI/FXLS8974/SelfTestFXLS8974\
#        -Isource/XCategory/Hbl/all/LLIHandler/AccelerometerLLI/LISxDH\
#        -Isource/XCategory/Hbl/all/LLIHandler/AnalogLLI\
#        -Isource/XCategory/Hbl/all/LLIHandler/ConductivityLLI\
#        -Isource/XCategory/Hbl/all/LLIHandler/DigitalLLI\
#        -Isource/XCategory/Hbl/all/LLIHandler/EncoderLLI\
#        -Isource/XCategory/Hbl/all/LLIHandler/ExpansionLLI\
#        -Isource/XCategory/Hbl/all/LLIHandler/FeedbackLLI\
#        -Isource/XCategory/Hbl/all/LLIHandler/I2CInfraredLLI\
#        -Isource/XCategory/Hbl/all/LLIHandler/I2CPressureSensorLLI\
#        -Isource/XCategory/Hbl/all/LLIHandler/I2CRHTSensorLLI\
#        -Isource/XCategory/Hbl/all/LLIHandler/InputCaptureLLI\
#        -Isource/XCategory/Hbl/all/LLIHandler/MultiInputLLI\
#        -Isource/XCategory/Hbl/all/LLIHandler/NonfunctionalLLI\
#        -Isource/XCategory/Hbl/all/LLIHandler/PulseCounterLLI\
#        -Isource/XCategory/Hbl/all/LLIHandler/SRAnalogLLI\
#        -Isource/XCategory/Hbl/all/LLIHandler/SRDigitalLLI\
#        -Isource/XCategory/Hbl/all/LLIHandler/SRFeedbackLLI\
#        -Isource/XCategory/Hbl/all/LLIHandler/SRI2CPressureSensorLLI\
#        -Isource/XCategory/Hbl/all/LLIHandler/SRICTachometerLLI\
#        -Isource/XCategory/Hbl/all/LLIHandler/SRInputCaptureLLI\
#        -Isource/XCategory/Hbl/all/LLIHandler/SRTouchKeyLLI\
#        -Isource/XCategory/Hbl/all/LLIHandler/SRTriacFeedbackLLI\
#        -Isource/XCategory/Hbl/all/LLIHandler/TouchKeyLLI\
#        -Isource/XCategory/Hbl/all/LLIHandler/TouchSliderLLI\
#        -Isource/XCategory/Hbl/all/LLIHandler/TouchWheelLLI\
#        -Isource/XCategory/Hbl/all/LLIHandler/TriacFeedbackLLI\
#        -Isource/XCategory/Hbl/all/LLIHandler/VirtualDigitalLLI\
#        -Isource/XCategory/Service/all/NVData\
#        -Isource/XCategory/Service/all/Reveal\
#        -Isource/XCategory/Service/all/Win\) -l listings\FSMPilot.lst -o
#        obj\FSMPilot.obj
#        source/XCategory/Hbl/acuexpacu/ACUPilotHandler/FSMPilot/FSMPilot.c
#    Locale       =  English_United States.1252
#    List file    =  listings\FSMPilot.lst
#    Object file  =  obj\FSMPilot.obj
#
###############################################################################

C:\Data\Nucleus_Dev\Vostok_ACU_A\source\XCategory\Hbl\acuexpacu\ACUPilotHandler\FSMPilot\FSMPilot.c
      1          /**
      2           *  @file
      3           *
      4           *  @brief      Basic description of file contents
      5           *
      6           *  @details    Detailed description of the file contents
      7           *
      8           *  @section    Applicable_Documents
      9           *					List here all the applicable documents if needed. <tr>
     10           *
     11           *  $Header: 	FSMPilot.c 27/04/2016 KAVEH RAZZAGHI (RAZZAK) Exp  $
     12           *
     13           *  @copyright  Copyright 2016.  Whirlpool Corporation.  All rights reserved - CONFIDENTIAL.
     14           */
     15          //---------------------------------------------------------------------------------------------------------------------
     16          //---------------------------------------------------------------------------------------------------------------------
     17          
     18          
     19          //-------------------------------------- Include Files ----------------------------------------------------------------
     20          #include "C_Extensions.h"
     21          #include "FSMPilot.h"
     22          
     23          #if (HBL_PILOT_NUM_FSM > 0)
     24          #include "VirtualPin.h"
     25          #include "String.h"
     26          #include "Gpio.h"
     27          #include "SystemTimers.h"
     28          //-------------------------------------- PUBLIC (Variables) -----------------------------------------------------------
     29          
     30          //-------------------------------------- PRIVATE (Variables, Constants & Defines) -------------------------------------
     31          // -- Private Constant Declarations --
     32          #define FSMPILOT_STATEMACHINE_TIMING_INTERVAL	10	//Interval in MS
     33          
     34          //! State machine values
     35          typedef enum
     36          {
     37              FSMPILOT_SM_IDLE = 0,
     38              FSMPILOT_SM_INIT,
     39              FSMPILOT_SM_SET_POINT_MONITORING,
     40              FSMPILOT_SM_T3,
     41              FSMPILOT_SM_T2
     42          } FSMPILOT_STATE_MACHINE_VAL_TYPE;
     43          
     44          //! Speed sign
     45          typedef sint8 FSMPILOT_SPEED_SIGN_TYPE;
     46          
     47          //! Target velocity
     48          typedef sint8 FSMPILOT_VELOCITY_TYPE;
     49          
     50          //! T2
     51          typedef uint8 FSMPILOT_T2_TYPE;
     52          
     53          //! T3
     54          typedef uint16 FSMPILOT_T3_TYPE;
     55          
     56          //! State machine manager
     57          PACKED typedef struct
     58          {
     59              FSMPILOT_VELOCITY_TYPE   		Processed; 				 		//!< Processed Speed value
     60              FSMPILOT_VELOCITY_TYPE   		Requested; 				  		//!< Requested Speed value
     61              FSMPILOT_VELOCITY_TYPE   		Current_Velocity; 		  		//!< Current Speed value
     62              FSMPILOT_T3_TYPE                T3_Cnt;                   		//!< T3 counter
     63              FSMPILOT_T2_TYPE                T2_Cnt;                   		//!< T2 counter
     64              uint8							Sense_Of_Rotation_Pin_Value;	//!< Target value for sor pin
     65              uint8							Power_Enable_Pin_1_Value;		//!< Target value for power enable pin 1
     66              uint8							Power_Enable_Pin_2_Value;		//!< Target value for power enable pin 2
     67              uint8							Monitoring_Flag;		  		//!< Indicating if the state machine is in monitoring state (0)
     68              FSMPILOT_STATE_MACHINE_VAL_TYPE State;      			  		//!< State machine value
     69          } FSMPILOT_DATA_TYPE;
     70          
     71          //! Struct to cast the parameters for the Fixed Speed Motor.
     72          PACKED typedef struct
     73          {
     74          	uint8 T2_Val;
     75          	uint8 T3_Val;
     76          } FSMPILOT_PARAMETERS_TYPE;
     77          
     78          //! Struct to cast the io pilot pins for the Fixed Speed Motor.
     79          PACKED typedef struct
     80          {
     81          	uint8 Sense_Of_Rotation_Pin;
     82          	uint8 Power_Enable_Pin_1;
     83          	uint8 Power_Enable_Pin_2;
     84          } FSMPILOT_PIN_MAP_TYPE;
     85          
     86          // -- Private Variable Definitions --
     87          
     88          static FSMPILOT_DATA_TYPE FSMPilot_Data[HBL_PILOT_NUM_FSM];
     89          static uint8 FSMPilot_Allocation;
     90          
     91          //-------------------------------------- PRIVATE (Function Prototypes) ------------------------------------------------
     92          static void FSMPilotStateManager(HBL_LOAD_TYPE *load);
     93          
     94          //=====================================================================================================================
     95          //-------------------------------------- Public Functions -------------------------------------------------------------
     96          //=====================================================================================================================
     97          
     98          /**
     99           * @brief
    100           * @return
    101           */
    102          void FSMPilot__Initialize(void)
    103          {
    104              FSMPilot_Allocation = 0;
    105              memset (FSMPilot_Data , 0 , sizeof(FSMPilot_Data));
    106          
    107          }
    108          
    109          
    110          //---------------------------------------------------------------------------------------------------------------------
    111          /**
    112           * @brief
    113           * @return
    114           */
    115          uint8 FSMPilot__Allocate(void)
    116          {
    117              uint8 retval;
    118              retval = 0xFF;
    119              if (FSMPilot_Allocation < HBL_PILOT_NUM_FSM)
    120              {
    121                  retval = FSMPilot_Allocation;
    122                  FSMPilot_Allocation++;
    123          
    124              }
    125              return (retval);
    126          }
    127          
    128          
    129          //---------------------------------------------------------------------------------------------------------------------
    130          /**
    131           *
    132           * @param load
    133           */
    134          PASS_FAIL_TYPE FSMPilot__InitializeInstance(HBL_LOAD_TYPE * load)
    135          {
    136          	FSMPILOT_DATA_TYPE *data;
    137          	PASS_FAIL_TYPE retval;
    138              uint8 virtual_pin;
    139              uint8 loop_index;
    140              retval = FAIL;
    141          
    142              if (load->Pilot_Data_Index < FSMPilot_Allocation)
    143              {
    144                  data = &FSMPilot_Data[load->Pilot_Data_Index];
    145                  data->State = FSMPILOT_SM_INIT; // set state machine val
    146          
    147                  for (loop_index = 0; loop_index < 3; loop_index++)
    148                  {
    149                  	virtual_pin = load->Pin_Ptr[loop_index];
    150          
    151                      if (VIRTUALPIN_TABLE[virtual_pin].port != 0xFF)
    152                      {
    153                          Gpio__PinConfig(VIRTUALPIN_TABLE[virtual_pin].port, VIRTUALPIN_TABLE[virtual_pin].pin, VIRTUALPIN_TABLE[virtual_pin].pin_config);
    154                      }
    155                  }
    156          
    157                  retval = PASS;
    158              }
    159          
    160              return (retval);
    161          }
    162          
    163          
    164          //---------------------------------------------------------------------------------------------------------------------
    165          /**
    166           * @brief
    167           * @param load
    168           * @param data
    169           * @return
    170           */
    171          PASS_FAIL_TYPE FSMPilot__Request(HBL_LOAD_TYPE * load,void * data)
    172          {
    173              if (load->Pilot_Data_Index < FSMPilot_Allocation)
    174              {
    175              	FSMPilot_Data[load->Pilot_Data_Index].Requested = *(FSMPILOT_VELOCITY_TYPE *)data;
    176                  return (PASS);
    177              }
    178              else
    179              {
    180              	return (FAIL);
    181              }
    182          }
    183          
    184          //---------------------------------------------------------------------------------------------------------------------
    185          /**
    186           *
    187           * @param load
    188           * @return
    189           */
    190          PASS_FAIL_TYPE FSMPilot__Process(HBL_LOAD_TYPE * load)
    191          {
    192              if (load->Pilot_Data_Index < HBL_PILOT_NUM_FSM)
    193              {
    194              	FSMPilot_Data[load->Pilot_Data_Index].Processed = FSMPilot_Data[load->Pilot_Data_Index].Requested;
    195              }
    196              return (PASS);
    197          }
    198          
    199          
    200          //---------------------------------------------------------------------------------------------------------------------
    201          /**
    202           *
    203           * @param load
    204           * @return
    205           */
    206          void * FSMPilot__GetRequested(HBL_LOAD_TYPE * load)
    207          {
    208              if (load->Pilot_Data_Index < FSMPilot_Allocation)
    209              {
    210                  return (&FSMPilot_Data[load->Pilot_Data_Index].Requested);
    211              }
    212              else
    213              {
    214                  return (NULL);
    215              }
    216          }
    217          
    218          
    219          //---------------------------------------------------------------------------------------------------------------------
    220          /**
    221           *
    222           * @param load
    223           * @return
    224           */
    225          void * FSMPilot__GetProcessed(HBL_LOAD_TYPE * load)
    226          {
    227              if (load->Pilot_Data_Index < FSMPilot_Allocation)
    228              {
    229                  return (&FSMPilot_Data[load->Pilot_Data_Index].Processed);
    230              }
    231              else
    232              {
    233                  return (NULL);
    234              }
    235          }
    236          
    237          
    238          //---------------------------------------------------------------------------------------------------------------------
    239          /**
    240           *
    241           * @param load
    242           * @return
    243           */
    244          PASS_FAIL_TYPE FSMPilot__AsyncProcess(HBL_LOAD_TYPE * load)
    245          {
    246              PASS_FAIL_TYPE retval;
    247              retval = FAIL;
    248          
    249              if (load->Pilot_Data_Index < FSMPilot_Allocation)
    250              {
    251              	FSMPilotStateManager(load);
    252              	retval = PASS;
    253              }
    254          
    255              return (retval);
    256          }
    257          
    258          //---------------------------------------------------------------------------------------------------------------------
    259          /**
    260           *
    261           * @param load
    262           * @return
    263           */
    264          void * FSMPilot__GetStatus(HBL_LOAD_TYPE * load)
    265          {
    266              if (load->Pilot_Data_Index < FSMPilot_Allocation)
    267              {
    268                  return (&FSMPilot_Data[load->Pilot_Data_Index].Monitoring_Flag);
    269              }
    270              else
    271              {
    272                  return (NULL);
    273              }
    274          }
    275          
    276          //=====================================================================================================================
    277          //-------------------------------------- Private Functions ------------------------------------------------------------
    278          //=====================================================================================================================
    279          //---------------------------------------------------------------------------------------------------------------------
    280          /**
    281           * @brief       FSM Module manager: processes the command (set point) and executes the state machine to drive the motor.
    282           * @details     attention: It is assumed that it's called every 5ms.
    283                          attention: Before calling this method, FSMPilot__InitializeInstance() must be executed.
    284                          attention: So that the state machine is properly executed.
    285                          note: state machine implements a protection against the inversion of the sense of rotation.
    286          
    287           * @param       load
    288           * @return 	    none
    289          */
    290          static void FSMPilotStateManager(HBL_LOAD_TYPE *load)
    291          {
    292              FSMPILOT_SPEED_SIGN_TYPE sign;
    293              FSMPILOT_PARAMETERS_TYPE *parameters_pointer;
    294              FSMPILOT_PIN_MAP_TYPE *pin_map_pointer;
    295              parameters_pointer = (FSMPILOT_PARAMETERS_TYPE*)load->Parameter_Ptr.Data;
    296              pin_map_pointer = (FSMPILOT_PIN_MAP_TYPE*)load->Pin_Ptr;
    297          	switch(FSMPilot_Data[load->Pilot_Data_Index].State)
    298          	{
    299          		case FSMPILOT_SM_IDLE:
    300          			break;
    301          
    302          		case FSMPILOT_SM_INIT:
    303          			FSMPilot_Data[load-> Pilot_Data_Index].State = FSMPILOT_SM_SET_POINT_MONITORING;
    304          			// LS3 OFF
    305          			FSMPilot_Data[load->Pilot_Data_Index].Sense_Of_Rotation_Pin_Value = INACTIVE;
    306          			FSMPilot_Data[load->Pilot_Data_Index].Power_Enable_Pin_1_Value 	  = INACTIVE;
    307          			FSMPilot_Data[load->Pilot_Data_Index].Power_Enable_Pin_2_Value 	  = INACTIVE;
    308          			break;
    309          
    310          		case FSMPILOT_SM_SET_POINT_MONITORING:
    311          			sign = FSMPILOT_VELOCITY_ZERO;
    312          
    313          			if(FSMPilot_Data[load->Pilot_Data_Index].Processed > 0)
    314          			{
    315          				sign = FSMPILOT_VELOCITY_POSITIVE;
    316          			}
    317          
    318          			if(FSMPilot_Data[load->Pilot_Data_Index].Processed < 0)
    319          			{
    320          				sign = FSMPILOT_VELOCITY_NEGATIVE;
    321          			}
    322          
    323          			if(FSMPilot_Data[load->Pilot_Data_Index].Current_Velocity != sign)
    324          			{
    325          				FSMPilot_Data[load->Pilot_Data_Index].Monitoring_Flag = TRUE;
    326          				FSMPilot_Data[load->Pilot_Data_Index].Current_Velocity = sign;
    327          
    328          				FSMPilot_Data[load->Pilot_Data_Index].State = FSMPILOT_SM_T3;
    329          
    330          				// Timing variable initialization
    331          				FSMPilot_Data[load->Pilot_Data_Index].T3_Cnt = (parameters_pointer->T3_Val) * 10 * 2;
    332          				FSMPilot_Data[load->Pilot_Data_Index].T2_Cnt = (parameters_pointer->T2_Val) * 2;
    333          
    334          				// LS3 (power supply) OFF
    335          				FSMPilot_Data[load->Pilot_Data_Index].Power_Enable_Pin_1_Value = INACTIVE;
    336          				FSMPilot_Data[load->Pilot_Data_Index].Power_Enable_Pin_2_Value = INACTIVE;
    337          			}
    338          			else
    339          			{
    340          				FSMPilot_Data[load->Pilot_Data_Index].Monitoring_Flag = FALSE;
    341          			}
    342          			break;
    343          
    344          		case FSMPILOT_SM_T3:
    345          			if(!FSMPilot_Data[load->Pilot_Data_Index].T3_Cnt)
    346          			{
    347          				// SET LS1
    348          				if(FSMPilot_Data[load->Pilot_Data_Index].Current_Velocity > 0)
    349          				{
    350          					FSMPilot_Data[load->Pilot_Data_Index].Sense_Of_Rotation_Pin_Value = ACTIVE;
    351          				}
    352          				else
    353          				{
    354          					FSMPilot_Data[load->Pilot_Data_Index].Sense_Of_Rotation_Pin_Value = INACTIVE;
    355          				}
    356          
    357          				if(FSMPilot_Data[load->Pilot_Data_Index].Current_Velocity)
    358          				{
    359          					FSMPilot_Data[load->Pilot_Data_Index].State = FSMPILOT_SM_T2;
    360          				}
    361          				else
    362          				{
    363          					FSMPilot_Data[load->Pilot_Data_Index].State = FSMPILOT_SM_SET_POINT_MONITORING;
    364          				}
    365          			}
    366          			else
    367          			{
    368          				FSMPilot_Data[load->Pilot_Data_Index].T3_Cnt--;;
    369          			}
    370          			break;
    371          
    372          		case FSMPILOT_SM_T2:
    373          
    374          			if(!FSMPilot_Data[load->Pilot_Data_Index].T2_Cnt)
    375          			{
    376          				// LS3 ON
    377          				FSMPilot_Data[load->Pilot_Data_Index].Power_Enable_Pin_1_Value 	  = ACTIVE;
    378          				FSMPilot_Data[load->Pilot_Data_Index].Power_Enable_Pin_2_Value 	  = ACTIVE;
    379          
    380          				FSMPilot_Data[load->Pilot_Data_Index].State = FSMPILOT_SM_SET_POINT_MONITORING;
    381          			}
    382          			else
    383          			{
    384          				FSMPilot_Data[load->Pilot_Data_Index].T2_Cnt--;
    385          			}
    386          			break;
    387          
    388          		default:
    389          			FSMPilot_Data[load->Pilot_Data_Index].State = FSMPILOT_SM_SET_POINT_MONITORING;
    390          			break;
    391          	}
    392          
    393          	Gpio__PinWrite(  VIRTUALPIN_TABLE[pin_map_pointer->Sense_Of_Rotation_Pin].port,
    394          					 VIRTUALPIN_TABLE[pin_map_pointer->Sense_Of_Rotation_Pin].pin,
    395          					 (BOOL_TYPE)((FSMPilot_Data[load->Pilot_Data_Index].Sense_Of_Rotation_Pin_Value
    396          					 ^ ((~load->Hi_Low_Activation_Bitmap) >> 0)) & 0x01));
    397          
    398          	Gpio__PinWrite(  VIRTUALPIN_TABLE[pin_map_pointer->Power_Enable_Pin_1].port,
    399          					 VIRTUALPIN_TABLE[pin_map_pointer->Power_Enable_Pin_1].pin,
    400          					 (BOOL_TYPE)((FSMPilot_Data[load->Pilot_Data_Index].Power_Enable_Pin_1_Value
    401          					 ^ ((~load->Hi_Low_Activation_Bitmap) >> 1)) & 0x01));
    402          
    403          	Gpio__PinWrite(  VIRTUALPIN_TABLE[pin_map_pointer->Power_Enable_Pin_2].port,
    404          					 VIRTUALPIN_TABLE[pin_map_pointer->Power_Enable_Pin_2].pin,
    405          					 (BOOL_TYPE)((FSMPilot_Data[load->Pilot_Data_Index].Power_Enable_Pin_2_Value
    406          					 ^ ((~load->Hi_Low_Activation_Bitmap) >> 2)) & 0x01));
    407              return;
    408          }
    409          
    410          #endif


 

 


Errors: none
Warnings: none
