###############################################################################
#
# IAR ANSI C/C++ Compiler V7.70.1.11437/W32 for ARM       28/Feb/2025  14:17:18
# Copyright 1999-2016 IAR Systems AB.
#
#    Cpu mode     =  thumb
#    Endian       =  little
#    Source file  =  
#        source/Category/Application/acu/Monitors/WashHeaterFaultMonitor/HeaterOpenMonitor/HeaterOpenMonitor.c
#    Command line =  
#        --cpu Cortex-M0+ -Om --debug -e --only_stdout --silent -D
#        ENABLE_JUMP_TO_APPLICATION_WITHOUT_IAP_FIRMWARE --no_wrap_diagnostics
#        -f config\tmp\include_path.lnt
#        (-I../Nucleus-Tools-SDK/embOS/arm/v4.26/source\
#        -I../Nucleus-Tools-SDK/iar/arm/v7.70/cx/inc\
#        -Isource/Category/Application/acu/CycleResume\
#        -Isource/Category/Application/acu/Monitors/AutostartFactoryCycleMonitor\
#        -Isource/Category/Application/acu/Monitors/CartridgeDetectionMonitor\
#        -Isource/Category/Application/acu/Monitors/DCLoadCurrentMonitor\
#        -Isource/Category/Application/acu/Monitors/DiverterFaultMonitor\
#        -Isource/Category/Application/acu/Monitors/DiverterLeakFaultMonitor\
#        -Isource/Category/Application/acu/Monitors/DoorMonitor\
#        -Isource/Category/Application/acu/Monitors/DoorOpeningSystemMonitor\
#        -Isource/Category/Application/acu/Monitors/FanMotorFaultMonitor\
#        -Isource/Category/Application/acu/Monitors/FaultStatusMonitor\
#        -Isource/Category/Application/acu/Monitors/FillValveStuckOn\
#        -Isource/Category/Application/acu/Monitors/FlowMeterFaultMonitor\
#        -Isource/Category/Application/acu/Monitors/HeatMonitor\
#        -Isource/Category/Application/acu/Monitors/HotHighPotMonitor\
#        -Isource/Category/Application/acu/Monitors/LITTFaultMonitor\
#        -Isource/Category/Application/acu/Monitors/LITTMonitor\
#        -Isource/Category/Application/acu/Monitors/McuGetDataMonitor\
#        -Isource/Category/Application/acu/Monitors/ModelMonitors/AirlockDetectionMonitor\
#        -Isource/Category/Application/acu/Monitors/ModelMonitors/AirlockDetectionMonitor/CodeGeneration\
#        -Isource/Category/Application/acu/Monitors/ModelMonitors/HeaterCalcificationDetectionModel\
#        -Isource/Category/Application/acu/Monitors/ModelMonitors/HeaterCalcificationDetectionModel/CodeGeneration\
#        -Isource/Category/Application/acu/Monitors/ModelMonitors/OWIVoltageRegulatedOutputModel\
#        -Isource/Category/Application/acu/Monitors/ModelMonitors/OWIVoltageRegulatedOutputModel/CodeGeneration\
#        -Isource/Category/Application/acu/Monitors/ModelMonitors/PluggingDetectionMonitor\
#        -Isource/Category/Application/acu/Monitors/ModelMonitors/PluggingDetectionMonitor/CodeGeneration\
#        -Isource/Category/Application/acu/Monitors/MoisturePreventionMonitor\
#        -Isource/Category/Application/acu/Monitors/OverfillMonitor\
#        -Isource/Category/Application/acu/Monitors/OWIMonitor\
#        -Isource/Category/Application/acu/Monitors/PilotRelayFaultMonitor\
#        -Isource/Category/Application/acu/Monitors/PilotRelayFaultMonitor/PilotRelayStuckClosedMonitor\
#        -Isource/Category/Application/acu/Monitors/PilotRelayFaultMonitor/PilotRelayStuckOpenMonitor\
#        -Isource/Category/Application/acu/Monitors/PORTimeMonitor\
#        -Isource/Category/Application/acu/Monitors/PumpFlushRequestMonitor\
#        -Isource/Category/Application/acu/Monitors/RinseAidMonitor\
#        -Isource/Category/Application/acu/Monitors/SaltSensingMonitor\
#        -Isource/Category/Application/acu/Monitors/StabilityControlLoopMonitor\
#        -Isource/Category/Application/acu/Monitors/StandbyManager\
#        -Isource/Category/Application/acu/Monitors/SupervisorExtMonitor\
#        -Isource/Category/Application/acu/Monitors/ThermistorFaultMonitor\
#        -Isource/Category/Application/acu/Monitors/ThermistorFaultMonitor/ThermistorOpenMonitor\
#        -Isource/Category/Application/acu/Monitors/ThermistorFaultMonitor/ThermistorShortedMonitor\
#        -Isource/Category/Application/acu/Monitors/TriacCurrentMonitor\
#        -Isource/Category/Application/acu/Monitors/TriacShortedDrainFaultMonitor\
#        -Isource/Category/Application/acu/Monitors/TriacVoltageMonitor\
#        -Isource/Category/Application/acu/Monitors/VoltageRangeMonitor\
#        -Isource/Category/Application/acu/Monitors/VSDrainMotorFaultMonitor\
#        -Isource/Category/Application/acu/Monitors/VwiMonitor\
#        -Isource/Category/Application/acu/Monitors/VwiZoneCompensationMonitor\
#        -Isource/Category/Application/acu/Monitors/WashHeaterFaultMonitor\
#        -Isource/Category/Application/acu/Monitors/WashHeaterFaultMonitor/HeaterLeakageToNeutralMonitor\
#        -Isource/Category/Application/acu/Monitors/WashHeaterFaultMonitor/HeaterLineRelayOpenMonitor\
#        -Isource/Category/Application/acu/Monitors/WashHeaterFaultMonitor/HeaterNeutralRelayOpenMonitor\
#        -Isource/Category/Application/acu/Monitors/WashHeaterFaultMonitor/HeaterOpenAndLineRelayClosedMonitor\
#        -Isource/Category/Application/acu/Monitors/WashHeaterFaultMonitor/HeaterOpenMonitor\
#        -Isource/Category/Application/acu/Monitors/WashMotorFaultMonitor\
#        -Isource/Category/Application/acu/Monitors/ZeroCrossMonitor\
#        -Isource/Category/Application/acu/Processes/AlternateCtrl\
#        -Isource/Category/Application/acu/Processes/Fill\
#        -Isource/Category/Application/acu/Processes/Fill/ClassAFill\
#        -Isource/Category/Application/acu/Processes/Fill/Fill\
#        -Isource/Category/Application/acu/Processes/Fill/TankDrain\
#        -Isource/Category/Application/acu/Processes/Fill/TankFill\
#        -Isource/Category/Application/acu/Processes/Heat\
#        -Isource/Category/Application/acu/Processes/ModelProcesses/OWICalibrationModel\
#        -Isource/Category/Application/acu/Processes/ModelProcesses/OWICalibrationModel/CodeGeneration\
#        -Isource/Category/Application/acu/Processes/ModelProcesses/PartialDrainModel\
#        -Isource/Category/Application/acu/Processes/ModelProcesses/PartialDrainModel/CodeGeneration\
#        -Isource/Category/Application/acu/Processes/ModelProcesses/SensedDrainModel\
#        -Isource/Category/Application/acu/Processes/ModelProcesses/SensedDrainModel/CodeGeneration\
#        -Isource/Category/Application/acu/Processes/OWI\
#        -Isource/Category/Application/acu/Processes/OWI_VRO\
#        -Isource/Category/Application/acu/Processes/OWIOneShot\
#        -Isource/Category/Application/acu/Processes/PumpControl\
#        -Isource/Category/Application/acu/Processes/Regenerate\
#        -Isource/Category/Application/acu/Processes/RinseAidDispense\
#        -Isource/Category/Application/acu/Processes/RinseAidDispense/RinseAid\
#        -Isource/Category/Application/acu/Processes/RinseAidDispense/TridgeDetergent\
#        -Isource/Category/Application/acu/Tasks/DoorOpeningSystemPull\
#        -Isource/Category/Application/acu/Tasks/DoorOpeningSystemPush\
#        -Isource/Category/Application/acu/Tasks/HeaterShadowing\
#        -Isource/Category/Application/acu/Tasks/MoisturePrevention\
#        -Isource/Category/Application/acu/Tasks/OWIContinousReading\
#        -Isource/Category/Application/acu/Tasks/OwiVroContinuousReading\
#        -Isource/Category/Application/acu/Tasks/Sanitization\
#        -Isource/Category/Application/acu/Tasks/StabilityControl\
#        -Isource/Category/Application/acu/Tasks/TimeElapse\
#        -Isource/Category/Application/acu/VWI\
#        -Isource/Category/Application/all/ActivePower\
#        -Isource/Category/Application/all/API007App\
#        -Isource/Category/Application/all/Config\
#        -Isource/Category/Common/acu/CommonDish/DishAuxVar\
#        -Isource/Category/Common/acu/CommonDish/PumpCommand\
#        -Isource/Category/Common/acu/CommonDish/StatisticsDish\
#        -Isource/Category/Common/all/BoardDebugging\
#        -Isource/Category/Common/all/Config\
#        -Isource/Category/Common/all/MasterCommander\
#        -Isource/Category/Common/all/MasterCommander/Source\
#        -Isource/Category/Common/all/MasterCommander/Source/HAL\
#        -Isource/Category/Common/all/SharedUtils\
#        -Isource/Category/Hbl/acu/ACULoadHandler/AlternateLoad\
#        -Isource/Category/Hbl/acuexpacu/ACUGIHandler/WaterCounterGI\
#        -Isource/Category/Hbl/acuexpacu/ACULoadHandler/HeaterLoad\
#        -Isource/Category/Hbl/acuexpacu/ACULoadHandler/TriacMci\
#        -Isource/Category/Hbl/all/Config\ -Isource/Category/Hbl/all/Mci\
#        -Isource/Category/Hbl/all/Mci/MciZeroCross\
#        -Isource/Category/Hbl/all/Mci/Slfac\
#        -Isource/Category/Hbl/all/Mci/Slfac/Macroblocks\
#        -Isource/Category/Hbl/all/Mci/Slfac/Microblocks/GlitchFilter\
#        -Isource/Category/Hbl/all/Mci/Slfac/Microblocks/IIRFilter\
#        -Isource/Category/Hbl/all/Mci/Slfac/Microblocks/MathCalc\
#        -Isource/Category/Hbl/all/Mci/Slfac/Microblocks/PeakDetector\
#        -Isource/Category/Hbl/all/Mci/Slfac/Microblocks/Pi\
#        -Isource/Category/Hbl/all/MCUDrivers/TimeCapture\
#        -Isource/Category/Hbl/all/MCUDrivers/TimerInterruptExt\
#        -Isource/Micros/STM32G0x/Driver/Atod\
#        -Isource/Micros/STM32G0x/Driver/DataFlash\
#        -Isource/Micros/STM32G0x/Driver/Dma\
#        -Isource/Micros/STM32G0x/Driver/Dtoa\
#        -Isource/Micros/STM32G0x/Driver/ExtInterrupt\
#        -Isource/Micros/STM32G0x/Driver/Flash\
#        -Isource/Micros/STM32G0x/Driver/Gpio\
#        -Isource/Micros/STM32G0x/Driver/I2c\
#        -Isource/Micros/STM32G0x/Driver/IntMgr\
#        -Isource/Micros/STM32G0x/Driver/Micro\
#        -Isource/Micros/STM32G0x/Driver/MicroExt\
#        -Isource/Micros/STM32G0x/Driver/Rtc\
#        -Isource/Micros/STM32G0x/Driver/RTCDriver\
#        -Isource/Micros/STM32G0x/Driver/Spi\
#        -Isource/Micros/STM32G0x/Driver/Timeout\
#        -Isource/Micros/STM32G0x/Driver/Timer\
#        -Isource/Micros/STM32G0x/Driver/TimerInterrupt\
#        -Isource/Micros/STM32G0x/Driver/Uart\
#        -Isource/ProjectSpecific/Application/acu/Config\
#        -Isource/ProjectSpecific/Application/acu/LowPower\
#        -Isource/ProjectSpecific/Application/acuexpacu/Config\
#        -Isource/ProjectSpecific/Application/all/Config\
#        -Isource/ProjectSpecific/Application/all/MCUDebug\
#        -Isource/ProjectSpecific/Application/all/ProductInfo\
#        -Isource/ProjectSpecific/Common/acu/Config\
#        -Isource/ProjectSpecific/Common/all/Config\
#        -Isource/ProjectSpecific/Common/all/Debug\
#        -Isource/ProjectSpecific/Common/all/SRConfig\
#        -Isource/ProjectSpecific/Driver/STM32G0x\
#        -Isource/ProjectSpecific/Hbl/acuexpacu/Config\
#        -Isource/ProjectSpecific/Hbl/acuexpacu/SRConfig\
#        -Isource/ProjectSpecific/Hbl/all/Config\
#        -Isource/ProjectSpecific/Hbl/all/Config/Mci\
#        -Isource/ProjectSpecific/Hbl/all/Config/Mci/MasterCommander\
#        -Isource/ProjectSpecific/Hbl/all/Config/Mci/MCUDrivers\
#        -Isource/ProjectSpecific/Hbl/all/SRConfig\
#        -Isource/XCategory/Application/acu/API221MotionCtrl\
#        -Isource/XCategory/Application/acu/Calibration\
#        -Isource/XCategory/Application/acu/Condition\
#        -Isource/XCategory/Application/acu/Estimator\
#        -Isource/XCategory/Application/acu/Interpreter\
#        -Isource/XCategory/Application/acu/Processes/ActivateTask\
#        -Isource/XCategory/Application/acu/Processes/JumpIf\
#        -Isource/XCategory/Application/acu/Processes/LoadsControl\
#        -Isource/XCategory/Application/acu/Processes/Maintain\
#        -Isource/XCategory/Application/acu/Processes/SetVariable\
#        -Isource/XCategory/Application/acu/RegulationAccept\
#        -Isource/XCategory/Application/acu/Selector\
#        -Isource/XCategory/Application/acu/SubCycle\
#        -Isource/XCategory/Application/acu/Supervisor\
#        -Isource/XCategory/Application/acu/TestMgr\
#        -Isource/XCategory/Application/acuexpacu/ApplianceMgr\
#        -Isource/XCategory/Application/acuhmi/CommunicationMonitor\
#        -Isource/XCategory/Application/acuhmi/Modifier\
#        -Isource/XCategory/Application/acuhmi/Regulations\
#        -Isource/XCategory/Application/acuhmi/Status\
#        -Isource/XCategory/Application/all/API007Data\
#        -Isource/XCategory/Application/all/API011AppCtr\
#        -Isource/XCategory/Application/all/API012Exp\
#        -Isource/XCategory/Application/all/API013RemoteFunction\
#        -Isource/XCategory/Application/all/API018Diagnostic\
#        -Isource/XCategory/Application/all/API220MotorControl\
#        -Isource/XCategory/Application/all/API220MotorControl/Api\
#        -Isource/XCategory/Application/all/Mode\
#        -Isource/XCategory/Application/all/Reveal_Basic/API003Disc\
#        -Isource/XCategory/Application/all/Reveal_Basic/API004Debug\
#        -Isource/XCategory/Application/all/Reveal_Basic/API004Debug/SW05SoftwareTest\
#        -Isource/XCategory/Application/all/Reveal_Basic/API005LowLevel\
#        -Isource/XCategory/Application/all/Reveal_Basic/API009System\
#        -Isource/XCategory/Application/all/Reveal_Basic/API010PollVar\
#        -Isource/XCategory/Application/all/Reveal_Basic/API019ProductInfo\
#        -Isource/XCategory/Application/all/SFUpdater\
#        -Isource/XCategory/Application/all/SRAPI020Safety\
#        -Isource/XCategory/Application/all/StatusLed\
#        -Isource/XCategory/Common/acu/BrownOut\
#        -Isource/XCategory/Common/acu/Fault\
#        -Isource/XCategory/Common/acu/Statistics\
#        -Isource/XCategory/Common/all/Common/Callback\
#        -Isource/XCategory/Common/all/Common/Convert\
#        -Isource/XCategory/Common/all/Common/Crc16\
#        -Isource/XCategory/Common/all/Common/Crc32\
#        -Isource/XCategory/Common/all/Common/Crc8\
#        -Isource/XCategory/Common/all/Common/Equation\
#        -Isource/XCategory/Common/all/Common/Filter\
#        -Isource/XCategory/Common/all/Common/FITMgr\
#        -Isource/XCategory/Common/all/Common/I2cMgr\
#        -Isource/XCategory/Common/all/Common/IAPEmul\
#        -Isource/XCategory/Common/all/Common/Log\
#        -Isource/XCategory/Common/all/Common/Millis\
#        -Isource/XCategory/Common/all/Common/SeggerRTT\
#        -Isource/XCategory/Common/all/Common/SeggerRTT/SEGGER_RTT/Config\
#        -Isource/XCategory/Common/all/Common/SeggerRTT/SEGGER_RTT/RTT\
#        -Isource/XCategory/Common/all/Common/SettingFile\
#        -Isource/XCategory/Common/all/Common/SFVersionCheck\
#        -Isource/XCategory/Common/all/Common/SystemConfig\
#        -Isource/XCategory/Common/all/Common/SystemTimers\
#        -Isource/XCategory/Common/all/Common/Utilities\
#        -Isource/XCategory/Common/all/Common/Variable\
#        -Isource/XCategory/Common/all/SRCommon/SRClockMonitor\
#        -Isource/XCategory/Common/all/SRCommon/SRData\
#        -Isource/XCategory/Common/all/SRCommon/SRException\
#        -Isource/XCategory/Common/all/SRCommon/SRIsrMonitor\
#        -Isource/XCategory/Common/all/SRCommon/SRPowerMgr\
#        -Isource/XCategory/Common/all/SRCommon/SRSignature\
#        -Isource/XCategory/Common/all/SRCommon/SRSystemConfig\
#        -Isource/XCategory/Common/all/SRCommon/SRTaskMonitor\
#        -Isource/XCategory/Common/all/SRCommon/SRTaskSequence\
#        -Isource/XCategory/Common/all/SRCommon/SRTimerReference\
#        -Isource/XCategory/Common/all/SRCommon/SRUnusedPinsConfig\
#        -Isource/XCategory/Common/all/SRMain\
#        -Isource/XCategory/Common/all/SRMain/BackgroundThreads\
#        -Isource/XCategory/Common/all/SRMain/OsServices\
#        -Isource/XCategory/Common/all/SRMain/StackAnalysis\
#        -Isource/XCategory/Common/all/SRMain/TimingAnalysis\
#        -Isource/XCategory/Driver/APIs/Atod\
#        -Isource/XCategory/Driver/APIs/Comparator\
#        -Isource/XCategory/Driver/APIs/DataFlash\
#        -Isource/XCategory/Driver/APIs/Dma\
#        -Isource/XCategory/Driver/APIs/Dtc\
#        -Isource/XCategory/Driver/APIs/Dtoa\
#        -Isource/XCategory/Driver/APIs/EmbOS\
#        -Isource/XCategory/Driver/APIs/ExtInterrupt\
#        -Isource/XCategory/Driver/APIs/Flash\
#        -Isource/XCategory/Driver/APIs/Gpio\
#        -Isource/XCategory/Driver/APIs/I2c\
#        -Isource/XCategory/Driver/APIs/IntMgr\
#        -Isource/XCategory/Driver/APIs/Micro\
#        -Isource/XCategory/Driver/APIs/MicroExt\
#        -Isource/XCategory/Driver/APIs/Rtc\
#        -Isource/XCategory/Driver/APIs/RTCDriver\
#        -Isource/XCategory/Driver/APIs/Spi\
#        -Isource/XCategory/Driver/APIs/Timeout\
#        -Isource/XCategory/Driver/APIs/Timer\
#        -Isource/XCategory/Driver/APIs/TimerInterrupt\
#        -Isource/XCategory/Driver/APIs/Touch\
#        -Isource/XCategory/Driver/APIs/Uart\
#        -Isource/XCategory/Hbl/acu/FdmCounter\
#        -Isource/XCategory/Hbl/acu/FdmTimer\
#        -Isource/XCategory/Hbl/acuexpacu/ACUGIHandler/ConvertGI\
#        -Isource/XCategory/Hbl/acuexpacu/ACUGIHandler/DirectGI\
#        -Isource/XCategory/Hbl/acuexpacu/ACUGIHandler/DoorSwitchGI\
#        -Isource/XCategory/Hbl/acuexpacu/ACUGIHandler/ProbeGI\
#        -Isource/XCategory/Hbl/acuexpacu/ACUGIHandler/ProbeLpsGI\
#        -Isource/XCategory/Hbl/acuexpacu/ACULoadHandler/DCFanLoad\
#        -Isource/XCategory/Hbl/acuexpacu/ACUPilotHandler/AnalogOutputPilot\
#        -Isource/XCategory/Hbl/acuexpacu/ACUPilotHandler/ChargePumpPilot\
#        -Isource/XCategory/Hbl/acuexpacu/ACUPilotHandler/DigitalOutputMultiPilot\
#        -Isource/XCategory/Hbl/acuexpacu/ACUPilotHandler/DigitalOutputPilot\
#        -Isource/XCategory/Hbl/acuexpacu/ACUPilotHandler/DoorLockEMPilot\
#        -Isource/XCategory/Hbl/acuexpacu/ACUPilotHandler/DoorLockWaxPilot\
#        -Isource/XCategory/Hbl/acuexpacu/ACUPilotHandler/ExpansionPilot\
#        -Isource/XCategory/Hbl/acuexpacu/ACUPilotHandler/ExternalMotorPilot\
#        -Isource/XCategory/Hbl/acuexpacu/ACUPilotHandler/FSMPilot\
#        -Isource/XCategory/Hbl/acuexpacu/ACUPilotHandler/MagnetronPilot\
#        -Isource/XCategory/Hbl/acuexpacu/ACUPilotHandler/MotorPilot\
#        -Isource/XCategory/Hbl/acuexpacu/ACUPilotHandler/MultiDriverPilot\
#        -Isource/XCategory/Hbl/acuexpacu/ACUPilotHandler/MultiSequencePilot\
#        -Isource/XCategory/Hbl/acuexpacu/ACUPilotHandler/NonfunctionalPilot\
#        -Isource/XCategory/Hbl/acuexpacu/ACUPilotHandler/PwmHiResPilot\
#        -Isource/XCategory/Hbl/acuexpacu/ACUPilotHandler/PwmPilot\
#        -Isource/XCategory/Hbl/acuexpacu/ACUPilotHandler/SRChargePumpPilot\
#        -Isource/XCategory/Hbl/acuexpacu/ACUPilotHandler/SRDigitalOutputMultiPilot\
#        -Isource/XCategory/Hbl/acuexpacu/ACUPilotHandler/SRDigitalOutputPilot\
#        -Isource/XCategory/Hbl/acuexpacu/ACUPilotHandler/SRDoorLockEMPilot\
#        -Isource/XCategory/Hbl/acuexpacu/ACUPilotHandler/SRDoorLockWaxPilot\
#        -Isource/XCategory/Hbl/acuexpacu/ACUPilotHandler/SRUMRelayPilot\
#        -Isource/XCategory/Hbl/acuexpacu/ACUPilotHandler/SteadyPwmProfilePilot\
#        -Isource/XCategory/Hbl/acuexpacu/ACUPilotHandler/StepperPilot\
#        -Isource/XCategory/Hbl/acuexpacu/ACUPilotHandler/TriacSwitchPilot\
#        -Isource/XCategory/Hbl/acuexpacu/ACUPilotHandler/ZCRelayPilot\
#        -Isource/XCategory/Hbl/acuexpacu/ACUPilotHandler/ZCTriacPilot\
#        -Isource/XCategory/Hbl/acuexpacu/HblAcu\
#        -Isource/XCategory/Hbl/acuexpacu/HblAcu/CrossLoads\
#        -Isource/XCategory/Hbl/acuexpacu/HblAcu/SetLoadQueue\
#        -Isource/XCategory/Hbl/acuexpacu/HblAcu/SRProductMgr\
#        -Isource/XCategory/Hbl/acuexpacu/HblAcu/ZeroCross\
#        -Isource/XCategory/Hbl/all/Hbl\
#        -Isource/XCategory/Hbl/all/Hbl/DefaultPin\
#        -Isource/XCategory/Hbl/all/Hbl/HblCommon\
#        -Isource/XCategory/Hbl/all/Hbl/VirtualPin\
#        -Isource/XCategory/Hbl/all/LLIHandler/AbsoluteHumidityLLI\
#        -Isource/XCategory/Hbl/all/LLIHandler/AccelerometerLLI\
#        -Isource/XCategory/Hbl/all/LLIHandler/AccelerometerLLI/AccelBaseline\
#        -Isource/XCategory/Hbl/all/LLIHandler/AccelerometerLLI/AccelDiscover\
#        -Isource/XCategory/Hbl/all/LLIHandler/AccelerometerLLI/FXLS8974\
#        -Isource/XCategory/Hbl/all/LLIHandler/AccelerometerLLI/FXLS8974/SelfTestFXLS8974\
#        -Isource/XCategory/Hbl/all/LLIHandler/AccelerometerLLI/LISxDH\
#        -Isource/XCategory/Hbl/all/LLIHandler/AnalogLLI\
#        -Isource/XCategory/Hbl/all/LLIHandler/ConductivityLLI\
#        -Isource/XCategory/Hbl/all/LLIHandler/DigitalLLI\
#        -Isource/XCategory/Hbl/all/LLIHandler/EncoderLLI\
#        -Isource/XCategory/Hbl/all/LLIHandler/ExpansionLLI\
#        -Isource/XCategory/Hbl/all/LLIHandler/FeedbackLLI\
#        -Isource/XCategory/Hbl/all/LLIHandler/I2CInfraredLLI\
#        -Isource/XCategory/Hbl/all/LLIHandler/I2CPressureSensorLLI\
#        -Isource/XCategory/Hbl/all/LLIHandler/I2CRHTSensorLLI\
#        -Isource/XCategory/Hbl/all/LLIHandler/InputCaptureLLI\
#        -Isource/XCategory/Hbl/all/LLIHandler/MultiInputLLI\
#        -Isource/XCategory/Hbl/all/LLIHandler/NonfunctionalLLI\
#        -Isource/XCategory/Hbl/all/LLIHandler/PulseCounterLLI\
#        -Isource/XCategory/Hbl/all/LLIHandler/SRAnalogLLI\
#        -Isource/XCategory/Hbl/all/LLIHandler/SRDigitalLLI\
#        -Isource/XCategory/Hbl/all/LLIHandler/SRFeedbackLLI\
#        -Isource/XCategory/Hbl/all/LLIHandler/SRI2CPressureSensorLLI\
#        -Isource/XCategory/Hbl/all/LLIHandler/SRICTachometerLLI\
#        -Isource/XCategory/Hbl/all/LLIHandler/SRInputCaptureLLI\
#        -Isource/XCategory/Hbl/all/LLIHandler/SRTouchKeyLLI\
#        -Isource/XCategory/Hbl/all/LLIHandler/SRTriacFeedbackLLI\
#        -Isource/XCategory/Hbl/all/LLIHandler/TouchKeyLLI\
#        -Isource/XCategory/Hbl/all/LLIHandler/TouchSliderLLI\
#        -Isource/XCategory/Hbl/all/LLIHandler/TouchWheelLLI\
#        -Isource/XCategory/Hbl/all/LLIHandler/TriacFeedbackLLI\
#        -Isource/XCategory/Hbl/all/LLIHandler/VirtualDigitalLLI\
#        -Isource/XCategory/Service/all/NVData\
#        -Isource/XCategory/Service/all/Reveal\
#        -Isource/XCategory/Service/all/Win\) -l listings\HeaterOpenMonitor.lst
#        -o obj\HeaterOpenMonitor.obj
#        source/Category/Application/acu/Monitors/WashHeaterFaultMonitor/HeaterOpenMonitor/HeaterOpenMonitor.c
#    Locale       =  English_United States.1252
#    List file    =  listings\HeaterOpenMonitor.lst
#    Object file  =  obj\HeaterOpenMonitor.obj
#
###############################################################################

C:\Data\Nucleus_Dev\Vostok_ACU_A\source\Category\Application\acu\Monitors\WashHeaterFaultMonitor\HeaterOpenMonitor\HeaterOpenMonitor.c
      1          /**
      2           *  @file       
      3           *
      4           *  @brief      Basic description of file contents
      5           *
      6           *  @details    Detailed description of the file contents
      7           *
      8           *
      9             @startuml{HeaterOpenMonitor_State_Machine.jpg}
     10                  title Heater Open Monitor State Machine
     11          
     12                   [*] --> INITIALIZE
     13          
     14                  INITIALIZE : entry / InitializeModule()
     15                  INITIALIZE --> NO_FAILURE  : evStartMonitor
     16                  INITIALIZE --> [*]         : evSettingDataMissing
     17          
     18                  NO_FAILURE : entry / ResetFailuresDetection()
     19                  NO_FAILURE : do /\t CheckForFailures()
     20                  NO_FAILURE --> HEATER_OPEN_DETECTED  : evHeaterOpenDetected
     21          
     22                  HEATER_OPEN_DETECTED : entry /\t SetHeaterOpenDetection()
     23                  HEATER_OPEN_DETECTED : do /\t CheckHeaterOpenRemoval()
     24                  HEATER_OPEN_DETECTED --> NO_FAILURE  : evNoHeaterOpenFailurePresent
     25                  HEATER_OPEN_DETECTED --> HEATER_OPEN_FAULT  : evHeaterOpenDebounceCompleted
     26          
     27          		HEATER_OPEN_FAULT : exit /\t RestartStabilizationTime()
     28          		HEATER_OPEN_FAULT : do /\t MonitorHeaterOpenFaultState()
     29          		HEATER_OPEN_FAULT --> NO_FAILURE : evHeaterOpenFaultReset
     30          
     31              @enduml
     32          
     33           *  @copyright  Copyright 2017-$Date$. Whirlpool Corporation. All rights reserved - CONFIDENTIAL
     34           */
     35          //---------------------------------------------------------------------------------------------------------------------
     36          //---------------------------------------------------------------------------------------------------------------------
     37          
     38          
     39          //-------------------------------------- Include Files ----------------------------------------------------------------
     40          // -- This Module --
     41          #include "SystemConfig.h"
     42          #include "HeaterOpenMonitor.h"
     43          
     44          // -- Other Modules --
     45          #include "Fault.h"
     46          #include "HblDefs.h"
     47          #include "HeaterLineRelayOpenMonitor.h"
     48          #include "HeaterNeutralRelayOpenMonitor.h"
     49          #include "Supervisor.h"
     50          
     51          #if (HEATER_OPEN_UNIQUELY_DETECTED == ENABLED)
     52          
     53          //=====================================================================================================================
     54          //=== StateEngineCrank (v2.8) Auto-Generated Definitions for Heater Open Monitor State Machine
     55          //=====================================================================================================================
     56          // !! StateEngineCrank cannot update this code if you change the header !!
     57          
     58          
     59          //! Unique names used to identify states of the Heater Open Monitor state machine.
     60          typedef enum HEATER_OPEN_MONITOR_STATE_ENUM
     61          {
     62              STATE_HEATER_OPEN_MONITOR_NONE                 = 0,
     63          
     64              STATE_HEATER_OPEN_MONITOR_INITIALIZE           = 1, //!< (initial_state)
     65              STATE_HEATER_OPEN_MONITOR_NO_FAILURE           = 2,
     66              STATE_HEATER_OPEN_MONITOR_HEATER_OPEN_DETECTED = 3,
     67              STATE_HEATER_OPEN_MONITOR_HEATER_OPEN_FAULT    = 4,
     68          
     69              STATE_HEATER_OPEN_MONITOR_END                  = 5
     70          } HEATER_OPEN_MONITOR_STATE_TYPE;
     71          
     72          //! The state variable for the Heater Open Monitor state machine.
     73          //! State machines with a history pseudostate may write to this variable during initialization.
     74          //! Other state machines must only write to this variable through auto-generated functions.

   \                                 In section .bss, align 1
     75          static HEATER_OPEN_MONITOR_STATE_TYPE Heater_Open_Monitor_State;
   \                     Heater_Open_Monitor_State:
   \   00000000                      DS8 1
     76          
     77          // -- Private Function Prototypes used by the state machine for customization functions --
     78          static void CheckForFailures(void);
     79          static void CheckHeaterOpenRemoval(void);
     80          static void InitializeModule(void);
     81          static void MonitorHeaterOpenFaultState(void);
     82          static void ResetFailuresDetection(void);
     83          static void RestartStabilizationTime(void);
     84          static void SetHeaterOpenDetection(void);
     85          
     86          // -- Private Function Prototypes used by the state machine for standard state machine functions --
     87          static void EventHeaterOpenDebounceCompleted(void);
     88          static void EventHeaterOpenDetected(void);
     89          static void EventHeaterOpenFaultReset(void);
     90          static void EventNoHeaterOpenFailurePresent(void);
     91          static void EventSettingDataMissing(void);
     92          static void EventStartMonitor(void);
     93          static void HeaterOpenMonitorExecute(void);
     94          static void HeaterOpenMonitorInitialize(void);
     95          
     96          // !! StateEngineCrank cannot update this code if you change the footer !!
     97          // End of StateEngineCrank Auto-Generated Code.
     98          
     99          
    100          //-------------------------------------- PUBLIC (Variables) -----------------------------------------------------------
    101          
    102          
    103          //-------------------------------------- PRIVATE (Variables, Constants & Defines) -------------------------------------
    104          #if (HEATER_OPEN_PLUS_N_RELAY_OPEN_DETECTION != ENABLED)
    105          	#define HeaterNeutralRelayOpenMonitor__GetHeaterOpenDetected()	FALSE
    106          #endif // (HEATER_OPEN_PLUS_N_RELAY_OPEN_DETECTION == ENABLED)
    107          
    108          //! Fault condition.
    109          #define HEATER_OPEN_FAULT_CONDITION		(HEATER_OPEN_FAULT_CONDITION_HEATER_OFF && (HeaterNeutralRelayOpenMonitor__GetHeaterOpenDetected() == FALSE))
    110          
    111          
    112          //-------------------------------------- PRIVATE (Function Prototypes) ------------------------------------------------
    113          
    114          //=====================================================================================================================
    115          //-------------------------------------- Public Functions -------------------------------------------------------------
    116          //=====================================================================================================================
    117          
    118          //----------------------------------------------------------------------------
    119          /**
    120           *  @brief
    121           *  @details
    122           *
    123           */

   \                                 In section .text, align 2, keep-with-next
    124          void HeaterOpenMonitor__Initialize(void)
    125          {
   \                     HeaterOpenMonitor__Initialize: (+1)
   \   00000000   0xB580             PUSH     {R7,LR}
    126          	HeaterOpenMonitorInitialize();
   \   00000002   0x.... 0x....      BL       HeaterOpenMonitorInitialize
    127          }
   \   00000006   0xBD01             POP      {R0,PC}          ;; return
    128          
    129          
    130          //----------------------------------------------------------------------------
    131          /**
    132           *  @brief
    133           *  @details
    134           *
    135           */

   \                                 In section .text, align 2, keep-with-next
    136          void HeaterOpenMonitor__Execution(void)
    137          {
   \                     HeaterOpenMonitor__Execution: (+1)
   \   00000000   0xB580             PUSH     {R7,LR}
    138          	HeaterOpenMonitorExecute();
   \   00000002   0x.... 0x....      BL       HeaterOpenMonitorExecute
    139          }
   \   00000006   0xBD01             POP      {R0,PC}          ;; return
    140          
    141          
    142          //----------------------------------------------------------------------------
    143          /**
    144           *  @brief
    145           *  @details
    146           *
    147           */

   \                                 In section .text, align 2, keep-with-next
    148          void HeaterOpenMonitor__ExitFault(void)
    149          {
   \                     HeaterOpenMonitor__ExitFault: (+1)
   \   00000000   0xB580             PUSH     {R7,LR}
    150          	EventHeaterOpenFaultReset();
   \   00000002   0x.... 0x....      BL       EventHeaterOpenFaultReset
    151          }
   \   00000006   0xBD01             POP      {R0,PC}          ;; return
    152          
    153          
    154          //=====================================================================================================================
    155          //-------------------------------------- Private Functions ------------------------------------------------------------
    156          //=====================================================================================================================
    157          
    158          
    159          //=====================================================================================================================
    160          //  --- Private State Machine Customization Functions -----------------------------------------------------------------
    161          //=====================================================================================================================
    162          
    163          
    164          //---------------------------------------------------------------------------------------------------------------------
    165          /**
    166           *
    167           */

   \                                 In section .text, align 2, keep-with-next
    168          static void CheckForFailures(void)
    169          {
   \                     CheckForFailures: (+1)
   \   00000000   0xB580             PUSH     {R7,LR}
    170          	if ((uint8)WashHeaterFaultMonitor__GetMonitorPrecondition() == (uint8)TRUE)
   \   00000002   0x.... 0x....      BL       WashHeaterFaultMonitor__GetMonitorPrecondition
   \   00000006   0x2801             CMP      R0,#+1
   \   00000008   0xD10D             BNE      ??CheckForFailures_0
    171          	{
    172          		if (WashHeaterFaultMonitor__GetStabilizationCounter() == (uint8)0)
   \   0000000A   0x.... 0x....      BL       WashHeaterFaultMonitor__GetStabilizationCounter
   \   0000000E   0x2800             CMP      R0,#+0
   \   00000010   0xD109             BNE      ??CheckForFailures_0
    173          		{
    174          			if (HEATER_OPEN_FAULT_CONDITION)
   \   00000012   0x.... 0x....      BL       WashHeaterFaultMonitor__GetHeaterConsistency
   \   00000016   0x2805             CMP      R0,#+5
   \   00000018   0xD105             BNE      ??CheckForFailures_0
   \   0000001A   0x.... 0x....      BL       HeaterNeutralRelayOpenMonitor__GetHeaterOpenDetected
   \   0000001E   0x2800             CMP      R0,#+0
   \   00000020   0xD101             BNE      ??CheckForFailures_0
    175          			{
    176          				EventHeaterOpenDetected();
   \   00000022   0x.... 0x....      BL       EventHeaterOpenDetected
    177          			}
    178          		}
    179          		else
    180          		{
    181          			// Wait for signals stabilization
    182          		}
    183          	}
    184          	else
    185          	{
    186          		// No failures detection if pre-conditions are not satisfied
    187          	}
    188          }
   \                     ??CheckForFailures_0: (+1)
   \   00000026   0xBD01             POP      {R0,PC}          ;; return
    189          
    190          
    191          //---------------------------------------------------------------------------------------------------------------------
    192          /**
    193           *
    194           */

   \                                 In section .text, align 2, keep-with-next
    195          static void CheckHeaterOpenRemoval(void)
    196          {
   \                     CheckHeaterOpenRemoval: (+1)
   \   00000000   0xB580             PUSH     {R7,LR}
    197          	if ((uint8)Fault__IsInFaultState(FAULT_ID_HEATER_OPEN) == (uint8)TRUE)
   \   00000002   0x2042             MOVS     R0,#+66
   \   00000004   0x.... 0x....      BL       Fault__IsInFaultState
   \   00000008   0x2801             CMP      R0,#+1
   \   0000000A   0xD109             BNE      ??CheckHeaterOpenRemoval_0
    198          	{
    199          		if (Supervisor__IsTestCycleActive() == FALSE)
   \   0000000C   0x.... 0x....      BL       Supervisor__IsTestCycleActive
   \   00000010   0x2800             CMP      R0,#+0
   \   00000012   0xD102             BNE      ??CheckHeaterOpenRemoval_1
    200          		{
    201          			WashHeaterFaultMonitor__SetHeaterDisabledBitmapBit(HEATER_DISABLED_BY_HEATER_OPEN);
   \   00000014   0x2003             MOVS     R0,#+3
   \   00000016   0x.... 0x....      BL       WashHeaterFaultMonitor__SetHeaterDisabledBitmapBit
    202          		}
    203          		EventHeaterOpenDebounceCompleted();
   \                     ??CheckHeaterOpenRemoval_1: (+1)
   \   0000001A   0x.... 0x....      BL       EventHeaterOpenDebounceCompleted
   \   0000001E   0xBD01             POP      {R0,PC}
    204          	}
    205          	else
    206          	{
    207          		if ((WashHeaterFaultMonitor__GetMonitorPrecondition() == FALSE) ||
    208          			(Fault__IsObserverActive(FAULT_ID_HEATER_OPEN) == FALSE) ||
    209          			(HEATER_OPEN_FAULT_CONDITION == FALSE)
    210          			)
   \                     ??CheckHeaterOpenRemoval_0: (+1)
   \   00000020   0x.... 0x....      BL       WashHeaterFaultMonitor__GetMonitorPrecondition
   \   00000024   0x2800             CMP      R0,#+0
   \   00000026   0xD011             BEQ      ??CheckHeaterOpenRemoval_2
   \   00000028   0x2042             MOVS     R0,#+66
   \   0000002A   0x.... 0x....      BL       Fault__IsObserverActive
   \   0000002E   0x2800             CMP      R0,#+0
   \   00000030   0xD00C             BEQ      ??CheckHeaterOpenRemoval_2
   \   00000032   0x.... 0x....      BL       WashHeaterFaultMonitor__GetHeaterConsistency
   \   00000036   0x2805             CMP      R0,#+5
   \   00000038   0xD105             BNE      ??CheckHeaterOpenRemoval_3
   \   0000003A   0x.... 0x....      BL       HeaterNeutralRelayOpenMonitor__GetHeaterOpenDetected
   \   0000003E   0x1E40             SUBS     R0,R0,#+1
   \   00000040   0x4180             SBCS     R0,R0,R0
   \   00000042   0x0FC0             LSRS     R0,R0,#+31
   \   00000044   0xE000             B        ??CheckHeaterOpenRemoval_4
   \                     ??CheckHeaterOpenRemoval_3: (+1)
   \   00000046   0x2000             MOVS     R0,#+0
   \                     ??CheckHeaterOpenRemoval_4: (+1)
   \   00000048   0x2800             CMP      R0,#+0
   \   0000004A   0xD101             BNE      ??CheckHeaterOpenRemoval_5
    211          		{
    212          			EventNoHeaterOpenFailurePresent();
   \                     ??CheckHeaterOpenRemoval_2: (+1)
   \   0000004C   0x.... 0x....      BL       EventNoHeaterOpenFailurePresent
    213          		}
    214          	}
    215          }
   \                     ??CheckHeaterOpenRemoval_5: (+1)
   \   00000050   0xBD01             POP      {R0,PC}          ;; return
    216          
    217          
    218          //---------------------------------------------------------------------------------------------------------------------
    219          /**
    220           *
    221           */

   \                                 In section .text, align 2, keep-with-next
    222          static void SetHeaterOpenDetection(void)
    223          {
   \                     SetHeaterOpenDetection: (+1)
   \   00000000   0xB580             PUSH     {R7,LR}
    224          	Fault__ConditionDetected(FAULT_ID_HEATER_OPEN);
   \   00000002   0x2042             MOVS     R0,#+66
   \   00000004   0x.... 0x....      BL       Fault__ConditionDetected
    225          }
   \   00000008   0xBD01             POP      {R0,PC}          ;; return
    226          
    227          
    228          //---------------------------------------------------------------------------------------------------------------------
    229          /**
    230           *
    231           */

   \                                 In section .text, align 2, keep-with-next
    232          static void ResetFailuresDetection(void)
    233          {
   \                     ResetFailuresDetection: (+1)
   \   00000000   0xB580             PUSH     {R7,LR}
    234          	Fault__ConditionRemoved(FAULT_ID_HEATER_OPEN);
   \   00000002   0x2042             MOVS     R0,#+66
   \   00000004   0x.... 0x....      BL       Fault__ConditionRemoved
    235          }
   \   00000008   0xBD01             POP      {R0,PC}          ;; return
    236          
    237          
    238          //---------------------------------------------------------------------------------------------------------------------
    239          /**
    240           *
    241           */

   \                                 In section .text, align 2, keep-with-next
    242          static void MonitorHeaterOpenFaultState(void)
    243          {
   \                     MonitorHeaterOpenFaultState: (+1)
   \   00000000   0xB580             PUSH     {R7,LR}
    244          	if (Fault__IsInFaultState(FAULT_ID_HEATER_OPEN) == FALSE)
   \   00000002   0x2042             MOVS     R0,#+66
   \   00000004   0x.... 0x....      BL       Fault__IsInFaultState
   \   00000008   0x2800             CMP      R0,#+0
   \   0000000A   0xD101             BNE      ??MonitorHeaterOpenFaultState_0
    245          	{
    246          		EventHeaterOpenFaultReset();
   \   0000000C   0x.... 0x....      BL       EventHeaterOpenFaultReset
    247          	}
    248          }
   \                     ??MonitorHeaterOpenFaultState_0: (+1)
   \   00000010   0xBD01             POP      {R0,PC}          ;; return
    249          
    250          
    251          //---------------------------------------------------------------------------------------------------------------------
    252          /**
    253           *
    254           */

   \                                 In section .text, align 2, keep-with-next
    255          static void RestartStabilizationTime(void)
    256          {
   \                     RestartStabilizationTime: (+1)
   \   00000000   0xB580             PUSH     {R7,LR}
    257          	WashHeaterFaultMonitor__RestartStabilizationCounter();
   \   00000002   0x.... 0x....      BL       WashHeaterFaultMonitor__RestartStabilizationCounter
    258          }
   \   00000006   0xBD01             POP      {R0,PC}          ;; return
    259          
    260          
    261          //---------------------------------------------------------------------------------------------------------------------
    262          /**
    263           *
    264           */

   \                                 In section .text, align 2, keep-with-next
    265          static void InitializeModule(void)
    266          {
   \                     InitializeModule: (+1)
   \   00000000   0xB580             PUSH     {R7,LR}
    267          	if (Fault__GetParameters(FAULT_ID_HEATER_OPEN) != NULL)
   \   00000002   0x2042             MOVS     R0,#+66
   \   00000004   0x.... 0x....      BL       Fault__GetParameters
   \   00000008   0x2800             CMP      R0,#+0
   \   0000000A   0xD002             BEQ      ??InitializeModule_0
    268          	{
    269          		EventStartMonitor();
   \   0000000C   0x.... 0x....      BL       EventStartMonitor
   \   00000010   0xBD01             POP      {R0,PC}
    270          	}
    271          	else
    272          	{
    273          		EventSettingDataMissing();
   \                     ??InitializeModule_0: (+1)
   \   00000012   0x.... 0x....      BL       EventSettingDataMissing
    274          	}
    275          }
   \   00000016   0xBD01             POP      {R0,PC}          ;; return
    276          
    277          
    278          //=====================================================================================================================
    279          //=== StateEngineCrank (v2.8) Auto-Generated Functions for Heater Open Monitor State Machine
    280          //=====================================================================================================================
    281          // !! StateEngineCrank cannot update this code if you change the header !!
    282          
    283          
    284          //---------------------------------------------------------------------------------------------------------------------
    285          /**
    286           * Process the Heater Open Debounce Completed Event for the Heater Open Monitor state machine.
    287           *
    288           *              >>> DO NOT MODIFY THIS FUNCTION <<<
    289           *
    290           * This function was auto-generated and must not be edited manually.
    291           * Change the UML used to generate this function and regenerate the source code.
    292           */

   \                                 In section .text, align 2, keep-with-next
    293          static void EventHeaterOpenDebounceCompleted(void)
    294          {
    295              switch (Heater_Open_Monitor_State)
   \                     EventHeaterOpenDebounceCompleted: (+1)
   \   00000000   0x....             LDR      R0,??DataTable7
   \   00000002   0x7801             LDRB     R1,[R0, #+0]
   \   00000004   0x2903             CMP      R1,#+3
   \   00000006   0xD101             BNE      ??EventHeaterOpenDebounceCompleted_0
    296              {
    297                  case STATE_HEATER_OPEN_MONITOR_HEATER_OPEN_DETECTED:
    298                      Heater_Open_Monitor_State = STATE_HEATER_OPEN_MONITOR_HEATER_OPEN_FAULT;
   \   00000008   0x2104             MOVS     R1,#+4
   \   0000000A   0x7001             STRB     R1,[R0, #+0]
    299                      break;
    300          
    301                  default:
    302                      // Event is ignored for all other values of Heater_Open_Monitor_State.
    303                      break;
    304              }
    305          }
   \                     ??EventHeaterOpenDebounceCompleted_0: (+1)
   \   0000000C   0x4770             BX       LR               ;; return
    306          
    307          
    308          //---------------------------------------------------------------------------------------------------------------------
    309          /**
    310           * Process the Heater Open Detected Event for the Heater Open Monitor state machine.
    311           *
    312           *              >>> DO NOT MODIFY THIS FUNCTION <<<
    313           *
    314           * This function was auto-generated and must not be edited manually.
    315           * Change the UML used to generate this function and regenerate the source code.
    316           */

   \                                 In section .text, align 2, keep-with-next
    317          static void EventHeaterOpenDetected(void)
    318          {
    319              switch (Heater_Open_Monitor_State)
   \                     EventHeaterOpenDetected: (+1)
   \   00000000   0x....             LDR      R0,??DataTable7
   \   00000002   0x7801             LDRB     R1,[R0, #+0]
   \   00000004   0x2902             CMP      R1,#+2
   \   00000006   0xD000             BEQ      ??EventHeaterOpenDetected_0
   \   00000008   0x4770             BX       LR
    320              {
    321                  case STATE_HEATER_OPEN_MONITOR_NO_FAILURE:
    322                      Heater_Open_Monitor_State = STATE_HEATER_OPEN_MONITOR_HEATER_OPEN_DETECTED;
   \                     ??EventHeaterOpenDetected_0: (+1)
   \   0000000A   0xB580             PUSH     {R7,LR}
   \   0000000C   0x2103             MOVS     R1,#+3
   \   0000000E   0x7001             STRB     R1,[R0, #+0]
    323                      SetHeaterOpenDetection();               // Entry Function.
   \   00000010   0x.... 0x....      BL       SetHeaterOpenDetection
    324                      break;
    325          
    326                  default:
    327                      // Event is ignored for all other values of Heater_Open_Monitor_State.
    328                      break;
    329              }
    330          }
   \   00000014   0xBD01             POP      {R0,PC}          ;; return
    331          
    332          
    333          //---------------------------------------------------------------------------------------------------------------------
    334          /**
    335           * Process the Heater Open Fault Reset Event for the Heater Open Monitor state machine.
    336           *
    337           *              >>> DO NOT MODIFY THIS FUNCTION <<<
    338           *
    339           * This function was auto-generated and must not be edited manually.
    340           * Change the UML used to generate this function and regenerate the source code.
    341           */

   \                                 In section .text, align 2, keep-with-next
    342          static void EventHeaterOpenFaultReset(void)
    343          {
   \                     EventHeaterOpenFaultReset: (+1)
   \   00000000   0xB510             PUSH     {R4,LR}
    344              switch (Heater_Open_Monitor_State)
   \   00000002   0x....             LDR      R4,??DataTable7
   \   00000004   0x7820             LDRB     R0,[R4, #+0]
   \   00000006   0x2804             CMP      R0,#+4
   \   00000008   0xD105             BNE      ??EventHeaterOpenFaultReset_0
    345              {
    346                  case STATE_HEATER_OPEN_MONITOR_HEATER_OPEN_FAULT:
    347                      RestartStabilizationTime();             // Exit function.
   \   0000000A   0x.... 0x....      BL       RestartStabilizationTime
    348                      Heater_Open_Monitor_State = STATE_HEATER_OPEN_MONITOR_NO_FAILURE;
   \   0000000E   0x2002             MOVS     R0,#+2
   \   00000010   0x7020             STRB     R0,[R4, #+0]
    349                      ResetFailuresDetection();               // Entry Function.
   \   00000012   0x.... 0x....      BL       ResetFailuresDetection
    350                      break;
    351          
    352                  default:
    353                      // Event is ignored for all other values of Heater_Open_Monitor_State.
    354                      break;
    355              }
    356          }
   \                     ??EventHeaterOpenFaultReset_0: (+1)
   \   00000016   0xBD10             POP      {R4,PC}          ;; return
    357          
    358          
    359          //---------------------------------------------------------------------------------------------------------------------
    360          /**
    361           * Process the No Heater Open Failure Present Event for the Heater Open Monitor state machine.
    362           *
    363           *              >>> DO NOT MODIFY THIS FUNCTION <<<
    364           *
    365           * This function was auto-generated and must not be edited manually.
    366           * Change the UML used to generate this function and regenerate the source code.
    367           */

   \                                 In section .text, align 2, keep-with-next
    368          static void EventNoHeaterOpenFailurePresent(void)
    369          {
    370              switch (Heater_Open_Monitor_State)
   \                     EventNoHeaterOpenFailurePresent: (+1)
   \   00000000   0x....             LDR      R0,??DataTable7
   \   00000002   0x7801             LDRB     R1,[R0, #+0]
   \   00000004   0x2903             CMP      R1,#+3
   \   00000006   0xD000             BEQ      ??EventNoHeaterOpenFailurePresent_0
   \   00000008   0x4770             BX       LR
    371              {
    372                  case STATE_HEATER_OPEN_MONITOR_HEATER_OPEN_DETECTED:
    373                      Heater_Open_Monitor_State = STATE_HEATER_OPEN_MONITOR_NO_FAILURE;
   \                     ??EventNoHeaterOpenFailurePresent_0: (+1)
   \   0000000A   0xB580             PUSH     {R7,LR}
   \   0000000C   0x2102             MOVS     R1,#+2
   \   0000000E   0x7001             STRB     R1,[R0, #+0]
    374                      ResetFailuresDetection();               // Entry Function.
   \   00000010   0x.... 0x....      BL       ResetFailuresDetection
    375                      break;
    376          
    377                  default:
    378                      // Event is ignored for all other values of Heater_Open_Monitor_State.
    379                      break;
    380              }
    381          }
   \   00000014   0xBD01             POP      {R0,PC}          ;; return
    382          
    383          
    384          //---------------------------------------------------------------------------------------------------------------------
    385          /**
    386           * Process the Setting Data Missing Event for the Heater Open Monitor state machine.
    387           *
    388           *              >>> DO NOT MODIFY THIS FUNCTION <<<
    389           *
    390           * This function was auto-generated and must not be edited manually.
    391           * Change the UML used to generate this function and regenerate the source code.
    392           */

   \                                 In section .text, align 2, keep-with-next
    393          static void EventSettingDataMissing(void)
    394          {
    395              switch (Heater_Open_Monitor_State)
   \                     EventSettingDataMissing: (+1)
   \   00000000   0x....             LDR      R0,??DataTable7
   \   00000002   0x7801             LDRB     R1,[R0, #+0]
   \   00000004   0x2901             CMP      R1,#+1
   \   00000006   0xD101             BNE      ??EventSettingDataMissing_0
    396              {
    397                  case STATE_HEATER_OPEN_MONITOR_INITIALIZE:
    398                      Heater_Open_Monitor_State = STATE_HEATER_OPEN_MONITOR_NONE; // Terminate Heater Open Monitor state machine execution.
   \   00000008   0x2100             MOVS     R1,#+0
   \   0000000A   0x7001             STRB     R1,[R0, #+0]
    399                      break;
    400          
    401                  default:
    402                      // Event is ignored for all other values of Heater_Open_Monitor_State.
    403                      break;
    404              }
    405          }
   \                     ??EventSettingDataMissing_0: (+1)
   \   0000000C   0x4770             BX       LR               ;; return
    406          
    407          
    408          //---------------------------------------------------------------------------------------------------------------------
    409          /**
    410           * Process the Start Monitor Event for the Heater Open Monitor state machine.
    411           *
    412           *              >>> DO NOT MODIFY THIS FUNCTION <<<
    413           *
    414           * This function was auto-generated and must not be edited manually.
    415           * Change the UML used to generate this function and regenerate the source code.
    416           */

   \                                 In section .text, align 2, keep-with-next
    417          static void EventStartMonitor(void)
    418          {
    419              switch (Heater_Open_Monitor_State)
   \                     EventStartMonitor: (+1)
   \   00000000   0x....             LDR      R0,??DataTable7
   \   00000002   0x7801             LDRB     R1,[R0, #+0]
   \   00000004   0x2901             CMP      R1,#+1
   \   00000006   0xD000             BEQ      ??EventStartMonitor_0
   \   00000008   0x4770             BX       LR
    420              {
    421                  case STATE_HEATER_OPEN_MONITOR_INITIALIZE:
    422                      Heater_Open_Monitor_State = STATE_HEATER_OPEN_MONITOR_NO_FAILURE;
   \                     ??EventStartMonitor_0: (+1)
   \   0000000A   0xB580             PUSH     {R7,LR}
   \   0000000C   0x2102             MOVS     R1,#+2
   \   0000000E   0x7001             STRB     R1,[R0, #+0]
    423                      ResetFailuresDetection();               // Entry Function.
   \   00000010   0x.... 0x....      BL       ResetFailuresDetection
    424                      break;
    425          
    426                  default:
    427                      // Event is ignored for all other values of Heater_Open_Monitor_State.
    428                      break;
    429              }
    430          }
   \   00000014   0xBD01             POP      {R0,PC}          ;; return
    431          
    432          
    433          //---------------------------------------------------------------------------------------------------------------------
    434          /**
    435           * The main execution function for the Heater Open Monitor state machine.
    436           * This function should be called periodically while the state machine is running.
    437           *
    438           *              >>> DO NOT MODIFY THIS FUNCTION <<<
    439           *
    440           * This function was auto-generated and must not be edited manually.
    441           * Change the UML used to generate this function and regenerate the source code.
    442           */

   \                                 In section .text, align 2, keep-with-next
    443          static void HeaterOpenMonitorExecute(void)
    444          {
   \                     HeaterOpenMonitorExecute: (+1)
   \   00000000   0xB580             PUSH     {R7,LR}
    445              switch(Heater_Open_Monitor_State)
   \   00000002   0x....             LDR      R0,??DataTable7
   \   00000004   0x7800             LDRB     R0,[R0, #+0]
   \   00000006   0x2802             CMP      R0,#+2
   \   00000008   0xD004             BEQ      ??HeaterOpenMonitorExecute_0
   \   0000000A   0xD30B             BCC      ??HeaterOpenMonitorExecute_1
   \   0000000C   0x2804             CMP      R0,#+4
   \   0000000E   0xD007             BEQ      ??HeaterOpenMonitorExecute_2
   \   00000010   0xD303             BCC      ??HeaterOpenMonitorExecute_3
   \   00000012   0xBD01             POP      {R0,PC}
    446              {
    447                  case STATE_HEATER_OPEN_MONITOR_NO_FAILURE:
    448                      CheckForFailures();                     // Do function.
   \                     ??HeaterOpenMonitorExecute_0: (+1)
   \   00000014   0x.... 0x....      BL       CheckForFailures
    449                      break;
   \   00000018   0xBD01             POP      {R0,PC}
    450          
    451                  case STATE_HEATER_OPEN_MONITOR_HEATER_OPEN_DETECTED:
    452                      CheckHeaterOpenRemoval();               // Do function.
   \                     ??HeaterOpenMonitorExecute_3: (+1)
   \   0000001A   0x.... 0x....      BL       CheckHeaterOpenRemoval
    453                      break;
   \   0000001E   0xBD01             POP      {R0,PC}
    454          
    455                  case STATE_HEATER_OPEN_MONITOR_HEATER_OPEN_FAULT:
    456                      MonitorHeaterOpenFaultState();          // Do function.
   \                     ??HeaterOpenMonitorExecute_2: (+1)
   \   00000020   0x.... 0x....      BL       MonitorHeaterOpenFaultState
    457                      break;
    458          
    459                  default:
    460                      // There is nothing to do for all other values of Heater_Open_Monitor_State.
    461                      break;
    462              }
    463          }
   \                     ??HeaterOpenMonitorExecute_1: (+1)
   \   00000024   0xBD01             POP      {R0,PC}          ;; return
    464          
    465          
    466          //---------------------------------------------------------------------------------------------------------------------
    467          /**
    468           * The initialization function for the Heater Open Monitor state machine.
    469           * This function resets the state machine to the initial state and executes the initial state's
    470           * entry function.
    471           *
    472           *              >>> DO NOT MODIFY THIS FUNCTION <<<
    473           *
    474           * This function was auto-generated and must not be edited manually.
    475           * Change the UML used to generate this function and regenerate the source code.
    476           */

   \                                 In section .text, align 2, keep-with-next
    477          static void HeaterOpenMonitorInitialize(void)
    478          {
   \                     HeaterOpenMonitorInitialize: (+1)
   \   00000000   0xB580             PUSH     {R7,LR}
    479              Heater_Open_Monitor_State = STATE_HEATER_OPEN_MONITOR_INITIALIZE;
   \   00000002   0x2001             MOVS     R0,#+1
   \   00000004   0x....             LDR      R1,??DataTable7
   \   00000006   0x7008             STRB     R0,[R1, #+0]
    480              InitializeModule();                             // Entry Function.
   \   00000008   0x.... 0x....      BL       InitializeModule
    481          }
   \   0000000C   0xBD01             POP      {R0,PC}          ;; return

   \                                 In section .text, align 4, keep-with-next
   \                     ??DataTable7:
   \   00000000   0x........         DC32     Heater_Open_Monitor_State
    482          
    483          
    484          // !! StateEngineCrank cannot update this code if you change the footer !!
    485          // End of StateEngineCrank Auto-Generated Code.
    486          
    487          #endif // (HEATER_OPEN_UNIQUELY_DETECTED == ENABLED)

   Maximum stack usage in bytes:

   .cstack Function
   ------- --------
       8   CheckForFailures
         8   -> EventHeaterOpenDetected
         8   -> HeaterNeutralRelayOpenMonitor__GetHeaterOpenDetected
         8   -> WashHeaterFaultMonitor__GetHeaterConsistency
         8   -> WashHeaterFaultMonitor__GetMonitorPrecondition
         8   -> WashHeaterFaultMonitor__GetStabilizationCounter
       8   CheckHeaterOpenRemoval
         8   -> EventHeaterOpenDebounceCompleted
         8   -> EventNoHeaterOpenFailurePresent
         8   -> Fault__IsInFaultState
         8   -> Fault__IsObserverActive
         8   -> HeaterNeutralRelayOpenMonitor__GetHeaterOpenDetected
         8   -> Supervisor__IsTestCycleActive
         8   -> WashHeaterFaultMonitor__GetHeaterConsistency
         8   -> WashHeaterFaultMonitor__GetMonitorPrecondition
         8   -> WashHeaterFaultMonitor__SetHeaterDisabledBitmapBit
       0   EventHeaterOpenDebounceCompleted
       8   EventHeaterOpenDetected
         8   -> SetHeaterOpenDetection
       8   EventHeaterOpenFaultReset
         8   -> ResetFailuresDetection
         8   -> RestartStabilizationTime
       8   EventNoHeaterOpenFailurePresent
         8   -> ResetFailuresDetection
       0   EventSettingDataMissing
       8   EventStartMonitor
         8   -> ResetFailuresDetection
       8   HeaterOpenMonitorExecute
         8   -> CheckForFailures
         8   -> CheckHeaterOpenRemoval
         8   -> MonitorHeaterOpenFaultState
       8   HeaterOpenMonitorInitialize
         8   -> InitializeModule
       8   HeaterOpenMonitor__Execution
         8   -> HeaterOpenMonitorExecute
       8   HeaterOpenMonitor__ExitFault
         8   -> EventHeaterOpenFaultReset
       8   HeaterOpenMonitor__Initialize
         8   -> HeaterOpenMonitorInitialize
       8   InitializeModule
         8   -> EventSettingDataMissing
         8   -> EventStartMonitor
         8   -> Fault__GetParameters
       8   MonitorHeaterOpenFaultState
         8   -> EventHeaterOpenFaultReset
         8   -> Fault__IsInFaultState
       8   ResetFailuresDetection
         8   -> Fault__ConditionRemoved
       8   RestartStabilizationTime
         8   -> WashHeaterFaultMonitor__RestartStabilizationCounter
       8   SetHeaterOpenDetection
         8   -> Fault__ConditionDetected


   Section sizes:

   Bytes  Function/Label
   -----  --------------
       4  ??DataTable7
      40  CheckForFailures
      82  CheckHeaterOpenRemoval
      14  EventHeaterOpenDebounceCompleted
      22  EventHeaterOpenDetected
      24  EventHeaterOpenFaultReset
      22  EventNoHeaterOpenFailurePresent
      14  EventSettingDataMissing
      22  EventStartMonitor
      38  HeaterOpenMonitorExecute
      14  HeaterOpenMonitorInitialize
       8  HeaterOpenMonitor__Execution
       8  HeaterOpenMonitor__ExitFault
       8  HeaterOpenMonitor__Initialize
       1  Heater_Open_Monitor_State
      24  InitializeModule
      18  MonitorHeaterOpenFaultState
      10  ResetFailuresDetection
       8  RestartStabilizationTime
      10  SetHeaterOpenDetection

 
   1 byte  in section .bss
 390 bytes in section .text
 
 390 bytes of CODE memory
   1 byte  of DATA memory

Errors: none
Warnings: none
