###############################################################################
#
# IAR ANSI C/C++ Compiler V7.70.1.11437/W32 for ARM       28/Feb/2025  14:17:20
# Copyright 1999-2016 IAR Systems AB.
#
#    Cpu mode     =  thumb
#    Endian       =  little
#    Source file  =  source/XCategory/Common/all/Common/IAPEmul/IAPEmul.c
#    Command line =  
#        --cpu Cortex-M0+ -Om --debug -e --only_stdout --silent -D
#        ENABLE_JUMP_TO_APPLICATION_WITHOUT_IAP_FIRMWARE --no_wrap_diagnostics
#        -f config\tmp\include_path.lnt
#        (-I../Nucleus-Tools-SDK/embOS/arm/v4.26/source\
#        -I../Nucleus-Tools-SDK/iar/arm/v7.70/cx/inc\
#        -Isource/Category/Application/acu/CycleResume\
#        -Isource/Category/Application/acu/Monitors/AutostartFactoryCycleMonitor\
#        -Isource/Category/Application/acu/Monitors/CartridgeDetectionMonitor\
#        -Isource/Category/Application/acu/Monitors/DCLoadCurrentMonitor\
#        -Isource/Category/Application/acu/Monitors/DiverterFaultMonitor\
#        -Isource/Category/Application/acu/Monitors/DiverterLeakFaultMonitor\
#        -Isource/Category/Application/acu/Monitors/DoorMonitor\
#        -Isource/Category/Application/acu/Monitors/DoorOpeningSystemMonitor\
#        -Isource/Category/Application/acu/Monitors/FanMotorFaultMonitor\
#        -Isource/Category/Application/acu/Monitors/FaultStatusMonitor\
#        -Isource/Category/Application/acu/Monitors/FillValveStuckOn\
#        -Isource/Category/Application/acu/Monitors/FlowMeterFaultMonitor\
#        -Isource/Category/Application/acu/Monitors/HeatMonitor\
#        -Isource/Category/Application/acu/Monitors/HotHighPotMonitor\
#        -Isource/Category/Application/acu/Monitors/LITTFaultMonitor\
#        -Isource/Category/Application/acu/Monitors/LITTMonitor\
#        -Isource/Category/Application/acu/Monitors/McuGetDataMonitor\
#        -Isource/Category/Application/acu/Monitors/ModelMonitors/AirlockDetectionMonitor\
#        -Isource/Category/Application/acu/Monitors/ModelMonitors/AirlockDetectionMonitor/CodeGeneration\
#        -Isource/Category/Application/acu/Monitors/ModelMonitors/HeaterCalcificationDetectionModel\
#        -Isource/Category/Application/acu/Monitors/ModelMonitors/HeaterCalcificationDetectionModel/CodeGeneration\
#        -Isource/Category/Application/acu/Monitors/ModelMonitors/OWIVoltageRegulatedOutputModel\
#        -Isource/Category/Application/acu/Monitors/ModelMonitors/OWIVoltageRegulatedOutputModel/CodeGeneration\
#        -Isource/Category/Application/acu/Monitors/ModelMonitors/PluggingDetectionMonitor\
#        -Isource/Category/Application/acu/Monitors/ModelMonitors/PluggingDetectionMonitor/CodeGeneration\
#        -Isource/Category/Application/acu/Monitors/MoisturePreventionMonitor\
#        -Isource/Category/Application/acu/Monitors/OverfillMonitor\
#        -Isource/Category/Application/acu/Monitors/OWIMonitor\
#        -Isource/Category/Application/acu/Monitors/PilotRelayFaultMonitor\
#        -Isource/Category/Application/acu/Monitors/PilotRelayFaultMonitor/PilotRelayStuckClosedMonitor\
#        -Isource/Category/Application/acu/Monitors/PilotRelayFaultMonitor/PilotRelayStuckOpenMonitor\
#        -Isource/Category/Application/acu/Monitors/PORTimeMonitor\
#        -Isource/Category/Application/acu/Monitors/PumpFlushRequestMonitor\
#        -Isource/Category/Application/acu/Monitors/RinseAidMonitor\
#        -Isource/Category/Application/acu/Monitors/SaltSensingMonitor\
#        -Isource/Category/Application/acu/Monitors/StabilityControlLoopMonitor\
#        -Isource/Category/Application/acu/Monitors/StandbyManager\
#        -Isource/Category/Application/acu/Monitors/SupervisorExtMonitor\
#        -Isource/Category/Application/acu/Monitors/ThermistorFaultMonitor\
#        -Isource/Category/Application/acu/Monitors/ThermistorFaultMonitor/ThermistorOpenMonitor\
#        -Isource/Category/Application/acu/Monitors/ThermistorFaultMonitor/ThermistorShortedMonitor\
#        -Isource/Category/Application/acu/Monitors/TriacCurrentMonitor\
#        -Isource/Category/Application/acu/Monitors/TriacShortedDrainFaultMonitor\
#        -Isource/Category/Application/acu/Monitors/TriacVoltageMonitor\
#        -Isource/Category/Application/acu/Monitors/VoltageRangeMonitor\
#        -Isource/Category/Application/acu/Monitors/VSDrainMotorFaultMonitor\
#        -Isource/Category/Application/acu/Monitors/VwiMonitor\
#        -Isource/Category/Application/acu/Monitors/VwiZoneCompensationMonitor\
#        -Isource/Category/Application/acu/Monitors/WashHeaterFaultMonitor\
#        -Isource/Category/Application/acu/Monitors/WashHeaterFaultMonitor/HeaterLeakageToNeutralMonitor\
#        -Isource/Category/Application/acu/Monitors/WashHeaterFaultMonitor/HeaterLineRelayOpenMonitor\
#        -Isource/Category/Application/acu/Monitors/WashHeaterFaultMonitor/HeaterNeutralRelayOpenMonitor\
#        -Isource/Category/Application/acu/Monitors/WashHeaterFaultMonitor/HeaterOpenAndLineRelayClosedMonitor\
#        -Isource/Category/Application/acu/Monitors/WashHeaterFaultMonitor/HeaterOpenMonitor\
#        -Isource/Category/Application/acu/Monitors/WashMotorFaultMonitor\
#        -Isource/Category/Application/acu/Monitors/ZeroCrossMonitor\
#        -Isource/Category/Application/acu/Processes/AlternateCtrl\
#        -Isource/Category/Application/acu/Processes/Fill\
#        -Isource/Category/Application/acu/Processes/Fill/ClassAFill\
#        -Isource/Category/Application/acu/Processes/Fill/Fill\
#        -Isource/Category/Application/acu/Processes/Fill/TankDrain\
#        -Isource/Category/Application/acu/Processes/Fill/TankFill\
#        -Isource/Category/Application/acu/Processes/Heat\
#        -Isource/Category/Application/acu/Processes/ModelProcesses/OWICalibrationModel\
#        -Isource/Category/Application/acu/Processes/ModelProcesses/OWICalibrationModel/CodeGeneration\
#        -Isource/Category/Application/acu/Processes/ModelProcesses/PartialDrainModel\
#        -Isource/Category/Application/acu/Processes/ModelProcesses/PartialDrainModel/CodeGeneration\
#        -Isource/Category/Application/acu/Processes/ModelProcesses/SensedDrainModel\
#        -Isource/Category/Application/acu/Processes/ModelProcesses/SensedDrainModel/CodeGeneration\
#        -Isource/Category/Application/acu/Processes/OWI\
#        -Isource/Category/Application/acu/Processes/OWI_VRO\
#        -Isource/Category/Application/acu/Processes/OWIOneShot\
#        -Isource/Category/Application/acu/Processes/PumpControl\
#        -Isource/Category/Application/acu/Processes/Regenerate\
#        -Isource/Category/Application/acu/Processes/RinseAidDispense\
#        -Isource/Category/Application/acu/Processes/RinseAidDispense/RinseAid\
#        -Isource/Category/Application/acu/Processes/RinseAidDispense/TridgeDetergent\
#        -Isource/Category/Application/acu/Tasks/DoorOpeningSystemPull\
#        -Isource/Category/Application/acu/Tasks/DoorOpeningSystemPush\
#        -Isource/Category/Application/acu/Tasks/HeaterShadowing\
#        -Isource/Category/Application/acu/Tasks/MoisturePrevention\
#        -Isource/Category/Application/acu/Tasks/OWIContinousReading\
#        -Isource/Category/Application/acu/Tasks/OwiVroContinuousReading\
#        -Isource/Category/Application/acu/Tasks/Sanitization\
#        -Isource/Category/Application/acu/Tasks/StabilityControl\
#        -Isource/Category/Application/acu/Tasks/TimeElapse\
#        -Isource/Category/Application/acu/VWI\
#        -Isource/Category/Application/all/ActivePower\
#        -Isource/Category/Application/all/API007App\
#        -Isource/Category/Application/all/Config\
#        -Isource/Category/Common/acu/CommonDish/DishAuxVar\
#        -Isource/Category/Common/acu/CommonDish/PumpCommand\
#        -Isource/Category/Common/acu/CommonDish/StatisticsDish\
#        -Isource/Category/Common/all/BoardDebugging\
#        -Isource/Category/Common/all/Config\
#        -Isource/Category/Common/all/MasterCommander\
#        -Isource/Category/Common/all/MasterCommander/Source\
#        -Isource/Category/Common/all/MasterCommander/Source/HAL\
#        -Isource/Category/Common/all/SharedUtils\
#        -Isource/Category/Hbl/acu/ACULoadHandler/AlternateLoad\
#        -Isource/Category/Hbl/acuexpacu/ACUGIHandler/WaterCounterGI\
#        -Isource/Category/Hbl/acuexpacu/ACULoadHandler/HeaterLoad\
#        -Isource/Category/Hbl/acuexpacu/ACULoadHandler/TriacMci\
#        -Isource/Category/Hbl/all/Config\ -Isource/Category/Hbl/all/Mci\
#        -Isource/Category/Hbl/all/Mci/MciZeroCross\
#        -Isource/Category/Hbl/all/Mci/Slfac\
#        -Isource/Category/Hbl/all/Mci/Slfac/Macroblocks\
#        -Isource/Category/Hbl/all/Mci/Slfac/Microblocks/GlitchFilter\
#        -Isource/Category/Hbl/all/Mci/Slfac/Microblocks/IIRFilter\
#        -Isource/Category/Hbl/all/Mci/Slfac/Microblocks/MathCalc\
#        -Isource/Category/Hbl/all/Mci/Slfac/Microblocks/PeakDetector\
#        -Isource/Category/Hbl/all/Mci/Slfac/Microblocks/Pi\
#        -Isource/Category/Hbl/all/MCUDrivers/TimeCapture\
#        -Isource/Category/Hbl/all/MCUDrivers/TimerInterruptExt\
#        -Isource/Micros/STM32G0x/Driver/Atod\
#        -Isource/Micros/STM32G0x/Driver/DataFlash\
#        -Isource/Micros/STM32G0x/Driver/Dma\
#        -Isource/Micros/STM32G0x/Driver/Dtoa\
#        -Isource/Micros/STM32G0x/Driver/ExtInterrupt\
#        -Isource/Micros/STM32G0x/Driver/Flash\
#        -Isource/Micros/STM32G0x/Driver/Gpio\
#        -Isource/Micros/STM32G0x/Driver/I2c\
#        -Isource/Micros/STM32G0x/Driver/IntMgr\
#        -Isource/Micros/STM32G0x/Driver/Micro\
#        -Isource/Micros/STM32G0x/Driver/MicroExt\
#        -Isource/Micros/STM32G0x/Driver/Rtc\
#        -Isource/Micros/STM32G0x/Driver/RTCDriver\
#        -Isource/Micros/STM32G0x/Driver/Spi\
#        -Isource/Micros/STM32G0x/Driver/Timeout\
#        -Isource/Micros/STM32G0x/Driver/Timer\
#        -Isource/Micros/STM32G0x/Driver/TimerInterrupt\
#        -Isource/Micros/STM32G0x/Driver/Uart\
#        -Isource/ProjectSpecific/Application/acu/Config\
#        -Isource/ProjectSpecific/Application/acu/LowPower\
#        -Isource/ProjectSpecific/Application/acuexpacu/Config\
#        -Isource/ProjectSpecific/Application/all/Config\
#        -Isource/ProjectSpecific/Application/all/MCUDebug\
#        -Isource/ProjectSpecific/Application/all/ProductInfo\
#        -Isource/ProjectSpecific/Common/acu/Config\
#        -Isource/ProjectSpecific/Common/all/Config\
#        -Isource/ProjectSpecific/Common/all/Debug\
#        -Isource/ProjectSpecific/Common/all/SRConfig\
#        -Isource/ProjectSpecific/Driver/STM32G0x\
#        -Isource/ProjectSpecific/Hbl/acuexpacu/Config\
#        -Isource/ProjectSpecific/Hbl/acuexpacu/SRConfig\
#        -Isource/ProjectSpecific/Hbl/all/Config\
#        -Isource/ProjectSpecific/Hbl/all/Config/Mci\
#        -Isource/ProjectSpecific/Hbl/all/Config/Mci/MasterCommander\
#        -Isource/ProjectSpecific/Hbl/all/Config/Mci/MCUDrivers\
#        -Isource/ProjectSpecific/Hbl/all/SRConfig\
#        -Isource/XCategory/Application/acu/API221MotionCtrl\
#        -Isource/XCategory/Application/acu/Calibration\
#        -Isource/XCategory/Application/acu/Condition\
#        -Isource/XCategory/Application/acu/Estimator\
#        -Isource/XCategory/Application/acu/Interpreter\
#        -Isource/XCategory/Application/acu/Processes/ActivateTask\
#        -Isource/XCategory/Application/acu/Processes/JumpIf\
#        -Isource/XCategory/Application/acu/Processes/LoadsControl\
#        -Isource/XCategory/Application/acu/Processes/Maintain\
#        -Isource/XCategory/Application/acu/Processes/SetVariable\
#        -Isource/XCategory/Application/acu/RegulationAccept\
#        -Isource/XCategory/Application/acu/Selector\
#        -Isource/XCategory/Application/acu/SubCycle\
#        -Isource/XCategory/Application/acu/Supervisor\
#        -Isource/XCategory/Application/acu/TestMgr\
#        -Isource/XCategory/Application/acuexpacu/ApplianceMgr\
#        -Isource/XCategory/Application/acuhmi/CommunicationMonitor\
#        -Isource/XCategory/Application/acuhmi/Modifier\
#        -Isource/XCategory/Application/acuhmi/Regulations\
#        -Isource/XCategory/Application/acuhmi/Status\
#        -Isource/XCategory/Application/all/API007Data\
#        -Isource/XCategory/Application/all/API011AppCtr\
#        -Isource/XCategory/Application/all/API012Exp\
#        -Isource/XCategory/Application/all/API013RemoteFunction\
#        -Isource/XCategory/Application/all/API018Diagnostic\
#        -Isource/XCategory/Application/all/API220MotorControl\
#        -Isource/XCategory/Application/all/API220MotorControl/Api\
#        -Isource/XCategory/Application/all/Mode\
#        -Isource/XCategory/Application/all/Reveal_Basic/API003Disc\
#        -Isource/XCategory/Application/all/Reveal_Basic/API004Debug\
#        -Isource/XCategory/Application/all/Reveal_Basic/API004Debug/SW05SoftwareTest\
#        -Isource/XCategory/Application/all/Reveal_Basic/API005LowLevel\
#        -Isource/XCategory/Application/all/Reveal_Basic/API009System\
#        -Isource/XCategory/Application/all/Reveal_Basic/API010PollVar\
#        -Isource/XCategory/Application/all/Reveal_Basic/API019ProductInfo\
#        -Isource/XCategory/Application/all/SFUpdater\
#        -Isource/XCategory/Application/all/SRAPI020Safety\
#        -Isource/XCategory/Application/all/StatusLed\
#        -Isource/XCategory/Common/acu/BrownOut\
#        -Isource/XCategory/Common/acu/Fault\
#        -Isource/XCategory/Common/acu/Statistics\
#        -Isource/XCategory/Common/all/Common/Callback\
#        -Isource/XCategory/Common/all/Common/Convert\
#        -Isource/XCategory/Common/all/Common/Crc16\
#        -Isource/XCategory/Common/all/Common/Crc32\
#        -Isource/XCategory/Common/all/Common/Crc8\
#        -Isource/XCategory/Common/all/Common/Equation\
#        -Isource/XCategory/Common/all/Common/Filter\
#        -Isource/XCategory/Common/all/Common/FITMgr\
#        -Isource/XCategory/Common/all/Common/I2cMgr\
#        -Isource/XCategory/Common/all/Common/IAPEmul\
#        -Isource/XCategory/Common/all/Common/Log\
#        -Isource/XCategory/Common/all/Common/Millis\
#        -Isource/XCategory/Common/all/Common/SeggerRTT\
#        -Isource/XCategory/Common/all/Common/SeggerRTT/SEGGER_RTT/Config\
#        -Isource/XCategory/Common/all/Common/SeggerRTT/SEGGER_RTT/RTT\
#        -Isource/XCategory/Common/all/Common/SettingFile\
#        -Isource/XCategory/Common/all/Common/SFVersionCheck\
#        -Isource/XCategory/Common/all/Common/SystemConfig\
#        -Isource/XCategory/Common/all/Common/SystemTimers\
#        -Isource/XCategory/Common/all/Common/Utilities\
#        -Isource/XCategory/Common/all/Common/Variable\
#        -Isource/XCategory/Common/all/SRCommon/SRClockMonitor\
#        -Isource/XCategory/Common/all/SRCommon/SRData\
#        -Isource/XCategory/Common/all/SRCommon/SRException\
#        -Isource/XCategory/Common/all/SRCommon/SRIsrMonitor\
#        -Isource/XCategory/Common/all/SRCommon/SRPowerMgr\
#        -Isource/XCategory/Common/all/SRCommon/SRSignature\
#        -Isource/XCategory/Common/all/SRCommon/SRSystemConfig\
#        -Isource/XCategory/Common/all/SRCommon/SRTaskMonitor\
#        -Isource/XCategory/Common/all/SRCommon/SRTaskSequence\
#        -Isource/XCategory/Common/all/SRCommon/SRTimerReference\
#        -Isource/XCategory/Common/all/SRCommon/SRUnusedPinsConfig\
#        -Isource/XCategory/Common/all/SRMain\
#        -Isource/XCategory/Common/all/SRMain/BackgroundThreads\
#        -Isource/XCategory/Common/all/SRMain/OsServices\
#        -Isource/XCategory/Common/all/SRMain/StackAnalysis\
#        -Isource/XCategory/Common/all/SRMain/TimingAnalysis\
#        -Isource/XCategory/Driver/APIs/Atod\
#        -Isource/XCategory/Driver/APIs/Comparator\
#        -Isource/XCategory/Driver/APIs/DataFlash\
#        -Isource/XCategory/Driver/APIs/Dma\
#        -Isource/XCategory/Driver/APIs/Dtc\
#        -Isource/XCategory/Driver/APIs/Dtoa\
#        -Isource/XCategory/Driver/APIs/EmbOS\
#        -Isource/XCategory/Driver/APIs/ExtInterrupt\
#        -Isource/XCategory/Driver/APIs/Flash\
#        -Isource/XCategory/Driver/APIs/Gpio\
#        -Isource/XCategory/Driver/APIs/I2c\
#        -Isource/XCategory/Driver/APIs/IntMgr\
#        -Isource/XCategory/Driver/APIs/Micro\
#        -Isource/XCategory/Driver/APIs/MicroExt\
#        -Isource/XCategory/Driver/APIs/Rtc\
#        -Isource/XCategory/Driver/APIs/RTCDriver\
#        -Isource/XCategory/Driver/APIs/Spi\
#        -Isource/XCategory/Driver/APIs/Timeout\
#        -Isource/XCategory/Driver/APIs/Timer\
#        -Isource/XCategory/Driver/APIs/TimerInterrupt\
#        -Isource/XCategory/Driver/APIs/Touch\
#        -Isource/XCategory/Driver/APIs/Uart\
#        -Isource/XCategory/Hbl/acu/FdmCounter\
#        -Isource/XCategory/Hbl/acu/FdmTimer\
#        -Isource/XCategory/Hbl/acuexpacu/ACUGIHandler/ConvertGI\
#        -Isource/XCategory/Hbl/acuexpacu/ACUGIHandler/DirectGI\
#        -Isource/XCategory/Hbl/acuexpacu/ACUGIHandler/DoorSwitchGI\
#        -Isource/XCategory/Hbl/acuexpacu/ACUGIHandler/ProbeGI\
#        -Isource/XCategory/Hbl/acuexpacu/ACUGIHandler/ProbeLpsGI\
#        -Isource/XCategory/Hbl/acuexpacu/ACULoadHandler/DCFanLoad\
#        -Isource/XCategory/Hbl/acuexpacu/ACUPilotHandler/AnalogOutputPilot\
#        -Isource/XCategory/Hbl/acuexpacu/ACUPilotHandler/ChargePumpPilot\
#        -Isource/XCategory/Hbl/acuexpacu/ACUPilotHandler/DigitalOutputMultiPilot\
#        -Isource/XCategory/Hbl/acuexpacu/ACUPilotHandler/DigitalOutputPilot\
#        -Isource/XCategory/Hbl/acuexpacu/ACUPilotHandler/DoorLockEMPilot\
#        -Isource/XCategory/Hbl/acuexpacu/ACUPilotHandler/DoorLockWaxPilot\
#        -Isource/XCategory/Hbl/acuexpacu/ACUPilotHandler/ExpansionPilot\
#        -Isource/XCategory/Hbl/acuexpacu/ACUPilotHandler/ExternalMotorPilot\
#        -Isource/XCategory/Hbl/acuexpacu/ACUPilotHandler/FSMPilot\
#        -Isource/XCategory/Hbl/acuexpacu/ACUPilotHandler/MagnetronPilot\
#        -Isource/XCategory/Hbl/acuexpacu/ACUPilotHandler/MotorPilot\
#        -Isource/XCategory/Hbl/acuexpacu/ACUPilotHandler/MultiDriverPilot\
#        -Isource/XCategory/Hbl/acuexpacu/ACUPilotHandler/MultiSequencePilot\
#        -Isource/XCategory/Hbl/acuexpacu/ACUPilotHandler/NonfunctionalPilot\
#        -Isource/XCategory/Hbl/acuexpacu/ACUPilotHandler/PwmHiResPilot\
#        -Isource/XCategory/Hbl/acuexpacu/ACUPilotHandler/PwmPilot\
#        -Isource/XCategory/Hbl/acuexpacu/ACUPilotHandler/SRChargePumpPilot\
#        -Isource/XCategory/Hbl/acuexpacu/ACUPilotHandler/SRDigitalOutputMultiPilot\
#        -Isource/XCategory/Hbl/acuexpacu/ACUPilotHandler/SRDigitalOutputPilot\
#        -Isource/XCategory/Hbl/acuexpacu/ACUPilotHandler/SRDoorLockEMPilot\
#        -Isource/XCategory/Hbl/acuexpacu/ACUPilotHandler/SRDoorLockWaxPilot\
#        -Isource/XCategory/Hbl/acuexpacu/ACUPilotHandler/SRUMRelayPilot\
#        -Isource/XCategory/Hbl/acuexpacu/ACUPilotHandler/SteadyPwmProfilePilot\
#        -Isource/XCategory/Hbl/acuexpacu/ACUPilotHandler/StepperPilot\
#        -Isource/XCategory/Hbl/acuexpacu/ACUPilotHandler/TriacSwitchPilot\
#        -Isource/XCategory/Hbl/acuexpacu/ACUPilotHandler/ZCRelayPilot\
#        -Isource/XCategory/Hbl/acuexpacu/ACUPilotHandler/ZCTriacPilot\
#        -Isource/XCategory/Hbl/acuexpacu/HblAcu\
#        -Isource/XCategory/Hbl/acuexpacu/HblAcu/CrossLoads\
#        -Isource/XCategory/Hbl/acuexpacu/HblAcu/SetLoadQueue\
#        -Isource/XCategory/Hbl/acuexpacu/HblAcu/SRProductMgr\
#        -Isource/XCategory/Hbl/acuexpacu/HblAcu/ZeroCross\
#        -Isource/XCategory/Hbl/all/Hbl\
#        -Isource/XCategory/Hbl/all/Hbl/DefaultPin\
#        -Isource/XCategory/Hbl/all/Hbl/HblCommon\
#        -Isource/XCategory/Hbl/all/Hbl/VirtualPin\
#        -Isource/XCategory/Hbl/all/LLIHandler/AbsoluteHumidityLLI\
#        -Isource/XCategory/Hbl/all/LLIHandler/AccelerometerLLI\
#        -Isource/XCategory/Hbl/all/LLIHandler/AccelerometerLLI/AccelBaseline\
#        -Isource/XCategory/Hbl/all/LLIHandler/AccelerometerLLI/AccelDiscover\
#        -Isource/XCategory/Hbl/all/LLIHandler/AccelerometerLLI/FXLS8974\
#        -Isource/XCategory/Hbl/all/LLIHandler/AccelerometerLLI/FXLS8974/SelfTestFXLS8974\
#        -Isource/XCategory/Hbl/all/LLIHandler/AccelerometerLLI/LISxDH\
#        -Isource/XCategory/Hbl/all/LLIHandler/AnalogLLI\
#        -Isource/XCategory/Hbl/all/LLIHandler/ConductivityLLI\
#        -Isource/XCategory/Hbl/all/LLIHandler/DigitalLLI\
#        -Isource/XCategory/Hbl/all/LLIHandler/EncoderLLI\
#        -Isource/XCategory/Hbl/all/LLIHandler/ExpansionLLI\
#        -Isource/XCategory/Hbl/all/LLIHandler/FeedbackLLI\
#        -Isource/XCategory/Hbl/all/LLIHandler/I2CInfraredLLI\
#        -Isource/XCategory/Hbl/all/LLIHandler/I2CPressureSensorLLI\
#        -Isource/XCategory/Hbl/all/LLIHandler/I2CRHTSensorLLI\
#        -Isource/XCategory/Hbl/all/LLIHandler/InputCaptureLLI\
#        -Isource/XCategory/Hbl/all/LLIHandler/MultiInputLLI\
#        -Isource/XCategory/Hbl/all/LLIHandler/NonfunctionalLLI\
#        -Isource/XCategory/Hbl/all/LLIHandler/PulseCounterLLI\
#        -Isource/XCategory/Hbl/all/LLIHandler/SRAnalogLLI\
#        -Isource/XCategory/Hbl/all/LLIHandler/SRDigitalLLI\
#        -Isource/XCategory/Hbl/all/LLIHandler/SRFeedbackLLI\
#        -Isource/XCategory/Hbl/all/LLIHandler/SRI2CPressureSensorLLI\
#        -Isource/XCategory/Hbl/all/LLIHandler/SRICTachometerLLI\
#        -Isource/XCategory/Hbl/all/LLIHandler/SRInputCaptureLLI\
#        -Isource/XCategory/Hbl/all/LLIHandler/SRTouchKeyLLI\
#        -Isource/XCategory/Hbl/all/LLIHandler/SRTriacFeedbackLLI\
#        -Isource/XCategory/Hbl/all/LLIHandler/TouchKeyLLI\
#        -Isource/XCategory/Hbl/all/LLIHandler/TouchSliderLLI\
#        -Isource/XCategory/Hbl/all/LLIHandler/TouchWheelLLI\
#        -Isource/XCategory/Hbl/all/LLIHandler/TriacFeedbackLLI\
#        -Isource/XCategory/Hbl/all/LLIHandler/VirtualDigitalLLI\
#        -Isource/XCategory/Service/all/NVData\
#        -Isource/XCategory/Service/all/Reveal\
#        -Isource/XCategory/Service/all/Win\) -l listings\IAPEmul.lst -o
#        obj\IAPEmul.obj source/XCategory/Common/all/Common/IAPEmul/IAPEmul.c
#    Locale       =  English_United States.1252
#    List file    =  listings\IAPEmul.lst
#    Object file  =  obj\IAPEmul.obj
#
###############################################################################

C:\Data\Nucleus_Dev\Vostok_ACU_A\source\XCategory\Common\all\Common\IAPEmul\IAPEmul.c
      1          /**
      2           *  @file       
      3           *
      4           *  @brief      Basic description of file contents
      5           *
      6           *  @details    Detailed description of the file contents
      7           *
      8           *  @section    Applicable_Documents
      9           *					List here all the applicable documents if needed. <tr>	
     10           *
     11           *  
     12           *
     13           *  @copyright  Copyright 2014-. Whirlpool Corporation. All rights reserved - CONFIDENTIAL
     14           */
     15          //---------------------------------------------------------------------------------------------------------------------
     16          //---------------------------------------------------------------------------------------------------------------------
     17          
     18          
     19          //-------------------------------------- Include Files ----------------------------------------------------------------
     20          #include "C_Extensions.h"
     21          #include "SystemConfig.h"
     22          #include "IAPEmul.h" 
     23          #include "Gpio.h"
     24          #include "Uart.h"
     25          #include "Timeout.h"
     26          #include "Micro.h"
     27          #include "Micro.h"
     28          
     29          //-------------------------------------- PUBLIC (Variables) -----------------------------------------------------------
     30          
     31          //-------------------------------------- PRIVATE (Variables, Constants & Defines) -------------------------------------
     32          //---------------------------------------------------------------------------------------------------------------------
     33          /**
     34           * @brief  - Call back handler function called at every 1ms
     35           * @details- The execution of the method shall be smaller. It should allow enough time for the IAPEmul execution
     36           *
     37           */
     38          #ifndef IAPEMUL__1MS_HANDLER
     39              #define IAPEMUL__1MS_HANDLER()                  //App_1msHandler()
     40          #endif
     41          
     42          #define IAPEMUL_COM                             WIN_PORT
     43          
     44          #ifndef IAPEMUL_BASE_SPEED
     45              #define IAPEMUL_BASE_SPEED                      B38400
     46          #endif
     47          
     48          #define MST_IAPEMUL_MODE_TIMEOUT                        ((TIMEOUT_LABEL)0)
     49          #define IAPEMUL_MODE_TIMEOUT_IN_MS                      5000
     50          
     51          #define IAPEMUL_WMSP_RX_DATA_TIMEOUT                    400
     52          #define IAPEMUL_WMSP_HEADER                             0xDE
     53          #define IAPEMUL_WMSP_CONTROL_FIELD_LENGHT               3
     54          #define IAPEMUL_WMSP_RX_PAYLOAD_SIZE                    10
     55          #define IAPEMUL_WMSP_NODE_ALIVE_SAP_ID_LIST             0x0E
     56          #define IAPEMUL_WMSP_BROADCAST_ADDRESS_NODE             0x0F
     57          #define IAPEMUL_IAP_CMD_ID_PUBLISH_SPEED_CHANGE_SIZE    3
     58          
     59          typedef struct
     60          {
     61              uint8 destination       :4;
     62              uint8 source            :4;
     63              uint8 sap               :4;
     64              uint8 sdu_extension     :4;
     65              uint8 sdu_length;
     66              uint8 *payload;
     67          }IAPEMUL_WMSP_MSG_TYPE;
     68          
     69          #define IAPEMUL_WMSP_ADDR_INDEX                         0
     70          #define IAPEMUL_WMSP_SAP_SDUEXT_INDEX                   1
     71          #define IAPEMUL_WMSP_SDU_INDEX                          2
     72          #define IAPEMUL_WMSP_PAYLOAD_INDEX                      3
     73          
     74          #define IAPEMUL_WMSP_DEST_ADDR_MASK                     0x0F
     75          #define IAPEMUL_WMSP_SRC_ADDR_MASK                      0xF0
     76          #define IAPEMUL_WMSP_SAP_MASK                           0x0F
     77          #define IAPEMUL_WMSP_SDU_EXT_MASK                       0xF0
     78          
     79          typedef enum
     80          {
     81              IAPEMUL_WMSP_RX_SYNCHRONIZATION,
     82              IAPEMUL_WMSP_RX_DATA_RECEVIENG
     83          }IAPEMUL_RX_HANDLER_STATE;
     84          
     85          //-------------------------------------- PRIVATE (Function Prototypes) ------------------------------------------------

   \                                 In section .bss, align 4
     86          static IAPEMUL_RX_HANDLER_STATE IAPEmul_Wmsp_Rx_Status;
     87          static uint8 IAPEmul_Wmsp_Rx_Buffer[IAPEMUL_WMSP_RX_PAYLOAD_SIZE + IAPEMUL_WMSP_CONTROL_FIELD_LENGHT];
   \                     IAPEmul_Wmsp_Rx_Buffer:
   \   00000000                      DS8 16
   \   00000010                      DS8 1
   \   00000011                      DS8 1
   \   00000012                      DS8 2
   \   00000014                      DS8 2
   \   00000016                      DS8 2
     88          static uint16 IAPEmul_Wmsp_Rx_Index;
     89          static uint16 IAPEmul_Wmsp_Sdu;
     90          static uint16 IAPEmul_Wmsp_Rx_Timeout;

   \                                 In section .bss, align 2
     91          static uint16 IAPEmul_TimeoutCount;
   \                     IAPEmul_TimeoutCount:
   \   00000000                      DS8 2
     92          
     93          static void WmspInitialize(void);
     94          static void WmspHandlerRxPackage(void);
     95          
     96          //=====================================================================================================================
     97          //-------------------------------------- Public Functions -------------------------------------------------------------
     98          //=====================================================================================================================
     99          
    100          //---------------------------------------------------------------------------------------------------------------------
    101          /**
    102           *  @brief      It Initializes the module IAPEmul and its variables
    103           *              This must be called before starting the scheduler
    104           *
    105           */

   \                                 In section .text, align 2, keep-with-next
    106          void IAPEmul__Engage(void)
    107          {
   \                     IAPEmul__Engage: (+1)
   \   00000000   0xB580             PUSH     {R7,LR}
    108              uint16 time_cnt;
    109          
    110              if ((Micro__GetWarmResetAction() & MICRO_WARM_RESET_ACTION_ENTER_IAP) == MICRO_WARM_RESET_ACTION_ENTER_IAP)
   \   00000002   0x.... 0x....      BL       Micro__GetWarmResetAction
   \   00000006   0x0780             LSLS     R0,R0,#+30
   \   00000008   0xD52B             BPL      ??IAPEmul__Engage_0
    111              {
    112                  //Disable the interrupts
    113                  DISABLE_INTERRUPTS();
   \   0000000A   0xB672             CPSID    I
    114          
    115                  Gpio__Initialize();
   \   0000000C   0x.... 0x....      BL       Gpio__Initialize
    116                  Timeout__Initialize();
   \   00000010   0x.... 0x....      BL       Timeout__Initialize
    117                  WmspInitialize();
   \   00000014   0x.... 0x....      BL       WmspInitialize
    118                  Micro__ServiceWatchdog();
   \   00000018   0x.... 0x....      BL       Micro__ServiceWatchdog
    119                  Uart__Initialize(IAPEMUL_COM, IAPEMUL_BASE_SPEED, UART_STOP_BIT_1, UART_PARITY_NONE);
   \   0000001C   0x2300             MOVS     R3,#+0
   \   0000001E   0x461A             MOV      R2,R3
   \   00000020   0x2105             MOVS     R1,#+5
   \   00000022   0x2002             MOVS     R0,#+2
   \   00000024   0x.... 0x....      BL       Uart__Initialize
    120          
    121                  //Refresh the IAP Engage Time
    122                  Timeout__SetTime(MST_IAPEMUL_MODE_TIMEOUT, IAPEMUL_MODE_TIMEOUT_IN_MS);
   \   00000028   0x....             LDR      R1,??DataTable2  ;; 0x1388
   \   0000002A   0x2000             MOVS     R0,#+0
   \   0000002C   0x.... 0x....      BL       Timeout__SetTime
   \   00000030   0xE00B             B        ??IAPEmul__Engage_1
    123          
    124                  //Emulates the IAP Engage mode
    125                  while (Timeout__GetStatus(MST_IAPEMUL_MODE_TIMEOUT) == FALSE)
    126                  {
    127                      WmspHandlerRxPackage();
   \                     ??IAPEmul__Engage_2: (+1)
   \   00000032   0x.... 0x....      BL       WmspHandlerRxPackage
    128          
    129                      time_cnt = Timeout__GetCount();
   \   00000036   0x.... 0x....      BL       Timeout__GetCount
    130          
    131                      //1ms scheduler
    132                      if (IAPEmul_TimeoutCount != time_cnt)
   \   0000003A   0x....             LDR      R1,??DataTable2_1
   \   0000003C   0x880A             LDRH     R2,[R1, #+0]
   \   0000003E   0x0003             MOVS     R3,R0
   \   00000040   0x429A             CMP      R2,R3
   \   00000042   0xD002             BEQ      ??IAPEmul__Engage_1
    133                      {
    134                          IAPEmul_TimeoutCount = time_cnt;
   \   00000044   0x8008             STRH     R0,[R1, #+0]
    135          
    136                          Micro__ServiceWatchdog();
   \   00000046   0x.... 0x....      BL       Micro__ServiceWatchdog
    137                          IAPEMUL__1MS_HANDLER();
    138                      }
    139                  }
   \                     ??IAPEmul__Engage_1: (+1)
   \   0000004A   0x2000             MOVS     R0,#+0
   \   0000004C   0x.... 0x....      BL       Timeout__GetStatus
   \   00000050   0x2800             CMP      R0,#+0
   \   00000052   0xD0EE             BEQ      ??IAPEmul__Engage_2
    140          
    141                  Micro__DisableWarmResetAction(MICRO_WARM_RESET_ACTION_ENTER_IAP);
   \   00000054   0x2002             MOVS     R0,#+2
   \   00000056   0x.... 0x....      BL       Micro__DisableWarmResetAction
    142                  Uart__Disable(IAPEMUL_COM, UART_OPTION_ALL);
   \   0000005A   0x2100             MOVS     R1,#+0
   \   0000005C   0x2002             MOVS     R0,#+2
   \   0000005E   0x.... 0x....      BL       Uart__Disable
    143              }
    144          }
   \                     ??IAPEmul__Engage_0: (+1)
   \   00000062   0xBD01             POP      {R0,PC}          ;; return
    145          
    146          //=====================================================================================================================
    147          //-------------------------------------- Private Functions ------------------------------------------------------------
    148          //=====================================================================================================================
    149          //---------------------------------------------------------------------------------------------------------------------
    150          //---------------------------------------------------------------------------------------------------------------------
    151          /**
    152           * @brief    This method initializes the Wmsp module.
    153           * @details  This method should be called after initialization of basic drivers such as Micro and Gpio and
    154           *           before TimerInterrupt__Initialize since Wmsp have tasks being called from Slots associated to
    155           *           timer interruption.<br>
    156           */

   \                                 In section .text, align 2, keep-with-next
    157          static void WmspInitialize(void)
    158          {
    159              IAPEmul_Wmsp_Rx_Status              = IAPEMUL_WMSP_RX_SYNCHRONIZATION;
   \                     WmspInitialize: (+1)
   \   00000000   0x2000             MOVS     R0,#+0
   \   00000002   0x....             LDR      R1,??DataTable2_2
   \   00000004   0x0002             MOVS     R2,R0
   \   00000006   0x740A             STRB     R2,[R1, #+16]
    160              IAPEmul_Wmsp_Rx_Index               = 0;
   \   00000008   0x8248             STRH     R0,[R1, #+18]
    161              IAPEmul_Wmsp_Sdu                    = 0;
   \   0000000A   0x6148             STR      R0,[R1, #+20]
    162              IAPEmul_Wmsp_Rx_Timeout             = 0;
    163          
    164              IAPEmul_Wmsp_Rx_Buffer[IAPEMUL_WMSP_ADDR_INDEX]        = 0;
   \   0000000C   0x800A             STRH     R2,[R1, #+0]
    165              IAPEmul_Wmsp_Rx_Buffer[IAPEMUL_WMSP_SAP_SDUEXT_INDEX]  = 0;
    166          }
   \   0000000E   0x4770             BX       LR               ;; return
    167          
    168          //---------------------------------------------------------------------------------------------------------------------
    169          /**
    170           * @brief    This method handles the process the reception of Wmsp packages.
    171           * @details  This method should be called every 1ms from an Interrupt Slot. It interfaces intensively with Uart driver.
    172           *           The Reception process runs all the time by monitoring bytes coming from the Uart driver.
    173           *           Once a package is fully received it flags the Wmsp__HandlerProtocol() which will take the package and process it.<br>
    174           *
    175           *           This receives the eco of the message as well in the Half duplex mode.<br>
    176           *
    177           *           Flowchart shown below-
    178           * @image      html Wmsp__HandlerRxPackage.jpg
    179           *
    180           */
    181          

   \                                 In section .text, align 2, keep-with-next
    182          static void WmspHandlerRxPackage(void)
    183          {
   \                     WmspHandlerRxPackage: (+1)
   \   00000000   0xB570             PUSH     {R4-R6,LR}
    184              uint16 size;
    185              uint8 data;
    186              UART_SPEED_DEF speed;
    187          
    188              size = Uart__GetStatus(IAPEMUL_COM, UART_STATUS_RX_AVAILABLE);
   \   00000002   0x2104             MOVS     R1,#+4
   \   00000004   0x2002             MOVS     R0,#+2
   \   00000006   0x.... 0x....      BL       Uart__GetStatus
   \   0000000A   0x0006             MOVS     R6,R0
   \   0000000C   0x....             LDR      R4,??DataTable2_2
   \   0000000E   0xE030             B        ??WmspHandlerRxPackage_0
    189          
    190              while(size > 0)
    191              {
    192                  size--;
    193          
    194                  data = Uart__ReadByte(IAPEMUL_COM);
    195          
    196                  IAPEmul_Wmsp_Rx_Timeout = IAPEMUL_WMSP_RX_DATA_TIMEOUT;
    197          
    198                  if (IAPEmul_Wmsp_Rx_Status == IAPEMUL_WMSP_RX_SYNCHRONIZATION)
   \                     ??WmspHandlerRxPackage_1: (+1)
   \   00000010   0x8A61             LDRH     R1,[R4, #+18]
   \   00000012   0x290D             CMP      R1,#+13
   \   00000014   0xDA08             BGE      ??WmspHandlerRxPackage_2
    199                  {
    200                      if (data == IAPEMUL_WMSP_HEADER)
    201                      {
    202                          WmspInitialize();
    203                          IAPEmul_Wmsp_Rx_Timeout = IAPEMUL_WMSP_RX_DATA_TIMEOUT;
    204                          IAPEmul_Wmsp_Rx_Status  = IAPEMUL_WMSP_RX_DATA_RECEVIENG;
    205                      }
    206                  }
    207                  else // if (IAPEmul_Wmsp_Rx_Status == IAPEMUL_WMSP_RX_DATA_RECEVIENG)
    208                  {
    209                      if (IAPEmul_Wmsp_Rx_Index < (IAPEMUL_WMSP_RX_PAYLOAD_SIZE + IAPEMUL_WMSP_CONTROL_FIELD_LENGHT))
    210                      {
    211                          IAPEmul_Wmsp_Rx_Buffer[IAPEmul_Wmsp_Rx_Index]   = data;
   \   00000016   0x5460             STRB     R0,[R4, R1]
    212                          IAPEmul_Wmsp_Sdu = ((IAPEmul_Wmsp_Rx_Buffer[IAPEMUL_WMSP_SAP_SDUEXT_INDEX] & IAPEMUL_WMSP_SDU_EXT_MASK)  << 4 ) | IAPEmul_Wmsp_Rx_Buffer[IAPEMUL_WMSP_SDU_INDEX];
   \   00000018   0x7860             LDRB     R0,[R4, #+1]
   \   0000001A   0x0100             LSLS     R0,R0,#+4
   \   0000001C   0x21F0             MOVS     R1,#+240
   \   0000001E   0x0109             LSLS     R1,R1,#+4        ;; #+3840
   \   00000020   0x4001             ANDS     R1,R1,R0
   \   00000022   0x78A0             LDRB     R0,[R4, #+2]
   \   00000024   0x4301             ORRS     R1,R1,R0
   \   00000026   0x82A1             STRH     R1,[R4, #+20]
    213                      }
    214          
    215                      // This must be screened on every byte reception for Alive status
    216                      if (IAPEMUL_WMSP_NODE_ALIVE_SAP_ID_LIST == (IAPEmul_Wmsp_Rx_Buffer[IAPEMUL_WMSP_SAP_SDUEXT_INDEX] & IAPEMUL_WMSP_SAP_MASK) )
   \                     ??WmspHandlerRxPackage_2: (+1)
   \   00000028   0x250F             MOVS     R5,#+15
   \   0000002A   0x7860             LDRB     R0,[R4, #+1]
   \   0000002C   0x4028             ANDS     R0,R0,R5
   \   0000002E   0x280E             CMP      R0,#+14
   \   00000030   0xD103             BNE      ??WmspHandlerRxPackage_3
    217                      {
    218                          //Refresh the IAP Engage Time
    219                          Timeout__SetTime(MST_IAPEMUL_MODE_TIMEOUT, IAPEMUL_MODE_TIMEOUT_IN_MS);
   \   00000032   0x....             LDR      R1,??DataTable2  ;; 0x1388
   \   00000034   0x2000             MOVS     R0,#+0
   \   00000036   0x.... 0x....      BL       Timeout__SetTime
   \                     ??WmspHandlerRxPackage_3: (+1)
   \   0000003A   0x8AA0             LDRH     R0,[R4, #+20]
   \   0000003C   0x0001             MOVS     R1,R0
   \   0000003E   0x1CC9             ADDS     R1,R1,#+3
   \   00000040   0x8A62             LDRH     R2,[R4, #+18]
   \   00000042   0x4291             CMP      R1,R2
   \   00000044   0xDA12             BGE      ??WmspHandlerRxPackage_4
    220                      }
    221          
    222                      //After receiving the full message
    223                      if (IAPEmul_Wmsp_Rx_Index > (IAPEmul_Wmsp_Sdu + IAPEMUL_WMSP_CONTROL_FIELD_LENGHT))
    224                      {
    225                          //Handling the echo over the bus
    226                          if ((IAPEmul_Wmsp_Rx_Buffer[IAPEMUL_WMSP_ADDR_INDEX] & IAPEMUL_WMSP_DEST_ADDR_MASK) == IAPEMUL_WMSP_BROADCAST_ADDRESS_NODE)
   \   00000046   0x7821             LDRB     R1,[R4, #+0]
   \   00000048   0x400D             ANDS     R5,R5,R1
   \   0000004A   0x2D0F             CMP      R5,#+15
   \   0000004C   0xD10A             BNE      ??WmspHandlerRxPackage_5
    227                          {
    228                              if (IAPEmul_Wmsp_Sdu == IAPEMUL_IAP_CMD_ID_PUBLISH_SPEED_CHANGE_SIZE)
   \   0000004E   0x2803             CMP      R0,#+3
   \   00000050   0xD108             BNE      ??WmspHandlerRxPackage_5
    229                              {
    230                                  //IAP Speed Change command
    231                                  speed = (UART_SPEED_DEF)IAPEmul_Wmsp_Rx_Buffer[IAPEMUL_WMSP_PAYLOAD_INDEX + 2];
   \   00000052   0x7961             LDRB     R1,[R4, #+5]
    232          
    233                                  if ((speed <= B115200) &&
    234                                      (speed >= B9600))
   \   00000054   0x1EC8             SUBS     R0,R1,#+3
   \   00000056   0x2805             CMP      R0,#+5
   \   00000058   0xD204             BCS      ??WmspHandlerRxPackage_5
    235                                  {
    236                                      Uart__Initialize(IAPEMUL_COM, speed, UART_STOP_BIT_1, UART_PARITY_NONE);
   \   0000005A   0x2300             MOVS     R3,#+0
   \   0000005C   0x461A             MOV      R2,R3
   \   0000005E   0x2002             MOVS     R0,#+2
   \   00000060   0x.... 0x....      BL       Uart__Initialize
    237                                  }
    238                              }
    239                          }
    240          
    241                          IAPEmul_Wmsp_Rx_Status = IAPEMUL_WMSP_RX_SYNCHRONIZATION;
   \                     ??WmspHandlerRxPackage_5: (+1)
   \   00000064   0x2000             MOVS     R0,#+0
   \   00000066   0x0001             MOVS     R1,R0
   \   00000068   0x7421             STRB     R1,[R4, #+16]
    242                          IAPEmul_Wmsp_Rx_Timeout = 0;
   \   0000006A   0x82E0             STRH     R0,[R4, #+22]
    243                      }
    244          
    245                      IAPEmul_Wmsp_Rx_Index++;
   \                     ??WmspHandlerRxPackage_4: (+1)
   \   0000006C   0x8A60             LDRH     R0,[R4, #+18]
   \   0000006E   0x1C40             ADDS     R0,R0,#+1
   \   00000070   0x8260             STRH     R0,[R4, #+18]
    246                  }
   \                     ??WmspHandlerRxPackage_0: (+1)
   \   00000072   0x0030             MOVS     R0,R6
   \   00000074   0x0400             LSLS     R0,R0,#+16
   \   00000076   0xD011             BEQ      ??WmspHandlerRxPackage_6
   \   00000078   0x1E76             SUBS     R6,R6,#+1
   \   0000007A   0x2002             MOVS     R0,#+2
   \   0000007C   0x.... 0x....      BL       Uart__ReadByte
   \   00000080   0x25C8             MOVS     R5,#+200
   \   00000082   0x006D             LSLS     R5,R5,#+1        ;; #+400
   \   00000084   0x82E5             STRH     R5,[R4, #+22]
   \   00000086   0x7C21             LDRB     R1,[R4, #+16]
   \   00000088   0x2900             CMP      R1,#+0
   \   0000008A   0xD1C1             BNE      ??WmspHandlerRxPackage_1
   \   0000008C   0x28DE             CMP      R0,#+222
   \   0000008E   0xD1F0             BNE      ??WmspHandlerRxPackage_0
   \   00000090   0x.... 0x....      BL       WmspInitialize
   \   00000094   0x82E5             STRH     R5,[R4, #+22]
   \   00000096   0x2001             MOVS     R0,#+1
   \   00000098   0x7420             STRB     R0,[R4, #+16]
   \   0000009A   0xE7EA             B        ??WmspHandlerRxPackage_0
    247              }
    248          
    249              // Generic timeout for the reception state machine
    250              // If the system stops in the middle of a package, after this timeout it resets the state machine.
    251              if (IAPEmul_Wmsp_Rx_Timeout > 0)
   \                     ??WmspHandlerRxPackage_6: (+1)
   \   0000009C   0x8AE0             LDRH     R0,[R4, #+22]
   \   0000009E   0x0001             MOVS     R1,R0
   \   000000A0   0xD002             BEQ      ??WmspHandlerRxPackage_7
    252              {
    253                  IAPEmul_Wmsp_Rx_Timeout--;
   \   000000A2   0x1E40             SUBS     R0,R0,#+1
   \   000000A4   0x82E0             STRH     R0,[R4, #+22]
   \   000000A6   0xBD70             POP      {R4-R6,PC}
    254              }
    255              else
    256              {
    257                  IAPEmul_Wmsp_Rx_Status = IAPEMUL_WMSP_RX_SYNCHRONIZATION;
   \                     ??WmspHandlerRxPackage_7: (+1)
   \   000000A8   0x2000             MOVS     R0,#+0
   \   000000AA   0x7420             STRB     R0,[R4, #+16]
    258              }
    259          }
   \   000000AC   0xBD70             POP      {R4-R6,PC}       ;; return

   \                                 In section .text, align 4, keep-with-next
   \                     ??DataTable2:
   \   00000000   0x00001388         DC32     0x1388

   \                                 In section .text, align 4, keep-with-next
   \                     ??DataTable2_1:
   \   00000000   0x........         DC32     IAPEmul_TimeoutCount

   \                                 In section .text, align 4, keep-with-next
   \                     ??DataTable2_2:
   \   00000000   0x........         DC32     IAPEmul_Wmsp_Rx_Buffer

   Maximum stack usage in bytes:

   .cstack Function
   ------- --------
       8   IAPEmul__Engage
         8   -> Gpio__Initialize
         8   -> Micro__DisableWarmResetAction
         8   -> Micro__GetWarmResetAction
         8   -> Micro__ServiceWatchdog
         8   -> Timeout__GetCount
         8   -> Timeout__GetStatus
         8   -> Timeout__Initialize
         8   -> Timeout__SetTime
         8   -> Uart__Disable
         8   -> Uart__Initialize
         8   -> WmspHandlerRxPackage
         8   -> WmspInitialize
      16   WmspHandlerRxPackage
        16   -> Timeout__SetTime
        16   -> Uart__GetStatus
        16   -> Uart__Initialize
        16   -> Uart__ReadByte
        16   -> WmspInitialize
       0   WmspInitialize


   Section sizes:

   Bytes  Function/Label
   -----  --------------
       4  ??DataTable2
       4  ??DataTable2_1
       4  ??DataTable2_2
       2  IAPEmul_TimeoutCount
      24  IAPEmul_Wmsp_Rx_Buffer
          IAPEmul_Wmsp_Rx_Status
          IAPEmul_Wmsp_Rx_Index
          IAPEmul_Wmsp_Sdu
          IAPEmul_Wmsp_Rx_Timeout
     100  IAPEmul__Engage
     174  WmspHandlerRxPackage
      16  WmspInitialize

 
  26 bytes in section .bss
 302 bytes in section .text
 
 302 bytes of CODE memory
  26 bytes of DATA memory

Errors: none
Warnings: none
