###############################################################################
#
# IAR ANSI C/C++ Compiler V7.70.1.11437/W32 for ARM       28/Feb/2025  14:17:23
# Copyright 1999-2016 IAR Systems AB.
#
#    Cpu mode     =  thumb
#    Endian       =  little
#    Source file  =  
#        source/XCategory/Hbl/acuexpacu/ACUPilotHandler/MagnetronPilot/MagnetronPilotMainsSampler.c
#    Command line =  
#        --cpu Cortex-M0+ -Om --debug -e --only_stdout --silent -D
#        ENABLE_JUMP_TO_APPLICATION_WITHOUT_IAP_FIRMWARE --no_wrap_diagnostics
#        -f config\tmp\include_path.lnt
#        (-I../Nucleus-Tools-SDK/embOS/arm/v4.26/source\
#        -I../Nucleus-Tools-SDK/iar/arm/v7.70/cx/inc\
#        -Isource/Category/Application/acu/CycleResume\
#        -Isource/Category/Application/acu/Monitors/AutostartFactoryCycleMonitor\
#        -Isource/Category/Application/acu/Monitors/CartridgeDetectionMonitor\
#        -Isource/Category/Application/acu/Monitors/DCLoadCurrentMonitor\
#        -Isource/Category/Application/acu/Monitors/DiverterFaultMonitor\
#        -Isource/Category/Application/acu/Monitors/DiverterLeakFaultMonitor\
#        -Isource/Category/Application/acu/Monitors/DoorMonitor\
#        -Isource/Category/Application/acu/Monitors/DoorOpeningSystemMonitor\
#        -Isource/Category/Application/acu/Monitors/FanMotorFaultMonitor\
#        -Isource/Category/Application/acu/Monitors/FaultStatusMonitor\
#        -Isource/Category/Application/acu/Monitors/FillValveStuckOn\
#        -Isource/Category/Application/acu/Monitors/FlowMeterFaultMonitor\
#        -Isource/Category/Application/acu/Monitors/HeatMonitor\
#        -Isource/Category/Application/acu/Monitors/HotHighPotMonitor\
#        -Isource/Category/Application/acu/Monitors/LITTFaultMonitor\
#        -Isource/Category/Application/acu/Monitors/LITTMonitor\
#        -Isource/Category/Application/acu/Monitors/McuGetDataMonitor\
#        -Isource/Category/Application/acu/Monitors/ModelMonitors/AirlockDetectionMonitor\
#        -Isource/Category/Application/acu/Monitors/ModelMonitors/AirlockDetectionMonitor/CodeGeneration\
#        -Isource/Category/Application/acu/Monitors/ModelMonitors/HeaterCalcificationDetectionModel\
#        -Isource/Category/Application/acu/Monitors/ModelMonitors/HeaterCalcificationDetectionModel/CodeGeneration\
#        -Isource/Category/Application/acu/Monitors/ModelMonitors/OWIVoltageRegulatedOutputModel\
#        -Isource/Category/Application/acu/Monitors/ModelMonitors/OWIVoltageRegulatedOutputModel/CodeGeneration\
#        -Isource/Category/Application/acu/Monitors/ModelMonitors/PluggingDetectionMonitor\
#        -Isource/Category/Application/acu/Monitors/ModelMonitors/PluggingDetectionMonitor/CodeGeneration\
#        -Isource/Category/Application/acu/Monitors/MoisturePreventionMonitor\
#        -Isource/Category/Application/acu/Monitors/OverfillMonitor\
#        -Isource/Category/Application/acu/Monitors/OWIMonitor\
#        -Isource/Category/Application/acu/Monitors/PilotRelayFaultMonitor\
#        -Isource/Category/Application/acu/Monitors/PilotRelayFaultMonitor/PilotRelayStuckClosedMonitor\
#        -Isource/Category/Application/acu/Monitors/PilotRelayFaultMonitor/PilotRelayStuckOpenMonitor\
#        -Isource/Category/Application/acu/Monitors/PORTimeMonitor\
#        -Isource/Category/Application/acu/Monitors/PumpFlushRequestMonitor\
#        -Isource/Category/Application/acu/Monitors/RinseAidMonitor\
#        -Isource/Category/Application/acu/Monitors/SaltSensingMonitor\
#        -Isource/Category/Application/acu/Monitors/StabilityControlLoopMonitor\
#        -Isource/Category/Application/acu/Monitors/StandbyManager\
#        -Isource/Category/Application/acu/Monitors/SupervisorExtMonitor\
#        -Isource/Category/Application/acu/Monitors/ThermistorFaultMonitor\
#        -Isource/Category/Application/acu/Monitors/ThermistorFaultMonitor/ThermistorOpenMonitor\
#        -Isource/Category/Application/acu/Monitors/ThermistorFaultMonitor/ThermistorShortedMonitor\
#        -Isource/Category/Application/acu/Monitors/TriacCurrentMonitor\
#        -Isource/Category/Application/acu/Monitors/TriacShortedDrainFaultMonitor\
#        -Isource/Category/Application/acu/Monitors/TriacVoltageMonitor\
#        -Isource/Category/Application/acu/Monitors/VoltageRangeMonitor\
#        -Isource/Category/Application/acu/Monitors/VSDrainMotorFaultMonitor\
#        -Isource/Category/Application/acu/Monitors/VwiMonitor\
#        -Isource/Category/Application/acu/Monitors/VwiZoneCompensationMonitor\
#        -Isource/Category/Application/acu/Monitors/WashHeaterFaultMonitor\
#        -Isource/Category/Application/acu/Monitors/WashHeaterFaultMonitor/HeaterLeakageToNeutralMonitor\
#        -Isource/Category/Application/acu/Monitors/WashHeaterFaultMonitor/HeaterLineRelayOpenMonitor\
#        -Isource/Category/Application/acu/Monitors/WashHeaterFaultMonitor/HeaterNeutralRelayOpenMonitor\
#        -Isource/Category/Application/acu/Monitors/WashHeaterFaultMonitor/HeaterOpenAndLineRelayClosedMonitor\
#        -Isource/Category/Application/acu/Monitors/WashHeaterFaultMonitor/HeaterOpenMonitor\
#        -Isource/Category/Application/acu/Monitors/WashMotorFaultMonitor\
#        -Isource/Category/Application/acu/Monitors/ZeroCrossMonitor\
#        -Isource/Category/Application/acu/Processes/AlternateCtrl\
#        -Isource/Category/Application/acu/Processes/Fill\
#        -Isource/Category/Application/acu/Processes/Fill/ClassAFill\
#        -Isource/Category/Application/acu/Processes/Fill/Fill\
#        -Isource/Category/Application/acu/Processes/Fill/TankDrain\
#        -Isource/Category/Application/acu/Processes/Fill/TankFill\
#        -Isource/Category/Application/acu/Processes/Heat\
#        -Isource/Category/Application/acu/Processes/ModelProcesses/OWICalibrationModel\
#        -Isource/Category/Application/acu/Processes/ModelProcesses/OWICalibrationModel/CodeGeneration\
#        -Isource/Category/Application/acu/Processes/ModelProcesses/PartialDrainModel\
#        -Isource/Category/Application/acu/Processes/ModelProcesses/PartialDrainModel/CodeGeneration\
#        -Isource/Category/Application/acu/Processes/ModelProcesses/SensedDrainModel\
#        -Isource/Category/Application/acu/Processes/ModelProcesses/SensedDrainModel/CodeGeneration\
#        -Isource/Category/Application/acu/Processes/OWI\
#        -Isource/Category/Application/acu/Processes/OWI_VRO\
#        -Isource/Category/Application/acu/Processes/OWIOneShot\
#        -Isource/Category/Application/acu/Processes/PumpControl\
#        -Isource/Category/Application/acu/Processes/Regenerate\
#        -Isource/Category/Application/acu/Processes/RinseAidDispense\
#        -Isource/Category/Application/acu/Processes/RinseAidDispense/RinseAid\
#        -Isource/Category/Application/acu/Processes/RinseAidDispense/TridgeDetergent\
#        -Isource/Category/Application/acu/Tasks/DoorOpeningSystemPull\
#        -Isource/Category/Application/acu/Tasks/DoorOpeningSystemPush\
#        -Isource/Category/Application/acu/Tasks/HeaterShadowing\
#        -Isource/Category/Application/acu/Tasks/MoisturePrevention\
#        -Isource/Category/Application/acu/Tasks/OWIContinousReading\
#        -Isource/Category/Application/acu/Tasks/OwiVroContinuousReading\
#        -Isource/Category/Application/acu/Tasks/Sanitization\
#        -Isource/Category/Application/acu/Tasks/StabilityControl\
#        -Isource/Category/Application/acu/Tasks/TimeElapse\
#        -Isource/Category/Application/acu/VWI\
#        -Isource/Category/Application/all/ActivePower\
#        -Isource/Category/Application/all/API007App\
#        -Isource/Category/Application/all/Config\
#        -Isource/Category/Common/acu/CommonDish/DishAuxVar\
#        -Isource/Category/Common/acu/CommonDish/PumpCommand\
#        -Isource/Category/Common/acu/CommonDish/StatisticsDish\
#        -Isource/Category/Common/all/BoardDebugging\
#        -Isource/Category/Common/all/Config\
#        -Isource/Category/Common/all/MasterCommander\
#        -Isource/Category/Common/all/MasterCommander/Source\
#        -Isource/Category/Common/all/MasterCommander/Source/HAL\
#        -Isource/Category/Common/all/SharedUtils\
#        -Isource/Category/Hbl/acu/ACULoadHandler/AlternateLoad\
#        -Isource/Category/Hbl/acuexpacu/ACUGIHandler/WaterCounterGI\
#        -Isource/Category/Hbl/acuexpacu/ACULoadHandler/HeaterLoad\
#        -Isource/Category/Hbl/acuexpacu/ACULoadHandler/TriacMci\
#        -Isource/Category/Hbl/all/Config\ -Isource/Category/Hbl/all/Mci\
#        -Isource/Category/Hbl/all/Mci/MciZeroCross\
#        -Isource/Category/Hbl/all/Mci/Slfac\
#        -Isource/Category/Hbl/all/Mci/Slfac/Macroblocks\
#        -Isource/Category/Hbl/all/Mci/Slfac/Microblocks/GlitchFilter\
#        -Isource/Category/Hbl/all/Mci/Slfac/Microblocks/IIRFilter\
#        -Isource/Category/Hbl/all/Mci/Slfac/Microblocks/MathCalc\
#        -Isource/Category/Hbl/all/Mci/Slfac/Microblocks/PeakDetector\
#        -Isource/Category/Hbl/all/Mci/Slfac/Microblocks/Pi\
#        -Isource/Category/Hbl/all/MCUDrivers/TimeCapture\
#        -Isource/Category/Hbl/all/MCUDrivers/TimerInterruptExt\
#        -Isource/Micros/STM32G0x/Driver/Atod\
#        -Isource/Micros/STM32G0x/Driver/DataFlash\
#        -Isource/Micros/STM32G0x/Driver/Dma\
#        -Isource/Micros/STM32G0x/Driver/Dtoa\
#        -Isource/Micros/STM32G0x/Driver/ExtInterrupt\
#        -Isource/Micros/STM32G0x/Driver/Flash\
#        -Isource/Micros/STM32G0x/Driver/Gpio\
#        -Isource/Micros/STM32G0x/Driver/I2c\
#        -Isource/Micros/STM32G0x/Driver/IntMgr\
#        -Isource/Micros/STM32G0x/Driver/Micro\
#        -Isource/Micros/STM32G0x/Driver/MicroExt\
#        -Isource/Micros/STM32G0x/Driver/Rtc\
#        -Isource/Micros/STM32G0x/Driver/RTCDriver\
#        -Isource/Micros/STM32G0x/Driver/Spi\
#        -Isource/Micros/STM32G0x/Driver/Timeout\
#        -Isource/Micros/STM32G0x/Driver/Timer\
#        -Isource/Micros/STM32G0x/Driver/TimerInterrupt\
#        -Isource/Micros/STM32G0x/Driver/Uart\
#        -Isource/ProjectSpecific/Application/acu/Config\
#        -Isource/ProjectSpecific/Application/acu/LowPower\
#        -Isource/ProjectSpecific/Application/acuexpacu/Config\
#        -Isource/ProjectSpecific/Application/all/Config\
#        -Isource/ProjectSpecific/Application/all/MCUDebug\
#        -Isource/ProjectSpecific/Application/all/ProductInfo\
#        -Isource/ProjectSpecific/Common/acu/Config\
#        -Isource/ProjectSpecific/Common/all/Config\
#        -Isource/ProjectSpecific/Common/all/Debug\
#        -Isource/ProjectSpecific/Common/all/SRConfig\
#        -Isource/ProjectSpecific/Driver/STM32G0x\
#        -Isource/ProjectSpecific/Hbl/acuexpacu/Config\
#        -Isource/ProjectSpecific/Hbl/acuexpacu/SRConfig\
#        -Isource/ProjectSpecific/Hbl/all/Config\
#        -Isource/ProjectSpecific/Hbl/all/Config/Mci\
#        -Isource/ProjectSpecific/Hbl/all/Config/Mci/MasterCommander\
#        -Isource/ProjectSpecific/Hbl/all/Config/Mci/MCUDrivers\
#        -Isource/ProjectSpecific/Hbl/all/SRConfig\
#        -Isource/XCategory/Application/acu/API221MotionCtrl\
#        -Isource/XCategory/Application/acu/Calibration\
#        -Isource/XCategory/Application/acu/Condition\
#        -Isource/XCategory/Application/acu/Estimator\
#        -Isource/XCategory/Application/acu/Interpreter\
#        -Isource/XCategory/Application/acu/Processes/ActivateTask\
#        -Isource/XCategory/Application/acu/Processes/JumpIf\
#        -Isource/XCategory/Application/acu/Processes/LoadsControl\
#        -Isource/XCategory/Application/acu/Processes/Maintain\
#        -Isource/XCategory/Application/acu/Processes/SetVariable\
#        -Isource/XCategory/Application/acu/RegulationAccept\
#        -Isource/XCategory/Application/acu/Selector\
#        -Isource/XCategory/Application/acu/SubCycle\
#        -Isource/XCategory/Application/acu/Supervisor\
#        -Isource/XCategory/Application/acu/TestMgr\
#        -Isource/XCategory/Application/acuexpacu/ApplianceMgr\
#        -Isource/XCategory/Application/acuhmi/CommunicationMonitor\
#        -Isource/XCategory/Application/acuhmi/Modifier\
#        -Isource/XCategory/Application/acuhmi/Regulations\
#        -Isource/XCategory/Application/acuhmi/Status\
#        -Isource/XCategory/Application/all/API007Data\
#        -Isource/XCategory/Application/all/API011AppCtr\
#        -Isource/XCategory/Application/all/API012Exp\
#        -Isource/XCategory/Application/all/API013RemoteFunction\
#        -Isource/XCategory/Application/all/API018Diagnostic\
#        -Isource/XCategory/Application/all/API220MotorControl\
#        -Isource/XCategory/Application/all/API220MotorControl/Api\
#        -Isource/XCategory/Application/all/Mode\
#        -Isource/XCategory/Application/all/Reveal_Basic/API003Disc\
#        -Isource/XCategory/Application/all/Reveal_Basic/API004Debug\
#        -Isource/XCategory/Application/all/Reveal_Basic/API004Debug/SW05SoftwareTest\
#        -Isource/XCategory/Application/all/Reveal_Basic/API005LowLevel\
#        -Isource/XCategory/Application/all/Reveal_Basic/API009System\
#        -Isource/XCategory/Application/all/Reveal_Basic/API010PollVar\
#        -Isource/XCategory/Application/all/Reveal_Basic/API019ProductInfo\
#        -Isource/XCategory/Application/all/SFUpdater\
#        -Isource/XCategory/Application/all/SRAPI020Safety\
#        -Isource/XCategory/Application/all/StatusLed\
#        -Isource/XCategory/Common/acu/BrownOut\
#        -Isource/XCategory/Common/acu/Fault\
#        -Isource/XCategory/Common/acu/Statistics\
#        -Isource/XCategory/Common/all/Common/Callback\
#        -Isource/XCategory/Common/all/Common/Convert\
#        -Isource/XCategory/Common/all/Common/Crc16\
#        -Isource/XCategory/Common/all/Common/Crc32\
#        -Isource/XCategory/Common/all/Common/Crc8\
#        -Isource/XCategory/Common/all/Common/Equation\
#        -Isource/XCategory/Common/all/Common/Filter\
#        -Isource/XCategory/Common/all/Common/FITMgr\
#        -Isource/XCategory/Common/all/Common/I2cMgr\
#        -Isource/XCategory/Common/all/Common/IAPEmul\
#        -Isource/XCategory/Common/all/Common/Log\
#        -Isource/XCategory/Common/all/Common/Millis\
#        -Isource/XCategory/Common/all/Common/SeggerRTT\
#        -Isource/XCategory/Common/all/Common/SeggerRTT/SEGGER_RTT/Config\
#        -Isource/XCategory/Common/all/Common/SeggerRTT/SEGGER_RTT/RTT\
#        -Isource/XCategory/Common/all/Common/SettingFile\
#        -Isource/XCategory/Common/all/Common/SFVersionCheck\
#        -Isource/XCategory/Common/all/Common/SystemConfig\
#        -Isource/XCategory/Common/all/Common/SystemTimers\
#        -Isource/XCategory/Common/all/Common/Utilities\
#        -Isource/XCategory/Common/all/Common/Variable\
#        -Isource/XCategory/Common/all/SRCommon/SRClockMonitor\
#        -Isource/XCategory/Common/all/SRCommon/SRData\
#        -Isource/XCategory/Common/all/SRCommon/SRException\
#        -Isource/XCategory/Common/all/SRCommon/SRIsrMonitor\
#        -Isource/XCategory/Common/all/SRCommon/SRPowerMgr\
#        -Isource/XCategory/Common/all/SRCommon/SRSignature\
#        -Isource/XCategory/Common/all/SRCommon/SRSystemConfig\
#        -Isource/XCategory/Common/all/SRCommon/SRTaskMonitor\
#        -Isource/XCategory/Common/all/SRCommon/SRTaskSequence\
#        -Isource/XCategory/Common/all/SRCommon/SRTimerReference\
#        -Isource/XCategory/Common/all/SRCommon/SRUnusedPinsConfig\
#        -Isource/XCategory/Common/all/SRMain\
#        -Isource/XCategory/Common/all/SRMain/BackgroundThreads\
#        -Isource/XCategory/Common/all/SRMain/OsServices\
#        -Isource/XCategory/Common/all/SRMain/StackAnalysis\
#        -Isource/XCategory/Common/all/SRMain/TimingAnalysis\
#        -Isource/XCategory/Driver/APIs/Atod\
#        -Isource/XCategory/Driver/APIs/Comparator\
#        -Isource/XCategory/Driver/APIs/DataFlash\
#        -Isource/XCategory/Driver/APIs/Dma\
#        -Isource/XCategory/Driver/APIs/Dtc\
#        -Isource/XCategory/Driver/APIs/Dtoa\
#        -Isource/XCategory/Driver/APIs/EmbOS\
#        -Isource/XCategory/Driver/APIs/ExtInterrupt\
#        -Isource/XCategory/Driver/APIs/Flash\
#        -Isource/XCategory/Driver/APIs/Gpio\
#        -Isource/XCategory/Driver/APIs/I2c\
#        -Isource/XCategory/Driver/APIs/IntMgr\
#        -Isource/XCategory/Driver/APIs/Micro\
#        -Isource/XCategory/Driver/APIs/MicroExt\
#        -Isource/XCategory/Driver/APIs/Rtc\
#        -Isource/XCategory/Driver/APIs/RTCDriver\
#        -Isource/XCategory/Driver/APIs/Spi\
#        -Isource/XCategory/Driver/APIs/Timeout\
#        -Isource/XCategory/Driver/APIs/Timer\
#        -Isource/XCategory/Driver/APIs/TimerInterrupt\
#        -Isource/XCategory/Driver/APIs/Touch\
#        -Isource/XCategory/Driver/APIs/Uart\
#        -Isource/XCategory/Hbl/acu/FdmCounter\
#        -Isource/XCategory/Hbl/acu/FdmTimer\
#        -Isource/XCategory/Hbl/acuexpacu/ACUGIHandler/ConvertGI\
#        -Isource/XCategory/Hbl/acuexpacu/ACUGIHandler/DirectGI\
#        -Isource/XCategory/Hbl/acuexpacu/ACUGIHandler/DoorSwitchGI\
#        -Isource/XCategory/Hbl/acuexpacu/ACUGIHandler/ProbeGI\
#        -Isource/XCategory/Hbl/acuexpacu/ACUGIHandler/ProbeLpsGI\
#        -Isource/XCategory/Hbl/acuexpacu/ACULoadHandler/DCFanLoad\
#        -Isource/XCategory/Hbl/acuexpacu/ACUPilotHandler/AnalogOutputPilot\
#        -Isource/XCategory/Hbl/acuexpacu/ACUPilotHandler/ChargePumpPilot\
#        -Isource/XCategory/Hbl/acuexpacu/ACUPilotHandler/DigitalOutputMultiPilot\
#        -Isource/XCategory/Hbl/acuexpacu/ACUPilotHandler/DigitalOutputPilot\
#        -Isource/XCategory/Hbl/acuexpacu/ACUPilotHandler/DoorLockEMPilot\
#        -Isource/XCategory/Hbl/acuexpacu/ACUPilotHandler/DoorLockWaxPilot\
#        -Isource/XCategory/Hbl/acuexpacu/ACUPilotHandler/ExpansionPilot\
#        -Isource/XCategory/Hbl/acuexpacu/ACUPilotHandler/ExternalMotorPilot\
#        -Isource/XCategory/Hbl/acuexpacu/ACUPilotHandler/FSMPilot\
#        -Isource/XCategory/Hbl/acuexpacu/ACUPilotHandler/MagnetronPilot\
#        -Isource/XCategory/Hbl/acuexpacu/ACUPilotHandler/MotorPilot\
#        -Isource/XCategory/Hbl/acuexpacu/ACUPilotHandler/MultiDriverPilot\
#        -Isource/XCategory/Hbl/acuexpacu/ACUPilotHandler/MultiSequencePilot\
#        -Isource/XCategory/Hbl/acuexpacu/ACUPilotHandler/NonfunctionalPilot\
#        -Isource/XCategory/Hbl/acuexpacu/ACUPilotHandler/PwmHiResPilot\
#        -Isource/XCategory/Hbl/acuexpacu/ACUPilotHandler/PwmPilot\
#        -Isource/XCategory/Hbl/acuexpacu/ACUPilotHandler/SRChargePumpPilot\
#        -Isource/XCategory/Hbl/acuexpacu/ACUPilotHandler/SRDigitalOutputMultiPilot\
#        -Isource/XCategory/Hbl/acuexpacu/ACUPilotHandler/SRDigitalOutputPilot\
#        -Isource/XCategory/Hbl/acuexpacu/ACUPilotHandler/SRDoorLockEMPilot\
#        -Isource/XCategory/Hbl/acuexpacu/ACUPilotHandler/SRDoorLockWaxPilot\
#        -Isource/XCategory/Hbl/acuexpacu/ACUPilotHandler/SRUMRelayPilot\
#        -Isource/XCategory/Hbl/acuexpacu/ACUPilotHandler/SteadyPwmProfilePilot\
#        -Isource/XCategory/Hbl/acuexpacu/ACUPilotHandler/StepperPilot\
#        -Isource/XCategory/Hbl/acuexpacu/ACUPilotHandler/TriacSwitchPilot\
#        -Isource/XCategory/Hbl/acuexpacu/ACUPilotHandler/ZCRelayPilot\
#        -Isource/XCategory/Hbl/acuexpacu/ACUPilotHandler/ZCTriacPilot\
#        -Isource/XCategory/Hbl/acuexpacu/HblAcu\
#        -Isource/XCategory/Hbl/acuexpacu/HblAcu/CrossLoads\
#        -Isource/XCategory/Hbl/acuexpacu/HblAcu/SetLoadQueue\
#        -Isource/XCategory/Hbl/acuexpacu/HblAcu/SRProductMgr\
#        -Isource/XCategory/Hbl/acuexpacu/HblAcu/ZeroCross\
#        -Isource/XCategory/Hbl/all/Hbl\
#        -Isource/XCategory/Hbl/all/Hbl/DefaultPin\
#        -Isource/XCategory/Hbl/all/Hbl/HblCommon\
#        -Isource/XCategory/Hbl/all/Hbl/VirtualPin\
#        -Isource/XCategory/Hbl/all/LLIHandler/AbsoluteHumidityLLI\
#        -Isource/XCategory/Hbl/all/LLIHandler/AccelerometerLLI\
#        -Isource/XCategory/Hbl/all/LLIHandler/AccelerometerLLI/AccelBaseline\
#        -Isource/XCategory/Hbl/all/LLIHandler/AccelerometerLLI/AccelDiscover\
#        -Isource/XCategory/Hbl/all/LLIHandler/AccelerometerLLI/FXLS8974\
#        -Isource/XCategory/Hbl/all/LLIHandler/AccelerometerLLI/FXLS8974/SelfTestFXLS8974\
#        -Isource/XCategory/Hbl/all/LLIHandler/AccelerometerLLI/LISxDH\
#        -Isource/XCategory/Hbl/all/LLIHandler/AnalogLLI\
#        -Isource/XCategory/Hbl/all/LLIHandler/ConductivityLLI\
#        -Isource/XCategory/Hbl/all/LLIHandler/DigitalLLI\
#        -Isource/XCategory/Hbl/all/LLIHandler/EncoderLLI\
#        -Isource/XCategory/Hbl/all/LLIHandler/ExpansionLLI\
#        -Isource/XCategory/Hbl/all/LLIHandler/FeedbackLLI\
#        -Isource/XCategory/Hbl/all/LLIHandler/I2CInfraredLLI\
#        -Isource/XCategory/Hbl/all/LLIHandler/I2CPressureSensorLLI\
#        -Isource/XCategory/Hbl/all/LLIHandler/I2CRHTSensorLLI\
#        -Isource/XCategory/Hbl/all/LLIHandler/InputCaptureLLI\
#        -Isource/XCategory/Hbl/all/LLIHandler/MultiInputLLI\
#        -Isource/XCategory/Hbl/all/LLIHandler/NonfunctionalLLI\
#        -Isource/XCategory/Hbl/all/LLIHandler/PulseCounterLLI\
#        -Isource/XCategory/Hbl/all/LLIHandler/SRAnalogLLI\
#        -Isource/XCategory/Hbl/all/LLIHandler/SRDigitalLLI\
#        -Isource/XCategory/Hbl/all/LLIHandler/SRFeedbackLLI\
#        -Isource/XCategory/Hbl/all/LLIHandler/SRI2CPressureSensorLLI\
#        -Isource/XCategory/Hbl/all/LLIHandler/SRICTachometerLLI\
#        -Isource/XCategory/Hbl/all/LLIHandler/SRInputCaptureLLI\
#        -Isource/XCategory/Hbl/all/LLIHandler/SRTouchKeyLLI\
#        -Isource/XCategory/Hbl/all/LLIHandler/SRTriacFeedbackLLI\
#        -Isource/XCategory/Hbl/all/LLIHandler/TouchKeyLLI\
#        -Isource/XCategory/Hbl/all/LLIHandler/TouchSliderLLI\
#        -Isource/XCategory/Hbl/all/LLIHandler/TouchWheelLLI\
#        -Isource/XCategory/Hbl/all/LLIHandler/TriacFeedbackLLI\
#        -Isource/XCategory/Hbl/all/LLIHandler/VirtualDigitalLLI\
#        -Isource/XCategory/Service/all/NVData\
#        -Isource/XCategory/Service/all/Reveal\
#        -Isource/XCategory/Service/all/Win\) -l
#        listings\MagnetronPilotMainsSampler.lst -o
#        obj\MagnetronPilotMainsSampler.obj
#        source/XCategory/Hbl/acuexpacu/ACUPilotHandler/MagnetronPilot/MagnetronPilotMainsSampler.c
#    Locale       =  English_United States.1252
#    List file    =  listings\MagnetronPilotMainsSampler.lst
#    Object file  =  obj\MagnetronPilotMainsSampler.obj
#
###############################################################################

C:\Data\Nucleus_Dev\Vostok_ACU_A\source\XCategory\Hbl\acuexpacu\ACUPilotHandler\MagnetronPilot\MagnetronPilotMainsSampler.c
      1          /**
      2           *  @file
      3           *
      4           *  @brief      Implementation for the Magnetron Pilot Mains Sampler.
      5           *
      6           *  @details    Detailed description of the file contents
      7           *
      8           *  @copyright  Copyright 2018 Whirlpool Corporation. All rights reserved - CONFIDENTIAL
      9           */
     10          //---------------------------------------------------------------------------------------------------------------------
     11          //---------------------------------------------------------------------------------------------------------------------
     12          
     13          //-------------------------------------- Include Files ----------------------------------------------------------------
     14          #include "SystemConfig.h"
     15          
     16          #if (HBL_PILOT_NUM_MAGNETRON > 0)
     17          #include "MagnetronPilotMainsSampler.h"
     18          #include "MagnetronPilotMainsSampler_prv.h"
     19          #include "Hbl.h"
     20          #include "Log.h"
     21          #include "Gpio.h"
     22          #include "VirtualPin.h"
     23          
     24          #include <string.h>
     25          
     26          //  --- Private Declarations ------------------------------------------------------------------------------------------
     27          //! Enumeration for mains detection state.
     28          typedef enum
     29          {
     30              MAINS_DETECT_STATE_UNKNOWN = 0,
     31              MAINS_DETECT_STATE_LOST,
     32              MAINS_DETECT_STATE_FOUND
     33          }MAINS_DETECTION_STATE_TYPE;
     34          
     35          //! Mains Sampler data type declaration.
     36          typedef PACKED struct MAINS_SAMPLER_DATA_STRUCT
     37          {
     38              uint8 Mains_Feedback_Pin;
     39              uint8 AC_Mains_Same_Phase                     : 1;
     40              MAINS_DETECTION_STATE_TYPE Mains_Detect_State : 2;    //!< Mains detect state.
     41              uint8 Mains_Detect_State_Changed              : 1;
     42              uint8 Mains_Detect_Early_Warning              : 1;
     43              MAINS_FREQUENCY_TYPE Mains_Freq_State         : 1;    //!< Mains signal frequency state.
     44              uint8 High_Pulse                              : 1;
     45              uint8 Mains_Period;
     46              uint8 Counter;
     47              uint8 High_Counter;
     48              uint8 Low_Counter;
     49              uint8 Zero_Cross_LH_Cnt1;
     50              uint8 Zero_Cross_HL_Cnt2;
     51              uint8 L_Pos_Cnt;
     52              uint8 L_Neg_Cnt;
     53              uint8 Max_Count;
     54              uint8 Min_High_Level_Count;
     55              uint8 Min_Low_Level_Count;
     56              uint8 Max_L_Pos_Count;
     57              uint8 Min_L_Pos_Count;
     58              uint8 Mains_Period_Wait_Counter;
     59              uint8 Mains_Period_Resume_Counter;
     60          } MAINS_SAMPLER_DATA_TYPE;
     61          
     62          //! The name of this module for use by the Log module.
     63          #define MODULE_NAME MODULE_MAGNETRON_PILOT_MAINS_SAMPLER
     64          
     65          //! A list of log message IDs that are generated by this module.
     66          typedef enum MODULE_MAGNETRON_PILOT_MAINS_SAMPLER_LOG_MESSAGE_ID_ENUM
     67          {
     68              MAINS_SIGNAL_FOUND                                  = 1,
     69              MAINS_SIGNAL_EARLY_WARNING                          = 2,
     70              MAINS_SIGNAL_LOST                                   = 3,
     71          } MODULE_MAGNETRON_PILOT_MAINS_SAMPLER_LOG_MESSAGE_ID_TYPE;
     72          
     73          //  --- Private Definitions -------------------------------------------------------------------------------------------
     74          //! Pilot index for current running magnetron state machine.
     75          static uint8 Pilot_Index;
     76          
     77          //! Mains sampler data.
     78          static MAINS_SAMPLER_DATA_TYPE Mains_Sampler_Data[HBL_PILOT_NUM_MAGNETRON];
     79          
     80          //  --- Private Function Prototypes -----------------------------------------------------------------------------------
     81          static void MainsSamplerRecalcEvents(uint8 count);
     82          static void MainsSamplerMainsLostDetection(void);
     83          static void MainsSamplerMainsFoundDetection(void);
     84          
     85          //=====================================================================================================================
     86          //-------------------------------------- Public Functions -------------------------------------------------------------
     87          //=====================================================================================================================
     88          //---------------------------------------------------------------------------------------------------------------------
     89          /**
     90           *  @brief      It Initializes the module MagnetronPilotMainsSampler and its variables
     91           */
     92          void MagnetronPilotMainsSampler__Initialize(void)
     93          {
     94              Pilot_Index = 0;
     95              memset(Mains_Sampler_Data, 0, sizeof(Mains_Sampler_Data));
     96          }
     97          
     98          //---------------------------------------------------------------------------------------------------------------------
     99          /**
    100           *  @brief      Initialize magnetron pilot Mains Sampler instance.
    101           *
    102           *  @param      uint8 Pilot_Index - Index to associated magnetron Pilot instance.
    103           *              uint8 AC_Mains_Same_Phase - Flag to indicate AC and mains phase: True: Same Phase / False: Reversed Phaser.
    104           *              uint8 Mains_Feedback_Pin - Index into virtual pin table to find the Mains feedback signal.
    105           *
    106           *  @return     void
    107           */
    108          void MagnetronPilotMainsSampler__InitializeInstance(uint8 Parent_Pilot_Index, uint8 AC_Mains_Same_Phase, uint8 Mains_Feedback_Pin)
    109          {
    110              uint8 table_index;
    111          
    112              Pilot_Index = Parent_Pilot_Index;
    113          
    114              Mains_Sampler_Data[Pilot_Index].AC_Mains_Same_Phase = AC_Mains_Same_Phase;
    115              Mains_Sampler_Data[Pilot_Index].Mains_Feedback_Pin = Mains_Feedback_Pin;
    116          
    117              //! Initialize mains pin
    118              table_index = Mains_Sampler_Data[Pilot_Index].Mains_Feedback_Pin;
    119              if (VIRTUALPIN_TABLE[table_index].port != PORT_NULL)
    120              {
    121                  Gpio__PinConfig(VIRTUALPIN_TABLE[table_index].port, VIRTUALPIN_TABLE[table_index].pin, VIRTUALPIN_TABLE[table_index].pin_config);
    122              }
    123          
    124              //! Initialize mains parameter
    125              Mains_Sampler_Data[Pilot_Index].Mains_Period = ONE_PERIOD_COUNT_60HZ;
    126              Mains_Sampler_Data[Pilot_Index].Counter = MAX_COUNT_60HZ;
    127              Mains_Sampler_Data[Pilot_Index].High_Counter = 0;
    128              Mains_Sampler_Data[Pilot_Index].Low_Counter = MAX_COUNT_60HZ;
    129              Mains_Sampler_Data[Pilot_Index].Max_Count = MAX_COUNT_50HZ;
    130              Mains_Sampler_Data[Pilot_Index].Min_High_Level_Count = MIN_HIGH_LEVEL_COUNT_60HZ;
    131              Mains_Sampler_Data[Pilot_Index].Min_Low_Level_Count = MIN_LOW_LEVEL_COUNT_60HZ;
    132              Mains_Sampler_Data[Pilot_Index].Max_L_Pos_Count = MAX_L_POS_COUNT_50HZ;
    133              Mains_Sampler_Data[Pilot_Index].Min_L_Pos_Count = MIN_L_POS_COUNT_60HZ;
    134              Mains_Sampler_Data[Pilot_Index].High_Pulse = 0;
    135              Mains_Sampler_Data[Pilot_Index].Mains_Detect_State = MAINS_DETECT_STATE_UNKNOWN;
    136              Mains_Sampler_Data[Pilot_Index].Mains_Detect_State_Changed = FALSE;
    137              Mains_Sampler_Data[Pilot_Index].Mains_Detect_Early_Warning = FALSE;
    138              Mains_Sampler_Data[Pilot_Index].Mains_Freq_State = MAINS_FREQ_ERROR;
    139              Mains_Sampler_Data[Pilot_Index].Mains_Period_Wait_Counter = 0;
    140              Mains_Sampler_Data[Pilot_Index].Mains_Period_Resume_Counter = 0;
    141              MainsSamplerRecalcEvents(DEFAULT_L_POS_COUNT_60HZ);
    142          }
    143          
    144          //---------------------------------------------------------------------------------------------------------------------
    145          /**
    146           *  @brief      Handler called at every 200us.
    147           */
    148          void MagnetronPilotMainsSampler__200usHandler(uint8 Parent_Pilot_Index)
    149          {
    150              //! Save Pilot_Index before entering interrupt handler
    151              uint8 Pilot_Index_Bak = Pilot_Index;
    152          
    153              Pilot_Index = Parent_Pilot_Index;
    154          
    155              uint8 mains_pinState = 0;
    156              uint8 table_index = Mains_Sampler_Data[Pilot_Index].Mains_Feedback_Pin;
    157              if (VIRTUALPIN_TABLE[table_index].port != PORT_NULL)
    158              {
    159                  mains_pinState = Gpio__PinRead(VIRTUALPIN_TABLE[table_index].port, VIRTUALPIN_TABLE[table_index].pin);
    160              }
    161          
    162              if (Mains_Sampler_Data[Pilot_Index].High_Pulse == TRUE)
    163              {
    164                  Mains_Sampler_Data[Pilot_Index].High_Counter++;
    165          
    166                  if (mains_pinState == 0)
    167                  {
    168                      if (Mains_Sampler_Data[Pilot_Index].High_Counter > Mains_Sampler_Data[Pilot_Index].Min_High_Level_Count) // the condition of accepting the fall edge coming.
    169                      {
    170                          MainsSamplerRecalcEvents(Mains_Sampler_Data[Pilot_Index].Counter);
    171                          Mains_Sampler_Data[Pilot_Index].Low_Counter = 0;
    172                          Mains_Sampler_Data[Pilot_Index].High_Pulse = FALSE;
    173                      }
    174                  }
    175              }
    176              else
    177              {
    178                  Mains_Sampler_Data[Pilot_Index].Low_Counter++;
    179          
    180                  if (mains_pinState == 1)
    181                  {
    182                      if (Mains_Sampler_Data[Pilot_Index].Low_Counter > Mains_Sampler_Data[Pilot_Index].Min_Low_Level_Count) // the condition of accepting the rise edge coming.
    183                      {
    184                          if (Mains_Sampler_Data[Pilot_Index].Mains_Period < Mains_Sampler_Data[Pilot_Index].Counter)
    185                          {
    186                              ++Mains_Sampler_Data[Pilot_Index].Mains_Period;
    187                          }
    188                          else if (Mains_Sampler_Data[Pilot_Index].Mains_Period > Mains_Sampler_Data[Pilot_Index].Counter)
    189                          {
    190                              --Mains_Sampler_Data[Pilot_Index].Mains_Period;
    191                          }
    192          
    193                          if (((Mains_Sampler_Data[Pilot_Index].Mains_Period >= MAINS_LOW_LIMIT_60HZ) && (Mains_Sampler_Data[Pilot_Index].Mains_Period <= MAINS_HIGH_LIMIT_60HZ)) ||
    194                              ((Mains_Sampler_Data[Pilot_Index].Mains_Period >= MAINS_LOW_LIMIT_50HZ) && (Mains_Sampler_Data[Pilot_Index].Mains_Period <= MAINS_HIGH_LIMIT_50HZ)))
    195                          {
    196                              Mains_Sampler_Data[Pilot_Index].Mains_Freq_State = MAINS_FREQ_OK;
    197                              MAINS_PERIOD_SYNC(Pilot_Index, Mains_Sampler_Data[Pilot_Index].Mains_Period);
    198                          }
    199                          else
    200                          {
    201                              Mains_Sampler_Data[Pilot_Index].Mains_Freq_State = MAINS_FREQ_ERROR;
    202                          }
    203          
    204                          Mains_Sampler_Data[Pilot_Index].Counter = 0;
    205                          Mains_Sampler_Data[Pilot_Index].High_Counter = 0;
    206                          Mains_Sampler_Data[Pilot_Index].High_Pulse = TRUE;
    207                      }
    208                  }
    209              }
    210          
    211              MAINS_EVENT_TYPE mains_event = MAINS_NO_EVENT;
    212          
    213              MainsSamplerMainsLostDetection();
    214          
    215              if (Mains_Sampler_Data[Pilot_Index].Counter == Mains_Sampler_Data[Pilot_Index].Zero_Cross_LH_Cnt1)
    216              {
    217                  mains_event = ((Mains_Sampler_Data[Pilot_Index].AC_Mains_Same_Phase == TRUE) ? MAINS_ANGLE_0_EVENT : MAINS_ANGLE_180_EVENT);
    218                  MainsSamplerMainsFoundDetection();
    219              }
    220              else if (Mains_Sampler_Data[Pilot_Index].Counter == Mains_Sampler_Data[Pilot_Index].L_Pos_Cnt && Mains_Sampler_Data[Pilot_Index].High_Pulse == TRUE)
    221              {
    222                  mains_event = ((Mains_Sampler_Data[Pilot_Index].AC_Mains_Same_Phase == TRUE) ? MAINS_ANGLE_90_EVENT : MAINS_ANGLE_270_EVENT);
    223              }
    224              else if (Mains_Sampler_Data[Pilot_Index].Counter == Mains_Sampler_Data[Pilot_Index].Zero_Cross_HL_Cnt2)
    225              {
    226                  mains_event = ((Mains_Sampler_Data[Pilot_Index].AC_Mains_Same_Phase == TRUE) ? MAINS_ANGLE_180_EVENT : MAINS_ANGLE_0_EVENT);
    227                  MainsSamplerMainsFoundDetection();
    228              }
    229              else if (Mains_Sampler_Data[Pilot_Index].Counter == Mains_Sampler_Data[Pilot_Index].L_Neg_Cnt && Mains_Sampler_Data[Pilot_Index].High_Pulse == FALSE)
    230              {
    231                  mains_event = ((Mains_Sampler_Data[Pilot_Index].AC_Mains_Same_Phase == TRUE) ? MAINS_ANGLE_270_EVENT : MAINS_ANGLE_90_EVENT);
    232              }
    233          
    234              MAINS_EVENT_HANDLER(Pilot_Index, mains_event);
    235          
    236              if (Mains_Sampler_Data[Pilot_Index].Counter < Mains_Sampler_Data[Pilot_Index].Max_Count)
    237              {
    238                  Mains_Sampler_Data[Pilot_Index].Counter++;
    239              }
    240          
    241              if (Mains_Sampler_Data[Pilot_Index].Low_Counter > Mains_Sampler_Data[Pilot_Index].Max_Count)
    242              {
    243                  Mains_Sampler_Data[Pilot_Index].Low_Counter = Mains_Sampler_Data[Pilot_Index].Max_Count;
    244              }
    245          
    246              if (Mains_Sampler_Data[Pilot_Index].High_Counter > Mains_Sampler_Data[Pilot_Index].Max_Count)
    247              {
    248                  Mains_Sampler_Data[Pilot_Index].High_Counter = Mains_Sampler_Data[Pilot_Index].Max_Count;
    249              }
    250          
    251              //! Restore Pilot_Index before exiting interrupt handler
    252              Pilot_Index = Pilot_Index_Bak;
    253          }
    254          
    255          //---------------------------------------------------------------------------------------------------------------------
    256          /**
    257           * @brief      Handler called at every 5ms.
    258           * @param      load
    259           * @return
    260           */
    261          //---------------------------------------------------------------------------------------------------------------------
    262          void MagnetronPilotMainsSampler__AsynchHandler(uint8 Parent_Pilot_Index)
    263          {
    264              Pilot_Index = Parent_Pilot_Index;
    265          
    266              //! Check if there is mains error msg needed to be published
    267              if (Mains_Sampler_Data[Pilot_Index].Mains_Detect_State_Changed == TRUE)
    268              {
    269                  Mains_Sampler_Data[Pilot_Index].Mains_Detect_State_Changed = FALSE;
    270                  if (Mains_Sampler_Data[Pilot_Index].Mains_Detect_State == MAINS_DETECT_STATE_FOUND)
    271                  {
    272                      LOG_ADD_EXCEPTION(MAINS_SIGNAL_FOUND, Pilot_Index);
    273                  }
    274                  else
    275                  {
    276                      LOG_ADD_EXCEPTION(MAINS_SIGNAL_LOST, Pilot_Index);
    277                  }
    278              }
    279          
    280              if (Mains_Sampler_Data[Pilot_Index].Mains_Detect_Early_Warning == TRUE)
    281              {
    282                  Mains_Sampler_Data[Pilot_Index].Mains_Detect_Early_Warning = FALSE;
    283                  LOG_ADD_EXCEPTION(MAINS_SIGNAL_EARLY_WARNING, Pilot_Index);
    284              }
    285          }
    286          
    287          //---------------------------------------------------------------------------------------------------------------------
    288          /**
    289           * @brief      It return the mains detection status
    290           * @param      Pilot
    291           * @return
    292           */
    293          //---------------------------------------------------------------------------------------------------------------------
    294          MAINS_FREQUENCY_TYPE MagnetronPilotMainsSampler__GetMainsFrequencyStatus(uint8 Parent_Pilot_Index)
    295          {
    296              MAINS_FREQUENCY_TYPE state = MAINS_FREQ_ERROR;
    297          
    298              if (Mains_Sampler_Data[Pilot_Index].Mains_Detect_State == MAINS_DETECT_STATE_FOUND)
    299              {
    300                  state = Mains_Sampler_Data[Parent_Pilot_Index].Mains_Freq_State;
    301              }
    302          
    303              return state;
    304          }
    305          
    306          //=====================================================================================================================
    307          //-------------------------------------- Private Functions ------------------------------------------------------------
    308          //=====================================================================================================================
    309          //---------------------------------------------------------------------------------------------------------------------
    310          /**
    311           *  @brief calculate the zero cross point and peak point from mains high rise
    312           *  when L+ and mains signal is in same phase,
    313           *      "Zero_Cross_LH_Cnt1" means the zero cross point from N to L,
    314           *      "Zero_Cross_HL_Cnt2" means the zero cross point from L to N,
    315           *      "L_Pos_Cnt" means the peak point of L
    316           *      "L_Neg_Cnt" means the peak point of N
    317           * when L+ and mains signal is in reverse phase,
    318           *      "Zero_Cross_LH_Cnt1" means the zero cross point from L to N,
    319           *      "Zero_Cross_HL_Cnt2" means the zero cross point from N to L,
    320           *      "L_Pos_Cnt" means the peak point of N
    321           *      "L_Neg_Cnt" means the peak point of L
    322           */
    323          static void MainsSamplerRecalcEvents(uint8 count)
    324          {
    325              uint8 half_mains_period;
    326              sint8 zero_cross_slot;
    327          
    328              if ((count < Mains_Sampler_Data[Pilot_Index].Max_L_Pos_Count) && (count > Mains_Sampler_Data[Pilot_Index].Min_L_Pos_Count))
    329              {
    330                  // recalc zero cross
    331                  half_mains_period = Mains_Sampler_Data[Pilot_Index].Mains_Period / 2;
    332          
    333                  zero_cross_slot = ((count - half_mains_period)/2);
    334                  Mains_Sampler_Data[Pilot_Index].Zero_Cross_HL_Cnt2 = (half_mains_period + zero_cross_slot);
    335          
    336                  if (count > half_mains_period) //mains high width > AC high width
    337                  {
    338                      Mains_Sampler_Data[Pilot_Index].Zero_Cross_LH_Cnt1 = zero_cross_slot;
    339                  }
    340                  else
    341                  {
    342                      Mains_Sampler_Data[Pilot_Index].Zero_Cross_LH_Cnt1 = (Mains_Sampler_Data[Pilot_Index].Zero_Cross_HL_Cnt2 + half_mains_period);
    343                  }
    344          
    345                  //recalc positive peak and negative peak
    346                  Mains_Sampler_Data[Pilot_Index].L_Pos_Cnt = (count/2);
    347                  Mains_Sampler_Data[Pilot_Index].L_Neg_Cnt = (Mains_Sampler_Data[Pilot_Index].L_Pos_Cnt + (Mains_Sampler_Data[Pilot_Index].Mains_Period / 2));
    348              }
    349          }
    350          
    351          //---------------------------------------------------------------------------------------------------------------------
    352          /**
    353           *  @brief      It detect the mains lost state
    354           *
    355           */
    356          static void MainsSamplerMainsLostDetection(void)
    357          {
    358              Mains_Sampler_Data[Pilot_Index].Mains_Period_Wait_Counter++;
    359              if (Mains_Sampler_Data[Pilot_Index].Mains_Detect_State != MAINS_DETECT_STATE_LOST)
    360              {
    361                  if (Mains_Sampler_Data[Pilot_Index].Mains_Period_Wait_Counter >= MAINS_LOST_COUNT)
    362                  {
    363                      Mains_Sampler_Data[Pilot_Index].Mains_Detect_State = MAINS_DETECT_STATE_LOST;
    364                      Mains_Sampler_Data[Pilot_Index].Mains_Detect_State_Changed = TRUE;
    365                      Mains_Sampler_Data[Pilot_Index].Mains_Period_Resume_Counter = 0;
    366                  }
    367          
    368                  if (Mains_Sampler_Data[Pilot_Index].Mains_Period_Wait_Counter == MAINS_EARLY_WARNING_COUNT)
    369                  {
    370                      Mains_Sampler_Data[Pilot_Index].Mains_Detect_Early_Warning = TRUE;
    371                  }
    372              }
    373          }
    374          
    375          //---------------------------------------------------------------------------------------------------------------------
    376          /**
    377           *  @brief      It detect the mains found state
    378           *
    379           */
    380          static void MainsSamplerMainsFoundDetection(void)
    381          {
    382              if(Mains_Sampler_Data[Pilot_Index].Mains_Detect_State == MAINS_DETECT_STATE_FOUND)
    383              {
    384                  Mains_Sampler_Data[Pilot_Index].Mains_Period_Wait_Counter = 0;
    385              }
    386              else
    387              {
    388                  if(Mains_Sampler_Data[Pilot_Index].Mains_Period_Wait_Counter <= MAINS_RESUME_COUNT)
    389                  {
    390                      Mains_Sampler_Data[Pilot_Index].Mains_Period_Wait_Counter = 0;
    391                      Mains_Sampler_Data[Pilot_Index].Mains_Period_Resume_Counter++;
    392                      if(Mains_Sampler_Data[Pilot_Index].Mains_Period_Resume_Counter > 5) //!< 6 zero crosses needed to approve mains
    393                      {
    394                          Mains_Sampler_Data[Pilot_Index].Mains_Detect_State = MAINS_DETECT_STATE_FOUND;
    395                          Mains_Sampler_Data[Pilot_Index].Mains_Detect_State_Changed = TRUE;
    396                      }
    397                  }
    398                  else
    399                  {
    400                      Mains_Sampler_Data[Pilot_Index].Mains_Period_Wait_Counter = 0;
    401                      Mains_Sampler_Data[Pilot_Index].Mains_Period_Resume_Counter = 0;
    402                  }
    403              }
    404          }
    405          
    406          #endif //(HBL_PILOT_NUM_MAGNETRON > 0)
    407          


 

 


Errors: none
Warnings: none
