###############################################################################
#
# IAR ANSI C/C++ Compiler V7.70.1.11437/W32 for ARM       28/Feb/2025  14:17:25
# Copyright 1999-2016 IAR Systems AB.
#
#    Cpu mode     =  thumb
#    Endian       =  little
#    Source file  =  
#        source/Category/Hbl/all/Mci/Slfac/Macroblocks/MclInputProc.c
#    Command line =  
#        --cpu Cortex-M0+ -Oh --debug -e --only_stdout --silent -D
#        ENABLE_JUMP_TO_APPLICATION_WITHOUT_IAP_FIRMWARE --no_wrap_diagnostics
#        -f config\tmp\include_path.lnt
#        (-I../Nucleus-Tools-SDK/embOS/arm/v4.26/source\
#        -I../Nucleus-Tools-SDK/iar/arm/v7.70/cx/inc\
#        -Isource/Category/Application/acu/CycleResume\
#        -Isource/Category/Application/acu/Monitors/AutostartFactoryCycleMonitor\
#        -Isource/Category/Application/acu/Monitors/CartridgeDetectionMonitor\
#        -Isource/Category/Application/acu/Monitors/DCLoadCurrentMonitor\
#        -Isource/Category/Application/acu/Monitors/DiverterFaultMonitor\
#        -Isource/Category/Application/acu/Monitors/DiverterLeakFaultMonitor\
#        -Isource/Category/Application/acu/Monitors/DoorMonitor\
#        -Isource/Category/Application/acu/Monitors/DoorOpeningSystemMonitor\
#        -Isource/Category/Application/acu/Monitors/FanMotorFaultMonitor\
#        -Isource/Category/Application/acu/Monitors/FaultStatusMonitor\
#        -Isource/Category/Application/acu/Monitors/FillValveStuckOn\
#        -Isource/Category/Application/acu/Monitors/FlowMeterFaultMonitor\
#        -Isource/Category/Application/acu/Monitors/HeatMonitor\
#        -Isource/Category/Application/acu/Monitors/HotHighPotMonitor\
#        -Isource/Category/Application/acu/Monitors/LITTFaultMonitor\
#        -Isource/Category/Application/acu/Monitors/LITTMonitor\
#        -Isource/Category/Application/acu/Monitors/McuGetDataMonitor\
#        -Isource/Category/Application/acu/Monitors/ModelMonitors/AirlockDetectionMonitor\
#        -Isource/Category/Application/acu/Monitors/ModelMonitors/AirlockDetectionMonitor/CodeGeneration\
#        -Isource/Category/Application/acu/Monitors/ModelMonitors/HeaterCalcificationDetectionModel\
#        -Isource/Category/Application/acu/Monitors/ModelMonitors/HeaterCalcificationDetectionModel/CodeGeneration\
#        -Isource/Category/Application/acu/Monitors/ModelMonitors/OWIVoltageRegulatedOutputModel\
#        -Isource/Category/Application/acu/Monitors/ModelMonitors/OWIVoltageRegulatedOutputModel/CodeGeneration\
#        -Isource/Category/Application/acu/Monitors/ModelMonitors/PluggingDetectionMonitor\
#        -Isource/Category/Application/acu/Monitors/ModelMonitors/PluggingDetectionMonitor/CodeGeneration\
#        -Isource/Category/Application/acu/Monitors/MoisturePreventionMonitor\
#        -Isource/Category/Application/acu/Monitors/OverfillMonitor\
#        -Isource/Category/Application/acu/Monitors/OWIMonitor\
#        -Isource/Category/Application/acu/Monitors/PilotRelayFaultMonitor\
#        -Isource/Category/Application/acu/Monitors/PilotRelayFaultMonitor/PilotRelayStuckClosedMonitor\
#        -Isource/Category/Application/acu/Monitors/PilotRelayFaultMonitor/PilotRelayStuckOpenMonitor\
#        -Isource/Category/Application/acu/Monitors/PORTimeMonitor\
#        -Isource/Category/Application/acu/Monitors/PumpFlushRequestMonitor\
#        -Isource/Category/Application/acu/Monitors/RinseAidMonitor\
#        -Isource/Category/Application/acu/Monitors/SaltSensingMonitor\
#        -Isource/Category/Application/acu/Monitors/StabilityControlLoopMonitor\
#        -Isource/Category/Application/acu/Monitors/StandbyManager\
#        -Isource/Category/Application/acu/Monitors/SupervisorExtMonitor\
#        -Isource/Category/Application/acu/Monitors/ThermistorFaultMonitor\
#        -Isource/Category/Application/acu/Monitors/ThermistorFaultMonitor/ThermistorOpenMonitor\
#        -Isource/Category/Application/acu/Monitors/ThermistorFaultMonitor/ThermistorShortedMonitor\
#        -Isource/Category/Application/acu/Monitors/TriacCurrentMonitor\
#        -Isource/Category/Application/acu/Monitors/TriacShortedDrainFaultMonitor\
#        -Isource/Category/Application/acu/Monitors/TriacVoltageMonitor\
#        -Isource/Category/Application/acu/Monitors/VoltageRangeMonitor\
#        -Isource/Category/Application/acu/Monitors/VSDrainMotorFaultMonitor\
#        -Isource/Category/Application/acu/Monitors/VwiMonitor\
#        -Isource/Category/Application/acu/Monitors/VwiZoneCompensationMonitor\
#        -Isource/Category/Application/acu/Monitors/WashHeaterFaultMonitor\
#        -Isource/Category/Application/acu/Monitors/WashHeaterFaultMonitor/HeaterLeakageToNeutralMonitor\
#        -Isource/Category/Application/acu/Monitors/WashHeaterFaultMonitor/HeaterLineRelayOpenMonitor\
#        -Isource/Category/Application/acu/Monitors/WashHeaterFaultMonitor/HeaterNeutralRelayOpenMonitor\
#        -Isource/Category/Application/acu/Monitors/WashHeaterFaultMonitor/HeaterOpenAndLineRelayClosedMonitor\
#        -Isource/Category/Application/acu/Monitors/WashHeaterFaultMonitor/HeaterOpenMonitor\
#        -Isource/Category/Application/acu/Monitors/WashMotorFaultMonitor\
#        -Isource/Category/Application/acu/Monitors/ZeroCrossMonitor\
#        -Isource/Category/Application/acu/Processes/AlternateCtrl\
#        -Isource/Category/Application/acu/Processes/Fill\
#        -Isource/Category/Application/acu/Processes/Fill/ClassAFill\
#        -Isource/Category/Application/acu/Processes/Fill/Fill\
#        -Isource/Category/Application/acu/Processes/Fill/TankDrain\
#        -Isource/Category/Application/acu/Processes/Fill/TankFill\
#        -Isource/Category/Application/acu/Processes/Heat\
#        -Isource/Category/Application/acu/Processes/ModelProcesses/OWICalibrationModel\
#        -Isource/Category/Application/acu/Processes/ModelProcesses/OWICalibrationModel/CodeGeneration\
#        -Isource/Category/Application/acu/Processes/ModelProcesses/PartialDrainModel\
#        -Isource/Category/Application/acu/Processes/ModelProcesses/PartialDrainModel/CodeGeneration\
#        -Isource/Category/Application/acu/Processes/ModelProcesses/SensedDrainModel\
#        -Isource/Category/Application/acu/Processes/ModelProcesses/SensedDrainModel/CodeGeneration\
#        -Isource/Category/Application/acu/Processes/OWI\
#        -Isource/Category/Application/acu/Processes/OWI_VRO\
#        -Isource/Category/Application/acu/Processes/OWIOneShot\
#        -Isource/Category/Application/acu/Processes/PumpControl\
#        -Isource/Category/Application/acu/Processes/Regenerate\
#        -Isource/Category/Application/acu/Processes/RinseAidDispense\
#        -Isource/Category/Application/acu/Processes/RinseAidDispense/RinseAid\
#        -Isource/Category/Application/acu/Processes/RinseAidDispense/TridgeDetergent\
#        -Isource/Category/Application/acu/Tasks/DoorOpeningSystemPull\
#        -Isource/Category/Application/acu/Tasks/DoorOpeningSystemPush\
#        -Isource/Category/Application/acu/Tasks/HeaterShadowing\
#        -Isource/Category/Application/acu/Tasks/MoisturePrevention\
#        -Isource/Category/Application/acu/Tasks/OWIContinousReading\
#        -Isource/Category/Application/acu/Tasks/OwiVroContinuousReading\
#        -Isource/Category/Application/acu/Tasks/Sanitization\
#        -Isource/Category/Application/acu/Tasks/StabilityControl\
#        -Isource/Category/Application/acu/Tasks/TimeElapse\
#        -Isource/Category/Application/acu/VWI\
#        -Isource/Category/Application/all/ActivePower\
#        -Isource/Category/Application/all/API007App\
#        -Isource/Category/Application/all/Config\
#        -Isource/Category/Common/acu/CommonDish/DishAuxVar\
#        -Isource/Category/Common/acu/CommonDish/PumpCommand\
#        -Isource/Category/Common/acu/CommonDish/StatisticsDish\
#        -Isource/Category/Common/all/BoardDebugging\
#        -Isource/Category/Common/all/Config\
#        -Isource/Category/Common/all/MasterCommander\
#        -Isource/Category/Common/all/MasterCommander/Source\
#        -Isource/Category/Common/all/MasterCommander/Source/HAL\
#        -Isource/Category/Common/all/SharedUtils\
#        -Isource/Category/Hbl/acu/ACULoadHandler/AlternateLoad\
#        -Isource/Category/Hbl/acuexpacu/ACUGIHandler/WaterCounterGI\
#        -Isource/Category/Hbl/acuexpacu/ACULoadHandler/HeaterLoad\
#        -Isource/Category/Hbl/acuexpacu/ACULoadHandler/TriacMci\
#        -Isource/Category/Hbl/all/Config\ -Isource/Category/Hbl/all/Mci\
#        -Isource/Category/Hbl/all/Mci/MciZeroCross\
#        -Isource/Category/Hbl/all/Mci/Slfac\
#        -Isource/Category/Hbl/all/Mci/Slfac/Macroblocks\
#        -Isource/Category/Hbl/all/Mci/Slfac/Microblocks/GlitchFilter\
#        -Isource/Category/Hbl/all/Mci/Slfac/Microblocks/IIRFilter\
#        -Isource/Category/Hbl/all/Mci/Slfac/Microblocks/MathCalc\
#        -Isource/Category/Hbl/all/Mci/Slfac/Microblocks/PeakDetector\
#        -Isource/Category/Hbl/all/Mci/Slfac/Microblocks/Pi\
#        -Isource/Category/Hbl/all/MCUDrivers/TimeCapture\
#        -Isource/Category/Hbl/all/MCUDrivers/TimerInterruptExt\
#        -Isource/Micros/STM32G0x/Driver/Atod\
#        -Isource/Micros/STM32G0x/Driver/DataFlash\
#        -Isource/Micros/STM32G0x/Driver/Dma\
#        -Isource/Micros/STM32G0x/Driver/Dtoa\
#        -Isource/Micros/STM32G0x/Driver/ExtInterrupt\
#        -Isource/Micros/STM32G0x/Driver/Flash\
#        -Isource/Micros/STM32G0x/Driver/Gpio\
#        -Isource/Micros/STM32G0x/Driver/I2c\
#        -Isource/Micros/STM32G0x/Driver/IntMgr\
#        -Isource/Micros/STM32G0x/Driver/Micro\
#        -Isource/Micros/STM32G0x/Driver/MicroExt\
#        -Isource/Micros/STM32G0x/Driver/Rtc\
#        -Isource/Micros/STM32G0x/Driver/RTCDriver\
#        -Isource/Micros/STM32G0x/Driver/Spi\
#        -Isource/Micros/STM32G0x/Driver/Timeout\
#        -Isource/Micros/STM32G0x/Driver/Timer\
#        -Isource/Micros/STM32G0x/Driver/TimerInterrupt\
#        -Isource/Micros/STM32G0x/Driver/Uart\
#        -Isource/ProjectSpecific/Application/acu/Config\
#        -Isource/ProjectSpecific/Application/acu/LowPower\
#        -Isource/ProjectSpecific/Application/acuexpacu/Config\
#        -Isource/ProjectSpecific/Application/all/Config\
#        -Isource/ProjectSpecific/Application/all/MCUDebug\
#        -Isource/ProjectSpecific/Application/all/ProductInfo\
#        -Isource/ProjectSpecific/Common/acu/Config\
#        -Isource/ProjectSpecific/Common/all/Config\
#        -Isource/ProjectSpecific/Common/all/Debug\
#        -Isource/ProjectSpecific/Common/all/SRConfig\
#        -Isource/ProjectSpecific/Driver/STM32G0x\
#        -Isource/ProjectSpecific/Hbl/acuexpacu/Config\
#        -Isource/ProjectSpecific/Hbl/acuexpacu/SRConfig\
#        -Isource/ProjectSpecific/Hbl/all/Config\
#        -Isource/ProjectSpecific/Hbl/all/Config/Mci\
#        -Isource/ProjectSpecific/Hbl/all/Config/Mci/MasterCommander\
#        -Isource/ProjectSpecific/Hbl/all/Config/Mci/MCUDrivers\
#        -Isource/ProjectSpecific/Hbl/all/SRConfig\
#        -Isource/XCategory/Application/acu/API221MotionCtrl\
#        -Isource/XCategory/Application/acu/Calibration\
#        -Isource/XCategory/Application/acu/Condition\
#        -Isource/XCategory/Application/acu/Estimator\
#        -Isource/XCategory/Application/acu/Interpreter\
#        -Isource/XCategory/Application/acu/Processes/ActivateTask\
#        -Isource/XCategory/Application/acu/Processes/JumpIf\
#        -Isource/XCategory/Application/acu/Processes/LoadsControl\
#        -Isource/XCategory/Application/acu/Processes/Maintain\
#        -Isource/XCategory/Application/acu/Processes/SetVariable\
#        -Isource/XCategory/Application/acu/RegulationAccept\
#        -Isource/XCategory/Application/acu/Selector\
#        -Isource/XCategory/Application/acu/SubCycle\
#        -Isource/XCategory/Application/acu/Supervisor\
#        -Isource/XCategory/Application/acu/TestMgr\
#        -Isource/XCategory/Application/acuexpacu/ApplianceMgr\
#        -Isource/XCategory/Application/acuhmi/CommunicationMonitor\
#        -Isource/XCategory/Application/acuhmi/Modifier\
#        -Isource/XCategory/Application/acuhmi/Regulations\
#        -Isource/XCategory/Application/acuhmi/Status\
#        -Isource/XCategory/Application/all/API007Data\
#        -Isource/XCategory/Application/all/API011AppCtr\
#        -Isource/XCategory/Application/all/API012Exp\
#        -Isource/XCategory/Application/all/API013RemoteFunction\
#        -Isource/XCategory/Application/all/API018Diagnostic\
#        -Isource/XCategory/Application/all/API220MotorControl\
#        -Isource/XCategory/Application/all/API220MotorControl/Api\
#        -Isource/XCategory/Application/all/Mode\
#        -Isource/XCategory/Application/all/Reveal_Basic/API003Disc\
#        -Isource/XCategory/Application/all/Reveal_Basic/API004Debug\
#        -Isource/XCategory/Application/all/Reveal_Basic/API004Debug/SW05SoftwareTest\
#        -Isource/XCategory/Application/all/Reveal_Basic/API005LowLevel\
#        -Isource/XCategory/Application/all/Reveal_Basic/API009System\
#        -Isource/XCategory/Application/all/Reveal_Basic/API010PollVar\
#        -Isource/XCategory/Application/all/Reveal_Basic/API019ProductInfo\
#        -Isource/XCategory/Application/all/SFUpdater\
#        -Isource/XCategory/Application/all/SRAPI020Safety\
#        -Isource/XCategory/Application/all/StatusLed\
#        -Isource/XCategory/Common/acu/BrownOut\
#        -Isource/XCategory/Common/acu/Fault\
#        -Isource/XCategory/Common/acu/Statistics\
#        -Isource/XCategory/Common/all/Common/Callback\
#        -Isource/XCategory/Common/all/Common/Convert\
#        -Isource/XCategory/Common/all/Common/Crc16\
#        -Isource/XCategory/Common/all/Common/Crc32\
#        -Isource/XCategory/Common/all/Common/Crc8\
#        -Isource/XCategory/Common/all/Common/Equation\
#        -Isource/XCategory/Common/all/Common/Filter\
#        -Isource/XCategory/Common/all/Common/FITMgr\
#        -Isource/XCategory/Common/all/Common/I2cMgr\
#        -Isource/XCategory/Common/all/Common/IAPEmul\
#        -Isource/XCategory/Common/all/Common/Log\
#        -Isource/XCategory/Common/all/Common/Millis\
#        -Isource/XCategory/Common/all/Common/SeggerRTT\
#        -Isource/XCategory/Common/all/Common/SeggerRTT/SEGGER_RTT/Config\
#        -Isource/XCategory/Common/all/Common/SeggerRTT/SEGGER_RTT/RTT\
#        -Isource/XCategory/Common/all/Common/SettingFile\
#        -Isource/XCategory/Common/all/Common/SFVersionCheck\
#        -Isource/XCategory/Common/all/Common/SystemConfig\
#        -Isource/XCategory/Common/all/Common/SystemTimers\
#        -Isource/XCategory/Common/all/Common/Utilities\
#        -Isource/XCategory/Common/all/Common/Variable\
#        -Isource/XCategory/Common/all/SRCommon/SRClockMonitor\
#        -Isource/XCategory/Common/all/SRCommon/SRData\
#        -Isource/XCategory/Common/all/SRCommon/SRException\
#        -Isource/XCategory/Common/all/SRCommon/SRIsrMonitor\
#        -Isource/XCategory/Common/all/SRCommon/SRPowerMgr\
#        -Isource/XCategory/Common/all/SRCommon/SRSignature\
#        -Isource/XCategory/Common/all/SRCommon/SRSystemConfig\
#        -Isource/XCategory/Common/all/SRCommon/SRTaskMonitor\
#        -Isource/XCategory/Common/all/SRCommon/SRTaskSequence\
#        -Isource/XCategory/Common/all/SRCommon/SRTimerReference\
#        -Isource/XCategory/Common/all/SRCommon/SRUnusedPinsConfig\
#        -Isource/XCategory/Common/all/SRMain\
#        -Isource/XCategory/Common/all/SRMain/BackgroundThreads\
#        -Isource/XCategory/Common/all/SRMain/OsServices\
#        -Isource/XCategory/Common/all/SRMain/StackAnalysis\
#        -Isource/XCategory/Common/all/SRMain/TimingAnalysis\
#        -Isource/XCategory/Driver/APIs/Atod\
#        -Isource/XCategory/Driver/APIs/Comparator\
#        -Isource/XCategory/Driver/APIs/DataFlash\
#        -Isource/XCategory/Driver/APIs/Dma\
#        -Isource/XCategory/Driver/APIs/Dtc\
#        -Isource/XCategory/Driver/APIs/Dtoa\
#        -Isource/XCategory/Driver/APIs/EmbOS\
#        -Isource/XCategory/Driver/APIs/ExtInterrupt\
#        -Isource/XCategory/Driver/APIs/Flash\
#        -Isource/XCategory/Driver/APIs/Gpio\
#        -Isource/XCategory/Driver/APIs/I2c\
#        -Isource/XCategory/Driver/APIs/IntMgr\
#        -Isource/XCategory/Driver/APIs/Micro\
#        -Isource/XCategory/Driver/APIs/MicroExt\
#        -Isource/XCategory/Driver/APIs/Rtc\
#        -Isource/XCategory/Driver/APIs/RTCDriver\
#        -Isource/XCategory/Driver/APIs/Spi\
#        -Isource/XCategory/Driver/APIs/Timeout\
#        -Isource/XCategory/Driver/APIs/Timer\
#        -Isource/XCategory/Driver/APIs/TimerInterrupt\
#        -Isource/XCategory/Driver/APIs/Touch\
#        -Isource/XCategory/Driver/APIs/Uart\
#        -Isource/XCategory/Hbl/acu/FdmCounter\
#        -Isource/XCategory/Hbl/acu/FdmTimer\
#        -Isource/XCategory/Hbl/acuexpacu/ACUGIHandler/ConvertGI\
#        -Isource/XCategory/Hbl/acuexpacu/ACUGIHandler/DirectGI\
#        -Isource/XCategory/Hbl/acuexpacu/ACUGIHandler/DoorSwitchGI\
#        -Isource/XCategory/Hbl/acuexpacu/ACUGIHandler/ProbeGI\
#        -Isource/XCategory/Hbl/acuexpacu/ACUGIHandler/ProbeLpsGI\
#        -Isource/XCategory/Hbl/acuexpacu/ACULoadHandler/DCFanLoad\
#        -Isource/XCategory/Hbl/acuexpacu/ACUPilotHandler/AnalogOutputPilot\
#        -Isource/XCategory/Hbl/acuexpacu/ACUPilotHandler/ChargePumpPilot\
#        -Isource/XCategory/Hbl/acuexpacu/ACUPilotHandler/DigitalOutputMultiPilot\
#        -Isource/XCategory/Hbl/acuexpacu/ACUPilotHandler/DigitalOutputPilot\
#        -Isource/XCategory/Hbl/acuexpacu/ACUPilotHandler/DoorLockEMPilot\
#        -Isource/XCategory/Hbl/acuexpacu/ACUPilotHandler/DoorLockWaxPilot\
#        -Isource/XCategory/Hbl/acuexpacu/ACUPilotHandler/ExpansionPilot\
#        -Isource/XCategory/Hbl/acuexpacu/ACUPilotHandler/ExternalMotorPilot\
#        -Isource/XCategory/Hbl/acuexpacu/ACUPilotHandler/FSMPilot\
#        -Isource/XCategory/Hbl/acuexpacu/ACUPilotHandler/MagnetronPilot\
#        -Isource/XCategory/Hbl/acuexpacu/ACUPilotHandler/MotorPilot\
#        -Isource/XCategory/Hbl/acuexpacu/ACUPilotHandler/MultiDriverPilot\
#        -Isource/XCategory/Hbl/acuexpacu/ACUPilotHandler/MultiSequencePilot\
#        -Isource/XCategory/Hbl/acuexpacu/ACUPilotHandler/NonfunctionalPilot\
#        -Isource/XCategory/Hbl/acuexpacu/ACUPilotHandler/PwmHiResPilot\
#        -Isource/XCategory/Hbl/acuexpacu/ACUPilotHandler/PwmPilot\
#        -Isource/XCategory/Hbl/acuexpacu/ACUPilotHandler/SRChargePumpPilot\
#        -Isource/XCategory/Hbl/acuexpacu/ACUPilotHandler/SRDigitalOutputMultiPilot\
#        -Isource/XCategory/Hbl/acuexpacu/ACUPilotHandler/SRDigitalOutputPilot\
#        -Isource/XCategory/Hbl/acuexpacu/ACUPilotHandler/SRDoorLockEMPilot\
#        -Isource/XCategory/Hbl/acuexpacu/ACUPilotHandler/SRDoorLockWaxPilot\
#        -Isource/XCategory/Hbl/acuexpacu/ACUPilotHandler/SRUMRelayPilot\
#        -Isource/XCategory/Hbl/acuexpacu/ACUPilotHandler/SteadyPwmProfilePilot\
#        -Isource/XCategory/Hbl/acuexpacu/ACUPilotHandler/StepperPilot\
#        -Isource/XCategory/Hbl/acuexpacu/ACUPilotHandler/TriacSwitchPilot\
#        -Isource/XCategory/Hbl/acuexpacu/ACUPilotHandler/ZCRelayPilot\
#        -Isource/XCategory/Hbl/acuexpacu/ACUPilotHandler/ZCTriacPilot\
#        -Isource/XCategory/Hbl/acuexpacu/HblAcu\
#        -Isource/XCategory/Hbl/acuexpacu/HblAcu/CrossLoads\
#        -Isource/XCategory/Hbl/acuexpacu/HblAcu/SetLoadQueue\
#        -Isource/XCategory/Hbl/acuexpacu/HblAcu/SRProductMgr\
#        -Isource/XCategory/Hbl/acuexpacu/HblAcu/ZeroCross\
#        -Isource/XCategory/Hbl/all/Hbl\
#        -Isource/XCategory/Hbl/all/Hbl/DefaultPin\
#        -Isource/XCategory/Hbl/all/Hbl/HblCommon\
#        -Isource/XCategory/Hbl/all/Hbl/VirtualPin\
#        -Isource/XCategory/Hbl/all/LLIHandler/AbsoluteHumidityLLI\
#        -Isource/XCategory/Hbl/all/LLIHandler/AccelerometerLLI\
#        -Isource/XCategory/Hbl/all/LLIHandler/AccelerometerLLI/AccelBaseline\
#        -Isource/XCategory/Hbl/all/LLIHandler/AccelerometerLLI/AccelDiscover\
#        -Isource/XCategory/Hbl/all/LLIHandler/AccelerometerLLI/FXLS8974\
#        -Isource/XCategory/Hbl/all/LLIHandler/AccelerometerLLI/FXLS8974/SelfTestFXLS8974\
#        -Isource/XCategory/Hbl/all/LLIHandler/AccelerometerLLI/LISxDH\
#        -Isource/XCategory/Hbl/all/LLIHandler/AnalogLLI\
#        -Isource/XCategory/Hbl/all/LLIHandler/ConductivityLLI\
#        -Isource/XCategory/Hbl/all/LLIHandler/DigitalLLI\
#        -Isource/XCategory/Hbl/all/LLIHandler/EncoderLLI\
#        -Isource/XCategory/Hbl/all/LLIHandler/ExpansionLLI\
#        -Isource/XCategory/Hbl/all/LLIHandler/FeedbackLLI\
#        -Isource/XCategory/Hbl/all/LLIHandler/I2CInfraredLLI\
#        -Isource/XCategory/Hbl/all/LLIHandler/I2CPressureSensorLLI\
#        -Isource/XCategory/Hbl/all/LLIHandler/I2CRHTSensorLLI\
#        -Isource/XCategory/Hbl/all/LLIHandler/InputCaptureLLI\
#        -Isource/XCategory/Hbl/all/LLIHandler/MultiInputLLI\
#        -Isource/XCategory/Hbl/all/LLIHandler/NonfunctionalLLI\
#        -Isource/XCategory/Hbl/all/LLIHandler/PulseCounterLLI\
#        -Isource/XCategory/Hbl/all/LLIHandler/SRAnalogLLI\
#        -Isource/XCategory/Hbl/all/LLIHandler/SRDigitalLLI\
#        -Isource/XCategory/Hbl/all/LLIHandler/SRFeedbackLLI\
#        -Isource/XCategory/Hbl/all/LLIHandler/SRI2CPressureSensorLLI\
#        -Isource/XCategory/Hbl/all/LLIHandler/SRICTachometerLLI\
#        -Isource/XCategory/Hbl/all/LLIHandler/SRInputCaptureLLI\
#        -Isource/XCategory/Hbl/all/LLIHandler/SRTouchKeyLLI\
#        -Isource/XCategory/Hbl/all/LLIHandler/SRTriacFeedbackLLI\
#        -Isource/XCategory/Hbl/all/LLIHandler/TouchKeyLLI\
#        -Isource/XCategory/Hbl/all/LLIHandler/TouchSliderLLI\
#        -Isource/XCategory/Hbl/all/LLIHandler/TouchWheelLLI\
#        -Isource/XCategory/Hbl/all/LLIHandler/TriacFeedbackLLI\
#        -Isource/XCategory/Hbl/all/LLIHandler/VirtualDigitalLLI\
#        -Isource/XCategory/Service/all/NVData\
#        -Isource/XCategory/Service/all/Reveal\
#        -Isource/XCategory/Service/all/Win\) -l listings\MclInputProc.lst -o
#        obj\MclInputProc.obj
#        source/Category/Hbl/all/Mci/Slfac/Macroblocks/MclInputProc.c
#    Locale       =  English_United States.1252
#    List file    =  listings\MclInputProc.lst
#    Object file  =  obj\MclInputProc.obj
#
###############################################################################

C:\Data\Nucleus_Dev\Vostok_ACU_A\source\Category\Hbl\all\Mci\Slfac\Macroblocks\MclInputProc.c
      1          /**
      2           *  @file       
      3           *
      4           *  @brief      Basic description of file contents
      5           *
      6           *  @details    Detailed description of the file contents
      7           *
      8           *  @section    Applicable_Documents
      9           *					List here all the applicable documents if needed. <tr>	
     10           *
     11           *  $Header: $
     12           *
     13           *  @copyright  Copyright 2019-$Date$. Whirlpool Corporation. All rights reserved - CONFIDENTIAL
     14           */
     15          //---------------------------------------------------------------------------------------------------------------------
     16          //---------------------------------------------------------------------------------------------------------------------
     17          
     18          
     19          //-------------------------------------- Include Files ----------------------------------------------------------------
     20          #include "C_Extensions.h"
     21          #include "MclInputProc.h" 
     22          #include "Atod.h"
     23          #include "Mcl_prv.h"
     24          #include "Gpio.h"
     25          
     26          #include "PeakDetector.h"
     27          #include "GlitchFilter.h"
     28          
     29          #ifndef MCLINPUTPROC_OFFSET
     30          	#define MCLINPUTPROC_OFFSET        45
     31          #endif
     32          
     33          #ifndef MCLINPUTPROC_MIN_GAIN
     34          	#define MCLINPUTPROC_MIN_GAIN      30310
     35          #endif
     36          
     37          #ifndef MCLINPUTPROC_MAX_GAIN
     38          	#define MCLINPUTPROC_MAX_GAIN      35225
     39          #endif
     40          
     41          //-------------------------------------- PUBLIC (Variables) -----------------------------------------------------------
     42          
     43          //-------------------------------------- PRIVATE (Variables, Constants & Defines) -------------------------------------

   \                                 In section .bss, align 4
     44          static sint32 MciInputProc_Current_Cnt;
     45          static uint8 Short_Circuit_Deb;                 //!< Short circuit debounce
   \                     Short_Circuit_Deb:
   \   00000000                      DS8 1
   \   00000001                      DS8 1
   \   00000002                      DS8 2
   \   00000004                      DS8 4
   \   00000008                      DS8 8
     46          static sint16 Prev_Curr;                        //!< Previous raw current value
     47          static GLITCHFILTER_MEASURE_TYPE Curr_Channel;  //!< Current channel
     48          
     49          #if(MCISLFAC_ADC_ERROR_SIM == ENABLED)
     50          static uint8 Adc_Error_Sim;
     51          #endif
     52          //-------------------------------------- PRIVATE (Function Prototypes) ------------------------------------------------
     53          
     54          //=====================================================================================================================
     55          //-------------------------------------- Public Functions -------------------------------------------------------------
     56          //=====================================================================================================================
     57          
     58          //---------------------------------------------------------------------------------------------------------------------
     59          /**
     60           *  @brief      It Initializes the module MclInputProc and its variables
     61           *
     62           */

   \                                 In section .text, align 2, keep-with-next
     63          void MclInputProc__Initialize(MCL_INPUT_PROC_IO_TYPE* io,  MCL_PARAMS_TYPE* params)
     64          {
   \                     MclInputProc__Initialize: (+1)
   \   00000000   0xB570             PUSH     {R4-R6,LR}
   \   00000002   0x000C             MOVS     R4,R1
     65          	MciInputProc_Current_Cnt = 0;
   \   00000004   0x....             LDR      R5,??DataTable2
   \   00000006   0x2000             MOVS     R0,#+0
   \   00000008   0x6068             STR      R0,[R5, #+4]
     66          	Short_Circuit_Deb = 0;
   \   0000000A   0x7028             STRB     R0,[R5, #+0]
     67          
     68              PeakDetector__Initialize();
   \   0000000C   0x.... 0x....      BL       PeakDetector__Initialize
     69          	PeakDetector__Setup(PEAK_MCI_VOLT_CHANNEL, (uint16)(params->P2P_Detection_Period * params->Mcisflac_Fast_Handler_Frequency));
   \   00000010   0x0020             MOVS     R0,R4
   \   00000012   0x3046             ADDS     R0,R0,#+70
   \   00000014   0x.... 0x....      BL       __aeabi_uread4
   \   00000018   0x0006             MOVS     R6,R0
   \   0000001A   0x0020             MOVS     R0,R4
   \   0000001C   0x302C             ADDS     R0,R0,#+44
   \   0000001E   0x.... 0x....      BL       __aeabi_uread4
   \   00000022   0x.... 0x....      BL       __aeabi_ui2f
   \   00000026   0x0001             MOVS     R1,R0
   \   00000028   0x0030             MOVS     R0,R6
   \   0000002A   0x.... 0x....      BL       __aeabi_fmul
   \   0000002E   0x.... 0x....      BL       __aeabi_f2iz
   \   00000032   0xB281             UXTH     R1,R0
   \   00000034   0x2000             MOVS     R0,#+0
   \   00000036   0x.... 0x....      BL       PeakDetector__Setup
     70          	PeakDetector__Setup(PEAK_MCI_CURR_CHANNEL, (uint16)(params->P2P_Detection_Period * params->Mcisflac_Fast_Handler_Frequency));
   \   0000003A   0x0020             MOVS     R0,R4
   \   0000003C   0x3046             ADDS     R0,R0,#+70
   \   0000003E   0x.... 0x....      BL       __aeabi_uread4
   \   00000042   0x0006             MOVS     R6,R0
   \   00000044   0x0020             MOVS     R0,R4
   \   00000046   0x302C             ADDS     R0,R0,#+44
   \   00000048   0x.... 0x....      BL       __aeabi_uread4
   \   0000004C   0x.... 0x....      BL       __aeabi_ui2f
   \   00000050   0x0001             MOVS     R1,R0
   \   00000052   0x0030             MOVS     R0,R6
   \   00000054   0x.... 0x....      BL       __aeabi_fmul
   \   00000058   0x.... 0x....      BL       __aeabi_f2iz
   \   0000005C   0xB281             UXTH     R1,R0
   \   0000005E   0x2001             MOVS     R0,#+1
   \   00000060   0x.... 0x....      BL       PeakDetector__Setup
     71          
     72          	GlitchFilter__Initialize(&Curr_Channel,255,2);
   \   00000064   0x2202             MOVS     R2,#+2
   \   00000066   0x21FF             MOVS     R1,#+255
   \   00000068   0x0028             MOVS     R0,R5
   \   0000006A   0x3008             ADDS     R0,R0,#+8
   \   0000006C   0x.... 0x....      BL       GlitchFilter__Initialize
     73          
     74          #if(MCISLFAC_ADC_ERROR_SIM == ENABLED)
     75          	Adc_Error_Sim = params->Current_Voltage_Sensor_Mode;
     76          #endif
     77          }
   \   00000070   0xBD70             POP      {R4-R6,PC}       ;; return
     78          
     79          
     80          //---------------------------------------------------------------------------------------------------------------------
     81          /**
     82           *  @brief
     83           *
     84           */

   \                                 In section .text, align 2, keep-with-next
     85          void MclInputProc__RunningHandler(MCL_INPUT_PROC_IO_TYPE* io,  MCL_PARAMS_TYPE* params)
     86          {
   \                     MclInputProc__RunningHandler: (+1)
   \   00000000   0xB5F0             PUSH     {R4-R7,LR}
   \   00000002   0xB083             SUB      SP,SP,#+12
   \   00000004   0x0004             MOVS     R4,R0
     87              uint16 raw_volt;
     88              sint16 sig_raw_volt;
     89              uint16 raw_curr;
     90              sint16 sig_raw_curr;
     91              uint16 abs_raw_curr;
     92          
     93              raw_volt = Atod__Convert(MCI_VOLTAGE_CHANNEL,ATOD_RESOLUTION_12BITS);//Atod__Read(MCI_VOLTAGE_CHANNEL);
   \   00000006   0x2103             MOVS     R1,#+3
   \   00000008   0x2011             MOVS     R0,#+17
   \   0000000A   0x.... 0x....      BL       Atod__Convert
   \   0000000E   0x4669             MOV      R1,SP
   \   00000010   0x8108             STRH     R0,[R1, #+8]
     94          #if(MCISLFAC_ADC_ERROR_SIM == ENABLED)
     95              sint32 temp;
     96          
     97              if((Adc_Error_Sim == 1)  ||
     98                 (Adc_Error_Sim == 10) ||
     99                 (Adc_Error_Sim == 11))
    100              {
    101              	temp = (sint32)(((sint32)raw_volt * MCLINPUTPROC_MIN_GAIN)>>15) + MCLINPUTPROC_OFFSET;
    102              	raw_volt = (uint16)MATHCALC__SATURATE_DIRECT(0, temp, 4095);
    103              }
    104              if((Adc_Error_Sim == 2)  ||
    105                 (Adc_Error_Sim == 20) ||
    106          	   (Adc_Error_Sim == 21))
    107              {
    108              	temp = (sint32)(((sint32)raw_volt * MCLINPUTPROC_MAX_GAIN)>>15) - MCLINPUTPROC_OFFSET;
    109              	raw_volt = (uint16)MATHCALC__SATURATE_DIRECT(0, temp, 4095);
    110              }
    111          #endif //#if(MCISLFAC_ADC_ERROR_SIM == ENABLED)
    112              sig_raw_volt = (sint16)raw_volt -  (sint16)*io->Offset_Volt;
   \   00000012   0x4668             MOV      R0,SP
   \   00000014   0x8900             LDRH     R0,[R0, #+8]
   \   00000016   0x6821             LDR      R1,[R4, #+0]
   \   00000018   0x8809             LDRH     R1,[R1, #+0]
   \   0000001A   0x1A40             SUBS     R0,R0,R1
   \   0000001C   0xB200             SXTH     R0,R0
   \   0000001E   0x9001             STR      R0,[SP, #+4]
    113          
    114              raw_curr = Atod__Convert(MCI_CURRENT_CHANNEL,ATOD_RESOLUTION_12BITS); //Atod__Read(MCI_CURRENT_CHANNEL);
   \   00000020   0x2103             MOVS     R1,#+3
   \   00000022   0x2006             MOVS     R0,#+6
   \   00000024   0x.... 0x....      BL       Atod__Convert
    115          #if(MCISLFAC_ADC_ERROR_SIM == ENABLED)
    116              if((Adc_Error_Sim == 3)  ||
    117                 (Adc_Error_Sim == 10) ||
    118          	   (Adc_Error_Sim == 20))
    119              {
    120              	temp = (sint32)(((sint32)raw_curr * MCLINPUTPROC_MIN_GAIN)>>15) + MCLINPUTPROC_OFFSET;
    121              	raw_curr = (uint16)MATHCALC__SATURATE_DIRECT(0, temp, 4095);
    122              }
    123              if((Adc_Error_Sim == 4)  ||
    124                 (Adc_Error_Sim == 11) ||
    125          	   (Adc_Error_Sim == 21))
    126              {
    127              	temp = (sint32)(((sint32)raw_curr * MCLINPUTPROC_MAX_GAIN)>>15) - MCLINPUTPROC_OFFSET;
    128              	raw_curr = (uint16)MATHCALC__SATURATE_DIRECT(0, temp, 4095);
    129              }
    130          #endif //#if(MCISLFAC_ADC_ERROR_SIM == ENABLED)
    131              raw_curr = GlitchFilter__Process(&Curr_Channel, raw_curr);
   \   00000028   0x....             LDR      R7,??DataTable2
   \   0000002A   0x0001             MOVS     R1,R0
   \   0000002C   0x0038             MOVS     R0,R7
   \   0000002E   0x3008             ADDS     R0,R0,#+8
   \   00000030   0x.... 0x....      BL       GlitchFilter__Process
   \   00000034   0x0006             MOVS     R6,R0
    132          
    133              sig_raw_curr = (sint16)raw_curr - (sint16)(*io->Offset_Curr);
   \   00000036   0xB200             SXTH     R0,R0
   \   00000038   0x6861             LDR      R1,[R4, #+4]
   \   0000003A   0x8809             LDRH     R1,[R1, #+0]
   \   0000003C   0xB209             SXTH     R1,R1
   \   0000003E   0x1A40             SUBS     R0,R0,R1
   \   00000040   0x9000             STR      R0,[SP, #+0]
    134              abs_raw_curr = MATHCALC__ABS(sig_raw_curr);
   \   00000042   0x0400             LSLS     R0,R0,#+16
   \   00000044   0xD502             BPL      ??MclInputProc__RunningHandler_0
   \   00000046   0x9800             LDR      R0,[SP, #+0]
   \   00000048   0x4245             RSBS     R5,R0,#+0
   \   0000004A   0xE000             B        ??MclInputProc__RunningHandler_1
   \                     ??MclInputProc__RunningHandler_0: (+1)
   \   0000004C   0x9D00             LDR      R5,[SP, #+0]
    135              *io->dif_raw_curr = (sint16)raw_curr - Prev_Curr;
   \                     ??MclInputProc__RunningHandler_1: (+1)
   \   0000004E   0x8878             LDRH     R0,[R7, #+2]
   \   00000050   0x1A30             SUBS     R0,R6,R0
   \   00000052   0x6A61             LDR      R1,[R4, #+36]
   \   00000054   0x8008             STRH     R0,[R1, #+0]
    136              PeakDetector__SetValue(PEAK_MCI_CURR_CHANNEL, raw_curr);
   \   00000056   0x0031             MOVS     R1,R6
   \   00000058   0x2001             MOVS     R0,#+1
   \   0000005A   0x.... 0x....      BL       PeakDetector__SetValue
    137              PeakDetector__SetValue(PEAK_MCI_VOLT_CHANNEL, raw_volt);
   \   0000005E   0x4668             MOV      R0,SP
   \   00000060   0x8901             LDRH     R1,[R0, #+8]
   \   00000062   0x2000             MOVS     R0,#+0
   \   00000064   0x.... 0x....      BL       PeakDetector__SetValue
    138              *io->zero_current_prev = *io->Zero_Current_Detected;
   \   00000068   0x68A0             LDR      R0,[R4, #+8]
   \   0000006A   0x7800             LDRB     R0,[R0, #+0]
   \   0000006C   0x68E1             LDR      R1,[R4, #+12]
   \   0000006E   0x7008             STRB     R0,[R1, #+0]
    139          
    140              if((abs_raw_curr > 100) && (MATHCALC__ABS(sig_raw_volt) < 30))
   \   00000070   0x7838             LDRB     R0,[R7, #+0]
   \   00000072   0xB2AD             UXTH     R5,R5
   \   00000074   0x2D65             CMP      R5,#+101
   \   00000076   0xDB0D             BLT      ??MclInputProc__RunningHandler_2
   \   00000078   0x9901             LDR      R1,[SP, #+4]
   \   0000007A   0x2900             CMP      R1,#+0
   \   0000007C   0xD500             BPL      ??MclInputProc__RunningHandler_3
   \   0000007E   0x4249             RSBS     R1,R1,#+0
   \                     ??MclInputProc__RunningHandler_3: (+1)
   \   00000080   0x291E             CMP      R1,#+30
   \   00000082   0xDA07             BGE      ??MclInputProc__RunningHandler_2
    141              {
    142                  Short_Circuit_Deb++;
   \   00000084   0x1C40             ADDS     R0,R0,#+1
    143                  if(Short_Circuit_Deb > 3)
   \   00000086   0xB2C0             UXTB     R0,R0
   \   00000088   0x2804             CMP      R0,#+4
   \   0000008A   0xDB04             BLT      ??MclInputProc__RunningHandler_4
    144                  {
    145                  	*io->Mcl_Fault = UNDER_VOLTAGE_SHORT_CIRCUIT;
   \   0000008C   0x2107             MOVS     R1,#+7
   \   0000008E   0x6AE2             LDR      R2,[R4, #+44]
   \   00000090   0x6011             STR      R1,[R2, #+0]
   \   00000092   0xE000             B        ??MclInputProc__RunningHandler_4
    146                      //FailureHandlerRecover(UNDER_VOLTAGE_SHORT_CIRCUIT);
    147                  }
    148              }
    149              else
    150              {
    151                  Short_Circuit_Deb = 0;
   \                     ??MclInputProc__RunningHandler_2: (+1)
   \   00000094   0x2000             MOVS     R0,#+0
   \                     ??MclInputProc__RunningHandler_4: (+1)
   \   00000096   0x7038             STRB     R0,[R7, #+0]
    152              }
    153          
    154              Prev_Curr = raw_curr;
   \   00000098   0x807E             STRH     R6,[R7, #+2]
    155          
    156              *io->raw_curr = raw_curr;
   \   0000009A   0x6960             LDR      R0,[R4, #+20]
   \   0000009C   0x8006             STRH     R6,[R0, #+0]
    157              *io->raw_volt = raw_volt;
   \   0000009E   0x4668             MOV      R0,SP
   \   000000A0   0x8900             LDRH     R0,[R0, #+8]
   \   000000A2   0x6921             LDR      R1,[R4, #+16]
   \   000000A4   0x8008             STRH     R0,[R1, #+0]
    158              *io->sig_raw_volt = sig_raw_volt;
   \   000000A6   0x9801             LDR      R0,[SP, #+4]
   \   000000A8   0x69A1             LDR      R1,[R4, #+24]
   \   000000AA   0x8008             STRH     R0,[R1, #+0]
    159              *io->sig_raw_curr = sig_raw_curr;
   \   000000AC   0x9800             LDR      R0,[SP, #+0]
   \   000000AE   0x69E1             LDR      R1,[R4, #+28]
   \   000000B0   0x8008             STRH     R0,[R1, #+0]
    160              *io->abs_raw_curr = abs_raw_curr;
   \   000000B2   0x6A20             LDR      R0,[R4, #+32]
   \   000000B4   0x8005             STRH     R5,[R0, #+0]
    161          }
   \   000000B6   0xB003             ADD      SP,SP,#+12
   \   000000B8   0xBDF0             POP      {R4-R7,PC}       ;; return
    162          
    163          //---------------------------------------------------------------------------------------------------------------------
    164          /**
    165           *  @brief
    166           *
    167           */

   \                                 In section .text, align 2, keep-with-next
    168          void MclInputProc__ResetState(MCL_INPUT_PROC_IO_TYPE* io,  MCL_PARAMS_TYPE* params)
    169          {
    170          
    171          }
   \                     MclInputProc__ResetState: (+1)
   \   00000000   0x4770             BX       LR               ;; return
    172          
    173          //---------------------------------------------------------------------------------------------------------------------
    174          /**
    175           *  @brief
    176           *
    177           */

   \                                 In section .text, align 2, keep-with-next
    178          void MclInputProc__CurrentMonitor(MCL_INPUT_PROC_IO_TYPE* io,  MCL_PARAMS_TYPE* params)
    179          {
   \                     MclInputProc__CurrentMonitor: (+1)
   \   00000000   0xB5F8             PUSH     {R3-R7,LR}
   \   00000002   0x0004             MOVS     R4,R0
   \   00000004   0x000D             MOVS     R5,R1
    180              uint16 p2p_current_min;
    181              uint16 p2p_current_max;
    182              uint16 offset_curr;
    183          
    184              if((MCISLFAC_OPEN_LOOP == io->ctrl_specific->Control_Mode) ||  (MCISLFAC_CLOSE_LOOP == io->ctrl_specific->Control_Mode))
   \   00000006   0x6AA0             LDR      R0,[R4, #+40]
   \   00000008   0x7800             LDRB     R0,[R0, #+0]
   \   0000000A   0x2809             CMP      R0,#+9
   \   0000000C   0xD001             BEQ      ??MclInputProc__CurrentMonitor_0
   \   0000000E   0x280A             CMP      R0,#+10
   \   00000010   0xD165             BNE      ??MclInputProc__CurrentMonitor_1
    185              {
    186              	offset_curr = (uint16)*io->Offset_Curr;
   \                     ??MclInputProc__CurrentMonitor_0: (+1)
   \   00000012   0x6860             LDR      R0,[R4, #+4]
   \   00000014   0x8806             LDRH     R6,[R0, #+0]
    187                  p2p_current_min = PeakDetector__GetMin(PEAK_MCI_CURR_CHANNEL);
   \   00000016   0x2001             MOVS     R0,#+1
   \   00000018   0x.... 0x....      BL       PeakDetector__GetMin
    188                  if(p2p_current_min < offset_curr)
   \   0000001C   0x42B0             CMP      R0,R6
   \   0000001E   0xDA02             BGE      ??MclInputProc__CurrentMonitor_2
    189                  {
    190                      p2p_current_min = offset_curr - p2p_current_min;
   \   00000020   0x1A30             SUBS     R0,R6,R0
   \   00000022   0xB280             UXTH     R0,R0
   \   00000024   0xE000             B        ??MclInputProc__CurrentMonitor_3
    191                  }
    192                  else
    193                  {
    194                      p2p_current_min = 0;
   \                     ??MclInputProc__CurrentMonitor_2: (+1)
   \   00000026   0x2000             MOVS     R0,#+0
   \                     ??MclInputProc__CurrentMonitor_3: (+1)
   \   00000028   0x9000             STR      R0,[SP, #+0]
    195                  }
    196          
    197                  p2p_current_max = PeakDetector__GetMax(PEAK_MCI_CURR_CHANNEL);
   \   0000002A   0x2001             MOVS     R0,#+1
   \   0000002C   0x.... 0x....      BL       PeakDetector__GetMax
    198                  if(p2p_current_max > offset_curr)
   \   00000030   0x4286             CMP      R6,R0
   \   00000032   0xDA02             BGE      ??MclInputProc__CurrentMonitor_4
    199                  {
    200                      p2p_current_max = p2p_current_max - offset_curr;
   \   00000034   0x1B86             SUBS     R6,R0,R6
   \   00000036   0xB2B6             UXTH     R6,R6
   \   00000038   0xE000             B        ??MclInputProc__CurrentMonitor_5
    201                  }
    202                  else
    203                  {
    204                      p2p_current_max = 0;
   \                     ??MclInputProc__CurrentMonitor_4: (+1)
   \   0000003A   0x2600             MOVS     R6,#+0
    205                  }
    206          
    207                  if((p2p_current_max < params->Under_Curr_Thr) || (p2p_current_max > params->Over_Curr_Thr) ||
    208                     (p2p_current_min < params->Under_Curr_Thr) || (p2p_current_min > params->Over_Curr_Thr)) //UNDER_CURRENT_THR //OVER_CURRENT_THR
   \                     ??MclInputProc__CurrentMonitor_5: (+1)
   \   0000003C   0x0029             MOVS     R1,R5
   \   0000003E   0x3134             ADDS     R1,R1,#+52
   \   00000040   0x7808             LDRB     R0,[R1, #+0]
   \   00000042   0x784A             LDRB     R2,[R1, #+1]
   \   00000044   0x0612             LSLS     R2,R2,#+24
   \   00000046   0x0C12             LSRS     R2,R2,#+16
   \   00000048   0x4310             ORRS     R0,R0,R2
   \   0000004A   0x4286             CMP      R6,R0
   \   0000004C   0xDB1C             BLT      ??MclInputProc__CurrentMonitor_6
   \   0000004E   0x0029             MOVS     R1,R5
   \   00000050   0x3136             ADDS     R1,R1,#+54
   \   00000052   0x7808             LDRB     R0,[R1, #+0]
   \   00000054   0x784A             LDRB     R2,[R1, #+1]
   \   00000056   0x0612             LSLS     R2,R2,#+24
   \   00000058   0x0C12             LSRS     R2,R2,#+16
   \   0000005A   0x4310             ORRS     R0,R0,R2
   \   0000005C   0x42B0             CMP      R0,R6
   \   0000005E   0xDB13             BLT      ??MclInputProc__CurrentMonitor_6
   \   00000060   0x0029             MOVS     R1,R5
   \   00000062   0x3134             ADDS     R1,R1,#+52
   \   00000064   0x7808             LDRB     R0,[R1, #+0]
   \   00000066   0x784A             LDRB     R2,[R1, #+1]
   \   00000068   0x0612             LSLS     R2,R2,#+24
   \   0000006A   0x0C12             LSRS     R2,R2,#+16
   \   0000006C   0x4310             ORRS     R0,R0,R2
   \   0000006E   0x9900             LDR      R1,[SP, #+0]
   \   00000070   0x4281             CMP      R1,R0
   \   00000072   0xDB09             BLT      ??MclInputProc__CurrentMonitor_6
   \   00000074   0x0029             MOVS     R1,R5
   \   00000076   0x3136             ADDS     R1,R1,#+54
   \   00000078   0x7808             LDRB     R0,[R1, #+0]
   \   0000007A   0x784A             LDRB     R2,[R1, #+1]
   \   0000007C   0x0612             LSLS     R2,R2,#+24
   \   0000007E   0x0C12             LSRS     R2,R2,#+16
   \   00000080   0x4310             ORRS     R0,R0,R2
   \   00000082   0x9900             LDR      R1,[SP, #+0]
   \   00000084   0x4288             CMP      R0,R1
   \   00000086   0xDA2A             BGE      ??MclInputProc__CurrentMonitor_1
    209                  {
    210                  	MciInputProc_Current_Cnt ++;
   \                     ??MclInputProc__CurrentMonitor_6: (+1)
   \   00000088   0x....             LDR      R7,??DataTable2
   \   0000008A   0x6878             LDR      R0,[R7, #+4]
   \   0000008C   0x1C40             ADDS     R0,R0,#+1
   \   0000008E   0x6078             STR      R0,[R7, #+4]
    211          
    212                      if(MciInputProc_Current_Cnt > (uint16)(params->Current_Failure_Debounce_Time/25)) //CURRENT_FAILURE_DEBOUNCE_TIME
   \   00000090   0x0029             MOVS     R1,R5
   \   00000092   0x3138             ADDS     R1,R1,#+56
   \   00000094   0x7808             LDRB     R0,[R1, #+0]
   \   00000096   0x784A             LDRB     R2,[R1, #+1]
   \   00000098   0x0612             LSLS     R2,R2,#+24
   \   0000009A   0x0C12             LSRS     R2,R2,#+16
   \   0000009C   0x4310             ORRS     R0,R0,R2
   \   0000009E   0x2119             MOVS     R1,#+25
   \   000000A0   0x.... 0x....      BL       __aeabi_uidiv
   \   000000A4   0xB280             UXTH     R0,R0
   \   000000A6   0x6879             LDR      R1,[R7, #+4]
   \   000000A8   0x4288             CMP      R0,R1
   \   000000AA   0xDA1B             BGE      ??MclInputProc__CurrentMonitor_7
    213                      {
    214                          if((p2p_current_max < params->Under_Curr_Thr) || (p2p_current_min < params->Under_Curr_Thr)) //UNDER_CURRENT_THR
   \   000000AC   0x0029             MOVS     R1,R5
   \   000000AE   0x3134             ADDS     R1,R1,#+52
   \   000000B0   0x7808             LDRB     R0,[R1, #+0]
   \   000000B2   0x784A             LDRB     R2,[R1, #+1]
   \   000000B4   0x0612             LSLS     R2,R2,#+24
   \   000000B6   0x0C12             LSRS     R2,R2,#+16
   \   000000B8   0x4310             ORRS     R0,R0,R2
   \   000000BA   0x4286             CMP      R6,R0
   \   000000BC   0xDB09             BLT      ??MclInputProc__CurrentMonitor_8
   \   000000BE   0x0029             MOVS     R1,R5
   \   000000C0   0x3134             ADDS     R1,R1,#+52
   \   000000C2   0x7808             LDRB     R0,[R1, #+0]
   \   000000C4   0x784A             LDRB     R2,[R1, #+1]
   \   000000C6   0x0612             LSLS     R2,R2,#+24
   \   000000C8   0x0C12             LSRS     R2,R2,#+16
   \   000000CA   0x4310             ORRS     R0,R0,R2
   \   000000CC   0x9900             LDR      R1,[SP, #+0]
   \   000000CE   0x4281             CMP      R1,R0
   \   000000D0   0xDA01             BGE      ??MclInputProc__CurrentMonitor_9
    215                          {
    216                              *io->Mcl_Fault = (uint32)UNDER_CURRENT;
   \                     ??MclInputProc__CurrentMonitor_8: (+1)
   \   000000D2   0x2004             MOVS     R0,#+4
   \   000000D4   0xE000             B.N      ??MclInputProc__CurrentMonitor_10
    217                          }
    218                          else
    219                          {
    220                          	*io->Mcl_Fault = (uint32)OVER_CURRENT;
   \                     ??MclInputProc__CurrentMonitor_9: (+1)
   \   000000D6   0x2005             MOVS     R0,#+5
   \                     ??MclInputProc__CurrentMonitor_10: (+1)
   \   000000D8   0x6AE1             LDR      R1,[R4, #+44]
   \   000000DA   0x6008             STR      R0,[R1, #+0]
   \   000000DC   0xBDF1             POP      {R0,R4-R7,PC}
    221                          }
    222          
    223                          //Mcl__FailureHandler();
    224                      }
    225                  }
    226                  else
    227                  {
    228                  	MciInputProc_Current_Cnt = 0;
    229                  }
    230              }
    231              else
    232              {
    233              	MciInputProc_Current_Cnt = 0;
   \                     ??MclInputProc__CurrentMonitor_1: (+1)
   \   000000DE   0x2000             MOVS     R0,#+0
   \   000000E0   0x....             LDR      R1,??DataTable2
   \   000000E2   0x6048             STR      R0,[R1, #+4]
    234              }
    235          }
   \                     ??MclInputProc__CurrentMonitor_7: (+1)
   \   000000E4   0xBDF1             POP      {R0,R4-R7,PC}    ;; return

   \                                 In section .text, align 4, keep-with-next
   \                     ??DataTable2:
   \   00000000   0x........         DC32     Short_Circuit_Deb
    236          
    237          //=====================================================================================================================
    238          //-------------------------------------- Private Functions ------------------------------------------------------------
    239          //=====================================================================================================================
    240          
    241          

   Maximum stack usage in bytes:

   .cstack Function
   ------- --------
      24   MclInputProc__CurrentMonitor
        24   -> PeakDetector__GetMax
        24   -> PeakDetector__GetMin
        24 __aeabi_uidiv
      16   MclInputProc__Initialize
        16   -> GlitchFilter__Initialize
        16   -> PeakDetector__Initialize
        16   -> PeakDetector__Setup
        16   -> __aeabi_f2iz
        16   -> __aeabi_fmul
        16   -> __aeabi_ui2f
        16 __aeabi_uread4
       0   MclInputProc__ResetState
      32   MclInputProc__RunningHandler
        32   -> Atod__Convert
        32   -> GlitchFilter__Process
        32   -> PeakDetector__SetValue


   Section sizes:

   Bytes  Function/Label
   -----  --------------
       4  ??DataTable2
     230  MclInputProc__CurrentMonitor
     114  MclInputProc__Initialize
       2  MclInputProc__ResetState
     186  MclInputProc__RunningHandler
      16  Short_Circuit_Deb
          Prev_Curr
          MciInputProc_Current_Cnt
          Curr_Channel

 
  16 bytes in section .bss
 536 bytes in section .text
 
 536 bytes of CODE memory
  16 bytes of DATA memory

Errors: none
Warnings: none
