###############################################################################
#
# IAR ANSI C/C++ Compiler V7.70.1.11437/W32 for ARM       28/Feb/2025  14:17:25
# Copyright 1999-2016 IAR Systems AB.
#
#    Cpu mode     =  thumb
#    Endian       =  little
#    Source file  =  
#        source/Category/Hbl/all/Mci/Slfac/Macroblocks/MclObserver.c
#    Command line =  
#        --cpu Cortex-M0+ -Oh --debug -e --only_stdout --silent -D
#        ENABLE_JUMP_TO_APPLICATION_WITHOUT_IAP_FIRMWARE --no_wrap_diagnostics
#        -f config\tmp\include_path.lnt
#        (-I../Nucleus-Tools-SDK/embOS/arm/v4.26/source\
#        -I../Nucleus-Tools-SDK/iar/arm/v7.70/cx/inc\
#        -Isource/Category/Application/acu/CycleResume\
#        -Isource/Category/Application/acu/Monitors/AutostartFactoryCycleMonitor\
#        -Isource/Category/Application/acu/Monitors/CartridgeDetectionMonitor\
#        -Isource/Category/Application/acu/Monitors/DCLoadCurrentMonitor\
#        -Isource/Category/Application/acu/Monitors/DiverterFaultMonitor\
#        -Isource/Category/Application/acu/Monitors/DiverterLeakFaultMonitor\
#        -Isource/Category/Application/acu/Monitors/DoorMonitor\
#        -Isource/Category/Application/acu/Monitors/DoorOpeningSystemMonitor\
#        -Isource/Category/Application/acu/Monitors/FanMotorFaultMonitor\
#        -Isource/Category/Application/acu/Monitors/FaultStatusMonitor\
#        -Isource/Category/Application/acu/Monitors/FillValveStuckOn\
#        -Isource/Category/Application/acu/Monitors/FlowMeterFaultMonitor\
#        -Isource/Category/Application/acu/Monitors/HeatMonitor\
#        -Isource/Category/Application/acu/Monitors/HotHighPotMonitor\
#        -Isource/Category/Application/acu/Monitors/LITTFaultMonitor\
#        -Isource/Category/Application/acu/Monitors/LITTMonitor\
#        -Isource/Category/Application/acu/Monitors/McuGetDataMonitor\
#        -Isource/Category/Application/acu/Monitors/ModelMonitors/AirlockDetectionMonitor\
#        -Isource/Category/Application/acu/Monitors/ModelMonitors/AirlockDetectionMonitor/CodeGeneration\
#        -Isource/Category/Application/acu/Monitors/ModelMonitors/HeaterCalcificationDetectionModel\
#        -Isource/Category/Application/acu/Monitors/ModelMonitors/HeaterCalcificationDetectionModel/CodeGeneration\
#        -Isource/Category/Application/acu/Monitors/ModelMonitors/OWIVoltageRegulatedOutputModel\
#        -Isource/Category/Application/acu/Monitors/ModelMonitors/OWIVoltageRegulatedOutputModel/CodeGeneration\
#        -Isource/Category/Application/acu/Monitors/ModelMonitors/PluggingDetectionMonitor\
#        -Isource/Category/Application/acu/Monitors/ModelMonitors/PluggingDetectionMonitor/CodeGeneration\
#        -Isource/Category/Application/acu/Monitors/MoisturePreventionMonitor\
#        -Isource/Category/Application/acu/Monitors/OverfillMonitor\
#        -Isource/Category/Application/acu/Monitors/OWIMonitor\
#        -Isource/Category/Application/acu/Monitors/PilotRelayFaultMonitor\
#        -Isource/Category/Application/acu/Monitors/PilotRelayFaultMonitor/PilotRelayStuckClosedMonitor\
#        -Isource/Category/Application/acu/Monitors/PilotRelayFaultMonitor/PilotRelayStuckOpenMonitor\
#        -Isource/Category/Application/acu/Monitors/PORTimeMonitor\
#        -Isource/Category/Application/acu/Monitors/PumpFlushRequestMonitor\
#        -Isource/Category/Application/acu/Monitors/RinseAidMonitor\
#        -Isource/Category/Application/acu/Monitors/SaltSensingMonitor\
#        -Isource/Category/Application/acu/Monitors/StabilityControlLoopMonitor\
#        -Isource/Category/Application/acu/Monitors/StandbyManager\
#        -Isource/Category/Application/acu/Monitors/SupervisorExtMonitor\
#        -Isource/Category/Application/acu/Monitors/ThermistorFaultMonitor\
#        -Isource/Category/Application/acu/Monitors/ThermistorFaultMonitor/ThermistorOpenMonitor\
#        -Isource/Category/Application/acu/Monitors/ThermistorFaultMonitor/ThermistorShortedMonitor\
#        -Isource/Category/Application/acu/Monitors/TriacCurrentMonitor\
#        -Isource/Category/Application/acu/Monitors/TriacShortedDrainFaultMonitor\
#        -Isource/Category/Application/acu/Monitors/TriacVoltageMonitor\
#        -Isource/Category/Application/acu/Monitors/VoltageRangeMonitor\
#        -Isource/Category/Application/acu/Monitors/VSDrainMotorFaultMonitor\
#        -Isource/Category/Application/acu/Monitors/VwiMonitor\
#        -Isource/Category/Application/acu/Monitors/VwiZoneCompensationMonitor\
#        -Isource/Category/Application/acu/Monitors/WashHeaterFaultMonitor\
#        -Isource/Category/Application/acu/Monitors/WashHeaterFaultMonitor/HeaterLeakageToNeutralMonitor\
#        -Isource/Category/Application/acu/Monitors/WashHeaterFaultMonitor/HeaterLineRelayOpenMonitor\
#        -Isource/Category/Application/acu/Monitors/WashHeaterFaultMonitor/HeaterNeutralRelayOpenMonitor\
#        -Isource/Category/Application/acu/Monitors/WashHeaterFaultMonitor/HeaterOpenAndLineRelayClosedMonitor\
#        -Isource/Category/Application/acu/Monitors/WashHeaterFaultMonitor/HeaterOpenMonitor\
#        -Isource/Category/Application/acu/Monitors/WashMotorFaultMonitor\
#        -Isource/Category/Application/acu/Monitors/ZeroCrossMonitor\
#        -Isource/Category/Application/acu/Processes/AlternateCtrl\
#        -Isource/Category/Application/acu/Processes/Fill\
#        -Isource/Category/Application/acu/Processes/Fill/ClassAFill\
#        -Isource/Category/Application/acu/Processes/Fill/Fill\
#        -Isource/Category/Application/acu/Processes/Fill/TankDrain\
#        -Isource/Category/Application/acu/Processes/Fill/TankFill\
#        -Isource/Category/Application/acu/Processes/Heat\
#        -Isource/Category/Application/acu/Processes/ModelProcesses/OWICalibrationModel\
#        -Isource/Category/Application/acu/Processes/ModelProcesses/OWICalibrationModel/CodeGeneration\
#        -Isource/Category/Application/acu/Processes/ModelProcesses/PartialDrainModel\
#        -Isource/Category/Application/acu/Processes/ModelProcesses/PartialDrainModel/CodeGeneration\
#        -Isource/Category/Application/acu/Processes/ModelProcesses/SensedDrainModel\
#        -Isource/Category/Application/acu/Processes/ModelProcesses/SensedDrainModel/CodeGeneration\
#        -Isource/Category/Application/acu/Processes/OWI\
#        -Isource/Category/Application/acu/Processes/OWI_VRO\
#        -Isource/Category/Application/acu/Processes/OWIOneShot\
#        -Isource/Category/Application/acu/Processes/PumpControl\
#        -Isource/Category/Application/acu/Processes/Regenerate\
#        -Isource/Category/Application/acu/Processes/RinseAidDispense\
#        -Isource/Category/Application/acu/Processes/RinseAidDispense/RinseAid\
#        -Isource/Category/Application/acu/Processes/RinseAidDispense/TridgeDetergent\
#        -Isource/Category/Application/acu/Tasks/DoorOpeningSystemPull\
#        -Isource/Category/Application/acu/Tasks/DoorOpeningSystemPush\
#        -Isource/Category/Application/acu/Tasks/HeaterShadowing\
#        -Isource/Category/Application/acu/Tasks/MoisturePrevention\
#        -Isource/Category/Application/acu/Tasks/OWIContinousReading\
#        -Isource/Category/Application/acu/Tasks/OwiVroContinuousReading\
#        -Isource/Category/Application/acu/Tasks/Sanitization\
#        -Isource/Category/Application/acu/Tasks/StabilityControl\
#        -Isource/Category/Application/acu/Tasks/TimeElapse\
#        -Isource/Category/Application/acu/VWI\
#        -Isource/Category/Application/all/ActivePower\
#        -Isource/Category/Application/all/API007App\
#        -Isource/Category/Application/all/Config\
#        -Isource/Category/Common/acu/CommonDish/DishAuxVar\
#        -Isource/Category/Common/acu/CommonDish/PumpCommand\
#        -Isource/Category/Common/acu/CommonDish/StatisticsDish\
#        -Isource/Category/Common/all/BoardDebugging\
#        -Isource/Category/Common/all/Config\
#        -Isource/Category/Common/all/MasterCommander\
#        -Isource/Category/Common/all/MasterCommander/Source\
#        -Isource/Category/Common/all/MasterCommander/Source/HAL\
#        -Isource/Category/Common/all/SharedUtils\
#        -Isource/Category/Hbl/acu/ACULoadHandler/AlternateLoad\
#        -Isource/Category/Hbl/acuexpacu/ACUGIHandler/WaterCounterGI\
#        -Isource/Category/Hbl/acuexpacu/ACULoadHandler/HeaterLoad\
#        -Isource/Category/Hbl/acuexpacu/ACULoadHandler/TriacMci\
#        -Isource/Category/Hbl/all/Config\ -Isource/Category/Hbl/all/Mci\
#        -Isource/Category/Hbl/all/Mci/MciZeroCross\
#        -Isource/Category/Hbl/all/Mci/Slfac\
#        -Isource/Category/Hbl/all/Mci/Slfac/Macroblocks\
#        -Isource/Category/Hbl/all/Mci/Slfac/Microblocks/GlitchFilter\
#        -Isource/Category/Hbl/all/Mci/Slfac/Microblocks/IIRFilter\
#        -Isource/Category/Hbl/all/Mci/Slfac/Microblocks/MathCalc\
#        -Isource/Category/Hbl/all/Mci/Slfac/Microblocks/PeakDetector\
#        -Isource/Category/Hbl/all/Mci/Slfac/Microblocks/Pi\
#        -Isource/Category/Hbl/all/MCUDrivers/TimeCapture\
#        -Isource/Category/Hbl/all/MCUDrivers/TimerInterruptExt\
#        -Isource/Micros/STM32G0x/Driver/Atod\
#        -Isource/Micros/STM32G0x/Driver/DataFlash\
#        -Isource/Micros/STM32G0x/Driver/Dma\
#        -Isource/Micros/STM32G0x/Driver/Dtoa\
#        -Isource/Micros/STM32G0x/Driver/ExtInterrupt\
#        -Isource/Micros/STM32G0x/Driver/Flash\
#        -Isource/Micros/STM32G0x/Driver/Gpio\
#        -Isource/Micros/STM32G0x/Driver/I2c\
#        -Isource/Micros/STM32G0x/Driver/IntMgr\
#        -Isource/Micros/STM32G0x/Driver/Micro\
#        -Isource/Micros/STM32G0x/Driver/MicroExt\
#        -Isource/Micros/STM32G0x/Driver/Rtc\
#        -Isource/Micros/STM32G0x/Driver/RTCDriver\
#        -Isource/Micros/STM32G0x/Driver/Spi\
#        -Isource/Micros/STM32G0x/Driver/Timeout\
#        -Isource/Micros/STM32G0x/Driver/Timer\
#        -Isource/Micros/STM32G0x/Driver/TimerInterrupt\
#        -Isource/Micros/STM32G0x/Driver/Uart\
#        -Isource/ProjectSpecific/Application/acu/Config\
#        -Isource/ProjectSpecific/Application/acu/LowPower\
#        -Isource/ProjectSpecific/Application/acuexpacu/Config\
#        -Isource/ProjectSpecific/Application/all/Config\
#        -Isource/ProjectSpecific/Application/all/MCUDebug\
#        -Isource/ProjectSpecific/Application/all/ProductInfo\
#        -Isource/ProjectSpecific/Common/acu/Config\
#        -Isource/ProjectSpecific/Common/all/Config\
#        -Isource/ProjectSpecific/Common/all/Debug\
#        -Isource/ProjectSpecific/Common/all/SRConfig\
#        -Isource/ProjectSpecific/Driver/STM32G0x\
#        -Isource/ProjectSpecific/Hbl/acuexpacu/Config\
#        -Isource/ProjectSpecific/Hbl/acuexpacu/SRConfig\
#        -Isource/ProjectSpecific/Hbl/all/Config\
#        -Isource/ProjectSpecific/Hbl/all/Config/Mci\
#        -Isource/ProjectSpecific/Hbl/all/Config/Mci/MasterCommander\
#        -Isource/ProjectSpecific/Hbl/all/Config/Mci/MCUDrivers\
#        -Isource/ProjectSpecific/Hbl/all/SRConfig\
#        -Isource/XCategory/Application/acu/API221MotionCtrl\
#        -Isource/XCategory/Application/acu/Calibration\
#        -Isource/XCategory/Application/acu/Condition\
#        -Isource/XCategory/Application/acu/Estimator\
#        -Isource/XCategory/Application/acu/Interpreter\
#        -Isource/XCategory/Application/acu/Processes/ActivateTask\
#        -Isource/XCategory/Application/acu/Processes/JumpIf\
#        -Isource/XCategory/Application/acu/Processes/LoadsControl\
#        -Isource/XCategory/Application/acu/Processes/Maintain\
#        -Isource/XCategory/Application/acu/Processes/SetVariable\
#        -Isource/XCategory/Application/acu/RegulationAccept\
#        -Isource/XCategory/Application/acu/Selector\
#        -Isource/XCategory/Application/acu/SubCycle\
#        -Isource/XCategory/Application/acu/Supervisor\
#        -Isource/XCategory/Application/acu/TestMgr\
#        -Isource/XCategory/Application/acuexpacu/ApplianceMgr\
#        -Isource/XCategory/Application/acuhmi/CommunicationMonitor\
#        -Isource/XCategory/Application/acuhmi/Modifier\
#        -Isource/XCategory/Application/acuhmi/Regulations\
#        -Isource/XCategory/Application/acuhmi/Status\
#        -Isource/XCategory/Application/all/API007Data\
#        -Isource/XCategory/Application/all/API011AppCtr\
#        -Isource/XCategory/Application/all/API012Exp\
#        -Isource/XCategory/Application/all/API013RemoteFunction\
#        -Isource/XCategory/Application/all/API018Diagnostic\
#        -Isource/XCategory/Application/all/API220MotorControl\
#        -Isource/XCategory/Application/all/API220MotorControl/Api\
#        -Isource/XCategory/Application/all/Mode\
#        -Isource/XCategory/Application/all/Reveal_Basic/API003Disc\
#        -Isource/XCategory/Application/all/Reveal_Basic/API004Debug\
#        -Isource/XCategory/Application/all/Reveal_Basic/API004Debug/SW05SoftwareTest\
#        -Isource/XCategory/Application/all/Reveal_Basic/API005LowLevel\
#        -Isource/XCategory/Application/all/Reveal_Basic/API009System\
#        -Isource/XCategory/Application/all/Reveal_Basic/API010PollVar\
#        -Isource/XCategory/Application/all/Reveal_Basic/API019ProductInfo\
#        -Isource/XCategory/Application/all/SFUpdater\
#        -Isource/XCategory/Application/all/SRAPI020Safety\
#        -Isource/XCategory/Application/all/StatusLed\
#        -Isource/XCategory/Common/acu/BrownOut\
#        -Isource/XCategory/Common/acu/Fault\
#        -Isource/XCategory/Common/acu/Statistics\
#        -Isource/XCategory/Common/all/Common/Callback\
#        -Isource/XCategory/Common/all/Common/Convert\
#        -Isource/XCategory/Common/all/Common/Crc16\
#        -Isource/XCategory/Common/all/Common/Crc32\
#        -Isource/XCategory/Common/all/Common/Crc8\
#        -Isource/XCategory/Common/all/Common/Equation\
#        -Isource/XCategory/Common/all/Common/Filter\
#        -Isource/XCategory/Common/all/Common/FITMgr\
#        -Isource/XCategory/Common/all/Common/I2cMgr\
#        -Isource/XCategory/Common/all/Common/IAPEmul\
#        -Isource/XCategory/Common/all/Common/Log\
#        -Isource/XCategory/Common/all/Common/Millis\
#        -Isource/XCategory/Common/all/Common/SeggerRTT\
#        -Isource/XCategory/Common/all/Common/SeggerRTT/SEGGER_RTT/Config\
#        -Isource/XCategory/Common/all/Common/SeggerRTT/SEGGER_RTT/RTT\
#        -Isource/XCategory/Common/all/Common/SettingFile\
#        -Isource/XCategory/Common/all/Common/SFVersionCheck\
#        -Isource/XCategory/Common/all/Common/SystemConfig\
#        -Isource/XCategory/Common/all/Common/SystemTimers\
#        -Isource/XCategory/Common/all/Common/Utilities\
#        -Isource/XCategory/Common/all/Common/Variable\
#        -Isource/XCategory/Common/all/SRCommon/SRClockMonitor\
#        -Isource/XCategory/Common/all/SRCommon/SRData\
#        -Isource/XCategory/Common/all/SRCommon/SRException\
#        -Isource/XCategory/Common/all/SRCommon/SRIsrMonitor\
#        -Isource/XCategory/Common/all/SRCommon/SRPowerMgr\
#        -Isource/XCategory/Common/all/SRCommon/SRSignature\
#        -Isource/XCategory/Common/all/SRCommon/SRSystemConfig\
#        -Isource/XCategory/Common/all/SRCommon/SRTaskMonitor\
#        -Isource/XCategory/Common/all/SRCommon/SRTaskSequence\
#        -Isource/XCategory/Common/all/SRCommon/SRTimerReference\
#        -Isource/XCategory/Common/all/SRCommon/SRUnusedPinsConfig\
#        -Isource/XCategory/Common/all/SRMain\
#        -Isource/XCategory/Common/all/SRMain/BackgroundThreads\
#        -Isource/XCategory/Common/all/SRMain/OsServices\
#        -Isource/XCategory/Common/all/SRMain/StackAnalysis\
#        -Isource/XCategory/Common/all/SRMain/TimingAnalysis\
#        -Isource/XCategory/Driver/APIs/Atod\
#        -Isource/XCategory/Driver/APIs/Comparator\
#        -Isource/XCategory/Driver/APIs/DataFlash\
#        -Isource/XCategory/Driver/APIs/Dma\
#        -Isource/XCategory/Driver/APIs/Dtc\
#        -Isource/XCategory/Driver/APIs/Dtoa\
#        -Isource/XCategory/Driver/APIs/EmbOS\
#        -Isource/XCategory/Driver/APIs/ExtInterrupt\
#        -Isource/XCategory/Driver/APIs/Flash\
#        -Isource/XCategory/Driver/APIs/Gpio\
#        -Isource/XCategory/Driver/APIs/I2c\
#        -Isource/XCategory/Driver/APIs/IntMgr\
#        -Isource/XCategory/Driver/APIs/Micro\
#        -Isource/XCategory/Driver/APIs/MicroExt\
#        -Isource/XCategory/Driver/APIs/Rtc\
#        -Isource/XCategory/Driver/APIs/RTCDriver\
#        -Isource/XCategory/Driver/APIs/Spi\
#        -Isource/XCategory/Driver/APIs/Timeout\
#        -Isource/XCategory/Driver/APIs/Timer\
#        -Isource/XCategory/Driver/APIs/TimerInterrupt\
#        -Isource/XCategory/Driver/APIs/Touch\
#        -Isource/XCategory/Driver/APIs/Uart\
#        -Isource/XCategory/Hbl/acu/FdmCounter\
#        -Isource/XCategory/Hbl/acu/FdmTimer\
#        -Isource/XCategory/Hbl/acuexpacu/ACUGIHandler/ConvertGI\
#        -Isource/XCategory/Hbl/acuexpacu/ACUGIHandler/DirectGI\
#        -Isource/XCategory/Hbl/acuexpacu/ACUGIHandler/DoorSwitchGI\
#        -Isource/XCategory/Hbl/acuexpacu/ACUGIHandler/ProbeGI\
#        -Isource/XCategory/Hbl/acuexpacu/ACUGIHandler/ProbeLpsGI\
#        -Isource/XCategory/Hbl/acuexpacu/ACULoadHandler/DCFanLoad\
#        -Isource/XCategory/Hbl/acuexpacu/ACUPilotHandler/AnalogOutputPilot\
#        -Isource/XCategory/Hbl/acuexpacu/ACUPilotHandler/ChargePumpPilot\
#        -Isource/XCategory/Hbl/acuexpacu/ACUPilotHandler/DigitalOutputMultiPilot\
#        -Isource/XCategory/Hbl/acuexpacu/ACUPilotHandler/DigitalOutputPilot\
#        -Isource/XCategory/Hbl/acuexpacu/ACUPilotHandler/DoorLockEMPilot\
#        -Isource/XCategory/Hbl/acuexpacu/ACUPilotHandler/DoorLockWaxPilot\
#        -Isource/XCategory/Hbl/acuexpacu/ACUPilotHandler/ExpansionPilot\
#        -Isource/XCategory/Hbl/acuexpacu/ACUPilotHandler/ExternalMotorPilot\
#        -Isource/XCategory/Hbl/acuexpacu/ACUPilotHandler/FSMPilot\
#        -Isource/XCategory/Hbl/acuexpacu/ACUPilotHandler/MagnetronPilot\
#        -Isource/XCategory/Hbl/acuexpacu/ACUPilotHandler/MotorPilot\
#        -Isource/XCategory/Hbl/acuexpacu/ACUPilotHandler/MultiDriverPilot\
#        -Isource/XCategory/Hbl/acuexpacu/ACUPilotHandler/MultiSequencePilot\
#        -Isource/XCategory/Hbl/acuexpacu/ACUPilotHandler/NonfunctionalPilot\
#        -Isource/XCategory/Hbl/acuexpacu/ACUPilotHandler/PwmHiResPilot\
#        -Isource/XCategory/Hbl/acuexpacu/ACUPilotHandler/PwmPilot\
#        -Isource/XCategory/Hbl/acuexpacu/ACUPilotHandler/SRChargePumpPilot\
#        -Isource/XCategory/Hbl/acuexpacu/ACUPilotHandler/SRDigitalOutputMultiPilot\
#        -Isource/XCategory/Hbl/acuexpacu/ACUPilotHandler/SRDigitalOutputPilot\
#        -Isource/XCategory/Hbl/acuexpacu/ACUPilotHandler/SRDoorLockEMPilot\
#        -Isource/XCategory/Hbl/acuexpacu/ACUPilotHandler/SRDoorLockWaxPilot\
#        -Isource/XCategory/Hbl/acuexpacu/ACUPilotHandler/SRUMRelayPilot\
#        -Isource/XCategory/Hbl/acuexpacu/ACUPilotHandler/SteadyPwmProfilePilot\
#        -Isource/XCategory/Hbl/acuexpacu/ACUPilotHandler/StepperPilot\
#        -Isource/XCategory/Hbl/acuexpacu/ACUPilotHandler/TriacSwitchPilot\
#        -Isource/XCategory/Hbl/acuexpacu/ACUPilotHandler/ZCRelayPilot\
#        -Isource/XCategory/Hbl/acuexpacu/ACUPilotHandler/ZCTriacPilot\
#        -Isource/XCategory/Hbl/acuexpacu/HblAcu\
#        -Isource/XCategory/Hbl/acuexpacu/HblAcu/CrossLoads\
#        -Isource/XCategory/Hbl/acuexpacu/HblAcu/SetLoadQueue\
#        -Isource/XCategory/Hbl/acuexpacu/HblAcu/SRProductMgr\
#        -Isource/XCategory/Hbl/acuexpacu/HblAcu/ZeroCross\
#        -Isource/XCategory/Hbl/all/Hbl\
#        -Isource/XCategory/Hbl/all/Hbl/DefaultPin\
#        -Isource/XCategory/Hbl/all/Hbl/HblCommon\
#        -Isource/XCategory/Hbl/all/Hbl/VirtualPin\
#        -Isource/XCategory/Hbl/all/LLIHandler/AbsoluteHumidityLLI\
#        -Isource/XCategory/Hbl/all/LLIHandler/AccelerometerLLI\
#        -Isource/XCategory/Hbl/all/LLIHandler/AccelerometerLLI/AccelBaseline\
#        -Isource/XCategory/Hbl/all/LLIHandler/AccelerometerLLI/AccelDiscover\
#        -Isource/XCategory/Hbl/all/LLIHandler/AccelerometerLLI/FXLS8974\
#        -Isource/XCategory/Hbl/all/LLIHandler/AccelerometerLLI/FXLS8974/SelfTestFXLS8974\
#        -Isource/XCategory/Hbl/all/LLIHandler/AccelerometerLLI/LISxDH\
#        -Isource/XCategory/Hbl/all/LLIHandler/AnalogLLI\
#        -Isource/XCategory/Hbl/all/LLIHandler/ConductivityLLI\
#        -Isource/XCategory/Hbl/all/LLIHandler/DigitalLLI\
#        -Isource/XCategory/Hbl/all/LLIHandler/EncoderLLI\
#        -Isource/XCategory/Hbl/all/LLIHandler/ExpansionLLI\
#        -Isource/XCategory/Hbl/all/LLIHandler/FeedbackLLI\
#        -Isource/XCategory/Hbl/all/LLIHandler/I2CInfraredLLI\
#        -Isource/XCategory/Hbl/all/LLIHandler/I2CPressureSensorLLI\
#        -Isource/XCategory/Hbl/all/LLIHandler/I2CRHTSensorLLI\
#        -Isource/XCategory/Hbl/all/LLIHandler/InputCaptureLLI\
#        -Isource/XCategory/Hbl/all/LLIHandler/MultiInputLLI\
#        -Isource/XCategory/Hbl/all/LLIHandler/NonfunctionalLLI\
#        -Isource/XCategory/Hbl/all/LLIHandler/PulseCounterLLI\
#        -Isource/XCategory/Hbl/all/LLIHandler/SRAnalogLLI\
#        -Isource/XCategory/Hbl/all/LLIHandler/SRDigitalLLI\
#        -Isource/XCategory/Hbl/all/LLIHandler/SRFeedbackLLI\
#        -Isource/XCategory/Hbl/all/LLIHandler/SRI2CPressureSensorLLI\
#        -Isource/XCategory/Hbl/all/LLIHandler/SRICTachometerLLI\
#        -Isource/XCategory/Hbl/all/LLIHandler/SRInputCaptureLLI\
#        -Isource/XCategory/Hbl/all/LLIHandler/SRTouchKeyLLI\
#        -Isource/XCategory/Hbl/all/LLIHandler/SRTriacFeedbackLLI\
#        -Isource/XCategory/Hbl/all/LLIHandler/TouchKeyLLI\
#        -Isource/XCategory/Hbl/all/LLIHandler/TouchSliderLLI\
#        -Isource/XCategory/Hbl/all/LLIHandler/TouchWheelLLI\
#        -Isource/XCategory/Hbl/all/LLIHandler/TriacFeedbackLLI\
#        -Isource/XCategory/Hbl/all/LLIHandler/VirtualDigitalLLI\
#        -Isource/XCategory/Service/all/NVData\
#        -Isource/XCategory/Service/all/Reveal\
#        -Isource/XCategory/Service/all/Win\) -l listings\MclObserver.lst -o
#        obj\MclObserver.obj
#        source/Category/Hbl/all/Mci/Slfac/Macroblocks/MclObserver.c
#    Locale       =  English_United States.1252
#    List file    =  listings\MclObserver.lst
#    Object file  =  obj\MclObserver.obj
#
###############################################################################

C:\Data\Nucleus_Dev\Vostok_ACU_A\source\Category\Hbl\all\Mci\Slfac\Macroblocks\MclObserver.c
      1          /**
      2           *  @file       
      3           *
      4           *  @brief      Basic description of file contents
      5           *
      6           *  @details    Detailed description of the file contents
      7           *
      8           *  @section    Applicable_Documents
      9           *					List here all the applicable documents if needed. <tr>	
     10           *
     11           *  $Header: $
     12           *
     13           *  @copyright  Copyright 2019-$Date$. Whirlpool Corporation. All rights reserved - CONFIDENTIAL
     14           */
     15          //---------------------------------------------------------------------------------------------------------------------
     16          //---------------------------------------------------------------------------------------------------------------------
     17          
     18          
     19          //-------------------------------------- Include Files ----------------------------------------------------------------
     20          #include "C_Extensions.h"
     21          #include "MclObserver.h" 
     22          #include "Pi.h"
     23          #include "Atod.h"
     24          #include "Mcl_prv.h"
     25          
     26          #include <stdlib.h>
     27          
     28          //-------------------------------------- PUBLIC (Variables) -----------------------------------------------------------
     29          
     30          //-------------------------------------- PRIVATE (Variables, Constants & Defines) -------------------------------------

   \                                 In section .bss, align 4
     31          static uint16 IIR_Prev_Active_Power;            //!< Previous value for active power iir filter
     32          static uint16 IIR_Prev_Volt;                    //!< Previous value for voltage iir filter
     33          #ifdef PW_MOTOR_ENABLED
     34          static uint16 Filt_Bemf_Volt_Light;             //!< Light filtered BEMF voltage
     35          static uint32 IIR_Prev_Bemf_Light;
     36          #endif
     37          static uint16 Bemf_Volt;                        //!< BEMF voltage
     38          static uint16 Prev_Filt_Volt;                   //!< Previous filt voltage value
     39          static ROTOR_STATE_TYPE Direct_BEMF_State_Prev; //!< Prev direct BEMF state
   \                     Direct_BEMF_State_Prev:
   \   00000000                      DS8 1
   \   00000001                      DS8 1
   \   00000002                      DS8 2
   \   00000004                      DS8 2
   \   00000006                      DS8 2
   \   00000008                      DS8 2
   \   0000000A                      DS8 2
   \   0000000C                      DS8 4
   \   00000010                      DS8 4
   \   00000014                      DS8 4
   \   00000018                      DS8 4
   \   0000001C                      DS8 4
   \   00000020                      DS8 4
   \   00000024                      DS8 4
     40          static uint8 Direct_BEMF_State_Deb;             //!< Direct BEMF state debounce counter
     41          static sint32 Prescaler_Param;                  //!< Initialize Parameter for Active Power Calculation
     42          static sint16 Pi_Param;                         //!< Initialize Parameter for Pi Max
     43          static sint32 MciSlfac_Active_Power_Temp;       //!< Temporary active power accumulator
     44          
     45          //BEMF Filtering
     46          static uint32 IIR_Prev_Bemf;
     47          static uint32 IIR_Prev_Bemf_2;
     48          
     49          //BEMF Parameters
     50          static sint32 FactorCurr;                       //!< Current factor used in observer
     51          static sint32 FactorDeltaCurr;                  //!< Delta current factor used in observer
     52          static sint32 FactorDeltaCurr_For_High_Current; //!< Delta current factor for high current used in observer
     53          
     54          
     55          //-------------------------------------- PRIVATE (Function Prototypes) ------------------------------------------------
     56          
     57          //=====================================================================================================================
     58          //-------------------------------------- Public Functions -------------------------------------------------------------
     59          //=====================================================================================================================
     60          
     61          //---------------------------------------------------------------------------------------------------------------------
     62          /**
     63           *  @brief      It Initializes the module MclObserver and its variables
     64           *
     65           */

   \                                 In section .text, align 2, keep-with-next
     66          void MclObserver__Initialize(MCL_OBSERVER_IO_TYPE* io, MCL_PARAMS_TYPE* params)
     67          {
   \                     MclObserver__Initialize: (+1)
   \   00000000   0xB5F8             PUSH     {R3-R7,LR}
   \   00000002   0x000D             MOVS     R5,R1
     68          	IIR_Prev_Active_Power = 0;
   \   00000004   0x2600             MOVS     R6,#+0
   \   00000006   0x....             LDR      R4,??DataTable0
   \   00000008   0x8066             STRH     R6,[R4, #+2]
     69          	IIR_Prev_Volt = 0;
   \   0000000A   0x80A6             STRH     R6,[R4, #+4]
     70          #ifdef PW_MOTOR_ENABLED
     71          	Filt_Bemf_Volt_Light = 0;
     72          #endif
     73          	Bemf_Volt = 0;
   \   0000000C   0x80E6             STRH     R6,[R4, #+6]
     74          	Prev_Filt_Volt = 0;
   \   0000000E   0x8126             STRH     R6,[R4, #+8]
     75          	Direct_BEMF_State_Prev = ROTOR_UNKNOWN;
   \   00000010   0x2002             MOVS     R0,#+2
   \   00000012   0x7020             STRB     R0,[R4, #+0]
     76          	Direct_BEMF_State_Deb = 0;
   \   00000014   0x7066             STRB     R6,[R4, #+1]
     77          	Prescaler_Param = ((sint32)params->Prescaler_for_Active_Power * (sint32)params->Mcisflac_Fast_Handler_Frequency)/60;
   \   00000016   0x0028             MOVS     R0,R5
   \   00000018   0x304A             ADDS     R0,R0,#+74
   \   0000001A   0x7807             LDRB     R7,[R0, #+0]
   \   0000001C   0x7841             LDRB     R1,[R0, #+1]
   \   0000001E   0x0609             LSLS     R1,R1,#+24
   \   00000020   0x0C09             LSRS     R1,R1,#+16
   \   00000022   0x430F             ORRS     R7,R7,R1
   \   00000024   0x0028             MOVS     R0,R5
   \   00000026   0x302C             ADDS     R0,R0,#+44
   \   00000028   0x.... 0x....      BL       __aeabi_uread4
   \   0000002C   0x4378             MULS     R0,R7,R0
   \   0000002E   0x213C             MOVS     R1,#+60
   \   00000030   0x.... 0x....      BL       __aeabi_idiv
   \   00000034   0x60E0             STR      R0,[R4, #+12]
     78          	Pi_Param = CONVERT_TO_PI_FORMAT(MCISLFAC_PERCENT_OF_SEMI_PERIOD_60HZ(params->Bemf_Shift_PI_Max_Out));
   \   00000036   0x0029             MOVS     R1,R5
   \   00000038   0x3164             ADDS     R1,R1,#+100
   \   0000003A   0x7808             LDRB     R0,[R1, #+0]
   \   0000003C   0x784A             LDRB     R2,[R1, #+1]
   \   0000003E   0x0612             LSLS     R2,R2,#+24
   \   00000040   0x0C12             LSRS     R2,R2,#+16
   \   00000042   0x4310             ORRS     R0,R0,R2
   \   00000044   0x....             LDR      R7,??DataTable0_1  ;; 0xd055
   \   00000046   0x4378             MULS     R0,R7,R0
   \   00000048   0x3032             ADDS     R0,R0,#+50
   \   0000004A   0x2164             MOVS     R1,#+100
   \   0000004C   0x.... 0x....      BL       __aeabi_idiv
   \   00000050   0x0400             LSLS     R0,R0,#+16
   \   00000052   0x0840             LSRS     R0,R0,#+1
   \   00000054   0x0879             LSRS     R1,R7,#+1
   \   00000056   0x1840             ADDS     R0,R0,R1
   \   00000058   0x0039             MOVS     R1,R7
   \   0000005A   0x.... 0x....      BL       __aeabi_uidiv
   \   0000005E   0x8160             STRH     R0,[R4, #+10]
     79          	MciSlfac_Active_Power_Temp = 0;
   \   00000060   0x6126             STR      R6,[R4, #+16]
     80          
     81          	FactorCurr = FLOAT_TO_3F16((params->Winding_Resistance * params->Current_Sensor_Gain) / params->Voltage_Sensor_Gain); //ADC_TO_CURR_FACTOR //ADC_TO_VOLT_FACTOR --->>> IQ21
   \   00000062   0x1CA8             ADDS     R0,R5,#+2
   \   00000064   0x.... 0x....      BL       __aeabi_uread4
   \   00000068   0x0006             MOVS     R6,R0
   \   0000006A   0x0028             MOVS     R0,R5
   \   0000006C   0x301C             ADDS     R0,R0,#+28
   \   0000006E   0x.... 0x....      BL       __aeabi_uread4
   \   00000072   0x.... 0x....      BL       __aeabi_ui2f
   \   00000076   0x0001             MOVS     R1,R0
   \   00000078   0x0030             MOVS     R0,R6
   \   0000007A   0x.... 0x....      BL       __aeabi_fmul
   \   0000007E   0x0006             MOVS     R6,R0
   \   00000080   0x0028             MOVS     R0,R5
   \   00000082   0x3020             ADDS     R0,R0,#+32
   \   00000084   0x.... 0x....      BL       __aeabi_uread4
   \   00000088   0x.... 0x....      BL       __aeabi_ui2f
   \   0000008C   0x0001             MOVS     R1,R0
   \   0000008E   0x0030             MOVS     R0,R6
   \   00000090   0x.... 0x....      BL       __aeabi_fdiv
   \   00000094   0x218F             MOVS     R1,#+143
   \   00000096   0x05C9             LSLS     R1,R1,#+23       ;; #+1199570944
   \   00000098   0x.... 0x....      BL       __aeabi_fmul
   \   0000009C   0x.... 0x....      BL       __aeabi_f2d
   \   000000A0   0x2200             MOVS     R2,#+0
   \   000000A2   0x....             LDR      R3,??DataTable1  ;; 0x3fe00000
   \   000000A4   0x.... 0x....      BL       __aeabi_dadd
   \   000000A8   0x.... 0x....      BL       __aeabi_d2uiz
   \   000000AC   0x61E0             STR      R0,[R4, #+28]
     82          	FactorDeltaCurr = FLOAT_TO_6F13((params->Winding_Inductance * (float)params->Mcisflac_Fast_Handler_Frequency * params->Current_Sensor_Gain) / params->Voltage_Sensor_Gain);
   \   000000AE   0x1DA8             ADDS     R0,R5,#+6
   \   000000B0   0x.... 0x....      BL       __aeabi_uread4
   \   000000B4   0x0006             MOVS     R6,R0
   \   000000B6   0x0028             MOVS     R0,R5
   \   000000B8   0x302C             ADDS     R0,R0,#+44
   \   000000BA   0x.... 0x....      BL       __aeabi_uread4
   \   000000BE   0x.... 0x....      BL       __aeabi_ui2f
   \   000000C2   0x0001             MOVS     R1,R0
   \   000000C4   0x0030             MOVS     R0,R6
   \   000000C6   0x.... 0x....      BL       __aeabi_fmul
   \   000000CA   0x0006             MOVS     R6,R0
   \   000000CC   0x0028             MOVS     R0,R5
   \   000000CE   0x301C             ADDS     R0,R0,#+28
   \   000000D0   0x.... 0x....      BL       __aeabi_uread4
   \   000000D4   0x9000             STR      R0,[SP, #+0]
   \   000000D6   0x0028             MOVS     R0,R5
   \   000000D8   0x3020             ADDS     R0,R0,#+32
   \   000000DA   0x.... 0x....      BL       __aeabi_uread4
   \   000000DE   0x0007             MOVS     R7,R0
   \   000000E0   0x9800             LDR      R0,[SP, #+0]
   \   000000E2   0x.... 0x....      BL       __aeabi_ui2f
   \   000000E6   0x0001             MOVS     R1,R0
   \   000000E8   0x0030             MOVS     R0,R6
   \   000000EA   0x.... 0x....      BL       __aeabi_fmul
   \   000000EE   0x0006             MOVS     R6,R0
   \   000000F0   0x0038             MOVS     R0,R7
   \   000000F2   0x.... 0x....      BL       __aeabi_ui2f
   \   000000F6   0x0001             MOVS     R1,R0
   \   000000F8   0x0030             MOVS     R0,R6
   \   000000FA   0x.... 0x....      BL       __aeabi_fdiv
   \   000000FE   0x218C             MOVS     R1,#+140
   \   00000100   0x05C9             LSLS     R1,R1,#+23       ;; #+1174405120
   \   00000102   0x.... 0x....      BL       __aeabi_fmul
   \   00000106   0x.... 0x....      BL       __aeabi_f2d
   \   0000010A   0x2200             MOVS     R2,#+0
   \   0000010C   0x....             LDR      R3,??DataTable1  ;; 0x3fe00000
   \   0000010E   0x.... 0x....      BL       __aeabi_dadd
   \   00000112   0x.... 0x....      BL       __aeabi_d2uiz
   \   00000116   0x6220             STR      R0,[R4, #+32]
     83          	FactorDeltaCurr_For_High_Current = FactorDeltaCurr*250;
   \   00000118   0x21FA             MOVS     R1,#+250
   \   0000011A   0x4348             MULS     R0,R1,R0
   \   0000011C   0x6260             STR      R0,[R4, #+36]
     84          
     85          	MclObserver__ResetState(params);
   \   0000011E   0x0029             MOVS     R1,R5
   \   00000120   0x3140             ADDS     R1,R1,#+64
   \   00000122   0x7808             LDRB     R0,[R1, #+0]
   \   00000124   0x784A             LDRB     R2,[R1, #+1]
   \   00000126   0x0612             LSLS     R2,R2,#+24
   \   00000128   0x0C12             LSRS     R2,R2,#+16
   \   0000012A   0x4310             ORRS     R0,R0,R2
   \   0000012C   0x21FA             MOVS     R1,#+250
   \   0000012E   0x01C9             LSLS     R1,R1,#+7        ;; #+32000
   \   00000130   0x000A             MOVS     R2,R1
   \   00000132   0x4082             LSLS     R2,R2,R0
   \   00000134   0x6162             STR      R2,[R4, #+20]
   \   00000136   0x002A             MOVS     R2,R5
   \   00000138   0x3242             ADDS     R2,R2,#+66
   \   0000013A   0x7810             LDRB     R0,[R2, #+0]
   \   0000013C   0x7853             LDRB     R3,[R2, #+1]
   \   0000013E   0x061B             LSLS     R3,R3,#+24
   \   00000140   0x0C1B             LSRS     R3,R3,#+16
   \   00000142   0x4318             ORRS     R0,R0,R3
   \   00000144   0x4081             LSLS     R1,R1,R0
   \   00000146   0x61A1             STR      R1,[R4, #+24]
     86          }
   \   00000148   0xBDF1             POP      {R0,R4-R7,PC}    ;; return
     87          
     88          
     89          //---------------------------------------------------------------------------------------------------------------------
     90          /**
     91           *  @brief      It Initializes the module MclObserver and its variables
     92           *
     93           */

   \                                 In section .text, align 2, keep-with-next
     94          void MclObserver__RunningHandler(MCL_OBSERVER_IO_TYPE* io, MCL_PARAMS_TYPE* params)
     95          {
   \                     MclObserver__RunningHandler: (+1)
   \   00000000   0xB5F0             PUSH     {R4-R7,LR}
   \   00000002   0xB085             SUB      SP,SP,#+20
   \   00000004   0x0005             MOVS     R5,R0
   \   00000006   0x000F             MOVS     R7,R1
     96              sint16 sig_filt_volt;
     97              sint32 factor_delta_curr;
     98              ROTOR_STATE_TYPE bemf_state;
     99              uint16 temp_u16;
    100          
    101              bemf_state         = ROTOR_UNKNOWN;
   \   00000008   0x2402             MOVS     R4,#+2
    102              sig_filt_volt      = 0;
    103              factor_delta_curr  = 0;
    104          
    105              //Active Power Accumulation
    106              MciSlfac_Active_Power_Temp += (sint32)(*io->sig_raw_curr) * (sint32)(*io->sig_raw_volt);
   \   0000000A   0x6EE8             LDR      R0,[R5, #+108]
   \   0000000C   0x9001             STR      R0,[SP, #+4]
   \   0000000E   0x6F28             LDR      R0,[R5, #+112]
   \   00000010   0x9003             STR      R0,[SP, #+12]
   \   00000012   0x....             LDR      R6,??DataTable2
   \   00000014   0x6930             LDR      R0,[R6, #+16]
   \   00000016   0x9903             LDR      R1,[SP, #+12]
   \   00000018   0x2200             MOVS     R2,#+0
   \   0000001A   0x5E89             LDRSH    R1,[R1, R2]
   \   0000001C   0x9A01             LDR      R2,[SP, #+4]
   \   0000001E   0x2300             MOVS     R3,#+0
   \   00000020   0x5ED2             LDRSH    R2,[R2, R3]
   \   00000022   0x4351             MULS     R1,R2,R1
   \   00000024   0x1840             ADDS     R0,R0,R1
   \   00000026   0x6130             STR      R0,[R6, #+16]
    107          
    108              // Vreal: the actual input voltage of the motor stator
    109              // Ireal: the current actual current of the motor stator during the current sampling period
    110              // Ireal_last: the last actual current of the motor stator during the last sampling period
    111              // f: sampling frequency
    112              // R: motor resistance
    113              // L:motor inductance
    114              // So, c language (floating point) should be like this
    115              // e_backemf = Vreal -R*Ireal-L*(Ireal-Ireal_last)/dt;
    116              // Vreal_last = Vreal;
    117              //
    118              // bemf fp after rounding = (U-Uoffset)
    119              // - round((F1fp*(I-Ioffset))/F1fpdiv)
    120              // - round((F2fp*(dI))/F2div)
    121          
    122              // Do not calculate observer for very high current or current increase because dI component generates error.
    123              if((*io->abs_raw_curr < params->Observer_Operation_Max_Limit) && (MATHCALC__ABS(*io->dif_raw_curr) < 100)) //OBSERVER_OPERATION_MAX_LIMIT
   \   00000028   0x0038             MOVS     R0,R7
   \   0000002A   0x3056             ADDS     R0,R0,#+86
   \   0000002C   0x7801             LDRB     R1,[R0, #+0]
   \   0000002E   0x7842             LDRB     R2,[R0, #+1]
   \   00000030   0x0612             LSLS     R2,R2,#+24
   \   00000032   0x0C12             LSRS     R2,R2,#+16
   \   00000034   0x4311             ORRS     R1,R1,R2
   \   00000036   0x6F68             LDR      R0,[R5, #+116]
   \   00000038   0x8802             LDRH     R2,[R0, #+0]
   \   0000003A   0x428A             CMP      R2,R1
   \   0000003C   0xD300             BCC      .+4
   \   0000003E   0xE10E             B        ??MclObserver__RunningHandler_0
   \   00000040   0x6FA9             LDR      R1,[R5, #+120]
   \   00000042   0x9102             STR      R1,[SP, #+8]
   \   00000044   0x6FA9             LDR      R1,[R5, #+120]
   \   00000046   0x2200             MOVS     R2,#+0
   \   00000048   0x5E89             LDRSH    R1,[R1, R2]
   \   0000004A   0x2900             CMP      R1,#+0
   \   0000004C   0xD500             BPL      ??MclObserver__RunningHandler_1
   \   0000004E   0x4249             RSBS     R1,R1,#+0
   \                     ??MclObserver__RunningHandler_1: (+1)
   \   00000050   0x2964             CMP      R1,#+100
   \   00000052   0xDB00             BLT      .+4
   \   00000054   0xE103             B        ??MclObserver__RunningHandler_0
    124              {
    125                  if(FALSE == *io->zero_current_prev)
   \   00000056   0x2180             MOVS     R1,#+128
   \   00000058   0x5869             LDR      R1,[R5, R1]
   \   0000005A   0x7809             LDRB     R1,[R1, #+0]
   \   0000005C   0x2900             CMP      R1,#+0
   \   0000005E   0xD178             BNE      ??MclObserver__RunningHandler_2
    126                  {
    127                      // When current is low and we detect significant voltage drop caused be triac off
    128                      // then current is close to zero. Or when current is zero.
    129                      if((((*io->abs_raw_curr < params->ZC_Current_Detection_Thr) &&
    130                           (((TRUE == *io->MciSlfac_Prev_VZC_State) && ((sint16)(*io->Prev_Volt - *io->raw_volt) > (sint16)params->ZC_Voltage_Detection_Thr)) ||
    131                            ((FALSE == *io->MciSlfac_Prev_VZC_State) && ((sint16)(*io->raw_volt - *io->Prev_Volt) > (sint16)params->ZC_Voltage_Detection_Thr)))) ||
    132                          (*io->abs_raw_curr < params->Current_Base)) &&
    133                         (*io->Triac_State == FALSE)) //ZC_CURENT_DETECTION_THR   //ZC_VOLTAGE_DETECTION_THR
   \   00000060   0x003A             MOVS     R2,R7
   \   00000062   0x3252             ADDS     R2,R2,#+82
   \   00000064   0x7811             LDRB     R1,[R2, #+0]
   \   00000066   0x7853             LDRB     R3,[R2, #+1]
   \   00000068   0x061B             LSLS     R3,R3,#+24
   \   0000006A   0x0C1B             LSRS     R3,R3,#+16
   \   0000006C   0x4319             ORRS     R1,R1,R3
   \   0000006E   0x8802             LDRH     R2,[R0, #+0]
   \   00000070   0x428A             CMP      R2,R1
   \   00000072   0xD22B             BCS      ??MclObserver__RunningHandler_3
   \   00000074   0x6A69             LDR      R1,[R5, #+36]
   \   00000076   0x9100             STR      R1,[SP, #+0]
   \   00000078   0x7809             LDRB     R1,[R1, #+0]
   \   0000007A   0x2901             CMP      R1,#+1
   \   0000007C   0xD112             BNE      ??MclObserver__RunningHandler_4
   \   0000007E   0x0039             MOVS     R1,R7
   \   00000080   0x3154             ADDS     R1,R1,#+84
   \   00000082   0x780B             LDRB     R3,[R1, #+0]
   \   00000084   0x784A             LDRB     R2,[R1, #+1]
   \   00000086   0x0612             LSLS     R2,R2,#+24
   \   00000088   0x0C12             LSRS     R2,R2,#+16
   \   0000008A   0x4313             ORRS     R3,R3,R2
   \   0000008C   0x4669             MOV      R1,SP
   \   0000008E   0x820B             STRH     R3,[R1, #+16]
   \   00000090   0x8A09             LDRH     R1,[R1, #+16]
   \   00000092   0xB209             SXTH     R1,R1
   \   00000094   0x6AAA             LDR      R2,[R5, #+40]
   \   00000096   0x8812             LDRH     R2,[R2, #+0]
   \   00000098   0x6E6B             LDR      R3,[R5, #+100]
   \   0000009A   0x881B             LDRH     R3,[R3, #+0]
   \   0000009C   0x1AD2             SUBS     R2,R2,R3
   \   0000009E   0xB212             SXTH     R2,R2
   \   000000A0   0x4291             CMP      R1,R2
   \   000000A2   0xDB17             BLT      ??MclObserver__RunningHandler_5
   \                     ??MclObserver__RunningHandler_4: (+1)
   \   000000A4   0x9900             LDR      R1,[SP, #+0]
   \   000000A6   0x7809             LDRB     R1,[R1, #+0]
   \   000000A8   0x2900             CMP      R1,#+0
   \   000000AA   0xD10F             BNE      ??MclObserver__RunningHandler_3
   \   000000AC   0x003A             MOVS     R2,R7
   \   000000AE   0x3254             ADDS     R2,R2,#+84
   \   000000B0   0x7811             LDRB     R1,[R2, #+0]
   \   000000B2   0x7853             LDRB     R3,[R2, #+1]
   \   000000B4   0x061B             LSLS     R3,R3,#+24
   \   000000B6   0x0C1B             LSRS     R3,R3,#+16
   \   000000B8   0x4319             ORRS     R1,R1,R3
   \   000000BA   0xB209             SXTH     R1,R1
   \   000000BC   0x6E6A             LDR      R2,[R5, #+100]
   \   000000BE   0x8812             LDRH     R2,[R2, #+0]
   \   000000C0   0x6AAB             LDR      R3,[R5, #+40]
   \   000000C2   0x881B             LDRH     R3,[R3, #+0]
   \   000000C4   0x1AD2             SUBS     R2,R2,R3
   \   000000C6   0xB212             SXTH     R2,R2
   \   000000C8   0x4291             CMP      R1,R2
   \   000000CA   0xDB03             BLT      ??MclObserver__RunningHandler_5
   \                     ??MclObserver__RunningHandler_3: (+1)
   \   000000CC   0x8801             LDRH     R1,[R0, #+0]
   \   000000CE   0x7E7A             LDRB     R2,[R7, #+25]
   \   000000D0   0x4291             CMP      R1,R2
   \   000000D2   0xD209             BCS      ??MclObserver__RunningHandler_6
   \                     ??MclObserver__RunningHandler_5: (+1)
   \   000000D4   0x6AE9             LDR      R1,[R5, #+44]
   \   000000D6   0x7809             LDRB     R1,[R1, #+0]
   \   000000D8   0x2900             CMP      R1,#+0
   \   000000DA   0xD105             BNE      ??MclObserver__RunningHandler_6
    134          
    135                      {
    136                          IIR_Prev_Volt = 0;
   \   000000DC   0x2000             MOVS     R0,#+0
   \   000000DE   0x80B0             STRH     R0,[R6, #+4]
    137                          *io->Zero_Current_Detected = TRUE;
   \   000000E0   0x2001             MOVS     R0,#+1
   \   000000E2   0x6C69             LDR      R1,[R5, #+68]
   \   000000E4   0x7008             STRB     R0,[R1, #+0]
   \   000000E6   0xE09C             B        ??MclObserver__RunningHandler_7
    138                      }
   \                     ??MclObserver__RunningHandler_6: (+1)
   \   000000E8   0x9902             LDR      R1,[SP, #+8]
   \   000000EA   0x2200             MOVS     R2,#+0
   \   000000EC   0x5E89             LDRSH    R1,[R1, R2]
   \   000000EE   0x9100             STR      R1,[SP, #+0]
   \   000000F0   0x8801             LDRH     R1,[R0, #+0]
   \   000000F2   0x9A00             LDR      R2,[SP, #+0]
   \   000000F4   0x434A             MULS     R2,R1,R2
   \   000000F6   0xD501             BPL      ??MclObserver__RunningHandler_8
   \   000000F8   0x4250             RSBS     R0,R2,#+0
   \   000000FA   0x0002             MOVS     R2,R0
   \                     ??MclObserver__RunningHandler_8: (+1)
   \   000000FC   0x10D0             ASRS     R0,R2,#+3
   \   000000FE   0x0F00             LSRS     R0,R0,#+28
   \   00000100   0x1880             ADDS     R0,R0,R2
   \   00000102   0x1100             ASRS     R0,R0,#+4
   \   00000104   0x2296             MOVS     R2,#+150
   \   00000106   0x00D2             LSLS     R2,R2,#+3        ;; #+1200
   \   00000108   0x4290             CMP      R0,R2
   \   0000010A   0xDA01             BGE      ??MclObserver__RunningHandler_9
    139                      else
    140                      {
    141                          // I*dI is better determine if normalization is necessary. High current not always mean that normalization is needed.
    142                          // But when also dI is high we need it.
    143                          if((MATHCALC__ABS(*io->abs_raw_curr * (sint32)(*io->dif_raw_curr)) / 16) < 1200)
    144                          {
    145                              factor_delta_curr = FactorDeltaCurr;
   \   0000010C   0x6A30             LDR      R0,[R6, #+32]
   \   0000010E   0xE002             B        ??MclObserver__RunningHandler_10
    146                          }
    147          #ifdef PW_MOTOR_ENABLED
    148                          else if(((MATHCALC__ABS(*io->abs_raw_curr * (sint32)(*io->dif_raw_curr)) / 16) < 2000) && (WM_SINGLE_SPEED_SYNCH_SPH_PW == *io->MciSlfac_Wash_Motor_Type))
    149                          {
    150                              // Try normalization
    151                              factor_delta_curr = FactorDeltaCurr_For_High_Current / *io->abs_raw_curr;
    152                              *io->bemf_volt_tmp = (sint32)(*io->sig_raw_volt) -
    153                                  (((sint32)((sint32)(*io->FactorCurr) * (sint32)(*io->sig_raw_curr)) + (sint32)(DIV_3F16/2)) / (sint32)DIV_3F16) -
    154                                  (((sint32)((sint32)factor_delta_curr * (sint32)(*io->dif_raw_curr)) + (sint32)(DIV_6F13/2)) / (sint32)DIV_6F13);
    155          
    156                              // If normalization creates observer error then disable normalization
    157                              if(((Filt_Bemf_Volt_Light < CONVERT_TO_OBSERVER_FORMAT(0)) && (*io->bemf_volt_tmp > 0)) ||
    158                                 ((Filt_Bemf_Volt_Light > CONVERT_TO_OBSERVER_FORMAT(0)) && (*io->bemf_volt_tmp < 0)) )
    159                              {
    160                                  factor_delta_curr = *io->FactorDeltaCurr;
    161                              }
    162                          }
    163          #endif
    164                          else
    165                          {
    166                               // Normalize dI component factor for high current
    167                              factor_delta_curr = FactorDeltaCurr_For_High_Current / *io->abs_raw_curr;
   \                     ??MclObserver__RunningHandler_9: (+1)
   \   00000110   0x6A70             LDR      R0,[R6, #+36]
   \   00000112   0x.... 0x....      BL       __aeabi_idiv
    168                          }
    169          
    170                          *io->bemf_volt_tmp = (sint32)(*io->sig_raw_volt) -
    171                              (((sint32)((sint32)(FactorCurr) * (sint32)(*io->sig_raw_curr)) + (sint32)(DIV_3F16/2)) / (sint32)DIV_3F16) -
    172                              (((sint32)((sint32)factor_delta_curr * (sint32)(*io->dif_raw_curr)) + (sint32)(DIV_6F13/2)) / (sint32)DIV_6F13);
   \                     ??MclObserver__RunningHandler_10: (+1)
   \   00000116   0x69F1             LDR      R1,[R6, #+28]
   \   00000118   0x9A03             LDR      R2,[SP, #+12]
   \   0000011A   0x2300             MOVS     R3,#+0
   \   0000011C   0x5ED2             LDRSH    R2,[R2, R3]
   \   0000011E   0x4351             MULS     R1,R2,R1
   \   00000120   0x03A2             LSLS     R2,R4,#+14
   \   00000122   0x1889             ADDS     R1,R1,R2
   \   00000124   0x9A00             LDR      R2,[SP, #+0]
   \   00000126   0x4350             MULS     R0,R2,R0
   \   00000128   0x02E2             LSLS     R2,R4,#+11
   \   0000012A   0x1880             ADDS     R0,R0,R2
   \   0000012C   0x9A01             LDR      R2,[SP, #+4]
   \   0000012E   0x8812             LDRH     R2,[R2, #+0]
   \   00000130   0x13CB             ASRS     R3,R1,#+15
   \   00000132   0x0C1B             LSRS     R3,R3,#+16
   \   00000134   0x1859             ADDS     R1,R3,R1
   \   00000136   0x1409             ASRS     R1,R1,#+16
   \   00000138   0x1A51             SUBS     R1,R2,R1
   \   0000013A   0x1302             ASRS     R2,R0,#+12
   \   0000013C   0x0CD2             LSRS     R2,R2,#+19
   \   0000013E   0x1810             ADDS     R0,R2,R0
   \   00000140   0x1340             ASRS     R0,R0,#+13
   \   00000142   0x1A08             SUBS     R0,R1,R0
   \   00000144   0x6FE9             LDR      R1,[R5, #+124]
   \   00000146   0x8008             STRH     R0,[R1, #+0]
    173          
    174                          Bemf_Volt = CONVERT_TO_OBSERVER_FORMAT(*io->bemf_volt_tmp);
   \   00000148   0x21FA             MOVS     R1,#+250
   \   0000014A   0x01C9             LSLS     R1,R1,#+7        ;; #+32000
   \   0000014C   0x1840             ADDS     R0,R0,R1
   \   0000014E   0x80F0             STRH     R0,[R6, #+6]
   \   00000150   0xE067             B        ??MclObserver__RunningHandler_7
    175                      }
    176                  }
    177                  else
    178                  {
    179                      // For zero current read bemf directly
    180                  	*io->bemf_volt_tmp = (sint32)(*io->sig_raw_volt);
   \                     ??MclObserver__RunningHandler_2: (+1)
   \   00000152   0x9801             LDR      R0,[SP, #+4]
   \   00000154   0x2100             MOVS     R1,#+0
   \   00000156   0x5E40             LDRSH    R0,[R0, R1]
   \   00000158   0x6FE9             LDR      R1,[R5, #+124]
   \   0000015A   0x8008             STRH     R0,[R1, #+0]
    181                      Bemf_Volt = CONVERT_TO_OBSERVER_FORMAT(*io->bemf_volt_tmp);
   \   0000015C   0x21FA             MOVS     R1,#+250
   \   0000015E   0x01C9             LSLS     R1,R1,#+7        ;; #+32000
   \   00000160   0x1840             ADDS     R0,R0,R1
   \   00000162   0x80F0             STRH     R0,[R6, #+6]
    182          
    183                      if(0 == IIR_Prev_Volt)
   \   00000164   0x6E68             LDR      R0,[R5, #+100]
   \   00000166   0x88B1             LDRH     R1,[R6, #+4]
   \   00000168   0x2900             CMP      R1,#+0
   \   0000016A   0xD104             BNE      ??MclObserver__RunningHandler_11
    184                      {
    185                          // Init filter
    186                      	temp_u16 = *io->raw_volt;
    187                          IIR_Prev_Volt = temp_u16<<2;
   \   0000016C   0x8801             LDRH     R1,[R0, #+0]
   \   0000016E   0x0089             LSLS     R1,R1,#+2
   \   00000170   0x80B1             STRH     R1,[R6, #+4]
    188                          Prev_Filt_Volt = *io->raw_volt;
   \   00000172   0x8801             LDRH     R1,[R0, #+0]
   \   00000174   0x8131             STRH     R1,[R6, #+8]
    189                      }
    190          #ifdef PW_MOTOR_ENABLED
    191                      if(*io->MciSlfac_Wash_Motor_Type == WM_SINGLE_SPEED_SYNCH_SPH_PW)
    192                      {
    193                      	*io->filt_volt = IIRFilter(&IIR_Prev_Volt, *io->raw_volt, 2);
    194                      }
    195                      else
    196          #endif
    197                      {
    198                          // Additional filtering
    199                      	*io->filt_volt = (IIRFilter(&IIR_Prev_Volt, *io->raw_volt, 2) + Prev_Filt_Volt) / 2;
   \                     ??MclObserver__RunningHandler_11: (+1)
   \   00000176   0x2202             MOVS     R2,#+2
   \   00000178   0x8801             LDRH     R1,[R0, #+0]
   \   0000017A   0x1D30             ADDS     R0,R6,#+4
   \   0000017C   0x.... 0x....      BL       IIRFilter
   \   00000180   0x8931             LDRH     R1,[R6, #+8]
   \   00000182   0x1840             ADDS     R0,R0,R1
   \   00000184   0x6EAA             LDR      R2,[R5, #+104]
   \   00000186   0x0FC3             LSRS     R3,R0,#+31
   \   00000188   0x1818             ADDS     R0,R3,R0
   \   0000018A   0x1040             ASRS     R0,R0,#+1
   \   0000018C   0x8010             STRH     R0,[R2, #+0]
   \   0000018E   0x8810             LDRH     R0,[R2, #+0]
   \   00000190   0x1A40             SUBS     R0,R0,R1
   \   00000192   0x6CE9             LDR      R1,[R5, #+76]
   \   00000194   0x8008             STRH     R0,[R1, #+0]
    200                      }
    201                      *io->Filt_Volt_Increase = *io->filt_volt - Prev_Filt_Volt;
    202                      Prev_Filt_Volt = *io->filt_volt;
   \   00000196   0x8811             LDRH     R1,[R2, #+0]
   \   00000198   0x8131             STRH     R1,[R6, #+8]
    203          
    204                      sig_filt_volt = (sint16)*io->filt_volt - (sint16)(*io->Offset_Volt);
   \   0000019A   0x6D2A             LDR      R2,[R5, #+80]
   \   0000019C   0x8812             LDRH     R2,[R2, #+0]
   \   0000019E   0x1A89             SUBS     R1,R1,R2
   \   000001A0   0xB209             SXTH     R1,R1
    205          #ifdef PW_MOTOR_ENABLED
    206                      if(*io->MciSlfac_Wash_Motor_Type == WM_SINGLE_SPEED_SYNCH_SPH_PW)
    207                      {
    208                          // TODO: Merge it to AW
    209                          // When BEMF is close to ZC point check also rate of change. For fast changing signals change ZC detection threshold.
    210                          if(((sig_filt_volt > 0) && (*io->Filt_Volt_Increase >= 0)) ||
    211                             ((sig_filt_volt > (-100)) && (*io->Filt_Volt_Increase >= 6)))
    212                          {
    213                              bemf_state = ROTOR_POSITIVE;
    214                          }
    215                          else if(((sig_filt_volt < 0) && (*io->Filt_Volt_Increase <= 0)) ||
    216                                  ((sig_filt_volt < 100) && (*io->Filt_Volt_Increase <= (-6))))
    217                          {
    218                              bemf_state = ROTOR_NEGATIVE;
    219                          }
    220                      }
    221                      else if(*io->Bemf_Aligned == FALSE)
    222          #else
    223                      if(*io->Bemf_Aligned == FALSE)
   \   000001A2   0x6BAA             LDR      R2,[R5, #+56]
   \   000001A4   0x7812             LDRB     R2,[R2, #+0]
   \   000001A6   0x2A00             CMP      R2,#+0
   \   000001A8   0xD128             BNE      ??MclObserver__RunningHandler_12
    224          #endif
    225                      {
    226                          // When BEMF is close to ZC point check also rate of change. For fast changing signals change ZC detection threshold.
    227                          if(((sig_filt_volt > 0) && (*io->Filt_Volt_Increase >= 0)) ||
    228                             ((sig_filt_volt > (-150)) && (*io->Filt_Volt_Increase >= 2)) ||
    229                             ((sig_filt_volt > 150) && (*io->Filt_Volt_Increase >= (-1))))
   \   000001AA   0x2901             CMP      R1,#+1
   \   000001AC   0xDB03             BLT      ??MclObserver__RunningHandler_13
   \   000001AE   0xB200             SXTH     R0,R0
   \   000001B0   0x2800             CMP      R0,#+0
   \   000001B2   0xD52A             BPL      ??MclObserver__RunningHandler_14
   \   000001B4   0xE003             B        ??MclObserver__RunningHandler_15
   \                     ??MclObserver__RunningHandler_13: (+1)
   \   000001B6   0x2294             MOVS     R2,#+148
   \   000001B8   0x43D2             MVNS     R2,R2            ;; #-149
   \   000001BA   0x4291             CMP      R1,R2
   \   000001BC   0xDB0A             BLT      ??MclObserver__RunningHandler_16
   \                     ??MclObserver__RunningHandler_15: (+1)
   \   000001BE   0xB200             SXTH     R0,R0
   \   000001C0   0x0002             MOVS     R2,R0
   \   000001C2   0x2A02             CMP      R2,#+2
   \   000001C4   0xDA21             BGE      ??MclObserver__RunningHandler_14
   \   000001C6   0x2997             CMP      R1,#+151
   \   000001C8   0xDB04             BLT      ??MclObserver__RunningHandler_16
   \   000001CA   0x2000             MOVS     R0,#+0
   \   000001CC   0x43C0             MVNS     R0,R0            ;; #-1
   \   000001CE   0x4282             CMP      R2,R0
   \   000001D0   0xDB27             BLT      ??MclObserver__RunningHandler_7
   \   000001D2   0xE01A             B        ??MclObserver__RunningHandler_14
    230                          {
    231                              bemf_state = ROTOR_POSITIVE;
    232                          }
    233                          else if(((sig_filt_volt < 0) && (*io->Filt_Volt_Increase <= 0)) ||
    234                                  ((sig_filt_volt < 150) && (*io->Filt_Volt_Increase <= (-2))) ||
    235                                  ((sig_filt_volt < (-150)) && (*io->Filt_Volt_Increase <= 1)))
   \                     ??MclObserver__RunningHandler_16: (+1)
   \   000001D4   0x2900             CMP      R1,#+0
   \   000001D6   0xD503             BPL      ??MclObserver__RunningHandler_17
   \   000001D8   0xB200             SXTH     R0,R0
   \   000001DA   0x2801             CMP      R0,#+1
   \   000001DC   0xDB20             BLT      ??MclObserver__RunningHandler_18
   \   000001DE   0xE001             B        ??MclObserver__RunningHandler_19
   \                     ??MclObserver__RunningHandler_17: (+1)
   \   000001E0   0x2996             CMP      R1,#+150
   \   000001E2   0xDA1E             BGE      ??MclObserver__RunningHandler_7
   \                     ??MclObserver__RunningHandler_19: (+1)
   \   000001E4   0xB202             SXTH     R2,R0
   \   000001E6   0x2000             MOVS     R0,#+0
   \   000001E8   0x43C0             MVNS     R0,R0            ;; #-1
   \   000001EA   0x4282             CMP      R2,R0
   \   000001EC   0xDB18             BLT      ??MclObserver__RunningHandler_18
   \   000001EE   0x2095             MOVS     R0,#+149
   \   000001F0   0x43C0             MVNS     R0,R0            ;; #-150
   \   000001F2   0x4281             CMP      R1,R0
   \   000001F4   0xDA15             BGE      ??MclObserver__RunningHandler_7
   \   000001F6   0x2A02             CMP      R2,#+2
   \   000001F8   0xDA13             BGE      ??MclObserver__RunningHandler_7
   \   000001FA   0xE011             B        ??MclObserver__RunningHandler_18
    236                          {
    237                              bemf_state = ROTOR_NEGATIVE;
    238                          }
    239                      }
    240                      else
    241                      {
    242                          // If BEMF is aligned with line voltage then change condition. Condition is around 90 deg shifted.
    243                          if(((sig_filt_volt > 0) && (*io->Filt_Volt_Increase >= 0)) ||
    244                             (sig_filt_volt > 250) )
   \                     ??MclObserver__RunningHandler_12: (+1)
   \   000001FC   0x2901             CMP      R1,#+1
   \   000001FE   0xDB02             BLT      ??MclObserver__RunningHandler_20
   \   00000200   0xB200             SXTH     R0,R0
   \   00000202   0x2800             CMP      R0,#+0
   \   00000204   0xD501             BPL      ??MclObserver__RunningHandler_14
   \                     ??MclObserver__RunningHandler_20: (+1)
   \   00000206   0x29FB             CMP      R1,#+251
   \   00000208   0xDB01             BLT      ??MclObserver__RunningHandler_21
    245                          {
    246                              bemf_state = ROTOR_POSITIVE;
   \                     ??MclObserver__RunningHandler_14: (+1)
   \   0000020A   0x2401             MOVS     R4,#+1
   \   0000020C   0xE009             B        ??MclObserver__RunningHandler_7
    247                          }
    248                          else if(((sig_filt_volt < 0) && (*io->Filt_Volt_Increase <= 0))||
    249                                  (sig_filt_volt < (-250)))
   \                     ??MclObserver__RunningHandler_21: (+1)
   \   0000020E   0x2900             CMP      R1,#+0
   \   00000210   0xD502             BPL      ??MclObserver__RunningHandler_22
   \   00000212   0xB200             SXTH     R0,R0
   \   00000214   0x2801             CMP      R0,#+1
   \   00000216   0xDB03             BLT      ??MclObserver__RunningHandler_18
   \                     ??MclObserver__RunningHandler_22: (+1)
   \   00000218   0x20F9             MOVS     R0,#+249
   \   0000021A   0x43C0             MVNS     R0,R0            ;; #-250
   \   0000021C   0x4281             CMP      R1,R0
   \   0000021E   0xDA00             BGE      ??MclObserver__RunningHandler_7
    250                          {
    251                              bemf_state = ROTOR_NEGATIVE;
   \                     ??MclObserver__RunningHandler_18: (+1)
   \   00000220   0x2400             MOVS     R4,#+0
    252                          }
    253                      }
    254                  }
    255          #ifdef PW_MOTOR_ENABLED
    256                  Filt_Bemf_Volt_Light = IIRFilterLong(io->IIR_Prev_Bemf_Light, Bemf_Volt, 3);
    257          #endif
    258          
    259                  // Use filter chain for observer filtration. It provides good signal dynamics and good noise cancelling.
    260                  *io->Filt_Bemf_Volt = IIRFilterLong(&IIR_Prev_Bemf, Bemf_Volt, params->Bemf_Alpha_IIR); //BEMF_ALPHA_IIR
   \                     ??MclObserver__RunningHandler_7: (+1)
   \   00000222   0x0038             MOVS     R0,R7
   \   00000224   0x3040             ADDS     R0,R0,#+64
   \   00000226   0x7802             LDRB     R2,[R0, #+0]
   \   00000228   0x7841             LDRB     R1,[R0, #+1]
   \   0000022A   0x0609             LSLS     R1,R1,#+24
   \   0000022C   0x0C09             LSRS     R1,R1,#+16
   \   0000022E   0x430A             ORRS     R2,R2,R1
   \   00000230   0xB2D2             UXTB     R2,R2
   \   00000232   0x88F1             LDRH     R1,[R6, #+6]
   \   00000234   0x0030             MOVS     R0,R6
   \   00000236   0x3014             ADDS     R0,R0,#+20
   \   00000238   0x.... 0x....      BL       IIRFilterLong
   \   0000023C   0x6BE9             LDR      R1,[R5, #+60]
   \   0000023E   0x8008             STRH     R0,[R1, #+0]
    261                  *io->Filt_Bemf_Volt = IIRFilterLong(&IIR_Prev_Bemf_2, *io->Filt_Bemf_Volt, params->Bemf_Alpha_2_IIR); //BEMF_2_ALPHA_IIR
   \   00000240   0x0038             MOVS     R0,R7
   \   00000242   0x3042             ADDS     R0,R0,#+66
   \   00000244   0x7802             LDRB     R2,[R0, #+0]
   \   00000246   0x7843             LDRB     R3,[R0, #+1]
   \   00000248   0x061B             LSLS     R3,R3,#+24
   \   0000024A   0x0C1B             LSRS     R3,R3,#+16
   \   0000024C   0x431A             ORRS     R2,R2,R3
   \   0000024E   0xB2D2             UXTB     R2,R2
   \   00000250   0x8809             LDRH     R1,[R1, #+0]
   \   00000252   0x0030             MOVS     R0,R6
   \   00000254   0x3018             ADDS     R0,R0,#+24
   \   00000256   0x.... 0x....      BL       IIRFilterLong
   \   0000025A   0x6BE9             LDR      R1,[R5, #+60]
   \   0000025C   0x8008             STRH     R0,[R1, #+0]
    262              }
    263          
    264              if(Direct_BEMF_State_Prev == bemf_state)
   \                     ??MclObserver__RunningHandler_0: (+1)
   \   0000025E   0x7830             LDRB     R0,[R6, #+0]
   \   00000260   0x42A0             CMP      R0,R4
   \   00000262   0xD107             BNE      ??MclObserver__RunningHandler_23
    265              {
    266                  Direct_BEMF_State_Deb ++;
   \   00000264   0x7870             LDRB     R0,[R6, #+1]
   \   00000266   0x1C40             ADDS     R0,R0,#+1
    267                  if(Direct_BEMF_State_Deb >= 3)
   \   00000268   0xB2C0             UXTB     R0,R0
   \   0000026A   0x2803             CMP      R0,#+3
   \   0000026C   0xDB04             BLT      ??MclObserver__RunningHandler_24
    268                  {
    269                      *io->Direct_BEMF_State = bemf_state;
   \   0000026E   0x6C29             LDR      R1,[R5, #+64]
   \   00000270   0x700C             STRB     R4,[R1, #+0]
   \   00000272   0xE001             B        ??MclObserver__RunningHandler_24
    270                  }
    271          
    272              }
    273              else
    274              {
    275                  Direct_BEMF_State_Deb = 0;
   \                     ??MclObserver__RunningHandler_23: (+1)
   \   00000274   0x2000             MOVS     R0,#+0
    276                  Direct_BEMF_State_Prev = bemf_state;
   \   00000276   0x7034             STRB     R4,[R6, #+0]
   \                     ??MclObserver__RunningHandler_24: (+1)
   \   00000278   0x7070             STRB     R0,[R6, #+1]
    277              }
    278          
    279          }
   \   0000027A   0xB005             ADD      SP,SP,#+20
   \   0000027C   0xBDF0             POP      {R4-R7,PC}       ;; return
    280          
    281          //---------------------------------------------------------------------------------------------------------------------
    282          /**
    283           *  @brief
    284           *
    285           */

   \                                 In section .text, align 2, keep-with-next
    286          void MclObserver__ActivePowerEstimation(MCL_OBSERVER_IO_TYPE* io, MCL_PARAMS_TYPE* params)
    287          {
   \                     MclObserver__ActivePowerEstimation: (+1)
   \   00000000   0xB570             PUSH     {R4-R6,LR}
   \   00000002   0x0004             MOVS     R4,R0
    288          	uint16 temp_active_power;
    289          	uint16 filt_active_power;
    290          
    291          #ifdef PW_MOTOR_ENABLED
    292              if((0 != (*io->Mcl_Main_Counter - *io->VZC_Time_P)) && (TRUE == *io->Triac_Fired_Prev) && (TRUE == *io->Triac_Fired))
    293          #else
    294              if((TRUE == *io->Triac_Fired_Prev) && (TRUE == *io->Triac_Fired))
   \   00000004   0x68A0             LDR      R0,[R4, #+8]
   \   00000006   0x7800             LDRB     R0,[R0, #+0]
   \   00000008   0x2801             CMP      R0,#+1
   \   0000000A   0xD120             BNE      ??MclObserver__ActivePowerEstimation_0
   \   0000000C   0x6860             LDR      R0,[R4, #+4]
   \   0000000E   0x7800             LDRB     R0,[R0, #+0]
   \   00000010   0x2801             CMP      R0,#+1
   \   00000012   0xD11C             BNE      ??MclObserver__ActivePowerEstimation_0
    295          #endif
    296              {
    297                  if(MciSlfac_Active_Power_Temp < 0)
   \   00000014   0x....             LDR      R6,??DataTable2
   \   00000016   0x6930             LDR      R0,[R6, #+16]
   \   00000018   0x2800             CMP      R0,#+0
   \   0000001A   0xD501             BPL      ??MclObserver__ActivePowerEstimation_1
    298                  {
    299                      MciSlfac_Active_Power_Temp = 0;
   \   0000001C   0x2000             MOVS     R0,#+0
   \   0000001E   0x6130             STR      R0,[R6, #+16]
    300                  }
    301          
    302                  temp_active_power = (uint16)(MciSlfac_Active_Power_Temp / Prescaler_Param); //PRESCALER_FOR_ACTIVE_POWER *
   \                     ??MclObserver__ActivePowerEstimation_1: (+1)
   \   00000020   0x6930             LDR      R0,[R6, #+16]
   \   00000022   0x68F1             LDR      R1,[R6, #+12]
   \   00000024   0x.... 0x....      BL       __aeabi_idiv
   \   00000028   0x0005             MOVS     R5,R0
    303                  filt_active_power = IIRFilter(&IIR_Prev_Active_Power, temp_active_power, 2);
   \   0000002A   0x2202             MOVS     R2,#+2
   \   0000002C   0xB2A9             UXTH     R1,R5
   \   0000002E   0x1CB0             ADDS     R0,R6,#+2
   \   00000030   0x.... 0x....      BL       IIRFilter
    304          
    305                  //if(Pi__GetOutput(io->Pi_Bemf_Shift) == Pi_Param) //BEMF_SHIFT_PI_MAX_OUT
    306                  if(io->Pi_Bemf_Shift->Output == Pi_Param) //BEMF_SHIFT_PI_MAX_OUT
   \   00000034   0x68E1             LDR      R1,[R4, #+12]
   \   00000036   0x6922             LDR      R2,[R4, #+16]
   \   00000038   0x2310             MOVS     R3,#+16
   \   0000003A   0x5ED2             LDRSH    R2,[R2, R3]
   \   0000003C   0x230A             MOVS     R3,#+10
   \   0000003E   0x5EF3             LDRSH    R3,[R6, R3]
   \   00000040   0x429A             CMP      R2,R3
   \   00000042   0xD101             BNE      ??MclObserver__ActivePowerEstimation_2
    307                  {
    308                      // When pi is starurated use filtred active power to decrease variance.
    309                      *io->MciSlfac_Active_Power = filt_active_power;
   \   00000044   0x8008             STRH     R0,[R1, #+0]
   \   00000046   0xE000             B        ??MclObserver__ActivePowerEstimation_3
    310                  }
    311                  else
    312                  {
    313                      *io->MciSlfac_Active_Power = temp_active_power;
   \                     ??MclObserver__ActivePowerEstimation_2: (+1)
   \   00000048   0x800D             STRH     R5,[R1, #+0]
    314                  }
    315          
    316                  *io->MciSlfac_Active_Power_Prev = filt_active_power;
   \                     ??MclObserver__ActivePowerEstimation_3: (+1)
   \   0000004A   0x6CA1             LDR      R1,[R4, #+72]
   \   0000004C   0x8008             STRH     R0,[R1, #+0]
    317              }
    318              MciSlfac_Active_Power_Temp = 0;
   \                     ??MclObserver__ActivePowerEstimation_0: (+1)
   \   0000004E   0x2000             MOVS     R0,#+0
   \   00000050   0x....             LDR      R1,??DataTable2
   \   00000052   0x6108             STR      R0,[R1, #+16]
    319          
    320              if(*io->Power_Drop_Enter_Deb > 0)
   \   00000054   0x69A0             LDR      R0,[R4, #+24]
   \   00000056   0x7801             LDRB     R1,[R0, #+0]
   \   00000058   0x000A             MOVS     R2,R1
   \   0000005A   0xD001             BEQ      ??MclObserver__ActivePowerEstimation_4
    321              {
    322              	*io->Power_Drop_Enter_Deb -=1;
   \   0000005C   0x1E49             SUBS     R1,R1,#+1
   \   0000005E   0x7001             STRB     R1,[R0, #+0]
    323              }
    324          
    325              if(*io->Power_Drop_Exit_Deb > 0)
   \                     ??MclObserver__ActivePowerEstimation_4: (+1)
   \   00000060   0x6960             LDR      R0,[R4, #+20]
   \   00000062   0x7801             LDRB     R1,[R0, #+0]
   \   00000064   0x000A             MOVS     R2,R1
   \   00000066   0xD009             BEQ      ??MclObserver__ActivePowerEstimation_5
    326              {
    327              	*io->Power_Drop_Exit_Deb -=1;
   \   00000068   0x1E49             SUBS     R1,R1,#+1
   \   0000006A   0x7001             STRB     R1,[R0, #+0]
    328                  if(*io->Power_Drop_Exit_Deb == 0)
   \   0000006C   0x6960             LDR      R0,[R4, #+20]
   \   0000006E   0x7800             LDRB     R0,[R0, #+0]
   \   00000070   0x2800             CMP      R0,#+0
   \   00000072   0xD103             BNE      ??MclObserver__ActivePowerEstimation_5
    329                  {
    330                      // Restore previous Triac_Start_Time
    331                      *io->Triac_Start_Time = *io->Triac_Start_Time_Init;
   \   00000074   0x6A20             LDR      R0,[R4, #+32]
   \   00000076   0x8800             LDRH     R0,[R0, #+0]
   \   00000078   0x69E1             LDR      R1,[R4, #+28]
   \   0000007A   0x8008             STRH     R0,[R1, #+0]
    332                  }
    333              }
    334          }
   \                     ??MclObserver__ActivePowerEstimation_5: (+1)
   \   0000007C   0xBD70             POP      {R4-R6,PC}       ;; return
    335          
    336          //---------------------------------------------------------------------------------------------------------------------
    337          /**
    338           *  @brief      It Initializes the module MclObserver and its variables
    339           *
    340           */

   \                                 In section .text, align 2, keep-with-next
    341          void MclObserver__ResetState(MCL_PARAMS_TYPE* params)
    342          {
   \                     MclObserver__ResetState: (+1)
   \   00000000   0xB410             PUSH     {R4}
    343              IIR_Prev_Bemf = (CONVERT_TO_OBSERVER_FORMAT(0))<<params->Bemf_Alpha_IIR; //BEMF_ALPHA_IIR
   \   00000002   0x0002             MOVS     R2,R0
   \   00000004   0x3240             ADDS     R2,R2,#+64
   \   00000006   0x7811             LDRB     R1,[R2, #+0]
   \   00000008   0x7853             LDRB     R3,[R2, #+1]
   \   0000000A   0x061B             LSLS     R3,R3,#+24
   \   0000000C   0x0C1B             LSRS     R3,R3,#+16
   \   0000000E   0x4319             ORRS     R1,R1,R3
   \   00000010   0x....             LDR      R2,??DataTable3
   \   00000012   0x23FA             MOVS     R3,#+250
   \   00000014   0x01DB             LSLS     R3,R3,#+7        ;; #+32000
   \   00000016   0x001C             MOVS     R4,R3
   \   00000018   0x408C             LSLS     R4,R4,R1
   \   0000001A   0x6154             STR      R4,[R2, #+20]
    344              IIR_Prev_Bemf_2 = (CONVERT_TO_OBSERVER_FORMAT(0))<<params->Bemf_Alpha_2_IIR; //BEMF_2_ALPHA_IIR
   \   0000001C   0x0001             MOVS     R1,R0
   \   0000001E   0x3142             ADDS     R1,R1,#+66
   \   00000020   0x7808             LDRB     R0,[R1, #+0]
   \   00000022   0x784C             LDRB     R4,[R1, #+1]
   \   00000024   0x0624             LSLS     R4,R4,#+24
   \   00000026   0x0C24             LSRS     R4,R4,#+16
   \   00000028   0x4320             ORRS     R0,R0,R4
   \   0000002A   0x4083             LSLS     R3,R3,R0
   \   0000002C   0x6193             STR      R3,[R2, #+24]
    345          #ifdef PW_MOTOR_ENABLED
    346              IIR_Prev_Bemf_Light = (CONVERT_TO_OBSERVER_FORMAT(0))<<3;
    347          #endif
    348          }
   \   0000002E   0xBC10             POP      {R4}
   \   00000030   0x4770             BX       LR               ;; return

   \                                 In section .text, align 4, keep-with-next
   \                     ??DataTable0:
   \   00000000   0x........         DC32     Direct_BEMF_State_Prev

   \                                 In section .text, align 4, keep-with-next
   \                     ??DataTable0_1:
   \   00000000   0x0000D055         DC32     0xd055

   \                                 In section .text, align 4, keep-with-next
   \                     ??DataTable1:
   \   00000000   0x3FE00000         DC32     0x3fe00000

   \                                 In section .text, align 4, keep-with-next
   \                     ??DataTable2:
   \   00000000   0x........         DC32     Direct_BEMF_State_Prev

   \                                 In section .text, align 4, keep-with-next
   \                     ??DataTable3:
   \   00000000   0x........         DC32     Direct_BEMF_State_Prev
    349          
    350          //=====================================================================================================================
    351          //-------------------------------------- Private Functions ------------------------------------------------------------
    352          //=====================================================================================================================

   Maximum stack usage in bytes:

   .cstack Function
   ------- --------
      16   MclObserver__ActivePowerEstimation
        16   -> IIRFilter
        16 __aeabi_idiv
      24   MclObserver__Initialize
        24   -> __aeabi_d2uiz
        24   -> __aeabi_dadd
        24   -> __aeabi_f2d
        24   -> __aeabi_fdiv
        24   -> __aeabi_fmul
        24   -> __aeabi_ui2f
        24 __aeabi_idiv
        24 __aeabi_uidiv
        24 __aeabi_uread4
       4   MclObserver__ResetState
      40   MclObserver__RunningHandler
        40   -> IIRFilter
        40   -> IIRFilterLong
        40 __aeabi_idiv


   Section sizes:

   Bytes  Function/Label
   -----  --------------
       4  ??DataTable0
       4  ??DataTable0_1
       4  ??DataTable1
       4  ??DataTable2
       4  ??DataTable3
      40  Direct_BEMF_State_Prev
          Direct_BEMF_State_Deb
          IIR_Prev_Active_Power
          IIR_Prev_Volt
          Bemf_Volt
          Prev_Filt_Volt
          Pi_Param
          Prescaler_Param
          MciSlfac_Active_Power_Temp
          IIR_Prev_Bemf
          IIR_Prev_Bemf_2
          FactorCurr
          FactorDeltaCurr
          FactorDeltaCurr_For_High_Current
     126  MclObserver__ActivePowerEstimation
     330  MclObserver__Initialize
      50  MclObserver__ResetState
     638  MclObserver__RunningHandler

 
    40 bytes in section .bss
 1 164 bytes in section .text
 
 1 164 bytes of CODE memory
    40 bytes of DATA memory

Errors: none
Warnings: none
