###############################################################################
#
# IAR ANSI C/C++ Compiler V7.70.1.11437/W32 for ARM       28/Feb/2025  14:17:25
# Copyright 1999-2016 IAR Systems AB.
#
#    Cpu mode     =  thumb
#    Endian       =  little
#    Source file  =  
#        source/Category/Hbl/all/Mci/Slfac/Macroblocks/MclTriacDrive.c
#    Command line =  
#        --cpu Cortex-M0+ -Oh --debug -e --only_stdout --silent -D
#        ENABLE_JUMP_TO_APPLICATION_WITHOUT_IAP_FIRMWARE --no_wrap_diagnostics
#        -f config\tmp\include_path.lnt
#        (-I../Nucleus-Tools-SDK/embOS/arm/v4.26/source\
#        -I../Nucleus-Tools-SDK/iar/arm/v7.70/cx/inc\
#        -Isource/Category/Application/acu/CycleResume\
#        -Isource/Category/Application/acu/Monitors/AutostartFactoryCycleMonitor\
#        -Isource/Category/Application/acu/Monitors/CartridgeDetectionMonitor\
#        -Isource/Category/Application/acu/Monitors/DCLoadCurrentMonitor\
#        -Isource/Category/Application/acu/Monitors/DiverterFaultMonitor\
#        -Isource/Category/Application/acu/Monitors/DiverterLeakFaultMonitor\
#        -Isource/Category/Application/acu/Monitors/DoorMonitor\
#        -Isource/Category/Application/acu/Monitors/DoorOpeningSystemMonitor\
#        -Isource/Category/Application/acu/Monitors/FanMotorFaultMonitor\
#        -Isource/Category/Application/acu/Monitors/FaultStatusMonitor\
#        -Isource/Category/Application/acu/Monitors/FillValveStuckOn\
#        -Isource/Category/Application/acu/Monitors/FlowMeterFaultMonitor\
#        -Isource/Category/Application/acu/Monitors/HeatMonitor\
#        -Isource/Category/Application/acu/Monitors/HotHighPotMonitor\
#        -Isource/Category/Application/acu/Monitors/LITTFaultMonitor\
#        -Isource/Category/Application/acu/Monitors/LITTMonitor\
#        -Isource/Category/Application/acu/Monitors/McuGetDataMonitor\
#        -Isource/Category/Application/acu/Monitors/ModelMonitors/AirlockDetectionMonitor\
#        -Isource/Category/Application/acu/Monitors/ModelMonitors/AirlockDetectionMonitor/CodeGeneration\
#        -Isource/Category/Application/acu/Monitors/ModelMonitors/HeaterCalcificationDetectionModel\
#        -Isource/Category/Application/acu/Monitors/ModelMonitors/HeaterCalcificationDetectionModel/CodeGeneration\
#        -Isource/Category/Application/acu/Monitors/ModelMonitors/OWIVoltageRegulatedOutputModel\
#        -Isource/Category/Application/acu/Monitors/ModelMonitors/OWIVoltageRegulatedOutputModel/CodeGeneration\
#        -Isource/Category/Application/acu/Monitors/ModelMonitors/PluggingDetectionMonitor\
#        -Isource/Category/Application/acu/Monitors/ModelMonitors/PluggingDetectionMonitor/CodeGeneration\
#        -Isource/Category/Application/acu/Monitors/MoisturePreventionMonitor\
#        -Isource/Category/Application/acu/Monitors/OverfillMonitor\
#        -Isource/Category/Application/acu/Monitors/OWIMonitor\
#        -Isource/Category/Application/acu/Monitors/PilotRelayFaultMonitor\
#        -Isource/Category/Application/acu/Monitors/PilotRelayFaultMonitor/PilotRelayStuckClosedMonitor\
#        -Isource/Category/Application/acu/Monitors/PilotRelayFaultMonitor/PilotRelayStuckOpenMonitor\
#        -Isource/Category/Application/acu/Monitors/PORTimeMonitor\
#        -Isource/Category/Application/acu/Monitors/PumpFlushRequestMonitor\
#        -Isource/Category/Application/acu/Monitors/RinseAidMonitor\
#        -Isource/Category/Application/acu/Monitors/SaltSensingMonitor\
#        -Isource/Category/Application/acu/Monitors/StabilityControlLoopMonitor\
#        -Isource/Category/Application/acu/Monitors/StandbyManager\
#        -Isource/Category/Application/acu/Monitors/SupervisorExtMonitor\
#        -Isource/Category/Application/acu/Monitors/ThermistorFaultMonitor\
#        -Isource/Category/Application/acu/Monitors/ThermistorFaultMonitor/ThermistorOpenMonitor\
#        -Isource/Category/Application/acu/Monitors/ThermistorFaultMonitor/ThermistorShortedMonitor\
#        -Isource/Category/Application/acu/Monitors/TriacCurrentMonitor\
#        -Isource/Category/Application/acu/Monitors/TriacShortedDrainFaultMonitor\
#        -Isource/Category/Application/acu/Monitors/TriacVoltageMonitor\
#        -Isource/Category/Application/acu/Monitors/VoltageRangeMonitor\
#        -Isource/Category/Application/acu/Monitors/VSDrainMotorFaultMonitor\
#        -Isource/Category/Application/acu/Monitors/VwiMonitor\
#        -Isource/Category/Application/acu/Monitors/VwiZoneCompensationMonitor\
#        -Isource/Category/Application/acu/Monitors/WashHeaterFaultMonitor\
#        -Isource/Category/Application/acu/Monitors/WashHeaterFaultMonitor/HeaterLeakageToNeutralMonitor\
#        -Isource/Category/Application/acu/Monitors/WashHeaterFaultMonitor/HeaterLineRelayOpenMonitor\
#        -Isource/Category/Application/acu/Monitors/WashHeaterFaultMonitor/HeaterNeutralRelayOpenMonitor\
#        -Isource/Category/Application/acu/Monitors/WashHeaterFaultMonitor/HeaterOpenAndLineRelayClosedMonitor\
#        -Isource/Category/Application/acu/Monitors/WashHeaterFaultMonitor/HeaterOpenMonitor\
#        -Isource/Category/Application/acu/Monitors/WashMotorFaultMonitor\
#        -Isource/Category/Application/acu/Monitors/ZeroCrossMonitor\
#        -Isource/Category/Application/acu/Processes/AlternateCtrl\
#        -Isource/Category/Application/acu/Processes/Fill\
#        -Isource/Category/Application/acu/Processes/Fill/ClassAFill\
#        -Isource/Category/Application/acu/Processes/Fill/Fill\
#        -Isource/Category/Application/acu/Processes/Fill/TankDrain\
#        -Isource/Category/Application/acu/Processes/Fill/TankFill\
#        -Isource/Category/Application/acu/Processes/Heat\
#        -Isource/Category/Application/acu/Processes/ModelProcesses/OWICalibrationModel\
#        -Isource/Category/Application/acu/Processes/ModelProcesses/OWICalibrationModel/CodeGeneration\
#        -Isource/Category/Application/acu/Processes/ModelProcesses/PartialDrainModel\
#        -Isource/Category/Application/acu/Processes/ModelProcesses/PartialDrainModel/CodeGeneration\
#        -Isource/Category/Application/acu/Processes/ModelProcesses/SensedDrainModel\
#        -Isource/Category/Application/acu/Processes/ModelProcesses/SensedDrainModel/CodeGeneration\
#        -Isource/Category/Application/acu/Processes/OWI\
#        -Isource/Category/Application/acu/Processes/OWI_VRO\
#        -Isource/Category/Application/acu/Processes/OWIOneShot\
#        -Isource/Category/Application/acu/Processes/PumpControl\
#        -Isource/Category/Application/acu/Processes/Regenerate\
#        -Isource/Category/Application/acu/Processes/RinseAidDispense\
#        -Isource/Category/Application/acu/Processes/RinseAidDispense/RinseAid\
#        -Isource/Category/Application/acu/Processes/RinseAidDispense/TridgeDetergent\
#        -Isource/Category/Application/acu/Tasks/DoorOpeningSystemPull\
#        -Isource/Category/Application/acu/Tasks/DoorOpeningSystemPush\
#        -Isource/Category/Application/acu/Tasks/HeaterShadowing\
#        -Isource/Category/Application/acu/Tasks/MoisturePrevention\
#        -Isource/Category/Application/acu/Tasks/OWIContinousReading\
#        -Isource/Category/Application/acu/Tasks/OwiVroContinuousReading\
#        -Isource/Category/Application/acu/Tasks/Sanitization\
#        -Isource/Category/Application/acu/Tasks/StabilityControl\
#        -Isource/Category/Application/acu/Tasks/TimeElapse\
#        -Isource/Category/Application/acu/VWI\
#        -Isource/Category/Application/all/ActivePower\
#        -Isource/Category/Application/all/API007App\
#        -Isource/Category/Application/all/Config\
#        -Isource/Category/Common/acu/CommonDish/DishAuxVar\
#        -Isource/Category/Common/acu/CommonDish/PumpCommand\
#        -Isource/Category/Common/acu/CommonDish/StatisticsDish\
#        -Isource/Category/Common/all/BoardDebugging\
#        -Isource/Category/Common/all/Config\
#        -Isource/Category/Common/all/MasterCommander\
#        -Isource/Category/Common/all/MasterCommander/Source\
#        -Isource/Category/Common/all/MasterCommander/Source/HAL\
#        -Isource/Category/Common/all/SharedUtils\
#        -Isource/Category/Hbl/acu/ACULoadHandler/AlternateLoad\
#        -Isource/Category/Hbl/acuexpacu/ACUGIHandler/WaterCounterGI\
#        -Isource/Category/Hbl/acuexpacu/ACULoadHandler/HeaterLoad\
#        -Isource/Category/Hbl/acuexpacu/ACULoadHandler/TriacMci\
#        -Isource/Category/Hbl/all/Config\ -Isource/Category/Hbl/all/Mci\
#        -Isource/Category/Hbl/all/Mci/MciZeroCross\
#        -Isource/Category/Hbl/all/Mci/Slfac\
#        -Isource/Category/Hbl/all/Mci/Slfac/Macroblocks\
#        -Isource/Category/Hbl/all/Mci/Slfac/Microblocks/GlitchFilter\
#        -Isource/Category/Hbl/all/Mci/Slfac/Microblocks/IIRFilter\
#        -Isource/Category/Hbl/all/Mci/Slfac/Microblocks/MathCalc\
#        -Isource/Category/Hbl/all/Mci/Slfac/Microblocks/PeakDetector\
#        -Isource/Category/Hbl/all/Mci/Slfac/Microblocks/Pi\
#        -Isource/Category/Hbl/all/MCUDrivers/TimeCapture\
#        -Isource/Category/Hbl/all/MCUDrivers/TimerInterruptExt\
#        -Isource/Micros/STM32G0x/Driver/Atod\
#        -Isource/Micros/STM32G0x/Driver/DataFlash\
#        -Isource/Micros/STM32G0x/Driver/Dma\
#        -Isource/Micros/STM32G0x/Driver/Dtoa\
#        -Isource/Micros/STM32G0x/Driver/ExtInterrupt\
#        -Isource/Micros/STM32G0x/Driver/Flash\
#        -Isource/Micros/STM32G0x/Driver/Gpio\
#        -Isource/Micros/STM32G0x/Driver/I2c\
#        -Isource/Micros/STM32G0x/Driver/IntMgr\
#        -Isource/Micros/STM32G0x/Driver/Micro\
#        -Isource/Micros/STM32G0x/Driver/MicroExt\
#        -Isource/Micros/STM32G0x/Driver/Rtc\
#        -Isource/Micros/STM32G0x/Driver/RTCDriver\
#        -Isource/Micros/STM32G0x/Driver/Spi\
#        -Isource/Micros/STM32G0x/Driver/Timeout\
#        -Isource/Micros/STM32G0x/Driver/Timer\
#        -Isource/Micros/STM32G0x/Driver/TimerInterrupt\
#        -Isource/Micros/STM32G0x/Driver/Uart\
#        -Isource/ProjectSpecific/Application/acu/Config\
#        -Isource/ProjectSpecific/Application/acu/LowPower\
#        -Isource/ProjectSpecific/Application/acuexpacu/Config\
#        -Isource/ProjectSpecific/Application/all/Config\
#        -Isource/ProjectSpecific/Application/all/MCUDebug\
#        -Isource/ProjectSpecific/Application/all/ProductInfo\
#        -Isource/ProjectSpecific/Common/acu/Config\
#        -Isource/ProjectSpecific/Common/all/Config\
#        -Isource/ProjectSpecific/Common/all/Debug\
#        -Isource/ProjectSpecific/Common/all/SRConfig\
#        -Isource/ProjectSpecific/Driver/STM32G0x\
#        -Isource/ProjectSpecific/Hbl/acuexpacu/Config\
#        -Isource/ProjectSpecific/Hbl/acuexpacu/SRConfig\
#        -Isource/ProjectSpecific/Hbl/all/Config\
#        -Isource/ProjectSpecific/Hbl/all/Config/Mci\
#        -Isource/ProjectSpecific/Hbl/all/Config/Mci/MasterCommander\
#        -Isource/ProjectSpecific/Hbl/all/Config/Mci/MCUDrivers\
#        -Isource/ProjectSpecific/Hbl/all/SRConfig\
#        -Isource/XCategory/Application/acu/API221MotionCtrl\
#        -Isource/XCategory/Application/acu/Calibration\
#        -Isource/XCategory/Application/acu/Condition\
#        -Isource/XCategory/Application/acu/Estimator\
#        -Isource/XCategory/Application/acu/Interpreter\
#        -Isource/XCategory/Application/acu/Processes/ActivateTask\
#        -Isource/XCategory/Application/acu/Processes/JumpIf\
#        -Isource/XCategory/Application/acu/Processes/LoadsControl\
#        -Isource/XCategory/Application/acu/Processes/Maintain\
#        -Isource/XCategory/Application/acu/Processes/SetVariable\
#        -Isource/XCategory/Application/acu/RegulationAccept\
#        -Isource/XCategory/Application/acu/Selector\
#        -Isource/XCategory/Application/acu/SubCycle\
#        -Isource/XCategory/Application/acu/Supervisor\
#        -Isource/XCategory/Application/acu/TestMgr\
#        -Isource/XCategory/Application/acuexpacu/ApplianceMgr\
#        -Isource/XCategory/Application/acuhmi/CommunicationMonitor\
#        -Isource/XCategory/Application/acuhmi/Modifier\
#        -Isource/XCategory/Application/acuhmi/Regulations\
#        -Isource/XCategory/Application/acuhmi/Status\
#        -Isource/XCategory/Application/all/API007Data\
#        -Isource/XCategory/Application/all/API011AppCtr\
#        -Isource/XCategory/Application/all/API012Exp\
#        -Isource/XCategory/Application/all/API013RemoteFunction\
#        -Isource/XCategory/Application/all/API018Diagnostic\
#        -Isource/XCategory/Application/all/API220MotorControl\
#        -Isource/XCategory/Application/all/API220MotorControl/Api\
#        -Isource/XCategory/Application/all/Mode\
#        -Isource/XCategory/Application/all/Reveal_Basic/API003Disc\
#        -Isource/XCategory/Application/all/Reveal_Basic/API004Debug\
#        -Isource/XCategory/Application/all/Reveal_Basic/API004Debug/SW05SoftwareTest\
#        -Isource/XCategory/Application/all/Reveal_Basic/API005LowLevel\
#        -Isource/XCategory/Application/all/Reveal_Basic/API009System\
#        -Isource/XCategory/Application/all/Reveal_Basic/API010PollVar\
#        -Isource/XCategory/Application/all/Reveal_Basic/API019ProductInfo\
#        -Isource/XCategory/Application/all/SFUpdater\
#        -Isource/XCategory/Application/all/SRAPI020Safety\
#        -Isource/XCategory/Application/all/StatusLed\
#        -Isource/XCategory/Common/acu/BrownOut\
#        -Isource/XCategory/Common/acu/Fault\
#        -Isource/XCategory/Common/acu/Statistics\
#        -Isource/XCategory/Common/all/Common/Callback\
#        -Isource/XCategory/Common/all/Common/Convert\
#        -Isource/XCategory/Common/all/Common/Crc16\
#        -Isource/XCategory/Common/all/Common/Crc32\
#        -Isource/XCategory/Common/all/Common/Crc8\
#        -Isource/XCategory/Common/all/Common/Equation\
#        -Isource/XCategory/Common/all/Common/Filter\
#        -Isource/XCategory/Common/all/Common/FITMgr\
#        -Isource/XCategory/Common/all/Common/I2cMgr\
#        -Isource/XCategory/Common/all/Common/IAPEmul\
#        -Isource/XCategory/Common/all/Common/Log\
#        -Isource/XCategory/Common/all/Common/Millis\
#        -Isource/XCategory/Common/all/Common/SeggerRTT\
#        -Isource/XCategory/Common/all/Common/SeggerRTT/SEGGER_RTT/Config\
#        -Isource/XCategory/Common/all/Common/SeggerRTT/SEGGER_RTT/RTT\
#        -Isource/XCategory/Common/all/Common/SettingFile\
#        -Isource/XCategory/Common/all/Common/SFVersionCheck\
#        -Isource/XCategory/Common/all/Common/SystemConfig\
#        -Isource/XCategory/Common/all/Common/SystemTimers\
#        -Isource/XCategory/Common/all/Common/Utilities\
#        -Isource/XCategory/Common/all/Common/Variable\
#        -Isource/XCategory/Common/all/SRCommon/SRClockMonitor\
#        -Isource/XCategory/Common/all/SRCommon/SRData\
#        -Isource/XCategory/Common/all/SRCommon/SRException\
#        -Isource/XCategory/Common/all/SRCommon/SRIsrMonitor\
#        -Isource/XCategory/Common/all/SRCommon/SRPowerMgr\
#        -Isource/XCategory/Common/all/SRCommon/SRSignature\
#        -Isource/XCategory/Common/all/SRCommon/SRSystemConfig\
#        -Isource/XCategory/Common/all/SRCommon/SRTaskMonitor\
#        -Isource/XCategory/Common/all/SRCommon/SRTaskSequence\
#        -Isource/XCategory/Common/all/SRCommon/SRTimerReference\
#        -Isource/XCategory/Common/all/SRCommon/SRUnusedPinsConfig\
#        -Isource/XCategory/Common/all/SRMain\
#        -Isource/XCategory/Common/all/SRMain/BackgroundThreads\
#        -Isource/XCategory/Common/all/SRMain/OsServices\
#        -Isource/XCategory/Common/all/SRMain/StackAnalysis\
#        -Isource/XCategory/Common/all/SRMain/TimingAnalysis\
#        -Isource/XCategory/Driver/APIs/Atod\
#        -Isource/XCategory/Driver/APIs/Comparator\
#        -Isource/XCategory/Driver/APIs/DataFlash\
#        -Isource/XCategory/Driver/APIs/Dma\
#        -Isource/XCategory/Driver/APIs/Dtc\
#        -Isource/XCategory/Driver/APIs/Dtoa\
#        -Isource/XCategory/Driver/APIs/EmbOS\
#        -Isource/XCategory/Driver/APIs/ExtInterrupt\
#        -Isource/XCategory/Driver/APIs/Flash\
#        -Isource/XCategory/Driver/APIs/Gpio\
#        -Isource/XCategory/Driver/APIs/I2c\
#        -Isource/XCategory/Driver/APIs/IntMgr\
#        -Isource/XCategory/Driver/APIs/Micro\
#        -Isource/XCategory/Driver/APIs/MicroExt\
#        -Isource/XCategory/Driver/APIs/Rtc\
#        -Isource/XCategory/Driver/APIs/RTCDriver\
#        -Isource/XCategory/Driver/APIs/Spi\
#        -Isource/XCategory/Driver/APIs/Timeout\
#        -Isource/XCategory/Driver/APIs/Timer\
#        -Isource/XCategory/Driver/APIs/TimerInterrupt\
#        -Isource/XCategory/Driver/APIs/Touch\
#        -Isource/XCategory/Driver/APIs/Uart\
#        -Isource/XCategory/Hbl/acu/FdmCounter\
#        -Isource/XCategory/Hbl/acu/FdmTimer\
#        -Isource/XCategory/Hbl/acuexpacu/ACUGIHandler/ConvertGI\
#        -Isource/XCategory/Hbl/acuexpacu/ACUGIHandler/DirectGI\
#        -Isource/XCategory/Hbl/acuexpacu/ACUGIHandler/DoorSwitchGI\
#        -Isource/XCategory/Hbl/acuexpacu/ACUGIHandler/ProbeGI\
#        -Isource/XCategory/Hbl/acuexpacu/ACUGIHandler/ProbeLpsGI\
#        -Isource/XCategory/Hbl/acuexpacu/ACULoadHandler/DCFanLoad\
#        -Isource/XCategory/Hbl/acuexpacu/ACUPilotHandler/AnalogOutputPilot\
#        -Isource/XCategory/Hbl/acuexpacu/ACUPilotHandler/ChargePumpPilot\
#        -Isource/XCategory/Hbl/acuexpacu/ACUPilotHandler/DigitalOutputMultiPilot\
#        -Isource/XCategory/Hbl/acuexpacu/ACUPilotHandler/DigitalOutputPilot\
#        -Isource/XCategory/Hbl/acuexpacu/ACUPilotHandler/DoorLockEMPilot\
#        -Isource/XCategory/Hbl/acuexpacu/ACUPilotHandler/DoorLockWaxPilot\
#        -Isource/XCategory/Hbl/acuexpacu/ACUPilotHandler/ExpansionPilot\
#        -Isource/XCategory/Hbl/acuexpacu/ACUPilotHandler/ExternalMotorPilot\
#        -Isource/XCategory/Hbl/acuexpacu/ACUPilotHandler/FSMPilot\
#        -Isource/XCategory/Hbl/acuexpacu/ACUPilotHandler/MagnetronPilot\
#        -Isource/XCategory/Hbl/acuexpacu/ACUPilotHandler/MotorPilot\
#        -Isource/XCategory/Hbl/acuexpacu/ACUPilotHandler/MultiDriverPilot\
#        -Isource/XCategory/Hbl/acuexpacu/ACUPilotHandler/MultiSequencePilot\
#        -Isource/XCategory/Hbl/acuexpacu/ACUPilotHandler/NonfunctionalPilot\
#        -Isource/XCategory/Hbl/acuexpacu/ACUPilotHandler/PwmHiResPilot\
#        -Isource/XCategory/Hbl/acuexpacu/ACUPilotHandler/PwmPilot\
#        -Isource/XCategory/Hbl/acuexpacu/ACUPilotHandler/SRChargePumpPilot\
#        -Isource/XCategory/Hbl/acuexpacu/ACUPilotHandler/SRDigitalOutputMultiPilot\
#        -Isource/XCategory/Hbl/acuexpacu/ACUPilotHandler/SRDigitalOutputPilot\
#        -Isource/XCategory/Hbl/acuexpacu/ACUPilotHandler/SRDoorLockEMPilot\
#        -Isource/XCategory/Hbl/acuexpacu/ACUPilotHandler/SRDoorLockWaxPilot\
#        -Isource/XCategory/Hbl/acuexpacu/ACUPilotHandler/SRUMRelayPilot\
#        -Isource/XCategory/Hbl/acuexpacu/ACUPilotHandler/SteadyPwmProfilePilot\
#        -Isource/XCategory/Hbl/acuexpacu/ACUPilotHandler/StepperPilot\
#        -Isource/XCategory/Hbl/acuexpacu/ACUPilotHandler/TriacSwitchPilot\
#        -Isource/XCategory/Hbl/acuexpacu/ACUPilotHandler/ZCRelayPilot\
#        -Isource/XCategory/Hbl/acuexpacu/ACUPilotHandler/ZCTriacPilot\
#        -Isource/XCategory/Hbl/acuexpacu/HblAcu\
#        -Isource/XCategory/Hbl/acuexpacu/HblAcu/CrossLoads\
#        -Isource/XCategory/Hbl/acuexpacu/HblAcu/SetLoadQueue\
#        -Isource/XCategory/Hbl/acuexpacu/HblAcu/SRProductMgr\
#        -Isource/XCategory/Hbl/acuexpacu/HblAcu/ZeroCross\
#        -Isource/XCategory/Hbl/all/Hbl\
#        -Isource/XCategory/Hbl/all/Hbl/DefaultPin\
#        -Isource/XCategory/Hbl/all/Hbl/HblCommon\
#        -Isource/XCategory/Hbl/all/Hbl/VirtualPin\
#        -Isource/XCategory/Hbl/all/LLIHandler/AbsoluteHumidityLLI\
#        -Isource/XCategory/Hbl/all/LLIHandler/AccelerometerLLI\
#        -Isource/XCategory/Hbl/all/LLIHandler/AccelerometerLLI/AccelBaseline\
#        -Isource/XCategory/Hbl/all/LLIHandler/AccelerometerLLI/AccelDiscover\
#        -Isource/XCategory/Hbl/all/LLIHandler/AccelerometerLLI/FXLS8974\
#        -Isource/XCategory/Hbl/all/LLIHandler/AccelerometerLLI/FXLS8974/SelfTestFXLS8974\
#        -Isource/XCategory/Hbl/all/LLIHandler/AccelerometerLLI/LISxDH\
#        -Isource/XCategory/Hbl/all/LLIHandler/AnalogLLI\
#        -Isource/XCategory/Hbl/all/LLIHandler/ConductivityLLI\
#        -Isource/XCategory/Hbl/all/LLIHandler/DigitalLLI\
#        -Isource/XCategory/Hbl/all/LLIHandler/EncoderLLI\
#        -Isource/XCategory/Hbl/all/LLIHandler/ExpansionLLI\
#        -Isource/XCategory/Hbl/all/LLIHandler/FeedbackLLI\
#        -Isource/XCategory/Hbl/all/LLIHandler/I2CInfraredLLI\
#        -Isource/XCategory/Hbl/all/LLIHandler/I2CPressureSensorLLI\
#        -Isource/XCategory/Hbl/all/LLIHandler/I2CRHTSensorLLI\
#        -Isource/XCategory/Hbl/all/LLIHandler/InputCaptureLLI\
#        -Isource/XCategory/Hbl/all/LLIHandler/MultiInputLLI\
#        -Isource/XCategory/Hbl/all/LLIHandler/NonfunctionalLLI\
#        -Isource/XCategory/Hbl/all/LLIHandler/PulseCounterLLI\
#        -Isource/XCategory/Hbl/all/LLIHandler/SRAnalogLLI\
#        -Isource/XCategory/Hbl/all/LLIHandler/SRDigitalLLI\
#        -Isource/XCategory/Hbl/all/LLIHandler/SRFeedbackLLI\
#        -Isource/XCategory/Hbl/all/LLIHandler/SRI2CPressureSensorLLI\
#        -Isource/XCategory/Hbl/all/LLIHandler/SRICTachometerLLI\
#        -Isource/XCategory/Hbl/all/LLIHandler/SRInputCaptureLLI\
#        -Isource/XCategory/Hbl/all/LLIHandler/SRTouchKeyLLI\
#        -Isource/XCategory/Hbl/all/LLIHandler/SRTriacFeedbackLLI\
#        -Isource/XCategory/Hbl/all/LLIHandler/TouchKeyLLI\
#        -Isource/XCategory/Hbl/all/LLIHandler/TouchSliderLLI\
#        -Isource/XCategory/Hbl/all/LLIHandler/TouchWheelLLI\
#        -Isource/XCategory/Hbl/all/LLIHandler/TriacFeedbackLLI\
#        -Isource/XCategory/Hbl/all/LLIHandler/VirtualDigitalLLI\
#        -Isource/XCategory/Service/all/NVData\
#        -Isource/XCategory/Service/all/Reveal\
#        -Isource/XCategory/Service/all/Win\) -l listings\MclTriacDrive.lst -o
#        obj\MclTriacDrive.obj
#        source/Category/Hbl/all/Mci/Slfac/Macroblocks/MclTriacDrive.c
#    Locale       =  English_United States.1252
#    List file    =  listings\MclTriacDrive.lst
#    Object file  =  obj\MclTriacDrive.obj
#
###############################################################################

C:\Data\Nucleus_Dev\Vostok_ACU_A\source\Category\Hbl\all\Mci\Slfac\Macroblocks\MclTriacDrive.c
      1          /**
      2           *  @file       
      3           *
      4           *  @brief      Basic description of file contents
      5           *
      6           *  @details    Detailed description of the file contents
      7           *
      8           *  @section    Applicable_Documents
      9           *					List here all the applicable documents if needed. <tr>	
     10           *
     11           *  $Header: $
     12           *
     13           *  @copyright  Copyright 2019-$Date$. Whirlpool Corporation. All rights reserved - CONFIDENTIAL
     14           */
     15          //---------------------------------------------------------------------------------------------------------------------
     16          //---------------------------------------------------------------------------------------------------------------------
     17          
     18          
     19          //-------------------------------------- Include Files ----------------------------------------------------------------
     20          #include "MclTriacDrive.h"
     21          #include "C_Extensions.h"
     22          #include "Mcl.h"
     23          #include "MclZeroCross.h"
     24          #include "Mcl_prv.h"
     25          #include "timeCapture.h"
     26          #include "Gpio.h"
     27          
     28          //-------------------------------------- PUBLIC (Variables) -----------------------------------------------------------
     29          
     30          //-------------------------------------- PRIVATE (Variables, Constants & Defines) -------------------------------------

   \                                 In section .bss, align 2
     31          static BOOL_TYPE Line_Voltage_Ok;               //!< Line voltage check
   \                     Line_Voltage_Ok:
   \   00000000                      DS8 1
   \   00000001                      DS8 1
   \   00000002                      DS8 2
     32          static sint16 Volt_At_Cycle_End_Prev;           //!< Voltage at cycle end previous
     33          //-------------------------------------- PRIVATE (Function Prototypes) ------------------------------------------------
     34          static void DriveTriac(MCL_TRIAC_DRIVE_IO_TYPE *io, MCL_PARAMS_TYPE* params, BOOL_TYPE activate_triac);
     35          static BOOL_TYPE TriggerTriac(MCL_TRIAC_DRIVE_IO_TYPE *io, MCL_PARAMS_TYPE* params);
     36          static uint8 UnderVoltage_Deb;
     37          
     38          #ifndef UNDERVOLTAGE_DEBOUNCE
     39          	#define UNDERVOLTAGE_DEBOUNCE    3
     40          #endif
     41          //=====================================================================================================================
     42          //-------------------------------------- Public Functions -------------------------------------------------------------
     43          //=====================================================================================================================
     44          
     45          //---------------------------------------------------------------------------------------------------------------------
     46          /**
     47           *  @brief      It Initializes the module MciTriacDrive and its variables
     48           *
     49           */

   \                                 In section .text, align 2, keep-with-next
     50          void MclTriacDrive__Initialize(MCL_TRIAC_DRIVE_IO_TYPE *io, MCL_PARAMS_TYPE* params)
     51          {
   \                     MclTriacDrive__Initialize: (+1)
   \   00000000   0xB580             PUSH     {R7,LR}
     52              Gpio__PinConfig(MOTOR_GPIO_PORT, MOTOR_GPIO_PIN, OUTPUT_PUSHPULL);
   \   00000002   0x2206             MOVS     R2,#+6
   \   00000004   0x2100             MOVS     R1,#+0
   \   00000006   0x2005             MOVS     R0,#+5
   \   00000008   0x.... 0x....      BL       Gpio__PinConfig
     53              MclTriacDrive__ControlTriac(FALSE);
   \   0000000C   0x2200             MOVS     R2,#+0
   \   0000000E   0x2100             MOVS     R1,#+0
   \   00000010   0x2005             MOVS     R0,#+5
   \   00000012   0x.... 0x....      BL       Gpio__PinWrite
     54          
     55              Line_Voltage_Ok = FALSE;
   \   00000016   0x2000             MOVS     R0,#+0
   \   00000018   0x....             LDR      R1,??DataTable1
   \   0000001A   0x7008             STRB     R0,[R1, #+0]
     56              Volt_At_Cycle_End_Prev = 0;
   \   0000001C   0x8048             STRH     R0,[R1, #+2]
     57          
     58              UnderVoltage_Deb = UNDERVOLTAGE_DEBOUNCE;
   \   0000001E   0x2003             MOVS     R0,#+3
   \   00000020   0x7048             STRB     R0,[R1, #+1]
     59          }
   \   00000022   0xBD01             POP      {R0,PC}          ;; return
     60          
     61          
     62          
     63          
     64          //---------------------------------------------------------------------------------------------------------------------
     65          /**
     66           *  @brief      It runs at the fast handler to drive the triac according to the output of the control
     67           *
     68           */

   \                                 In section .text, align 2, keep-with-next
     69          void MclTriacDrive__FastHandler(MCL_TRIAC_DRIVE_IO_TYPE *io, MCL_PARAMS_TYPE* params)
     70          {
   \                     MclTriacDrive__FastHandler: (+1)
   \   00000000   0xB538             PUSH     {R3-R5,LR}
   \   00000002   0x0004             MOVS     R4,R0
   \   00000004   0x000D             MOVS     R5,R1
     71          	BOOL_TYPE activate_triac = FALSE;
     72          
     73          	activate_triac = TriggerTriac(io, params);
   \   00000006   0x.... 0x....      BL       TriggerTriac
     74          	DriveTriac(io, params, activate_triac);
   \   0000000A   0x0002             MOVS     R2,R0
   \   0000000C   0x0029             MOVS     R1,R5
   \   0000000E   0x0020             MOVS     R0,R4
   \   00000010   0x.... 0x....      BL       DriveTriac
     75          }
   \   00000014   0xBD31             POP      {R0,R4,R5,PC}    ;; return
     76          
     77          
     78          
     79          
     80          //---------------------------------------------------------------------------------------------------------------------
     81          /**
     82           *  @brief      Fire Angle Triac Interruption
     83           *
     84           */

   \                                 In section .text, align 2, keep-with-next
     85          void MclTriacDrive__TriacFireHandler(MCL_TRIAC_DRIVE_IO_TYPE *io, MCL_PARAMS_TYPE* params, TC_EVENT_TYPE event)
     86          {
   \                     MclTriacDrive__TriacFireHandler: (+1)
   \   00000000   0xB538             PUSH     {R3-R5,LR}
   \   00000002   0x0004             MOVS     R4,R0
   \   00000004   0x000D             MOVS     R5,R1
     87          	BOOL_TYPE activate_triac;
     88          
     89              if((MCISLFAC_OPEN_LOOP == io->ctrl_specific->Control_Mode) ||
     90                 (MCISLFAC_CLOSE_LOOP == io->ctrl_specific->Control_Mode))
   \   00000006   0x6DE0             LDR      R0,[R4, #+92]
   \   00000008   0x7800             LDRB     R0,[R0, #+0]
   \   0000000A   0x2809             CMP      R0,#+9
   \   0000000C   0xD001             BEQ      ??MclTriacDrive__TriacFireHandler_0
   \   0000000E   0x280A             CMP      R0,#+10
   \   00000010   0xD108             BNE      ??MclTriacDrive__TriacFireHandler_1
     91              {
     92                  // From this moment DriveTriac will also check trigger condition and drive triac at timer interrupt.
     93                  *io->Triac_Trigger_Event = TRUE;
   \                     ??MclTriacDrive__TriacFireHandler_0: (+1)
   \   00000012   0x2001             MOVS     R0,#+1
   \   00000014   0x6821             LDR      R1,[R4, #+0]
   \   00000016   0x7008             STRB     R0,[R1, #+0]
     94                  activate_triac = TriggerTriac(io, params);
   \   00000018   0x0029             MOVS     R1,R5
   \   0000001A   0x0020             MOVS     R0,R4
   \   0000001C   0x.... 0x....      BL       TriggerTriac
     95                  DriveTriac(io, params, activate_triac);
   \   00000020   0x0002             MOVS     R2,R0
   \   00000022   0xE010             B        ??MclTriacDrive__TriacFireHandler_2
     96              }
     97              else if((MCISLFAC_STARTUP_PULSE_MEAS == io->ctrl_specific->Control_Mode) ||
     98                      (MCISLFAC_STARTUP_PULSE_MEAS_OPPOSITE == io->ctrl_specific->Control_Mode) ||
     99                      (MCISLFAC_STARTUP_PULSE_ROTATE == io->ctrl_specific->Control_Mode) ||
    100                      (MCISLFAC_STARTUP_PULSE_ROTATE_AUX == io->ctrl_specific->Control_Mode) ||
    101                      (MCISLFAC_STARTUP_PULSE_ROTATE_AUX_2 == io->ctrl_specific->Control_Mode) )
   \                     ??MclTriacDrive__TriacFireHandler_1: (+1)
   \   00000024   0x2802             CMP      R0,#+2
   \   00000026   0xD007             BEQ      ??MclTriacDrive__TriacFireHandler_3
   \   00000028   0x2804             CMP      R0,#+4
   \   0000002A   0xD005             BEQ      ??MclTriacDrive__TriacFireHandler_3
   \   0000002C   0x2805             CMP      R0,#+5
   \   0000002E   0xD003             BEQ      ??MclTriacDrive__TriacFireHandler_3
   \   00000030   0x2806             CMP      R0,#+6
   \   00000032   0xD001             BEQ      ??MclTriacDrive__TriacFireHandler_3
   \   00000034   0x2807             CMP      R0,#+7
   \   00000036   0xD10A             BNE      ??MclTriacDrive__TriacFireHandler_4
    102              {
    103                  if(*io->Triac_Trigger_VZC_State == *io->MciSlfac_Prev_VZC_State)
   \                     ??MclTriacDrive__TriacFireHandler_3: (+1)
   \   00000038   0x6860             LDR      R0,[R4, #+4]
   \   0000003A   0x7800             LDRB     R0,[R0, #+0]
   \   0000003C   0x68A1             LDR      R1,[R4, #+8]
   \   0000003E   0x7809             LDRB     R1,[R1, #+0]
   \   00000040   0x4288             CMP      R0,R1
   \   00000042   0xD104             BNE      ??MclTriacDrive__TriacFireHandler_4
    104                  {
    105                      DriveTriac(io, params, TRUE);
   \   00000044   0x2201             MOVS     R2,#+1
   \                     ??MclTriacDrive__TriacFireHandler_2: (+1)
   \   00000046   0x0029             MOVS     R1,R5
   \   00000048   0x0020             MOVS     R0,R4
   \   0000004A   0x.... 0x....      BL       DriveTriac
    106                  }
    107              }
    108          }
   \                     ??MclTriacDrive__TriacFireHandler_4: (+1)
   \   0000004E   0xBD31             POP      {R0,R4,R5,PC}    ;; return
    109          
    110          
    111          
    112          
    113          //---------------------------------------------------------------------------------------------------------------------
    114          /**
    115           *  @brief      Interface to activate/deactivate the Triac
    116           *
    117           */

   \                                 In section .text, align 2, keep-with-next
    118          void MclTriacDrive__ControlTriac(BOOL_TYPE state)
    119          {
   \                     MclTriacDrive__ControlTriac: (+1)
   \   00000000   0xB580             PUSH     {R7,LR}
    120          	Gpio__PinWrite(MOTOR_GPIO_PORT, MOTOR_GPIO_PIN, state);
   \   00000002   0x0002             MOVS     R2,R0
   \   00000004   0x2100             MOVS     R1,#+0
   \   00000006   0x2005             MOVS     R0,#+5
   \   00000008   0x.... 0x....      BL       Gpio__PinWrite
    121          }
   \   0000000C   0xBD01             POP      {R0,PC}          ;; return
    122          
    123          //=====================================================================================================================
    124          //-------------------------------------- Private Functions ------------------------------------------------------------
    125          //=====================================================================================================================
    126          
    127          //---------------------------------------------------------------------------------------------------------------------
    128          /**
    129           * Trigger triac
    130           *
    131           */

   \                                 In section .text, align 2, keep-with-next
    132          static BOOL_TYPE TriggerTriac(MCL_TRIAC_DRIVE_IO_TYPE *io, MCL_PARAMS_TYPE* params)
    133          {
   \                     TriggerTriac: (+1)
   \   00000000   0xB5F8             PUSH     {R3-R7,LR}
   \   00000002   0x0004             MOVS     R4,R0
   \   00000004   0x2700             MOVS     R7,#+0
    134              BOOL_TYPE activate_triac;
    135              ROTOR_STATE_TYPE rotor_state;
    136              uint16 timer_value;
    137              uint16 max_trigger;
    138              uint16 volt_sym;
    139              uint16 trigger_debounce;
    140          
    141              activate_triac = FALSE;
    142              trigger_debounce = 0;
    143          
    144              if(TRUE == *io->Check_Bemf)
   \   00000006   0x68E0             LDR      R0,[R4, #+12]
   \   00000008   0x7800             LDRB     R0,[R0, #+0]
   \   0000000A   0x2801             CMP      R0,#+1
   \   0000000C   0xD02A             BEQ      ??TriggerTriac_0
    145              {
    146                  rotor_state = *io->Direct_BEMF_State;
    147              }
    148              else
    149              {
    150          #ifdef PW_MOTOR_ENABLED
    151                  if(*io->MciSlfac_Wash_Motor_Type == WM_SINGLE_SPEED_SYNCH_SPH_PW)
    152                  {
    153                       rotor_state = *io->Rotor_State;
    154                  }
    155                  else
    156          #endif
    157                  {
    158                      // Check if bemf from observer is correct when zero current detected
    159                      // If observer error detected set unknown position
    160                      if(((*io->Filt_Volt_Increase > 4) && (ROTOR_POSITIVE == *io->Rotor_State)) ||
    161                         ((*io->Filt_Volt_Increase < (-4)) && (ROTOR_NEGATIVE == *io->Rotor_State)) ||
    162                         (*io->Zero_Current_Detected == FALSE))
   \   0000000E   0x69E0             LDR      R0,[R4, #+28]
   \   00000010   0x2200             MOVS     R2,#+0
   \   00000012   0x5E80             LDRSH    R0,[R0, R2]
   \   00000014   0x2805             CMP      R0,#+5
   \   00000016   0xDB03             BLT      ??TriggerTriac_1
   \   00000018   0x69A2             LDR      R2,[R4, #+24]
   \   0000001A   0x7812             LDRB     R2,[R2, #+0]
   \   0000001C   0x2A01             CMP      R2,#+1
   \   0000001E   0xD00B             BEQ      ??TriggerTriac_2
   \                     ??TriggerTriac_1: (+1)
   \   00000020   0x2203             MOVS     R2,#+3
   \   00000022   0x43D2             MVNS     R2,R2            ;; #-4
   \   00000024   0x4290             CMP      R0,R2
   \   00000026   0xDA03             BGE      ??TriggerTriac_3
   \   00000028   0x69A0             LDR      R0,[R4, #+24]
   \   0000002A   0x7800             LDRB     R0,[R0, #+0]
   \   0000002C   0x2800             CMP      R0,#+0
   \   0000002E   0xD003             BEQ      ??TriggerTriac_2
   \                     ??TriggerTriac_3: (+1)
   \   00000030   0x6A20             LDR      R0,[R4, #+32]
   \   00000032   0x7800             LDRB     R0,[R0, #+0]
   \   00000034   0x2800             CMP      R0,#+0
   \   00000036   0xD102             BNE      ??TriggerTriac_4
    163                      {
    164                          rotor_state = *io->Rotor_State;
   \                     ??TriggerTriac_2: (+1)
   \   00000038   0x69A0             LDR      R0,[R4, #+24]
   \   0000003A   0x7805             LDRB     R5,[R0, #+0]
   \   0000003C   0xE000             B        ??TriggerTriac_5
    165                      }
    166                      else
    167                      {
    168                          rotor_state = ROTOR_UNKNOWN;
   \                     ??TriggerTriac_4: (+1)
   \   0000003E   0x2502             MOVS     R5,#+2
    169                      }
    170                      // Check if direct bemf position is ready and allow for trigger. If yes use it.
    171                      // Error risk for direct bemf is always lower than observer.
    172                      if(((TRUE  == *io->MciSlfac_Prev_VZC_State) && (ROTOR_POSITIVE == *io->Direct_BEMF_State)) ||
    173                         ((FALSE == *io->MciSlfac_Prev_VZC_State) && (ROTOR_NEGATIVE == *io->Direct_BEMF_State)) ||
    174                         (*io->Bemf_Aligned == TRUE))
   \                     ??TriggerTriac_5: (+1)
   \   00000040   0x68A0             LDR      R0,[R4, #+8]
   \   00000042   0x7800             LDRB     R0,[R0, #+0]
   \   00000044   0x2801             CMP      R0,#+1
   \   00000046   0xD103             BNE      ??TriggerTriac_6
   \   00000048   0x6922             LDR      R2,[R4, #+16]
   \   0000004A   0x7812             LDRB     R2,[R2, #+0]
   \   0000004C   0x2A01             CMP      R2,#+1
   \   0000004E   0xD009             BEQ      ??TriggerTriac_0
   \                     ??TriggerTriac_6: (+1)
   \   00000050   0x2800             CMP      R0,#+0
   \   00000052   0xD103             BNE      ??TriggerTriac_7
   \   00000054   0x6920             LDR      R0,[R4, #+16]
   \   00000056   0x7800             LDRB     R0,[R0, #+0]
   \   00000058   0x2800             CMP      R0,#+0
   \   0000005A   0xD003             BEQ      ??TriggerTriac_0
   \                     ??TriggerTriac_7: (+1)
   \   0000005C   0x6A60             LDR      R0,[R4, #+36]
   \   0000005E   0x7800             LDRB     R0,[R0, #+0]
   \   00000060   0x2801             CMP      R0,#+1
   \   00000062   0xD101             BNE      ??TriggerTriac_8
    175                      {
    176                          rotor_state = *io->Direct_BEMF_State;
   \                     ??TriggerTriac_0: (+1)
   \   00000064   0x6920             LDR      R0,[R4, #+16]
   \   00000066   0x7805             LDRB     R5,[R0, #+0]
    177                      }
    178                  }
    179              }
    180          
    181              if(MCISLFAC_OPEN_LOOP == io->ctrl_specific->Control_Mode)
   \                     ??TriggerTriac_8: (+1)
   \   00000068   0x6DE0             LDR      R0,[R4, #+92]
   \   0000006A   0x7800             LDRB     R0,[R0, #+0]
   \   0000006C   0x2809             CMP      R0,#+9
   \   0000006E   0xD101             BNE      ??TriggerTriac_9
    182              {
    183                  max_trigger = MCISLFAC_PERCENT_OF_SEMI_PERIOD(60);
   \   00000070   0x203C             MOVS     R0,#+60
   \   00000072   0xE005             B        ??TriggerTriac_10
    184              }
    185              else
    186              {
    187                  max_trigger = MCISLFAC_PERCENT_OF_SEMI_PERIOD(params->Triac_Trigger_Angle_Limit); //TRIAC_TRIGGER_ANGLE_LIMIT
   \                     ??TriggerTriac_9: (+1)
   \   00000074   0x3168             ADDS     R1,R1,#+104
   \   00000076   0x7808             LDRB     R0,[R1, #+0]
   \   00000078   0x784A             LDRB     R2,[R1, #+1]
   \   0000007A   0x0612             LSLS     R2,R2,#+24
   \   0000007C   0x0C12             LSRS     R2,R2,#+16
   \   0000007E   0x4310             ORRS     R0,R0,R2
   \                     ??TriggerTriac_10: (+1)
   \   00000080   0x.... 0x....      BL       MclZeroCross__SemiPeriodPercent
   \   00000084   0x0006             MOVS     R6,R0
    188              }
    189          
    190              // For first trigger use observer and direct bemf feedback to calculate triac trigger condition
    191              // For all other triggers use observer only
    192              if(((TRUE  == *io->MciSlfac_Prev_VZC_State) && (ROTOR_POSITIVE == rotor_state)) ||
    193                 ((FALSE == *io->MciSlfac_Prev_VZC_State) && (ROTOR_NEGATIVE == rotor_state)))
   \   00000086   0x68A0             LDR      R0,[R4, #+8]
   \   00000088   0x7800             LDRB     R0,[R0, #+0]
   \   0000008A   0x2801             CMP      R0,#+1
   \   0000008C   0xD101             BNE      ??TriggerTriac_11
   \   0000008E   0x2D01             CMP      R5,#+1
   \   00000090   0xD003             BEQ      ??TriggerTriac_12
   \                     ??TriggerTriac_11: (+1)
   \   00000092   0x2800             CMP      R0,#+0
   \   00000094   0xD15D             BNE      ??TriggerTriac_13
   \   00000096   0x2D00             CMP      R5,#+0
   \   00000098   0xD15B             BNE      ??TriggerTriac_13
    194              {
    195                  timer_value = TimeCapture__ReadTimerCnt(TRIAC_FIRE_CHANNEL);
   \                     ??TriggerTriac_12: (+1)
   \   0000009A   0x2000             MOVS     R0,#+0
   \   0000009C   0x.... 0x....      BL       TimeCapture__ReadTimerCnt
    196                  // Do not fire triac in 2ms before zerocrossing
    197                  if((TRUE == *io->Triac_Trigger_Event) &&
    198                     (timer_value <= max_trigger))
   \   000000A0   0x6821             LDR      R1,[R4, #+0]
   \   000000A2   0x780A             LDRB     R2,[R1, #+0]
   \   000000A4   0x2A01             CMP      R2,#+1
   \   000000A6   0xD154             BNE      ??TriggerTriac_13
   \   000000A8   0x4286             CMP      R6,R0
   \   000000AA   0xD352             BCC      ??TriggerTriac_13
    199                  {
    200                  	*io->Triac_Trigger_Event = FALSE;
   \   000000AC   0x700F             STRB     R7,[R1, #+0]
    201                      *io->Check_Bemf = FALSE;
   \   000000AE   0x68E1             LDR      R1,[R4, #+12]
   \   000000B0   0x700F             STRB     R7,[R1, #+0]
    202          
    203                      if(*io->Triac_Fired == FALSE)
   \   000000B2   0x6AE0             LDR      R0,[R4, #+44]
   \   000000B4   0x7800             LDRB     R0,[R0, #+0]
   \   000000B6   0x2800             CMP      R0,#+0
   \   000000B8   0xD147             BNE      ??TriggerTriac_14
    204                      {
    205                          if(MCISLFAC_OPEN_LOOP == io->ctrl_specific->Control_Mode)
   \   000000BA   0x6DE0             LDR      R0,[R4, #+92]
   \   000000BC   0x7800             LDRB     R0,[R0, #+0]
   \   000000BE   0x2809             CMP      R0,#+9
   \   000000C0   0xD103             BNE      ??TriggerTriac_15
    206                          {
    207                              trigger_debounce = *io->Correct_Trigger_Debounce;
    208                          	trigger_debounce++;
    209                          	*io->Correct_Trigger_Debounce = trigger_debounce;
   \   000000C2   0x6DA0             LDR      R0,[R4, #+88]
   \   000000C4   0x8801             LDRH     R1,[R0, #+0]
   \   000000C6   0x1C49             ADDS     R1,R1,#+1
   \   000000C8   0x8001             STRH     R1,[R0, #+0]
    210                          }
    211          
    212                          if((*io->Volt_Max != 0) && (*io->Triac_Fired_Prev == TRUE))
   \                     ??TriggerTriac_15: (+1)
   \   000000CA   0x6B20             LDR      R0,[R4, #+48]
   \   000000CC   0x8800             LDRH     R0,[R0, #+0]
   \   000000CE   0x0001             MOVS     R1,R0
   \   000000D0   0xD02E             BEQ      ??TriggerTriac_16
   \   000000D2   0x6AA1             LDR      R1,[R4, #+40]
   \   000000D4   0x7809             LDRB     R1,[R1, #+0]
   \   000000D6   0x2901             CMP      R1,#+1
   \   000000D8   0xD135             BNE      ??TriggerTriac_17
    213                          {
    214                              if(*io->Prev_Volt_Max_Ready == TRUE)
   \   000000DA   0x2501             MOVS     R5,#+1
   \   000000DC   0x6B61             LDR      R1,[R4, #+52]
   \   000000DE   0x7809             LDRB     R1,[R1, #+0]
   \   000000E0   0x2901             CMP      R1,#+1
   \   000000E2   0xD11E             BNE      ??TriggerTriac_18
    215                              {
    216                                  if(TRUE == *io->MciSlfac_Prev_VZC_State)
   \   000000E4   0x6BA1             LDR      R1,[R4, #+56]
   \   000000E6   0x880A             LDRH     R2,[R1, #+0]
   \   000000E8   0x21FA             MOVS     R1,#+250
   \   000000EA   0x01C9             LSLS     R1,R1,#+7        ;; #+32000
   \   000000EC   0x68A3             LDR      R3,[R4, #+8]
   \   000000EE   0x781B             LDRB     R3,[R3, #+0]
   \   000000F0   0x2B01             CMP      R3,#+1
   \   000000F2   0xD101             BNE      ??TriggerTriac_19
    217                                  {
    218                                      volt_sym = CONVERT_TO_OBSERVER_FORMAT((sint16)(*io->Prev_Volt_Max) - (sint16)(*io->Volt_Max));
   \   000000F4   0x1A10             SUBS     R0,R2,R0
   \   000000F6   0xE000             B        ??TriggerTriac_20
    219                                  }
    220                                  else
    221                                  {
    222                                      volt_sym = CONVERT_TO_OBSERVER_FORMAT((sint16)(*io->Volt_Max) - (sint16)(*io->Prev_Volt_Max));
   \                     ??TriggerTriac_19: (+1)
   \   000000F8   0x1A80             SUBS     R0,R0,R2
   \                     ??TriggerTriac_20: (+1)
   \   000000FA   0x1846             ADDS     R6,R0,R1
    223                                  }
    224                                  *io->Filt_Volt_Sym = IIRFilterLong(io->IIR_Prev_Volt_Symmetry, volt_sym, 2);
   \   000000FC   0x2202             MOVS     R2,#+2
   \   000000FE   0xB2B1             UXTH     R1,R6
   \   00000100   0x6C20             LDR      R0,[R4, #+64]
   \   00000102   0x.... 0x....      BL       IIRFilterLong
   \   00000106   0x6BE1             LDR      R1,[R4, #+60]
   \   00000108   0x8008             STRH     R0,[R1, #+0]
    225          
    226                                  if(volt_sym > CONVERT_TO_OBSERVER_FORMAT(-200))
   \   0000010A   0xB2B6             UXTH     R6,R6
   \   0000010C   0x....             LDR      R0,??DataTable2  ;; 0x7c39
   \   0000010E   0x4286             CMP      R6,R0
   \   00000110   0xDB01             BLT      ??TriggerTriac_21
    227                                  {
    228                                  	*io->Bemf_Aligned = FALSE;
   \   00000112   0x6A62             LDR      R2,[R4, #+36]
   \   00000114   0x7017             STRB     R7,[R2, #+0]
    229                                  }
    230                                  // When bemf symmetry value is low it means that BEMF peak is shifted around 90deg with peak of line voltage
    231                                  // Filtered value has priority over raw value to not exit bemf aligned after single nopise sample
    232                                  if(*io->Filt_Volt_Sym < CONVERT_TO_OBSERVER_FORMAT(-350))
   \                     ??TriggerTriac_21: (+1)
   \   00000116   0x8808             LDRH     R0,[R1, #+0]
   \   00000118   0x....             LDR      R1,??DataTable2_1  ;; 0x7ba2
   \   0000011A   0x4288             CMP      R0,R1
   \   0000011C   0xDA01             BGE      ??TriggerTriac_18
    233                                  {
    234                                  	*io->Bemf_Aligned = TRUE;
   \   0000011E   0x6A61             LDR      R1,[R4, #+36]
   \   00000120   0x700D             STRB     R5,[R1, #+0]
    235                                  }
    236          
    237                              }
    238                              *io->Prev_Volt_Max = *io->Volt_Max;
   \                     ??TriggerTriac_18: (+1)
   \   00000122   0x6B20             LDR      R0,[R4, #+48]
   \   00000124   0x8800             LDRH     R0,[R0, #+0]
   \   00000126   0x6BA1             LDR      R1,[R4, #+56]
   \   00000128   0x8008             STRH     R0,[R1, #+0]
    239                              *io->Prev_Volt_Max_Ready = TRUE;
   \   0000012A   0x6B60             LDR      R0,[R4, #+52]
   \   0000012C   0x7005             STRB     R5,[R0, #+0]
   \   0000012E   0xE00C             B        ??TriggerTriac_14
    240                          }
    241                          else
    242                          {
    243                              // Auto exit from to high angles to enbled symmetry measurement
    244                              if(*io->Volt_Max == 0)
    245                              {
    246                                  if(*io->Filt_Volt_Sym > CONVERT_TO_OBSERVER_FORMAT(-800))
   \                     ??TriggerTriac_16: (+1)
   \   00000130   0x6BE0             LDR      R0,[R4, #+60]
   \   00000132   0x8801             LDRH     R1,[R0, #+0]
   \   00000134   0x....             LDR      R2,??DataTable2_2  ;; 0x79e1
   \   00000136   0x4291             CMP      R1,R2
   \   00000138   0xDB05             BLT      ??TriggerTriac_17
    247                                  {
    248                                  	*io->Filt_Volt_Sym -= 17;
   \   0000013A   0x3911             SUBS     R1,R1,#+17
   \   0000013C   0x8001             STRH     R1,[R0, #+0]
    249                                  	volt_sym = *io->Filt_Volt_Sym;
    250                                      *io->IIR_Prev_Volt_Symmetry = volt_sym<<2;
   \   0000013E   0x0409             LSLS     R1,R1,#+16
   \   00000140   0x0B88             LSRS     R0,R1,#+14
   \   00000142   0x6C21             LDR      R1,[R4, #+64]
   \   00000144   0x6008             STR      R0,[R1, #+0]
    251                                  }
    252                              }
    253                              *io->Prev_Volt_Max_Ready = FALSE;
   \                     ??TriggerTriac_17: (+1)
   \   00000146   0x6B61             LDR      R1,[R4, #+52]
   \   00000148   0x700F             STRB     R7,[R1, #+0]
    254                          }
    255                      }
    256          
    257                      *io->Triac_Fired = TRUE;
   \                     ??TriggerTriac_14: (+1)
   \   0000014A   0x2501             MOVS     R5,#+1
   \   0000014C   0x6AE1             LDR      R1,[R4, #+44]
   \   0000014E   0x700D             STRB     R5,[R1, #+0]
    258                      activate_triac = TRUE;
   \   00000150   0x2701             MOVS     R7,#+1
    259                  }
    260              }
    261              return activate_triac;
   \                     ??TriggerTriac_13: (+1)
   \   00000152   0x0038             MOVS     R0,R7
   \   00000154   0xBDF2             POP      {R1,R4-R7,PC}    ;; return
    262          }
    263          
    264          
    265          
    266          //---------------------------------------------------------------------------------------------------------------------
    267          /**
    268           * Drive triac
    269           *
    270           */

   \                                 In section .text, align 2, keep-with-next
    271          static void DriveTriac(MCL_TRIAC_DRIVE_IO_TYPE *io, MCL_PARAMS_TYPE* params, BOOL_TYPE activate_triac)
    272          {
   \                     DriveTriac: (+1)
   \   00000000   0xB5F0             PUSH     {R4-R7,LR}
   \   00000002   0xB083             SUB      SP,SP,#+12
   \   00000004   0x0004             MOVS     R4,R0
   \   00000006   0x000F             MOVS     R7,R1
    273          	uint16 temp;
    274              //if((BOOL_TYPE)Gpio__PinRead(MOTOR_GPIO_PORT, MOTOR_GPIO_PIN) == MOTOR_TRIAC_ON_STATE)
    275              if(*io->Triac_State == TRUE)
   \   00000008   0x6CE0             LDR      R0,[R4, #+76]
   \   0000000A   0x7800             LDRB     R0,[R0, #+0]
   \   0000000C   0x2801             CMP      R0,#+1
   \   0000000E   0xD000             BEQ      .+4
   \   00000010   0xE080             B        ??DriveTriac_0
    276              {
    277              	temp = MCISLFAC_PERCENT_OF_SEMI_PERIOD(params->Triac_Trigger_Angle_Limit); //TRIAC_TRIGGER_ANGLE_LIMIT
   \   00000012   0x3168             ADDS     R1,R1,#+104
   \   00000014   0x7808             LDRB     R0,[R1, #+0]
   \   00000016   0x784A             LDRB     R2,[R1, #+1]
   \   00000018   0x0612             LSLS     R2,R2,#+24
   \   0000001A   0x0C12             LSRS     R2,R2,#+16
   \   0000001C   0x4310             ORRS     R0,R0,R2
   \   0000001E   0x.... 0x....      BL       MclZeroCross__SemiPeriodPercent
   \   00000022   0x0006             MOVS     R6,R0
    278                  if((TimeCapture__ReadTimerCnt(TRIAC_FIRE_CHANNEL) > temp) ||
    279                      // If voltage is too close to zero then switch off triac to not trigger it by current in next cycle
    280                      // In this place "prev" means current sample
    281                     ((Line_Voltage_Ok == TRUE) && (MATHCALC__ABS(*io->Prev_Volt - *io->Offset_Volt) < params->Voltage_Base)))
   \   00000024   0x....             LDR      R5,??DataTable2_3
   \   00000026   0x2000             MOVS     R0,#+0
   \   00000028   0x.... 0x....      BL       TimeCapture__ReadTimerCnt
   \   0000002C   0x4286             CMP      R6,R0
   \   0000002E   0xDB12             BLT      ??DriveTriac_1
   \   00000030   0x6CA0             LDR      R0,[R4, #+72]
   \   00000032   0x9000             STR      R0,[SP, #+0]
   \   00000034   0x6C60             LDR      R0,[R4, #+68]
   \   00000036   0x7829             LDRB     R1,[R5, #+0]
   \   00000038   0x2901             CMP      R1,#+1
   \   0000003A   0xD131             BNE      ??DriveTriac_2
   \   0000003C   0x8801             LDRH     R1,[R0, #+0]
   \   0000003E   0x6CA2             LDR      R2,[R4, #+72]
   \   00000040   0x8812             LDRH     R2,[R2, #+0]
   \   00000042   0x1A89             SUBS     R1,R1,R2
   \   00000044   0xD500             BPL      ??DriveTriac_3
   \   00000046   0x4249             RSBS     R1,R1,#+0
   \                     ??DriveTriac_3: (+1)
   \   00000048   0x7DFA             LDRB     R2,[R7, #+23]
   \   0000004A   0x7E3B             LDRB     R3,[R7, #+24]
   \   0000004C   0x061B             LSLS     R3,R3,#+24
   \   0000004E   0x0C1B             LSRS     R3,R3,#+16
   \   00000050   0x431A             ORRS     R2,R2,R3
   \   00000052   0x4291             CMP      R1,R2
   \   00000054   0xDA24             BGE      ??DriveTriac_2
    282                  {
    283                  	MclTriacDrive__ControlTriac(FALSE);
   \                     ??DriveTriac_1: (+1)
   \   00000056   0x2200             MOVS     R2,#+0
   \   00000058   0x2100             MOVS     R1,#+0
   \   0000005A   0x2005             MOVS     R0,#+5
   \   0000005C   0x.... 0x....      BL       Gpio__PinWrite
    284                      *io->Triac_State = FALSE;
   \   00000060   0x2000             MOVS     R0,#+0
   \   00000062   0x6CE1             LDR      R1,[R4, #+76]
   \   00000064   0x7008             STRB     R0,[R1, #+0]
    285                      if(*io->MciSlfac_Prev_VZC_State == FALSE)
   \   00000066   0x68A0             LDR      R0,[R4, #+8]
   \   00000068   0x7800             LDRB     R0,[R0, #+0]
   \   0000006A   0x2800             CMP      R0,#+0
   \   0000006C   0xD107             BNE      ??DriveTriac_4
    286                      {
    287                          *io->Volt_At_Cycle_End_Inc = *io->Prev_Volt - Volt_At_Cycle_End_Prev;
   \   0000006E   0x6C60             LDR      R0,[R4, #+68]
   \   00000070   0x8801             LDRH     R1,[R0, #+0]
   \   00000072   0x886A             LDRH     R2,[R5, #+2]
   \   00000074   0x1A89             SUBS     R1,R1,R2
   \   00000076   0x6D22             LDR      R2,[R4, #+80]
   \   00000078   0x8011             STRH     R1,[R2, #+0]
    288                          Volt_At_Cycle_End_Prev = *io->Prev_Volt;
   \   0000007A   0x8800             LDRH     R0,[R0, #+0]
   \   0000007C   0x8068             STRH     R0,[R5, #+2]
    289                      }
    290                      if((Line_Voltage_Ok == FALSE) ||
    291                         (TimeCapture__ReadTimerCnt(TRIAC_FIRE_CHANNEL) < temp))
   \                     ??DriveTriac_4: (+1)
   \   0000007E   0x7828             LDRB     R0,[R5, #+0]
   \   00000080   0x2800             CMP      R0,#+0
   \   00000082   0xD004             BEQ      ??DriveTriac_5
   \   00000084   0x2000             MOVS     R0,#+0
   \   00000086   0x.... 0x....      BL       TimeCapture__ReadTimerCnt
   \   0000008A   0x42B0             CMP      R0,R6
   \   0000008C   0xDA6A             BGE      ??DriveTriac_6
    292                      {
    293                      	UnderVoltage_Deb--;
   \                     ??DriveTriac_5: (+1)
   \   0000008E   0x7868             LDRB     R0,[R5, #+1]
   \   00000090   0x1E40             SUBS     R0,R0,#+1
   \   00000092   0x7068             STRB     R0,[R5, #+1]
    294                      	if(UnderVoltage_Deb == 0)
   \   00000094   0x0600             LSLS     R0,R0,#+24
   \   00000096   0xD165             BNE      ??DriveTriac_6
    295                      	{
    296                      		*io->Mcl_Fault = UNDER_VOLTAGE;
   \   00000098   0x2006             MOVS     R0,#+6
   \   0000009A   0x6E21             LDR      R1,[R4, #+96]
   \   0000009C   0x6008             STR      R0,[R1, #+0]
   \   0000009E   0xE061             B        ??DriveTriac_6
    297                      		//FailureHandlerRecover(UNDER_VOLTAGE);
    298                      	}
    299                      }
    300                  }
    301                  else
    302                  {
    303                  	temp = MATHCALC__ABS(*io->Prev_Volt - *io->Offset_Volt);
   \                     ??DriveTriac_2: (+1)
   \   000000A0   0x9900             LDR      R1,[SP, #+0]
   \   000000A2   0x8809             LDRH     R1,[R1, #+0]
   \   000000A4   0x8800             LDRH     R0,[R0, #+0]
   \   000000A6   0x1A42             SUBS     R2,R0,R1
   \   000000A8   0xD501             BPL      ??DriveTriac_7
   \   000000AA   0x1A0E             SUBS     R6,R1,R0
   \   000000AC   0xE000             B        ??DriveTriac_8
   \                     ??DriveTriac_7: (+1)
   \   000000AE   0x1A46             SUBS     R6,R0,R1
   \                     ??DriveTriac_8: (+1)
   \   000000B0   0xB2B6             UXTH     R6,R6
    304                      if(TimeCapture__ReadTimerCnt(TRIAC_FIRE_CHANNEL) > MCISLFAC_PERCENT_OF_SEMI_PERIOD(100 - params->Triac_Trigger_Angle_Limit)) //TRIAC_TRIGGER_ANGLE_LIMIT
   \   000000B2   0x0039             MOVS     R1,R7
   \   000000B4   0x3168             ADDS     R1,R1,#+104
   \   000000B6   0x7808             LDRB     R0,[R1, #+0]
   \   000000B8   0x784A             LDRB     R2,[R1, #+1]
   \   000000BA   0x0612             LSLS     R2,R2,#+24
   \   000000BC   0x0C12             LSRS     R2,R2,#+16
   \   000000BE   0x4310             ORRS     R0,R0,R2
   \   000000C0   0x2164             MOVS     R1,#+100
   \   000000C2   0x1A08             SUBS     R0,R1,R0
   \   000000C4   0xB280             UXTH     R0,R0
   \   000000C6   0x.... 0x....      BL       MclZeroCross__SemiPeriodPercent
   \   000000CA   0x4669             MOV      R1,SP
   \   000000CC   0x8088             STRH     R0,[R1, #+4]
   \   000000CE   0x2000             MOVS     R0,#+0
   \   000000D0   0x.... 0x....      BL       TimeCapture__ReadTimerCnt
   \   000000D4   0x4669             MOV      R1,SP
   \   000000D6   0x8889             LDRH     R1,[R1, #+4]
   \   000000D8   0x4281             CMP      R1,R0
   \   000000DA   0xD210             BCS      ??DriveTriac_9
    305                      {
    306                          if((temp < params->Power_Base) &&
    307                             (Line_Voltage_Ok == TRUE))
   \   000000DC   0x7EB8             LDRB     R0,[R7, #+26]
   \   000000DE   0x7EF9             LDRB     R1,[R7, #+27]
   \   000000E0   0x0609             LSLS     R1,R1,#+24
   \   000000E2   0x0C09             LSRS     R1,R1,#+16
   \   000000E4   0x4308             ORRS     R0,R0,R1
   \   000000E6   0x4286             CMP      R6,R0
   \   000000E8   0xDA09             BGE      ??DriveTriac_9
   \   000000EA   0x7828             LDRB     R0,[R5, #+0]
   \   000000EC   0x2801             CMP      R0,#+1
   \   000000EE   0xD106             BNE      ??DriveTriac_9
    308                          {
    309                              // Problem with voltage. Try to recovery by detecting power drop.
    310                              *io->Power_Drop_Enter_Deb = params->Power_Drop_Thr;
   \   000000F0   0x7CF8             LDRB     R0,[R7, #+19]
   \   000000F2   0x7D39             LDRB     R1,[R7, #+20]
   \   000000F4   0x0609             LSLS     R1,R1,#+24
   \   000000F6   0x0C09             LSRS     R1,R1,#+16
   \   000000F8   0x4308             ORRS     R0,R0,R1
   \   000000FA   0x6D61             LDR      R1,[R4, #+84]
   \   000000FC   0x7008             STRB     R0,[R1, #+0]
    311                          }
    312                      }
    313                      // Check if line voltage is ok
    314                      if(temp > 800)
   \                     ??DriveTriac_9: (+1)
   \   000000FE   0x2001             MOVS     R0,#+1
   \   00000100   0x....             LDR      R1,??DataTable2_4  ;; 0x321
   \   00000102   0x428E             CMP      R6,R1
   \   00000104   0xDB00             BLT      ??DriveTriac_10
    315                      {
    316                          Line_Voltage_Ok = TRUE;
   \   00000106   0x7028             STRB     R0,[R5, #+0]
    317                      }
    318                      *io->Zero_Current_Detected = FALSE;
   \                     ??DriveTriac_10: (+1)
   \   00000108   0x2100             MOVS     R1,#+0
   \   0000010A   0x6A22             LDR      R2,[R4, #+32]
   \   0000010C   0x7011             STRB     R1,[R2, #+0]
    319                      *io->Triac_State = TRUE;
   \   0000010E   0x6CE1             LDR      R1,[R4, #+76]
   \   00000110   0x7008             STRB     R0,[R1, #+0]
   \   00000112   0xE027             B        ??DriveTriac_6
    320                  }
    321              }
    322              else
    323              {
    324                  if(TRUE == activate_triac)
   \                     ??DriveTriac_0: (+1)
   \   00000114   0x2600             MOVS     R6,#+0
   \   00000116   0x2A01             CMP      R2,#+1
   \   00000118   0xD11D             BNE      ??DriveTriac_11
    325                  {
    326                      if(TimeCapture__ReadTimerCnt(TRIAC_FIRE_CHANNEL) <= MCISLFAC_PERCENT_OF_SEMI_PERIOD(params->Bemf_Shift_PI_Max_Out)) //BEMF_SHIFT_PI_MAX_OUT
   \   0000011A   0x3164             ADDS     R1,R1,#+100
   \   0000011C   0x7808             LDRB     R0,[R1, #+0]
   \   0000011E   0x784A             LDRB     R2,[R1, #+1]
   \   00000120   0x0612             LSLS     R2,R2,#+24
   \   00000122   0x0C12             LSRS     R2,R2,#+16
   \   00000124   0x4310             ORRS     R0,R0,R2
   \   00000126   0x.... 0x....      BL       MclZeroCross__SemiPeriodPercent
   \   0000012A   0x0005             MOVS     R5,R0
   \   0000012C   0x2000             MOVS     R0,#+0
   \   0000012E   0x.... 0x....      BL       TimeCapture__ReadTimerCnt
   \   00000132   0x4285             CMP      R5,R0
   \   00000134   0x4189             SBCS     R1,R1,R1
   \   00000136   0x0FC9             LSRS     R1,R1,#+31
   \   00000138   0x....             LDR      R5,??DataTable2_3
   \   0000013A   0x7029             STRB     R1,[R5, #+0]
    327                      {
    328                          Line_Voltage_Ok = FALSE;
    329                      }
    330                      else
    331                      {
    332                          // Trigger angle is too late. Disable voltage check.
    333                          Line_Voltage_Ok = TRUE;
    334                      }
    335                      *io->Zero_Current_Detected = FALSE;
   \   0000013C   0x6A20             LDR      R0,[R4, #+32]
   \   0000013E   0x7006             STRB     R6,[R0, #+0]
    336                      MclTriacDrive__ControlTriac(TRUE);
   \   00000140   0x2201             MOVS     R2,#+1
   \   00000142   0x2100             MOVS     R1,#+0
   \   00000144   0x2005             MOVS     R0,#+5
   \   00000146   0x.... 0x....      BL       Gpio__PinWrite
    337                      *io->Triac_State = TRUE;
   \   0000014A   0x2001             MOVS     R0,#+1
   \   0000014C   0x6CE1             LDR      R1,[R4, #+76]
   \   0000014E   0x7008             STRB     R0,[R1, #+0]
    338                      UnderVoltage_Deb = UNDERVOLTAGE_DEBOUNCE;
   \   00000150   0x2003             MOVS     R0,#+3
   \   00000152   0x7068             STRB     R0,[R5, #+1]
   \   00000154   0xE006             B        ??DriveTriac_6
    339                  }
    340                  else
    341                  {
    342                  	MclTriacDrive__ControlTriac(FALSE);
   \                     ??DriveTriac_11: (+1)
   \   00000156   0x2200             MOVS     R2,#+0
   \   00000158   0x2100             MOVS     R1,#+0
   \   0000015A   0x2005             MOVS     R0,#+5
   \   0000015C   0x.... 0x....      BL       Gpio__PinWrite
    343                      *io->Triac_State = FALSE;
   \   00000160   0x6CE0             LDR      R0,[R4, #+76]
   \   00000162   0x7006             STRB     R6,[R0, #+0]
    344                  }
    345              }
    346          }
   \                     ??DriveTriac_6: (+1)
   \   00000164   0xB003             ADD      SP,SP,#+12
   \   00000166   0xBDF0             POP      {R4-R7,PC}       ;; return

   \                                 In section .text, align 4, keep-with-next
   \                     ??DataTable1:
   \   00000000   0x........         DC32     Line_Voltage_Ok

   \                                 In section .text, align 4, keep-with-next
   \                     ??DataTable2:
   \   00000000   0x00007C39         DC32     0x7c39

   \                                 In section .text, align 4, keep-with-next
   \                     ??DataTable2_1:
   \   00000000   0x00007BA2         DC32     0x7ba2

   \                                 In section .text, align 4, keep-with-next
   \                     ??DataTable2_2:
   \   00000000   0x000079E1         DC32     0x79e1

   \                                 In section .text, align 4, keep-with-next
   \                     ??DataTable2_3:
   \   00000000   0x........         DC32     Line_Voltage_Ok

   \                                 In section .text, align 4, keep-with-next
   \                     ??DataTable2_4:
   \   00000000   0x00000321         DC32     0x321

   Maximum stack usage in bytes:

   .cstack Function
   ------- --------
      32   DriveTriac
        32   -> Gpio__PinWrite
        32   -> MclZeroCross__SemiPeriodPercent
        32   -> TimeCapture__ReadTimerCnt
       8   MclTriacDrive__ControlTriac
         8   -> Gpio__PinWrite
      16   MclTriacDrive__FastHandler
        16   -> DriveTriac
        16   -> TriggerTriac
       8   MclTriacDrive__Initialize
         8   -> Gpio__PinConfig
         8   -> Gpio__PinWrite
      16   MclTriacDrive__TriacFireHandler
        16   -> DriveTriac
        16   -> TriggerTriac
      24   TriggerTriac
        24   -> IIRFilterLong
        24   -> MclZeroCross__SemiPeriodPercent
        24   -> TimeCapture__ReadTimerCnt


   Section sizes:

   Bytes  Function/Label
   -----  --------------
       4  ??DataTable1
       4  ??DataTable2
       4  ??DataTable2_1
       4  ??DataTable2_2
       4  ??DataTable2_3
       4  ??DataTable2_4
     360  DriveTriac
       4  Line_Voltage_Ok
          UnderVoltage_Deb
          Volt_At_Cycle_End_Prev
      14  MclTriacDrive__ControlTriac
      22  MclTriacDrive__FastHandler
      36  MclTriacDrive__Initialize
      80  MclTriacDrive__TriacFireHandler
     342  TriggerTriac

 
   4 bytes in section .bss
 878 bytes in section .text
 
 878 bytes of CODE memory
   4 bytes of DATA memory

Errors: none
Warnings: none
