###############################################################################
#
# IAR ANSI C/C++ Compiler V7.70.1.11437/W32 for ARM       28/Feb/2025  14:17:26
# Copyright 1999-2016 IAR Systems AB.
#
#    Cpu mode     =  thumb
#    Endian       =  little
#    Source file  =  source/Micros/STM32G0x/Driver/MicroExt/MicroExt.c
#    Command line =  
#        --cpu Cortex-M0+ -Om --debug -e --only_stdout --silent -D
#        ENABLE_JUMP_TO_APPLICATION_WITHOUT_IAP_FIRMWARE --no_wrap_diagnostics
#        -f config\tmp\include_path.lnt
#        (-I../Nucleus-Tools-SDK/embOS/arm/v4.26/source\
#        -I../Nucleus-Tools-SDK/iar/arm/v7.70/cx/inc\
#        -Isource/Category/Application/acu/CycleResume\
#        -Isource/Category/Application/acu/Monitors/AutostartFactoryCycleMonitor\
#        -Isource/Category/Application/acu/Monitors/CartridgeDetectionMonitor\
#        -Isource/Category/Application/acu/Monitors/DCLoadCurrentMonitor\
#        -Isource/Category/Application/acu/Monitors/DiverterFaultMonitor\
#        -Isource/Category/Application/acu/Monitors/DiverterLeakFaultMonitor\
#        -Isource/Category/Application/acu/Monitors/DoorMonitor\
#        -Isource/Category/Application/acu/Monitors/DoorOpeningSystemMonitor\
#        -Isource/Category/Application/acu/Monitors/FanMotorFaultMonitor\
#        -Isource/Category/Application/acu/Monitors/FaultStatusMonitor\
#        -Isource/Category/Application/acu/Monitors/FillValveStuckOn\
#        -Isource/Category/Application/acu/Monitors/FlowMeterFaultMonitor\
#        -Isource/Category/Application/acu/Monitors/HeatMonitor\
#        -Isource/Category/Application/acu/Monitors/HotHighPotMonitor\
#        -Isource/Category/Application/acu/Monitors/LITTFaultMonitor\
#        -Isource/Category/Application/acu/Monitors/LITTMonitor\
#        -Isource/Category/Application/acu/Monitors/McuGetDataMonitor\
#        -Isource/Category/Application/acu/Monitors/ModelMonitors/AirlockDetectionMonitor\
#        -Isource/Category/Application/acu/Monitors/ModelMonitors/AirlockDetectionMonitor/CodeGeneration\
#        -Isource/Category/Application/acu/Monitors/ModelMonitors/HeaterCalcificationDetectionModel\
#        -Isource/Category/Application/acu/Monitors/ModelMonitors/HeaterCalcificationDetectionModel/CodeGeneration\
#        -Isource/Category/Application/acu/Monitors/ModelMonitors/OWIVoltageRegulatedOutputModel\
#        -Isource/Category/Application/acu/Monitors/ModelMonitors/OWIVoltageRegulatedOutputModel/CodeGeneration\
#        -Isource/Category/Application/acu/Monitors/ModelMonitors/PluggingDetectionMonitor\
#        -Isource/Category/Application/acu/Monitors/ModelMonitors/PluggingDetectionMonitor/CodeGeneration\
#        -Isource/Category/Application/acu/Monitors/MoisturePreventionMonitor\
#        -Isource/Category/Application/acu/Monitors/OverfillMonitor\
#        -Isource/Category/Application/acu/Monitors/OWIMonitor\
#        -Isource/Category/Application/acu/Monitors/PilotRelayFaultMonitor\
#        -Isource/Category/Application/acu/Monitors/PilotRelayFaultMonitor/PilotRelayStuckClosedMonitor\
#        -Isource/Category/Application/acu/Monitors/PilotRelayFaultMonitor/PilotRelayStuckOpenMonitor\
#        -Isource/Category/Application/acu/Monitors/PORTimeMonitor\
#        -Isource/Category/Application/acu/Monitors/PumpFlushRequestMonitor\
#        -Isource/Category/Application/acu/Monitors/RinseAidMonitor\
#        -Isource/Category/Application/acu/Monitors/SaltSensingMonitor\
#        -Isource/Category/Application/acu/Monitors/StabilityControlLoopMonitor\
#        -Isource/Category/Application/acu/Monitors/StandbyManager\
#        -Isource/Category/Application/acu/Monitors/SupervisorExtMonitor\
#        -Isource/Category/Application/acu/Monitors/ThermistorFaultMonitor\
#        -Isource/Category/Application/acu/Monitors/ThermistorFaultMonitor/ThermistorOpenMonitor\
#        -Isource/Category/Application/acu/Monitors/ThermistorFaultMonitor/ThermistorShortedMonitor\
#        -Isource/Category/Application/acu/Monitors/TriacCurrentMonitor\
#        -Isource/Category/Application/acu/Monitors/TriacShortedDrainFaultMonitor\
#        -Isource/Category/Application/acu/Monitors/TriacVoltageMonitor\
#        -Isource/Category/Application/acu/Monitors/VoltageRangeMonitor\
#        -Isource/Category/Application/acu/Monitors/VSDrainMotorFaultMonitor\
#        -Isource/Category/Application/acu/Monitors/VwiMonitor\
#        -Isource/Category/Application/acu/Monitors/VwiZoneCompensationMonitor\
#        -Isource/Category/Application/acu/Monitors/WashHeaterFaultMonitor\
#        -Isource/Category/Application/acu/Monitors/WashHeaterFaultMonitor/HeaterLeakageToNeutralMonitor\
#        -Isource/Category/Application/acu/Monitors/WashHeaterFaultMonitor/HeaterLineRelayOpenMonitor\
#        -Isource/Category/Application/acu/Monitors/WashHeaterFaultMonitor/HeaterNeutralRelayOpenMonitor\
#        -Isource/Category/Application/acu/Monitors/WashHeaterFaultMonitor/HeaterOpenAndLineRelayClosedMonitor\
#        -Isource/Category/Application/acu/Monitors/WashHeaterFaultMonitor/HeaterOpenMonitor\
#        -Isource/Category/Application/acu/Monitors/WashMotorFaultMonitor\
#        -Isource/Category/Application/acu/Monitors/ZeroCrossMonitor\
#        -Isource/Category/Application/acu/Processes/AlternateCtrl\
#        -Isource/Category/Application/acu/Processes/Fill\
#        -Isource/Category/Application/acu/Processes/Fill/ClassAFill\
#        -Isource/Category/Application/acu/Processes/Fill/Fill\
#        -Isource/Category/Application/acu/Processes/Fill/TankDrain\
#        -Isource/Category/Application/acu/Processes/Fill/TankFill\
#        -Isource/Category/Application/acu/Processes/Heat\
#        -Isource/Category/Application/acu/Processes/ModelProcesses/OWICalibrationModel\
#        -Isource/Category/Application/acu/Processes/ModelProcesses/OWICalibrationModel/CodeGeneration\
#        -Isource/Category/Application/acu/Processes/ModelProcesses/PartialDrainModel\
#        -Isource/Category/Application/acu/Processes/ModelProcesses/PartialDrainModel/CodeGeneration\
#        -Isource/Category/Application/acu/Processes/ModelProcesses/SensedDrainModel\
#        -Isource/Category/Application/acu/Processes/ModelProcesses/SensedDrainModel/CodeGeneration\
#        -Isource/Category/Application/acu/Processes/OWI\
#        -Isource/Category/Application/acu/Processes/OWI_VRO\
#        -Isource/Category/Application/acu/Processes/OWIOneShot\
#        -Isource/Category/Application/acu/Processes/PumpControl\
#        -Isource/Category/Application/acu/Processes/Regenerate\
#        -Isource/Category/Application/acu/Processes/RinseAidDispense\
#        -Isource/Category/Application/acu/Processes/RinseAidDispense/RinseAid\
#        -Isource/Category/Application/acu/Processes/RinseAidDispense/TridgeDetergent\
#        -Isource/Category/Application/acu/Tasks/DoorOpeningSystemPull\
#        -Isource/Category/Application/acu/Tasks/DoorOpeningSystemPush\
#        -Isource/Category/Application/acu/Tasks/HeaterShadowing\
#        -Isource/Category/Application/acu/Tasks/MoisturePrevention\
#        -Isource/Category/Application/acu/Tasks/OWIContinousReading\
#        -Isource/Category/Application/acu/Tasks/OwiVroContinuousReading\
#        -Isource/Category/Application/acu/Tasks/Sanitization\
#        -Isource/Category/Application/acu/Tasks/StabilityControl\
#        -Isource/Category/Application/acu/Tasks/TimeElapse\
#        -Isource/Category/Application/acu/VWI\
#        -Isource/Category/Application/all/ActivePower\
#        -Isource/Category/Application/all/API007App\
#        -Isource/Category/Application/all/Config\
#        -Isource/Category/Common/acu/CommonDish/DishAuxVar\
#        -Isource/Category/Common/acu/CommonDish/PumpCommand\
#        -Isource/Category/Common/acu/CommonDish/StatisticsDish\
#        -Isource/Category/Common/all/BoardDebugging\
#        -Isource/Category/Common/all/Config\
#        -Isource/Category/Common/all/MasterCommander\
#        -Isource/Category/Common/all/MasterCommander/Source\
#        -Isource/Category/Common/all/MasterCommander/Source/HAL\
#        -Isource/Category/Common/all/SharedUtils\
#        -Isource/Category/Hbl/acu/ACULoadHandler/AlternateLoad\
#        -Isource/Category/Hbl/acuexpacu/ACUGIHandler/WaterCounterGI\
#        -Isource/Category/Hbl/acuexpacu/ACULoadHandler/HeaterLoad\
#        -Isource/Category/Hbl/acuexpacu/ACULoadHandler/TriacMci\
#        -Isource/Category/Hbl/all/Config\ -Isource/Category/Hbl/all/Mci\
#        -Isource/Category/Hbl/all/Mci/MciZeroCross\
#        -Isource/Category/Hbl/all/Mci/Slfac\
#        -Isource/Category/Hbl/all/Mci/Slfac/Macroblocks\
#        -Isource/Category/Hbl/all/Mci/Slfac/Microblocks/GlitchFilter\
#        -Isource/Category/Hbl/all/Mci/Slfac/Microblocks/IIRFilter\
#        -Isource/Category/Hbl/all/Mci/Slfac/Microblocks/MathCalc\
#        -Isource/Category/Hbl/all/Mci/Slfac/Microblocks/PeakDetector\
#        -Isource/Category/Hbl/all/Mci/Slfac/Microblocks/Pi\
#        -Isource/Category/Hbl/all/MCUDrivers/TimeCapture\
#        -Isource/Category/Hbl/all/MCUDrivers/TimerInterruptExt\
#        -Isource/Micros/STM32G0x/Driver/Atod\
#        -Isource/Micros/STM32G0x/Driver/DataFlash\
#        -Isource/Micros/STM32G0x/Driver/Dma\
#        -Isource/Micros/STM32G0x/Driver/Dtoa\
#        -Isource/Micros/STM32G0x/Driver/ExtInterrupt\
#        -Isource/Micros/STM32G0x/Driver/Flash\
#        -Isource/Micros/STM32G0x/Driver/Gpio\
#        -Isource/Micros/STM32G0x/Driver/I2c\
#        -Isource/Micros/STM32G0x/Driver/IntMgr\
#        -Isource/Micros/STM32G0x/Driver/Micro\
#        -Isource/Micros/STM32G0x/Driver/MicroExt\
#        -Isource/Micros/STM32G0x/Driver/Rtc\
#        -Isource/Micros/STM32G0x/Driver/RTCDriver\
#        -Isource/Micros/STM32G0x/Driver/Spi\
#        -Isource/Micros/STM32G0x/Driver/Timeout\
#        -Isource/Micros/STM32G0x/Driver/Timer\
#        -Isource/Micros/STM32G0x/Driver/TimerInterrupt\
#        -Isource/Micros/STM32G0x/Driver/Uart\
#        -Isource/ProjectSpecific/Application/acu/Config\
#        -Isource/ProjectSpecific/Application/acu/LowPower\
#        -Isource/ProjectSpecific/Application/acuexpacu/Config\
#        -Isource/ProjectSpecific/Application/all/Config\
#        -Isource/ProjectSpecific/Application/all/MCUDebug\
#        -Isource/ProjectSpecific/Application/all/ProductInfo\
#        -Isource/ProjectSpecific/Common/acu/Config\
#        -Isource/ProjectSpecific/Common/all/Config\
#        -Isource/ProjectSpecific/Common/all/Debug\
#        -Isource/ProjectSpecific/Common/all/SRConfig\
#        -Isource/ProjectSpecific/Driver/STM32G0x\
#        -Isource/ProjectSpecific/Hbl/acuexpacu/Config\
#        -Isource/ProjectSpecific/Hbl/acuexpacu/SRConfig\
#        -Isource/ProjectSpecific/Hbl/all/Config\
#        -Isource/ProjectSpecific/Hbl/all/Config/Mci\
#        -Isource/ProjectSpecific/Hbl/all/Config/Mci/MasterCommander\
#        -Isource/ProjectSpecific/Hbl/all/Config/Mci/MCUDrivers\
#        -Isource/ProjectSpecific/Hbl/all/SRConfig\
#        -Isource/XCategory/Application/acu/API221MotionCtrl\
#        -Isource/XCategory/Application/acu/Calibration\
#        -Isource/XCategory/Application/acu/Condition\
#        -Isource/XCategory/Application/acu/Estimator\
#        -Isource/XCategory/Application/acu/Interpreter\
#        -Isource/XCategory/Application/acu/Processes/ActivateTask\
#        -Isource/XCategory/Application/acu/Processes/JumpIf\
#        -Isource/XCategory/Application/acu/Processes/LoadsControl\
#        -Isource/XCategory/Application/acu/Processes/Maintain\
#        -Isource/XCategory/Application/acu/Processes/SetVariable\
#        -Isource/XCategory/Application/acu/RegulationAccept\
#        -Isource/XCategory/Application/acu/Selector\
#        -Isource/XCategory/Application/acu/SubCycle\
#        -Isource/XCategory/Application/acu/Supervisor\
#        -Isource/XCategory/Application/acu/TestMgr\
#        -Isource/XCategory/Application/acuexpacu/ApplianceMgr\
#        -Isource/XCategory/Application/acuhmi/CommunicationMonitor\
#        -Isource/XCategory/Application/acuhmi/Modifier\
#        -Isource/XCategory/Application/acuhmi/Regulations\
#        -Isource/XCategory/Application/acuhmi/Status\
#        -Isource/XCategory/Application/all/API007Data\
#        -Isource/XCategory/Application/all/API011AppCtr\
#        -Isource/XCategory/Application/all/API012Exp\
#        -Isource/XCategory/Application/all/API013RemoteFunction\
#        -Isource/XCategory/Application/all/API018Diagnostic\
#        -Isource/XCategory/Application/all/API220MotorControl\
#        -Isource/XCategory/Application/all/API220MotorControl/Api\
#        -Isource/XCategory/Application/all/Mode\
#        -Isource/XCategory/Application/all/Reveal_Basic/API003Disc\
#        -Isource/XCategory/Application/all/Reveal_Basic/API004Debug\
#        -Isource/XCategory/Application/all/Reveal_Basic/API004Debug/SW05SoftwareTest\
#        -Isource/XCategory/Application/all/Reveal_Basic/API005LowLevel\
#        -Isource/XCategory/Application/all/Reveal_Basic/API009System\
#        -Isource/XCategory/Application/all/Reveal_Basic/API010PollVar\
#        -Isource/XCategory/Application/all/Reveal_Basic/API019ProductInfo\
#        -Isource/XCategory/Application/all/SFUpdater\
#        -Isource/XCategory/Application/all/SRAPI020Safety\
#        -Isource/XCategory/Application/all/StatusLed\
#        -Isource/XCategory/Common/acu/BrownOut\
#        -Isource/XCategory/Common/acu/Fault\
#        -Isource/XCategory/Common/acu/Statistics\
#        -Isource/XCategory/Common/all/Common/Callback\
#        -Isource/XCategory/Common/all/Common/Convert\
#        -Isource/XCategory/Common/all/Common/Crc16\
#        -Isource/XCategory/Common/all/Common/Crc32\
#        -Isource/XCategory/Common/all/Common/Crc8\
#        -Isource/XCategory/Common/all/Common/Equation\
#        -Isource/XCategory/Common/all/Common/Filter\
#        -Isource/XCategory/Common/all/Common/FITMgr\
#        -Isource/XCategory/Common/all/Common/I2cMgr\
#        -Isource/XCategory/Common/all/Common/IAPEmul\
#        -Isource/XCategory/Common/all/Common/Log\
#        -Isource/XCategory/Common/all/Common/Millis\
#        -Isource/XCategory/Common/all/Common/SeggerRTT\
#        -Isource/XCategory/Common/all/Common/SeggerRTT/SEGGER_RTT/Config\
#        -Isource/XCategory/Common/all/Common/SeggerRTT/SEGGER_RTT/RTT\
#        -Isource/XCategory/Common/all/Common/SettingFile\
#        -Isource/XCategory/Common/all/Common/SFVersionCheck\
#        -Isource/XCategory/Common/all/Common/SystemConfig\
#        -Isource/XCategory/Common/all/Common/SystemTimers\
#        -Isource/XCategory/Common/all/Common/Utilities\
#        -Isource/XCategory/Common/all/Common/Variable\
#        -Isource/XCategory/Common/all/SRCommon/SRClockMonitor\
#        -Isource/XCategory/Common/all/SRCommon/SRData\
#        -Isource/XCategory/Common/all/SRCommon/SRException\
#        -Isource/XCategory/Common/all/SRCommon/SRIsrMonitor\
#        -Isource/XCategory/Common/all/SRCommon/SRPowerMgr\
#        -Isource/XCategory/Common/all/SRCommon/SRSignature\
#        -Isource/XCategory/Common/all/SRCommon/SRSystemConfig\
#        -Isource/XCategory/Common/all/SRCommon/SRTaskMonitor\
#        -Isource/XCategory/Common/all/SRCommon/SRTaskSequence\
#        -Isource/XCategory/Common/all/SRCommon/SRTimerReference\
#        -Isource/XCategory/Common/all/SRCommon/SRUnusedPinsConfig\
#        -Isource/XCategory/Common/all/SRMain\
#        -Isource/XCategory/Common/all/SRMain/BackgroundThreads\
#        -Isource/XCategory/Common/all/SRMain/OsServices\
#        -Isource/XCategory/Common/all/SRMain/StackAnalysis\
#        -Isource/XCategory/Common/all/SRMain/TimingAnalysis\
#        -Isource/XCategory/Driver/APIs/Atod\
#        -Isource/XCategory/Driver/APIs/Comparator\
#        -Isource/XCategory/Driver/APIs/DataFlash\
#        -Isource/XCategory/Driver/APIs/Dma\
#        -Isource/XCategory/Driver/APIs/Dtc\
#        -Isource/XCategory/Driver/APIs/Dtoa\
#        -Isource/XCategory/Driver/APIs/EmbOS\
#        -Isource/XCategory/Driver/APIs/ExtInterrupt\
#        -Isource/XCategory/Driver/APIs/Flash\
#        -Isource/XCategory/Driver/APIs/Gpio\
#        -Isource/XCategory/Driver/APIs/I2c\
#        -Isource/XCategory/Driver/APIs/IntMgr\
#        -Isource/XCategory/Driver/APIs/Micro\
#        -Isource/XCategory/Driver/APIs/MicroExt\
#        -Isource/XCategory/Driver/APIs/Rtc\
#        -Isource/XCategory/Driver/APIs/RTCDriver\
#        -Isource/XCategory/Driver/APIs/Spi\
#        -Isource/XCategory/Driver/APIs/Timeout\
#        -Isource/XCategory/Driver/APIs/Timer\
#        -Isource/XCategory/Driver/APIs/TimerInterrupt\
#        -Isource/XCategory/Driver/APIs/Touch\
#        -Isource/XCategory/Driver/APIs/Uart\
#        -Isource/XCategory/Hbl/acu/FdmCounter\
#        -Isource/XCategory/Hbl/acu/FdmTimer\
#        -Isource/XCategory/Hbl/acuexpacu/ACUGIHandler/ConvertGI\
#        -Isource/XCategory/Hbl/acuexpacu/ACUGIHandler/DirectGI\
#        -Isource/XCategory/Hbl/acuexpacu/ACUGIHandler/DoorSwitchGI\
#        -Isource/XCategory/Hbl/acuexpacu/ACUGIHandler/ProbeGI\
#        -Isource/XCategory/Hbl/acuexpacu/ACUGIHandler/ProbeLpsGI\
#        -Isource/XCategory/Hbl/acuexpacu/ACULoadHandler/DCFanLoad\
#        -Isource/XCategory/Hbl/acuexpacu/ACUPilotHandler/AnalogOutputPilot\
#        -Isource/XCategory/Hbl/acuexpacu/ACUPilotHandler/ChargePumpPilot\
#        -Isource/XCategory/Hbl/acuexpacu/ACUPilotHandler/DigitalOutputMultiPilot\
#        -Isource/XCategory/Hbl/acuexpacu/ACUPilotHandler/DigitalOutputPilot\
#        -Isource/XCategory/Hbl/acuexpacu/ACUPilotHandler/DoorLockEMPilot\
#        -Isource/XCategory/Hbl/acuexpacu/ACUPilotHandler/DoorLockWaxPilot\
#        -Isource/XCategory/Hbl/acuexpacu/ACUPilotHandler/ExpansionPilot\
#        -Isource/XCategory/Hbl/acuexpacu/ACUPilotHandler/ExternalMotorPilot\
#        -Isource/XCategory/Hbl/acuexpacu/ACUPilotHandler/FSMPilot\
#        -Isource/XCategory/Hbl/acuexpacu/ACUPilotHandler/MagnetronPilot\
#        -Isource/XCategory/Hbl/acuexpacu/ACUPilotHandler/MotorPilot\
#        -Isource/XCategory/Hbl/acuexpacu/ACUPilotHandler/MultiDriverPilot\
#        -Isource/XCategory/Hbl/acuexpacu/ACUPilotHandler/MultiSequencePilot\
#        -Isource/XCategory/Hbl/acuexpacu/ACUPilotHandler/NonfunctionalPilot\
#        -Isource/XCategory/Hbl/acuexpacu/ACUPilotHandler/PwmHiResPilot\
#        -Isource/XCategory/Hbl/acuexpacu/ACUPilotHandler/PwmPilot\
#        -Isource/XCategory/Hbl/acuexpacu/ACUPilotHandler/SRChargePumpPilot\
#        -Isource/XCategory/Hbl/acuexpacu/ACUPilotHandler/SRDigitalOutputMultiPilot\
#        -Isource/XCategory/Hbl/acuexpacu/ACUPilotHandler/SRDigitalOutputPilot\
#        -Isource/XCategory/Hbl/acuexpacu/ACUPilotHandler/SRDoorLockEMPilot\
#        -Isource/XCategory/Hbl/acuexpacu/ACUPilotHandler/SRDoorLockWaxPilot\
#        -Isource/XCategory/Hbl/acuexpacu/ACUPilotHandler/SRUMRelayPilot\
#        -Isource/XCategory/Hbl/acuexpacu/ACUPilotHandler/SteadyPwmProfilePilot\
#        -Isource/XCategory/Hbl/acuexpacu/ACUPilotHandler/StepperPilot\
#        -Isource/XCategory/Hbl/acuexpacu/ACUPilotHandler/TriacSwitchPilot\
#        -Isource/XCategory/Hbl/acuexpacu/ACUPilotHandler/ZCRelayPilot\
#        -Isource/XCategory/Hbl/acuexpacu/ACUPilotHandler/ZCTriacPilot\
#        -Isource/XCategory/Hbl/acuexpacu/HblAcu\
#        -Isource/XCategory/Hbl/acuexpacu/HblAcu/CrossLoads\
#        -Isource/XCategory/Hbl/acuexpacu/HblAcu/SetLoadQueue\
#        -Isource/XCategory/Hbl/acuexpacu/HblAcu/SRProductMgr\
#        -Isource/XCategory/Hbl/acuexpacu/HblAcu/ZeroCross\
#        -Isource/XCategory/Hbl/all/Hbl\
#        -Isource/XCategory/Hbl/all/Hbl/DefaultPin\
#        -Isource/XCategory/Hbl/all/Hbl/HblCommon\
#        -Isource/XCategory/Hbl/all/Hbl/VirtualPin\
#        -Isource/XCategory/Hbl/all/LLIHandler/AbsoluteHumidityLLI\
#        -Isource/XCategory/Hbl/all/LLIHandler/AccelerometerLLI\
#        -Isource/XCategory/Hbl/all/LLIHandler/AccelerometerLLI/AccelBaseline\
#        -Isource/XCategory/Hbl/all/LLIHandler/AccelerometerLLI/AccelDiscover\
#        -Isource/XCategory/Hbl/all/LLIHandler/AccelerometerLLI/FXLS8974\
#        -Isource/XCategory/Hbl/all/LLIHandler/AccelerometerLLI/FXLS8974/SelfTestFXLS8974\
#        -Isource/XCategory/Hbl/all/LLIHandler/AccelerometerLLI/LISxDH\
#        -Isource/XCategory/Hbl/all/LLIHandler/AnalogLLI\
#        -Isource/XCategory/Hbl/all/LLIHandler/ConductivityLLI\
#        -Isource/XCategory/Hbl/all/LLIHandler/DigitalLLI\
#        -Isource/XCategory/Hbl/all/LLIHandler/EncoderLLI\
#        -Isource/XCategory/Hbl/all/LLIHandler/ExpansionLLI\
#        -Isource/XCategory/Hbl/all/LLIHandler/FeedbackLLI\
#        -Isource/XCategory/Hbl/all/LLIHandler/I2CInfraredLLI\
#        -Isource/XCategory/Hbl/all/LLIHandler/I2CPressureSensorLLI\
#        -Isource/XCategory/Hbl/all/LLIHandler/I2CRHTSensorLLI\
#        -Isource/XCategory/Hbl/all/LLIHandler/InputCaptureLLI\
#        -Isource/XCategory/Hbl/all/LLIHandler/MultiInputLLI\
#        -Isource/XCategory/Hbl/all/LLIHandler/NonfunctionalLLI\
#        -Isource/XCategory/Hbl/all/LLIHandler/PulseCounterLLI\
#        -Isource/XCategory/Hbl/all/LLIHandler/SRAnalogLLI\
#        -Isource/XCategory/Hbl/all/LLIHandler/SRDigitalLLI\
#        -Isource/XCategory/Hbl/all/LLIHandler/SRFeedbackLLI\
#        -Isource/XCategory/Hbl/all/LLIHandler/SRI2CPressureSensorLLI\
#        -Isource/XCategory/Hbl/all/LLIHandler/SRICTachometerLLI\
#        -Isource/XCategory/Hbl/all/LLIHandler/SRInputCaptureLLI\
#        -Isource/XCategory/Hbl/all/LLIHandler/SRTouchKeyLLI\
#        -Isource/XCategory/Hbl/all/LLIHandler/SRTriacFeedbackLLI\
#        -Isource/XCategory/Hbl/all/LLIHandler/TouchKeyLLI\
#        -Isource/XCategory/Hbl/all/LLIHandler/TouchSliderLLI\
#        -Isource/XCategory/Hbl/all/LLIHandler/TouchWheelLLI\
#        -Isource/XCategory/Hbl/all/LLIHandler/TriacFeedbackLLI\
#        -Isource/XCategory/Hbl/all/LLIHandler/VirtualDigitalLLI\
#        -Isource/XCategory/Service/all/NVData\
#        -Isource/XCategory/Service/all/Reveal\
#        -Isource/XCategory/Service/all/Win\) -l listings\MicroExt.lst -o
#        obj\MicroExt.obj source/Micros/STM32G0x/Driver/MicroExt/MicroExt.c
#    Locale       =  English_United States.1252
#    List file    =  listings\MicroExt.lst
#    Object file  =  obj\MicroExt.obj
#
###############################################################################

C:\Data\Nucleus_Dev\Vostok_ACU_A\source\Micros\STM32G0x\Driver\MicroExt\MicroExt.c
      1          /**
      2           *  @file       
      3           *
      4           *  @brief      Implementation of the MicroExt API's
      5           *
      6           *  @details    Detailed description of the file contents
      7           *
      8           *  @section    Applicable_Documents
      9           *                  List here all the applicable documents if needed. <tr>
     10           *
     11           * $Header: $
     12           *
     13           *  @copyright  Copyright 2017. Whirlpool Corporation. All rights reserved - CONFIDENTIAL
     14           *
     15           */
     16          //---------------------------------------------------------------------------------------------------------------------
     17          //---------------------------------------------------------------------------------------------------------------------
     18          
     19          //-------------------------------------- Include Files ----------------------------------------------------------------
     20          #include "C_Extensions.h"
     21          #include "MicroExt.h"
     22          #include "uc.h"
     23          #include "Micro.h"
     24          
     25          //-------------------------------------- PUBLIC (Variables) -----------------------------------------------------------
     26          //-------------------------------------- PRIVATE (Variables, Constants & Defines) -------------------------------------
     27          extern uint32  __ICFEDIT_APPLICATION_INTERRUPT_TABLE_start__;
     28          
     29          #define RELOCATION_ADDRESS            &__ICFEDIT_APPLICATION_INTERRUPT_TABLE_start__       // This symbol comes from the linker file
     30          
     31          #define FLASH_EMPTY_VALUE                   0xFFFFFFFF
     32          
     33          typedef void( *INTFUNCTION_TYPE )( void );
     34          
     35          //-------------------------------------- PRIVATE (Function Prototypes) ------------------------------------------------
     36          
     37          
     38          //=====================================================================================================================
     39          //-------------------------------------- Public Functions -------------------------------------------------------------
     40          //=====================================================================================================================
     41          
     42          //---------------------------------------------------------------------------------------------------------------------
     43          /**
     44           *  @brief      It Initializes the module MicroExt and its variables
     45           *
     46           */

   \                                 In section .text, align 2, keep-with-next
     47          void MicroExt__Initialize(void)
     48          {
   \                     MicroExt__Initialize: (+1)
   \   00000000   0xB580             PUSH     {R7,LR}
     49              Micro__HardwareInit();
   \   00000002   0x.... 0x....      BL       Micro__HardwareInit
     50              Micro__WatchdogInit();
   \   00000006   0x.... 0x....      BL       Micro__WatchdogInit
     51              Micro__SetNormalSpeedMode();
   \   0000000A   0x.... 0x....      BL       Micro__SetNormalSpeedMode
     52          }
   \   0000000E   0xBD01             POP      {R0,PC}          ;; return
     53          
     54          //---------------------------------------------------------------------------------------------------------------------
     55          /**
     56           *  @brief      This API resets, disables all the peripheral of the micro-controller
     57           *  @details    1. Reset and Disables all the peripheral of the mirco
     58           *              2. Set the default system clock
     59           *              3. Disable all the interrupt sources
     60           */

   \                                 In section .text, align 2, keep-with-next
     61          void MicroExt__ResetAll(void)
     62          {
   \                     MicroExt__ResetAll: (+1)
   \   00000000   0xB580             PUSH     {R7,LR}
     63              Micro__HardwareInit();
   \   00000002   0x.... 0x....      BL       Micro__HardwareInit
     64          }
   \   00000006   0xBD01             POP      {R0,PC}          ;; return
     65          
     66          //---------------------------------------------------------------------------------------------------------------------
     67          /**
     68           *  @brief      This API Switches from IAP mode to application mode
     69           *  @details    Watchdog is refreshed before the jump
     70           *              The Jump location value is verified
     71           *
     72           * @return
     73           *  @retval - TRUE(1)   -   if its able to jump to the application
     74           *  @retval - FALSE(0)  -   failed to launch the application, it may be blank
     75           */

   \                                 In section .text, align 4, keep-with-next
     76          BOOL_TYPE MicroExt__JumptoApplication(void)
     77          {
   \                     MicroExt__JumptoApplication: (+1)
   \   00000000   0xB510             PUSH     {R4,LR}
     78              BOOL_TYPE response;
     79              INTFUNCTION_TYPE appl_start;
     80          
     81              appl_start = NULL;
     82          
     83              response = FALSE;
   \   00000002   0x2400             MOVS     R4,#+0
     84          
     85              //Refresh the Watchdog
     86              Micro__ServiceWatchdog();
   \   00000004   0x.... 0x....      BL       Micro__ServiceWatchdog
     87          
     88              if (((__ICFEDIT_APPLICATION_INTERRUPT_TABLE_start__) != FLASH_EMPTY_VALUE) &&
     89                  ((*(&__ICFEDIT_APPLICATION_INTERRUPT_TABLE_start__ + 1)) != FLASH_EMPTY_VALUE))
   \   00000008   0x2000             MOVS     R0,#+0
   \   0000000A   0x43C0             MVNS     R0,R0            ;; #-1
   \   0000000C   0x....             LDR      R1,??DataTable0
   \   0000000E   0x680A             LDR      R2,[R1, #+0]
   \   00000010   0x4282             CMP      R2,R0
   \   00000012   0xD00C             BEQ      ??MicroExt__JumptoApplication_0
   \   00000014   0x684A             LDR      R2,[R1, #+4]
   \   00000016   0x4282             CMP      R2,R0
   \   00000018   0xD009             BEQ      ??MicroExt__JumptoApplication_0
     90              {
     91                  response = TRUE;
   \   0000001A   0x2401             MOVS     R4,#+1
     92          
     93                  DISABLE_INTERRUPTS();
   \   0000001C   0xB672             CPSID    I
     94          
     95                  // Initialize user application's Stack Pointer
     96                  __set_MSP((uint32)__ICFEDIT_APPLICATION_INTERRUPT_TABLE_start__);
   \   0000001E   0x6808             LDR      R0,[R1, #+0]
   \   00000020   0xF380 0x8808      MSR      MSP,R0
     97          
     98                  SCB.VTOR = (uint32)RELOCATION_ADDRESS;
   \   00000024   0x....             LDR      R0,??DataTable0_1  ;; 0xe000ed08
   \   00000026   0x6001             STR      R1,[R0, #+0]
     99          
    100                  appl_start =(INTFUNCTION_TYPE)(*(&__ICFEDIT_APPLICATION_INTERRUPT_TABLE_start__ + 1));
    101          
    102                  // Jump to application
    103                  appl_start();
   \   00000028   0x6848             LDR      R0,[R1, #+4]
   \   0000002A   0x4780             BLX      R0
    104          
    105                  NOP();
   \   0000002C   0xBF00             nop 
    106              }
    107          
    108              return(response);
   \                     ??MicroExt__JumptoApplication_0: (+1)
   \   0000002E   0x0020             MOVS     R0,R4
   \   00000030   0xBD10             POP      {R4,PC}          ;; return
    109          }

   \                                 In section .text, align 4, keep-with-next
   \                     ??DataTable0:
   \   00000000   0x........         DC32     __ICFEDIT_APPLICATION_INTERRUPT_TABLE_start__

   \                                 In section .text, align 4, keep-with-next
   \                     ??DataTable0_1:
   \   00000000   0xE000ED08         DC32     0xe000ed08
    110          
    111          //=====================================================================================================================
    112          //-------------------------------------- Private Functions ------------------------------------------------------------
    113          //=====================================================================================================================
    114          
    115          

   Maximum stack usage in bytes:

   .cstack Function
   ------- --------
       8   MicroExt__Initialize
         8   -> Micro__HardwareInit
         8   -> Micro__SetNormalSpeedMode
         8   -> Micro__WatchdogInit
       8   MicroExt__JumptoApplication
         8   -- Indirect call
         8   -> Micro__ServiceWatchdog
       8   MicroExt__ResetAll
         8   -> Micro__HardwareInit


   Section sizes:

   Bytes  Function/Label
   -----  --------------
       4  ??DataTable0
       4  ??DataTable0_1
      16  MicroExt__Initialize
      50  MicroExt__JumptoApplication
       8  MicroExt__ResetAll

 
 82 bytes in section .text
 
 82 bytes of CODE memory

Errors: none
Warnings: none
