###############################################################################
#
# IAR ANSI C/C++ Compiler V7.70.1.11437/W32 for ARM       28/Feb/2025  14:17:28
# Copyright 1999-2016 IAR Systems AB.
#
#    Cpu mode     =  thumb
#    Endian       =  little
#    Source file  =  
#        source/Category/Application/acu/Monitors/MoisturePreventionMonitor/MoisturePreventionMonitor.c
#    Command line =  
#        --cpu Cortex-M0+ -Om --debug -e --only_stdout --silent -D
#        ENABLE_JUMP_TO_APPLICATION_WITHOUT_IAP_FIRMWARE --no_wrap_diagnostics
#        -f config\tmp\include_path.lnt
#        (-I../Nucleus-Tools-SDK/embOS/arm/v4.26/source\
#        -I../Nucleus-Tools-SDK/iar/arm/v7.70/cx/inc\
#        -Isource/Category/Application/acu/CycleResume\
#        -Isource/Category/Application/acu/Monitors/AutostartFactoryCycleMonitor\
#        -Isource/Category/Application/acu/Monitors/CartridgeDetectionMonitor\
#        -Isource/Category/Application/acu/Monitors/DCLoadCurrentMonitor\
#        -Isource/Category/Application/acu/Monitors/DiverterFaultMonitor\
#        -Isource/Category/Application/acu/Monitors/DiverterLeakFaultMonitor\
#        -Isource/Category/Application/acu/Monitors/DoorMonitor\
#        -Isource/Category/Application/acu/Monitors/DoorOpeningSystemMonitor\
#        -Isource/Category/Application/acu/Monitors/FanMotorFaultMonitor\
#        -Isource/Category/Application/acu/Monitors/FaultStatusMonitor\
#        -Isource/Category/Application/acu/Monitors/FillValveStuckOn\
#        -Isource/Category/Application/acu/Monitors/FlowMeterFaultMonitor\
#        -Isource/Category/Application/acu/Monitors/HeatMonitor\
#        -Isource/Category/Application/acu/Monitors/HotHighPotMonitor\
#        -Isource/Category/Application/acu/Monitors/LITTFaultMonitor\
#        -Isource/Category/Application/acu/Monitors/LITTMonitor\
#        -Isource/Category/Application/acu/Monitors/McuGetDataMonitor\
#        -Isource/Category/Application/acu/Monitors/ModelMonitors/AirlockDetectionMonitor\
#        -Isource/Category/Application/acu/Monitors/ModelMonitors/AirlockDetectionMonitor/CodeGeneration\
#        -Isource/Category/Application/acu/Monitors/ModelMonitors/HeaterCalcificationDetectionModel\
#        -Isource/Category/Application/acu/Monitors/ModelMonitors/HeaterCalcificationDetectionModel/CodeGeneration\
#        -Isource/Category/Application/acu/Monitors/ModelMonitors/OWIVoltageRegulatedOutputModel\
#        -Isource/Category/Application/acu/Monitors/ModelMonitors/OWIVoltageRegulatedOutputModel/CodeGeneration\
#        -Isource/Category/Application/acu/Monitors/ModelMonitors/PluggingDetectionMonitor\
#        -Isource/Category/Application/acu/Monitors/ModelMonitors/PluggingDetectionMonitor/CodeGeneration\
#        -Isource/Category/Application/acu/Monitors/MoisturePreventionMonitor\
#        -Isource/Category/Application/acu/Monitors/OverfillMonitor\
#        -Isource/Category/Application/acu/Monitors/OWIMonitor\
#        -Isource/Category/Application/acu/Monitors/PilotRelayFaultMonitor\
#        -Isource/Category/Application/acu/Monitors/PilotRelayFaultMonitor/PilotRelayStuckClosedMonitor\
#        -Isource/Category/Application/acu/Monitors/PilotRelayFaultMonitor/PilotRelayStuckOpenMonitor\
#        -Isource/Category/Application/acu/Monitors/PORTimeMonitor\
#        -Isource/Category/Application/acu/Monitors/PumpFlushRequestMonitor\
#        -Isource/Category/Application/acu/Monitors/RinseAidMonitor\
#        -Isource/Category/Application/acu/Monitors/SaltSensingMonitor\
#        -Isource/Category/Application/acu/Monitors/StabilityControlLoopMonitor\
#        -Isource/Category/Application/acu/Monitors/StandbyManager\
#        -Isource/Category/Application/acu/Monitors/SupervisorExtMonitor\
#        -Isource/Category/Application/acu/Monitors/ThermistorFaultMonitor\
#        -Isource/Category/Application/acu/Monitors/ThermistorFaultMonitor/ThermistorOpenMonitor\
#        -Isource/Category/Application/acu/Monitors/ThermistorFaultMonitor/ThermistorShortedMonitor\
#        -Isource/Category/Application/acu/Monitors/TriacCurrentMonitor\
#        -Isource/Category/Application/acu/Monitors/TriacShortedDrainFaultMonitor\
#        -Isource/Category/Application/acu/Monitors/TriacVoltageMonitor\
#        -Isource/Category/Application/acu/Monitors/VoltageRangeMonitor\
#        -Isource/Category/Application/acu/Monitors/VSDrainMotorFaultMonitor\
#        -Isource/Category/Application/acu/Monitors/VwiMonitor\
#        -Isource/Category/Application/acu/Monitors/VwiZoneCompensationMonitor\
#        -Isource/Category/Application/acu/Monitors/WashHeaterFaultMonitor\
#        -Isource/Category/Application/acu/Monitors/WashHeaterFaultMonitor/HeaterLeakageToNeutralMonitor\
#        -Isource/Category/Application/acu/Monitors/WashHeaterFaultMonitor/HeaterLineRelayOpenMonitor\
#        -Isource/Category/Application/acu/Monitors/WashHeaterFaultMonitor/HeaterNeutralRelayOpenMonitor\
#        -Isource/Category/Application/acu/Monitors/WashHeaterFaultMonitor/HeaterOpenAndLineRelayClosedMonitor\
#        -Isource/Category/Application/acu/Monitors/WashHeaterFaultMonitor/HeaterOpenMonitor\
#        -Isource/Category/Application/acu/Monitors/WashMotorFaultMonitor\
#        -Isource/Category/Application/acu/Monitors/ZeroCrossMonitor\
#        -Isource/Category/Application/acu/Processes/AlternateCtrl\
#        -Isource/Category/Application/acu/Processes/Fill\
#        -Isource/Category/Application/acu/Processes/Fill/ClassAFill\
#        -Isource/Category/Application/acu/Processes/Fill/Fill\
#        -Isource/Category/Application/acu/Processes/Fill/TankDrain\
#        -Isource/Category/Application/acu/Processes/Fill/TankFill\
#        -Isource/Category/Application/acu/Processes/Heat\
#        -Isource/Category/Application/acu/Processes/ModelProcesses/OWICalibrationModel\
#        -Isource/Category/Application/acu/Processes/ModelProcesses/OWICalibrationModel/CodeGeneration\
#        -Isource/Category/Application/acu/Processes/ModelProcesses/PartialDrainModel\
#        -Isource/Category/Application/acu/Processes/ModelProcesses/PartialDrainModel/CodeGeneration\
#        -Isource/Category/Application/acu/Processes/ModelProcesses/SensedDrainModel\
#        -Isource/Category/Application/acu/Processes/ModelProcesses/SensedDrainModel/CodeGeneration\
#        -Isource/Category/Application/acu/Processes/OWI\
#        -Isource/Category/Application/acu/Processes/OWI_VRO\
#        -Isource/Category/Application/acu/Processes/OWIOneShot\
#        -Isource/Category/Application/acu/Processes/PumpControl\
#        -Isource/Category/Application/acu/Processes/Regenerate\
#        -Isource/Category/Application/acu/Processes/RinseAidDispense\
#        -Isource/Category/Application/acu/Processes/RinseAidDispense/RinseAid\
#        -Isource/Category/Application/acu/Processes/RinseAidDispense/TridgeDetergent\
#        -Isource/Category/Application/acu/Tasks/DoorOpeningSystemPull\
#        -Isource/Category/Application/acu/Tasks/DoorOpeningSystemPush\
#        -Isource/Category/Application/acu/Tasks/HeaterShadowing\
#        -Isource/Category/Application/acu/Tasks/MoisturePrevention\
#        -Isource/Category/Application/acu/Tasks/OWIContinousReading\
#        -Isource/Category/Application/acu/Tasks/OwiVroContinuousReading\
#        -Isource/Category/Application/acu/Tasks/Sanitization\
#        -Isource/Category/Application/acu/Tasks/StabilityControl\
#        -Isource/Category/Application/acu/Tasks/TimeElapse\
#        -Isource/Category/Application/acu/VWI\
#        -Isource/Category/Application/all/ActivePower\
#        -Isource/Category/Application/all/API007App\
#        -Isource/Category/Application/all/Config\
#        -Isource/Category/Common/acu/CommonDish/DishAuxVar\
#        -Isource/Category/Common/acu/CommonDish/PumpCommand\
#        -Isource/Category/Common/acu/CommonDish/StatisticsDish\
#        -Isource/Category/Common/all/BoardDebugging\
#        -Isource/Category/Common/all/Config\
#        -Isource/Category/Common/all/MasterCommander\
#        -Isource/Category/Common/all/MasterCommander/Source\
#        -Isource/Category/Common/all/MasterCommander/Source/HAL\
#        -Isource/Category/Common/all/SharedUtils\
#        -Isource/Category/Hbl/acu/ACULoadHandler/AlternateLoad\
#        -Isource/Category/Hbl/acuexpacu/ACUGIHandler/WaterCounterGI\
#        -Isource/Category/Hbl/acuexpacu/ACULoadHandler/HeaterLoad\
#        -Isource/Category/Hbl/acuexpacu/ACULoadHandler/TriacMci\
#        -Isource/Category/Hbl/all/Config\ -Isource/Category/Hbl/all/Mci\
#        -Isource/Category/Hbl/all/Mci/MciZeroCross\
#        -Isource/Category/Hbl/all/Mci/Slfac\
#        -Isource/Category/Hbl/all/Mci/Slfac/Macroblocks\
#        -Isource/Category/Hbl/all/Mci/Slfac/Microblocks/GlitchFilter\
#        -Isource/Category/Hbl/all/Mci/Slfac/Microblocks/IIRFilter\
#        -Isource/Category/Hbl/all/Mci/Slfac/Microblocks/MathCalc\
#        -Isource/Category/Hbl/all/Mci/Slfac/Microblocks/PeakDetector\
#        -Isource/Category/Hbl/all/Mci/Slfac/Microblocks/Pi\
#        -Isource/Category/Hbl/all/MCUDrivers/TimeCapture\
#        -Isource/Category/Hbl/all/MCUDrivers/TimerInterruptExt\
#        -Isource/Micros/STM32G0x/Driver/Atod\
#        -Isource/Micros/STM32G0x/Driver/DataFlash\
#        -Isource/Micros/STM32G0x/Driver/Dma\
#        -Isource/Micros/STM32G0x/Driver/Dtoa\
#        -Isource/Micros/STM32G0x/Driver/ExtInterrupt\
#        -Isource/Micros/STM32G0x/Driver/Flash\
#        -Isource/Micros/STM32G0x/Driver/Gpio\
#        -Isource/Micros/STM32G0x/Driver/I2c\
#        -Isource/Micros/STM32G0x/Driver/IntMgr\
#        -Isource/Micros/STM32G0x/Driver/Micro\
#        -Isource/Micros/STM32G0x/Driver/MicroExt\
#        -Isource/Micros/STM32G0x/Driver/Rtc\
#        -Isource/Micros/STM32G0x/Driver/RTCDriver\
#        -Isource/Micros/STM32G0x/Driver/Spi\
#        -Isource/Micros/STM32G0x/Driver/Timeout\
#        -Isource/Micros/STM32G0x/Driver/Timer\
#        -Isource/Micros/STM32G0x/Driver/TimerInterrupt\
#        -Isource/Micros/STM32G0x/Driver/Uart\
#        -Isource/ProjectSpecific/Application/acu/Config\
#        -Isource/ProjectSpecific/Application/acu/LowPower\
#        -Isource/ProjectSpecific/Application/acuexpacu/Config\
#        -Isource/ProjectSpecific/Application/all/Config\
#        -Isource/ProjectSpecific/Application/all/MCUDebug\
#        -Isource/ProjectSpecific/Application/all/ProductInfo\
#        -Isource/ProjectSpecific/Common/acu/Config\
#        -Isource/ProjectSpecific/Common/all/Config\
#        -Isource/ProjectSpecific/Common/all/Debug\
#        -Isource/ProjectSpecific/Common/all/SRConfig\
#        -Isource/ProjectSpecific/Driver/STM32G0x\
#        -Isource/ProjectSpecific/Hbl/acuexpacu/Config\
#        -Isource/ProjectSpecific/Hbl/acuexpacu/SRConfig\
#        -Isource/ProjectSpecific/Hbl/all/Config\
#        -Isource/ProjectSpecific/Hbl/all/Config/Mci\
#        -Isource/ProjectSpecific/Hbl/all/Config/Mci/MasterCommander\
#        -Isource/ProjectSpecific/Hbl/all/Config/Mci/MCUDrivers\
#        -Isource/ProjectSpecific/Hbl/all/SRConfig\
#        -Isource/XCategory/Application/acu/API221MotionCtrl\
#        -Isource/XCategory/Application/acu/Calibration\
#        -Isource/XCategory/Application/acu/Condition\
#        -Isource/XCategory/Application/acu/Estimator\
#        -Isource/XCategory/Application/acu/Interpreter\
#        -Isource/XCategory/Application/acu/Processes/ActivateTask\
#        -Isource/XCategory/Application/acu/Processes/JumpIf\
#        -Isource/XCategory/Application/acu/Processes/LoadsControl\
#        -Isource/XCategory/Application/acu/Processes/Maintain\
#        -Isource/XCategory/Application/acu/Processes/SetVariable\
#        -Isource/XCategory/Application/acu/RegulationAccept\
#        -Isource/XCategory/Application/acu/Selector\
#        -Isource/XCategory/Application/acu/SubCycle\
#        -Isource/XCategory/Application/acu/Supervisor\
#        -Isource/XCategory/Application/acu/TestMgr\
#        -Isource/XCategory/Application/acuexpacu/ApplianceMgr\
#        -Isource/XCategory/Application/acuhmi/CommunicationMonitor\
#        -Isource/XCategory/Application/acuhmi/Modifier\
#        -Isource/XCategory/Application/acuhmi/Regulations\
#        -Isource/XCategory/Application/acuhmi/Status\
#        -Isource/XCategory/Application/all/API007Data\
#        -Isource/XCategory/Application/all/API011AppCtr\
#        -Isource/XCategory/Application/all/API012Exp\
#        -Isource/XCategory/Application/all/API013RemoteFunction\
#        -Isource/XCategory/Application/all/API018Diagnostic\
#        -Isource/XCategory/Application/all/API220MotorControl\
#        -Isource/XCategory/Application/all/API220MotorControl/Api\
#        -Isource/XCategory/Application/all/Mode\
#        -Isource/XCategory/Application/all/Reveal_Basic/API003Disc\
#        -Isource/XCategory/Application/all/Reveal_Basic/API004Debug\
#        -Isource/XCategory/Application/all/Reveal_Basic/API004Debug/SW05SoftwareTest\
#        -Isource/XCategory/Application/all/Reveal_Basic/API005LowLevel\
#        -Isource/XCategory/Application/all/Reveal_Basic/API009System\
#        -Isource/XCategory/Application/all/Reveal_Basic/API010PollVar\
#        -Isource/XCategory/Application/all/Reveal_Basic/API019ProductInfo\
#        -Isource/XCategory/Application/all/SFUpdater\
#        -Isource/XCategory/Application/all/SRAPI020Safety\
#        -Isource/XCategory/Application/all/StatusLed\
#        -Isource/XCategory/Common/acu/BrownOut\
#        -Isource/XCategory/Common/acu/Fault\
#        -Isource/XCategory/Common/acu/Statistics\
#        -Isource/XCategory/Common/all/Common/Callback\
#        -Isource/XCategory/Common/all/Common/Convert\
#        -Isource/XCategory/Common/all/Common/Crc16\
#        -Isource/XCategory/Common/all/Common/Crc32\
#        -Isource/XCategory/Common/all/Common/Crc8\
#        -Isource/XCategory/Common/all/Common/Equation\
#        -Isource/XCategory/Common/all/Common/Filter\
#        -Isource/XCategory/Common/all/Common/FITMgr\
#        -Isource/XCategory/Common/all/Common/I2cMgr\
#        -Isource/XCategory/Common/all/Common/IAPEmul\
#        -Isource/XCategory/Common/all/Common/Log\
#        -Isource/XCategory/Common/all/Common/Millis\
#        -Isource/XCategory/Common/all/Common/SeggerRTT\
#        -Isource/XCategory/Common/all/Common/SeggerRTT/SEGGER_RTT/Config\
#        -Isource/XCategory/Common/all/Common/SeggerRTT/SEGGER_RTT/RTT\
#        -Isource/XCategory/Common/all/Common/SettingFile\
#        -Isource/XCategory/Common/all/Common/SFVersionCheck\
#        -Isource/XCategory/Common/all/Common/SystemConfig\
#        -Isource/XCategory/Common/all/Common/SystemTimers\
#        -Isource/XCategory/Common/all/Common/Utilities\
#        -Isource/XCategory/Common/all/Common/Variable\
#        -Isource/XCategory/Common/all/SRCommon/SRClockMonitor\
#        -Isource/XCategory/Common/all/SRCommon/SRData\
#        -Isource/XCategory/Common/all/SRCommon/SRException\
#        -Isource/XCategory/Common/all/SRCommon/SRIsrMonitor\
#        -Isource/XCategory/Common/all/SRCommon/SRPowerMgr\
#        -Isource/XCategory/Common/all/SRCommon/SRSignature\
#        -Isource/XCategory/Common/all/SRCommon/SRSystemConfig\
#        -Isource/XCategory/Common/all/SRCommon/SRTaskMonitor\
#        -Isource/XCategory/Common/all/SRCommon/SRTaskSequence\
#        -Isource/XCategory/Common/all/SRCommon/SRTimerReference\
#        -Isource/XCategory/Common/all/SRCommon/SRUnusedPinsConfig\
#        -Isource/XCategory/Common/all/SRMain\
#        -Isource/XCategory/Common/all/SRMain/BackgroundThreads\
#        -Isource/XCategory/Common/all/SRMain/OsServices\
#        -Isource/XCategory/Common/all/SRMain/StackAnalysis\
#        -Isource/XCategory/Common/all/SRMain/TimingAnalysis\
#        -Isource/XCategory/Driver/APIs/Atod\
#        -Isource/XCategory/Driver/APIs/Comparator\
#        -Isource/XCategory/Driver/APIs/DataFlash\
#        -Isource/XCategory/Driver/APIs/Dma\
#        -Isource/XCategory/Driver/APIs/Dtc\
#        -Isource/XCategory/Driver/APIs/Dtoa\
#        -Isource/XCategory/Driver/APIs/EmbOS\
#        -Isource/XCategory/Driver/APIs/ExtInterrupt\
#        -Isource/XCategory/Driver/APIs/Flash\
#        -Isource/XCategory/Driver/APIs/Gpio\
#        -Isource/XCategory/Driver/APIs/I2c\
#        -Isource/XCategory/Driver/APIs/IntMgr\
#        -Isource/XCategory/Driver/APIs/Micro\
#        -Isource/XCategory/Driver/APIs/MicroExt\
#        -Isource/XCategory/Driver/APIs/Rtc\
#        -Isource/XCategory/Driver/APIs/RTCDriver\
#        -Isource/XCategory/Driver/APIs/Spi\
#        -Isource/XCategory/Driver/APIs/Timeout\
#        -Isource/XCategory/Driver/APIs/Timer\
#        -Isource/XCategory/Driver/APIs/TimerInterrupt\
#        -Isource/XCategory/Driver/APIs/Touch\
#        -Isource/XCategory/Driver/APIs/Uart\
#        -Isource/XCategory/Hbl/acu/FdmCounter\
#        -Isource/XCategory/Hbl/acu/FdmTimer\
#        -Isource/XCategory/Hbl/acuexpacu/ACUGIHandler/ConvertGI\
#        -Isource/XCategory/Hbl/acuexpacu/ACUGIHandler/DirectGI\
#        -Isource/XCategory/Hbl/acuexpacu/ACUGIHandler/DoorSwitchGI\
#        -Isource/XCategory/Hbl/acuexpacu/ACUGIHandler/ProbeGI\
#        -Isource/XCategory/Hbl/acuexpacu/ACUGIHandler/ProbeLpsGI\
#        -Isource/XCategory/Hbl/acuexpacu/ACULoadHandler/DCFanLoad\
#        -Isource/XCategory/Hbl/acuexpacu/ACUPilotHandler/AnalogOutputPilot\
#        -Isource/XCategory/Hbl/acuexpacu/ACUPilotHandler/ChargePumpPilot\
#        -Isource/XCategory/Hbl/acuexpacu/ACUPilotHandler/DigitalOutputMultiPilot\
#        -Isource/XCategory/Hbl/acuexpacu/ACUPilotHandler/DigitalOutputPilot\
#        -Isource/XCategory/Hbl/acuexpacu/ACUPilotHandler/DoorLockEMPilot\
#        -Isource/XCategory/Hbl/acuexpacu/ACUPilotHandler/DoorLockWaxPilot\
#        -Isource/XCategory/Hbl/acuexpacu/ACUPilotHandler/ExpansionPilot\
#        -Isource/XCategory/Hbl/acuexpacu/ACUPilotHandler/ExternalMotorPilot\
#        -Isource/XCategory/Hbl/acuexpacu/ACUPilotHandler/FSMPilot\
#        -Isource/XCategory/Hbl/acuexpacu/ACUPilotHandler/MagnetronPilot\
#        -Isource/XCategory/Hbl/acuexpacu/ACUPilotHandler/MotorPilot\
#        -Isource/XCategory/Hbl/acuexpacu/ACUPilotHandler/MultiDriverPilot\
#        -Isource/XCategory/Hbl/acuexpacu/ACUPilotHandler/MultiSequencePilot\
#        -Isource/XCategory/Hbl/acuexpacu/ACUPilotHandler/NonfunctionalPilot\
#        -Isource/XCategory/Hbl/acuexpacu/ACUPilotHandler/PwmHiResPilot\
#        -Isource/XCategory/Hbl/acuexpacu/ACUPilotHandler/PwmPilot\
#        -Isource/XCategory/Hbl/acuexpacu/ACUPilotHandler/SRChargePumpPilot\
#        -Isource/XCategory/Hbl/acuexpacu/ACUPilotHandler/SRDigitalOutputMultiPilot\
#        -Isource/XCategory/Hbl/acuexpacu/ACUPilotHandler/SRDigitalOutputPilot\
#        -Isource/XCategory/Hbl/acuexpacu/ACUPilotHandler/SRDoorLockEMPilot\
#        -Isource/XCategory/Hbl/acuexpacu/ACUPilotHandler/SRDoorLockWaxPilot\
#        -Isource/XCategory/Hbl/acuexpacu/ACUPilotHandler/SRUMRelayPilot\
#        -Isource/XCategory/Hbl/acuexpacu/ACUPilotHandler/SteadyPwmProfilePilot\
#        -Isource/XCategory/Hbl/acuexpacu/ACUPilotHandler/StepperPilot\
#        -Isource/XCategory/Hbl/acuexpacu/ACUPilotHandler/TriacSwitchPilot\
#        -Isource/XCategory/Hbl/acuexpacu/ACUPilotHandler/ZCRelayPilot\
#        -Isource/XCategory/Hbl/acuexpacu/ACUPilotHandler/ZCTriacPilot\
#        -Isource/XCategory/Hbl/acuexpacu/HblAcu\
#        -Isource/XCategory/Hbl/acuexpacu/HblAcu/CrossLoads\
#        -Isource/XCategory/Hbl/acuexpacu/HblAcu/SetLoadQueue\
#        -Isource/XCategory/Hbl/acuexpacu/HblAcu/SRProductMgr\
#        -Isource/XCategory/Hbl/acuexpacu/HblAcu/ZeroCross\
#        -Isource/XCategory/Hbl/all/Hbl\
#        -Isource/XCategory/Hbl/all/Hbl/DefaultPin\
#        -Isource/XCategory/Hbl/all/Hbl/HblCommon\
#        -Isource/XCategory/Hbl/all/Hbl/VirtualPin\
#        -Isource/XCategory/Hbl/all/LLIHandler/AbsoluteHumidityLLI\
#        -Isource/XCategory/Hbl/all/LLIHandler/AccelerometerLLI\
#        -Isource/XCategory/Hbl/all/LLIHandler/AccelerometerLLI/AccelBaseline\
#        -Isource/XCategory/Hbl/all/LLIHandler/AccelerometerLLI/AccelDiscover\
#        -Isource/XCategory/Hbl/all/LLIHandler/AccelerometerLLI/FXLS8974\
#        -Isource/XCategory/Hbl/all/LLIHandler/AccelerometerLLI/FXLS8974/SelfTestFXLS8974\
#        -Isource/XCategory/Hbl/all/LLIHandler/AccelerometerLLI/LISxDH\
#        -Isource/XCategory/Hbl/all/LLIHandler/AnalogLLI\
#        -Isource/XCategory/Hbl/all/LLIHandler/ConductivityLLI\
#        -Isource/XCategory/Hbl/all/LLIHandler/DigitalLLI\
#        -Isource/XCategory/Hbl/all/LLIHandler/EncoderLLI\
#        -Isource/XCategory/Hbl/all/LLIHandler/ExpansionLLI\
#        -Isource/XCategory/Hbl/all/LLIHandler/FeedbackLLI\
#        -Isource/XCategory/Hbl/all/LLIHandler/I2CInfraredLLI\
#        -Isource/XCategory/Hbl/all/LLIHandler/I2CPressureSensorLLI\
#        -Isource/XCategory/Hbl/all/LLIHandler/I2CRHTSensorLLI\
#        -Isource/XCategory/Hbl/all/LLIHandler/InputCaptureLLI\
#        -Isource/XCategory/Hbl/all/LLIHandler/MultiInputLLI\
#        -Isource/XCategory/Hbl/all/LLIHandler/NonfunctionalLLI\
#        -Isource/XCategory/Hbl/all/LLIHandler/PulseCounterLLI\
#        -Isource/XCategory/Hbl/all/LLIHandler/SRAnalogLLI\
#        -Isource/XCategory/Hbl/all/LLIHandler/SRDigitalLLI\
#        -Isource/XCategory/Hbl/all/LLIHandler/SRFeedbackLLI\
#        -Isource/XCategory/Hbl/all/LLIHandler/SRI2CPressureSensorLLI\
#        -Isource/XCategory/Hbl/all/LLIHandler/SRICTachometerLLI\
#        -Isource/XCategory/Hbl/all/LLIHandler/SRInputCaptureLLI\
#        -Isource/XCategory/Hbl/all/LLIHandler/SRTouchKeyLLI\
#        -Isource/XCategory/Hbl/all/LLIHandler/SRTriacFeedbackLLI\
#        -Isource/XCategory/Hbl/all/LLIHandler/TouchKeyLLI\
#        -Isource/XCategory/Hbl/all/LLIHandler/TouchSliderLLI\
#        -Isource/XCategory/Hbl/all/LLIHandler/TouchWheelLLI\
#        -Isource/XCategory/Hbl/all/LLIHandler/TriacFeedbackLLI\
#        -Isource/XCategory/Hbl/all/LLIHandler/VirtualDigitalLLI\
#        -Isource/XCategory/Service/all/NVData\
#        -Isource/XCategory/Service/all/Reveal\
#        -Isource/XCategory/Service/all/Win\) -l
#        listings\MoisturePreventionMonitor.lst -o
#        obj\MoisturePreventionMonitor.obj
#        source/Category/Application/acu/Monitors/MoisturePreventionMonitor/MoisturePreventionMonitor.c
#    Locale       =  English_United States.1252
#    List file    =  listings\MoisturePreventionMonitor.lst
#    Object file  =  obj\MoisturePreventionMonitor.obj
#
###############################################################################

C:\Data\Nucleus_Dev\Vostok_ACU_A\source\Category\Application\acu\Monitors\MoisturePreventionMonitor\MoisturePreventionMonitor.c
      1          /*
      2           * MoisturePreventionMonitor.c
      3           *
      4           *  Created on: 07.05.2018
      5           *      Author: WAZNYP
      6           */
      7          
      8          //-------------------------------------- Include Files ----------------------------------------------------------------
      9          #include "C_Extensions.h"
     10          #include "MoisturePreventionMonitor.h"
     11          #include "DoorMonitor.h"
     12          #include "Hbl.h"
     13          #include "NVData.h"
     14          #include "Micro.h"
     15          #include "Regulations.h"
     16          #include "Interpreter.h"
     17          #include "Selector.h"
     18          #include "String.h"
     19          #include "Fault.h"
     20          
     21          typedef enum OUTPUT_STATE_ENUM
     22          {
     23              OUTPUT_STATE_OFF = 0,
     24              OUTPUT_STATE_ON
     25          }OUTPUT_STATE_TYPE;
     26          
     27          typedef enum MP_ACTIVATED_ENUM
     28          {
     29              MP_ACTIVATED_IN_OUT_OF_CYCLE = 0,
     30              MP_ACTIVATED_IN_CYCLE,
     31          }MP_ACTIVATED_TYPE;
     32          
     33          
     34          //-------------------------------------- PUBLIC (Variables) -----------------------------------------------------------
     35          
     36          //-------------------------------------- PRIVATE (Variables, Constants & Defines) -------------------------------------
     37          
     38          #define NUMBER_OF_CALLS_PER_SECOND  (uint8)10
     39          
     40          #define KOSHER_OPTION_OFF    		1
     41          
     42          static uint8 Door_Time;
     43          // todo: consider removing MP_Step and using (SettingFileStructure.NumberOfSlots - MoisturePrevention_Steps_Left) instead
     44          static uint8 MP_Step;
     45          static uint8 Tick;
     46          static BOOL_TYPE MP_Test_POR_Time;
     47          static MP_ACTIVATED_TYPE MP_Activation_Mode; //Variable which differentiate if MP was activated inside cycle or by external cycle macro
     48          
     49          // Need to save data on a black out event
     50          #pragma location = "_appliance_segment"

   \                                 In section _appliance_segment, align 4
     51          static MoisturePreventionSettingFileStructureType SettingFileStructure;
   \                     SettingFileStructure:
   \   00000000                      DS8 16
   \   00000010                      DS8 1
   \   00000011                      DS8 1
   \   00000012                      DS8 1
   \   00000013                      DS8 1
   \   00000014                      DS8 2

   \                                 In section .bss, align 1
   \                     Door_Time:
   \   00000000                      DS8 1
   \   00000001                      DS8 1
   \   00000002                      DS8 1
   \   00000003                      DS8 1
   \   00000004                      DS8 1
   \   00000005                      DS8 1
     52          #pragma location = "_appliance_segment"
     53          static MP_STATUS_TYPE MoisturePreventionMonitorActive;
     54          #pragma location = "_appliance_segment"
     55          static uint8 MoisturePrevention_Steps_Left;
     56          #pragma location = "_appliance_segment"
     57          static uint16 MoisturePrevention_Seconds_Left;
     58          #pragma location = "_appliance_segment"
     59          static MP_PAUSE_SOURCE_TYPE MoisturePrevention_Pause_Source;
     60          
     61          static uint8 Kosher_Position;
     62          //-------------------------------------- PRIVATE (Function Prototypes) ------------------------------------------------
     63          uint16 GetSlotSeconds(uint8 slot_number);
     64          uint16 GetSlotDurationSec(SLOT_DURATION_IDX_TYPE slot_duration_idx);
     65          //=====================================================================================================================
     66          //-------------------------------------- Public Functions -------------------------------------------------------------
     67          //=====================================================================================================================
     68          
     69          
     70          
     71          //---------------------------------------------------------------------------------------------------------------------
     72          /**
     73           *  @brief      It Initializes the module FillValveStuckOn and its variables
     74           *
     75           */

   \                                 In section .text, align 2, keep-with-next
     76          void MoisturePreventionMonitor__Initialize(void)
     77          {
   \                     MoisturePreventionMonitor__Initialize: (+1)
   \   00000000   0xB538             PUSH     {R3-R5,LR}
     78              if (NVData__GetLastRestoreStatus()->Bit.Appliance_Data_Recovered != (NVDATA_RESTORE_TYPE)NVDATA_RESTORE_OKAY)
   \   00000002   0x.... 0x....      BL       NVData__GetLastRestoreStatus
   \   00000006   0x7800             LDRB     R0,[R0, #+0]
   \   00000008   0x0780             LSLS     R0,R0,#+30
   \   0000000A   0x0F80             LSRS     R0,R0,#+30
   \   0000000C   0x2801             CMP      R0,#+1
   \   0000000E   0xD003             BEQ      ??MoisturePreventionMonitor__Initialize_0
     79              {
     80                  MoisturePreventionMonitorActive = MP_DEACTIVATED;
   \   00000010   0x....             LDR      R0,??DataTable7
   \   00000012   0x2400             MOVS     R4,#+0
   \   00000014   0x8204             STRH     R4,[R0, #+16]
     81                  MoisturePrevention_Pause_Source = MP_PAUSE_INACTIVE;
   \   00000016   0x7484             STRB     R4,[R0, #+18]
     82                  MoisturePrevention_Steps_Left = 0;
     83              }
     84              if (Micro__GetResetMode() == MICRO_RESET_MODE_COLD)
   \                     ??MoisturePreventionMonitor__Initialize_0: (+1)
   \   00000018   0x....             LDR      R5,??DataTable8
   \   0000001A   0x.... 0x....      BL       Micro__GetResetMode
   \   0000001E   0x2800             CMP      R0,#+0
   \   00000020   0xD101             BNE      ??MoisturePreventionMonitor__Initialize_1
     85              {
     86                  MP_Test_POR_Time = TRUE;
   \   00000022   0x2001             MOVS     R0,#+1
   \   00000024   0x70E8             STRB     R0,[R5, #+3]
     87              }
     88              Tick = 0;
   \                     ??MoisturePreventionMonitor__Initialize_1: (+1)
   \   00000026   0x2400             MOVS     R4,#+0
   \   00000028   0x70AC             STRB     R4,[R5, #+2]
     89              Door_Time = 50;
   \   0000002A   0x2032             MOVS     R0,#+50
   \   0000002C   0x7028             STRB     R0,[R5, #+0]
     90              Kosher_Position = Regulations__GetPositionByFunctionID(FUNC_ID_KOSHER_FRIENDLY, 0);
   \   0000002E   0x4621             MOV      R1,R4
   \   00000030   0x201F             MOVS     R0,#+31
   \   00000032   0x.... 0x....      BL       Regulations__GetPositionByFunctionID
   \   00000036   0x7168             STRB     R0,[R5, #+5]
     91              
     92              MP_Activation_Mode = MP_ACTIVATED_IN_OUT_OF_CYCLE;
   \   00000038   0x712C             STRB     R4,[R5, #+4]
     93          }
   \   0000003A   0xBD31             POP      {R0,R4,R5,PC}    ;; return
     94          
     95          

   \                                 In section .text, align 2, keep-with-next
     96          void MoisturePreventionMonitor__Execution(void)
     97          {
   \                     MoisturePreventionMonitor__Execution: (+1)
   \   00000000   0xB5F0             PUSH     {R4-R7,LR}
   \   00000002   0xB083             SUB      SP,SP,#+12
     98              DOOR_STATUS_TYPE door_status;
     99              door_status = DoorMonitor__GetDoorStatus();
   \   00000004   0x.... 0x....      BL       DoorMonitor__GetDoorStatus
   \   00000008   0x9001             STR      R0,[SP, #+4]
    100          
    101          
    102              //This is to manage situation where MP is active and loads are activated but FillValveStuckOn
    103              // module is trying to deactivate them. used for END state and Programming because
    104              // we cannot start subcycle on prefault and manage this in that way
    105              if((FAULT_STATE_PRE_FAULT == Fault__GetState(FAULT_ID_FILL_VALVE_TRIAC_SHORTED)) ||
    106                 (FAULT_STATE_PRE_FAULT == Fault__GetState(FAULT_ID_FILL_VALVE_STUCK_ON)))
   \   0000000A   0x....             LDR      R7,??DataTable7
   \   0000000C   0x2007             MOVS     R0,#+7
   \   0000000E   0x.... 0x....      BL       Fault__GetState
   \   00000012   0x2802             CMP      R0,#+2
   \   00000014   0xD004             BEQ      ??MoisturePreventionMonitor__Execution_0
   \   00000016   0x2008             MOVS     R0,#+8
   \   00000018   0x.... 0x....      BL       Fault__GetState
   \   0000001C   0x2802             CMP      R0,#+2
   \   0000001E   0xD106             BNE      ??MoisturePreventionMonitor__Execution_1
    107              {
    108                  if(MoisturePreventionMonitorActive == MP_ACTIVATED)
   \                     ??MoisturePreventionMonitor__Execution_0: (+1)
   \   00000020   0x7C38             LDRB     R0,[R7, #+16]
   \   00000022   0x2802             CMP      R0,#+2
   \   00000024   0xD110             BNE      ??MoisturePreventionMonitor__Execution_2
    109                  {
    110                      MoisturePreventionMonitor__Pause(MP_PAUSE_FILLVALVE_PREFAULT);
   \   00000026   0x2002             MOVS     R0,#+2
   \   00000028   0x.... 0x....      BL       MoisturePreventionMonitor__Pause
   \   0000002C   0xE00C             B        ??MoisturePreventionMonitor__Execution_2
    111                  }
    112              }
    113              else if((Fault__GetState(FAULT_ID_FILL_VALVE_TRIAC_SHORTED) < FAULT_STATE_PRE_FAULT) &&
    114                      (Fault__GetState(FAULT_ID_FILL_VALVE_STUCK_ON) < FAULT_STATE_PRE_FAULT))
   \                     ??MoisturePreventionMonitor__Execution_1: (+1)
   \   0000002E   0x2007             MOVS     R0,#+7
   \   00000030   0x.... 0x....      BL       Fault__GetState
   \   00000034   0x2802             CMP      R0,#+2
   \   00000036   0xDA07             BGE      ??MoisturePreventionMonitor__Execution_2
   \   00000038   0x2008             MOVS     R0,#+8
   \   0000003A   0x.... 0x....      BL       Fault__GetState
   \   0000003E   0x2802             CMP      R0,#+2
   \   00000040   0xDA02             BGE      ??MoisturePreventionMonitor__Execution_2
    115              {
    116          
    117                  MoisturePreventionMonitor__Resume(MP_PAUSE_FILLVALVE_PREFAULT);
   \   00000042   0x2002             MOVS     R0,#+2
   \   00000044   0x.... 0x....      BL       MoisturePreventionMonitor__Resume
   \                     ??MoisturePreventionMonitor__Execution_2: (+1)
   \   00000048   0x....             LDR      R0,??DataTable8
   \   0000004A   0x7800             LDRB     R0,[R0, #+0]
   \   0000004C   0x2400             MOVS     R4,#+0
   \   0000004E   0x0001             MOVS     R1,R0
   \   00000050   0xD102             BNE      ??MoisturePreventionMonitor__Execution_3
    118              }
    119          
    120          
    121          
    122              if (Door_Time == (uint8)0)
    123              {
    124                  MoisturePreventionMonitorActive = MP_DEACTIVATED;
   \   00000052   0x0020             MOVS     R0,R4
   \   00000054   0x7438             STRB     R0,[R7, #+16]
   \   00000056   0xE002             B        ??MoisturePreventionMonitor__Execution_4
    125              }
    126              else
    127              {
    128                  Door_Time--;
   \                     ??MoisturePreventionMonitor__Execution_3: (+1)
   \   00000058   0x1E40             SUBS     R0,R0,#+1
   \   0000005A   0x....             LDR      R1,??DataTable8
   \   0000005C   0x7008             STRB     R0,[R1, #+0]
    129              }
    130          
    131              if (DOOR_STATUS_CLOSE == door_status)
   \                     ??MoisturePreventionMonitor__Execution_4: (+1)
   \   0000005E   0x9801             LDR      R0,[SP, #+4]
   \   00000060   0x2801             CMP      R0,#+1
   \   00000062   0xD102             BNE      ??MoisturePreventionMonitor__Execution_5
    132              {
    133                  Door_Time = 50;
   \   00000064   0x2032             MOVS     R0,#+50
   \   00000066   0x....             LDR      R1,??DataTable8
   \   00000068   0x7008             STRB     R0,[R1, #+0]
    134              }
    135          
    136          
    137              if ((uint8)MP_Test_POR_Time == (uint8)TRUE)
   \                     ??MoisturePreventionMonitor__Execution_5: (+1)
   \   0000006A   0x....             LDR      R0,??DataTable8
   \   0000006C   0x78C0             LDRB     R0,[R0, #+3]
   \   0000006E   0x2801             CMP      R0,#+1
   \   00000070   0xD122             BNE      ??MoisturePreventionMonitor__Execution_6
    138              {
    139                  uint8 por_input_gi_index;
    140                  uint8 por_input_sequence_id;
    141                  BOOL_TYPE wait_por_input;
    142                  POR_TIME_STATUS_TYPE last_por_time_status;
    143          
    144                  last_por_time_status = POR_TIME_STATUS_LONG;
   \   00000072   0x2601             MOVS     R6,#+1
   \   00000074   0x0035             MOVS     R5,R6
    145          
    146                  por_input_gi_index = Hbl__GetGIIndexByGIID(HBL_GI_ENTRAPMENT_INPUT_POR);
   \   00000076   0x2015             MOVS     R0,#+21
   \   00000078   0x.... 0x....      BL       Hbl__GetGIIndexByGIID
   \   0000007C   0x4669             MOV      R1,SP
   \   0000007E   0x7008             STRB     R0,[R1, #+0]
    147                  if (por_input_gi_index != (uint8)HBL_INDEX_INVALID)
   \   00000080   0x4668             MOV      R0,SP
   \   00000082   0x7800             LDRB     R0,[R0, #+0]
   \   00000084   0x28FF             CMP      R0,#+255
   \   00000086   0xD00C             BEQ      ??MoisturePreventionMonitor__Execution_7
    148                  {
    149                      por_input_sequence_id = Hbl__GetGISequenceIDByIndex(por_input_gi_index);
    150          
    151                      if (por_input_sequence_id > (uint8)0)
   \   00000088   0x4668             MOV      R0,SP
   \   0000008A   0x7800             LDRB     R0,[R0, #+0]
   \   0000008C   0x.... 0x....      BL       Hbl__GetGISequenceIDByIndex
   \   00000090   0x2800             CMP      R0,#+0
   \   00000092   0xD007             BEQ      ??MoisturePreventionMonitor__Execution_8
    152                      {
    153                          wait_por_input = FALSE;
   \   00000094   0x0026             MOVS     R6,R4
    154                          last_por_time_status = (POR_TIME_STATUS_TYPE)Hbl__GetGIDataConvertedByIndex(por_input_gi_index);
   \   00000096   0x4668             MOV      R0,SP
   \   00000098   0x7800             LDRB     R0,[R0, #+0]
   \   0000009A   0x.... 0x....      BL       Hbl__GetGIDataConvertedByIndex
   \   0000009E   0x0005             MOVS     R5,R0
   \   000000A0   0xE000             B        ??MoisturePreventionMonitor__Execution_8
    155                      }
    156                      else
    157                      {
    158                          wait_por_input = TRUE;
    159                      }
    160                  }
    161                  else
    162                  {
    163                      wait_por_input = FALSE;
   \                     ??MoisturePreventionMonitor__Execution_7: (+1)
   \   000000A2   0x0026             MOVS     R6,R4
    164                  }
    165          
    166                  if (wait_por_input == FALSE)
   \                     ??MoisturePreventionMonitor__Execution_8: (+1)
   \   000000A4   0x2E00             CMP      R6,#+0
   \   000000A6   0xD107             BNE      ??MoisturePreventionMonitor__Execution_6
    167                  {
    168                      if (last_por_time_status == POR_TIME_STATUS_LONG)
   \   000000A8   0xB2ED             UXTB     R5,R5
   \   000000AA   0x2D01             CMP      R5,#+1
   \   000000AC   0xD101             BNE      ??MoisturePreventionMonitor__Execution_9
    169                      {
    170                          MoisturePreventionMonitorActive = MP_DEACTIVATED;
   \   000000AE   0x0020             MOVS     R0,R4
   \   000000B0   0x7438             STRB     R0,[R7, #+16]
    171                      }
    172                      MP_Test_POR_Time = FALSE;
   \                     ??MoisturePreventionMonitor__Execution_9: (+1)
   \   000000B2   0x0020             MOVS     R0,R4
   \   000000B4   0x....             LDR      R1,??DataTable8
   \   000000B6   0x70C8             STRB     R0,[R1, #+3]
    173                  }
    174              }
    175          
    176              if (Kosher_Position != (uint8)REGULATION_INVALID)
   \                     ??MoisturePreventionMonitor__Execution_6: (+1)
   \   000000B8   0x....             LDR      R0,??DataTable8
   \   000000BA   0x7940             LDRB     R0,[R0, #+5]
   \   000000BC   0x28FF             CMP      R0,#+255
   \   000000BE   0xD005             BEQ      ??MoisturePreventionMonitor__Execution_10
    177              {
    178                  if (Regulations__GetIndexValueByPosition(Kosher_Position) > (uint8)KOSHER_OPTION_OFF)
   \   000000C0   0x.... 0x....      BL       Regulations__GetIndexValueByPosition
   \   000000C4   0x2802             CMP      R0,#+2
   \   000000C6   0xDB01             BLT      ??MoisturePreventionMonitor__Execution_10
    179                  {
    180                      MoisturePreventionMonitorActive = MP_DEACTIVATED;
   \   000000C8   0x0020             MOVS     R0,R4
   \   000000CA   0x7438             STRB     R0,[R7, #+16]
    181                  }
    182              }
    183          
    184              if (MoisturePreventionMonitorActive == MP_ACTIVATED)
   \                     ??MoisturePreventionMonitor__Execution_10: (+1)
   \   000000CC   0x7C38             LDRB     R0,[R7, #+16]
   \   000000CE   0x2802             CMP      R0,#+2
   \   000000D0   0xD14B             BNE      ??MoisturePreventionMonitor__Execution_11
    185              {
    186                  OUTPUT_STATE_TYPE output_state;
    187          
    188                  if ((MoisturePrevention_Seconds_Left > 0U) && (DOOR_STATUS_CLOSE == door_status))
   \   000000D2   0x8AB8             LDRH     R0,[R7, #+20]
   \   000000D4   0x0001             MOVS     R1,R0
   \   000000D6   0xD010             BEQ      ??MoisturePreventionMonitor__Execution_12
   \   000000D8   0x9901             LDR      R1,[SP, #+4]
   \   000000DA   0x2901             CMP      R1,#+1
   \   000000DC   0xD10D             BNE      ??MoisturePreventionMonitor__Execution_12
    189                  {
    190                      Tick++;
   \   000000DE   0x....             LDR      R1,??DataTable8
   \   000000E0   0x7889             LDRB     R1,[R1, #+2]
   \   000000E2   0x1C49             ADDS     R1,R1,#+1
   \   000000E4   0x....             LDR      R2,??DataTable8
   \   000000E6   0x7091             STRB     R1,[R2, #+2]
    191                      if (Tick >= NUMBER_OF_CALLS_PER_SECOND)
   \   000000E8   0xB2C9             UXTB     R1,R1
   \   000000EA   0x290A             CMP      R1,#+10
   \   000000EC   0xDB13             BLT      ??MoisturePreventionMonitor__Execution_13
    192                      {
    193                          MoisturePrevention_Seconds_Left--;
   \   000000EE   0x1E40             SUBS     R0,R0,#+1
   \   000000F0   0x82B8             STRH     R0,[R7, #+20]
    194                          Tick = 0;
   \   000000F2   0x0020             MOVS     R0,R4
   \   000000F4   0x4611             MOV      R1,R2
   \   000000F6   0x7088             STRB     R0,[R1, #+2]
   \   000000F8   0xE00D             B        ??MoisturePreventionMonitor__Execution_13
    195                      }
    196                  }
    197                  else if (MoisturePrevention_Seconds_Left == 0U)
   \                     ??MoisturePreventionMonitor__Execution_12: (+1)
   \   000000FA   0x2800             CMP      R0,#+0
   \   000000FC   0xD10B             BNE      ??MoisturePreventionMonitor__Execution_13
    198                  {
    199                      MP_Step++;
   \   000000FE   0x....             LDR      R0,??DataTable8
   \   00000100   0x7840             LDRB     R0,[R0, #+1]
   \   00000102   0x1C40             ADDS     R0,R0,#+1
   \   00000104   0x....             LDR      R1,??DataTable8
   \   00000106   0x7048             STRB     R0,[R1, #+1]
    200                      MoisturePrevention_Steps_Left--;
   \   00000108   0x7C79             LDRB     R1,[R7, #+17]
   \   0000010A   0x1E49             SUBS     R1,R1,#+1
   \   0000010C   0x7479             STRB     R1,[R7, #+17]
    201                      MoisturePrevention_Seconds_Left = GetSlotSeconds(MP_Step);
   \   0000010E   0xB2C0             UXTB     R0,R0
   \   00000110   0x.... 0x....      BL       GetSlotSeconds
   \   00000114   0x82B8             STRH     R0,[R7, #+20]
    202                  }
    203                  else
    204                  {
    205                      // nothing to do
    206                  }
    207          
    208                  if (((uint8)0 == MoisturePrevention_Steps_Left) && (0U == MoisturePrevention_Seconds_Left))
   \                     ??MoisturePreventionMonitor__Execution_13: (+1)
   \   00000116   0x7C78             LDRB     R0,[R7, #+17]
   \   00000118   0x2800             CMP      R0,#+0
   \   0000011A   0xD104             BNE      ??MoisturePreventionMonitor__Execution_14
   \   0000011C   0x8AB8             LDRH     R0,[R7, #+20]
   \   0000011E   0x2800             CMP      R0,#+0
   \   00000120   0xD101             BNE      ??MoisturePreventionMonitor__Execution_14
    209                  {
    210                      MoisturePreventionMonitorActive = MP_DEACTIVATED;
   \   00000122   0x0020             MOVS     R0,R4
   \   00000124   0x7438             STRB     R0,[R7, #+16]
    211                  }
    212                  // in EOC, door open should OFF the FAN
    213                  if ( (((SettingFileStructure.FanStatusBitMap >> MP_Step) & 0x0001U) != 0U) && (DOOR_STATUS_CLOSE == door_status))
   \                     ??MoisturePreventionMonitor__Execution_14: (+1)
   \   00000126   0x2601             MOVS     R6,#+1
   \   00000128   0x88B8             LDRH     R0,[R7, #+4]
   \   0000012A   0x....             LDR      R1,??DataTable8
   \   0000012C   0x7849             LDRB     R1,[R1, #+1]
   \   0000012E   0x4108             ASRS     R0,R0,R1
   \   00000130   0x4030             ANDS     R0,R0,R6
   \   00000132   0xD005             BEQ      ??MoisturePreventionMonitor__Execution_15
   \   00000134   0x9801             LDR      R0,[SP, #+4]
   \   00000136   0x2801             CMP      R0,#+1
   \   00000138   0xD102             BNE      ??MoisturePreventionMonitor__Execution_15
    214                  {
    215                      output_state = OUTPUT_STATE_ON;
   \   0000013A   0x4668             MOV      R0,SP
   \   0000013C   0x7006             STRB     R6,[R0, #+0]
   \   0000013E   0xE001             B        ??MoisturePreventionMonitor__Execution_16
    216                  }
    217                  else
    218                  {
    219                      output_state = OUTPUT_STATE_OFF;
   \                     ??MoisturePreventionMonitor__Execution_15: (+1)
   \   00000140   0x4668             MOV      R0,SP
   \   00000142   0x7004             STRB     R4,[R0, #+0]
    220                  }
    221                  (void)Hbl__SetLoadRequestByLoadID(HBL_LOAD_DRY_FAN, HBL_PRIORITY_APPLICATION_HI, (uint8 *) &output_state);
   \                     ??MoisturePreventionMonitor__Execution_16: (+1)
   \   00000144   0x466A             MOV      R2,SP
   \   00000146   0x2103             MOVS     R1,#+3
   \   00000148   0x2060             MOVS     R0,#+96
   \   0000014A   0x.... 0x....      BL       Hbl__SetLoadRequestByLoadID
    222          
    223                  if (((SettingFileStructure.VentStatusBitMap >> MP_Step) & 0x0001U) != 0U)
    224                  {
    225                      output_state = OUTPUT_STATE_ON;
    226                  }
    227                  else
    228                  {
    229                      output_state = OUTPUT_STATE_OFF;
   \   0000014E   0x8878             LDRH     R0,[R7, #+2]
   \   00000150   0x....             LDR      R1,??DataTable8
   \   00000152   0x7849             LDRB     R1,[R1, #+1]
   \   00000154   0x4108             ASRS     R0,R0,R1
   \   00000156   0x0001             MOVS     R1,R0
   \   00000158   0x07C9             LSLS     R1,R1,#+31
   \   0000015A   0x0FC9             LSRS     R1,R1,#+31
   \   0000015C   0x4668             MOV      R0,SP
   \   0000015E   0x7001             STRB     R1,[R0, #+0]
    230                  }
    231                  (void)Hbl__SetLoadRequestByLoadID(HBL_LOAD_VENT, HBL_PRIORITY_APPLICATION_HI, (uint8 *) &output_state);
   \   00000160   0x466A             MOV      R2,SP
   \   00000162   0x2103             MOVS     R1,#+3
   \   00000164   0x2024             MOVS     R0,#+36
   \   00000166   0x.... 0x....      BL       Hbl__SetLoadRequestByLoadID
    232          
    233              }
    234          
    235          }
   \                     ??MoisturePreventionMonitor__Execution_11: (+1)
   \   0000016A   0xBDF7             POP      {R0-R2,R4-R7,PC}  ;; return
    236          

   \                                 In section .text, align 2, keep-with-next
    237          void MoisturePreventionMonitor__Activate(MoisturePreventionSettingFileStructureType* SF)
    238          {
   \                     MoisturePreventionMonitor__Activate: (+1)
   \   00000000   0xB5F8             PUSH     {R3-R7,LR}
   \   00000002   0x0005             MOVS     R5,R0
    239              CYCLE_PHASE_STATEMENT_TYPE cps = Interpreter__GetCurrentStatement(COMPARTMENT_DEFAULT);
   \   00000004   0x2000             MOVS     R0,#+0
   \   00000006   0x.... 0x....      BL       Interpreter__GetCurrentStatement
   \   0000000A   0x9000             STR      R0,[SP, #+0]
    240              CYCLE_STATE_TYPE label = (Selector__GetCycleState(0, COMPARTMENT_DEFAULT, cps.Cycle));
    241          
    242              if(label == CYCLE_STATE_RUN)
   \   0000000C   0x....             LDR      R6,??DataTable8
   \   0000000E   0x2700             MOVS     R7,#+0
   \   00000010   0x4668             MOV      R0,SP
   \   00000012   0x7802             LDRB     R2,[R0, #+0]
   \   00000014   0x4639             MOV      R1,R7
   \   00000016   0x4608             MOV      R0,R1
   \   00000018   0x.... 0x....      BL       Selector__GetCycleState
   \   0000001C   0x2801             CMP      R0,#+1
   \   0000001E   0xD102             BNE      ??MoisturePreventionMonitor__Activate_0
    243              {
    244                  MP_Activation_Mode = MP_ACTIVATED_IN_CYCLE;
   \   00000020   0x2001             MOVS     R0,#+1
   \   00000022   0x7130             STRB     R0,[R6, #+4]
   \   00000024   0xE000             B        ??MoisturePreventionMonitor__Activate_1
    245              }
    246              else
    247              {
    248                  MP_Activation_Mode = MP_ACTIVATED_IN_OUT_OF_CYCLE;
   \                     ??MoisturePreventionMonitor__Activate_0: (+1)
   \   00000026   0x7137             STRB     R7,[R6, #+4]
    249              }
    250          
    251              SettingFileStructure.SlotDuration = SF->SlotDuration;
   \                     ??MoisturePreventionMonitor__Activate_1: (+1)
   \   00000028   0x7828             LDRB     R0,[R5, #+0]
   \   0000002A   0x0740             LSLS     R0,R0,#+29
   \   0000002C   0x0F40             LSRS     R0,R0,#+29
   \   0000002E   0x....             LDR      R4,??DataTable7
   \   00000030   0x7821             LDRB     R1,[R4, #+0]
   \   00000032   0x22F8             MOVS     R2,#+248
   \   00000034   0x400A             ANDS     R2,R2,R1
   \   00000036   0x4310             ORRS     R0,R0,R2
   \   00000038   0x7020             STRB     R0,[R4, #+0]
    252              SettingFileStructure.SlotDurationSplitted = SF->SlotDurationSplitted;
   \   0000003A   0x7829             LDRB     R1,[R5, #+0]
   \   0000003C   0x000A             MOVS     R2,R1
   \   0000003E   0x08D2             LSRS     R2,R2,#+3
   \   00000040   0x0011             MOVS     R1,R2
   \   00000042   0x07C9             LSLS     R1,R1,#+31
   \   00000044   0x0FC9             LSRS     R1,R1,#+31
   \   00000046   0x22F7             MOVS     R2,#+247
   \   00000048   0x4002             ANDS     R2,R2,R0
   \   0000004A   0x00C9             LSLS     R1,R1,#+3
   \   0000004C   0x4311             ORRS     R1,R1,R2
   \   0000004E   0x7021             STRB     R1,[R4, #+0]
    253              SettingFileStructure.NumberOfSlots = SF->NumberOfSlots;
   \   00000050   0x7828             LDRB     R0,[R5, #+0]
   \   00000052   0x0002             MOVS     R2,R0
   \   00000054   0x0912             LSRS     R2,R2,#+4
   \   00000056   0x200F             MOVS     R0,#+15
   \   00000058   0x4001             ANDS     R1,R1,R0
   \   0000005A   0x0112             LSLS     R2,R2,#+4
   \   0000005C   0x430A             ORRS     R2,R2,R1
   \   0000005E   0x7022             STRB     R2,[R4, #+0]
    254              SettingFileStructure.FanOFFSpeed = SF->FanOFFSpeed;
   \   00000060   0x7869             LDRB     R1,[R5, #+1]
   \   00000062   0x4001             ANDS     R1,R1,R0
   \   00000064   0x7862             LDRB     R2,[R4, #+1]
   \   00000066   0x23F0             MOVS     R3,#+240
   \   00000068   0x4013             ANDS     R3,R3,R2
   \   0000006A   0x4319             ORRS     R1,R1,R3
   \   0000006C   0x7061             STRB     R1,[R4, #+1]
    255              SettingFileStructure.FanONSpeed = SF->FanONSpeed;
   \   0000006E   0x786A             LDRB     R2,[R5, #+1]
   \   00000070   0x0912             LSRS     R2,R2,#+4
   \   00000072   0x4008             ANDS     R0,R0,R1
   \   00000074   0x0111             LSLS     R1,R2,#+4
   \   00000076   0x4301             ORRS     R1,R1,R0
   \   00000078   0x7061             STRB     R1,[R4, #+1]
    256              SettingFileStructure.VentStatusBitMap = SF->VentStatusBitMap;
   \   0000007A   0x78A8             LDRB     R0,[R5, #+2]
   \   0000007C   0x78E9             LDRB     R1,[R5, #+3]
   \   0000007E   0x0609             LSLS     R1,R1,#+24
   \   00000080   0x0C09             LSRS     R1,R1,#+16
   \   00000082   0x4308             ORRS     R0,R0,R1
   \   00000084   0x8060             STRH     R0,[R4, #+2]
    257              SettingFileStructure.FanStatusBitMap = SF->FanStatusBitMap;
   \   00000086   0x7928             LDRB     R0,[R5, #+4]
   \   00000088   0x7969             LDRB     R1,[R5, #+5]
   \   0000008A   0x0609             LSLS     R1,R1,#+24
   \   0000008C   0x0C09             LSRS     R1,R1,#+16
   \   0000008E   0x4308             ORRS     R0,R0,R1
   \   00000090   0x80A0             STRH     R0,[R4, #+4]
    258          
    259              memcpy(&SettingFileStructure.SlotDurationBank[0], &SF->SlotDurationBank[0], sizeof(SettingFileStructure.SlotDurationBank));
   \   00000092   0x2208             MOVS     R2,#+8
   \   00000094   0x1DA9             ADDS     R1,R5,#+6
   \   00000096   0x1DA0             ADDS     R0,R4,#+6
   \   00000098   0x.... 0x....      BL       __aeabi_memcpy
    260          
    261              Door_Time = 50;
   \   0000009C   0x2032             MOVS     R0,#+50
   \   0000009E   0x7030             STRB     R0,[R6, #+0]
    262              MP_Step = 0;
   \   000000A0   0x7077             STRB     R7,[R6, #+1]
    263              MoisturePrevention_Steps_Left = SettingFileStructure.NumberOfSlots;
   \   000000A2   0x7820             LDRB     R0,[R4, #+0]
   \   000000A4   0x0900             LSRS     R0,R0,#+4
   \   000000A6   0x7460             STRB     R0,[R4, #+17]
    264              MoisturePrevention_Seconds_Left = GetSlotSeconds(MP_Step);
   \   000000A8   0x4638             MOV      R0,R7
   \   000000AA   0x.... 0x....      BL       GetSlotSeconds
   \   000000AE   0x82A0             STRH     R0,[R4, #+20]
    265              Tick = 0;
   \   000000B0   0x70B7             STRB     R7,[R6, #+2]
    266              MoisturePreventionMonitorActive = MP_ACTIVATED;
   \   000000B2   0x2002             MOVS     R0,#+2
   \   000000B4   0x7420             STRB     R0,[R4, #+16]
    267          }
   \   000000B6   0xBDF1             POP      {R0,R4-R7,PC}    ;; return
    268          

   \                                 In section .text, align 2, keep-with-next
    269          void MoisturePreventionMonitor__Deactivate(void)
    270          {
   \                     MoisturePreventionMonitor__Deactivate: (+1)
   \   00000000   0xB580             PUSH     {R7,LR}
    271              CYCLE_PHASE_STATEMENT_TYPE cps = Interpreter__GetCurrentStatement(COMPARTMENT_DEFAULT);
   \   00000002   0x2000             MOVS     R0,#+0
   \   00000004   0x.... 0x....      BL       Interpreter__GetCurrentStatement
   \   00000008   0x9000             STR      R0,[SP, #+0]
    272              CYCLE_STATE_TYPE label = (Selector__GetCycleState(0, COMPARTMENT_DEFAULT, cps.Cycle));
   \   0000000A   0x4668             MOV      R0,SP
   \   0000000C   0x7802             LDRB     R2,[R0, #+0]
   \   0000000E   0x2100             MOVS     R1,#+0
   \   00000010   0x4608             MOV      R0,R1
   \   00000012   0x.... 0x....      BL       Selector__GetCycleState
   \   00000016   0x....             LDR      R1,??DataTable8
   \   00000018   0x7909             LDRB     R1,[R1, #+4]
   \   0000001A   0x2901             CMP      R1,#+1
   \   0000001C   0xD103             BNE      ??MoisturePreventionMonitor__Deactivate_0
    273          
    274              if (MP_Activation_Mode == MP_ACTIVATED_IN_CYCLE) //If MP was activated in cycle we want to stop it all the time
    275              {
    276                  MoisturePreventionMonitorActive = MP_DEACTIVATED;
   \   0000001E   0x2000             MOVS     R0,#+0
   \   00000020   0x....             LDR      R1,??DataTable7
   \   00000022   0x7408             STRB     R0,[R1, #+16]
   \   00000024   0xBD01             POP      {R0,PC}
    277              }
    278              else if((MP_Activation_Mode == MP_ACTIVATED_IN_OUT_OF_CYCLE) &&
    279                      (label != CYCLE_STATE_PROGRAMMING))
   \                     ??MoisturePreventionMonitor__Deactivate_0: (+1)
   \   00000026   0x2900             CMP      R1,#+0
   \   00000028   0xD104             BNE      ??MoisturePreventionMonitor__Deactivate_1
   \   0000002A   0x2800             CMP      R0,#+0
   \   0000002C   0xD002             BEQ      ??MoisturePreventionMonitor__Deactivate_1
    280              {
    281                  MoisturePreventionMonitorActive = MP_DEACTIVATED; //short door opening in END state should not deactivate MP
   \   0000002E   0x2000             MOVS     R0,#+0
   \   00000030   0x....             LDR      R1,??DataTable7
   \   00000032   0x7408             STRB     R0,[R1, #+16]
    282              }
    283          }
   \                     ??MoisturePreventionMonitor__Deactivate_1: (+1)
   \   00000034   0xBD01             POP      {R0,PC}          ;; return
    284          

   \                                 In section .text, align 2, keep-with-next
    285          void MoisturePreventionMonitor__Pause(MP_PAUSE_SOURCE_TYPE source)
    286          {
    287          
    288              if(MoisturePrevention_Pause_Source == MP_PAUSE_INACTIVE)
   \                     MoisturePreventionMonitor__Pause: (+1)
   \   00000000   0x....             LDR      R1,??DataTable7
   \   00000002   0x7C8A             LDRB     R2,[R1, #+18]
   \   00000004   0x0013             MOVS     R3,R2
   \   00000006   0xD101             BNE      ??MoisturePreventionMonitor__Pause_0
    289              {
    290                  MoisturePrevention_Pause_Source = source;
   \   00000008   0x7488             STRB     R0,[R1, #+18]
   \   0000000A   0xE004             B        ??MoisturePreventionMonitor__Pause_1
    291              }
    292              else
    293              {
    294                  //If another source have a higher priority we need to allow to overide
    295                  if(MoisturePrevention_Pause_Source < source)
   \                     ??MoisturePreventionMonitor__Pause_0: (+1)
   \   0000000C   0x0003             MOVS     R3,R0
   \   0000000E   0x429A             CMP      R2,R3
   \   00000010   0xD200             BCS      ??MoisturePreventionMonitor__Pause_2
   \   00000012   0x001A             MOVS     R2,R3
   \                     ??MoisturePreventionMonitor__Pause_2: (+1)
   \   00000014   0x748A             STRB     R2,[R1, #+18]
    296                  {
    297                      MoisturePrevention_Pause_Source = source;
    298                  }
    299              }
    300          
    301              if (MoisturePreventionMonitorActive == MP_ACTIVATED)
   \                     ??MoisturePreventionMonitor__Pause_1: (+1)
   \   00000016   0x7C08             LDRB     R0,[R1, #+16]
   \   00000018   0x2802             CMP      R0,#+2
   \   0000001A   0xD101             BNE      ??MoisturePreventionMonitor__Pause_3
    302              {
    303                  MoisturePreventionMonitorActive = MP_PAUSED;
   \   0000001C   0x2001             MOVS     R0,#+1
   \   0000001E   0x7408             STRB     R0,[R1, #+16]
    304              }
    305          }
   \                     ??MoisturePreventionMonitor__Pause_3: (+1)
   \   00000020   0x4770             BX       LR               ;; return
    306          

   \                                 In section .text, align 2, keep-with-next
    307          MP_STATUS_TYPE MoisturePreventionMonitor__GetStatus(void)
    308          {
    309              return MoisturePreventionMonitorActive;
   \                     MoisturePreventionMonitor__GetStatus: (+1)
   \   00000000   0x....             LDR      R0,??DataTable7
   \   00000002   0x7C00             LDRB     R0,[R0, #+16]
   \   00000004   0x4770             BX       LR               ;; return
    310          }
    311          

   \                                 In section .text, align 2, keep-with-next
    312          void MoisturePreventionMonitor__CycleStarted(void)
    313          {
    314              MoisturePreventionMonitorActive = MP_DEACTIVATED;
   \                     MoisturePreventionMonitor__CycleStarted: (+1)
   \   00000000   0x2000             MOVS     R0,#+0
   \   00000002   0x....             LDR      R1,??DataTable7
   \   00000004   0x7408             STRB     R0,[R1, #+16]
    315          }
   \   00000006   0x4770             BX       LR               ;; return
    316          

   \                                 In section .text, align 2, keep-with-next
    317          void MoisturePreventionMonitor__Resume(MP_PAUSE_SOURCE_TYPE source)
    318          {
    319              if(MoisturePrevention_Pause_Source == source)
   \                     MoisturePreventionMonitor__Resume: (+1)
   \   00000000   0x....             LDR      R1,??DataTable7
   \   00000002   0x7C8A             LDRB     R2,[R1, #+18]
   \   00000004   0x4282             CMP      R2,R0
   \   00000006   0xD106             BNE      ??MoisturePreventionMonitor__Resume_0
    320              {
    321                  if (MoisturePreventionMonitorActive == MP_PAUSED)
   \   00000008   0x7C08             LDRB     R0,[R1, #+16]
   \   0000000A   0x2801             CMP      R0,#+1
   \   0000000C   0xD101             BNE      ??MoisturePreventionMonitor__Resume_1
    322                  {
    323                      MoisturePreventionMonitorActive = MP_ACTIVATED;
   \   0000000E   0x2002             MOVS     R0,#+2
   \   00000010   0x7408             STRB     R0,[R1, #+16]
    324                  }
    325          
    326                  MoisturePrevention_Pause_Source = MP_PAUSE_INACTIVE;
   \                     ??MoisturePreventionMonitor__Resume_1: (+1)
   \   00000012   0x2000             MOVS     R0,#+0
   \   00000014   0x7488             STRB     R0,[R1, #+18]
    327              }
    328          }
   \                     ??MoisturePreventionMonitor__Resume_0: (+1)
   \   00000016   0x4770             BX       LR               ;; return
    329          
    330          
    331          //---------------------------------------------------------------------------------------------------------------------
    332          /**
    333           *
    334           * @brief    Return amount of seconds for specified slot based on SettingFile settings.
    335           *             This function should be used in other part of this module to estimate slot time
    336           *
    337           * @param slot_number - slot id
    338           * @return number of seconds for slot
    339           */

   \                                 In section .text, align 2, keep-with-next
    340          uint16 GetSlotSeconds(uint8 slot_number)
    341          {
   \                     GetSlotSeconds: (+1)
   \   00000000   0xB580             PUSH     {R7,LR}
    342              SLOT_DURATION_IDX_TYPE slot_duration;
    343          
    344              if((uint8)SettingFileStructure.SlotDurationSplitted == (uint8)TRUE)
   \   00000002   0x....             LDR      R1,??DataTable8_1
   \   00000004   0x780A             LDRB     R2,[R1, #+0]
   \   00000006   0x0013             MOVS     R3,R2
   \   00000008   0x08DB             LSRS     R3,R3,#+3
   \   0000000A   0x07DB             LSLS     R3,R3,#+31
   \   0000000C   0xD50A             BPL      ??GetSlotSeconds_0
    345              {
    346                  uint8 data;
    347          
    348                  //calculate index and extract byte from 64bit variable
    349                  data = SettingFileStructure.SlotDurationBank[(slot_number >> 1)];
   \   0000000E   0x1042             ASRS     R2,R0,#+1
   \   00000010   0x1889             ADDS     R1,R1,R2
   \   00000012   0x7989             LDRB     R1,[R1, #+6]
    350          
    351                  if((slot_number % (uint8)2) == (uint8)0)
   \   00000014   0x07C0             LSLS     R0,R0,#+31
   \   00000016   0xD402             BMI      ??GetSlotSeconds_1
    352                  {
    353                      //Get HIGH half-byte in case of even number
    354                      data = (data >> (uint8)4) & (uint8)0x0F;
   \   00000018   0x0008             MOVS     R0,R1
   \   0000001A   0x0900             LSRS     R0,R0,#+4
   \   0000001C   0xE004             B        ??GetSlotSeconds_2
    355                  }
    356                  else
    357                  {
    358                      //Get LOW half-byte in case of odd number
    359                      data = (data >> (uint8)0) & (uint8)0x0F;
   \                     ??GetSlotSeconds_1: (+1)
   \   0000001E   0x0708             LSLS     R0,R1,#+28
   \   00000020   0x0F00             LSRS     R0,R0,#+28
    360                  }
    361          
    362                  slot_duration = (SLOT_DURATION_IDX_TYPE) data;
   \   00000022   0xE001             B        ??GetSlotSeconds_2
    363              }
    364              else
    365              {
    366                  slot_duration = (SLOT_DURATION_IDX_TYPE)SettingFileStructure.SlotDuration;
   \                     ??GetSlotSeconds_0: (+1)
   \   00000024   0x0750             LSLS     R0,R2,#+29
   \   00000026   0x0F40             LSRS     R0,R0,#+29
    367              }
    368          
    369              return GetSlotDurationSec(slot_duration);
   \                     ??GetSlotSeconds_2: (+1)
   \   00000028   0x.... 0x....      BL       GetSlotDurationSec
   \   0000002C   0xBD02             POP      {R1,PC}          ;; return
    370          }
    371          
    372          /**
    373           * @brief    Function which translate logical slot duration index to numeric value
    374           *
    375           * @param slot_duration_idx - SettingFile index of slot duration
    376           * @return numeric value of specified slot index
    377           */

   \                                 In section .text, align 4, keep-with-next
    378          uint16 GetSlotDurationSec(SLOT_DURATION_IDX_TYPE slot_duration_idx)
    379          {
    380          	uint16 retval;
    381              switch (slot_duration_idx)
   \                     GetSlotDurationSec: (+1)
   \   00000000   0x2808             CMP      R0,#+8
   \   00000002   0xD81E             BHI      ??GetSlotDurationSec_1
   \   00000004   0xA101             ADR      R1,??GetSlotDurationSec_0
   \   00000006   0x5C09             LDRB     R1,[R1, R0]
   \   00000008   0x448F             ADD      PC,PC,R1
   \   0000000A   0xBF00             Nop      
   \                     ??GetSlotDurationSec_0:
   \   0000000C   0x0A 0x0E          DC8      0xA,0xE,0x36,0x12
   \              0x36 0x12    
   \   00000010   0x18 0x1E          DC8      0x18,0x1E,0x24,0x2A
   \              0x24 0x2A    
   \   00000014   0x30 0x00          DC8      0x30,0x0
    382              {
    383                  case SLOT_DURATION_60_SEC:
    384                      retval = 60;
   \                     ??GetSlotDurationSec_2: (+1)
   \   00000016   0x203C             MOVS     R0,#+60
    385                      break;
   \   00000018   0x4770             BX       LR
    386                  case SLOT_DURATION_120_SEC:
    387                      retval =  120;
   \                     ??GetSlotDurationSec_3: (+1)
   \   0000001A   0x2078             MOVS     R0,#+120
    388                      break;
   \   0000001C   0x4770             BX       LR
    389                  case SLOT_DURATION_300_SEC:
    390                      retval = 300;
    391                     break;
    392                  case SLOT_DURATION_600_SEC:
    393                      retval = 600;
   \                     ??GetSlotDurationSec_4: (+1)
   \   0000001E   0x2096             MOVS     R0,#+150
   \   00000020   0x0080             LSLS     R0,R0,#+2        ;; #+600
    394                      break;
   \   00000022   0x4770             BX       LR
    395                  case SLOT_DURATION_900_SEC:
    396                      retval = 900;
   \                     ??GetSlotDurationSec_5: (+1)
   \   00000024   0x20E1             MOVS     R0,#+225
   \   00000026   0x0080             LSLS     R0,R0,#+2        ;; #+900
    397                      break;
   \   00000028   0x4770             BX       LR
    398                  case SLOT_DURATION_1200_SEC:
    399                      retval = 1200;
   \                     ??GetSlotDurationSec_6: (+1)
   \   0000002A   0x2096             MOVS     R0,#+150
   \   0000002C   0x00C0             LSLS     R0,R0,#+3        ;; #+1200
    400                      break;
   \   0000002E   0x4770             BX       LR
    401                  case SLOT_DURATION_1800_SEC:
    402                      retval = 1800;
   \                     ??GetSlotDurationSec_7: (+1)
   \   00000030   0x20E1             MOVS     R0,#+225
   \   00000032   0x00C0             LSLS     R0,R0,#+3        ;; #+1800
    403                     break;
   \   00000034   0x4770             BX       LR
    404                  case SLOT_DURATION_3600_SEC:
    405                      retval = 3600;
   \                     ??GetSlotDurationSec_8: (+1)
   \   00000036   0x20E1             MOVS     R0,#+225
   \   00000038   0x0100             LSLS     R0,R0,#+4        ;; #+3600
    406                     break;
   \   0000003A   0x4770             BX       LR
    407                  case SLOT_DURATION_7200_SEC:
    408                      retval = 7200;
   \                     ??GetSlotDurationSec_9: (+1)
   \   0000003C   0x20E1             MOVS     R0,#+225
   \   0000003E   0x0140             LSLS     R0,R0,#+5        ;; #+7200
    409                     break;
   \   00000040   0x4770             BX       LR
    410                  default:
    411                      retval = 300;
   \                     ??GetSlotDurationSec_1: (+1)
   \   00000042   0x2096             MOVS     R0,#+150
   \   00000044   0x0040             LSLS     R0,R0,#+1        ;; #+300
    412                      break;
    413              }
    414          
    415              return retval;
   \   00000046   0x4770             BX       LR               ;; return
    416          }

   \                                 In section .text, align 4, keep-with-next
   \                     ??DataTable7:
   \   00000000   0x........         DC32     SettingFileStructure

   \                                 In section .text, align 4, keep-with-next
   \                     ??DataTable8:
   \   00000000   0x........         DC32     Door_Time

   \                                 In section .text, align 4, keep-with-next
   \                     ??DataTable8_1:
   \   00000000   0x........         DC32     SettingFileStructure
    417          
    418          

   Maximum stack usage in bytes:

   .cstack Function
   ------- --------
       0   GetSlotDurationSec
       8   GetSlotSeconds
         8   -> GetSlotDurationSec
      24   MoisturePreventionMonitor__Activate
        24   -> GetSlotSeconds
        24   -> Interpreter__GetCurrentStatement
        24   -> Selector__GetCycleState
        24   -> __aeabi_memcpy
       0   MoisturePreventionMonitor__CycleStarted
       8   MoisturePreventionMonitor__Deactivate
         8   -> Interpreter__GetCurrentStatement
         8   -> Selector__GetCycleState
      32   MoisturePreventionMonitor__Execution
        32   -> DoorMonitor__GetDoorStatus
        32   -> Fault__GetState
        32   -> GetSlotSeconds
        32   -> Hbl__GetGIDataConvertedByIndex
        32   -> Hbl__GetGIIndexByGIID
        32   -> Hbl__GetGISequenceIDByIndex
        32   -> Hbl__SetLoadRequestByLoadID
        32   -> MoisturePreventionMonitor__Pause
        32   -> MoisturePreventionMonitor__Resume
        32   -> Regulations__GetIndexValueByPosition
       0   MoisturePreventionMonitor__GetStatus
      16   MoisturePreventionMonitor__Initialize
        16   -> Micro__GetResetMode
        16   -> NVData__GetLastRestoreStatus
        16   -> Regulations__GetPositionByFunctionID
       0   MoisturePreventionMonitor__Pause
       0   MoisturePreventionMonitor__Resume


   Section sizes:

   Bytes  Function/Label
   -----  --------------
       4  ??DataTable7
       4  ??DataTable8
       4  ??DataTable8_1
       6  Door_Time
          MP_Step
          Tick
          MP_Test_POR_Time
          MP_Activation_Mode
          Kosher_Position
      72  GetSlotDurationSec
      46  GetSlotSeconds
     184  MoisturePreventionMonitor__Activate
       8  MoisturePreventionMonitor__CycleStarted
      54  MoisturePreventionMonitor__Deactivate
     364  MoisturePreventionMonitor__Execution
       6  MoisturePreventionMonitor__GetStatus
      60  MoisturePreventionMonitor__Initialize
      34  MoisturePreventionMonitor__Pause
      24  MoisturePreventionMonitor__Resume
      22  SettingFileStructure
          MoisturePreventionMonitorActive
          MoisturePrevention_Steps_Left
          MoisturePrevention_Pause_Source
          MoisturePrevention_Seconds_Left

 
   6 bytes in section .bss
 864 bytes in section .text
  22 bytes in section _appliance_segment
 
 864 bytes of CODE memory
  28 bytes of DATA memory

Errors: none
Warnings: none
