###############################################################################
#
# IAR ANSI C/C++ Compiler V7.70.1.11437/W32 for ARM       28/Feb/2025  14:17:27
# Copyright 1999-2016 IAR Systems AB.
#
#    Cpu mode     =  thumb
#    Endian       =  little
#    Source file  =  
#        source/XCategory/Hbl/acuexpacu/ACUPilotHandler/MotorPilot/MotorPilot.c
#    Command line =  
#        --cpu Cortex-M0+ -Om --debug -e --only_stdout --silent -D
#        ENABLE_JUMP_TO_APPLICATION_WITHOUT_IAP_FIRMWARE --no_wrap_diagnostics
#        -f config\tmp\include_path.lnt
#        (-I../Nucleus-Tools-SDK/embOS/arm/v4.26/source\
#        -I../Nucleus-Tools-SDK/iar/arm/v7.70/cx/inc\
#        -Isource/Category/Application/acu/CycleResume\
#        -Isource/Category/Application/acu/Monitors/AutostartFactoryCycleMonitor\
#        -Isource/Category/Application/acu/Monitors/CartridgeDetectionMonitor\
#        -Isource/Category/Application/acu/Monitors/DCLoadCurrentMonitor\
#        -Isource/Category/Application/acu/Monitors/DiverterFaultMonitor\
#        -Isource/Category/Application/acu/Monitors/DiverterLeakFaultMonitor\
#        -Isource/Category/Application/acu/Monitors/DoorMonitor\
#        -Isource/Category/Application/acu/Monitors/DoorOpeningSystemMonitor\
#        -Isource/Category/Application/acu/Monitors/FanMotorFaultMonitor\
#        -Isource/Category/Application/acu/Monitors/FaultStatusMonitor\
#        -Isource/Category/Application/acu/Monitors/FillValveStuckOn\
#        -Isource/Category/Application/acu/Monitors/FlowMeterFaultMonitor\
#        -Isource/Category/Application/acu/Monitors/HeatMonitor\
#        -Isource/Category/Application/acu/Monitors/HotHighPotMonitor\
#        -Isource/Category/Application/acu/Monitors/LITTFaultMonitor\
#        -Isource/Category/Application/acu/Monitors/LITTMonitor\
#        -Isource/Category/Application/acu/Monitors/McuGetDataMonitor\
#        -Isource/Category/Application/acu/Monitors/ModelMonitors/AirlockDetectionMonitor\
#        -Isource/Category/Application/acu/Monitors/ModelMonitors/AirlockDetectionMonitor/CodeGeneration\
#        -Isource/Category/Application/acu/Monitors/ModelMonitors/HeaterCalcificationDetectionModel\
#        -Isource/Category/Application/acu/Monitors/ModelMonitors/HeaterCalcificationDetectionModel/CodeGeneration\
#        -Isource/Category/Application/acu/Monitors/ModelMonitors/OWIVoltageRegulatedOutputModel\
#        -Isource/Category/Application/acu/Monitors/ModelMonitors/OWIVoltageRegulatedOutputModel/CodeGeneration\
#        -Isource/Category/Application/acu/Monitors/ModelMonitors/PluggingDetectionMonitor\
#        -Isource/Category/Application/acu/Monitors/ModelMonitors/PluggingDetectionMonitor/CodeGeneration\
#        -Isource/Category/Application/acu/Monitors/MoisturePreventionMonitor\
#        -Isource/Category/Application/acu/Monitors/OverfillMonitor\
#        -Isource/Category/Application/acu/Monitors/OWIMonitor\
#        -Isource/Category/Application/acu/Monitors/PilotRelayFaultMonitor\
#        -Isource/Category/Application/acu/Monitors/PilotRelayFaultMonitor/PilotRelayStuckClosedMonitor\
#        -Isource/Category/Application/acu/Monitors/PilotRelayFaultMonitor/PilotRelayStuckOpenMonitor\
#        -Isource/Category/Application/acu/Monitors/PORTimeMonitor\
#        -Isource/Category/Application/acu/Monitors/PumpFlushRequestMonitor\
#        -Isource/Category/Application/acu/Monitors/RinseAidMonitor\
#        -Isource/Category/Application/acu/Monitors/SaltSensingMonitor\
#        -Isource/Category/Application/acu/Monitors/StabilityControlLoopMonitor\
#        -Isource/Category/Application/acu/Monitors/StandbyManager\
#        -Isource/Category/Application/acu/Monitors/SupervisorExtMonitor\
#        -Isource/Category/Application/acu/Monitors/ThermistorFaultMonitor\
#        -Isource/Category/Application/acu/Monitors/ThermistorFaultMonitor/ThermistorOpenMonitor\
#        -Isource/Category/Application/acu/Monitors/ThermistorFaultMonitor/ThermistorShortedMonitor\
#        -Isource/Category/Application/acu/Monitors/TriacCurrentMonitor\
#        -Isource/Category/Application/acu/Monitors/TriacShortedDrainFaultMonitor\
#        -Isource/Category/Application/acu/Monitors/TriacVoltageMonitor\
#        -Isource/Category/Application/acu/Monitors/VoltageRangeMonitor\
#        -Isource/Category/Application/acu/Monitors/VSDrainMotorFaultMonitor\
#        -Isource/Category/Application/acu/Monitors/VwiMonitor\
#        -Isource/Category/Application/acu/Monitors/VwiZoneCompensationMonitor\
#        -Isource/Category/Application/acu/Monitors/WashHeaterFaultMonitor\
#        -Isource/Category/Application/acu/Monitors/WashHeaterFaultMonitor/HeaterLeakageToNeutralMonitor\
#        -Isource/Category/Application/acu/Monitors/WashHeaterFaultMonitor/HeaterLineRelayOpenMonitor\
#        -Isource/Category/Application/acu/Monitors/WashHeaterFaultMonitor/HeaterNeutralRelayOpenMonitor\
#        -Isource/Category/Application/acu/Monitors/WashHeaterFaultMonitor/HeaterOpenAndLineRelayClosedMonitor\
#        -Isource/Category/Application/acu/Monitors/WashHeaterFaultMonitor/HeaterOpenMonitor\
#        -Isource/Category/Application/acu/Monitors/WashMotorFaultMonitor\
#        -Isource/Category/Application/acu/Monitors/ZeroCrossMonitor\
#        -Isource/Category/Application/acu/Processes/AlternateCtrl\
#        -Isource/Category/Application/acu/Processes/Fill\
#        -Isource/Category/Application/acu/Processes/Fill/ClassAFill\
#        -Isource/Category/Application/acu/Processes/Fill/Fill\
#        -Isource/Category/Application/acu/Processes/Fill/TankDrain\
#        -Isource/Category/Application/acu/Processes/Fill/TankFill\
#        -Isource/Category/Application/acu/Processes/Heat\
#        -Isource/Category/Application/acu/Processes/ModelProcesses/OWICalibrationModel\
#        -Isource/Category/Application/acu/Processes/ModelProcesses/OWICalibrationModel/CodeGeneration\
#        -Isource/Category/Application/acu/Processes/ModelProcesses/PartialDrainModel\
#        -Isource/Category/Application/acu/Processes/ModelProcesses/PartialDrainModel/CodeGeneration\
#        -Isource/Category/Application/acu/Processes/ModelProcesses/SensedDrainModel\
#        -Isource/Category/Application/acu/Processes/ModelProcesses/SensedDrainModel/CodeGeneration\
#        -Isource/Category/Application/acu/Processes/OWI\
#        -Isource/Category/Application/acu/Processes/OWI_VRO\
#        -Isource/Category/Application/acu/Processes/OWIOneShot\
#        -Isource/Category/Application/acu/Processes/PumpControl\
#        -Isource/Category/Application/acu/Processes/Regenerate\
#        -Isource/Category/Application/acu/Processes/RinseAidDispense\
#        -Isource/Category/Application/acu/Processes/RinseAidDispense/RinseAid\
#        -Isource/Category/Application/acu/Processes/RinseAidDispense/TridgeDetergent\
#        -Isource/Category/Application/acu/Tasks/DoorOpeningSystemPull\
#        -Isource/Category/Application/acu/Tasks/DoorOpeningSystemPush\
#        -Isource/Category/Application/acu/Tasks/HeaterShadowing\
#        -Isource/Category/Application/acu/Tasks/MoisturePrevention\
#        -Isource/Category/Application/acu/Tasks/OWIContinousReading\
#        -Isource/Category/Application/acu/Tasks/OwiVroContinuousReading\
#        -Isource/Category/Application/acu/Tasks/Sanitization\
#        -Isource/Category/Application/acu/Tasks/StabilityControl\
#        -Isource/Category/Application/acu/Tasks/TimeElapse\
#        -Isource/Category/Application/acu/VWI\
#        -Isource/Category/Application/all/ActivePower\
#        -Isource/Category/Application/all/API007App\
#        -Isource/Category/Application/all/Config\
#        -Isource/Category/Common/acu/CommonDish/DishAuxVar\
#        -Isource/Category/Common/acu/CommonDish/PumpCommand\
#        -Isource/Category/Common/acu/CommonDish/StatisticsDish\
#        -Isource/Category/Common/all/BoardDebugging\
#        -Isource/Category/Common/all/Config\
#        -Isource/Category/Common/all/MasterCommander\
#        -Isource/Category/Common/all/MasterCommander/Source\
#        -Isource/Category/Common/all/MasterCommander/Source/HAL\
#        -Isource/Category/Common/all/SharedUtils\
#        -Isource/Category/Hbl/acu/ACULoadHandler/AlternateLoad\
#        -Isource/Category/Hbl/acuexpacu/ACUGIHandler/WaterCounterGI\
#        -Isource/Category/Hbl/acuexpacu/ACULoadHandler/HeaterLoad\
#        -Isource/Category/Hbl/acuexpacu/ACULoadHandler/TriacMci\
#        -Isource/Category/Hbl/all/Config\ -Isource/Category/Hbl/all/Mci\
#        -Isource/Category/Hbl/all/Mci/MciZeroCross\
#        -Isource/Category/Hbl/all/Mci/Slfac\
#        -Isource/Category/Hbl/all/Mci/Slfac/Macroblocks\
#        -Isource/Category/Hbl/all/Mci/Slfac/Microblocks/GlitchFilter\
#        -Isource/Category/Hbl/all/Mci/Slfac/Microblocks/IIRFilter\
#        -Isource/Category/Hbl/all/Mci/Slfac/Microblocks/MathCalc\
#        -Isource/Category/Hbl/all/Mci/Slfac/Microblocks/PeakDetector\
#        -Isource/Category/Hbl/all/Mci/Slfac/Microblocks/Pi\
#        -Isource/Category/Hbl/all/MCUDrivers/TimeCapture\
#        -Isource/Category/Hbl/all/MCUDrivers/TimerInterruptExt\
#        -Isource/Micros/STM32G0x/Driver/Atod\
#        -Isource/Micros/STM32G0x/Driver/DataFlash\
#        -Isource/Micros/STM32G0x/Driver/Dma\
#        -Isource/Micros/STM32G0x/Driver/Dtoa\
#        -Isource/Micros/STM32G0x/Driver/ExtInterrupt\
#        -Isource/Micros/STM32G0x/Driver/Flash\
#        -Isource/Micros/STM32G0x/Driver/Gpio\
#        -Isource/Micros/STM32G0x/Driver/I2c\
#        -Isource/Micros/STM32G0x/Driver/IntMgr\
#        -Isource/Micros/STM32G0x/Driver/Micro\
#        -Isource/Micros/STM32G0x/Driver/MicroExt\
#        -Isource/Micros/STM32G0x/Driver/Rtc\
#        -Isource/Micros/STM32G0x/Driver/RTCDriver\
#        -Isource/Micros/STM32G0x/Driver/Spi\
#        -Isource/Micros/STM32G0x/Driver/Timeout\
#        -Isource/Micros/STM32G0x/Driver/Timer\
#        -Isource/Micros/STM32G0x/Driver/TimerInterrupt\
#        -Isource/Micros/STM32G0x/Driver/Uart\
#        -Isource/ProjectSpecific/Application/acu/Config\
#        -Isource/ProjectSpecific/Application/acu/LowPower\
#        -Isource/ProjectSpecific/Application/acuexpacu/Config\
#        -Isource/ProjectSpecific/Application/all/Config\
#        -Isource/ProjectSpecific/Application/all/MCUDebug\
#        -Isource/ProjectSpecific/Application/all/ProductInfo\
#        -Isource/ProjectSpecific/Common/acu/Config\
#        -Isource/ProjectSpecific/Common/all/Config\
#        -Isource/ProjectSpecific/Common/all/Debug\
#        -Isource/ProjectSpecific/Common/all/SRConfig\
#        -Isource/ProjectSpecific/Driver/STM32G0x\
#        -Isource/ProjectSpecific/Hbl/acuexpacu/Config\
#        -Isource/ProjectSpecific/Hbl/acuexpacu/SRConfig\
#        -Isource/ProjectSpecific/Hbl/all/Config\
#        -Isource/ProjectSpecific/Hbl/all/Config/Mci\
#        -Isource/ProjectSpecific/Hbl/all/Config/Mci/MasterCommander\
#        -Isource/ProjectSpecific/Hbl/all/Config/Mci/MCUDrivers\
#        -Isource/ProjectSpecific/Hbl/all/SRConfig\
#        -Isource/XCategory/Application/acu/API221MotionCtrl\
#        -Isource/XCategory/Application/acu/Calibration\
#        -Isource/XCategory/Application/acu/Condition\
#        -Isource/XCategory/Application/acu/Estimator\
#        -Isource/XCategory/Application/acu/Interpreter\
#        -Isource/XCategory/Application/acu/Processes/ActivateTask\
#        -Isource/XCategory/Application/acu/Processes/JumpIf\
#        -Isource/XCategory/Application/acu/Processes/LoadsControl\
#        -Isource/XCategory/Application/acu/Processes/Maintain\
#        -Isource/XCategory/Application/acu/Processes/SetVariable\
#        -Isource/XCategory/Application/acu/RegulationAccept\
#        -Isource/XCategory/Application/acu/Selector\
#        -Isource/XCategory/Application/acu/SubCycle\
#        -Isource/XCategory/Application/acu/Supervisor\
#        -Isource/XCategory/Application/acu/TestMgr\
#        -Isource/XCategory/Application/acuexpacu/ApplianceMgr\
#        -Isource/XCategory/Application/acuhmi/CommunicationMonitor\
#        -Isource/XCategory/Application/acuhmi/Modifier\
#        -Isource/XCategory/Application/acuhmi/Regulations\
#        -Isource/XCategory/Application/acuhmi/Status\
#        -Isource/XCategory/Application/all/API007Data\
#        -Isource/XCategory/Application/all/API011AppCtr\
#        -Isource/XCategory/Application/all/API012Exp\
#        -Isource/XCategory/Application/all/API013RemoteFunction\
#        -Isource/XCategory/Application/all/API018Diagnostic\
#        -Isource/XCategory/Application/all/API220MotorControl\
#        -Isource/XCategory/Application/all/API220MotorControl/Api\
#        -Isource/XCategory/Application/all/Mode\
#        -Isource/XCategory/Application/all/Reveal_Basic/API003Disc\
#        -Isource/XCategory/Application/all/Reveal_Basic/API004Debug\
#        -Isource/XCategory/Application/all/Reveal_Basic/API004Debug/SW05SoftwareTest\
#        -Isource/XCategory/Application/all/Reveal_Basic/API005LowLevel\
#        -Isource/XCategory/Application/all/Reveal_Basic/API009System\
#        -Isource/XCategory/Application/all/Reveal_Basic/API010PollVar\
#        -Isource/XCategory/Application/all/Reveal_Basic/API019ProductInfo\
#        -Isource/XCategory/Application/all/SFUpdater\
#        -Isource/XCategory/Application/all/SRAPI020Safety\
#        -Isource/XCategory/Application/all/StatusLed\
#        -Isource/XCategory/Common/acu/BrownOut\
#        -Isource/XCategory/Common/acu/Fault\
#        -Isource/XCategory/Common/acu/Statistics\
#        -Isource/XCategory/Common/all/Common/Callback\
#        -Isource/XCategory/Common/all/Common/Convert\
#        -Isource/XCategory/Common/all/Common/Crc16\
#        -Isource/XCategory/Common/all/Common/Crc32\
#        -Isource/XCategory/Common/all/Common/Crc8\
#        -Isource/XCategory/Common/all/Common/Equation\
#        -Isource/XCategory/Common/all/Common/Filter\
#        -Isource/XCategory/Common/all/Common/FITMgr\
#        -Isource/XCategory/Common/all/Common/I2cMgr\
#        -Isource/XCategory/Common/all/Common/IAPEmul\
#        -Isource/XCategory/Common/all/Common/Log\
#        -Isource/XCategory/Common/all/Common/Millis\
#        -Isource/XCategory/Common/all/Common/SeggerRTT\
#        -Isource/XCategory/Common/all/Common/SeggerRTT/SEGGER_RTT/Config\
#        -Isource/XCategory/Common/all/Common/SeggerRTT/SEGGER_RTT/RTT\
#        -Isource/XCategory/Common/all/Common/SettingFile\
#        -Isource/XCategory/Common/all/Common/SFVersionCheck\
#        -Isource/XCategory/Common/all/Common/SystemConfig\
#        -Isource/XCategory/Common/all/Common/SystemTimers\
#        -Isource/XCategory/Common/all/Common/Utilities\
#        -Isource/XCategory/Common/all/Common/Variable\
#        -Isource/XCategory/Common/all/SRCommon/SRClockMonitor\
#        -Isource/XCategory/Common/all/SRCommon/SRData\
#        -Isource/XCategory/Common/all/SRCommon/SRException\
#        -Isource/XCategory/Common/all/SRCommon/SRIsrMonitor\
#        -Isource/XCategory/Common/all/SRCommon/SRPowerMgr\
#        -Isource/XCategory/Common/all/SRCommon/SRSignature\
#        -Isource/XCategory/Common/all/SRCommon/SRSystemConfig\
#        -Isource/XCategory/Common/all/SRCommon/SRTaskMonitor\
#        -Isource/XCategory/Common/all/SRCommon/SRTaskSequence\
#        -Isource/XCategory/Common/all/SRCommon/SRTimerReference\
#        -Isource/XCategory/Common/all/SRCommon/SRUnusedPinsConfig\
#        -Isource/XCategory/Common/all/SRMain\
#        -Isource/XCategory/Common/all/SRMain/BackgroundThreads\
#        -Isource/XCategory/Common/all/SRMain/OsServices\
#        -Isource/XCategory/Common/all/SRMain/StackAnalysis\
#        -Isource/XCategory/Common/all/SRMain/TimingAnalysis\
#        -Isource/XCategory/Driver/APIs/Atod\
#        -Isource/XCategory/Driver/APIs/Comparator\
#        -Isource/XCategory/Driver/APIs/DataFlash\
#        -Isource/XCategory/Driver/APIs/Dma\
#        -Isource/XCategory/Driver/APIs/Dtc\
#        -Isource/XCategory/Driver/APIs/Dtoa\
#        -Isource/XCategory/Driver/APIs/EmbOS\
#        -Isource/XCategory/Driver/APIs/ExtInterrupt\
#        -Isource/XCategory/Driver/APIs/Flash\
#        -Isource/XCategory/Driver/APIs/Gpio\
#        -Isource/XCategory/Driver/APIs/I2c\
#        -Isource/XCategory/Driver/APIs/IntMgr\
#        -Isource/XCategory/Driver/APIs/Micro\
#        -Isource/XCategory/Driver/APIs/MicroExt\
#        -Isource/XCategory/Driver/APIs/Rtc\
#        -Isource/XCategory/Driver/APIs/RTCDriver\
#        -Isource/XCategory/Driver/APIs/Spi\
#        -Isource/XCategory/Driver/APIs/Timeout\
#        -Isource/XCategory/Driver/APIs/Timer\
#        -Isource/XCategory/Driver/APIs/TimerInterrupt\
#        -Isource/XCategory/Driver/APIs/Touch\
#        -Isource/XCategory/Driver/APIs/Uart\
#        -Isource/XCategory/Hbl/acu/FdmCounter\
#        -Isource/XCategory/Hbl/acu/FdmTimer\
#        -Isource/XCategory/Hbl/acuexpacu/ACUGIHandler/ConvertGI\
#        -Isource/XCategory/Hbl/acuexpacu/ACUGIHandler/DirectGI\
#        -Isource/XCategory/Hbl/acuexpacu/ACUGIHandler/DoorSwitchGI\
#        -Isource/XCategory/Hbl/acuexpacu/ACUGIHandler/ProbeGI\
#        -Isource/XCategory/Hbl/acuexpacu/ACUGIHandler/ProbeLpsGI\
#        -Isource/XCategory/Hbl/acuexpacu/ACULoadHandler/DCFanLoad\
#        -Isource/XCategory/Hbl/acuexpacu/ACUPilotHandler/AnalogOutputPilot\
#        -Isource/XCategory/Hbl/acuexpacu/ACUPilotHandler/ChargePumpPilot\
#        -Isource/XCategory/Hbl/acuexpacu/ACUPilotHandler/DigitalOutputMultiPilot\
#        -Isource/XCategory/Hbl/acuexpacu/ACUPilotHandler/DigitalOutputPilot\
#        -Isource/XCategory/Hbl/acuexpacu/ACUPilotHandler/DoorLockEMPilot\
#        -Isource/XCategory/Hbl/acuexpacu/ACUPilotHandler/DoorLockWaxPilot\
#        -Isource/XCategory/Hbl/acuexpacu/ACUPilotHandler/ExpansionPilot\
#        -Isource/XCategory/Hbl/acuexpacu/ACUPilotHandler/ExternalMotorPilot\
#        -Isource/XCategory/Hbl/acuexpacu/ACUPilotHandler/FSMPilot\
#        -Isource/XCategory/Hbl/acuexpacu/ACUPilotHandler/MagnetronPilot\
#        -Isource/XCategory/Hbl/acuexpacu/ACUPilotHandler/MotorPilot\
#        -Isource/XCategory/Hbl/acuexpacu/ACUPilotHandler/MultiDriverPilot\
#        -Isource/XCategory/Hbl/acuexpacu/ACUPilotHandler/MultiSequencePilot\
#        -Isource/XCategory/Hbl/acuexpacu/ACUPilotHandler/NonfunctionalPilot\
#        -Isource/XCategory/Hbl/acuexpacu/ACUPilotHandler/PwmHiResPilot\
#        -Isource/XCategory/Hbl/acuexpacu/ACUPilotHandler/PwmPilot\
#        -Isource/XCategory/Hbl/acuexpacu/ACUPilotHandler/SRChargePumpPilot\
#        -Isource/XCategory/Hbl/acuexpacu/ACUPilotHandler/SRDigitalOutputMultiPilot\
#        -Isource/XCategory/Hbl/acuexpacu/ACUPilotHandler/SRDigitalOutputPilot\
#        -Isource/XCategory/Hbl/acuexpacu/ACUPilotHandler/SRDoorLockEMPilot\
#        -Isource/XCategory/Hbl/acuexpacu/ACUPilotHandler/SRDoorLockWaxPilot\
#        -Isource/XCategory/Hbl/acuexpacu/ACUPilotHandler/SRUMRelayPilot\
#        -Isource/XCategory/Hbl/acuexpacu/ACUPilotHandler/SteadyPwmProfilePilot\
#        -Isource/XCategory/Hbl/acuexpacu/ACUPilotHandler/StepperPilot\
#        -Isource/XCategory/Hbl/acuexpacu/ACUPilotHandler/TriacSwitchPilot\
#        -Isource/XCategory/Hbl/acuexpacu/ACUPilotHandler/ZCRelayPilot\
#        -Isource/XCategory/Hbl/acuexpacu/ACUPilotHandler/ZCTriacPilot\
#        -Isource/XCategory/Hbl/acuexpacu/HblAcu\
#        -Isource/XCategory/Hbl/acuexpacu/HblAcu/CrossLoads\
#        -Isource/XCategory/Hbl/acuexpacu/HblAcu/SetLoadQueue\
#        -Isource/XCategory/Hbl/acuexpacu/HblAcu/SRProductMgr\
#        -Isource/XCategory/Hbl/acuexpacu/HblAcu/ZeroCross\
#        -Isource/XCategory/Hbl/all/Hbl\
#        -Isource/XCategory/Hbl/all/Hbl/DefaultPin\
#        -Isource/XCategory/Hbl/all/Hbl/HblCommon\
#        -Isource/XCategory/Hbl/all/Hbl/VirtualPin\
#        -Isource/XCategory/Hbl/all/LLIHandler/AbsoluteHumidityLLI\
#        -Isource/XCategory/Hbl/all/LLIHandler/AccelerometerLLI\
#        -Isource/XCategory/Hbl/all/LLIHandler/AccelerometerLLI/AccelBaseline\
#        -Isource/XCategory/Hbl/all/LLIHandler/AccelerometerLLI/AccelDiscover\
#        -Isource/XCategory/Hbl/all/LLIHandler/AccelerometerLLI/FXLS8974\
#        -Isource/XCategory/Hbl/all/LLIHandler/AccelerometerLLI/FXLS8974/SelfTestFXLS8974\
#        -Isource/XCategory/Hbl/all/LLIHandler/AccelerometerLLI/LISxDH\
#        -Isource/XCategory/Hbl/all/LLIHandler/AnalogLLI\
#        -Isource/XCategory/Hbl/all/LLIHandler/ConductivityLLI\
#        -Isource/XCategory/Hbl/all/LLIHandler/DigitalLLI\
#        -Isource/XCategory/Hbl/all/LLIHandler/EncoderLLI\
#        -Isource/XCategory/Hbl/all/LLIHandler/ExpansionLLI\
#        -Isource/XCategory/Hbl/all/LLIHandler/FeedbackLLI\
#        -Isource/XCategory/Hbl/all/LLIHandler/I2CInfraredLLI\
#        -Isource/XCategory/Hbl/all/LLIHandler/I2CPressureSensorLLI\
#        -Isource/XCategory/Hbl/all/LLIHandler/I2CRHTSensorLLI\
#        -Isource/XCategory/Hbl/all/LLIHandler/InputCaptureLLI\
#        -Isource/XCategory/Hbl/all/LLIHandler/MultiInputLLI\
#        -Isource/XCategory/Hbl/all/LLIHandler/NonfunctionalLLI\
#        -Isource/XCategory/Hbl/all/LLIHandler/PulseCounterLLI\
#        -Isource/XCategory/Hbl/all/LLIHandler/SRAnalogLLI\
#        -Isource/XCategory/Hbl/all/LLIHandler/SRDigitalLLI\
#        -Isource/XCategory/Hbl/all/LLIHandler/SRFeedbackLLI\
#        -Isource/XCategory/Hbl/all/LLIHandler/SRI2CPressureSensorLLI\
#        -Isource/XCategory/Hbl/all/LLIHandler/SRICTachometerLLI\
#        -Isource/XCategory/Hbl/all/LLIHandler/SRInputCaptureLLI\
#        -Isource/XCategory/Hbl/all/LLIHandler/SRTouchKeyLLI\
#        -Isource/XCategory/Hbl/all/LLIHandler/SRTriacFeedbackLLI\
#        -Isource/XCategory/Hbl/all/LLIHandler/TouchKeyLLI\
#        -Isource/XCategory/Hbl/all/LLIHandler/TouchSliderLLI\
#        -Isource/XCategory/Hbl/all/LLIHandler/TouchWheelLLI\
#        -Isource/XCategory/Hbl/all/LLIHandler/TriacFeedbackLLI\
#        -Isource/XCategory/Hbl/all/LLIHandler/VirtualDigitalLLI\
#        -Isource/XCategory/Service/all/NVData\
#        -Isource/XCategory/Service/all/Reveal\
#        -Isource/XCategory/Service/all/Win\) -l listings\MotorPilot.lst -o
#        obj\MotorPilot.obj
#        source/XCategory/Hbl/acuexpacu/ACUPilotHandler/MotorPilot/MotorPilot.c
#    Locale       =  English_United States.1252
#    List file    =  listings\MotorPilot.lst
#    Object file  =  obj\MotorPilot.obj
#
###############################################################################

C:\Data\Nucleus_Dev\Vostok_ACU_A\source\XCategory\Hbl\acuexpacu\ACUPilotHandler\MotorPilot\MotorPilot.c
      1          /**
      2           *  @file
      3           *
      4           *  @brief      Implements MotorPilot module.
      5           *
      6           *  @copyright  Copyright 2016-$Date$. Whirlpool Corporation. All rights reserved - CONFIDENTIAL
      7           */
      8          
      9          //-------------------------------------- Include Files ----------------------------------------------------------------
     10          
     11          //lint -e766 Suppress Info: header not used in module 'VirtualGI.c'
     12          #include "SystemConfig.h"
     13          
     14          #if (HBL_PILOT_NUM_MOTOR > 0)
     15          #include "MotorPilot.h"
     16          
     17          #include "API039MotionCtrl.h"
     18          #include "Log.h"
     19          #include <string.h>
     20          
     21          //-------------------------------------- PRIVATE (Variables, Constants & Defines) -------------------------------------
     22          
     23          
     24          // -- Private Constant Declarations --
     25          
     26          //! The name of this module for use by the Log module.
     27          #define MODULE_NAME MODULE_MOTOR_PILOT
     28          
     29          
     30          // -- Private Enumerated Constant Declarations --
     31          
     32          //! A list of log message IDs that are generated by this module.
     33          typedef enum MODULE_MOTOR_PILOT_LOG_MESSAGE_ID_ENUM
     34          {
     35              MOTOR_COMMAND_TOO_BIG = 1
     36          } MODULE_MOTOR_PILOT_LOG_MESSAGE_ID_TYPE;
     37          
     38          
     39          // -- Private Structure Type Declarations --
     40          
     41          //! Motor pilot parameters type definition.
     42          typedef struct MOTOR_PILOT_DATA_STRUCT
     43          {
     44              MOTOR_REQ_TYPE Requested;
     45              MOTOR_REQ_TYPE Processed;
     46          } MOTOR_PILOT_DATA_TYPE;
     47          
     48          
     49          // -- Private Variable Definitions --
     50          
     51          //! Tracks the number of motor pilot allocations.
     52          static uint8 Motor_Pilot_Allocation;
     53          
     54          //! Motor pilot data array. One entry per motor pilot instance.
     55          static MOTOR_PILOT_DATA_TYPE Motor_Pilot_Data[HBL_PILOT_NUM_MOTOR];
     56          
     57          
     58          //-------------------------------------- PRIVATE (Function Prototypes) ------------------------------------------------
     59          #if (MOTO_PILOT_AUX_FUNC == ENABLED)
     60          static uint8 GetMotorLoadIndex(HBL_LOAD_TYPE *load);
     61          #endif
     62          
     63          //-------------------------------------- PUBLIC (Variables) -----------------------------------------------------------
     64          
     65          //=====================================================================================================================
     66          //-------------------------------------- Public Functions -------------------------------------------------------------
     67          //=====================================================================================================================
     68          //---------------------------------------------------------------------------------------------------------------------
     69          /**
     70           *  @brief       It Initializes the module MotorPilot and its variables.
     71           */
     72          void MotorPilot__Initialize(void)
     73          {
     74              Motor_Pilot_Allocation = 0;
     75              memset(&Motor_Pilot_Data, 0, sizeof(Motor_Pilot_Data));
     76          }
     77          
     78          //---------------------------------------------------------------------------------------------------------------------
     79          /**
     80           *  @brief      Allocate instance for Motor pilot.
     81           *
     82           *  @return     uint8 retval - Allocation result.
     83           *  @retval     0-254 - Pilot allocation instance.
     84           *  @retval     0xFF - Allocation failed.
     85           */
     86          uint8 MotorPilot__Allocate(void)
     87          {
     88              uint8 retval;
     89          
     90              retval = 0xFF;
     91          
     92              if (Motor_Pilot_Allocation < HBL_PILOT_NUM_MOTOR)
     93              {
     94                  retval = Motor_Pilot_Allocation;
     95                  Motor_Pilot_Allocation++;
     96              }
     97          
     98              return (retval);
     99          }
    100          
    101          //---------------------------------------------------------------------------------------------------------------------
    102          /**
    103           *  @brief      Initialize motor pilot instance.
    104           *
    105           *  @param      HBL_LOAD_TYPE *load - Pointer to associated motor load instance.
    106           *
    107           *  @return     PASS_FAIL_TYPE result - Result of motor pilot instance initialization.
    108           *  @retval     PASS - Instance initialization succeeded.
    109           *  @retval     FAIL - Instance initialization failed.
    110           */
    111          PASS_FAIL_TYPE MotorPilot__InitializeInstance(HBL_LOAD_TYPE *load)
    112          {
    113              PASS_FAIL_TYPE result;
    114          
    115              result = FAIL;
    116          
    117              if (load != NULL)
    118              {
    119                  if (load->Pilot_Data_Index < Motor_Pilot_Allocation)
    120                  {
    121                      result = PASS;
    122                  }
    123              }
    124          
    125              return (result);
    126          }
    127          
    128          //---------------------------------------------------------------------------------------------------------------------
    129          /**
    130            *  @brief     Set motor pilot instance request.
    131           *
    132           *  @param      HBL_LOAD_TYPE *load - Pointer to associated motor load instance.
    133           *
    134           *  @param      void *data - Pointer to request data. Pass argument as uint8 *.
    135           *
    136           *  @return     PASS_FAIL_TYPE result - Result of motor pilot request.
    137           *  @retval     PASS - Instance request succeeded.
    138           *  @retval     FAIL - Instance request failed.
    139          */
    140          PASS_FAIL_TYPE MotorPilot__Request(HBL_LOAD_TYPE *load, void *data)
    141          {
    142              PASS_FAIL_TYPE result = FAIL;
    143              if ((load != NULL) && (data != NULL))
    144              {
    145                  if (load->Pilot_Data_Index < Motor_Pilot_Allocation)
    146                  {
    147                      MOTOR_REQ_TYPE* source_buffer = data;
    148                      if (source_buffer->Size > MOTOR_PILOT_MAX_BYTE_REQ_NUM)
    149                      {
    150                          LOG_ADD_EXCEPTION(MOTOR_COMMAND_TOO_BIG, (MOTOR_PILOT_MAX_BYTE_REQ_NUM << 8) | source_buffer->Size);
    151                      }
    152                      else if (source_buffer->Size == 0)
    153                      {
    154                          uint8 cmd[] =
    155                          {
    156                              2,                                          // Number of bytes in the command
    157                              API039_ACTIVITY_STOP                        // Requested motor activity
    158                          };
    159                          memcpy(&Motor_Pilot_Data[load->Pilot_Data_Index].Requested, cmd, sizeof(cmd));
    160                          result = PASS;
    161                      }
    162                      else
    163                      {
    164                          // Copy the highest priority request (so far) into the request buffer.
    165                          memcpy(&Motor_Pilot_Data[load->Pilot_Data_Index].Requested, source_buffer, source_buffer->Size);
    166                          result = PASS;
    167                      }
    168                  }
    169              }
    170          
    171              return (result);
    172          }
    173          
    174          //---------------------------------------------------------------------------------------------------------------------
    175          /**
    176           *  @brief      Process motor pilot instance.
    177           *
    178           *  @param      HBL_LOAD_TYPE *load - Pointer to motor load instance.
    179           *
    180           *  @return     PASS_FAIL_TYPE result - Result of motor pilot instance process.
    181           *  @retval     PASS - Instance process succeeded.
    182           *  @retval     FAIL - Instance process failed.
    183           */
    184          PASS_FAIL_TYPE MotorPilot__Process(HBL_LOAD_TYPE *load)
    185          {
    186              PASS_FAIL_TYPE result;
    187              MOTOR_REQ_TYPE* current;
    188              MOTOR_REQ_TYPE* request;
    189          
    190              result = FAIL;
    191          
    192              if (load != NULL)
    193              {
    194                  if (load->Pilot_Data_Index < Motor_Pilot_Allocation)
    195                  {
    196                      // Look for a change in the requested control of the motor.
    197                      current = &Motor_Pilot_Data[load->Pilot_Data_Index].Processed;
    198                      request = &Motor_Pilot_Data[load->Pilot_Data_Index].Requested;
    199                      if ((request->ReqActivity != API039_ACTIVITY_NO_CHANGE) &&
    200                          ((current->Size != request->Size) ||
    201                           (memcmp(current, request, current->Size))))
    202                      {
    203          //                API039MotionCtrl__SetMotorActivity(request->ReqActivity, request->Data, request->Size - sizeof(request->Size) - sizeof(request->ReqActivity));
    204                          memcpy(current, request, request->Size);
    205                      }
    206          
    207                      result = PASS;
    208                  }
    209              }
    210          
    211              return (result);
    212          }
    213          
    214          //---------------------------------------------------------------------------------------------------------------------
    215          /**
    216           *  @brief      Get current motor pilot instance request.
    217           *
    218           *  @param      HBL_LOAD_TYPE *load - Pointer to associated motor load instance.
    219           *
    220           *  @return     void *requested - Requested instance data.
    221           *  @retval     Address of requested instance data. Cast it using *((uint8 *)ptr) to get values.
    222           *  @retval     NULL - Invalid load index.
    223           */
    224          void * MotorPilot__GetRequested(HBL_LOAD_TYPE *load)
    225          {
    226              void *requested;
    227          
    228              requested = NULL;
    229          
    230              if (load != NULL)
    231              {
    232                  if (load->Pilot_Data_Index < Motor_Pilot_Allocation)
    233                  {
    234                      requested = &(Motor_Pilot_Data[load->Pilot_Data_Index].Requested);
    235                  }
    236              }
    237          
    238              return (requested);
    239          }
    240          
    241          //---------------------------------------------------------------------------------------------------------------------
    242          /**
    243           *  @brief      Get motor pilot instance processed request.
    244           *
    245           *  @param      HBL_LOAD_TYPE *load - Pointer to associated motor load instance.
    246           *
    247           *  @return     void *processed - Processed instance request.
    248           *  @retval     Address of processed instance request. Cast it using *((uint8 *)ptr) to get values.
    249           *  @retval     NULL - Invalid load index.
    250           */
    251          void * MotorPilot__GetProcessed(HBL_LOAD_TYPE *load)
    252          {
    253              void *processed;
    254          
    255              processed = NULL;
    256          
    257              if (load != NULL)
    258              {
    259                  if (load->Pilot_Data_Index < Motor_Pilot_Allocation)
    260                  {
    261                      processed =  &(Motor_Pilot_Data[load->Pilot_Data_Index].Processed);
    262                  }
    263              }
    264          
    265              return (processed);
    266          }
    267          
    268          void * MotorPilot__GetStatus(HBL_LOAD_TYPE *load)
    269          {
    270              void *status;
    271          
    272              status = NULL;
    273          
    274              if (load != NULL)
    275              {
    276                  if (load->Pilot_Data_Index < Motor_Pilot_Allocation)
    277                  {
    278                      status =  &(Motor_Pilot_Data[load->Pilot_Data_Index].Processed);
    279                  }
    280              }
    281          
    282              return (status);
    283          }
    284          //=====================================================================================================================
    285          //-------------------------------------- Private Functions ------------------------------------------------------------
    286          //=====================================================================================================================
    287          
    288          #if (MOTO_PILOT_AUX_FUNC == ENABLED)
    289          //---------------------------------------------------------------------------------------------------------------------
    290          /**
    291           *  @brief      Get the motor load index for the external load.
    292           *
    293           *  @param      HBL_LOAD_TYPE *load - Pointer to ice dispenser door load instance.
    294           *
    295           *  @return     uint8 motor_load_index - value from setting file for load position in motor ACU loads buffer.
    296           */
    297          static uint8 GetMotorLoadIndex(HBL_LOAD_TYPE *load)
    298          {
    299              PASS_FAIL_TYPE load_success;
    300              uint8 motor_load_index;
    301              SETTINGFILE_LOADER_TYPE sf_loader_data;
    302          
    303              motor_load_index = 0;
    304              load_success = SettingFile__BasicLoader(SF_PTR_ACU_IO_DEVICE,
    305                                                      load->Pilot_Type_Params_Offset,
    306                                                      &sf_loader_data);
    307              if (load_success == PASS)
    308              {
    309                  if (sf_loader_data.Length > 0)
    310                  {
    311                      motor_load_index = sf_loader_data.Data[0];
    312                  }
    313              }
    314          
    315              return (motor_load_index);
    316          }
    317          #endif /* (MOTO_PILOT_AUX_FUNC == TRUE) */
    318          #endif /* (HBL_PILOT_NUM_EXPANSION > 0) */


 

 


Errors: none
Warnings: none
