###############################################################################
#
# IAR ANSI C/C++ Compiler V7.70.1.11437/W32 for ARM       28/Feb/2025  14:17:31
# Copyright 1999-2016 IAR Systems AB.
#
#    Cpu mode     =  thumb
#    Endian       =  little
#    Source file  =  
#        source/Category/Application/acu/Monitors/OWIMonitor/OWIMonitor.c
#    Command line =  
#        --cpu Cortex-M0+ -Om --debug -e --only_stdout --silent -D
#        ENABLE_JUMP_TO_APPLICATION_WITHOUT_IAP_FIRMWARE --no_wrap_diagnostics
#        -f config\tmp\include_path.lnt
#        (-I../Nucleus-Tools-SDK/embOS/arm/v4.26/source\
#        -I../Nucleus-Tools-SDK/iar/arm/v7.70/cx/inc\
#        -Isource/Category/Application/acu/CycleResume\
#        -Isource/Category/Application/acu/Monitors/AutostartFactoryCycleMonitor\
#        -Isource/Category/Application/acu/Monitors/CartridgeDetectionMonitor\
#        -Isource/Category/Application/acu/Monitors/DCLoadCurrentMonitor\
#        -Isource/Category/Application/acu/Monitors/DiverterFaultMonitor\
#        -Isource/Category/Application/acu/Monitors/DiverterLeakFaultMonitor\
#        -Isource/Category/Application/acu/Monitors/DoorMonitor\
#        -Isource/Category/Application/acu/Monitors/DoorOpeningSystemMonitor\
#        -Isource/Category/Application/acu/Monitors/FanMotorFaultMonitor\
#        -Isource/Category/Application/acu/Monitors/FaultStatusMonitor\
#        -Isource/Category/Application/acu/Monitors/FillValveStuckOn\
#        -Isource/Category/Application/acu/Monitors/FlowMeterFaultMonitor\
#        -Isource/Category/Application/acu/Monitors/HeatMonitor\
#        -Isource/Category/Application/acu/Monitors/HotHighPotMonitor\
#        -Isource/Category/Application/acu/Monitors/LITTFaultMonitor\
#        -Isource/Category/Application/acu/Monitors/LITTMonitor\
#        -Isource/Category/Application/acu/Monitors/McuGetDataMonitor\
#        -Isource/Category/Application/acu/Monitors/ModelMonitors/AirlockDetectionMonitor\
#        -Isource/Category/Application/acu/Monitors/ModelMonitors/AirlockDetectionMonitor/CodeGeneration\
#        -Isource/Category/Application/acu/Monitors/ModelMonitors/HeaterCalcificationDetectionModel\
#        -Isource/Category/Application/acu/Monitors/ModelMonitors/HeaterCalcificationDetectionModel/CodeGeneration\
#        -Isource/Category/Application/acu/Monitors/ModelMonitors/OWIVoltageRegulatedOutputModel\
#        -Isource/Category/Application/acu/Monitors/ModelMonitors/OWIVoltageRegulatedOutputModel/CodeGeneration\
#        -Isource/Category/Application/acu/Monitors/ModelMonitors/PluggingDetectionMonitor\
#        -Isource/Category/Application/acu/Monitors/ModelMonitors/PluggingDetectionMonitor/CodeGeneration\
#        -Isource/Category/Application/acu/Monitors/MoisturePreventionMonitor\
#        -Isource/Category/Application/acu/Monitors/OverfillMonitor\
#        -Isource/Category/Application/acu/Monitors/OWIMonitor\
#        -Isource/Category/Application/acu/Monitors/PilotRelayFaultMonitor\
#        -Isource/Category/Application/acu/Monitors/PilotRelayFaultMonitor/PilotRelayStuckClosedMonitor\
#        -Isource/Category/Application/acu/Monitors/PilotRelayFaultMonitor/PilotRelayStuckOpenMonitor\
#        -Isource/Category/Application/acu/Monitors/PORTimeMonitor\
#        -Isource/Category/Application/acu/Monitors/PumpFlushRequestMonitor\
#        -Isource/Category/Application/acu/Monitors/RinseAidMonitor\
#        -Isource/Category/Application/acu/Monitors/SaltSensingMonitor\
#        -Isource/Category/Application/acu/Monitors/StabilityControlLoopMonitor\
#        -Isource/Category/Application/acu/Monitors/StandbyManager\
#        -Isource/Category/Application/acu/Monitors/SupervisorExtMonitor\
#        -Isource/Category/Application/acu/Monitors/ThermistorFaultMonitor\
#        -Isource/Category/Application/acu/Monitors/ThermistorFaultMonitor/ThermistorOpenMonitor\
#        -Isource/Category/Application/acu/Monitors/ThermistorFaultMonitor/ThermistorShortedMonitor\
#        -Isource/Category/Application/acu/Monitors/TriacCurrentMonitor\
#        -Isource/Category/Application/acu/Monitors/TriacShortedDrainFaultMonitor\
#        -Isource/Category/Application/acu/Monitors/TriacVoltageMonitor\
#        -Isource/Category/Application/acu/Monitors/VoltageRangeMonitor\
#        -Isource/Category/Application/acu/Monitors/VSDrainMotorFaultMonitor\
#        -Isource/Category/Application/acu/Monitors/VwiMonitor\
#        -Isource/Category/Application/acu/Monitors/VwiZoneCompensationMonitor\
#        -Isource/Category/Application/acu/Monitors/WashHeaterFaultMonitor\
#        -Isource/Category/Application/acu/Monitors/WashHeaterFaultMonitor/HeaterLeakageToNeutralMonitor\
#        -Isource/Category/Application/acu/Monitors/WashHeaterFaultMonitor/HeaterLineRelayOpenMonitor\
#        -Isource/Category/Application/acu/Monitors/WashHeaterFaultMonitor/HeaterNeutralRelayOpenMonitor\
#        -Isource/Category/Application/acu/Monitors/WashHeaterFaultMonitor/HeaterOpenAndLineRelayClosedMonitor\
#        -Isource/Category/Application/acu/Monitors/WashHeaterFaultMonitor/HeaterOpenMonitor\
#        -Isource/Category/Application/acu/Monitors/WashMotorFaultMonitor\
#        -Isource/Category/Application/acu/Monitors/ZeroCrossMonitor\
#        -Isource/Category/Application/acu/Processes/AlternateCtrl\
#        -Isource/Category/Application/acu/Processes/Fill\
#        -Isource/Category/Application/acu/Processes/Fill/ClassAFill\
#        -Isource/Category/Application/acu/Processes/Fill/Fill\
#        -Isource/Category/Application/acu/Processes/Fill/TankDrain\
#        -Isource/Category/Application/acu/Processes/Fill/TankFill\
#        -Isource/Category/Application/acu/Processes/Heat\
#        -Isource/Category/Application/acu/Processes/ModelProcesses/OWICalibrationModel\
#        -Isource/Category/Application/acu/Processes/ModelProcesses/OWICalibrationModel/CodeGeneration\
#        -Isource/Category/Application/acu/Processes/ModelProcesses/PartialDrainModel\
#        -Isource/Category/Application/acu/Processes/ModelProcesses/PartialDrainModel/CodeGeneration\
#        -Isource/Category/Application/acu/Processes/ModelProcesses/SensedDrainModel\
#        -Isource/Category/Application/acu/Processes/ModelProcesses/SensedDrainModel/CodeGeneration\
#        -Isource/Category/Application/acu/Processes/OWI\
#        -Isource/Category/Application/acu/Processes/OWI_VRO\
#        -Isource/Category/Application/acu/Processes/OWIOneShot\
#        -Isource/Category/Application/acu/Processes/PumpControl\
#        -Isource/Category/Application/acu/Processes/Regenerate\
#        -Isource/Category/Application/acu/Processes/RinseAidDispense\
#        -Isource/Category/Application/acu/Processes/RinseAidDispense/RinseAid\
#        -Isource/Category/Application/acu/Processes/RinseAidDispense/TridgeDetergent\
#        -Isource/Category/Application/acu/Tasks/DoorOpeningSystemPull\
#        -Isource/Category/Application/acu/Tasks/DoorOpeningSystemPush\
#        -Isource/Category/Application/acu/Tasks/HeaterShadowing\
#        -Isource/Category/Application/acu/Tasks/MoisturePrevention\
#        -Isource/Category/Application/acu/Tasks/OWIContinousReading\
#        -Isource/Category/Application/acu/Tasks/OwiVroContinuousReading\
#        -Isource/Category/Application/acu/Tasks/Sanitization\
#        -Isource/Category/Application/acu/Tasks/StabilityControl\
#        -Isource/Category/Application/acu/Tasks/TimeElapse\
#        -Isource/Category/Application/acu/VWI\
#        -Isource/Category/Application/all/ActivePower\
#        -Isource/Category/Application/all/API007App\
#        -Isource/Category/Application/all/Config\
#        -Isource/Category/Common/acu/CommonDish/DishAuxVar\
#        -Isource/Category/Common/acu/CommonDish/PumpCommand\
#        -Isource/Category/Common/acu/CommonDish/StatisticsDish\
#        -Isource/Category/Common/all/BoardDebugging\
#        -Isource/Category/Common/all/Config\
#        -Isource/Category/Common/all/MasterCommander\
#        -Isource/Category/Common/all/MasterCommander/Source\
#        -Isource/Category/Common/all/MasterCommander/Source/HAL\
#        -Isource/Category/Common/all/SharedUtils\
#        -Isource/Category/Hbl/acu/ACULoadHandler/AlternateLoad\
#        -Isource/Category/Hbl/acuexpacu/ACUGIHandler/WaterCounterGI\
#        -Isource/Category/Hbl/acuexpacu/ACULoadHandler/HeaterLoad\
#        -Isource/Category/Hbl/acuexpacu/ACULoadHandler/TriacMci\
#        -Isource/Category/Hbl/all/Config\ -Isource/Category/Hbl/all/Mci\
#        -Isource/Category/Hbl/all/Mci/MciZeroCross\
#        -Isource/Category/Hbl/all/Mci/Slfac\
#        -Isource/Category/Hbl/all/Mci/Slfac/Macroblocks\
#        -Isource/Category/Hbl/all/Mci/Slfac/Microblocks/GlitchFilter\
#        -Isource/Category/Hbl/all/Mci/Slfac/Microblocks/IIRFilter\
#        -Isource/Category/Hbl/all/Mci/Slfac/Microblocks/MathCalc\
#        -Isource/Category/Hbl/all/Mci/Slfac/Microblocks/PeakDetector\
#        -Isource/Category/Hbl/all/Mci/Slfac/Microblocks/Pi\
#        -Isource/Category/Hbl/all/MCUDrivers/TimeCapture\
#        -Isource/Category/Hbl/all/MCUDrivers/TimerInterruptExt\
#        -Isource/Micros/STM32G0x/Driver/Atod\
#        -Isource/Micros/STM32G0x/Driver/DataFlash\
#        -Isource/Micros/STM32G0x/Driver/Dma\
#        -Isource/Micros/STM32G0x/Driver/Dtoa\
#        -Isource/Micros/STM32G0x/Driver/ExtInterrupt\
#        -Isource/Micros/STM32G0x/Driver/Flash\
#        -Isource/Micros/STM32G0x/Driver/Gpio\
#        -Isource/Micros/STM32G0x/Driver/I2c\
#        -Isource/Micros/STM32G0x/Driver/IntMgr\
#        -Isource/Micros/STM32G0x/Driver/Micro\
#        -Isource/Micros/STM32G0x/Driver/MicroExt\
#        -Isource/Micros/STM32G0x/Driver/Rtc\
#        -Isource/Micros/STM32G0x/Driver/RTCDriver\
#        -Isource/Micros/STM32G0x/Driver/Spi\
#        -Isource/Micros/STM32G0x/Driver/Timeout\
#        -Isource/Micros/STM32G0x/Driver/Timer\
#        -Isource/Micros/STM32G0x/Driver/TimerInterrupt\
#        -Isource/Micros/STM32G0x/Driver/Uart\
#        -Isource/ProjectSpecific/Application/acu/Config\
#        -Isource/ProjectSpecific/Application/acu/LowPower\
#        -Isource/ProjectSpecific/Application/acuexpacu/Config\
#        -Isource/ProjectSpecific/Application/all/Config\
#        -Isource/ProjectSpecific/Application/all/MCUDebug\
#        -Isource/ProjectSpecific/Application/all/ProductInfo\
#        -Isource/ProjectSpecific/Common/acu/Config\
#        -Isource/ProjectSpecific/Common/all/Config\
#        -Isource/ProjectSpecific/Common/all/Debug\
#        -Isource/ProjectSpecific/Common/all/SRConfig\
#        -Isource/ProjectSpecific/Driver/STM32G0x\
#        -Isource/ProjectSpecific/Hbl/acuexpacu/Config\
#        -Isource/ProjectSpecific/Hbl/acuexpacu/SRConfig\
#        -Isource/ProjectSpecific/Hbl/all/Config\
#        -Isource/ProjectSpecific/Hbl/all/Config/Mci\
#        -Isource/ProjectSpecific/Hbl/all/Config/Mci/MasterCommander\
#        -Isource/ProjectSpecific/Hbl/all/Config/Mci/MCUDrivers\
#        -Isource/ProjectSpecific/Hbl/all/SRConfig\
#        -Isource/XCategory/Application/acu/API221MotionCtrl\
#        -Isource/XCategory/Application/acu/Calibration\
#        -Isource/XCategory/Application/acu/Condition\
#        -Isource/XCategory/Application/acu/Estimator\
#        -Isource/XCategory/Application/acu/Interpreter\
#        -Isource/XCategory/Application/acu/Processes/ActivateTask\
#        -Isource/XCategory/Application/acu/Processes/JumpIf\
#        -Isource/XCategory/Application/acu/Processes/LoadsControl\
#        -Isource/XCategory/Application/acu/Processes/Maintain\
#        -Isource/XCategory/Application/acu/Processes/SetVariable\
#        -Isource/XCategory/Application/acu/RegulationAccept\
#        -Isource/XCategory/Application/acu/Selector\
#        -Isource/XCategory/Application/acu/SubCycle\
#        -Isource/XCategory/Application/acu/Supervisor\
#        -Isource/XCategory/Application/acu/TestMgr\
#        -Isource/XCategory/Application/acuexpacu/ApplianceMgr\
#        -Isource/XCategory/Application/acuhmi/CommunicationMonitor\
#        -Isource/XCategory/Application/acuhmi/Modifier\
#        -Isource/XCategory/Application/acuhmi/Regulations\
#        -Isource/XCategory/Application/acuhmi/Status\
#        -Isource/XCategory/Application/all/API007Data\
#        -Isource/XCategory/Application/all/API011AppCtr\
#        -Isource/XCategory/Application/all/API012Exp\
#        -Isource/XCategory/Application/all/API013RemoteFunction\
#        -Isource/XCategory/Application/all/API018Diagnostic\
#        -Isource/XCategory/Application/all/API220MotorControl\
#        -Isource/XCategory/Application/all/API220MotorControl/Api\
#        -Isource/XCategory/Application/all/Mode\
#        -Isource/XCategory/Application/all/Reveal_Basic/API003Disc\
#        -Isource/XCategory/Application/all/Reveal_Basic/API004Debug\
#        -Isource/XCategory/Application/all/Reveal_Basic/API004Debug/SW05SoftwareTest\
#        -Isource/XCategory/Application/all/Reveal_Basic/API005LowLevel\
#        -Isource/XCategory/Application/all/Reveal_Basic/API009System\
#        -Isource/XCategory/Application/all/Reveal_Basic/API010PollVar\
#        -Isource/XCategory/Application/all/Reveal_Basic/API019ProductInfo\
#        -Isource/XCategory/Application/all/SFUpdater\
#        -Isource/XCategory/Application/all/SRAPI020Safety\
#        -Isource/XCategory/Application/all/StatusLed\
#        -Isource/XCategory/Common/acu/BrownOut\
#        -Isource/XCategory/Common/acu/Fault\
#        -Isource/XCategory/Common/acu/Statistics\
#        -Isource/XCategory/Common/all/Common/Callback\
#        -Isource/XCategory/Common/all/Common/Convert\
#        -Isource/XCategory/Common/all/Common/Crc16\
#        -Isource/XCategory/Common/all/Common/Crc32\
#        -Isource/XCategory/Common/all/Common/Crc8\
#        -Isource/XCategory/Common/all/Common/Equation\
#        -Isource/XCategory/Common/all/Common/Filter\
#        -Isource/XCategory/Common/all/Common/FITMgr\
#        -Isource/XCategory/Common/all/Common/I2cMgr\
#        -Isource/XCategory/Common/all/Common/IAPEmul\
#        -Isource/XCategory/Common/all/Common/Log\
#        -Isource/XCategory/Common/all/Common/Millis\
#        -Isource/XCategory/Common/all/Common/SeggerRTT\
#        -Isource/XCategory/Common/all/Common/SeggerRTT/SEGGER_RTT/Config\
#        -Isource/XCategory/Common/all/Common/SeggerRTT/SEGGER_RTT/RTT\
#        -Isource/XCategory/Common/all/Common/SettingFile\
#        -Isource/XCategory/Common/all/Common/SFVersionCheck\
#        -Isource/XCategory/Common/all/Common/SystemConfig\
#        -Isource/XCategory/Common/all/Common/SystemTimers\
#        -Isource/XCategory/Common/all/Common/Utilities\
#        -Isource/XCategory/Common/all/Common/Variable\
#        -Isource/XCategory/Common/all/SRCommon/SRClockMonitor\
#        -Isource/XCategory/Common/all/SRCommon/SRData\
#        -Isource/XCategory/Common/all/SRCommon/SRException\
#        -Isource/XCategory/Common/all/SRCommon/SRIsrMonitor\
#        -Isource/XCategory/Common/all/SRCommon/SRPowerMgr\
#        -Isource/XCategory/Common/all/SRCommon/SRSignature\
#        -Isource/XCategory/Common/all/SRCommon/SRSystemConfig\
#        -Isource/XCategory/Common/all/SRCommon/SRTaskMonitor\
#        -Isource/XCategory/Common/all/SRCommon/SRTaskSequence\
#        -Isource/XCategory/Common/all/SRCommon/SRTimerReference\
#        -Isource/XCategory/Common/all/SRCommon/SRUnusedPinsConfig\
#        -Isource/XCategory/Common/all/SRMain\
#        -Isource/XCategory/Common/all/SRMain/BackgroundThreads\
#        -Isource/XCategory/Common/all/SRMain/OsServices\
#        -Isource/XCategory/Common/all/SRMain/StackAnalysis\
#        -Isource/XCategory/Common/all/SRMain/TimingAnalysis\
#        -Isource/XCategory/Driver/APIs/Atod\
#        -Isource/XCategory/Driver/APIs/Comparator\
#        -Isource/XCategory/Driver/APIs/DataFlash\
#        -Isource/XCategory/Driver/APIs/Dma\
#        -Isource/XCategory/Driver/APIs/Dtc\
#        -Isource/XCategory/Driver/APIs/Dtoa\
#        -Isource/XCategory/Driver/APIs/EmbOS\
#        -Isource/XCategory/Driver/APIs/ExtInterrupt\
#        -Isource/XCategory/Driver/APIs/Flash\
#        -Isource/XCategory/Driver/APIs/Gpio\
#        -Isource/XCategory/Driver/APIs/I2c\
#        -Isource/XCategory/Driver/APIs/IntMgr\
#        -Isource/XCategory/Driver/APIs/Micro\
#        -Isource/XCategory/Driver/APIs/MicroExt\
#        -Isource/XCategory/Driver/APIs/Rtc\
#        -Isource/XCategory/Driver/APIs/RTCDriver\
#        -Isource/XCategory/Driver/APIs/Spi\
#        -Isource/XCategory/Driver/APIs/Timeout\
#        -Isource/XCategory/Driver/APIs/Timer\
#        -Isource/XCategory/Driver/APIs/TimerInterrupt\
#        -Isource/XCategory/Driver/APIs/Touch\
#        -Isource/XCategory/Driver/APIs/Uart\
#        -Isource/XCategory/Hbl/acu/FdmCounter\
#        -Isource/XCategory/Hbl/acu/FdmTimer\
#        -Isource/XCategory/Hbl/acuexpacu/ACUGIHandler/ConvertGI\
#        -Isource/XCategory/Hbl/acuexpacu/ACUGIHandler/DirectGI\
#        -Isource/XCategory/Hbl/acuexpacu/ACUGIHandler/DoorSwitchGI\
#        -Isource/XCategory/Hbl/acuexpacu/ACUGIHandler/ProbeGI\
#        -Isource/XCategory/Hbl/acuexpacu/ACUGIHandler/ProbeLpsGI\
#        -Isource/XCategory/Hbl/acuexpacu/ACULoadHandler/DCFanLoad\
#        -Isource/XCategory/Hbl/acuexpacu/ACUPilotHandler/AnalogOutputPilot\
#        -Isource/XCategory/Hbl/acuexpacu/ACUPilotHandler/ChargePumpPilot\
#        -Isource/XCategory/Hbl/acuexpacu/ACUPilotHandler/DigitalOutputMultiPilot\
#        -Isource/XCategory/Hbl/acuexpacu/ACUPilotHandler/DigitalOutputPilot\
#        -Isource/XCategory/Hbl/acuexpacu/ACUPilotHandler/DoorLockEMPilot\
#        -Isource/XCategory/Hbl/acuexpacu/ACUPilotHandler/DoorLockWaxPilot\
#        -Isource/XCategory/Hbl/acuexpacu/ACUPilotHandler/ExpansionPilot\
#        -Isource/XCategory/Hbl/acuexpacu/ACUPilotHandler/ExternalMotorPilot\
#        -Isource/XCategory/Hbl/acuexpacu/ACUPilotHandler/FSMPilot\
#        -Isource/XCategory/Hbl/acuexpacu/ACUPilotHandler/MagnetronPilot\
#        -Isource/XCategory/Hbl/acuexpacu/ACUPilotHandler/MotorPilot\
#        -Isource/XCategory/Hbl/acuexpacu/ACUPilotHandler/MultiDriverPilot\
#        -Isource/XCategory/Hbl/acuexpacu/ACUPilotHandler/MultiSequencePilot\
#        -Isource/XCategory/Hbl/acuexpacu/ACUPilotHandler/NonfunctionalPilot\
#        -Isource/XCategory/Hbl/acuexpacu/ACUPilotHandler/PwmHiResPilot\
#        -Isource/XCategory/Hbl/acuexpacu/ACUPilotHandler/PwmPilot\
#        -Isource/XCategory/Hbl/acuexpacu/ACUPilotHandler/SRChargePumpPilot\
#        -Isource/XCategory/Hbl/acuexpacu/ACUPilotHandler/SRDigitalOutputMultiPilot\
#        -Isource/XCategory/Hbl/acuexpacu/ACUPilotHandler/SRDigitalOutputPilot\
#        -Isource/XCategory/Hbl/acuexpacu/ACUPilotHandler/SRDoorLockEMPilot\
#        -Isource/XCategory/Hbl/acuexpacu/ACUPilotHandler/SRDoorLockWaxPilot\
#        -Isource/XCategory/Hbl/acuexpacu/ACUPilotHandler/SRUMRelayPilot\
#        -Isource/XCategory/Hbl/acuexpacu/ACUPilotHandler/SteadyPwmProfilePilot\
#        -Isource/XCategory/Hbl/acuexpacu/ACUPilotHandler/StepperPilot\
#        -Isource/XCategory/Hbl/acuexpacu/ACUPilotHandler/TriacSwitchPilot\
#        -Isource/XCategory/Hbl/acuexpacu/ACUPilotHandler/ZCRelayPilot\
#        -Isource/XCategory/Hbl/acuexpacu/ACUPilotHandler/ZCTriacPilot\
#        -Isource/XCategory/Hbl/acuexpacu/HblAcu\
#        -Isource/XCategory/Hbl/acuexpacu/HblAcu/CrossLoads\
#        -Isource/XCategory/Hbl/acuexpacu/HblAcu/SetLoadQueue\
#        -Isource/XCategory/Hbl/acuexpacu/HblAcu/SRProductMgr\
#        -Isource/XCategory/Hbl/acuexpacu/HblAcu/ZeroCross\
#        -Isource/XCategory/Hbl/all/Hbl\
#        -Isource/XCategory/Hbl/all/Hbl/DefaultPin\
#        -Isource/XCategory/Hbl/all/Hbl/HblCommon\
#        -Isource/XCategory/Hbl/all/Hbl/VirtualPin\
#        -Isource/XCategory/Hbl/all/LLIHandler/AbsoluteHumidityLLI\
#        -Isource/XCategory/Hbl/all/LLIHandler/AccelerometerLLI\
#        -Isource/XCategory/Hbl/all/LLIHandler/AccelerometerLLI/AccelBaseline\
#        -Isource/XCategory/Hbl/all/LLIHandler/AccelerometerLLI/AccelDiscover\
#        -Isource/XCategory/Hbl/all/LLIHandler/AccelerometerLLI/FXLS8974\
#        -Isource/XCategory/Hbl/all/LLIHandler/AccelerometerLLI/FXLS8974/SelfTestFXLS8974\
#        -Isource/XCategory/Hbl/all/LLIHandler/AccelerometerLLI/LISxDH\
#        -Isource/XCategory/Hbl/all/LLIHandler/AnalogLLI\
#        -Isource/XCategory/Hbl/all/LLIHandler/ConductivityLLI\
#        -Isource/XCategory/Hbl/all/LLIHandler/DigitalLLI\
#        -Isource/XCategory/Hbl/all/LLIHandler/EncoderLLI\
#        -Isource/XCategory/Hbl/all/LLIHandler/ExpansionLLI\
#        -Isource/XCategory/Hbl/all/LLIHandler/FeedbackLLI\
#        -Isource/XCategory/Hbl/all/LLIHandler/I2CInfraredLLI\
#        -Isource/XCategory/Hbl/all/LLIHandler/I2CPressureSensorLLI\
#        -Isource/XCategory/Hbl/all/LLIHandler/I2CRHTSensorLLI\
#        -Isource/XCategory/Hbl/all/LLIHandler/InputCaptureLLI\
#        -Isource/XCategory/Hbl/all/LLIHandler/MultiInputLLI\
#        -Isource/XCategory/Hbl/all/LLIHandler/NonfunctionalLLI\
#        -Isource/XCategory/Hbl/all/LLIHandler/PulseCounterLLI\
#        -Isource/XCategory/Hbl/all/LLIHandler/SRAnalogLLI\
#        -Isource/XCategory/Hbl/all/LLIHandler/SRDigitalLLI\
#        -Isource/XCategory/Hbl/all/LLIHandler/SRFeedbackLLI\
#        -Isource/XCategory/Hbl/all/LLIHandler/SRI2CPressureSensorLLI\
#        -Isource/XCategory/Hbl/all/LLIHandler/SRICTachometerLLI\
#        -Isource/XCategory/Hbl/all/LLIHandler/SRInputCaptureLLI\
#        -Isource/XCategory/Hbl/all/LLIHandler/SRTouchKeyLLI\
#        -Isource/XCategory/Hbl/all/LLIHandler/SRTriacFeedbackLLI\
#        -Isource/XCategory/Hbl/all/LLIHandler/TouchKeyLLI\
#        -Isource/XCategory/Hbl/all/LLIHandler/TouchSliderLLI\
#        -Isource/XCategory/Hbl/all/LLIHandler/TouchWheelLLI\
#        -Isource/XCategory/Hbl/all/LLIHandler/TriacFeedbackLLI\
#        -Isource/XCategory/Hbl/all/LLIHandler/VirtualDigitalLLI\
#        -Isource/XCategory/Service/all/NVData\
#        -Isource/XCategory/Service/all/Reveal\
#        -Isource/XCategory/Service/all/Win\) -l listings\OWIMonitor.lst -o
#        obj\OWIMonitor.obj
#        source/Category/Application/acu/Monitors/OWIMonitor/OWIMonitor.c
#    Locale       =  English_United States.1252
#    List file    =  listings\OWIMonitor.lst
#    Object file  =  obj\OWIMonitor.obj
#
###############################################################################

C:\Data\Nucleus_Dev\Vostok_ACU_A\source\Category\Application\acu\Monitors\OWIMonitor\OWIMonitor.c
      1          /**
      2           *  @file
      3           *
      4           *  @brief      Basic description of file contents
      5           *
      6           *  @details    Detailed description of the file contents
      7           *
      8           *  @section    Applicable_Documents
      9           *                    List here all the applicable documents if needed. <tr>
     10           *
     11           *  $Header: $
     12           *
     13           *  @copyright  Copyright 2017-$Date$. Whirlpool Corporation. All rights reserved - CONFIDENTIAL
     14           */
     15          //---------------------------------------------------------------------------------------------------------------------
     16          
     17          //-------------------------------------- Include Files ----------------------------------------------------------------
     18          // -- This Module --
     19          #include "C_Extensions.h"
     20          #include "SystemConfig.h"
     21          
     22          #include "DishAuxVar.h"
     23          #include "Micro.h"
     24          #include "NVData.h"
     25          #include "OWICalibrationProcess.h"
     26          #include "OWIMonitor.h"
     27          #include "Supervisor.h"
     28          #include "Interpreter.h"
     29          #include "Fault.h"
     30          
     31          //-------------------------------------- PUBLIC (Variables) -----------------------------------------------------------
     32          
     33          //-------------------------------------- PRIVATE (Variables, Constants & Defines) -------------------------------------
     34          #define MODULE_NAME    MODULE_OWI_MONITOR
     35          
     36          //! A list of log message IDs that are generated by this module.
     37          typedef enum MODULE_OWIMONITOR_LOG_MESSAGE_ID_ENUM
     38          {
     39              ERROR_PROCESS_CONTROL       = 1,
     40              ERROR_LOADING_PARAMETERS
     41          } MODULE_OWI_MONITOR_LOG_MESSAGE_ID_TYPE;
     42          
     43          //! The RAM data structure required for each instance of the OWIMonitor process.
     44          //! Pointer to the "Variable" data in the setting file.
     45          static SF_DATA_TYPE* Sf_OWIMonitor_Config;
     46          
     47          #pragma location = "_appliance_segment"

   \                                 In section _appliance_segment, align 2
     48          static uint16 CycleCounterSinceLastCalibration;
     49          
     50          #pragma location = "_appliance_segment"
     51          static uint8 CalibrationCounterSinceLastSuccess;
   \                     CalibrationCounterSinceLastSuccess:
   \   00000000                      DS8 1
   \   00000001                      DS8 1
   \   00000002                      DS8 2

   \                                 In section .bss, align 4
     52          
     53          
     54          //=====================================================================================================================
     55          //-------------------------------------- Public Functions -------------------------------------------------------------
     56          //=====================================================================================================================
     57          
     58          
     59          //=====================================================================================================================
     60          //-------------------------------------- Private Functions ------------------------------------------------------------
     61          //=====================================================================================================================
     62          
     63          
     64          //---------------------------------------------------------------------------------------------------------------------
     65          
     66          static CYCLE_NAME_TYPE Prev_Cycle_Name;
     67          static BOOL_TYPE OWI_Prev_Calibration_Ongoing;
   \                     OWI_Prev_Calibration_Ongoing:
   \   00000000                      DS8 1
   \   00000001                      DS8 1
   \   00000002                      DS8 2
   \   00000004                      DS8 4
     68          //---------------------------------------------------------------------------------------------------------------------
     69          /**
     70           *  @brief      It Initializes the module HeatMonitor and its variables
     71           *
     72           */

   \                                 In section .text, align 2, keep-with-next
     73          void OWIMonitor__Initialize(void)
     74          {
   \                     OWIMonitor__Initialize: (+1)
   \   00000000   0xB530             PUSH     {R4,R5,LR}
   \   00000002   0xB083             SUB      SP,SP,#+12
     75              SETTINGFILE_LOADER_TYPE loader;
     76          
     77              OWI_Prev_Calibration_Ongoing = FALSE;
   \   00000004   0x2500             MOVS     R5,#+0
   \   00000006   0x....             LDR      R4,??DataTable4
   \   00000008   0x0028             MOVS     R0,R5
   \   0000000A   0x7020             STRB     R0,[R4, #+0]
     78              Prev_Cycle_Name = CYCLE_NAME_INVALID;
   \   0000000C   0x....             LDR      R0,??DataTable4_1  ;; 0xffff
   \   0000000E   0x8060             STRH     R0,[R4, #+2]
     79              // Initialize SF data pointer
     80              Sf_OWIMonitor_Config = NULL;
   \   00000010   0x6065             STR      R5,[R4, #+4]
     81          
     82          
     83              // Get the Heat Monitor process parameters from the setting file.
     84              if (SettingFile__BasicLoader(SF_PTR_ACU_ALGORITHM_PARAMETERS,
     85                                          DISPL_OWI_CALIBRATION,
     86                                          &loader) == FAIL)
   \   00000012   0x466A             MOV      R2,SP
   \   00000014   0x2105             MOVS     R1,#+5
   \   00000016   0x2027             MOVS     R0,#+39
   \   00000018   0x.... 0x....      BL       SettingFile__BasicLoader
   \   0000001C   0x2800             CMP      R0,#+0
   \   0000001E   0xD106             BNE      ??OWIMonitor__Initialize_0
     87              {
     88                  LOG_ADD_EXCEPTION(ERROR_LOADING_PARAMETERS, 0);
   \   00000020   0x462B             MOV      R3,R5
   \   00000022   0x2201             MOVS     R2,#+1
   \   00000024   0x2102             MOVS     R1,#+2
   \   00000026   0x203E             MOVS     R0,#+62
   \   00000028   0x.... 0x....      BL       Log__AddMessage
   \   0000002C   0xE001             B        ??OWIMonitor__Initialize_1
     89              }
     90              else
     91              {
     92                  Sf_OWIMonitor_Config = (SF_DATA_TYPE*)(void*)(loader.Data);
   \                     ??OWIMonitor__Initialize_0: (+1)
   \   0000002E   0x9800             LDR      R0,[SP, #+0]
   \   00000030   0x6060             STR      R0,[R4, #+4]
     93              }
     94          
     95              if ((Micro__GetResetMode() == MICRO_RESET_MODE_COLD) &&
     96                      (NVData__GetLastRestoreStatus()->Bit.Appliance_Data_Recovered != (NVDATA_RESTORE_TYPE)NVDATA_RESTORE_OKAY))
   \                     ??OWIMonitor__Initialize_1: (+1)
   \   00000032   0x.... 0x....      BL       Micro__GetResetMode
   \   00000036   0x2800             CMP      R0,#+0
   \   00000038   0xD10C             BNE      ??OWIMonitor__Initialize_2
   \   0000003A   0x.... 0x....      BL       NVData__GetLastRestoreStatus
   \   0000003E   0x7800             LDRB     R0,[R0, #+0]
   \   00000040   0x0780             LSLS     R0,R0,#+30
   \   00000042   0x0F80             LSRS     R0,R0,#+30
   \   00000044   0x2801             CMP      R0,#+1
   \   00000046   0xD005             BEQ      ??OWIMonitor__Initialize_2
     97              {
     98                  CycleCounterSinceLastCalibration = 0;
   \   00000048   0x....             LDR      R0,??DataTable4_2
   \   0000004A   0x0029             MOVS     R1,R5
   \   0000004C   0x8041             STRH     R1,[R0, #+2]
     99                  CalibrationCounterSinceLastSuccess = 0;
   \   0000004E   0x7001             STRB     R1,[R0, #+0]
    100                  OWI_Status = OWI_STATUS_NEEDS_CALIBRATION;
   \   00000050   0x....             LDR      R0,??DataTable4_3
   \   00000052   0x7005             STRB     R5,[R0, #+0]
    101              }
    102          
    103          }
   \                     ??OWIMonitor__Initialize_2: (+1)
   \   00000054   0xBD37             POP      {R0-R2,R4,R5,PC}  ;; return
    104          

   \                                 In section .text, align 2, keep-with-next
    105          void OWIMonitor__Execution(void)
    106          {
   \                     OWIMonitor__Execution: (+1)
   \   00000000   0xB570             PUSH     {R4-R6,LR}
   \   00000002   0xB082             SUB      SP,SP,#+8
    107              BOOL_TYPE calibration_ongoing;
    108              CYCLE_PHASE_STATEMENT_TYPE cps;
    109              CYCLE_STATE_TYPE cycle_state;
    110              CYCLE_NAME_TYPE cycle_name;
    111          
    112              calibration_ongoing = OWICalibration__GetRunningFlag();
   \   00000004   0x.... 0x....      BL       OWICalibration__GetRunningFlag
   \   00000008   0x0006             MOVS     R6,R0
    113              if (((uint8)OWI_Prev_Calibration_Ongoing == (uint8)TRUE) && (FALSE == calibration_ongoing))    // Calibration finished
   \   0000000A   0x....             LDR      R4,??DataTable4
   \   0000000C   0x7820             LDRB     R0,[R4, #+0]
   \   0000000E   0x2801             CMP      R0,#+1
   \   00000010   0xD12C             BNE      ??OWIMonitor__Execution_0
   \   00000012   0x0030             MOVS     R0,R6
   \   00000014   0xD12A             BNE      ??OWIMonitor__Execution_0
    114              {
    115                  if (PASS == OWICalibration__GetStatus())
   \   00000016   0x....             LDR      R5,??DataTable4_2
   \   00000018   0x.... 0x....      BL       OWICalibration__GetStatus
   \   0000001C   0x2801             CMP      R0,#+1
   \   0000001E   0xD10E             BNE      ??OWIMonitor__Execution_1
    116                  {
    117                      OWI_Status = OWI_STATUS_CALIBRATED;
   \   00000020   0x2001             MOVS     R0,#+1
   \   00000022   0x....             LDR      R1,??DataTable4_3
   \   00000024   0x7008             STRB     R0,[R1, #+0]
    118                      CycleCounterSinceLastCalibration = 0;
   \   00000026   0x2100             MOVS     R1,#+0
   \   00000028   0x8069             STRH     R1,[R5, #+2]
    119                      CalibrationCounterSinceLastSuccess = 0;
   \   0000002A   0x7029             STRB     R1,[R5, #+0]
    120                      if ((uint8)Fault__IsInFaultState(FAULT_ID_OWI_CALIBRATION_FAILURE) == (uint8)TRUE)
   \   0000002C   0x2020             MOVS     R0,#+32
   \   0000002E   0x.... 0x....      BL       Fault__IsInFaultState
   \   00000032   0x2801             CMP      R0,#+1
   \   00000034   0xD11A             BNE      ??OWIMonitor__Execution_0
    121                      {
    122                          // fault clear F3E2
    123                          Fault__ConditionRemoved(FAULT_ID_OWI_CALIBRATION_FAILURE);
   \   00000036   0x2020             MOVS     R0,#+32
   \   00000038   0x.... 0x....      BL       Fault__ConditionRemoved
   \   0000003C   0xE016             B        ??OWIMonitor__Execution_0
    124                      }
    125                  }
    126                  else
    127                  {
    128                      CalibrationCounterSinceLastSuccess++;
   \                     ??OWIMonitor__Execution_1: (+1)
   \   0000003E   0x7828             LDRB     R0,[R5, #+0]
   \   00000040   0x1C40             ADDS     R0,R0,#+1
   \   00000042   0x7028             STRB     R0,[R5, #+0]
   \   00000044   0x6861             LDR      R1,[R4, #+4]
   \   00000046   0x79C9             LDRB     R1,[R1, #+7]
   \   00000048   0x000A             MOVS     R2,R1
   \   0000004A   0xB2C0             UXTB     R0,R0
   \   0000004C   0x4290             CMP      R0,R2
   \   0000004E   0xD30D             BCC      ??OWIMonitor__Execution_0
    129          
    130                      if (CalibrationCounterSinceLastSuccess >= Sf_OWIMonitor_Config->Turbidity_Sensor_Calib_Retry_Count)
    131                      {
    132                          CalibrationCounterSinceLastSuccess = Sf_OWIMonitor_Config->Turbidity_Sensor_Calib_Retry_Count;
   \   00000050   0x7029             STRB     R1,[R5, #+0]
    133                          OWI_Status = OWI_STATUS_NON_SENSOR_MODE;
   \   00000052   0x2002             MOVS     R0,#+2
   \   00000054   0x....             LDR      R1,??DataTable4_3
   \   00000056   0x7008             STRB     R0,[R1, #+0]
    134                          CycleCounterSinceLastCalibration = 0;
   \   00000058   0x2000             MOVS     R0,#+0
   \   0000005A   0x8068             STRH     R0,[R5, #+2]
    135                          // fault detect F3E2
    136                          if (Fault__IsInFaultState(FAULT_ID_OWI_CALIBRATION_FAILURE) == FALSE)
   \   0000005C   0x2020             MOVS     R0,#+32
   \   0000005E   0x.... 0x....      BL       Fault__IsInFaultState
   \   00000062   0x2800             CMP      R0,#+0
   \   00000064   0xD102             BNE      ??OWIMonitor__Execution_0
    137                          {
    138                              Fault__ConditionDetected(FAULT_ID_OWI_CALIBRATION_FAILURE);
   \   00000066   0x2020             MOVS     R0,#+32
   \   00000068   0x.... 0x....      BL       Fault__ConditionDetected
    139                          }
    140                      }
    141                  }
    142              }
    143              OWI_Prev_Calibration_Ongoing = calibration_ongoing;
   \                     ??OWIMonitor__Execution_0: (+1)
   \   0000006C   0x7026             STRB     R6,[R4, #+0]
    144          
    145              cps = Interpreter__GetCurrentStatement(COMPARTMENT_DEFAULT);
   \   0000006E   0x2000             MOVS     R0,#+0
   \   00000070   0x.... 0x....      BL       Interpreter__GetCurrentStatement
   \   00000074   0x9000             STR      R0,[SP, #+0]
    146              cycle_state = (Selector__GetCycleState(Interpreter__GetCurrentSFIndex(COMPARTMENT_DEFAULT), COMPARTMENT_DEFAULT, cps.Cycle));
    147          
    148              if (cycle_state == CYCLE_STATE_PROGRAMMING)
   \   00000076   0x2000             MOVS     R0,#+0
   \   00000078   0x.... 0x....      BL       Interpreter__GetCurrentSFIndex
   \   0000007C   0x4669             MOV      R1,SP
   \   0000007E   0x780A             LDRB     R2,[R1, #+0]
   \   00000080   0x2100             MOVS     R1,#+0
   \   00000082   0x.... 0x....      BL       Selector__GetCycleState
   \   00000086   0x2800             CMP      R0,#+0
   \   00000088   0xD11C             BNE      ??OWIMonitor__Execution_2
    149              {
    150                  cycle_name = Selector__GetCycleNameId(Interpreter__GetCurrentSFIndex(COMPARTMENT_DEFAULT),COMPARTMENT_DEFAULT,cps.Phase);
   \   0000008A   0x2000             MOVS     R0,#+0
   \   0000008C   0x.... 0x....      BL       Interpreter__GetCurrentSFIndex
   \   00000090   0x4669             MOV      R1,SP
   \   00000092   0x784A             LDRB     R2,[R1, #+1]
   \   00000094   0x2100             MOVS     R1,#+0
   \   00000096   0x.... 0x....      BL       Selector__GetCycleNameId
    151                  if (((CYCLE_NAME_SERVICE_0 == cycle_name) || (CYCLE_NAME_SERVICE_1 == cycle_name))
    152                   && (CYCLE_NAME_SERVICE_0 != Prev_Cycle_Name) && (CYCLE_NAME_SERVICE_1 != Prev_Cycle_Name))
   \   0000009A   0x0001             MOVS     R1,R0
   \   0000009C   0x....             LDR      R2,??DataTable4_4  ;; 0xff10
   \   0000009E   0x4291             CMP      R1,R2
   \   000000A0   0xD002             BEQ      ??OWIMonitor__Execution_3
   \   000000A2   0x1C53             ADDS     R3,R2,#+1
   \   000000A4   0x4299             CMP      R1,R3
   \   000000A6   0xD10C             BNE      ??OWIMonitor__Execution_4
   \                     ??OWIMonitor__Execution_3: (+1)
   \   000000A8   0x8861             LDRH     R1,[R4, #+2]
   \   000000AA   0x4291             CMP      R1,R2
   \   000000AC   0xD009             BEQ      ??OWIMonitor__Execution_4
   \   000000AE   0x1C52             ADDS     R2,R2,#+1
   \   000000B0   0x4291             CMP      R1,R2
   \   000000B2   0xD006             BEQ      ??OWIMonitor__Execution_4
    153                  {
    154                      CalibrationCounterSinceLastSuccess = 0;
   \   000000B4   0x....             LDR      R5,??DataTable4_2
   \   000000B6   0x2100             MOVS     R1,#+0
   \   000000B8   0x000A             MOVS     R2,R1
   \   000000BA   0x702A             STRB     R2,[R5, #+0]
    155                      CycleCounterSinceLastCalibration = 0;
   \   000000BC   0x8069             STRH     R1,[R5, #+2]
    156                      OWI_Status = OWI_STATUS_NEEDS_CALIBRATION;
   \   000000BE   0x....             LDR      R2,??DataTable4_3
   \   000000C0   0x7011             STRB     R1,[R2, #+0]
    157                  }
    158                  Prev_Cycle_Name = cycle_name;
   \                     ??OWIMonitor__Execution_4: (+1)
   \   000000C2   0x8060             STRH     R0,[R4, #+2]
    159              }
    160          }
   \                     ??OWIMonitor__Execution_2: (+1)
   \   000000C4   0xBD73             POP      {R0,R1,R4-R6,PC}  ;; return
    161          

   \                                 In section .text, align 2, keep-with-next
    162          void OWIMonitor__CycleStarted(void)
    163          {
   \                     OWIMonitor__CycleStarted: (+1)
   \   00000000   0xB580             PUSH     {R7,LR}
    164              if (Supervisor__IsTestCycleActive())
   \   00000002   0x.... 0x....      BL       Supervisor__IsTestCycleActive
   \   00000006   0x2800             CMP      R0,#+0
   \   00000008   0xD006             BEQ      ??OWIMonitor__CycleStarted_0
    165              {
    166                  CalibrationCounterSinceLastSuccess = 0;
   \   0000000A   0x2000             MOVS     R0,#+0
   \   0000000C   0x....             LDR      R1,??DataTable4_2
   \   0000000E   0x0002             MOVS     R2,R0
   \   00000010   0x700A             STRB     R2,[R1, #+0]
    167                  CycleCounterSinceLastCalibration = 0;
   \   00000012   0x8048             STRH     R0,[R1, #+2]
    168                  OWI_Status = OWI_STATUS_NEEDS_CALIBRATION;
   \   00000014   0x....             LDR      R1,??DataTable4_3
   \   00000016   0x7008             STRB     R0,[R1, #+0]
    169              }
    170          }
   \                     ??OWIMonitor__CycleStarted_0: (+1)
   \   00000018   0xBD01             POP      {R0,PC}          ;; return
    171          

   \                                 In section .text, align 2, keep-with-next
    172          void OWIMonitor__CycleEndEvent(void)
    173          {
    174              if (CycleCounterSinceLastCalibration < 0xFFFFU)
   \                     OWIMonitor__CycleEndEvent: (+1)
   \   00000000   0x....             LDR      R0,??DataTable4_2
   \   00000002   0x8841             LDRH     R1,[R0, #+2]
   \   00000004   0x....             LDR      R2,??DataTable4_1  ;; 0xffff
   \   00000006   0x4291             CMP      R1,R2
   \   00000008   0xD001             BEQ      ??OWIMonitor__CycleEndEvent_0
    175              {
    176                  CycleCounterSinceLastCalibration ++;
   \   0000000A   0x1C49             ADDS     R1,R1,#+1
   \   0000000C   0x8041             STRH     R1,[R0, #+2]
    177              }
    178              if (CycleCounterSinceLastCalibration >= (Sf_OWIMonitor_Config->OWI_Cycles_Between_Calibrations + (uint8)1))
   \                     ??OWIMonitor__CycleEndEvent_0: (+1)
   \   0000000E   0x....             LDR      R1,??DataTable4
   \   00000010   0x684A             LDR      R2,[R1, #+4]
   \   00000012   0x7F11             LDRB     R1,[R2, #+28]
   \   00000014   0x7F53             LDRB     R3,[R2, #+29]
   \   00000016   0x061B             LSLS     R3,R3,#+24
   \   00000018   0x0C1B             LSRS     R3,R3,#+16
   \   0000001A   0x4319             ORRS     R1,R1,R3
   \   0000001C   0x8842             LDRH     R2,[R0, #+2]
   \   0000001E   0x1C49             ADDS     R1,R1,#+1
   \   00000020   0x428A             CMP      R2,R1
   \   00000022   0xDB05             BLT      ??OWIMonitor__CycleEndEvent_1
    179              {
    180                  CalibrationCounterSinceLastSuccess = 0;
   \   00000024   0x2100             MOVS     R1,#+0
   \   00000026   0x000A             MOVS     R2,R1
   \   00000028   0x7002             STRB     R2,[R0, #+0]
    181                  CycleCounterSinceLastCalibration = 0;
   \   0000002A   0x8041             STRH     R1,[R0, #+2]
    182                  OWI_Status = OWI_STATUS_NEEDS_CALIBRATION;
   \   0000002C   0x....             LDR      R0,??DataTable4_3
   \   0000002E   0x7001             STRB     R1,[R0, #+0]
    183              }
    184          }
   \                     ??OWIMonitor__CycleEndEvent_1: (+1)
   \   00000030   0x4770             BX       LR               ;; return
    185          

   \                                 In section .text, align 2, keep-with-next
    186          void OWIMonitor__CheckFaultCondition(void)
    187          {
   \                     OWIMonitor__CheckFaultCondition: (+1)
   \   00000000   0x....             LDR      R0,??DataTable4
   \   00000002   0x6840             LDR      R0,[R0, #+4]
   \   00000004   0x79C0             LDRB     R0,[R0, #+7]
   \   00000006   0x....             LDR      R1,??DataTable4_2
   \   00000008   0x780A             LDRB     R2,[R1, #+0]
   \   0000000A   0x0003             MOVS     R3,R0
   \   0000000C   0x429A             CMP      R2,R3
   \   0000000E   0xD200             BCS      ??OWIMonitor__CheckFaultCondition_0
   \   00000010   0x4770             BX       LR
    188              if (CalibrationCounterSinceLastSuccess >= Sf_OWIMonitor_Config->Turbidity_Sensor_Calib_Retry_Count)
    189              {
    190                  CalibrationCounterSinceLastSuccess = Sf_OWIMonitor_Config->Turbidity_Sensor_Calib_Retry_Count;
   \                     ??OWIMonitor__CheckFaultCondition_0: (+1)
   \   00000012   0xB580             PUSH     {R7,LR}
   \   00000014   0x7008             STRB     R0,[R1, #+0]
    191                  OWI_Status = OWI_STATUS_NON_SENSOR_MODE;
   \   00000016   0x2002             MOVS     R0,#+2
   \   00000018   0x....             LDR      R1,??DataTable4_3
   \   0000001A   0x7008             STRB     R0,[R1, #+0]
    192          
    193                  // fault detect F3E2
    194                  if (Fault__IsInFaultState(FAULT_ID_OWI_CALIBRATION_FAILURE) == FALSE)
   \   0000001C   0x2020             MOVS     R0,#+32
   \   0000001E   0x.... 0x....      BL       Fault__IsInFaultState
   \   00000022   0x2800             CMP      R0,#+0
   \   00000024   0xD102             BNE      ??OWIMonitor__CheckFaultCondition_1
    195                  {
    196                      Fault__ConditionDetected(FAULT_ID_OWI_CALIBRATION_FAILURE);
   \   00000026   0x2020             MOVS     R0,#+32
   \   00000028   0x.... 0x....      BL       Fault__ConditionDetected
    197                  }
    198              }
    199          }
   \                     ??OWIMonitor__CheckFaultCondition_1: (+1)
   \   0000002C   0xBD01             POP      {R0,PC}          ;; return

   \                                 In section .text, align 4, keep-with-next
   \                     ??DataTable4:
   \   00000000   0x........         DC32     OWI_Prev_Calibration_Ongoing

   \                                 In section .text, align 4, keep-with-next
   \                     ??DataTable4_1:
   \   00000000   0x0000FFFF         DC32     0xffff

   \                                 In section .text, align 4, keep-with-next
   \                     ??DataTable4_2:
   \   00000000   0x........         DC32     CalibrationCounterSinceLastSuccess

   \                                 In section .text, align 4, keep-with-next
   \                     ??DataTable4_3:
   \   00000000   0x........         DC32     OWI_Status

   \                                 In section .text, align 4, keep-with-next
   \                     ??DataTable4_4:
   \   00000000   0x0000FF10         DC32     0xff10
    200          //=====================================================================================================================
    201          //-------------------------------------- Private Functions ------------------------------------------------------------
    202          //=====================================================================================================================
    203          
    204          

   Maximum stack usage in bytes:

   .cstack Function
   ------- --------
       8   OWIMonitor__CheckFaultCondition
         8   -> Fault__ConditionDetected
         8   -> Fault__IsInFaultState
       0   OWIMonitor__CycleEndEvent
       8   OWIMonitor__CycleStarted
         8   -> Supervisor__IsTestCycleActive
      24   OWIMonitor__Execution
        24   -> Fault__ConditionDetected
        24   -> Fault__ConditionRemoved
        24   -> Fault__IsInFaultState
        24   -> Interpreter__GetCurrentSFIndex
        24   -> Interpreter__GetCurrentStatement
        24   -> OWICalibration__GetRunningFlag
        24   -> OWICalibration__GetStatus
        24   -> Selector__GetCycleNameId
        24   -> Selector__GetCycleState
      24   OWIMonitor__Initialize
        24   -> Log__AddMessage
        24   -> Micro__GetResetMode
        24   -> NVData__GetLastRestoreStatus
        24   -> SettingFile__BasicLoader


   Section sizes:

   Bytes  Function/Label
   -----  --------------
       4  ??DataTable4
       4  ??DataTable4_1
       4  ??DataTable4_2
       4  ??DataTable4_3
       4  ??DataTable4_4
       4  CalibrationCounterSinceLastSuccess
          CycleCounterSinceLastCalibration
      46  OWIMonitor__CheckFaultCondition
      50  OWIMonitor__CycleEndEvent
      26  OWIMonitor__CycleStarted
     198  OWIMonitor__Execution
      86  OWIMonitor__Initialize
       8  OWI_Prev_Calibration_Ongoing
          Prev_Cycle_Name
          Sf_OWIMonitor_Config

 
   8 bytes in section .bss
 426 bytes in section .text
   4 bytes in section _appliance_segment
 
 426 bytes of CODE memory
  12 bytes of DATA memory

Errors: none
Warnings: none
