###############################################################################
#
# IAR ANSI C/C++ Compiler V7.70.1.11437/W32 for ARM       28/Feb/2025  14:17:30
# Copyright 1999-2016 IAR Systems AB.
#
#    Cpu mode     =  thumb
#    Endian       =  little
#    Source file  =  
#        source/Category/Application/acu/Monitors/ModelMonitors/OWIVoltageRegulatedOutputModel/OWIVoltageRegulatedOutput.c
#    Command line =  
#        --cpu Cortex-M0+ -Om --debug -e --only_stdout --silent -D
#        ENABLE_JUMP_TO_APPLICATION_WITHOUT_IAP_FIRMWARE --no_wrap_diagnostics
#        -f config\tmp\include_path.lnt
#        (-I../Nucleus-Tools-SDK/embOS/arm/v4.26/source\
#        -I../Nucleus-Tools-SDK/iar/arm/v7.70/cx/inc\
#        -Isource/Category/Application/acu/CycleResume\
#        -Isource/Category/Application/acu/Monitors/AutostartFactoryCycleMonitor\
#        -Isource/Category/Application/acu/Monitors/CartridgeDetectionMonitor\
#        -Isource/Category/Application/acu/Monitors/DCLoadCurrentMonitor\
#        -Isource/Category/Application/acu/Monitors/DiverterFaultMonitor\
#        -Isource/Category/Application/acu/Monitors/DiverterLeakFaultMonitor\
#        -Isource/Category/Application/acu/Monitors/DoorMonitor\
#        -Isource/Category/Application/acu/Monitors/DoorOpeningSystemMonitor\
#        -Isource/Category/Application/acu/Monitors/FanMotorFaultMonitor\
#        -Isource/Category/Application/acu/Monitors/FaultStatusMonitor\
#        -Isource/Category/Application/acu/Monitors/FillValveStuckOn\
#        -Isource/Category/Application/acu/Monitors/FlowMeterFaultMonitor\
#        -Isource/Category/Application/acu/Monitors/HeatMonitor\
#        -Isource/Category/Application/acu/Monitors/HotHighPotMonitor\
#        -Isource/Category/Application/acu/Monitors/LITTFaultMonitor\
#        -Isource/Category/Application/acu/Monitors/LITTMonitor\
#        -Isource/Category/Application/acu/Monitors/McuGetDataMonitor\
#        -Isource/Category/Application/acu/Monitors/ModelMonitors/AirlockDetectionMonitor\
#        -Isource/Category/Application/acu/Monitors/ModelMonitors/AirlockDetectionMonitor/CodeGeneration\
#        -Isource/Category/Application/acu/Monitors/ModelMonitors/HeaterCalcificationDetectionModel\
#        -Isource/Category/Application/acu/Monitors/ModelMonitors/HeaterCalcificationDetectionModel/CodeGeneration\
#        -Isource/Category/Application/acu/Monitors/ModelMonitors/OWIVoltageRegulatedOutputModel\
#        -Isource/Category/Application/acu/Monitors/ModelMonitors/OWIVoltageRegulatedOutputModel/CodeGeneration\
#        -Isource/Category/Application/acu/Monitors/ModelMonitors/PluggingDetectionMonitor\
#        -Isource/Category/Application/acu/Monitors/ModelMonitors/PluggingDetectionMonitor/CodeGeneration\
#        -Isource/Category/Application/acu/Monitors/MoisturePreventionMonitor\
#        -Isource/Category/Application/acu/Monitors/OverfillMonitor\
#        -Isource/Category/Application/acu/Monitors/OWIMonitor\
#        -Isource/Category/Application/acu/Monitors/PilotRelayFaultMonitor\
#        -Isource/Category/Application/acu/Monitors/PilotRelayFaultMonitor/PilotRelayStuckClosedMonitor\
#        -Isource/Category/Application/acu/Monitors/PilotRelayFaultMonitor/PilotRelayStuckOpenMonitor\
#        -Isource/Category/Application/acu/Monitors/PORTimeMonitor\
#        -Isource/Category/Application/acu/Monitors/PumpFlushRequestMonitor\
#        -Isource/Category/Application/acu/Monitors/RinseAidMonitor\
#        -Isource/Category/Application/acu/Monitors/SaltSensingMonitor\
#        -Isource/Category/Application/acu/Monitors/StabilityControlLoopMonitor\
#        -Isource/Category/Application/acu/Monitors/StandbyManager\
#        -Isource/Category/Application/acu/Monitors/SupervisorExtMonitor\
#        -Isource/Category/Application/acu/Monitors/ThermistorFaultMonitor\
#        -Isource/Category/Application/acu/Monitors/ThermistorFaultMonitor/ThermistorOpenMonitor\
#        -Isource/Category/Application/acu/Monitors/ThermistorFaultMonitor/ThermistorShortedMonitor\
#        -Isource/Category/Application/acu/Monitors/TriacCurrentMonitor\
#        -Isource/Category/Application/acu/Monitors/TriacShortedDrainFaultMonitor\
#        -Isource/Category/Application/acu/Monitors/TriacVoltageMonitor\
#        -Isource/Category/Application/acu/Monitors/VoltageRangeMonitor\
#        -Isource/Category/Application/acu/Monitors/VSDrainMotorFaultMonitor\
#        -Isource/Category/Application/acu/Monitors/VwiMonitor\
#        -Isource/Category/Application/acu/Monitors/VwiZoneCompensationMonitor\
#        -Isource/Category/Application/acu/Monitors/WashHeaterFaultMonitor\
#        -Isource/Category/Application/acu/Monitors/WashHeaterFaultMonitor/HeaterLeakageToNeutralMonitor\
#        -Isource/Category/Application/acu/Monitors/WashHeaterFaultMonitor/HeaterLineRelayOpenMonitor\
#        -Isource/Category/Application/acu/Monitors/WashHeaterFaultMonitor/HeaterNeutralRelayOpenMonitor\
#        -Isource/Category/Application/acu/Monitors/WashHeaterFaultMonitor/HeaterOpenAndLineRelayClosedMonitor\
#        -Isource/Category/Application/acu/Monitors/WashHeaterFaultMonitor/HeaterOpenMonitor\
#        -Isource/Category/Application/acu/Monitors/WashMotorFaultMonitor\
#        -Isource/Category/Application/acu/Monitors/ZeroCrossMonitor\
#        -Isource/Category/Application/acu/Processes/AlternateCtrl\
#        -Isource/Category/Application/acu/Processes/Fill\
#        -Isource/Category/Application/acu/Processes/Fill/ClassAFill\
#        -Isource/Category/Application/acu/Processes/Fill/Fill\
#        -Isource/Category/Application/acu/Processes/Fill/TankDrain\
#        -Isource/Category/Application/acu/Processes/Fill/TankFill\
#        -Isource/Category/Application/acu/Processes/Heat\
#        -Isource/Category/Application/acu/Processes/ModelProcesses/OWICalibrationModel\
#        -Isource/Category/Application/acu/Processes/ModelProcesses/OWICalibrationModel/CodeGeneration\
#        -Isource/Category/Application/acu/Processes/ModelProcesses/PartialDrainModel\
#        -Isource/Category/Application/acu/Processes/ModelProcesses/PartialDrainModel/CodeGeneration\
#        -Isource/Category/Application/acu/Processes/ModelProcesses/SensedDrainModel\
#        -Isource/Category/Application/acu/Processes/ModelProcesses/SensedDrainModel/CodeGeneration\
#        -Isource/Category/Application/acu/Processes/OWI\
#        -Isource/Category/Application/acu/Processes/OWI_VRO\
#        -Isource/Category/Application/acu/Processes/OWIOneShot\
#        -Isource/Category/Application/acu/Processes/PumpControl\
#        -Isource/Category/Application/acu/Processes/Regenerate\
#        -Isource/Category/Application/acu/Processes/RinseAidDispense\
#        -Isource/Category/Application/acu/Processes/RinseAidDispense/RinseAid\
#        -Isource/Category/Application/acu/Processes/RinseAidDispense/TridgeDetergent\
#        -Isource/Category/Application/acu/Tasks/DoorOpeningSystemPull\
#        -Isource/Category/Application/acu/Tasks/DoorOpeningSystemPush\
#        -Isource/Category/Application/acu/Tasks/HeaterShadowing\
#        -Isource/Category/Application/acu/Tasks/MoisturePrevention\
#        -Isource/Category/Application/acu/Tasks/OWIContinousReading\
#        -Isource/Category/Application/acu/Tasks/OwiVroContinuousReading\
#        -Isource/Category/Application/acu/Tasks/Sanitization\
#        -Isource/Category/Application/acu/Tasks/StabilityControl\
#        -Isource/Category/Application/acu/Tasks/TimeElapse\
#        -Isource/Category/Application/acu/VWI\
#        -Isource/Category/Application/all/ActivePower\
#        -Isource/Category/Application/all/API007App\
#        -Isource/Category/Application/all/Config\
#        -Isource/Category/Common/acu/CommonDish/DishAuxVar\
#        -Isource/Category/Common/acu/CommonDish/PumpCommand\
#        -Isource/Category/Common/acu/CommonDish/StatisticsDish\
#        -Isource/Category/Common/all/BoardDebugging\
#        -Isource/Category/Common/all/Config\
#        -Isource/Category/Common/all/MasterCommander\
#        -Isource/Category/Common/all/MasterCommander/Source\
#        -Isource/Category/Common/all/MasterCommander/Source/HAL\
#        -Isource/Category/Common/all/SharedUtils\
#        -Isource/Category/Hbl/acu/ACULoadHandler/AlternateLoad\
#        -Isource/Category/Hbl/acuexpacu/ACUGIHandler/WaterCounterGI\
#        -Isource/Category/Hbl/acuexpacu/ACULoadHandler/HeaterLoad\
#        -Isource/Category/Hbl/acuexpacu/ACULoadHandler/TriacMci\
#        -Isource/Category/Hbl/all/Config\ -Isource/Category/Hbl/all/Mci\
#        -Isource/Category/Hbl/all/Mci/MciZeroCross\
#        -Isource/Category/Hbl/all/Mci/Slfac\
#        -Isource/Category/Hbl/all/Mci/Slfac/Macroblocks\
#        -Isource/Category/Hbl/all/Mci/Slfac/Microblocks/GlitchFilter\
#        -Isource/Category/Hbl/all/Mci/Slfac/Microblocks/IIRFilter\
#        -Isource/Category/Hbl/all/Mci/Slfac/Microblocks/MathCalc\
#        -Isource/Category/Hbl/all/Mci/Slfac/Microblocks/PeakDetector\
#        -Isource/Category/Hbl/all/Mci/Slfac/Microblocks/Pi\
#        -Isource/Category/Hbl/all/MCUDrivers/TimeCapture\
#        -Isource/Category/Hbl/all/MCUDrivers/TimerInterruptExt\
#        -Isource/Micros/STM32G0x/Driver/Atod\
#        -Isource/Micros/STM32G0x/Driver/DataFlash\
#        -Isource/Micros/STM32G0x/Driver/Dma\
#        -Isource/Micros/STM32G0x/Driver/Dtoa\
#        -Isource/Micros/STM32G0x/Driver/ExtInterrupt\
#        -Isource/Micros/STM32G0x/Driver/Flash\
#        -Isource/Micros/STM32G0x/Driver/Gpio\
#        -Isource/Micros/STM32G0x/Driver/I2c\
#        -Isource/Micros/STM32G0x/Driver/IntMgr\
#        -Isource/Micros/STM32G0x/Driver/Micro\
#        -Isource/Micros/STM32G0x/Driver/MicroExt\
#        -Isource/Micros/STM32G0x/Driver/Rtc\
#        -Isource/Micros/STM32G0x/Driver/RTCDriver\
#        -Isource/Micros/STM32G0x/Driver/Spi\
#        -Isource/Micros/STM32G0x/Driver/Timeout\
#        -Isource/Micros/STM32G0x/Driver/Timer\
#        -Isource/Micros/STM32G0x/Driver/TimerInterrupt\
#        -Isource/Micros/STM32G0x/Driver/Uart\
#        -Isource/ProjectSpecific/Application/acu/Config\
#        -Isource/ProjectSpecific/Application/acu/LowPower\
#        -Isource/ProjectSpecific/Application/acuexpacu/Config\
#        -Isource/ProjectSpecific/Application/all/Config\
#        -Isource/ProjectSpecific/Application/all/MCUDebug\
#        -Isource/ProjectSpecific/Application/all/ProductInfo\
#        -Isource/ProjectSpecific/Common/acu/Config\
#        -Isource/ProjectSpecific/Common/all/Config\
#        -Isource/ProjectSpecific/Common/all/Debug\
#        -Isource/ProjectSpecific/Common/all/SRConfig\
#        -Isource/ProjectSpecific/Driver/STM32G0x\
#        -Isource/ProjectSpecific/Hbl/acuexpacu/Config\
#        -Isource/ProjectSpecific/Hbl/acuexpacu/SRConfig\
#        -Isource/ProjectSpecific/Hbl/all/Config\
#        -Isource/ProjectSpecific/Hbl/all/Config/Mci\
#        -Isource/ProjectSpecific/Hbl/all/Config/Mci/MasterCommander\
#        -Isource/ProjectSpecific/Hbl/all/Config/Mci/MCUDrivers\
#        -Isource/ProjectSpecific/Hbl/all/SRConfig\
#        -Isource/XCategory/Application/acu/API221MotionCtrl\
#        -Isource/XCategory/Application/acu/Calibration\
#        -Isource/XCategory/Application/acu/Condition\
#        -Isource/XCategory/Application/acu/Estimator\
#        -Isource/XCategory/Application/acu/Interpreter\
#        -Isource/XCategory/Application/acu/Processes/ActivateTask\
#        -Isource/XCategory/Application/acu/Processes/JumpIf\
#        -Isource/XCategory/Application/acu/Processes/LoadsControl\
#        -Isource/XCategory/Application/acu/Processes/Maintain\
#        -Isource/XCategory/Application/acu/Processes/SetVariable\
#        -Isource/XCategory/Application/acu/RegulationAccept\
#        -Isource/XCategory/Application/acu/Selector\
#        -Isource/XCategory/Application/acu/SubCycle\
#        -Isource/XCategory/Application/acu/Supervisor\
#        -Isource/XCategory/Application/acu/TestMgr\
#        -Isource/XCategory/Application/acuexpacu/ApplianceMgr\
#        -Isource/XCategory/Application/acuhmi/CommunicationMonitor\
#        -Isource/XCategory/Application/acuhmi/Modifier\
#        -Isource/XCategory/Application/acuhmi/Regulations\
#        -Isource/XCategory/Application/acuhmi/Status\
#        -Isource/XCategory/Application/all/API007Data\
#        -Isource/XCategory/Application/all/API011AppCtr\
#        -Isource/XCategory/Application/all/API012Exp\
#        -Isource/XCategory/Application/all/API013RemoteFunction\
#        -Isource/XCategory/Application/all/API018Diagnostic\
#        -Isource/XCategory/Application/all/API220MotorControl\
#        -Isource/XCategory/Application/all/API220MotorControl/Api\
#        -Isource/XCategory/Application/all/Mode\
#        -Isource/XCategory/Application/all/Reveal_Basic/API003Disc\
#        -Isource/XCategory/Application/all/Reveal_Basic/API004Debug\
#        -Isource/XCategory/Application/all/Reveal_Basic/API004Debug/SW05SoftwareTest\
#        -Isource/XCategory/Application/all/Reveal_Basic/API005LowLevel\
#        -Isource/XCategory/Application/all/Reveal_Basic/API009System\
#        -Isource/XCategory/Application/all/Reveal_Basic/API010PollVar\
#        -Isource/XCategory/Application/all/Reveal_Basic/API019ProductInfo\
#        -Isource/XCategory/Application/all/SFUpdater\
#        -Isource/XCategory/Application/all/SRAPI020Safety\
#        -Isource/XCategory/Application/all/StatusLed\
#        -Isource/XCategory/Common/acu/BrownOut\
#        -Isource/XCategory/Common/acu/Fault\
#        -Isource/XCategory/Common/acu/Statistics\
#        -Isource/XCategory/Common/all/Common/Callback\
#        -Isource/XCategory/Common/all/Common/Convert\
#        -Isource/XCategory/Common/all/Common/Crc16\
#        -Isource/XCategory/Common/all/Common/Crc32\
#        -Isource/XCategory/Common/all/Common/Crc8\
#        -Isource/XCategory/Common/all/Common/Equation\
#        -Isource/XCategory/Common/all/Common/Filter\
#        -Isource/XCategory/Common/all/Common/FITMgr\
#        -Isource/XCategory/Common/all/Common/I2cMgr\
#        -Isource/XCategory/Common/all/Common/IAPEmul\
#        -Isource/XCategory/Common/all/Common/Log\
#        -Isource/XCategory/Common/all/Common/Millis\
#        -Isource/XCategory/Common/all/Common/SeggerRTT\
#        -Isource/XCategory/Common/all/Common/SeggerRTT/SEGGER_RTT/Config\
#        -Isource/XCategory/Common/all/Common/SeggerRTT/SEGGER_RTT/RTT\
#        -Isource/XCategory/Common/all/Common/SettingFile\
#        -Isource/XCategory/Common/all/Common/SFVersionCheck\
#        -Isource/XCategory/Common/all/Common/SystemConfig\
#        -Isource/XCategory/Common/all/Common/SystemTimers\
#        -Isource/XCategory/Common/all/Common/Utilities\
#        -Isource/XCategory/Common/all/Common/Variable\
#        -Isource/XCategory/Common/all/SRCommon/SRClockMonitor\
#        -Isource/XCategory/Common/all/SRCommon/SRData\
#        -Isource/XCategory/Common/all/SRCommon/SRException\
#        -Isource/XCategory/Common/all/SRCommon/SRIsrMonitor\
#        -Isource/XCategory/Common/all/SRCommon/SRPowerMgr\
#        -Isource/XCategory/Common/all/SRCommon/SRSignature\
#        -Isource/XCategory/Common/all/SRCommon/SRSystemConfig\
#        -Isource/XCategory/Common/all/SRCommon/SRTaskMonitor\
#        -Isource/XCategory/Common/all/SRCommon/SRTaskSequence\
#        -Isource/XCategory/Common/all/SRCommon/SRTimerReference\
#        -Isource/XCategory/Common/all/SRCommon/SRUnusedPinsConfig\
#        -Isource/XCategory/Common/all/SRMain\
#        -Isource/XCategory/Common/all/SRMain/BackgroundThreads\
#        -Isource/XCategory/Common/all/SRMain/OsServices\
#        -Isource/XCategory/Common/all/SRMain/StackAnalysis\
#        -Isource/XCategory/Common/all/SRMain/TimingAnalysis\
#        -Isource/XCategory/Driver/APIs/Atod\
#        -Isource/XCategory/Driver/APIs/Comparator\
#        -Isource/XCategory/Driver/APIs/DataFlash\
#        -Isource/XCategory/Driver/APIs/Dma\
#        -Isource/XCategory/Driver/APIs/Dtc\
#        -Isource/XCategory/Driver/APIs/Dtoa\
#        -Isource/XCategory/Driver/APIs/EmbOS\
#        -Isource/XCategory/Driver/APIs/ExtInterrupt\
#        -Isource/XCategory/Driver/APIs/Flash\
#        -Isource/XCategory/Driver/APIs/Gpio\
#        -Isource/XCategory/Driver/APIs/I2c\
#        -Isource/XCategory/Driver/APIs/IntMgr\
#        -Isource/XCategory/Driver/APIs/Micro\
#        -Isource/XCategory/Driver/APIs/MicroExt\
#        -Isource/XCategory/Driver/APIs/Rtc\
#        -Isource/XCategory/Driver/APIs/RTCDriver\
#        -Isource/XCategory/Driver/APIs/Spi\
#        -Isource/XCategory/Driver/APIs/Timeout\
#        -Isource/XCategory/Driver/APIs/Timer\
#        -Isource/XCategory/Driver/APIs/TimerInterrupt\
#        -Isource/XCategory/Driver/APIs/Touch\
#        -Isource/XCategory/Driver/APIs/Uart\
#        -Isource/XCategory/Hbl/acu/FdmCounter\
#        -Isource/XCategory/Hbl/acu/FdmTimer\
#        -Isource/XCategory/Hbl/acuexpacu/ACUGIHandler/ConvertGI\
#        -Isource/XCategory/Hbl/acuexpacu/ACUGIHandler/DirectGI\
#        -Isource/XCategory/Hbl/acuexpacu/ACUGIHandler/DoorSwitchGI\
#        -Isource/XCategory/Hbl/acuexpacu/ACUGIHandler/ProbeGI\
#        -Isource/XCategory/Hbl/acuexpacu/ACUGIHandler/ProbeLpsGI\
#        -Isource/XCategory/Hbl/acuexpacu/ACULoadHandler/DCFanLoad\
#        -Isource/XCategory/Hbl/acuexpacu/ACUPilotHandler/AnalogOutputPilot\
#        -Isource/XCategory/Hbl/acuexpacu/ACUPilotHandler/ChargePumpPilot\
#        -Isource/XCategory/Hbl/acuexpacu/ACUPilotHandler/DigitalOutputMultiPilot\
#        -Isource/XCategory/Hbl/acuexpacu/ACUPilotHandler/DigitalOutputPilot\
#        -Isource/XCategory/Hbl/acuexpacu/ACUPilotHandler/DoorLockEMPilot\
#        -Isource/XCategory/Hbl/acuexpacu/ACUPilotHandler/DoorLockWaxPilot\
#        -Isource/XCategory/Hbl/acuexpacu/ACUPilotHandler/ExpansionPilot\
#        -Isource/XCategory/Hbl/acuexpacu/ACUPilotHandler/ExternalMotorPilot\
#        -Isource/XCategory/Hbl/acuexpacu/ACUPilotHandler/FSMPilot\
#        -Isource/XCategory/Hbl/acuexpacu/ACUPilotHandler/MagnetronPilot\
#        -Isource/XCategory/Hbl/acuexpacu/ACUPilotHandler/MotorPilot\
#        -Isource/XCategory/Hbl/acuexpacu/ACUPilotHandler/MultiDriverPilot\
#        -Isource/XCategory/Hbl/acuexpacu/ACUPilotHandler/MultiSequencePilot\
#        -Isource/XCategory/Hbl/acuexpacu/ACUPilotHandler/NonfunctionalPilot\
#        -Isource/XCategory/Hbl/acuexpacu/ACUPilotHandler/PwmHiResPilot\
#        -Isource/XCategory/Hbl/acuexpacu/ACUPilotHandler/PwmPilot\
#        -Isource/XCategory/Hbl/acuexpacu/ACUPilotHandler/SRChargePumpPilot\
#        -Isource/XCategory/Hbl/acuexpacu/ACUPilotHandler/SRDigitalOutputMultiPilot\
#        -Isource/XCategory/Hbl/acuexpacu/ACUPilotHandler/SRDigitalOutputPilot\
#        -Isource/XCategory/Hbl/acuexpacu/ACUPilotHandler/SRDoorLockEMPilot\
#        -Isource/XCategory/Hbl/acuexpacu/ACUPilotHandler/SRDoorLockWaxPilot\
#        -Isource/XCategory/Hbl/acuexpacu/ACUPilotHandler/SRUMRelayPilot\
#        -Isource/XCategory/Hbl/acuexpacu/ACUPilotHandler/SteadyPwmProfilePilot\
#        -Isource/XCategory/Hbl/acuexpacu/ACUPilotHandler/StepperPilot\
#        -Isource/XCategory/Hbl/acuexpacu/ACUPilotHandler/TriacSwitchPilot\
#        -Isource/XCategory/Hbl/acuexpacu/ACUPilotHandler/ZCRelayPilot\
#        -Isource/XCategory/Hbl/acuexpacu/ACUPilotHandler/ZCTriacPilot\
#        -Isource/XCategory/Hbl/acuexpacu/HblAcu\
#        -Isource/XCategory/Hbl/acuexpacu/HblAcu/CrossLoads\
#        -Isource/XCategory/Hbl/acuexpacu/HblAcu/SetLoadQueue\
#        -Isource/XCategory/Hbl/acuexpacu/HblAcu/SRProductMgr\
#        -Isource/XCategory/Hbl/acuexpacu/HblAcu/ZeroCross\
#        -Isource/XCategory/Hbl/all/Hbl\
#        -Isource/XCategory/Hbl/all/Hbl/DefaultPin\
#        -Isource/XCategory/Hbl/all/Hbl/HblCommon\
#        -Isource/XCategory/Hbl/all/Hbl/VirtualPin\
#        -Isource/XCategory/Hbl/all/LLIHandler/AbsoluteHumidityLLI\
#        -Isource/XCategory/Hbl/all/LLIHandler/AccelerometerLLI\
#        -Isource/XCategory/Hbl/all/LLIHandler/AccelerometerLLI/AccelBaseline\
#        -Isource/XCategory/Hbl/all/LLIHandler/AccelerometerLLI/AccelDiscover\
#        -Isource/XCategory/Hbl/all/LLIHandler/AccelerometerLLI/FXLS8974\
#        -Isource/XCategory/Hbl/all/LLIHandler/AccelerometerLLI/FXLS8974/SelfTestFXLS8974\
#        -Isource/XCategory/Hbl/all/LLIHandler/AccelerometerLLI/LISxDH\
#        -Isource/XCategory/Hbl/all/LLIHandler/AnalogLLI\
#        -Isource/XCategory/Hbl/all/LLIHandler/ConductivityLLI\
#        -Isource/XCategory/Hbl/all/LLIHandler/DigitalLLI\
#        -Isource/XCategory/Hbl/all/LLIHandler/EncoderLLI\
#        -Isource/XCategory/Hbl/all/LLIHandler/ExpansionLLI\
#        -Isource/XCategory/Hbl/all/LLIHandler/FeedbackLLI\
#        -Isource/XCategory/Hbl/all/LLIHandler/I2CInfraredLLI\
#        -Isource/XCategory/Hbl/all/LLIHandler/I2CPressureSensorLLI\
#        -Isource/XCategory/Hbl/all/LLIHandler/I2CRHTSensorLLI\
#        -Isource/XCategory/Hbl/all/LLIHandler/InputCaptureLLI\
#        -Isource/XCategory/Hbl/all/LLIHandler/MultiInputLLI\
#        -Isource/XCategory/Hbl/all/LLIHandler/NonfunctionalLLI\
#        -Isource/XCategory/Hbl/all/LLIHandler/PulseCounterLLI\
#        -Isource/XCategory/Hbl/all/LLIHandler/SRAnalogLLI\
#        -Isource/XCategory/Hbl/all/LLIHandler/SRDigitalLLI\
#        -Isource/XCategory/Hbl/all/LLIHandler/SRFeedbackLLI\
#        -Isource/XCategory/Hbl/all/LLIHandler/SRI2CPressureSensorLLI\
#        -Isource/XCategory/Hbl/all/LLIHandler/SRICTachometerLLI\
#        -Isource/XCategory/Hbl/all/LLIHandler/SRInputCaptureLLI\
#        -Isource/XCategory/Hbl/all/LLIHandler/SRTouchKeyLLI\
#        -Isource/XCategory/Hbl/all/LLIHandler/SRTriacFeedbackLLI\
#        -Isource/XCategory/Hbl/all/LLIHandler/TouchKeyLLI\
#        -Isource/XCategory/Hbl/all/LLIHandler/TouchSliderLLI\
#        -Isource/XCategory/Hbl/all/LLIHandler/TouchWheelLLI\
#        -Isource/XCategory/Hbl/all/LLIHandler/TriacFeedbackLLI\
#        -Isource/XCategory/Hbl/all/LLIHandler/VirtualDigitalLLI\
#        -Isource/XCategory/Service/all/NVData\
#        -Isource/XCategory/Service/all/Reveal\
#        -Isource/XCategory/Service/all/Win\) -l
#        listings\OWIVoltageRegulatedOutput.lst -o
#        obj\OWIVoltageRegulatedOutput.obj
#        source/Category/Application/acu/Monitors/ModelMonitors/OWIVoltageRegulatedOutputModel/OWIVoltageRegulatedOutput.c
#    Locale       =  English_United States.1252
#    List file    =  listings\OWIVoltageRegulatedOutput.lst
#    Object file  =  obj\OWIVoltageRegulatedOutput.obj
#
###############################################################################

C:\Data\Nucleus_Dev\Vostok_ACU_A\source\Category\Application\acu\Monitors\ModelMonitors\OWIVoltageRegulatedOutputModel\OWIVoltageRegulatedOutput.c
      1          /**
      2           *  @file		OWIVoltageRegulatedOutput.c
      3           *
      4           *  @brief      Wrapper for the code generated OWI Voltage Regulated Output model
      5           *
      6           *  @details
      7           *
      8           *  @section    Applicable_Documents
      9           *					List here all the applicable documents if needed. <tr>
     10           *
     11           *  $Header: $
     12           *
     13           *  @copyright  Copyright 2018-2019. Whirlpool Corporation. All rights reserved - CONFIDENTIAL
     14           */
     15          //---------------------------------------------------------------------------------------------------------------------
     16          //---------------------------------------------------------------------------------------------------------------------
     17          
     18          
     19          //-------------------------------------- Include Files ----------------------------------------------------------------
     20          #include "OWIVoltageRegulatedOutput.h"
     21          #include "OWIVoltageRegulatedOutputModel.h"
     22          
     23          #include "Micro.h"
     24          #include <string.h>
     25          
     26          //-------------------------------------- PUBLIC (Variables) -----------------------------------------------------------
     27          
     28          
     29          //-------------------------------------- PRIVATE (Variables, Constants & Defines) -------------------------------------
     30          
     31          //! List of possible requests for the OWI VRO Monitor, sorted in ascending order of priority. Do not change the order.
     32          typedef enum OWI_VRO_PRIORITIZED_REQUEST_ENUM
     33          {
     34          	OWI_VRO_REQUEST_NONE = 0,
     35          	OWI_VRO_REQUEST_RESET_IF_DISABLED,
     36          	OWI_VRO_REQUEST_KEEP_CURRENT_STATUS,
     37          	OWI_VRO_REQUEST_STOP,
     38          	OWI_VRO_REQUEST_RESET
     39          } OWI_VRO_PRIORITIZED_REQUEST_TYPE;
     40          

   \                                 In section .bss, align 4
     41          static RT_MODELOWIVOLTAGEREGULATE_TYPE OWI_VRO_RTModelData;
     42          
     43          //! Model Inputs
     44          
     45          //! Model Outputs
     46          
     47          //! Local Variables
     48          static OWI_VRO_PRIORITIZED_REQUEST_TYPE OWI_VRO_Request;
   \                     OWI_VRO_Request:
   \   00000000                      DS8 1
   \   00000001                      DS8 1
   \   00000002                      DS8 1
   \   00000003                      DS8 1
   \   00000004                      DS8 4
     49          static BOOL_TYPE OWI_VRO_Model_Enabled;
     50          static uint8 OWI_VRO_Setpoint_Index;
     51          
     52          //-------------------------------------- PRIVATE (Function Prototypes) ------------------------------------------------
     53          static void OWIVoltageRegulatedOutputReset(void);
     54          static void OWIVoltageRegulatedOutputStop(void);
     55          
     56          
     57          //=====================================================================================================================
     58          //-------------------------------------- Public Functions -------------------------------------------------------------
     59          //=====================================================================================================================
     60          
     61          //----------------------------------------------------------------------------
     62          /**
     63           *  @brief      OWIVoltageRegulatedOutput__Initialize
     64           *  @details    Function used to initialize the monitor.
     65           *
     66           */

   \                                 In section .text, align 2, keep-with-next
     67          void OWIVoltageRegulatedOutput__Initialize(void)
     68          {
   \                     OWIVoltageRegulatedOutput__Initialize: (+1)
   \   00000000   0xB510             PUSH     {R4,LR}
     69          	if (Micro__GetResetMode() == MICRO_RESET_MODE_COLD)
   \   00000002   0x.... 0x....      BL       Micro__GetResetMode
   \   00000006   0x2800             CMP      R0,#+0
   \   00000008   0xD10A             BNE      ??OWIVoltageRegulatedOutput__Initialize_0
     70          	{
     71          		OWIVoltageRegulatedOutputModel__Initialize(&OWI_VRO_RTModelData);
   \   0000000A   0x....             LDR      R4,??DataTable9
   \   0000000C   0x1D20             ADDS     R0,R4,#+4
   \   0000000E   0x.... 0x....      BL       OWIVoltageRegulatedOutputModel__Initialize
     72          		Initialize(&OWI_VRO_RTModelData);
   \   00000012   0x1D20             ADDS     R0,R4,#+4
   \   00000014   0x.... 0x....      BL       Initialize
     73          
     74          		OWI_VRO_Model_Enabled = FALSE;
   \   00000018   0x2000             MOVS     R0,#+0
   \   0000001A   0x7060             STRB     R0,[R4, #+1]
     75          		OWI_VRO_Request = OWI_VRO_REQUEST_NONE;
   \   0000001C   0x7020             STRB     R0,[R4, #+0]
     76          		OWI_VRO_Setpoint_Index = 0;
   \   0000001E   0x70A0             STRB     R0,[R4, #+2]
     77          	}
     78          }
   \                     ??OWIVoltageRegulatedOutput__Initialize_0: (+1)
   \   00000020   0xBD10             POP      {R4,PC}          ;; return
     79          
     80          
     81          //----------------------------------------------------------------------------
     82          /**
     83           *  @brief      OWIVoltageRegulatedOutput__Execution
     84           *  @details    Function used to perform the monitor.
     85           *
     86           */

   \                                 In section .text, align 2, keep-with-next
     87          void OWIVoltageRegulatedOutput__Execution(void)
     88          {
   \                     OWIVoltageRegulatedOutput__Execution: (+1)
   \   00000000   0xB510             PUSH     {R4,LR}
     89          	// Process requests by Task and Process
     90          	switch (OWI_VRO_Request)
   \   00000002   0x....             LDR      R4,??DataTable9
   \   00000004   0x7820             LDRB     R0,[R4, #+0]
   \   00000006   0x2801             CMP      R0,#+1
   \   00000008   0xD006             BEQ      ??OWIVoltageRegulatedOutput__Execution_0
   \   0000000A   0x2802             CMP      R0,#+2
   \   0000000C   0xD00C             BEQ      ??OWIVoltageRegulatedOutput__Execution_1
   \   0000000E   0x2804             CMP      R0,#+4
   \   00000010   0xD108             BNE      ??OWIVoltageRegulatedOutput__Execution_2
     91          	{
     92          		case OWI_VRO_REQUEST_RESET:
     93          			OWIVoltageRegulatedOutputReset();
   \   00000012   0x.... 0x....      BL       OWIVoltageRegulatedOutputReset
     94          			break;
   \   00000016   0xE007             B        ??OWIVoltageRegulatedOutput__Execution_1
     95          
     96          		case OWI_VRO_REQUEST_KEEP_CURRENT_STATUS:
     97          			// Nothing to do
     98          			break;
     99          
    100          		case OWI_VRO_REQUEST_RESET_IF_DISABLED:
    101          			if (OWI_VRO_Model_Enabled == FALSE)
   \                     ??OWIVoltageRegulatedOutput__Execution_0: (+1)
   \   00000018   0x7860             LDRB     R0,[R4, #+1]
   \   0000001A   0x2800             CMP      R0,#+0
   \   0000001C   0xD104             BNE      ??OWIVoltageRegulatedOutput__Execution_1
    102          			{
    103          				OWIVoltageRegulatedOutputReset();
   \   0000001E   0x.... 0x....      BL       OWIVoltageRegulatedOutputReset
   \   00000022   0xE001             B        ??OWIVoltageRegulatedOutput__Execution_1
    104          			}
    105          			break;
    106          
    107          		default: // Includes OWI_VRO_REQUEST_STOP
    108          			OWIVoltageRegulatedOutputStop();
   \                     ??OWIVoltageRegulatedOutput__Execution_2: (+1)
   \   00000024   0x.... 0x....      BL       OWIVoltageRegulatedOutputStop
    109          			break;
    110          	}
    111          
    112          
    113          	// Reset all the requests for next iteration
    114          	OWI_VRO_Request = OWI_VRO_REQUEST_NONE;
   \                     ??OWIVoltageRegulatedOutput__Execution_1: (+1)
   \   00000028   0x2000             MOVS     R0,#+0
   \   0000002A   0x7020             STRB     R0,[R4, #+0]
    115          
    116          	// Run Model
    117          	Monitor(&OWI_VRO_RTModelData);
   \   0000002C   0x1D20             ADDS     R0,R4,#+4
   \   0000002E   0x.... 0x....      BL       Monitor
    118          }
   \   00000032   0xBD10             POP      {R4,PC}          ;; return
    119          

   \                                 In section .text, align 2, keep-with-next
    120          uint8 OWIVoltageRegulatedOutput__GetSequenceId(void)
    121          {
   \                     OWIVoltageRegulatedOutput__GetSequenceId: (+1)
   \   00000000   0xB580             PUSH     {R7,LR}
    122          	uint8 sequence_id;
    123          
    124          	GetSequenceId(&OWI_VRO_RTModelData, &sequence_id);
   \   00000002   0x4669             MOV      R1,SP
   \   00000004   0x....             LDR      R0,??DataTable9_1
   \   00000006   0x.... 0x....      BL       GetSequenceId
    125          	return sequence_id;
   \   0000000A   0x4668             MOV      R0,SP
   \   0000000C   0x7800             LDRB     R0,[R0, #+0]
   \   0000000E   0xBD02             POP      {R1,PC}          ;; return
    126          }
    127          

   \                                 In section .text, align 2, keep-with-next
    128          void OWIVoltageRegulatedOutput__RequestReset(uint8 setpoint_index)
    129          {
    130          	if (OWI_VRO_Request < OWI_VRO_REQUEST_RESET)
   \                     OWIVoltageRegulatedOutput__RequestReset: (+1)
   \   00000000   0x....             LDR      R1,??DataTable9
   \   00000002   0x780A             LDRB     R2,[R1, #+0]
   \   00000004   0x2A04             CMP      R2,#+4
   \   00000006   0xDA02             BGE      ??OWIVoltageRegulatedOutput__RequestReset_0
    131          	{
    132          		OWI_VRO_Request = OWI_VRO_REQUEST_RESET;
   \   00000008   0x2204             MOVS     R2,#+4
   \   0000000A   0x700A             STRB     R2,[R1, #+0]
    133          		OWI_VRO_Setpoint_Index = setpoint_index;
   \   0000000C   0x7088             STRB     R0,[R1, #+2]
    134          	}
    135          }
   \                     ??OWIVoltageRegulatedOutput__RequestReset_0: (+1)
   \   0000000E   0x4770             BX       LR               ;; return
    136          

   \                                 In section .text, align 2, keep-with-next
    137          void OWIVoltageRegulatedOutput__RequestStop(void)
    138          {
    139          	if (OWI_VRO_Request < OWI_VRO_REQUEST_STOP)
   \                     OWIVoltageRegulatedOutput__RequestStop: (+1)
   \   00000000   0x....             LDR      R0,??DataTable9
   \   00000002   0x7801             LDRB     R1,[R0, #+0]
   \   00000004   0x2903             CMP      R1,#+3
   \   00000006   0xDA01             BGE      ??OWIVoltageRegulatedOutput__RequestStop_0
    140          	{
    141          		OWI_VRO_Request = OWI_VRO_REQUEST_STOP;
   \   00000008   0x2103             MOVS     R1,#+3
   \   0000000A   0x7001             STRB     R1,[R0, #+0]
    142          	}
    143          }
   \                     ??OWIVoltageRegulatedOutput__RequestStop_0: (+1)
   \   0000000C   0x4770             BX       LR               ;; return
    144          

   \                                 In section .text, align 2, keep-with-next
    145          void OWIVoltageRegulatedOutput__RequestKeepRunning(void)
    146          {
    147          	if (OWI_VRO_Request < OWI_VRO_REQUEST_KEEP_CURRENT_STATUS)
   \                     OWIVoltageRegulatedOutput__RequestKeepRunning: (+1)
   \   00000000   0x....             LDR      R0,??DataTable9
   \   00000002   0x7801             LDRB     R1,[R0, #+0]
   \   00000004   0x2902             CMP      R1,#+2
   \   00000006   0xDA01             BGE      ??OWIVoltageRegulatedOutput__RequestKeepRunning_0
    148          	{
    149          		OWI_VRO_Request = OWI_VRO_REQUEST_KEEP_CURRENT_STATUS;
   \   00000008   0x2102             MOVS     R1,#+2
   \   0000000A   0x7001             STRB     R1,[R0, #+0]
    150          	}
    151          }
   \                     ??OWIVoltageRegulatedOutput__RequestKeepRunning_0: (+1)
   \   0000000C   0x4770             BX       LR               ;; return
    152          

   \                                 In section .text, align 2, keep-with-next
    153          void OWIVoltageRegulatedOutput__RequestResetIfDisabled(void)
    154          {
    155          	if (OWI_VRO_Request < OWI_VRO_REQUEST_RESET_IF_DISABLED)
   \                     OWIVoltageRegulatedOutput__RequestResetIfDisabled: (+1)
   \   00000000   0x....             LDR      R0,??DataTable9
   \   00000002   0x7801             LDRB     R1,[R0, #+0]
   \   00000004   0x2900             CMP      R1,#+0
   \   00000006   0xD101             BNE      ??OWIVoltageRegulatedOutput__RequestResetIfDisa_0
    156          	{
    157          		OWI_VRO_Request = OWI_VRO_REQUEST_RESET_IF_DISABLED;
   \   00000008   0x2101             MOVS     R1,#+1
   \   0000000A   0x7001             STRB     R1,[R0, #+0]
    158          	}
    159          }
   \                     ??OWIVoltageRegulatedOutput__RequestResetIfDisa_0: (+1)
   \   0000000C   0x4770             BX       LR               ;; return
    160          
    161          

   \                                 In section .text, align 2, keep-with-next
    162          void OWIVoltageRegulatedOutput__ResetSetpoint(void)
    163          {
    164          	OWI_VRO_Setpoint_Index = 0;
   \                     OWIVoltageRegulatedOutput__ResetSetpoint: (+1)
   \   00000000   0x2000             MOVS     R0,#+0
   \   00000002   0x....             LDR      R1,??DataTable9
   \   00000004   0x7088             STRB     R0,[R1, #+2]
    165          }
   \   00000006   0x4770             BX       LR               ;; return
    166          
    167          //=====================================================================================================================
    168          //-------------------------------------- Private Functions ------------------------------------------------------------
    169          //=====================================================================================================================
    170          

   \                                 In section .text, align 2, keep-with-next
    171          static void OWIVoltageRegulatedOutputReset(void)
    172          {
   \                     OWIVoltageRegulatedOutputReset: (+1)
   \   00000000   0xB580             PUSH     {R7,LR}
    173          	// It is supposed to reset the model and start it.
    174          	// It is supposed to be called as a consequence of the following events:
    175          	// - The first time (after a reset) the model needs to be activated, being requested by the task or by a process.
    176          	// - When the model is already running due to the task, but a process is called and has to take over (at the end of the Initial Delay).
    177          	// - During the execution of a process, when the Delay Between Samples has expired and the acquisition of a new sample has to start.
    178          
    179          	OWI_VRO_Model_Enabled = TRUE;
   \   00000002   0x....             LDR      R0,??DataTable9
   \   00000004   0x2101             MOVS     R1,#+1
   \   00000006   0x7041             STRB     R1,[R0, #+1]
    180          	Reset(&OWI_VRO_RTModelData, OWI_VRO_Setpoint_Index);
   \   00000008   0x7881             LDRB     R1,[R0, #+2]
   \   0000000A   0x1D00             ADDS     R0,R0,#+4
   \   0000000C   0x.... 0x....      BL       Reset
    181          }
   \   00000010   0xBD01             POP      {R0,PC}          ;; return
    182          

   \                                 In section .text, align 2, keep-with-next
    183          static void OWIVoltageRegulatedOutputStop(void)
    184          {
   \                     OWIVoltageRegulatedOutputStop: (+1)
   \   00000000   0xB580             PUSH     {R7,LR}
    185          	// It is supposed to stop the model.
    186          	// It is supposed to be called as a consequence of the following events:
    187          	// - when neither a process nor the task is requesting it to run.
    188          	// - during a process, as soon as a sample has been acquired.
    189          
    190          	OWI_VRO_Model_Enabled = FALSE;
   \   00000002   0x....             LDR      R0,??DataTable9
   \   00000004   0x2100             MOVS     R1,#+0
   \   00000006   0x7041             STRB     R1,[R0, #+1]
    191          	Stop(&OWI_VRO_RTModelData);
   \   00000008   0x1D00             ADDS     R0,R0,#+4
   \   0000000A   0x.... 0x....      BL       Stop
    192          }
   \   0000000E   0xBD01             POP      {R0,PC}          ;; return

   \                                 In section .text, align 4, keep-with-next
   \                     ??DataTable9:
   \   00000000   0x........         DC32     OWI_VRO_Request

   \                                 In section .text, align 4, keep-with-next
   \                     ??DataTable9_1:
   \   00000000   0x........         DC32     OWI_VRO_Request+0x4

   Maximum stack usage in bytes:

   .cstack Function
   ------- --------
       8   OWIVoltageRegulatedOutputReset
         8   -> Reset
       8   OWIVoltageRegulatedOutputStop
         8   -> Stop
       8   OWIVoltageRegulatedOutput__Execution
         8   -> Monitor
         8   -> OWIVoltageRegulatedOutputReset
         8   -> OWIVoltageRegulatedOutputStop
       8   OWIVoltageRegulatedOutput__GetSequenceId
         8   -> GetSequenceId
       8   OWIVoltageRegulatedOutput__Initialize
         8   -> Initialize
         8   -> Micro__GetResetMode
         8   -> OWIVoltageRegulatedOutputModel__Initialize
       0   OWIVoltageRegulatedOutput__RequestKeepRunning
       0   OWIVoltageRegulatedOutput__RequestReset
       0   OWIVoltageRegulatedOutput__RequestResetIfDisabled
       0   OWIVoltageRegulatedOutput__RequestStop
       0   OWIVoltageRegulatedOutput__ResetSetpoint


   Section sizes:

   Bytes  Function/Label
   -----  --------------
       4  ??DataTable9
       4  ??DataTable9_1
      18  OWIVoltageRegulatedOutputReset
      16  OWIVoltageRegulatedOutputStop
      52  OWIVoltageRegulatedOutput__Execution
      16  OWIVoltageRegulatedOutput__GetSequenceId
      34  OWIVoltageRegulatedOutput__Initialize
      14  OWIVoltageRegulatedOutput__RequestKeepRunning
      16  OWIVoltageRegulatedOutput__RequestReset
      14  OWIVoltageRegulatedOutput__RequestResetIfDisabled
      14  OWIVoltageRegulatedOutput__RequestStop
       8  OWIVoltageRegulatedOutput__ResetSetpoint
       8  OWI_VRO_Request
          OWI_VRO_Model_Enabled
          OWI_VRO_Setpoint_Index
          OWI_VRO_RTModelData

 
   8 bytes in section .bss
 210 bytes in section .text
 
 210 bytes of CODE memory
   8 bytes of DATA memory

Errors: none
Warnings: none
