###############################################################################
#
# IAR ANSI C/C++ Compiler V7.70.1.11437/W32 for ARM       28/Feb/2025  14:17:34
# Copyright 1999-2016 IAR Systems AB.
#
#    Cpu mode     =  thumb
#    Endian       =  little
#    Source file  =  
#        source/Category/Application/acu/Monitors/PilotRelayFaultMonitor/PilotRelayFaultMonitor.c
#    Command line =  
#        --cpu Cortex-M0+ -Om --debug -e --only_stdout --silent -D
#        ENABLE_JUMP_TO_APPLICATION_WITHOUT_IAP_FIRMWARE --no_wrap_diagnostics
#        -f config\tmp\include_path.lnt
#        (-I../Nucleus-Tools-SDK/embOS/arm/v4.26/source\
#        -I../Nucleus-Tools-SDK/iar/arm/v7.70/cx/inc\
#        -Isource/Category/Application/acu/CycleResume\
#        -Isource/Category/Application/acu/Monitors/AutostartFactoryCycleMonitor\
#        -Isource/Category/Application/acu/Monitors/CartridgeDetectionMonitor\
#        -Isource/Category/Application/acu/Monitors/DCLoadCurrentMonitor\
#        -Isource/Category/Application/acu/Monitors/DiverterFaultMonitor\
#        -Isource/Category/Application/acu/Monitors/DiverterLeakFaultMonitor\
#        -Isource/Category/Application/acu/Monitors/DoorMonitor\
#        -Isource/Category/Application/acu/Monitors/DoorOpeningSystemMonitor\
#        -Isource/Category/Application/acu/Monitors/FanMotorFaultMonitor\
#        -Isource/Category/Application/acu/Monitors/FaultStatusMonitor\
#        -Isource/Category/Application/acu/Monitors/FillValveStuckOn\
#        -Isource/Category/Application/acu/Monitors/FlowMeterFaultMonitor\
#        -Isource/Category/Application/acu/Monitors/HeatMonitor\
#        -Isource/Category/Application/acu/Monitors/HotHighPotMonitor\
#        -Isource/Category/Application/acu/Monitors/LITTFaultMonitor\
#        -Isource/Category/Application/acu/Monitors/LITTMonitor\
#        -Isource/Category/Application/acu/Monitors/McuGetDataMonitor\
#        -Isource/Category/Application/acu/Monitors/ModelMonitors/AirlockDetectionMonitor\
#        -Isource/Category/Application/acu/Monitors/ModelMonitors/AirlockDetectionMonitor/CodeGeneration\
#        -Isource/Category/Application/acu/Monitors/ModelMonitors/HeaterCalcificationDetectionModel\
#        -Isource/Category/Application/acu/Monitors/ModelMonitors/HeaterCalcificationDetectionModel/CodeGeneration\
#        -Isource/Category/Application/acu/Monitors/ModelMonitors/OWIVoltageRegulatedOutputModel\
#        -Isource/Category/Application/acu/Monitors/ModelMonitors/OWIVoltageRegulatedOutputModel/CodeGeneration\
#        -Isource/Category/Application/acu/Monitors/ModelMonitors/PluggingDetectionMonitor\
#        -Isource/Category/Application/acu/Monitors/ModelMonitors/PluggingDetectionMonitor/CodeGeneration\
#        -Isource/Category/Application/acu/Monitors/MoisturePreventionMonitor\
#        -Isource/Category/Application/acu/Monitors/OverfillMonitor\
#        -Isource/Category/Application/acu/Monitors/OWIMonitor\
#        -Isource/Category/Application/acu/Monitors/PilotRelayFaultMonitor\
#        -Isource/Category/Application/acu/Monitors/PilotRelayFaultMonitor/PilotRelayStuckClosedMonitor\
#        -Isource/Category/Application/acu/Monitors/PilotRelayFaultMonitor/PilotRelayStuckOpenMonitor\
#        -Isource/Category/Application/acu/Monitors/PORTimeMonitor\
#        -Isource/Category/Application/acu/Monitors/PumpFlushRequestMonitor\
#        -Isource/Category/Application/acu/Monitors/RinseAidMonitor\
#        -Isource/Category/Application/acu/Monitors/SaltSensingMonitor\
#        -Isource/Category/Application/acu/Monitors/StabilityControlLoopMonitor\
#        -Isource/Category/Application/acu/Monitors/StandbyManager\
#        -Isource/Category/Application/acu/Monitors/SupervisorExtMonitor\
#        -Isource/Category/Application/acu/Monitors/ThermistorFaultMonitor\
#        -Isource/Category/Application/acu/Monitors/ThermistorFaultMonitor/ThermistorOpenMonitor\
#        -Isource/Category/Application/acu/Monitors/ThermistorFaultMonitor/ThermistorShortedMonitor\
#        -Isource/Category/Application/acu/Monitors/TriacCurrentMonitor\
#        -Isource/Category/Application/acu/Monitors/TriacShortedDrainFaultMonitor\
#        -Isource/Category/Application/acu/Monitors/TriacVoltageMonitor\
#        -Isource/Category/Application/acu/Monitors/VoltageRangeMonitor\
#        -Isource/Category/Application/acu/Monitors/VSDrainMotorFaultMonitor\
#        -Isource/Category/Application/acu/Monitors/VwiMonitor\
#        -Isource/Category/Application/acu/Monitors/VwiZoneCompensationMonitor\
#        -Isource/Category/Application/acu/Monitors/WashHeaterFaultMonitor\
#        -Isource/Category/Application/acu/Monitors/WashHeaterFaultMonitor/HeaterLeakageToNeutralMonitor\
#        -Isource/Category/Application/acu/Monitors/WashHeaterFaultMonitor/HeaterLineRelayOpenMonitor\
#        -Isource/Category/Application/acu/Monitors/WashHeaterFaultMonitor/HeaterNeutralRelayOpenMonitor\
#        -Isource/Category/Application/acu/Monitors/WashHeaterFaultMonitor/HeaterOpenAndLineRelayClosedMonitor\
#        -Isource/Category/Application/acu/Monitors/WashHeaterFaultMonitor/HeaterOpenMonitor\
#        -Isource/Category/Application/acu/Monitors/WashMotorFaultMonitor\
#        -Isource/Category/Application/acu/Monitors/ZeroCrossMonitor\
#        -Isource/Category/Application/acu/Processes/AlternateCtrl\
#        -Isource/Category/Application/acu/Processes/Fill\
#        -Isource/Category/Application/acu/Processes/Fill/ClassAFill\
#        -Isource/Category/Application/acu/Processes/Fill/Fill\
#        -Isource/Category/Application/acu/Processes/Fill/TankDrain\
#        -Isource/Category/Application/acu/Processes/Fill/TankFill\
#        -Isource/Category/Application/acu/Processes/Heat\
#        -Isource/Category/Application/acu/Processes/ModelProcesses/OWICalibrationModel\
#        -Isource/Category/Application/acu/Processes/ModelProcesses/OWICalibrationModel/CodeGeneration\
#        -Isource/Category/Application/acu/Processes/ModelProcesses/PartialDrainModel\
#        -Isource/Category/Application/acu/Processes/ModelProcesses/PartialDrainModel/CodeGeneration\
#        -Isource/Category/Application/acu/Processes/ModelProcesses/SensedDrainModel\
#        -Isource/Category/Application/acu/Processes/ModelProcesses/SensedDrainModel/CodeGeneration\
#        -Isource/Category/Application/acu/Processes/OWI\
#        -Isource/Category/Application/acu/Processes/OWI_VRO\
#        -Isource/Category/Application/acu/Processes/OWIOneShot\
#        -Isource/Category/Application/acu/Processes/PumpControl\
#        -Isource/Category/Application/acu/Processes/Regenerate\
#        -Isource/Category/Application/acu/Processes/RinseAidDispense\
#        -Isource/Category/Application/acu/Processes/RinseAidDispense/RinseAid\
#        -Isource/Category/Application/acu/Processes/RinseAidDispense/TridgeDetergent\
#        -Isource/Category/Application/acu/Tasks/DoorOpeningSystemPull\
#        -Isource/Category/Application/acu/Tasks/DoorOpeningSystemPush\
#        -Isource/Category/Application/acu/Tasks/HeaterShadowing\
#        -Isource/Category/Application/acu/Tasks/MoisturePrevention\
#        -Isource/Category/Application/acu/Tasks/OWIContinousReading\
#        -Isource/Category/Application/acu/Tasks/OwiVroContinuousReading\
#        -Isource/Category/Application/acu/Tasks/Sanitization\
#        -Isource/Category/Application/acu/Tasks/StabilityControl\
#        -Isource/Category/Application/acu/Tasks/TimeElapse\
#        -Isource/Category/Application/acu/VWI\
#        -Isource/Category/Application/all/ActivePower\
#        -Isource/Category/Application/all/API007App\
#        -Isource/Category/Application/all/Config\
#        -Isource/Category/Common/acu/CommonDish/DishAuxVar\
#        -Isource/Category/Common/acu/CommonDish/PumpCommand\
#        -Isource/Category/Common/acu/CommonDish/StatisticsDish\
#        -Isource/Category/Common/all/BoardDebugging\
#        -Isource/Category/Common/all/Config\
#        -Isource/Category/Common/all/MasterCommander\
#        -Isource/Category/Common/all/MasterCommander/Source\
#        -Isource/Category/Common/all/MasterCommander/Source/HAL\
#        -Isource/Category/Common/all/SharedUtils\
#        -Isource/Category/Hbl/acu/ACULoadHandler/AlternateLoad\
#        -Isource/Category/Hbl/acuexpacu/ACUGIHandler/WaterCounterGI\
#        -Isource/Category/Hbl/acuexpacu/ACULoadHandler/HeaterLoad\
#        -Isource/Category/Hbl/acuexpacu/ACULoadHandler/TriacMci\
#        -Isource/Category/Hbl/all/Config\ -Isource/Category/Hbl/all/Mci\
#        -Isource/Category/Hbl/all/Mci/MciZeroCross\
#        -Isource/Category/Hbl/all/Mci/Slfac\
#        -Isource/Category/Hbl/all/Mci/Slfac/Macroblocks\
#        -Isource/Category/Hbl/all/Mci/Slfac/Microblocks/GlitchFilter\
#        -Isource/Category/Hbl/all/Mci/Slfac/Microblocks/IIRFilter\
#        -Isource/Category/Hbl/all/Mci/Slfac/Microblocks/MathCalc\
#        -Isource/Category/Hbl/all/Mci/Slfac/Microblocks/PeakDetector\
#        -Isource/Category/Hbl/all/Mci/Slfac/Microblocks/Pi\
#        -Isource/Category/Hbl/all/MCUDrivers/TimeCapture\
#        -Isource/Category/Hbl/all/MCUDrivers/TimerInterruptExt\
#        -Isource/Micros/STM32G0x/Driver/Atod\
#        -Isource/Micros/STM32G0x/Driver/DataFlash\
#        -Isource/Micros/STM32G0x/Driver/Dma\
#        -Isource/Micros/STM32G0x/Driver/Dtoa\
#        -Isource/Micros/STM32G0x/Driver/ExtInterrupt\
#        -Isource/Micros/STM32G0x/Driver/Flash\
#        -Isource/Micros/STM32G0x/Driver/Gpio\
#        -Isource/Micros/STM32G0x/Driver/I2c\
#        -Isource/Micros/STM32G0x/Driver/IntMgr\
#        -Isource/Micros/STM32G0x/Driver/Micro\
#        -Isource/Micros/STM32G0x/Driver/MicroExt\
#        -Isource/Micros/STM32G0x/Driver/Rtc\
#        -Isource/Micros/STM32G0x/Driver/RTCDriver\
#        -Isource/Micros/STM32G0x/Driver/Spi\
#        -Isource/Micros/STM32G0x/Driver/Timeout\
#        -Isource/Micros/STM32G0x/Driver/Timer\
#        -Isource/Micros/STM32G0x/Driver/TimerInterrupt\
#        -Isource/Micros/STM32G0x/Driver/Uart\
#        -Isource/ProjectSpecific/Application/acu/Config\
#        -Isource/ProjectSpecific/Application/acu/LowPower\
#        -Isource/ProjectSpecific/Application/acuexpacu/Config\
#        -Isource/ProjectSpecific/Application/all/Config\
#        -Isource/ProjectSpecific/Application/all/MCUDebug\
#        -Isource/ProjectSpecific/Application/all/ProductInfo\
#        -Isource/ProjectSpecific/Common/acu/Config\
#        -Isource/ProjectSpecific/Common/all/Config\
#        -Isource/ProjectSpecific/Common/all/Debug\
#        -Isource/ProjectSpecific/Common/all/SRConfig\
#        -Isource/ProjectSpecific/Driver/STM32G0x\
#        -Isource/ProjectSpecific/Hbl/acuexpacu/Config\
#        -Isource/ProjectSpecific/Hbl/acuexpacu/SRConfig\
#        -Isource/ProjectSpecific/Hbl/all/Config\
#        -Isource/ProjectSpecific/Hbl/all/Config/Mci\
#        -Isource/ProjectSpecific/Hbl/all/Config/Mci/MasterCommander\
#        -Isource/ProjectSpecific/Hbl/all/Config/Mci/MCUDrivers\
#        -Isource/ProjectSpecific/Hbl/all/SRConfig\
#        -Isource/XCategory/Application/acu/API221MotionCtrl\
#        -Isource/XCategory/Application/acu/Calibration\
#        -Isource/XCategory/Application/acu/Condition\
#        -Isource/XCategory/Application/acu/Estimator\
#        -Isource/XCategory/Application/acu/Interpreter\
#        -Isource/XCategory/Application/acu/Processes/ActivateTask\
#        -Isource/XCategory/Application/acu/Processes/JumpIf\
#        -Isource/XCategory/Application/acu/Processes/LoadsControl\
#        -Isource/XCategory/Application/acu/Processes/Maintain\
#        -Isource/XCategory/Application/acu/Processes/SetVariable\
#        -Isource/XCategory/Application/acu/RegulationAccept\
#        -Isource/XCategory/Application/acu/Selector\
#        -Isource/XCategory/Application/acu/SubCycle\
#        -Isource/XCategory/Application/acu/Supervisor\
#        -Isource/XCategory/Application/acu/TestMgr\
#        -Isource/XCategory/Application/acuexpacu/ApplianceMgr\
#        -Isource/XCategory/Application/acuhmi/CommunicationMonitor\
#        -Isource/XCategory/Application/acuhmi/Modifier\
#        -Isource/XCategory/Application/acuhmi/Regulations\
#        -Isource/XCategory/Application/acuhmi/Status\
#        -Isource/XCategory/Application/all/API007Data\
#        -Isource/XCategory/Application/all/API011AppCtr\
#        -Isource/XCategory/Application/all/API012Exp\
#        -Isource/XCategory/Application/all/API013RemoteFunction\
#        -Isource/XCategory/Application/all/API018Diagnostic\
#        -Isource/XCategory/Application/all/API220MotorControl\
#        -Isource/XCategory/Application/all/API220MotorControl/Api\
#        -Isource/XCategory/Application/all/Mode\
#        -Isource/XCategory/Application/all/Reveal_Basic/API003Disc\
#        -Isource/XCategory/Application/all/Reveal_Basic/API004Debug\
#        -Isource/XCategory/Application/all/Reveal_Basic/API004Debug/SW05SoftwareTest\
#        -Isource/XCategory/Application/all/Reveal_Basic/API005LowLevel\
#        -Isource/XCategory/Application/all/Reveal_Basic/API009System\
#        -Isource/XCategory/Application/all/Reveal_Basic/API010PollVar\
#        -Isource/XCategory/Application/all/Reveal_Basic/API019ProductInfo\
#        -Isource/XCategory/Application/all/SFUpdater\
#        -Isource/XCategory/Application/all/SRAPI020Safety\
#        -Isource/XCategory/Application/all/StatusLed\
#        -Isource/XCategory/Common/acu/BrownOut\
#        -Isource/XCategory/Common/acu/Fault\
#        -Isource/XCategory/Common/acu/Statistics\
#        -Isource/XCategory/Common/all/Common/Callback\
#        -Isource/XCategory/Common/all/Common/Convert\
#        -Isource/XCategory/Common/all/Common/Crc16\
#        -Isource/XCategory/Common/all/Common/Crc32\
#        -Isource/XCategory/Common/all/Common/Crc8\
#        -Isource/XCategory/Common/all/Common/Equation\
#        -Isource/XCategory/Common/all/Common/Filter\
#        -Isource/XCategory/Common/all/Common/FITMgr\
#        -Isource/XCategory/Common/all/Common/I2cMgr\
#        -Isource/XCategory/Common/all/Common/IAPEmul\
#        -Isource/XCategory/Common/all/Common/Log\
#        -Isource/XCategory/Common/all/Common/Millis\
#        -Isource/XCategory/Common/all/Common/SeggerRTT\
#        -Isource/XCategory/Common/all/Common/SeggerRTT/SEGGER_RTT/Config\
#        -Isource/XCategory/Common/all/Common/SeggerRTT/SEGGER_RTT/RTT\
#        -Isource/XCategory/Common/all/Common/SettingFile\
#        -Isource/XCategory/Common/all/Common/SFVersionCheck\
#        -Isource/XCategory/Common/all/Common/SystemConfig\
#        -Isource/XCategory/Common/all/Common/SystemTimers\
#        -Isource/XCategory/Common/all/Common/Utilities\
#        -Isource/XCategory/Common/all/Common/Variable\
#        -Isource/XCategory/Common/all/SRCommon/SRClockMonitor\
#        -Isource/XCategory/Common/all/SRCommon/SRData\
#        -Isource/XCategory/Common/all/SRCommon/SRException\
#        -Isource/XCategory/Common/all/SRCommon/SRIsrMonitor\
#        -Isource/XCategory/Common/all/SRCommon/SRPowerMgr\
#        -Isource/XCategory/Common/all/SRCommon/SRSignature\
#        -Isource/XCategory/Common/all/SRCommon/SRSystemConfig\
#        -Isource/XCategory/Common/all/SRCommon/SRTaskMonitor\
#        -Isource/XCategory/Common/all/SRCommon/SRTaskSequence\
#        -Isource/XCategory/Common/all/SRCommon/SRTimerReference\
#        -Isource/XCategory/Common/all/SRCommon/SRUnusedPinsConfig\
#        -Isource/XCategory/Common/all/SRMain\
#        -Isource/XCategory/Common/all/SRMain/BackgroundThreads\
#        -Isource/XCategory/Common/all/SRMain/OsServices\
#        -Isource/XCategory/Common/all/SRMain/StackAnalysis\
#        -Isource/XCategory/Common/all/SRMain/TimingAnalysis\
#        -Isource/XCategory/Driver/APIs/Atod\
#        -Isource/XCategory/Driver/APIs/Comparator\
#        -Isource/XCategory/Driver/APIs/DataFlash\
#        -Isource/XCategory/Driver/APIs/Dma\
#        -Isource/XCategory/Driver/APIs/Dtc\
#        -Isource/XCategory/Driver/APIs/Dtoa\
#        -Isource/XCategory/Driver/APIs/EmbOS\
#        -Isource/XCategory/Driver/APIs/ExtInterrupt\
#        -Isource/XCategory/Driver/APIs/Flash\
#        -Isource/XCategory/Driver/APIs/Gpio\
#        -Isource/XCategory/Driver/APIs/I2c\
#        -Isource/XCategory/Driver/APIs/IntMgr\
#        -Isource/XCategory/Driver/APIs/Micro\
#        -Isource/XCategory/Driver/APIs/MicroExt\
#        -Isource/XCategory/Driver/APIs/Rtc\
#        -Isource/XCategory/Driver/APIs/RTCDriver\
#        -Isource/XCategory/Driver/APIs/Spi\
#        -Isource/XCategory/Driver/APIs/Timeout\
#        -Isource/XCategory/Driver/APIs/Timer\
#        -Isource/XCategory/Driver/APIs/TimerInterrupt\
#        -Isource/XCategory/Driver/APIs/Touch\
#        -Isource/XCategory/Driver/APIs/Uart\
#        -Isource/XCategory/Hbl/acu/FdmCounter\
#        -Isource/XCategory/Hbl/acu/FdmTimer\
#        -Isource/XCategory/Hbl/acuexpacu/ACUGIHandler/ConvertGI\
#        -Isource/XCategory/Hbl/acuexpacu/ACUGIHandler/DirectGI\
#        -Isource/XCategory/Hbl/acuexpacu/ACUGIHandler/DoorSwitchGI\
#        -Isource/XCategory/Hbl/acuexpacu/ACUGIHandler/ProbeGI\
#        -Isource/XCategory/Hbl/acuexpacu/ACUGIHandler/ProbeLpsGI\
#        -Isource/XCategory/Hbl/acuexpacu/ACULoadHandler/DCFanLoad\
#        -Isource/XCategory/Hbl/acuexpacu/ACUPilotHandler/AnalogOutputPilot\
#        -Isource/XCategory/Hbl/acuexpacu/ACUPilotHandler/ChargePumpPilot\
#        -Isource/XCategory/Hbl/acuexpacu/ACUPilotHandler/DigitalOutputMultiPilot\
#        -Isource/XCategory/Hbl/acuexpacu/ACUPilotHandler/DigitalOutputPilot\
#        -Isource/XCategory/Hbl/acuexpacu/ACUPilotHandler/DoorLockEMPilot\
#        -Isource/XCategory/Hbl/acuexpacu/ACUPilotHandler/DoorLockWaxPilot\
#        -Isource/XCategory/Hbl/acuexpacu/ACUPilotHandler/ExpansionPilot\
#        -Isource/XCategory/Hbl/acuexpacu/ACUPilotHandler/ExternalMotorPilot\
#        -Isource/XCategory/Hbl/acuexpacu/ACUPilotHandler/FSMPilot\
#        -Isource/XCategory/Hbl/acuexpacu/ACUPilotHandler/MagnetronPilot\
#        -Isource/XCategory/Hbl/acuexpacu/ACUPilotHandler/MotorPilot\
#        -Isource/XCategory/Hbl/acuexpacu/ACUPilotHandler/MultiDriverPilot\
#        -Isource/XCategory/Hbl/acuexpacu/ACUPilotHandler/MultiSequencePilot\
#        -Isource/XCategory/Hbl/acuexpacu/ACUPilotHandler/NonfunctionalPilot\
#        -Isource/XCategory/Hbl/acuexpacu/ACUPilotHandler/PwmHiResPilot\
#        -Isource/XCategory/Hbl/acuexpacu/ACUPilotHandler/PwmPilot\
#        -Isource/XCategory/Hbl/acuexpacu/ACUPilotHandler/SRChargePumpPilot\
#        -Isource/XCategory/Hbl/acuexpacu/ACUPilotHandler/SRDigitalOutputMultiPilot\
#        -Isource/XCategory/Hbl/acuexpacu/ACUPilotHandler/SRDigitalOutputPilot\
#        -Isource/XCategory/Hbl/acuexpacu/ACUPilotHandler/SRDoorLockEMPilot\
#        -Isource/XCategory/Hbl/acuexpacu/ACUPilotHandler/SRDoorLockWaxPilot\
#        -Isource/XCategory/Hbl/acuexpacu/ACUPilotHandler/SRUMRelayPilot\
#        -Isource/XCategory/Hbl/acuexpacu/ACUPilotHandler/SteadyPwmProfilePilot\
#        -Isource/XCategory/Hbl/acuexpacu/ACUPilotHandler/StepperPilot\
#        -Isource/XCategory/Hbl/acuexpacu/ACUPilotHandler/TriacSwitchPilot\
#        -Isource/XCategory/Hbl/acuexpacu/ACUPilotHandler/ZCRelayPilot\
#        -Isource/XCategory/Hbl/acuexpacu/ACUPilotHandler/ZCTriacPilot\
#        -Isource/XCategory/Hbl/acuexpacu/HblAcu\
#        -Isource/XCategory/Hbl/acuexpacu/HblAcu/CrossLoads\
#        -Isource/XCategory/Hbl/acuexpacu/HblAcu/SetLoadQueue\
#        -Isource/XCategory/Hbl/acuexpacu/HblAcu/SRProductMgr\
#        -Isource/XCategory/Hbl/acuexpacu/HblAcu/ZeroCross\
#        -Isource/XCategory/Hbl/all/Hbl\
#        -Isource/XCategory/Hbl/all/Hbl/DefaultPin\
#        -Isource/XCategory/Hbl/all/Hbl/HblCommon\
#        -Isource/XCategory/Hbl/all/Hbl/VirtualPin\
#        -Isource/XCategory/Hbl/all/LLIHandler/AbsoluteHumidityLLI\
#        -Isource/XCategory/Hbl/all/LLIHandler/AccelerometerLLI\
#        -Isource/XCategory/Hbl/all/LLIHandler/AccelerometerLLI/AccelBaseline\
#        -Isource/XCategory/Hbl/all/LLIHandler/AccelerometerLLI/AccelDiscover\
#        -Isource/XCategory/Hbl/all/LLIHandler/AccelerometerLLI/FXLS8974\
#        -Isource/XCategory/Hbl/all/LLIHandler/AccelerometerLLI/FXLS8974/SelfTestFXLS8974\
#        -Isource/XCategory/Hbl/all/LLIHandler/AccelerometerLLI/LISxDH\
#        -Isource/XCategory/Hbl/all/LLIHandler/AnalogLLI\
#        -Isource/XCategory/Hbl/all/LLIHandler/ConductivityLLI\
#        -Isource/XCategory/Hbl/all/LLIHandler/DigitalLLI\
#        -Isource/XCategory/Hbl/all/LLIHandler/EncoderLLI\
#        -Isource/XCategory/Hbl/all/LLIHandler/ExpansionLLI\
#        -Isource/XCategory/Hbl/all/LLIHandler/FeedbackLLI\
#        -Isource/XCategory/Hbl/all/LLIHandler/I2CInfraredLLI\
#        -Isource/XCategory/Hbl/all/LLIHandler/I2CPressureSensorLLI\
#        -Isource/XCategory/Hbl/all/LLIHandler/I2CRHTSensorLLI\
#        -Isource/XCategory/Hbl/all/LLIHandler/InputCaptureLLI\
#        -Isource/XCategory/Hbl/all/LLIHandler/MultiInputLLI\
#        -Isource/XCategory/Hbl/all/LLIHandler/NonfunctionalLLI\
#        -Isource/XCategory/Hbl/all/LLIHandler/PulseCounterLLI\
#        -Isource/XCategory/Hbl/all/LLIHandler/SRAnalogLLI\
#        -Isource/XCategory/Hbl/all/LLIHandler/SRDigitalLLI\
#        -Isource/XCategory/Hbl/all/LLIHandler/SRFeedbackLLI\
#        -Isource/XCategory/Hbl/all/LLIHandler/SRI2CPressureSensorLLI\
#        -Isource/XCategory/Hbl/all/LLIHandler/SRICTachometerLLI\
#        -Isource/XCategory/Hbl/all/LLIHandler/SRInputCaptureLLI\
#        -Isource/XCategory/Hbl/all/LLIHandler/SRTouchKeyLLI\
#        -Isource/XCategory/Hbl/all/LLIHandler/SRTriacFeedbackLLI\
#        -Isource/XCategory/Hbl/all/LLIHandler/TouchKeyLLI\
#        -Isource/XCategory/Hbl/all/LLIHandler/TouchSliderLLI\
#        -Isource/XCategory/Hbl/all/LLIHandler/TouchWheelLLI\
#        -Isource/XCategory/Hbl/all/LLIHandler/TriacFeedbackLLI\
#        -Isource/XCategory/Hbl/all/LLIHandler/VirtualDigitalLLI\
#        -Isource/XCategory/Service/all/NVData\
#        -Isource/XCategory/Service/all/Reveal\
#        -Isource/XCategory/Service/all/Win\) -l
#        listings\PilotRelayFaultMonitor.lst -o obj\PilotRelayFaultMonitor.obj
#        source/Category/Application/acu/Monitors/PilotRelayFaultMonitor/PilotRelayFaultMonitor.c
#    Locale       =  English_United States.1252
#    List file    =  listings\PilotRelayFaultMonitor.lst
#    Object file  =  obj\PilotRelayFaultMonitor.obj
#
###############################################################################

C:\Data\Nucleus_Dev\Vostok_ACU_A\source\Category\Application\acu\Monitors\PilotRelayFaultMonitor\PilotRelayFaultMonitor.c
      1          /**
      2           *  @file       
      3           *
      4           *  @brief      Basic description of file contents
      5           *
      6           *  @details    Detailed description of the file contents
      7           *
      8           *
      9           *  @copyright  Copyright 2017-$Date$. Whirlpool Corporation. All rights reserved - CONFIDENTIAL
     10           */
     11          //---------------------------------------------------------------------------------------------------------------------
     12          //---------------------------------------------------------------------------------------------------------------------
     13          
     14          
     15          //-------------------------------------- Include Files ----------------------------------------------------------------
     16          // -- This Module --
     17          #include "SystemConfig.h"
     18          #include "PilotRelayFaultMonitor.h"
     19          #include "PilotRelayStuckClosedMonitor.h"
     20          #include "PilotRelayStuckOpenMonitor.h"
     21          
     22          // -- Other Modules --
     23          #include "Hbl.h"
     24          #include "Log.h"
     25          #include "Micro.h"
     26          
     27          
     28          
     29          //-------------------------------------- PUBLIC (Variables) -----------------------------------------------------------
     30          
     31          
     32          //-------------------------------------- PRIVATE (Variables, Constants & Defines) -------------------------------------
     33          
     34          #define MODULE_NAME MODULE_PILOT_RELAY_FAULT_MONITOR
     35          
     36          //! Time to wait after a change in pilot relay status, or in Zero Cross status or after resetting
     37          // the fault, before evaluating again Pilot Relay consistency (unit 100 ms).
     38          #define PILOT_RELAY_FAULT_STABILIZATION_TIME	10
     39          
     40          typedef enum MODULE_PILOT_RELAY_FAULT_MONITOR_LOG_MESSAGE_ID_ENUM
     41          {
     42          	ERROR_MISSING_COMPONENTS  = 1
     43          } MODULE_PILOT_RELAY_FAULT_MONITOR_LOG_MESSAGE_ID_TYPE;
     44          
     45          //! The consistency of the Pilot Relay load
     46          static uint8 Pilot_Relay_Consistency;
     47          //! The consistency of the Pilot Relay load in the previous iteration
     48          static uint8 Pilot_Relay_Prev_Consistency;
     49          
     50          //! Counter for stabilization time.
     51          static uint8 Pilot_Relay_Stabilization_Counter;
     52          
     53          //! Boolean indicating if the Pilot Relay Fault Monitor is active or not
     54          static BOOL_TYPE Pilot_Relay_Fault_Monitor_Is_Active;
     55          
     56          
     57          //-------------------------------------- PRIVATE (Function Prototypes) ------------------------------------------------
     58          
     59          
     60          //=====================================================================================================================
     61          //-------------------------------------- Public Functions -------------------------------------------------------------
     62          //=====================================================================================================================
     63          
     64          //----------------------------------------------------------------------------
     65          /**
     66           *  @brief      PilotRelayFaultMonitor__Initialize
     67           *  @details    Function used to initialize the Pilot Relay Motor Fault monitor.
     68           *
     69           */

   \                                 In section .text, align 2, keep-with-next
     70          void PilotRelayFaultMonitor__Initialize(void)
     71          {
   \                     PilotRelayFaultMonitor__Initialize: (+1)
   \   00000000   0xB510             PUSH     {R4,LR}
     72          	if (Micro__GetResetMode() == MICRO_RESET_MODE_COLD)
   \   00000002   0x.... 0x....      BL       Micro__GetResetMode
   \   00000006   0x2800             CMP      R0,#+0
   \   00000008   0xD11F             BNE      ??PilotRelayFaultMonitor__Initialize_0
     73          	{
     74          		Pilot_Relay_Consistency = COMBINE_NIBBLES(HBL_CONSISTENCY_TABLE_INVALID, HBL_CONSISTENCY_INVALID_VALUE);
   \   0000000A   0x20FF             MOVS     R0,#+255
   \   0000000C   0x....             LDR      R4,??DataTable4
   \   0000000E   0x0001             MOVS     R1,R0
   \   00000010   0x7021             STRB     R1,[R4, #+0]
     75          		Pilot_Relay_Prev_Consistency = COMBINE_NIBBLES(HBL_CONSISTENCY_TABLE_INVALID, HBL_CONSISTENCY_INVALID_VALUE);
   \   00000012   0x7060             STRB     R0,[R4, #+1]
     76          
     77          		Pilot_Relay_Stabilization_Counter = PILOT_RELAY_FAULT_STABILIZATION_TIME;
   \   00000014   0x200A             MOVS     R0,#+10
   \   00000016   0x70A0             STRB     R0,[R4, #+2]
     78          
     79          		if ((Hbl__GetLoadIndexByLoadID(HBL_LOAD_PILOT_RELAY) != (uint8)HBL_INDEX_INVALID) ||
     80          			(Hbl__GetLoadIndexByLoadID(HBL_LOAD_RELAY_ENABLE) != (uint8)HBL_INDEX_INVALID))
   \   00000018   0x2051             MOVS     R0,#+81
   \   0000001A   0x.... 0x....      BL       Hbl__GetLoadIndexByLoadID
   \   0000001E   0x28FF             CMP      R0,#+255
   \   00000020   0xD104             BNE      ??PilotRelayFaultMonitor__Initialize_1
   \   00000022   0x2052             MOVS     R0,#+82
   \   00000024   0x.... 0x....      BL       Hbl__GetLoadIndexByLoadID
   \   00000028   0x28FF             CMP      R0,#+255
   \   0000002A   0xD006             BEQ      ??PilotRelayFaultMonitor__Initialize_2
     81          		{
     82          			PilotRelayStuckClosedMonitor__Initialize();
   \                     ??PilotRelayFaultMonitor__Initialize_1: (+1)
   \   0000002C   0x.... 0x....      BL       PilotRelayStuckClosedMonitor__Initialize
     83          			PilotRelayStuckOpenMonitor__Initialize();
   \   00000030   0x.... 0x....      BL       PilotRelayStuckOpenMonitor__Initialize
     84          
     85          			Pilot_Relay_Fault_Monitor_Is_Active = TRUE;
   \   00000034   0x2001             MOVS     R0,#+1
   \   00000036   0x70E0             STRB     R0,[R4, #+3]
   \   00000038   0xBD10             POP      {R4,PC}
     86          		}
     87          		else
     88          		{
     89          			Pilot_Relay_Fault_Monitor_Is_Active = FALSE;
   \                     ??PilotRelayFaultMonitor__Initialize_2: (+1)
   \   0000003A   0x2000             MOVS     R0,#+0
   \   0000003C   0x70E0             STRB     R0,[R4, #+3]
     90          			LOG_ADD_EXCEPTION (ERROR_MISSING_COMPONENTS, 0);
   \   0000003E   0x4603             MOV      R3,R0
   \   00000040   0x2201             MOVS     R2,#+1
   \   00000042   0x4611             MOV      R1,R2
   \   00000044   0x2042             MOVS     R0,#+66
   \   00000046   0x.... 0x....      BL       Log__AddMessage
     91          		}
     92          
     93          	}
     94          }
   \                     ??PilotRelayFaultMonitor__Initialize_0: (+1)
   \   0000004A   0xBD10             POP      {R4,PC}          ;; return
     95          
     96          
     97          //----------------------------------------------------------------------------
     98          /**
     99           *  @brief      PilotRelayFaultMonitor__Execution
    100           *  @details    Function used to perform the Pilot Relay Fault monitor.
    101           *
    102           */

   \                                 In section .text, align 2, keep-with-next
    103          void PilotRelayFaultMonitor__Execution(void)
    104          {
   \                     PilotRelayFaultMonitor__Execution: (+1)
   \   00000000   0xB538             PUSH     {R3-R5,LR}
    105          	uint8 pilot_relay_state;
    106          	uint8 pilot_relay_load_index;
    107          	static uint8 pilot_relay_prev_state = OFF;
    108          
    109          	if ((uint8)Pilot_Relay_Fault_Monitor_Is_Active == (uint8)TRUE)
   \   00000002   0x....             LDR      R4,??DataTable4
   \   00000004   0x78E0             LDRB     R0,[R4, #+3]
   \   00000006   0x2801             CMP      R0,#+1
   \   00000008   0xD128             BNE      ??PilotRelayFaultMonitor__Execution_0
    110          	{
    111          		pilot_relay_load_index = Hbl__GetLoadIndexByLoadID(HBL_LOAD_PILOT_RELAY);
   \   0000000A   0x2051             MOVS     R0,#+81
   \   0000000C   0x.... 0x....      BL       Hbl__GetLoadIndexByLoadID
   \   00000010   0x0005             MOVS     R5,R0
    112          		if (pilot_relay_load_index == HBL_INDEX_INVALID)
   \   00000012   0x2DFF             CMP      R5,#+255
   \   00000014   0xD103             BNE      ??PilotRelayFaultMonitor__Execution_1
    113          		{
    114          			pilot_relay_load_index = Hbl__GetLoadIndexByLoadID(HBL_LOAD_RELAY_ENABLE);
   \   00000016   0x2052             MOVS     R0,#+82
   \   00000018   0x.... 0x....      BL       Hbl__GetLoadIndexByLoadID
   \   0000001C   0x0005             MOVS     R5,R0
    115          		}
    116          
    117          		Pilot_Relay_Consistency = Hbl__GetLoadConsistency(pilot_relay_load_index);
   \                     ??PilotRelayFaultMonitor__Execution_1: (+1)
   \   0000001E   0x0028             MOVS     R0,R5
   \   00000020   0x.... 0x....      BL       Hbl__GetLoadConsistency
   \   00000024   0x7020             STRB     R0,[R4, #+0]
    118          
    119          		pilot_relay_state = ((uint8 *)Hbl__GetProcessedLoad(pilot_relay_load_index))[0];
   \   00000026   0x0028             MOVS     R0,R5
   \   00000028   0x.... 0x....      BL       Hbl__GetProcessedLoad
   \   0000002C   0x7800             LDRB     R0,[R0, #+0]
    120          
    121          		if ((pilot_relay_state != pilot_relay_prev_state) || (Pilot_Relay_Consistency != Pilot_Relay_Prev_Consistency))
   \   0000002E   0x7821             LDRB     R1,[R4, #+0]
   \   00000030   0x0002             MOVS     R2,R0
   \   00000032   0x7923             LDRB     R3,[R4, #+4]
   \   00000034   0x429A             CMP      R2,R3
   \   00000036   0xD103             BNE      ??PilotRelayFaultMonitor__Execution_2
   \   00000038   0x000A             MOVS     R2,R1
   \   0000003A   0x7863             LDRB     R3,[R4, #+1]
   \   0000003C   0x429A             CMP      R2,R3
   \   0000003E   0xD004             BEQ      ??PilotRelayFaultMonitor__Execution_3
    122          		{
    123          			Pilot_Relay_Stabilization_Counter = PILOT_RELAY_FAULT_STABILIZATION_TIME;
   \                     ??PilotRelayFaultMonitor__Execution_2: (+1)
   \   00000040   0x220A             MOVS     R2,#+10
   \   00000042   0x70A2             STRB     R2,[R4, #+2]
    124          			pilot_relay_prev_state = pilot_relay_state;
   \   00000044   0x7120             STRB     R0,[R4, #+4]
    125          			Pilot_Relay_Prev_Consistency = Pilot_Relay_Consistency;
   \   00000046   0x7061             STRB     R1,[R4, #+1]
   \   00000048   0xE004             B        ??PilotRelayFaultMonitor__Execution_4
    126          		}
    127          		else
    128          		{
    129          			if (Pilot_Relay_Stabilization_Counter > (uint8)0)
   \                     ??PilotRelayFaultMonitor__Execution_3: (+1)
   \   0000004A   0x78A0             LDRB     R0,[R4, #+2]
   \   0000004C   0x0001             MOVS     R1,R0
   \   0000004E   0xD001             BEQ      ??PilotRelayFaultMonitor__Execution_4
    130          			{
    131          				Pilot_Relay_Stabilization_Counter --;
   \   00000050   0x1E40             SUBS     R0,R0,#+1
   \   00000052   0x70A0             STRB     R0,[R4, #+2]
    132          			}
    133          		}
    134          
    135          		PilotRelayStuckClosedMonitor__Execution();
   \                     ??PilotRelayFaultMonitor__Execution_4: (+1)
   \   00000054   0x.... 0x....      BL       PilotRelayStuckClosedMonitor__Execution
    136          		PilotRelayStuckOpenMonitor__Execution();
   \   00000058   0x.... 0x....      BL       PilotRelayStuckOpenMonitor__Execution
    137          	}
    138          
    139          }
   \                     ??PilotRelayFaultMonitor__Execution_0: (+1)
   \   0000005C   0xBD31             POP      {R0,R4,R5,PC}    ;; return

   \                                 In section .bss, align 1
   \                     Pilot_Relay_Consistency:
   \   00000000                      DS8 1
   \   00000001                      DS8 1
   \   00000002                      DS8 1
   \   00000003                      DS8 1
   \   00000004                      DS8 1
    140          
    141          
    142          //----------------------------------------------------------------------------
    143          /**
    144           *  @brief      PilotRelayFaultMonitor__CycleStarted
    145           *  @details    Function to be called when a cycle is started to remove the Pilot Relay Fault.
    146           *
    147           */

   \                                 In section .text, align 2, keep-with-next
    148          void PilotRelayFaultMonitor__CycleStarted(void)
    149          {
   \                     PilotRelayFaultMonitor__CycleStarted: (+1)
   \   00000000   0xB580             PUSH     {R7,LR}
    150          	PilotRelayStuckClosedMonitor__CycleStarted();
   \   00000002   0x.... 0x....      BL       PilotRelayStuckClosedMonitor__CycleStarted
    151          	PilotRelayStuckOpenMonitor__CycleStarted();
   \   00000006   0x.... 0x....      BL       PilotRelayStuckOpenMonitor__CycleStarted
    152          }
   \   0000000A   0xBD01             POP      {R0,PC}          ;; return
    153          
    154          
    155          //---------------------------------------------------------------------------------------------------------------------
    156          /**
    157           *  @brief
    158           *
    159           */

   \                                 In section .text, align 2, keep-with-next
    160          uint8 PilotRelayFaultMonitor__GetConsistency(void)
    161          {
    162          	return Pilot_Relay_Consistency;
   \                     PilotRelayFaultMonitor__GetConsistency: (+1)
   \   00000000   0x....             LDR      R0,??DataTable4
   \   00000002   0x7800             LDRB     R0,[R0, #+0]
   \   00000004   0x4770             BX       LR               ;; return
    163          }
    164          
    165          
    166          //----------------------------------------------------------------------------
    167          /**
    168           *  @brief
    169           *  @details
    170           *
    171           */

   \                                 In section .text, align 2, keep-with-next
    172          uint8 PilotRelayFaultMonitor__GetStabilizationCounter(void)
    173          {
    174          	return Pilot_Relay_Stabilization_Counter;
   \                     PilotRelayFaultMonitor__GetStabilizationCounter: (+1)
   \   00000000   0x....             LDR      R0,??DataTable4
   \   00000002   0x7880             LDRB     R0,[R0, #+2]
   \   00000004   0x4770             BX       LR               ;; return
    175          }
    176          
    177          
    178          //----------------------------------------------------------------------------
    179          /**
    180           *  @brief
    181           *  @details
    182           *
    183           */

   \                                 In section .text, align 2, keep-with-next
    184          void PilotRelayFaultMonitor__RestartStabilizationCounter(void)
    185          {
    186          	Pilot_Relay_Stabilization_Counter = PILOT_RELAY_FAULT_STABILIZATION_TIME;
   \                     PilotRelayFaultMonitor__RestartStabilizationCounter: (+1)
   \   00000000   0x200A             MOVS     R0,#+10
   \   00000002   0x....             LDR      R1,??DataTable4
   \   00000004   0x7088             STRB     R0,[R1, #+2]
    187          }
   \   00000006   0x4770             BX       LR               ;; return

   \                                 In section .text, align 4, keep-with-next
   \                     ??DataTable4:
   \   00000000   0x........         DC32     Pilot_Relay_Consistency
    188          
    189          
    190          
    191          //=====================================================================================================================
    192          //-------------------------------------- Private Functions ------------------------------------------------------------
    193          //=====================================================================================================================
    194          
    195          

   Maximum stack usage in bytes:

   .cstack Function
   ------- --------
       8   PilotRelayFaultMonitor__CycleStarted
         8   -> PilotRelayStuckClosedMonitor__CycleStarted
         8   -> PilotRelayStuckOpenMonitor__CycleStarted
      16   PilotRelayFaultMonitor__Execution
        16   -> Hbl__GetLoadConsistency
        16   -> Hbl__GetLoadIndexByLoadID
        16   -> Hbl__GetProcessedLoad
        16   -> PilotRelayStuckClosedMonitor__Execution
        16   -> PilotRelayStuckOpenMonitor__Execution
       0   PilotRelayFaultMonitor__GetConsistency
       0   PilotRelayFaultMonitor__GetStabilizationCounter
       8   PilotRelayFaultMonitor__Initialize
         8   -> Hbl__GetLoadIndexByLoadID
         8   -> Log__AddMessage
         8   -> Micro__GetResetMode
         8   -> PilotRelayStuckClosedMonitor__Initialize
         8   -> PilotRelayStuckOpenMonitor__Initialize
       0   PilotRelayFaultMonitor__RestartStabilizationCounter


   Section sizes:

   Bytes  Function/Label
   -----  --------------
       4  ??DataTable4
      12  PilotRelayFaultMonitor__CycleStarted
      94  PilotRelayFaultMonitor__Execution
       6  PilotRelayFaultMonitor__GetConsistency
       6  PilotRelayFaultMonitor__GetStabilizationCounter
      76  PilotRelayFaultMonitor__Initialize
       8  PilotRelayFaultMonitor__RestartStabilizationCounter
       5  Pilot_Relay_Consistency
          Pilot_Relay_Prev_Consistency
          Pilot_Relay_Stabilization_Counter
          Pilot_Relay_Fault_Monitor_Is_Active
          pilot_relay_prev_state

 
   5 bytes in section .bss
 206 bytes in section .text
 
 206 bytes of CODE memory
   5 bytes of DATA memory

Errors: none
Warnings: none
