###############################################################################
#
# IAR ANSI C/C++ Compiler V7.70.1.11437/W32 for ARM       28/Feb/2025  14:17:36
# Copyright 1999-2016 IAR Systems AB.
#
#    Cpu mode     =  thumb
#    Endian       =  little
#    Source file  =  
#        source/Category/Application/acu/Monitors/PumpFlushRequestMonitor/PumpFlushRequestMonitor.c
#    Command line =  
#        --cpu Cortex-M0+ -Om --debug -e --only_stdout --silent -D
#        ENABLE_JUMP_TO_APPLICATION_WITHOUT_IAP_FIRMWARE --no_wrap_diagnostics
#        -f config\tmp\include_path.lnt
#        (-I../Nucleus-Tools-SDK/embOS/arm/v4.26/source\
#        -I../Nucleus-Tools-SDK/iar/arm/v7.70/cx/inc\
#        -Isource/Category/Application/acu/CycleResume\
#        -Isource/Category/Application/acu/Monitors/AutostartFactoryCycleMonitor\
#        -Isource/Category/Application/acu/Monitors/CartridgeDetectionMonitor\
#        -Isource/Category/Application/acu/Monitors/DCLoadCurrentMonitor\
#        -Isource/Category/Application/acu/Monitors/DiverterFaultMonitor\
#        -Isource/Category/Application/acu/Monitors/DiverterLeakFaultMonitor\
#        -Isource/Category/Application/acu/Monitors/DoorMonitor\
#        -Isource/Category/Application/acu/Monitors/DoorOpeningSystemMonitor\
#        -Isource/Category/Application/acu/Monitors/FanMotorFaultMonitor\
#        -Isource/Category/Application/acu/Monitors/FaultStatusMonitor\
#        -Isource/Category/Application/acu/Monitors/FillValveStuckOn\
#        -Isource/Category/Application/acu/Monitors/FlowMeterFaultMonitor\
#        -Isource/Category/Application/acu/Monitors/HeatMonitor\
#        -Isource/Category/Application/acu/Monitors/HotHighPotMonitor\
#        -Isource/Category/Application/acu/Monitors/LITTFaultMonitor\
#        -Isource/Category/Application/acu/Monitors/LITTMonitor\
#        -Isource/Category/Application/acu/Monitors/McuGetDataMonitor\
#        -Isource/Category/Application/acu/Monitors/ModelMonitors/AirlockDetectionMonitor\
#        -Isource/Category/Application/acu/Monitors/ModelMonitors/AirlockDetectionMonitor/CodeGeneration\
#        -Isource/Category/Application/acu/Monitors/ModelMonitors/HeaterCalcificationDetectionModel\
#        -Isource/Category/Application/acu/Monitors/ModelMonitors/HeaterCalcificationDetectionModel/CodeGeneration\
#        -Isource/Category/Application/acu/Monitors/ModelMonitors/OWIVoltageRegulatedOutputModel\
#        -Isource/Category/Application/acu/Monitors/ModelMonitors/OWIVoltageRegulatedOutputModel/CodeGeneration\
#        -Isource/Category/Application/acu/Monitors/ModelMonitors/PluggingDetectionMonitor\
#        -Isource/Category/Application/acu/Monitors/ModelMonitors/PluggingDetectionMonitor/CodeGeneration\
#        -Isource/Category/Application/acu/Monitors/MoisturePreventionMonitor\
#        -Isource/Category/Application/acu/Monitors/OverfillMonitor\
#        -Isource/Category/Application/acu/Monitors/OWIMonitor\
#        -Isource/Category/Application/acu/Monitors/PilotRelayFaultMonitor\
#        -Isource/Category/Application/acu/Monitors/PilotRelayFaultMonitor/PilotRelayStuckClosedMonitor\
#        -Isource/Category/Application/acu/Monitors/PilotRelayFaultMonitor/PilotRelayStuckOpenMonitor\
#        -Isource/Category/Application/acu/Monitors/PORTimeMonitor\
#        -Isource/Category/Application/acu/Monitors/PumpFlushRequestMonitor\
#        -Isource/Category/Application/acu/Monitors/RinseAidMonitor\
#        -Isource/Category/Application/acu/Monitors/SaltSensingMonitor\
#        -Isource/Category/Application/acu/Monitors/StabilityControlLoopMonitor\
#        -Isource/Category/Application/acu/Monitors/StandbyManager\
#        -Isource/Category/Application/acu/Monitors/SupervisorExtMonitor\
#        -Isource/Category/Application/acu/Monitors/ThermistorFaultMonitor\
#        -Isource/Category/Application/acu/Monitors/ThermistorFaultMonitor/ThermistorOpenMonitor\
#        -Isource/Category/Application/acu/Monitors/ThermistorFaultMonitor/ThermistorShortedMonitor\
#        -Isource/Category/Application/acu/Monitors/TriacCurrentMonitor\
#        -Isource/Category/Application/acu/Monitors/TriacShortedDrainFaultMonitor\
#        -Isource/Category/Application/acu/Monitors/TriacVoltageMonitor\
#        -Isource/Category/Application/acu/Monitors/VoltageRangeMonitor\
#        -Isource/Category/Application/acu/Monitors/VSDrainMotorFaultMonitor\
#        -Isource/Category/Application/acu/Monitors/VwiMonitor\
#        -Isource/Category/Application/acu/Monitors/VwiZoneCompensationMonitor\
#        -Isource/Category/Application/acu/Monitors/WashHeaterFaultMonitor\
#        -Isource/Category/Application/acu/Monitors/WashHeaterFaultMonitor/HeaterLeakageToNeutralMonitor\
#        -Isource/Category/Application/acu/Monitors/WashHeaterFaultMonitor/HeaterLineRelayOpenMonitor\
#        -Isource/Category/Application/acu/Monitors/WashHeaterFaultMonitor/HeaterNeutralRelayOpenMonitor\
#        -Isource/Category/Application/acu/Monitors/WashHeaterFaultMonitor/HeaterOpenAndLineRelayClosedMonitor\
#        -Isource/Category/Application/acu/Monitors/WashHeaterFaultMonitor/HeaterOpenMonitor\
#        -Isource/Category/Application/acu/Monitors/WashMotorFaultMonitor\
#        -Isource/Category/Application/acu/Monitors/ZeroCrossMonitor\
#        -Isource/Category/Application/acu/Processes/AlternateCtrl\
#        -Isource/Category/Application/acu/Processes/Fill\
#        -Isource/Category/Application/acu/Processes/Fill/ClassAFill\
#        -Isource/Category/Application/acu/Processes/Fill/Fill\
#        -Isource/Category/Application/acu/Processes/Fill/TankDrain\
#        -Isource/Category/Application/acu/Processes/Fill/TankFill\
#        -Isource/Category/Application/acu/Processes/Heat\
#        -Isource/Category/Application/acu/Processes/ModelProcesses/OWICalibrationModel\
#        -Isource/Category/Application/acu/Processes/ModelProcesses/OWICalibrationModel/CodeGeneration\
#        -Isource/Category/Application/acu/Processes/ModelProcesses/PartialDrainModel\
#        -Isource/Category/Application/acu/Processes/ModelProcesses/PartialDrainModel/CodeGeneration\
#        -Isource/Category/Application/acu/Processes/ModelProcesses/SensedDrainModel\
#        -Isource/Category/Application/acu/Processes/ModelProcesses/SensedDrainModel/CodeGeneration\
#        -Isource/Category/Application/acu/Processes/OWI\
#        -Isource/Category/Application/acu/Processes/OWI_VRO\
#        -Isource/Category/Application/acu/Processes/OWIOneShot\
#        -Isource/Category/Application/acu/Processes/PumpControl\
#        -Isource/Category/Application/acu/Processes/Regenerate\
#        -Isource/Category/Application/acu/Processes/RinseAidDispense\
#        -Isource/Category/Application/acu/Processes/RinseAidDispense/RinseAid\
#        -Isource/Category/Application/acu/Processes/RinseAidDispense/TridgeDetergent\
#        -Isource/Category/Application/acu/Tasks/DoorOpeningSystemPull\
#        -Isource/Category/Application/acu/Tasks/DoorOpeningSystemPush\
#        -Isource/Category/Application/acu/Tasks/HeaterShadowing\
#        -Isource/Category/Application/acu/Tasks/MoisturePrevention\
#        -Isource/Category/Application/acu/Tasks/OWIContinousReading\
#        -Isource/Category/Application/acu/Tasks/OwiVroContinuousReading\
#        -Isource/Category/Application/acu/Tasks/Sanitization\
#        -Isource/Category/Application/acu/Tasks/StabilityControl\
#        -Isource/Category/Application/acu/Tasks/TimeElapse\
#        -Isource/Category/Application/acu/VWI\
#        -Isource/Category/Application/all/ActivePower\
#        -Isource/Category/Application/all/API007App\
#        -Isource/Category/Application/all/Config\
#        -Isource/Category/Common/acu/CommonDish/DishAuxVar\
#        -Isource/Category/Common/acu/CommonDish/PumpCommand\
#        -Isource/Category/Common/acu/CommonDish/StatisticsDish\
#        -Isource/Category/Common/all/BoardDebugging\
#        -Isource/Category/Common/all/Config\
#        -Isource/Category/Common/all/MasterCommander\
#        -Isource/Category/Common/all/MasterCommander/Source\
#        -Isource/Category/Common/all/MasterCommander/Source/HAL\
#        -Isource/Category/Common/all/SharedUtils\
#        -Isource/Category/Hbl/acu/ACULoadHandler/AlternateLoad\
#        -Isource/Category/Hbl/acuexpacu/ACUGIHandler/WaterCounterGI\
#        -Isource/Category/Hbl/acuexpacu/ACULoadHandler/HeaterLoad\
#        -Isource/Category/Hbl/acuexpacu/ACULoadHandler/TriacMci\
#        -Isource/Category/Hbl/all/Config\ -Isource/Category/Hbl/all/Mci\
#        -Isource/Category/Hbl/all/Mci/MciZeroCross\
#        -Isource/Category/Hbl/all/Mci/Slfac\
#        -Isource/Category/Hbl/all/Mci/Slfac/Macroblocks\
#        -Isource/Category/Hbl/all/Mci/Slfac/Microblocks/GlitchFilter\
#        -Isource/Category/Hbl/all/Mci/Slfac/Microblocks/IIRFilter\
#        -Isource/Category/Hbl/all/Mci/Slfac/Microblocks/MathCalc\
#        -Isource/Category/Hbl/all/Mci/Slfac/Microblocks/PeakDetector\
#        -Isource/Category/Hbl/all/Mci/Slfac/Microblocks/Pi\
#        -Isource/Category/Hbl/all/MCUDrivers/TimeCapture\
#        -Isource/Category/Hbl/all/MCUDrivers/TimerInterruptExt\
#        -Isource/Micros/STM32G0x/Driver/Atod\
#        -Isource/Micros/STM32G0x/Driver/DataFlash\
#        -Isource/Micros/STM32G0x/Driver/Dma\
#        -Isource/Micros/STM32G0x/Driver/Dtoa\
#        -Isource/Micros/STM32G0x/Driver/ExtInterrupt\
#        -Isource/Micros/STM32G0x/Driver/Flash\
#        -Isource/Micros/STM32G0x/Driver/Gpio\
#        -Isource/Micros/STM32G0x/Driver/I2c\
#        -Isource/Micros/STM32G0x/Driver/IntMgr\
#        -Isource/Micros/STM32G0x/Driver/Micro\
#        -Isource/Micros/STM32G0x/Driver/MicroExt\
#        -Isource/Micros/STM32G0x/Driver/Rtc\
#        -Isource/Micros/STM32G0x/Driver/RTCDriver\
#        -Isource/Micros/STM32G0x/Driver/Spi\
#        -Isource/Micros/STM32G0x/Driver/Timeout\
#        -Isource/Micros/STM32G0x/Driver/Timer\
#        -Isource/Micros/STM32G0x/Driver/TimerInterrupt\
#        -Isource/Micros/STM32G0x/Driver/Uart\
#        -Isource/ProjectSpecific/Application/acu/Config\
#        -Isource/ProjectSpecific/Application/acu/LowPower\
#        -Isource/ProjectSpecific/Application/acuexpacu/Config\
#        -Isource/ProjectSpecific/Application/all/Config\
#        -Isource/ProjectSpecific/Application/all/MCUDebug\
#        -Isource/ProjectSpecific/Application/all/ProductInfo\
#        -Isource/ProjectSpecific/Common/acu/Config\
#        -Isource/ProjectSpecific/Common/all/Config\
#        -Isource/ProjectSpecific/Common/all/Debug\
#        -Isource/ProjectSpecific/Common/all/SRConfig\
#        -Isource/ProjectSpecific/Driver/STM32G0x\
#        -Isource/ProjectSpecific/Hbl/acuexpacu/Config\
#        -Isource/ProjectSpecific/Hbl/acuexpacu/SRConfig\
#        -Isource/ProjectSpecific/Hbl/all/Config\
#        -Isource/ProjectSpecific/Hbl/all/Config/Mci\
#        -Isource/ProjectSpecific/Hbl/all/Config/Mci/MasterCommander\
#        -Isource/ProjectSpecific/Hbl/all/Config/Mci/MCUDrivers\
#        -Isource/ProjectSpecific/Hbl/all/SRConfig\
#        -Isource/XCategory/Application/acu/API221MotionCtrl\
#        -Isource/XCategory/Application/acu/Calibration\
#        -Isource/XCategory/Application/acu/Condition\
#        -Isource/XCategory/Application/acu/Estimator\
#        -Isource/XCategory/Application/acu/Interpreter\
#        -Isource/XCategory/Application/acu/Processes/ActivateTask\
#        -Isource/XCategory/Application/acu/Processes/JumpIf\
#        -Isource/XCategory/Application/acu/Processes/LoadsControl\
#        -Isource/XCategory/Application/acu/Processes/Maintain\
#        -Isource/XCategory/Application/acu/Processes/SetVariable\
#        -Isource/XCategory/Application/acu/RegulationAccept\
#        -Isource/XCategory/Application/acu/Selector\
#        -Isource/XCategory/Application/acu/SubCycle\
#        -Isource/XCategory/Application/acu/Supervisor\
#        -Isource/XCategory/Application/acu/TestMgr\
#        -Isource/XCategory/Application/acuexpacu/ApplianceMgr\
#        -Isource/XCategory/Application/acuhmi/CommunicationMonitor\
#        -Isource/XCategory/Application/acuhmi/Modifier\
#        -Isource/XCategory/Application/acuhmi/Regulations\
#        -Isource/XCategory/Application/acuhmi/Status\
#        -Isource/XCategory/Application/all/API007Data\
#        -Isource/XCategory/Application/all/API011AppCtr\
#        -Isource/XCategory/Application/all/API012Exp\
#        -Isource/XCategory/Application/all/API013RemoteFunction\
#        -Isource/XCategory/Application/all/API018Diagnostic\
#        -Isource/XCategory/Application/all/API220MotorControl\
#        -Isource/XCategory/Application/all/API220MotorControl/Api\
#        -Isource/XCategory/Application/all/Mode\
#        -Isource/XCategory/Application/all/Reveal_Basic/API003Disc\
#        -Isource/XCategory/Application/all/Reveal_Basic/API004Debug\
#        -Isource/XCategory/Application/all/Reveal_Basic/API004Debug/SW05SoftwareTest\
#        -Isource/XCategory/Application/all/Reveal_Basic/API005LowLevel\
#        -Isource/XCategory/Application/all/Reveal_Basic/API009System\
#        -Isource/XCategory/Application/all/Reveal_Basic/API010PollVar\
#        -Isource/XCategory/Application/all/Reveal_Basic/API019ProductInfo\
#        -Isource/XCategory/Application/all/SFUpdater\
#        -Isource/XCategory/Application/all/SRAPI020Safety\
#        -Isource/XCategory/Application/all/StatusLed\
#        -Isource/XCategory/Common/acu/BrownOut\
#        -Isource/XCategory/Common/acu/Fault\
#        -Isource/XCategory/Common/acu/Statistics\
#        -Isource/XCategory/Common/all/Common/Callback\
#        -Isource/XCategory/Common/all/Common/Convert\
#        -Isource/XCategory/Common/all/Common/Crc16\
#        -Isource/XCategory/Common/all/Common/Crc32\
#        -Isource/XCategory/Common/all/Common/Crc8\
#        -Isource/XCategory/Common/all/Common/Equation\
#        -Isource/XCategory/Common/all/Common/Filter\
#        -Isource/XCategory/Common/all/Common/FITMgr\
#        -Isource/XCategory/Common/all/Common/I2cMgr\
#        -Isource/XCategory/Common/all/Common/IAPEmul\
#        -Isource/XCategory/Common/all/Common/Log\
#        -Isource/XCategory/Common/all/Common/Millis\
#        -Isource/XCategory/Common/all/Common/SeggerRTT\
#        -Isource/XCategory/Common/all/Common/SeggerRTT/SEGGER_RTT/Config\
#        -Isource/XCategory/Common/all/Common/SeggerRTT/SEGGER_RTT/RTT\
#        -Isource/XCategory/Common/all/Common/SettingFile\
#        -Isource/XCategory/Common/all/Common/SFVersionCheck\
#        -Isource/XCategory/Common/all/Common/SystemConfig\
#        -Isource/XCategory/Common/all/Common/SystemTimers\
#        -Isource/XCategory/Common/all/Common/Utilities\
#        -Isource/XCategory/Common/all/Common/Variable\
#        -Isource/XCategory/Common/all/SRCommon/SRClockMonitor\
#        -Isource/XCategory/Common/all/SRCommon/SRData\
#        -Isource/XCategory/Common/all/SRCommon/SRException\
#        -Isource/XCategory/Common/all/SRCommon/SRIsrMonitor\
#        -Isource/XCategory/Common/all/SRCommon/SRPowerMgr\
#        -Isource/XCategory/Common/all/SRCommon/SRSignature\
#        -Isource/XCategory/Common/all/SRCommon/SRSystemConfig\
#        -Isource/XCategory/Common/all/SRCommon/SRTaskMonitor\
#        -Isource/XCategory/Common/all/SRCommon/SRTaskSequence\
#        -Isource/XCategory/Common/all/SRCommon/SRTimerReference\
#        -Isource/XCategory/Common/all/SRCommon/SRUnusedPinsConfig\
#        -Isource/XCategory/Common/all/SRMain\
#        -Isource/XCategory/Common/all/SRMain/BackgroundThreads\
#        -Isource/XCategory/Common/all/SRMain/OsServices\
#        -Isource/XCategory/Common/all/SRMain/StackAnalysis\
#        -Isource/XCategory/Common/all/SRMain/TimingAnalysis\
#        -Isource/XCategory/Driver/APIs/Atod\
#        -Isource/XCategory/Driver/APIs/Comparator\
#        -Isource/XCategory/Driver/APIs/DataFlash\
#        -Isource/XCategory/Driver/APIs/Dma\
#        -Isource/XCategory/Driver/APIs/Dtc\
#        -Isource/XCategory/Driver/APIs/Dtoa\
#        -Isource/XCategory/Driver/APIs/EmbOS\
#        -Isource/XCategory/Driver/APIs/ExtInterrupt\
#        -Isource/XCategory/Driver/APIs/Flash\
#        -Isource/XCategory/Driver/APIs/Gpio\
#        -Isource/XCategory/Driver/APIs/I2c\
#        -Isource/XCategory/Driver/APIs/IntMgr\
#        -Isource/XCategory/Driver/APIs/Micro\
#        -Isource/XCategory/Driver/APIs/MicroExt\
#        -Isource/XCategory/Driver/APIs/Rtc\
#        -Isource/XCategory/Driver/APIs/RTCDriver\
#        -Isource/XCategory/Driver/APIs/Spi\
#        -Isource/XCategory/Driver/APIs/Timeout\
#        -Isource/XCategory/Driver/APIs/Timer\
#        -Isource/XCategory/Driver/APIs/TimerInterrupt\
#        -Isource/XCategory/Driver/APIs/Touch\
#        -Isource/XCategory/Driver/APIs/Uart\
#        -Isource/XCategory/Hbl/acu/FdmCounter\
#        -Isource/XCategory/Hbl/acu/FdmTimer\
#        -Isource/XCategory/Hbl/acuexpacu/ACUGIHandler/ConvertGI\
#        -Isource/XCategory/Hbl/acuexpacu/ACUGIHandler/DirectGI\
#        -Isource/XCategory/Hbl/acuexpacu/ACUGIHandler/DoorSwitchGI\
#        -Isource/XCategory/Hbl/acuexpacu/ACUGIHandler/ProbeGI\
#        -Isource/XCategory/Hbl/acuexpacu/ACUGIHandler/ProbeLpsGI\
#        -Isource/XCategory/Hbl/acuexpacu/ACULoadHandler/DCFanLoad\
#        -Isource/XCategory/Hbl/acuexpacu/ACUPilotHandler/AnalogOutputPilot\
#        -Isource/XCategory/Hbl/acuexpacu/ACUPilotHandler/ChargePumpPilot\
#        -Isource/XCategory/Hbl/acuexpacu/ACUPilotHandler/DigitalOutputMultiPilot\
#        -Isource/XCategory/Hbl/acuexpacu/ACUPilotHandler/DigitalOutputPilot\
#        -Isource/XCategory/Hbl/acuexpacu/ACUPilotHandler/DoorLockEMPilot\
#        -Isource/XCategory/Hbl/acuexpacu/ACUPilotHandler/DoorLockWaxPilot\
#        -Isource/XCategory/Hbl/acuexpacu/ACUPilotHandler/ExpansionPilot\
#        -Isource/XCategory/Hbl/acuexpacu/ACUPilotHandler/ExternalMotorPilot\
#        -Isource/XCategory/Hbl/acuexpacu/ACUPilotHandler/FSMPilot\
#        -Isource/XCategory/Hbl/acuexpacu/ACUPilotHandler/MagnetronPilot\
#        -Isource/XCategory/Hbl/acuexpacu/ACUPilotHandler/MotorPilot\
#        -Isource/XCategory/Hbl/acuexpacu/ACUPilotHandler/MultiDriverPilot\
#        -Isource/XCategory/Hbl/acuexpacu/ACUPilotHandler/MultiSequencePilot\
#        -Isource/XCategory/Hbl/acuexpacu/ACUPilotHandler/NonfunctionalPilot\
#        -Isource/XCategory/Hbl/acuexpacu/ACUPilotHandler/PwmHiResPilot\
#        -Isource/XCategory/Hbl/acuexpacu/ACUPilotHandler/PwmPilot\
#        -Isource/XCategory/Hbl/acuexpacu/ACUPilotHandler/SRChargePumpPilot\
#        -Isource/XCategory/Hbl/acuexpacu/ACUPilotHandler/SRDigitalOutputMultiPilot\
#        -Isource/XCategory/Hbl/acuexpacu/ACUPilotHandler/SRDigitalOutputPilot\
#        -Isource/XCategory/Hbl/acuexpacu/ACUPilotHandler/SRDoorLockEMPilot\
#        -Isource/XCategory/Hbl/acuexpacu/ACUPilotHandler/SRDoorLockWaxPilot\
#        -Isource/XCategory/Hbl/acuexpacu/ACUPilotHandler/SRUMRelayPilot\
#        -Isource/XCategory/Hbl/acuexpacu/ACUPilotHandler/SteadyPwmProfilePilot\
#        -Isource/XCategory/Hbl/acuexpacu/ACUPilotHandler/StepperPilot\
#        -Isource/XCategory/Hbl/acuexpacu/ACUPilotHandler/TriacSwitchPilot\
#        -Isource/XCategory/Hbl/acuexpacu/ACUPilotHandler/ZCRelayPilot\
#        -Isource/XCategory/Hbl/acuexpacu/ACUPilotHandler/ZCTriacPilot\
#        -Isource/XCategory/Hbl/acuexpacu/HblAcu\
#        -Isource/XCategory/Hbl/acuexpacu/HblAcu/CrossLoads\
#        -Isource/XCategory/Hbl/acuexpacu/HblAcu/SetLoadQueue\
#        -Isource/XCategory/Hbl/acuexpacu/HblAcu/SRProductMgr\
#        -Isource/XCategory/Hbl/acuexpacu/HblAcu/ZeroCross\
#        -Isource/XCategory/Hbl/all/Hbl\
#        -Isource/XCategory/Hbl/all/Hbl/DefaultPin\
#        -Isource/XCategory/Hbl/all/Hbl/HblCommon\
#        -Isource/XCategory/Hbl/all/Hbl/VirtualPin\
#        -Isource/XCategory/Hbl/all/LLIHandler/AbsoluteHumidityLLI\
#        -Isource/XCategory/Hbl/all/LLIHandler/AccelerometerLLI\
#        -Isource/XCategory/Hbl/all/LLIHandler/AccelerometerLLI/AccelBaseline\
#        -Isource/XCategory/Hbl/all/LLIHandler/AccelerometerLLI/AccelDiscover\
#        -Isource/XCategory/Hbl/all/LLIHandler/AccelerometerLLI/FXLS8974\
#        -Isource/XCategory/Hbl/all/LLIHandler/AccelerometerLLI/FXLS8974/SelfTestFXLS8974\
#        -Isource/XCategory/Hbl/all/LLIHandler/AccelerometerLLI/LISxDH\
#        -Isource/XCategory/Hbl/all/LLIHandler/AnalogLLI\
#        -Isource/XCategory/Hbl/all/LLIHandler/ConductivityLLI\
#        -Isource/XCategory/Hbl/all/LLIHandler/DigitalLLI\
#        -Isource/XCategory/Hbl/all/LLIHandler/EncoderLLI\
#        -Isource/XCategory/Hbl/all/LLIHandler/ExpansionLLI\
#        -Isource/XCategory/Hbl/all/LLIHandler/FeedbackLLI\
#        -Isource/XCategory/Hbl/all/LLIHandler/I2CInfraredLLI\
#        -Isource/XCategory/Hbl/all/LLIHandler/I2CPressureSensorLLI\
#        -Isource/XCategory/Hbl/all/LLIHandler/I2CRHTSensorLLI\
#        -Isource/XCategory/Hbl/all/LLIHandler/InputCaptureLLI\
#        -Isource/XCategory/Hbl/all/LLIHandler/MultiInputLLI\
#        -Isource/XCategory/Hbl/all/LLIHandler/NonfunctionalLLI\
#        -Isource/XCategory/Hbl/all/LLIHandler/PulseCounterLLI\
#        -Isource/XCategory/Hbl/all/LLIHandler/SRAnalogLLI\
#        -Isource/XCategory/Hbl/all/LLIHandler/SRDigitalLLI\
#        -Isource/XCategory/Hbl/all/LLIHandler/SRFeedbackLLI\
#        -Isource/XCategory/Hbl/all/LLIHandler/SRI2CPressureSensorLLI\
#        -Isource/XCategory/Hbl/all/LLIHandler/SRICTachometerLLI\
#        -Isource/XCategory/Hbl/all/LLIHandler/SRInputCaptureLLI\
#        -Isource/XCategory/Hbl/all/LLIHandler/SRTouchKeyLLI\
#        -Isource/XCategory/Hbl/all/LLIHandler/SRTriacFeedbackLLI\
#        -Isource/XCategory/Hbl/all/LLIHandler/TouchKeyLLI\
#        -Isource/XCategory/Hbl/all/LLIHandler/TouchSliderLLI\
#        -Isource/XCategory/Hbl/all/LLIHandler/TouchWheelLLI\
#        -Isource/XCategory/Hbl/all/LLIHandler/TriacFeedbackLLI\
#        -Isource/XCategory/Hbl/all/LLIHandler/VirtualDigitalLLI\
#        -Isource/XCategory/Service/all/NVData\
#        -Isource/XCategory/Service/all/Reveal\
#        -Isource/XCategory/Service/all/Win\) -l
#        listings\PumpFlushRequestMonitor.lst -o
#        obj\PumpFlushRequestMonitor.obj
#        source/Category/Application/acu/Monitors/PumpFlushRequestMonitor/PumpFlushRequestMonitor.c
#    Locale       =  English_United States.1252
#    List file    =  listings\PumpFlushRequestMonitor.lst
#    Object file  =  obj\PumpFlushRequestMonitor.obj
#
###############################################################################

C:\Data\Nucleus_Dev\Vostok_ACU_A\source\Category\Application\acu\Monitors\PumpFlushRequestMonitor\PumpFlushRequestMonitor.c
      1          /**
      2           *  @file
      3           *
      4           *  @brief      Basic description of file contents
      5           *
      6           *  @details    Detailed description of the file contents
      7           *
      8           *  @section    Applicable_Documents
      9           *					List here all the applicable documents if needed. <tr>
     10           *
     11           *  $Header: $
     12           *
     13           *  @copyright  Copyright 2017-$Date$. Whirlpool Corporation. All rights reserved - CONFIDENTIAL
     14           */
     15          //---------------------------------------------------------------------------------------------------------------------
     16          //---------------------------------------------------------------------------------------------------------------------
     17          
     18          
     19          //-------------------------------------- Include Files ----------------------------------------------------------------
     20          // -- This Module --
     21          #include "PumpFlushRequestMonitor.h"
     22          
     23          #include "Interpreter.h"
     24          #include "Micro.h"
     25          #include "PumpCommand.h"
     26          #include "SystemTimers.h"
     27          #if (API221_CLIENT_FEATURE == ENABLED)
     28          #include "API221MotionCtrl.h"
     29          #include "McuGetDataMonitor.h"
     30          #endif
     31          
     32          //-------------------------------------- PUBLIC (Variables) -----------------------------------------------------------
     33          

   \                                 In section .bss, align 1
     34          static BOOL_TYPE WashPumpCtrlExecuted;
   \                     WashPumpCtrlExecuted:
   \   00000000                      DS8 1

   \                                 In section .bss, align 1
     35          static BOOL_TYPE DrainPumpCtrlExecuted;
   \                     DrainPumpCtrlExecuted:
   \   00000000                      DS8 1

   \                                 In section .bss, align 1
     36          static HBL_PILOT_ENUM_TYPE Wash_Pump_Pilot_Type;
   \                     Wash_Pump_Pilot_Type:
   \   00000000                      DS8 1
   \   00000001                      DS8 1
   \   00000002                      DS8 1
   \   00000003                      DS8 1
     37          static HBL_PILOT_ENUM_TYPE Drain_Pump_Pilot_Type;
     38          static BOOL_TYPE Wash_Stop_Sent;
     39          static BOOL_TYPE Drain_Stop_Sent;
     40          #if (API221_CLIENT_FEATURE == ENABLED)
     41          static SYSTEMTIMER_NV_TIMER_TYPE Stop_Motor_Timer_Handle;
     42          #endif
     43          //-------------------------------------- PRIVATE (Variables, Constants & Defines) -------------------------------------
     44          
     45          //-------------------------------------- PRIVATE (Function Prototypes) ------------------------------------------------
     46          
     47          
     48          //=====================================================================================================================
     49          //-------------------------------------- Public Functions -------------------------------------------------------------
     50          //=====================================================================================================================
     51          
     52          //----------------------------------------------------------------------------
     53          /**
     54           *  @brief      PumpFlushRequestMonitor__Initialize
     55           *  @details    Function used to initialize the PumpFlushRequestMonitor.
     56           *
     57           */

   \                                 In section .text, align 2, keep-with-next
     58          void PumpFlushRequestMonitor__Initialize(void)
     59          {
   \                     PumpFlushRequestMonitor__Initialize: (+1)
   \   00000000   0xB510             PUSH     {R4,LR}
     60          	Wash_Pump_Pilot_Type = Hbl__GetPilotIDByIndex(Hbl__GetLoadIndexByLoadID(HBL_LOAD_WASH_PUMP));
   \   00000002   0x2000             MOVS     R0,#+0
   \   00000004   0x.... 0x....      BL       Hbl__GetLoadIndexByLoadID
   \   00000008   0x....             LDR      R4,??DataTable13
   \   0000000A   0x.... 0x....      BL       Hbl__GetPilotIDByIndex
   \   0000000E   0x7020             STRB     R0,[R4, #+0]
     61          
     62          	Drain_Pump_Pilot_Type = Hbl__GetPilotIDByIndex(Hbl__GetLoadIndexByLoadID(HBL_LOAD_DRAIN_PUMP));
   \   00000010   0x2001             MOVS     R0,#+1
   \   00000012   0x.... 0x....      BL       Hbl__GetLoadIndexByLoadID
   \   00000016   0x.... 0x....      BL       Hbl__GetPilotIDByIndex
   \   0000001A   0x7060             STRB     R0,[R4, #+1]
     63          
     64          	if (Micro__GetResetMode() == MICRO_RESET_MODE_COLD)
   \   0000001C   0x.... 0x....      BL       Micro__GetResetMode
   \   00000020   0x2800             CMP      R0,#+0
   \   00000022   0xD10D             BNE      ??PumpFlushRequestMonitor__Initialize_0
     65          	{
     66          		if (Wash_Pump_Pilot_Type == HBL_PILOT_EXTERNAL_MOTOR)
   \   00000024   0x7820             LDRB     R0,[R4, #+0]
   \   00000026   0x2815             CMP      R0,#+21
   \   00000028   0xD103             BNE      ??PumpFlushRequestMonitor__Initialize_1
     67          		{
     68          			PumpFlushRequestMonitor__ResetWashPumpCtrlExecutedFlag();
   \   0000002A   0x.... 0x....      BL       PumpFlushRequestMonitor__ResetWashPumpCtrlExecutedFlag
     69          			PumpFlushRequestMonitor__ResetWashStopSentFlag();
   \   0000002E   0x.... 0x....      BL       PumpFlushRequestMonitor__ResetWashStopSentFlag
     70          		}
     71          
     72          		if (Drain_Pump_Pilot_Type == HBL_PILOT_EXTERNAL_MOTOR)
   \                     ??PumpFlushRequestMonitor__Initialize_1: (+1)
   \   00000032   0x7860             LDRB     R0,[R4, #+1]
   \   00000034   0x2815             CMP      R0,#+21
   \   00000036   0xD103             BNE      ??PumpFlushRequestMonitor__Initialize_0
     73          		{
     74          			PumpFlushRequestMonitor__ResetDrainPumpCtrlExecutedFlag();
   \   00000038   0x.... 0x....      BL       PumpFlushRequestMonitor__ResetDrainPumpCtrlExecutedFlag
     75          			PumpFlushRequestMonitor__ResetDrainStopSentFlag();
   \   0000003C   0x.... 0x....      BL       PumpFlushRequestMonitor__ResetDrainStopSentFlag
     76          		}
     77          	}
     78          }
   \                     ??PumpFlushRequestMonitor__Initialize_0: (+1)
   \   00000040   0xBD10             POP      {R4,PC}          ;; return
     79          
     80          //----------------------------------------------------------------------------
     81          /**
     82           *  @brief     PumpFlushRequestMonitor__Execution
     83           *  @details    Function used to perform the PumpFlushRequestMonitor.
     84           *
     85           */

   \                                 In section .text, align 2, keep-with-next
     86          void PumpFlushRequestMonitor__Execution(void)
     87          {
   \                     PumpFlushRequestMonitor__Execution: (+1)
   \   00000000   0xB510             PUSH     {R4,LR}
     88          	if (Wash_Pump_Pilot_Type == HBL_PILOT_EXTERNAL_MOTOR)
   \   00000002   0x....             LDR      R4,??DataTable13
   \   00000004   0x7820             LDRB     R0,[R4, #+0]
   \   00000006   0x2815             CMP      R0,#+21
   \   00000008   0xD10B             BNE      ??PumpFlushRequestMonitor__Execution_0
     89          	{
     90          		if (PumpFlushRequestMonitor__GetWashPumpCtrlExecutedFlag() == FALSE)
   \   0000000A   0x.... 0x....      BL       PumpFlushRequestMonitor__GetWashPumpCtrlExecutedFlag
   \   0000000E   0x2800             CMP      R0,#+0
   \   00000010   0xD105             BNE      ??PumpFlushRequestMonitor__Execution_1
     91          		{
     92          			PumpCommand__StopWithDefDecel(HBL_PRIORITY_APPLICATION_LOW, HBL_LOAD_WASH_PUMP);
   \   00000012   0x2100             MOVS     R1,#+0
   \   00000014   0x2001             MOVS     R0,#+1
   \   00000016   0x.... 0x....      BL       PumpCommand__StopWithDefDecel
     93          			Wash_Stop_Sent = TRUE;
   \   0000001A   0x2001             MOVS     R0,#+1
   \   0000001C   0x70A0             STRB     R0,[R4, #+2]
     94          
     95          			#if (API221_CLIENT_FEATURE == ENABLED)
     96          			if (McuGetDataMonitor__GetWashPumpSpeed() > OFF)
     97          			{
     98          				if (SystemTimers__NVCheckTimer(&Stop_Motor_Timer_Handle) != SYSTEMTIMERS_STATE_RUNNING)
     99          				{
    100          					API221MotionCtrl__DeviceStop(MOTOR_0,DEFAULT_DECELERATION+100);
    101          					SystemTimers__NVSetTimerMS(&Stop_Motor_Timer_Handle, 1000,SYSTEMTIMERS_TYPE_DOWN_COUNTER);
    102          				}
    103          			}
    104          			#endif
    105          		}
    106          
    107          		PumpFlushRequestMonitor__ResetWashPumpCtrlExecutedFlag();
   \                     ??PumpFlushRequestMonitor__Execution_1: (+1)
   \   0000001E   0x.... 0x....      BL       PumpFlushRequestMonitor__ResetWashPumpCtrlExecutedFlag
    108          	}
    109          
    110          	if (Drain_Pump_Pilot_Type == HBL_PILOT_EXTERNAL_MOTOR)
   \                     ??PumpFlushRequestMonitor__Execution_0: (+1)
   \   00000022   0x7860             LDRB     R0,[R4, #+1]
   \   00000024   0x2815             CMP      R0,#+21
   \   00000026   0xD10B             BNE      ??PumpFlushRequestMonitor__Execution_2
    111          	{
    112          		if (PumpFlushRequestMonitor__GetDrainPumpCtrlExecutedFlag() == FALSE)
   \   00000028   0x.... 0x....      BL       PumpFlushRequestMonitor__GetDrainPumpCtrlExecutedFlag
   \   0000002C   0x2800             CMP      R0,#+0
   \   0000002E   0xD105             BNE      ??PumpFlushRequestMonitor__Execution_3
    113          		{
    114          			PumpCommand__StopWithDefDecel(HBL_PRIORITY_APPLICATION_LOW, HBL_LOAD_DRAIN_PUMP);
   \   00000030   0x2101             MOVS     R1,#+1
   \   00000032   0x4608             MOV      R0,R1
   \   00000034   0x.... 0x....      BL       PumpCommand__StopWithDefDecel
    115          			Drain_Stop_Sent = TRUE;
   \   00000038   0x2001             MOVS     R0,#+1
   \   0000003A   0x70E0             STRB     R0,[R4, #+3]
    116          
    117          			#if (API221_CLIENT_FEATURE == ENABLED)
    118          			if (McuGetDataMonitor__GetDrainPumpSpeed() > OFF)
    119          			{
    120          				if (SystemTimers__NVCheckTimer(&Stop_Motor_Timer_Handle) != SYSTEMTIMERS_STATE_RUNNING)
    121          				{
    122          					API221MotionCtrl__DeviceStop(MOTOR_1,DEFAULT_DECELERATION+100);
    123          					SystemTimers__NVSetTimerMS(&Stop_Motor_Timer_Handle, 1000,SYSTEMTIMERS_TYPE_DOWN_COUNTER);
    124          				}
    125          			}
    126          			#endif
    127          		}
    128          
    129          		PumpFlushRequestMonitor__ResetDrainPumpCtrlExecutedFlag();
   \                     ??PumpFlushRequestMonitor__Execution_3: (+1)
   \   0000003C   0x.... 0x....      BL       PumpFlushRequestMonitor__ResetDrainPumpCtrlExecutedFlag
    130          	}
    131          }
   \                     ??PumpFlushRequestMonitor__Execution_2: (+1)
   \   00000040   0xBD10             POP      {R4,PC}          ;; return
    132          

   \                                 In section .text, align 2, keep-with-next
    133          BOOL_TYPE PumpFlushRequestMonitor__GetWashPumpCtrlExecutedFlag(void)
    134          {
    135          	return WashPumpCtrlExecuted;
   \                     PumpFlushRequestMonitor__GetWashPumpCtrlExecutedFlag: (+1)
   \   00000000   0x....             LDR      R0,??DataTable13_1
   \   00000002   0x7800             LDRB     R0,[R0, #+0]
   \   00000004   0x4770             BX       LR               ;; return
    136          }
    137          

   \                                 In section .text, align 2, keep-with-next
    138          BOOL_TYPE PumpFlushRequestMonitor__GetDrainPumpCtrlExecutedFlag(void)
    139          {
    140          	return DrainPumpCtrlExecuted;
   \                     PumpFlushRequestMonitor__GetDrainPumpCtrlExecutedFlag: (+1)
   \   00000000   0x....             LDR      R0,??DataTable13_2
   \   00000002   0x7800             LDRB     R0,[R0, #+0]
   \   00000004   0x4770             BX       LR               ;; return
    141          }
    142          

   \                                 In section .text, align 2, keep-with-next
    143          void  PumpFlushRequestMonitor__ResetWashPumpCtrlExecutedFlag(void)
    144          {
    145          	WashPumpCtrlExecuted = FALSE;
   \                     PumpFlushRequestMonitor__ResetWashPumpCtrlExecutedFlag: (+1)
   \   00000000   0x2000             MOVS     R0,#+0
   \   00000002   0x....             LDR      R1,??DataTable13_1
   \   00000004   0x7008             STRB     R0,[R1, #+0]
    146          }
   \   00000006   0x4770             BX       LR               ;; return
    147          

   \                                 In section .text, align 2, keep-with-next
    148          void  PumpFlushRequestMonitor__ResetDrainPumpCtrlExecutedFlag(void)
    149          {
    150          	DrainPumpCtrlExecuted = FALSE;
   \                     PumpFlushRequestMonitor__ResetDrainPumpCtrlExecutedFlag: (+1)
   \   00000000   0x2000             MOVS     R0,#+0
   \   00000002   0x....             LDR      R1,??DataTable13_2
   \   00000004   0x7008             STRB     R0,[R1, #+0]
    151          }
   \   00000006   0x4770             BX       LR               ;; return
    152          

   \                                 In section .text, align 2, keep-with-next
    153          void  PumpFlushRequestMonitor__SetWashPumpCtrlExecutedFlag(void)
    154          {
    155          	WashPumpCtrlExecuted = TRUE;
   \                     PumpFlushRequestMonitor__SetWashPumpCtrlExecutedFlag: (+1)
   \   00000000   0x2001             MOVS     R0,#+1
   \   00000002   0x....             LDR      R1,??DataTable13_1
   \   00000004   0x7008             STRB     R0,[R1, #+0]
    156          }
   \   00000006   0x4770             BX       LR               ;; return
    157          

   \                                 In section .text, align 2, keep-with-next
    158          void  PumpFlushRequestMonitor__SetDrainPumpCtrlExecutedFlag(void)
    159          {
    160          	DrainPumpCtrlExecuted = TRUE;
   \                     PumpFlushRequestMonitor__SetDrainPumpCtrlExecutedFlag: (+1)
   \   00000000   0x2001             MOVS     R0,#+1
   \   00000002   0x....             LDR      R1,??DataTable13_2
   \   00000004   0x7008             STRB     R0,[R1, #+0]
    161          }
   \   00000006   0x4770             BX       LR               ;; return
    162          

   \                                 In section .text, align 2, keep-with-next
    163          BOOL_TYPE PumpFlushRequestMonitor__GetWashStopSentFlag(void)
    164          {
    165          	return Wash_Stop_Sent;
   \                     PumpFlushRequestMonitor__GetWashStopSentFlag: (+1)
   \   00000000   0x....             LDR      R0,??DataTable13
   \   00000002   0x7880             LDRB     R0,[R0, #+2]
   \   00000004   0x4770             BX       LR               ;; return
    166          }
    167          

   \                                 In section .text, align 2, keep-with-next
    168          BOOL_TYPE PumpFlushRequestMonitor__GetDrainStopSentFlag(void)
    169          {
    170          	return Drain_Stop_Sent;
   \                     PumpFlushRequestMonitor__GetDrainStopSentFlag: (+1)
   \   00000000   0x....             LDR      R0,??DataTable13
   \   00000002   0x78C0             LDRB     R0,[R0, #+3]
   \   00000004   0x4770             BX       LR               ;; return
    171          }
    172          

   \                                 In section .text, align 2, keep-with-next
    173          void  PumpFlushRequestMonitor__SetWashStopSentFlag(void)
    174          {
    175          	Wash_Stop_Sent = TRUE;
   \                     PumpFlushRequestMonitor__SetWashStopSentFlag: (+1)
   \   00000000   0x2001             MOVS     R0,#+1
   \   00000002   0x....             LDR      R1,??DataTable13
   \   00000004   0x7088             STRB     R0,[R1, #+2]
    176          }
   \   00000006   0x4770             BX       LR               ;; return
    177          

   \                                 In section .text, align 2, keep-with-next
    178          void  PumpFlushRequestMonitor__SetDrainStopSentFlag(void)
    179          {
    180          	Drain_Stop_Sent = TRUE;
   \                     PumpFlushRequestMonitor__SetDrainStopSentFlag: (+1)
   \   00000000   0x2001             MOVS     R0,#+1
   \   00000002   0x....             LDR      R1,??DataTable13
   \   00000004   0x70C8             STRB     R0,[R1, #+3]
    181          }
   \   00000006   0x4770             BX       LR               ;; return
    182          
    183          

   \                                 In section .text, align 2, keep-with-next
    184          void  PumpFlushRequestMonitor__ResetWashStopSentFlag(void)
    185          {
    186          	Wash_Stop_Sent = FALSE;
   \                     PumpFlushRequestMonitor__ResetWashStopSentFlag: (+1)
   \   00000000   0x2000             MOVS     R0,#+0
   \   00000002   0x....             LDR      R1,??DataTable13
   \   00000004   0x7088             STRB     R0,[R1, #+2]
    187          }
   \   00000006   0x4770             BX       LR               ;; return
    188          

   \                                 In section .text, align 2, keep-with-next
    189          void  PumpFlushRequestMonitor__ResetDrainStopSentFlag(void)
    190          {
    191          	Drain_Stop_Sent = FALSE;
   \                     PumpFlushRequestMonitor__ResetDrainStopSentFlag: (+1)
   \   00000000   0x2000             MOVS     R0,#+0
   \   00000002   0x....             LDR      R1,??DataTable13
   \   00000004   0x70C8             STRB     R0,[R1, #+3]
    192          }
   \   00000006   0x4770             BX       LR               ;; return

   \                                 In section .text, align 4, keep-with-next
   \                     ??DataTable13:
   \   00000000   0x........         DC32     Wash_Pump_Pilot_Type

   \                                 In section .text, align 4, keep-with-next
   \                     ??DataTable13_1:
   \   00000000   0x........         DC32     WashPumpCtrlExecuted

   \                                 In section .text, align 4, keep-with-next
   \                     ??DataTable13_2:
   \   00000000   0x........         DC32     DrainPumpCtrlExecuted
    193          
    194          
    195          //=====================================================================================================================
    196          //-------------------------------------- Private Functions ------------------------------------------------------------
    197          //=====================================================================================================================

   Maximum stack usage in bytes:

   .cstack Function
   ------- --------
       8   PumpFlushRequestMonitor__Execution
         8   -> PumpCommand__StopWithDefDecel
         8   -> PumpFlushRequestMonitor__GetDrainPumpCtrlExecutedFlag
         8   -> PumpFlushRequestMonitor__GetWashPumpCtrlExecutedFlag
         8   -> PumpFlushRequestMonitor__ResetDrainPumpCtrlExecutedFlag
         8   -> PumpFlushRequestMonitor__ResetWashPumpCtrlExecutedFlag
       0   PumpFlushRequestMonitor__GetDrainPumpCtrlExecutedFlag
       0   PumpFlushRequestMonitor__GetDrainStopSentFlag
       0   PumpFlushRequestMonitor__GetWashPumpCtrlExecutedFlag
       0   PumpFlushRequestMonitor__GetWashStopSentFlag
       8   PumpFlushRequestMonitor__Initialize
         8   -> Hbl__GetLoadIndexByLoadID
         8   -> Hbl__GetPilotIDByIndex
         8   -> Micro__GetResetMode
         8   -> PumpFlushRequestMonitor__ResetDrainPumpCtrlExecutedFlag
         8   -> PumpFlushRequestMonitor__ResetDrainStopSentFlag
         8   -> PumpFlushRequestMonitor__ResetWashPumpCtrlExecutedFlag
         8   -> PumpFlushRequestMonitor__ResetWashStopSentFlag
       0   PumpFlushRequestMonitor__ResetDrainPumpCtrlExecutedFlag
       0   PumpFlushRequestMonitor__ResetDrainStopSentFlag
       0   PumpFlushRequestMonitor__ResetWashPumpCtrlExecutedFlag
       0   PumpFlushRequestMonitor__ResetWashStopSentFlag
       0   PumpFlushRequestMonitor__SetDrainPumpCtrlExecutedFlag
       0   PumpFlushRequestMonitor__SetDrainStopSentFlag
       0   PumpFlushRequestMonitor__SetWashPumpCtrlExecutedFlag
       0   PumpFlushRequestMonitor__SetWashStopSentFlag


   Section sizes:

   Bytes  Function/Label
   -----  --------------
       4  ??DataTable13
       4  ??DataTable13_1
       4  ??DataTable13_2
       1  DrainPumpCtrlExecuted
      66  PumpFlushRequestMonitor__Execution
       6  PumpFlushRequestMonitor__GetDrainPumpCtrlExecutedFlag
       6  PumpFlushRequestMonitor__GetDrainStopSentFlag
       6  PumpFlushRequestMonitor__GetWashPumpCtrlExecutedFlag
       6  PumpFlushRequestMonitor__GetWashStopSentFlag
      66  PumpFlushRequestMonitor__Initialize
       8  PumpFlushRequestMonitor__ResetDrainPumpCtrlExecutedFlag
       8  PumpFlushRequestMonitor__ResetDrainStopSentFlag
       8  PumpFlushRequestMonitor__ResetWashPumpCtrlExecutedFlag
       8  PumpFlushRequestMonitor__ResetWashStopSentFlag
       8  PumpFlushRequestMonitor__SetDrainPumpCtrlExecutedFlag
       8  PumpFlushRequestMonitor__SetDrainStopSentFlag
       8  PumpFlushRequestMonitor__SetWashPumpCtrlExecutedFlag
       8  PumpFlushRequestMonitor__SetWashStopSentFlag
       1  WashPumpCtrlExecuted
       4  Wash_Pump_Pilot_Type
          Drain_Pump_Pilot_Type
          Wash_Stop_Sent
          Drain_Stop_Sent

 
   6 bytes in section .bss
 232 bytes in section .text
 
 232 bytes of CODE memory
   6 bytes of DATA memory

Errors: none
Warnings: none
