###############################################################################
#
# IAR ANSI C/C++ Compiler V7.70.1.11437/W32 for ARM       28/Feb/2025  14:17:37
# Copyright 1999-2016 IAR Systems AB.
#
#    Cpu mode     =  thumb
#    Endian       =  little
#    Source file  =  
#        source/Category/Application/acu/Processes/RinseAidDispense/RinseAid/RinseAid.c
#    Command line =  
#        --cpu Cortex-M0+ -Om --debug -e --only_stdout --silent -D
#        ENABLE_JUMP_TO_APPLICATION_WITHOUT_IAP_FIRMWARE --no_wrap_diagnostics
#        -f config\tmp\include_path.lnt
#        (-I../Nucleus-Tools-SDK/embOS/arm/v4.26/source\
#        -I../Nucleus-Tools-SDK/iar/arm/v7.70/cx/inc\
#        -Isource/Category/Application/acu/CycleResume\
#        -Isource/Category/Application/acu/Monitors/AutostartFactoryCycleMonitor\
#        -Isource/Category/Application/acu/Monitors/CartridgeDetectionMonitor\
#        -Isource/Category/Application/acu/Monitors/DCLoadCurrentMonitor\
#        -Isource/Category/Application/acu/Monitors/DiverterFaultMonitor\
#        -Isource/Category/Application/acu/Monitors/DiverterLeakFaultMonitor\
#        -Isource/Category/Application/acu/Monitors/DoorMonitor\
#        -Isource/Category/Application/acu/Monitors/DoorOpeningSystemMonitor\
#        -Isource/Category/Application/acu/Monitors/FanMotorFaultMonitor\
#        -Isource/Category/Application/acu/Monitors/FaultStatusMonitor\
#        -Isource/Category/Application/acu/Monitors/FillValveStuckOn\
#        -Isource/Category/Application/acu/Monitors/FlowMeterFaultMonitor\
#        -Isource/Category/Application/acu/Monitors/HeatMonitor\
#        -Isource/Category/Application/acu/Monitors/HotHighPotMonitor\
#        -Isource/Category/Application/acu/Monitors/LITTFaultMonitor\
#        -Isource/Category/Application/acu/Monitors/LITTMonitor\
#        -Isource/Category/Application/acu/Monitors/McuGetDataMonitor\
#        -Isource/Category/Application/acu/Monitors/ModelMonitors/AirlockDetectionMonitor\
#        -Isource/Category/Application/acu/Monitors/ModelMonitors/AirlockDetectionMonitor/CodeGeneration\
#        -Isource/Category/Application/acu/Monitors/ModelMonitors/HeaterCalcificationDetectionModel\
#        -Isource/Category/Application/acu/Monitors/ModelMonitors/HeaterCalcificationDetectionModel/CodeGeneration\
#        -Isource/Category/Application/acu/Monitors/ModelMonitors/OWIVoltageRegulatedOutputModel\
#        -Isource/Category/Application/acu/Monitors/ModelMonitors/OWIVoltageRegulatedOutputModel/CodeGeneration\
#        -Isource/Category/Application/acu/Monitors/ModelMonitors/PluggingDetectionMonitor\
#        -Isource/Category/Application/acu/Monitors/ModelMonitors/PluggingDetectionMonitor/CodeGeneration\
#        -Isource/Category/Application/acu/Monitors/MoisturePreventionMonitor\
#        -Isource/Category/Application/acu/Monitors/OverfillMonitor\
#        -Isource/Category/Application/acu/Monitors/OWIMonitor\
#        -Isource/Category/Application/acu/Monitors/PilotRelayFaultMonitor\
#        -Isource/Category/Application/acu/Monitors/PilotRelayFaultMonitor/PilotRelayStuckClosedMonitor\
#        -Isource/Category/Application/acu/Monitors/PilotRelayFaultMonitor/PilotRelayStuckOpenMonitor\
#        -Isource/Category/Application/acu/Monitors/PORTimeMonitor\
#        -Isource/Category/Application/acu/Monitors/PumpFlushRequestMonitor\
#        -Isource/Category/Application/acu/Monitors/RinseAidMonitor\
#        -Isource/Category/Application/acu/Monitors/SaltSensingMonitor\
#        -Isource/Category/Application/acu/Monitors/StabilityControlLoopMonitor\
#        -Isource/Category/Application/acu/Monitors/StandbyManager\
#        -Isource/Category/Application/acu/Monitors/SupervisorExtMonitor\
#        -Isource/Category/Application/acu/Monitors/ThermistorFaultMonitor\
#        -Isource/Category/Application/acu/Monitors/ThermistorFaultMonitor/ThermistorOpenMonitor\
#        -Isource/Category/Application/acu/Monitors/ThermistorFaultMonitor/ThermistorShortedMonitor\
#        -Isource/Category/Application/acu/Monitors/TriacCurrentMonitor\
#        -Isource/Category/Application/acu/Monitors/TriacShortedDrainFaultMonitor\
#        -Isource/Category/Application/acu/Monitors/TriacVoltageMonitor\
#        -Isource/Category/Application/acu/Monitors/VoltageRangeMonitor\
#        -Isource/Category/Application/acu/Monitors/VSDrainMotorFaultMonitor\
#        -Isource/Category/Application/acu/Monitors/VwiMonitor\
#        -Isource/Category/Application/acu/Monitors/VwiZoneCompensationMonitor\
#        -Isource/Category/Application/acu/Monitors/WashHeaterFaultMonitor\
#        -Isource/Category/Application/acu/Monitors/WashHeaterFaultMonitor/HeaterLeakageToNeutralMonitor\
#        -Isource/Category/Application/acu/Monitors/WashHeaterFaultMonitor/HeaterLineRelayOpenMonitor\
#        -Isource/Category/Application/acu/Monitors/WashHeaterFaultMonitor/HeaterNeutralRelayOpenMonitor\
#        -Isource/Category/Application/acu/Monitors/WashHeaterFaultMonitor/HeaterOpenAndLineRelayClosedMonitor\
#        -Isource/Category/Application/acu/Monitors/WashHeaterFaultMonitor/HeaterOpenMonitor\
#        -Isource/Category/Application/acu/Monitors/WashMotorFaultMonitor\
#        -Isource/Category/Application/acu/Monitors/ZeroCrossMonitor\
#        -Isource/Category/Application/acu/Processes/AlternateCtrl\
#        -Isource/Category/Application/acu/Processes/Fill\
#        -Isource/Category/Application/acu/Processes/Fill/ClassAFill\
#        -Isource/Category/Application/acu/Processes/Fill/Fill\
#        -Isource/Category/Application/acu/Processes/Fill/TankDrain\
#        -Isource/Category/Application/acu/Processes/Fill/TankFill\
#        -Isource/Category/Application/acu/Processes/Heat\
#        -Isource/Category/Application/acu/Processes/ModelProcesses/OWICalibrationModel\
#        -Isource/Category/Application/acu/Processes/ModelProcesses/OWICalibrationModel/CodeGeneration\
#        -Isource/Category/Application/acu/Processes/ModelProcesses/PartialDrainModel\
#        -Isource/Category/Application/acu/Processes/ModelProcesses/PartialDrainModel/CodeGeneration\
#        -Isource/Category/Application/acu/Processes/ModelProcesses/SensedDrainModel\
#        -Isource/Category/Application/acu/Processes/ModelProcesses/SensedDrainModel/CodeGeneration\
#        -Isource/Category/Application/acu/Processes/OWI\
#        -Isource/Category/Application/acu/Processes/OWI_VRO\
#        -Isource/Category/Application/acu/Processes/OWIOneShot\
#        -Isource/Category/Application/acu/Processes/PumpControl\
#        -Isource/Category/Application/acu/Processes/Regenerate\
#        -Isource/Category/Application/acu/Processes/RinseAidDispense\
#        -Isource/Category/Application/acu/Processes/RinseAidDispense/RinseAid\
#        -Isource/Category/Application/acu/Processes/RinseAidDispense/TridgeDetergent\
#        -Isource/Category/Application/acu/Tasks/DoorOpeningSystemPull\
#        -Isource/Category/Application/acu/Tasks/DoorOpeningSystemPush\
#        -Isource/Category/Application/acu/Tasks/HeaterShadowing\
#        -Isource/Category/Application/acu/Tasks/MoisturePrevention\
#        -Isource/Category/Application/acu/Tasks/OWIContinousReading\
#        -Isource/Category/Application/acu/Tasks/OwiVroContinuousReading\
#        -Isource/Category/Application/acu/Tasks/Sanitization\
#        -Isource/Category/Application/acu/Tasks/StabilityControl\
#        -Isource/Category/Application/acu/Tasks/TimeElapse\
#        -Isource/Category/Application/acu/VWI\
#        -Isource/Category/Application/all/ActivePower\
#        -Isource/Category/Application/all/API007App\
#        -Isource/Category/Application/all/Config\
#        -Isource/Category/Common/acu/CommonDish/DishAuxVar\
#        -Isource/Category/Common/acu/CommonDish/PumpCommand\
#        -Isource/Category/Common/acu/CommonDish/StatisticsDish\
#        -Isource/Category/Common/all/BoardDebugging\
#        -Isource/Category/Common/all/Config\
#        -Isource/Category/Common/all/MasterCommander\
#        -Isource/Category/Common/all/MasterCommander/Source\
#        -Isource/Category/Common/all/MasterCommander/Source/HAL\
#        -Isource/Category/Common/all/SharedUtils\
#        -Isource/Category/Hbl/acu/ACULoadHandler/AlternateLoad\
#        -Isource/Category/Hbl/acuexpacu/ACUGIHandler/WaterCounterGI\
#        -Isource/Category/Hbl/acuexpacu/ACULoadHandler/HeaterLoad\
#        -Isource/Category/Hbl/acuexpacu/ACULoadHandler/TriacMci\
#        -Isource/Category/Hbl/all/Config\ -Isource/Category/Hbl/all/Mci\
#        -Isource/Category/Hbl/all/Mci/MciZeroCross\
#        -Isource/Category/Hbl/all/Mci/Slfac\
#        -Isource/Category/Hbl/all/Mci/Slfac/Macroblocks\
#        -Isource/Category/Hbl/all/Mci/Slfac/Microblocks/GlitchFilter\
#        -Isource/Category/Hbl/all/Mci/Slfac/Microblocks/IIRFilter\
#        -Isource/Category/Hbl/all/Mci/Slfac/Microblocks/MathCalc\
#        -Isource/Category/Hbl/all/Mci/Slfac/Microblocks/PeakDetector\
#        -Isource/Category/Hbl/all/Mci/Slfac/Microblocks/Pi\
#        -Isource/Category/Hbl/all/MCUDrivers/TimeCapture\
#        -Isource/Category/Hbl/all/MCUDrivers/TimerInterruptExt\
#        -Isource/Micros/STM32G0x/Driver/Atod\
#        -Isource/Micros/STM32G0x/Driver/DataFlash\
#        -Isource/Micros/STM32G0x/Driver/Dma\
#        -Isource/Micros/STM32G0x/Driver/Dtoa\
#        -Isource/Micros/STM32G0x/Driver/ExtInterrupt\
#        -Isource/Micros/STM32G0x/Driver/Flash\
#        -Isource/Micros/STM32G0x/Driver/Gpio\
#        -Isource/Micros/STM32G0x/Driver/I2c\
#        -Isource/Micros/STM32G0x/Driver/IntMgr\
#        -Isource/Micros/STM32G0x/Driver/Micro\
#        -Isource/Micros/STM32G0x/Driver/MicroExt\
#        -Isource/Micros/STM32G0x/Driver/Rtc\
#        -Isource/Micros/STM32G0x/Driver/RTCDriver\
#        -Isource/Micros/STM32G0x/Driver/Spi\
#        -Isource/Micros/STM32G0x/Driver/Timeout\
#        -Isource/Micros/STM32G0x/Driver/Timer\
#        -Isource/Micros/STM32G0x/Driver/TimerInterrupt\
#        -Isource/Micros/STM32G0x/Driver/Uart\
#        -Isource/ProjectSpecific/Application/acu/Config\
#        -Isource/ProjectSpecific/Application/acu/LowPower\
#        -Isource/ProjectSpecific/Application/acuexpacu/Config\
#        -Isource/ProjectSpecific/Application/all/Config\
#        -Isource/ProjectSpecific/Application/all/MCUDebug\
#        -Isource/ProjectSpecific/Application/all/ProductInfo\
#        -Isource/ProjectSpecific/Common/acu/Config\
#        -Isource/ProjectSpecific/Common/all/Config\
#        -Isource/ProjectSpecific/Common/all/Debug\
#        -Isource/ProjectSpecific/Common/all/SRConfig\
#        -Isource/ProjectSpecific/Driver/STM32G0x\
#        -Isource/ProjectSpecific/Hbl/acuexpacu/Config\
#        -Isource/ProjectSpecific/Hbl/acuexpacu/SRConfig\
#        -Isource/ProjectSpecific/Hbl/all/Config\
#        -Isource/ProjectSpecific/Hbl/all/Config/Mci\
#        -Isource/ProjectSpecific/Hbl/all/Config/Mci/MasterCommander\
#        -Isource/ProjectSpecific/Hbl/all/Config/Mci/MCUDrivers\
#        -Isource/ProjectSpecific/Hbl/all/SRConfig\
#        -Isource/XCategory/Application/acu/API221MotionCtrl\
#        -Isource/XCategory/Application/acu/Calibration\
#        -Isource/XCategory/Application/acu/Condition\
#        -Isource/XCategory/Application/acu/Estimator\
#        -Isource/XCategory/Application/acu/Interpreter\
#        -Isource/XCategory/Application/acu/Processes/ActivateTask\
#        -Isource/XCategory/Application/acu/Processes/JumpIf\
#        -Isource/XCategory/Application/acu/Processes/LoadsControl\
#        -Isource/XCategory/Application/acu/Processes/Maintain\
#        -Isource/XCategory/Application/acu/Processes/SetVariable\
#        -Isource/XCategory/Application/acu/RegulationAccept\
#        -Isource/XCategory/Application/acu/Selector\
#        -Isource/XCategory/Application/acu/SubCycle\
#        -Isource/XCategory/Application/acu/Supervisor\
#        -Isource/XCategory/Application/acu/TestMgr\
#        -Isource/XCategory/Application/acuexpacu/ApplianceMgr\
#        -Isource/XCategory/Application/acuhmi/CommunicationMonitor\
#        -Isource/XCategory/Application/acuhmi/Modifier\
#        -Isource/XCategory/Application/acuhmi/Regulations\
#        -Isource/XCategory/Application/acuhmi/Status\
#        -Isource/XCategory/Application/all/API007Data\
#        -Isource/XCategory/Application/all/API011AppCtr\
#        -Isource/XCategory/Application/all/API012Exp\
#        -Isource/XCategory/Application/all/API013RemoteFunction\
#        -Isource/XCategory/Application/all/API018Diagnostic\
#        -Isource/XCategory/Application/all/API220MotorControl\
#        -Isource/XCategory/Application/all/API220MotorControl/Api\
#        -Isource/XCategory/Application/all/Mode\
#        -Isource/XCategory/Application/all/Reveal_Basic/API003Disc\
#        -Isource/XCategory/Application/all/Reveal_Basic/API004Debug\
#        -Isource/XCategory/Application/all/Reveal_Basic/API004Debug/SW05SoftwareTest\
#        -Isource/XCategory/Application/all/Reveal_Basic/API005LowLevel\
#        -Isource/XCategory/Application/all/Reveal_Basic/API009System\
#        -Isource/XCategory/Application/all/Reveal_Basic/API010PollVar\
#        -Isource/XCategory/Application/all/Reveal_Basic/API019ProductInfo\
#        -Isource/XCategory/Application/all/SFUpdater\
#        -Isource/XCategory/Application/all/SRAPI020Safety\
#        -Isource/XCategory/Application/all/StatusLed\
#        -Isource/XCategory/Common/acu/BrownOut\
#        -Isource/XCategory/Common/acu/Fault\
#        -Isource/XCategory/Common/acu/Statistics\
#        -Isource/XCategory/Common/all/Common/Callback\
#        -Isource/XCategory/Common/all/Common/Convert\
#        -Isource/XCategory/Common/all/Common/Crc16\
#        -Isource/XCategory/Common/all/Common/Crc32\
#        -Isource/XCategory/Common/all/Common/Crc8\
#        -Isource/XCategory/Common/all/Common/Equation\
#        -Isource/XCategory/Common/all/Common/Filter\
#        -Isource/XCategory/Common/all/Common/FITMgr\
#        -Isource/XCategory/Common/all/Common/I2cMgr\
#        -Isource/XCategory/Common/all/Common/IAPEmul\
#        -Isource/XCategory/Common/all/Common/Log\
#        -Isource/XCategory/Common/all/Common/Millis\
#        -Isource/XCategory/Common/all/Common/SeggerRTT\
#        -Isource/XCategory/Common/all/Common/SeggerRTT/SEGGER_RTT/Config\
#        -Isource/XCategory/Common/all/Common/SeggerRTT/SEGGER_RTT/RTT\
#        -Isource/XCategory/Common/all/Common/SettingFile\
#        -Isource/XCategory/Common/all/Common/SFVersionCheck\
#        -Isource/XCategory/Common/all/Common/SystemConfig\
#        -Isource/XCategory/Common/all/Common/SystemTimers\
#        -Isource/XCategory/Common/all/Common/Utilities\
#        -Isource/XCategory/Common/all/Common/Variable\
#        -Isource/XCategory/Common/all/SRCommon/SRClockMonitor\
#        -Isource/XCategory/Common/all/SRCommon/SRData\
#        -Isource/XCategory/Common/all/SRCommon/SRException\
#        -Isource/XCategory/Common/all/SRCommon/SRIsrMonitor\
#        -Isource/XCategory/Common/all/SRCommon/SRPowerMgr\
#        -Isource/XCategory/Common/all/SRCommon/SRSignature\
#        -Isource/XCategory/Common/all/SRCommon/SRSystemConfig\
#        -Isource/XCategory/Common/all/SRCommon/SRTaskMonitor\
#        -Isource/XCategory/Common/all/SRCommon/SRTaskSequence\
#        -Isource/XCategory/Common/all/SRCommon/SRTimerReference\
#        -Isource/XCategory/Common/all/SRCommon/SRUnusedPinsConfig\
#        -Isource/XCategory/Common/all/SRMain\
#        -Isource/XCategory/Common/all/SRMain/BackgroundThreads\
#        -Isource/XCategory/Common/all/SRMain/OsServices\
#        -Isource/XCategory/Common/all/SRMain/StackAnalysis\
#        -Isource/XCategory/Common/all/SRMain/TimingAnalysis\
#        -Isource/XCategory/Driver/APIs/Atod\
#        -Isource/XCategory/Driver/APIs/Comparator\
#        -Isource/XCategory/Driver/APIs/DataFlash\
#        -Isource/XCategory/Driver/APIs/Dma\
#        -Isource/XCategory/Driver/APIs/Dtc\
#        -Isource/XCategory/Driver/APIs/Dtoa\
#        -Isource/XCategory/Driver/APIs/EmbOS\
#        -Isource/XCategory/Driver/APIs/ExtInterrupt\
#        -Isource/XCategory/Driver/APIs/Flash\
#        -Isource/XCategory/Driver/APIs/Gpio\
#        -Isource/XCategory/Driver/APIs/I2c\
#        -Isource/XCategory/Driver/APIs/IntMgr\
#        -Isource/XCategory/Driver/APIs/Micro\
#        -Isource/XCategory/Driver/APIs/MicroExt\
#        -Isource/XCategory/Driver/APIs/Rtc\
#        -Isource/XCategory/Driver/APIs/RTCDriver\
#        -Isource/XCategory/Driver/APIs/Spi\
#        -Isource/XCategory/Driver/APIs/Timeout\
#        -Isource/XCategory/Driver/APIs/Timer\
#        -Isource/XCategory/Driver/APIs/TimerInterrupt\
#        -Isource/XCategory/Driver/APIs/Touch\
#        -Isource/XCategory/Driver/APIs/Uart\
#        -Isource/XCategory/Hbl/acu/FdmCounter\
#        -Isource/XCategory/Hbl/acu/FdmTimer\
#        -Isource/XCategory/Hbl/acuexpacu/ACUGIHandler/ConvertGI\
#        -Isource/XCategory/Hbl/acuexpacu/ACUGIHandler/DirectGI\
#        -Isource/XCategory/Hbl/acuexpacu/ACUGIHandler/DoorSwitchGI\
#        -Isource/XCategory/Hbl/acuexpacu/ACUGIHandler/ProbeGI\
#        -Isource/XCategory/Hbl/acuexpacu/ACUGIHandler/ProbeLpsGI\
#        -Isource/XCategory/Hbl/acuexpacu/ACULoadHandler/DCFanLoad\
#        -Isource/XCategory/Hbl/acuexpacu/ACUPilotHandler/AnalogOutputPilot\
#        -Isource/XCategory/Hbl/acuexpacu/ACUPilotHandler/ChargePumpPilot\
#        -Isource/XCategory/Hbl/acuexpacu/ACUPilotHandler/DigitalOutputMultiPilot\
#        -Isource/XCategory/Hbl/acuexpacu/ACUPilotHandler/DigitalOutputPilot\
#        -Isource/XCategory/Hbl/acuexpacu/ACUPilotHandler/DoorLockEMPilot\
#        -Isource/XCategory/Hbl/acuexpacu/ACUPilotHandler/DoorLockWaxPilot\
#        -Isource/XCategory/Hbl/acuexpacu/ACUPilotHandler/ExpansionPilot\
#        -Isource/XCategory/Hbl/acuexpacu/ACUPilotHandler/ExternalMotorPilot\
#        -Isource/XCategory/Hbl/acuexpacu/ACUPilotHandler/FSMPilot\
#        -Isource/XCategory/Hbl/acuexpacu/ACUPilotHandler/MagnetronPilot\
#        -Isource/XCategory/Hbl/acuexpacu/ACUPilotHandler/MotorPilot\
#        -Isource/XCategory/Hbl/acuexpacu/ACUPilotHandler/MultiDriverPilot\
#        -Isource/XCategory/Hbl/acuexpacu/ACUPilotHandler/MultiSequencePilot\
#        -Isource/XCategory/Hbl/acuexpacu/ACUPilotHandler/NonfunctionalPilot\
#        -Isource/XCategory/Hbl/acuexpacu/ACUPilotHandler/PwmHiResPilot\
#        -Isource/XCategory/Hbl/acuexpacu/ACUPilotHandler/PwmPilot\
#        -Isource/XCategory/Hbl/acuexpacu/ACUPilotHandler/SRChargePumpPilot\
#        -Isource/XCategory/Hbl/acuexpacu/ACUPilotHandler/SRDigitalOutputMultiPilot\
#        -Isource/XCategory/Hbl/acuexpacu/ACUPilotHandler/SRDigitalOutputPilot\
#        -Isource/XCategory/Hbl/acuexpacu/ACUPilotHandler/SRDoorLockEMPilot\
#        -Isource/XCategory/Hbl/acuexpacu/ACUPilotHandler/SRDoorLockWaxPilot\
#        -Isource/XCategory/Hbl/acuexpacu/ACUPilotHandler/SRUMRelayPilot\
#        -Isource/XCategory/Hbl/acuexpacu/ACUPilotHandler/SteadyPwmProfilePilot\
#        -Isource/XCategory/Hbl/acuexpacu/ACUPilotHandler/StepperPilot\
#        -Isource/XCategory/Hbl/acuexpacu/ACUPilotHandler/TriacSwitchPilot\
#        -Isource/XCategory/Hbl/acuexpacu/ACUPilotHandler/ZCRelayPilot\
#        -Isource/XCategory/Hbl/acuexpacu/ACUPilotHandler/ZCTriacPilot\
#        -Isource/XCategory/Hbl/acuexpacu/HblAcu\
#        -Isource/XCategory/Hbl/acuexpacu/HblAcu/CrossLoads\
#        -Isource/XCategory/Hbl/acuexpacu/HblAcu/SetLoadQueue\
#        -Isource/XCategory/Hbl/acuexpacu/HblAcu/SRProductMgr\
#        -Isource/XCategory/Hbl/acuexpacu/HblAcu/ZeroCross\
#        -Isource/XCategory/Hbl/all/Hbl\
#        -Isource/XCategory/Hbl/all/Hbl/DefaultPin\
#        -Isource/XCategory/Hbl/all/Hbl/HblCommon\
#        -Isource/XCategory/Hbl/all/Hbl/VirtualPin\
#        -Isource/XCategory/Hbl/all/LLIHandler/AbsoluteHumidityLLI\
#        -Isource/XCategory/Hbl/all/LLIHandler/AccelerometerLLI\
#        -Isource/XCategory/Hbl/all/LLIHandler/AccelerometerLLI/AccelBaseline\
#        -Isource/XCategory/Hbl/all/LLIHandler/AccelerometerLLI/AccelDiscover\
#        -Isource/XCategory/Hbl/all/LLIHandler/AccelerometerLLI/FXLS8974\
#        -Isource/XCategory/Hbl/all/LLIHandler/AccelerometerLLI/FXLS8974/SelfTestFXLS8974\
#        -Isource/XCategory/Hbl/all/LLIHandler/AccelerometerLLI/LISxDH\
#        -Isource/XCategory/Hbl/all/LLIHandler/AnalogLLI\
#        -Isource/XCategory/Hbl/all/LLIHandler/ConductivityLLI\
#        -Isource/XCategory/Hbl/all/LLIHandler/DigitalLLI\
#        -Isource/XCategory/Hbl/all/LLIHandler/EncoderLLI\
#        -Isource/XCategory/Hbl/all/LLIHandler/ExpansionLLI\
#        -Isource/XCategory/Hbl/all/LLIHandler/FeedbackLLI\
#        -Isource/XCategory/Hbl/all/LLIHandler/I2CInfraredLLI\
#        -Isource/XCategory/Hbl/all/LLIHandler/I2CPressureSensorLLI\
#        -Isource/XCategory/Hbl/all/LLIHandler/I2CRHTSensorLLI\
#        -Isource/XCategory/Hbl/all/LLIHandler/InputCaptureLLI\
#        -Isource/XCategory/Hbl/all/LLIHandler/MultiInputLLI\
#        -Isource/XCategory/Hbl/all/LLIHandler/NonfunctionalLLI\
#        -Isource/XCategory/Hbl/all/LLIHandler/PulseCounterLLI\
#        -Isource/XCategory/Hbl/all/LLIHandler/SRAnalogLLI\
#        -Isource/XCategory/Hbl/all/LLIHandler/SRDigitalLLI\
#        -Isource/XCategory/Hbl/all/LLIHandler/SRFeedbackLLI\
#        -Isource/XCategory/Hbl/all/LLIHandler/SRI2CPressureSensorLLI\
#        -Isource/XCategory/Hbl/all/LLIHandler/SRICTachometerLLI\
#        -Isource/XCategory/Hbl/all/LLIHandler/SRInputCaptureLLI\
#        -Isource/XCategory/Hbl/all/LLIHandler/SRTouchKeyLLI\
#        -Isource/XCategory/Hbl/all/LLIHandler/SRTriacFeedbackLLI\
#        -Isource/XCategory/Hbl/all/LLIHandler/TouchKeyLLI\
#        -Isource/XCategory/Hbl/all/LLIHandler/TouchSliderLLI\
#        -Isource/XCategory/Hbl/all/LLIHandler/TouchWheelLLI\
#        -Isource/XCategory/Hbl/all/LLIHandler/TriacFeedbackLLI\
#        -Isource/XCategory/Hbl/all/LLIHandler/VirtualDigitalLLI\
#        -Isource/XCategory/Service/all/NVData\
#        -Isource/XCategory/Service/all/Reveal\
#        -Isource/XCategory/Service/all/Win\) -l listings\RinseAid.lst -o
#        obj\RinseAid.obj
#        source/Category/Application/acu/Processes/RinseAidDispense/RinseAid/RinseAid.c
#    Locale       =  English_United States.1252
#    List file    =  listings\RinseAid.lst
#    Object file  =  obj\RinseAid.obj
#
###############################################################################

C:\Data\Nucleus_Dev\Vostok_ACU_A\source\Category\Application\acu\Processes\RinseAidDispense\RinseAid\RinseAid.c
      1          /**
      2           *  @file       
      3           *
      4           *  @brief      Basic description of file contents
      5           *
      6           *  @details    Detailed description of the file contents
      7           *
      8           *  @section    Applicable_Documents
      9           *					List here all the applicable documents if needed. <tr>	
     10           *
     11           *  $Header: $
     12           *
     13           *  @copyright  Copyright 2017-$Date$. Whirlpool Corporation. All rights reserved - CONFIDENTIAL
     14           */
     15          //---------------------------------------------------------------------------------------------------------------------
     16          /*
     17          @startuml
     18                  Title RinseAidDispense State Machine
     19          
     20                  [*] --> INITIALIZE
     21          
     22                  INITIALIZE : entry / ReadProcessParameters()
     23                  INITIALIZE --> DISPENSER_ON : DispenserOn
     24                  INITIALIZE --> EXIT : DispenserEnd
     25          
     26          		DISPENSER_ON : entry  / SetCounterOn()
     27                  DISPENSER_ON : do / ActivateDispenser() / DispenserOnTimerCheck()
     28                  DISPENSER_ON --> DISPENSER_OFF : DispenserOff
     29                  DISPENSER_ON --> EXIT : DispenserEnd
     30                  DISPENSER_ON --> DISPENSER_ON : DispenserOn
     31          
     32          		DISPENSER_OFF : entry / SetCounterOff()
     33                  DISPENSER_OFF : do / DispenserOffTimerCheck()
     34                  DISPENSER_OFF --> DISPENSER_ON : DispenserOn
     35                  DISPENSER_OFF --> EXIT : DispenserEnd
     36          
     37                  EXIT: do / returnTRUE()
     38          @enduml
     39          */
     40          
     41          //-------------------------------------- Include Files ----------------------------------------------------------------
     42          // -- This Module --
     43          #include "RinseAid.h"
     44          #include "C_Extensions.h"
     45          
     46          #include "Hbl.h"
     47          #include "Log.h"
     48          #include "Micro.h"
     49          #include "Modifier.h"
     50          #include "NVData.h"
     51          #include "Regulations.h"
     52          #include "SettingFile.h"
     53          #include <string.h>
     54          #include "SystemConfig.h"
     55          
     56          //=====================================================================================================================
     57          //=== StateEngineCrank (v2.8) Auto-Generated Definitions for Rinse Aid Dispense State Machine
     58          //=====================================================================================================================
     59          // !! StateEngineCrank cannot update this code if you change the header !!
     60          
     61          
     62          //! Unique names used to identify states of the Rinse Aid Dispense state machine.
     63          typedef enum RINSE_AID_DISPENSE_STATE_ENUM
     64          {
     65              STATE_RINSE_AID_DISPENSE_NONE          = 0,
     66          
     67              STATE_RINSE_AID_DISPENSE_INITIALIZE    = 1,     //!< (initial_state)
     68              STATE_RINSE_AID_DISPENSE_DISPENSER_ON  = 2,
     69              STATE_RINSE_AID_DISPENSE_EXIT          = 3,
     70              STATE_RINSE_AID_DISPENSE_DISPENSER_OFF = 4,
     71          
     72              STATE_RINSE_AID_DISPENSE_END           = 5
     73          } RINSE_AID_DISPENSE_STATE_TYPE;
     74          
     75          //! The state variable for the Rinse Aid Dispense state machine.
     76          //! State machines with a history pseudostate may write to this variable during initialization.
     77          //! Other state machines must only write to this variable through auto-generated functions.

   \                                 In section .bss, align 4
     78          static RINSE_AID_DISPENSE_STATE_TYPE Rinse_Aid_Dispense_State;
   \                     Rinse_Aid_Dispense_State:
   \   00000000                      DS8 1
   \   00000001                      DS8 1
   \   00000002                      DS8 1
   \   00000003                      DS8 1
   \   00000004                      DS8 4
     79          
     80          //! The transition variable for the Rinse Aid Dispense state machine.
     81          //! Flag used by the state machine to track when a transition occurs in the middle of a state's
     82          //! Entry() or Do() action that contains more than one function.
     83          static BOOL_TYPE Rinse_Aid_Dispense_Transitioned;
     84          
     85          // -- Private Function Prototypes used by the state machine for customization functions --
     86          static void ActivateDispenser(void);
     87          static void DispenserOffTimerCheck(void);
     88          static void DispenserOnTimerCheck(void);
     89          static void ReadProcessParameters(void);
     90          static void ReturnTRUE(void);
     91          static void SetCounterOff(void);
     92          static void SetCounterOn(void);
     93          
     94          // -- Private Function Prototypes used by the state machine for standard state machine functions --
     95          static void EventDispenserEnd(void);
     96          static void EventDispenserOff(void);
     97          static void EventDispenserOn(void);
     98          static void RinseAidDispenseExecute(void);
     99          static void RinseAidDispenseInitialize(void);
    100          static void RinseAidDispenseTerminate(void);
    101          
    102          // !! StateEngineCrank cannot update this code if you change the footer !!
    103          // End of StateEngineCrank Auto-Generated Code.
    104          
    105          //-------------------------------------- PUBLIC (Variables) -----------------------------------------------------------
    106          
    107          //-------------------------------------- PRIVATE (Variables, Constants & Defines) -------------------------------------
    108          
    109          //! The name of this module for use by the Log module.
    110          #define MODULE_NAME MODULE_RINSE_AID
    111          
    112          //! Displacement value that indicates that the feature is not used.
    113          #define UNUSED_FEATURE 0xFF
    114          
    115          
    116          //! A list of log message IDs that are generated by this module.
    117          typedef enum MODULE_RINSE_AID_LOG_MESSAGE_ID_ENUM
    118          {
    119              ERROR_LOADING_PARAMETERS = 1
    120          } MODULE_RINSE_AID_LOG_MESSAGE_ID_TYPE;
    121          
    122          typedef enum DISPENSER_STATE_ENUM
    123          {
    124          	DISPENSER_STATE_OFF = 0,
    125          	DISPENSER_STATE_ON
    126          }DISPENSER_STATE_TYPE;
    127          
    128          typedef PACKED struct RINSE_AID_DISPENSE_PARAMETER_STRUCT
    129          {
    130              uint8 Dispenser_On_Time;
    131              uint8 Dispenser_Off_Time;
    132          } RINSE_AID_DISPENSE_PARAMETER_TYPE;
    133          
    134          typedef PACKED struct RINSE_AID_DISPENSE_PROCESS_PARAMETER_STRUCT
    135          {
    136              uint8 Modifiers_Table_Index;
    137              uint8 Unused;
    138          }RINSE_AID_DISPENSE_PROCESS_PARAMETER_TYPE;
    139          
    140          typedef PACKED struct RINSE_AID_DISPENSE_INSTANCE_STRUCT
    141          {
    142          	uint16 Dispenser_On_Time;
    143              uint16 Dispenser_Off_Time;
    144              uint16 Counter_On;
    145              uint16 Counter_Off;
    146          	uint8 Dispense_Times;
    147          	RINSE_AID_DISPENSE_STATE_TYPE Dispense_Process_State;
    148          } RINSE_AID_DISPENSE_INSTANCE_TYPE;
    149          
    150          
    151          
    152          static BOOL_TYPE RinseAidDispense_Ready_To_Exit;
    153          static PROCESS_CONTROL_TYPE* RAD_Control;
    154          
    155          #pragma location = "_appliance_segment"

   \                                 In section _appliance_segment, align 4
    156          static RINSE_AID_DISPENSE_INSTANCE_TYPE RinseAidDispense;
   \                     RinseAidDispense:
   \   00000000                      DS8 12
    157          
    158          //-------------------------------------- PRIVATE (Function Prototypes) ------------------------------------------------
    159          
    160          
    161          //=====================================================================================================================
    162          //-------------------------------------- Public Functions -------------------------------------------------------------
    163          //=====================================================================================================================

   \                                 In section .text, align 2, keep-with-next
    164          void RinseAid__Initialize(void)
    165          {
   \                     RinseAid__Initialize: (+1)
   \   00000000   0xB580             PUSH     {R7,LR}
    166          	if ((Micro__GetResetMode() == MICRO_RESET_MODE_COLD) &&
    167          	    (NVData__GetLastRestoreStatus()->Bit.Appliance_Data_Recovered != (NVDATA_RESTORE_TYPE)NVDATA_RESTORE_OKAY))
   \   00000002   0x.... 0x....      BL       Micro__GetResetMode
   \   00000006   0x2800             CMP      R0,#+0
   \   00000008   0xD10B             BNE      ??RinseAid__Initialize_0
   \   0000000A   0x.... 0x....      BL       NVData__GetLastRestoreStatus
   \   0000000E   0x7800             LDRB     R0,[R0, #+0]
   \   00000010   0x0780             LSLS     R0,R0,#+30
   \   00000012   0x0F80             LSRS     R0,R0,#+30
   \   00000014   0x2801             CMP      R0,#+1
   \   00000016   0xD004             BEQ      ??RinseAid__Initialize_0
    168          	{
    169          		memset(&RinseAidDispense, 0, sizeof(RinseAidDispense));
   \   00000018   0x2200             MOVS     R2,#+0
   \   0000001A   0x210A             MOVS     R1,#+10
   \   0000001C   0x....             LDR      R0,??DataTable13
   \   0000001E   0x.... 0x....      BL       __aeabi_memset4
    170          	}
    171          }
   \                     ??RinseAid__Initialize_0: (+1)
   \   00000022   0xBD01             POP      {R0,PC}          ;; return
    172          

   \                                 In section .text, align 2, keep-with-next
    173          PROCESS_RESULT_TYPE RinseAid__Manager(PROCESS_CONTROL_TYPE* control)
    174          {
   \                     RinseAid__Manager: (+1)
   \   00000000   0xB570             PUSH     {R4-R6,LR}
    175              PROCESS_RESULT_TYPE result;
    176          
    177          	RAD_Control = control;
   \   00000002   0x....             LDR      R4,??DataTable13_1
   \   00000004   0x6060             STR      R0,[R4, #+4]
    178          	if ((uint8)control->Step_Initializing == (uint8)TRUE)
   \   00000006   0x7940             LDRB     R0,[R0, #+5]
   \   00000008   0x2501             MOVS     R5,#+1
   \   0000000A   0x....             LDR      R6,??DataTable13
   \   0000000C   0x0029             MOVS     R1,R5
   \   0000000E   0x4208             TST      R0,R1
   \   00000010   0xD004             BEQ      ??RinseAid__Manager_0
    179          	{
    180          		// Initialize this instance of the OWI ONe SHOT process.
    181          		RinseAidDispense_Ready_To_Exit = FALSE;
   \   00000012   0x2000             MOVS     R0,#+0
   \   00000014   0x70A0             STRB     R0,[R4, #+2]
    182          		RinseAidDispenseInitialize();
   \   00000016   0x.... 0x....      BL       RinseAidDispenseInitialize
   \   0000001A   0xE017             B        ??RinseAid__Manager_1
    183          	}
    184          	else
    185          	{
    186          		Rinse_Aid_Dispense_State = RinseAidDispense.Dispense_Process_State;
   \                     ??RinseAid__Manager_0: (+1)
   \   0000001C   0x7A71             LDRB     R1,[R6, #+9]
   \   0000001E   0x7021             STRB     R1,[R4, #+0]
    187          
    188          		if (Rinse_Aid_Dispense_State != STATE_RINSE_AID_DISPENSE_NONE)
   \   00000020   0x000A             MOVS     R2,R1
   \   00000022   0xD011             BEQ      ??RinseAid__Manager_2
    189          		{
    190          			if (((uint8)control->Resume_From_Reset == (uint8)TRUE) ||	((uint8)control->Resume_From_Pause == (uint8)TRUE))
   \   00000024   0x2206             MOVS     R2,#+6
   \   00000026   0x4210             TST      R0,R2
   \   00000028   0xD00E             BEQ      ??RinseAid__Manager_2
    191          			{
    192          				if ((RinseAidDispense.Dispense_Times > (uint8)0) && ((uint8)Rinse_Aid_Dispense_State == (uint8)STATE_RINSE_AID_DISPENSE_DISPENSER_ON))
   \   0000002A   0x7A30             LDRB     R0,[R6, #+8]
   \   0000002C   0x0002             MOVS     R2,R0
   \   0000002E   0xD003             BEQ      ??RinseAid__Manager_3
   \   00000030   0x2902             CMP      R1,#+2
   \   00000032   0xD101             BNE      ??RinseAid__Manager_3
    193          				{
    194          					RinseAidDispense.Dispense_Times--;
   \   00000034   0x1E40             SUBS     R0,R0,#+1
   \   00000036   0x7230             STRB     R0,[R6, #+8]
    195          				}
    196          
    197          				if (RinseAidDispense.Dispense_Times > (uint8)0)
   \                     ??RinseAid__Manager_3: (+1)
   \   00000038   0x7A30             LDRB     R0,[R6, #+8]
   \   0000003A   0x2800             CMP      R0,#+0
   \   0000003C   0xD002             BEQ      ??RinseAid__Manager_4
    198          				{
    199          					EventDispenserOn();
   \   0000003E   0x.... 0x....      BL       EventDispenserOn
   \   00000042   0xE001             B        ??RinseAid__Manager_2
    200          				}
    201          				else
    202          				{
    203          					EventDispenserEnd();
   \                     ??RinseAid__Manager_4: (+1)
   \   00000044   0x.... 0x....      BL       EventDispenserEnd
    204          				}
    205          			}
    206          		}
    207          
    208          		RinseAidDispenseExecute();
   \                     ??RinseAid__Manager_2: (+1)
   \   00000048   0x.... 0x....      BL       RinseAidDispenseExecute
    209          
    210          	}
    211          
    212              RinseAidDispense.Dispense_Process_State = Rinse_Aid_Dispense_State;
   \                     ??RinseAid__Manager_1: (+1)
   \   0000004C   0x7820             LDRB     R0,[R4, #+0]
   \   0000004E   0x7270             STRB     R0,[R6, #+9]
    213          
    214          
    215              if (Rinse_Aid_Dispense_State == STATE_RINSE_AID_DISPENSE_NONE)
   \   00000050   0x2800             CMP      R0,#+0
   \   00000052   0xD101             BNE      ??RinseAid__Manager_5
    216              {
    217              	RinseAidDispense_Ready_To_Exit = TRUE;
   \   00000054   0x0028             MOVS     R0,R5
   \   00000056   0x70A0             STRB     R0,[R4, #+2]
    218              }
    219          
    220              result = ((uint8)RinseAidDispense_Ready_To_Exit == (uint8)TRUE)? PROCESS_COMPLETE : PROCESS_BUSY;
   \                     ??RinseAid__Manager_5: (+1)
   \   00000058   0x78A0             LDRB     R0,[R4, #+2]
   \   0000005A   0x2801             CMP      R0,#+1
   \   0000005C   0xD101             BNE      ??RinseAid__Manager_6
   \   0000005E   0x2000             MOVS     R0,#+0
   \   00000060   0xBD70             POP      {R4-R6,PC}
   \                     ??RinseAid__Manager_6: (+1)
   \   00000062   0x0028             MOVS     R0,R5
    221          
    222              return result;
   \   00000064   0xBD70             POP      {R4-R6,PC}       ;; return
    223          }
    224          
    225          
    226          //=====================================================================================================================
    227          //-------------------------------------- Private Functions ------------------------------------------------------------
    228          //=====================================================================================================================
    229          
    230          //---------------------------------------------------------------------------------------------------------------------
    231          /**
    232           *
    233           */

   \                                 In section .text, align 2, keep-with-next
    234          static void ReadProcessParameters(void)
    235          {
   \                     ReadProcessParameters: (+1)
   \   00000000   0xB5F0             PUSH     {R4-R7,LR}
   \   00000002   0xB085             SUB      SP,SP,#+20
    236          	SETTINGFILE_LOADER_TYPE loader;
    237          	RINSE_AID_DISPENSE_PARAMETER_TYPE* RinseAidDispense_Parameters;
    238          	RINSE_AID_DISPENSE_PROCESS_PARAMETER_TYPE* RinseAidDispense_Process_Parameters;
    239          	// Get the Rinse Aid Dispense parameters from the setting file machine structure.
    240          	if ( FAIL == SettingFile__BasicLoader(SF_PTR_ACU_ALGORITHM_PARAMETERS,
    241          											DSPL_RINSE_AID_DISPENSE,
    242          										  &loader) )
   \   00000004   0x....             LDR      R4,??DataTable13_1
   \   00000006   0xAA02             ADD      R2,SP,#+8
   \   00000008   0x210D             MOVS     R1,#+13
   \   0000000A   0x2027             MOVS     R0,#+39
   \   0000000C   0x.... 0x....      BL       SettingFile__BasicLoader
   \   00000010   0x2800             CMP      R0,#+0
   \   00000012   0xD02D             BEQ      ??ReadProcessParameters_0
    243          	{
    244          		LOG_ADD_EXCEPTION(ERROR_LOADING_PARAMETERS, RAD_Control->Data_Field_Index);
    245          		EventDispenserEnd();
    246          	}
    247          	else
    248          	{
    249          		// Read the setting file data into local variables for convenience.
    250          		RinseAidDispense_Parameters = (RINSE_AID_DISPENSE_PARAMETER_TYPE*)(void*)loader.Data;
   \   00000014   0x9F02             LDR      R7,[SP, #+8]
    251          
    252          		RinseAidDispense.Dispenser_On_Time = ((RinseAidDispense_Parameters->Dispenser_On_Time/(uint16)5)*(uint16)10)+((RinseAidDispense_Parameters->Dispenser_On_Time%(uint16)5)*(uint16)2); // seconds in 100ms
   \   00000016   0x7838             LDRB     R0,[R7, #+0]
   \   00000018   0x9001             STR      R0,[SP, #+4]
   \   0000001A   0x....             LDR      R5,??DataTable13
   \   0000001C   0x2605             MOVS     R6,#+5
   \   0000001E   0x0031             MOVS     R1,R6
   \   00000020   0x.... 0x....      BL       __aeabi_idiv
   \   00000024   0x0081             LSLS     R1,R0,#+2
   \   00000026   0x1808             ADDS     R0,R1,R0
   \   00000028   0x0040             LSLS     R0,R0,#+1
   \   0000002A   0x9000             STR      R0,[SP, #+0]
   \   0000002C   0x9801             LDR      R0,[SP, #+4]
   \   0000002E   0x0031             MOVS     R1,R6
   \   00000030   0x.... 0x....      BL       __aeabi_idivmod
   \   00000034   0x0049             LSLS     R1,R1,#+1
   \   00000036   0x9800             LDR      R0,[SP, #+0]
   \   00000038   0x1840             ADDS     R0,R0,R1
   \   0000003A   0x8028             STRH     R0,[R5, #+0]
    253          		RinseAidDispense.Dispenser_Off_Time =((RinseAidDispense_Parameters->Dispenser_Off_Time/(uint16)5)*(uint16)10)+((RinseAidDispense_Parameters->Dispenser_Off_Time%(uint16)5)*(uint16)2); // seconds in 100ms
   \   0000003C   0x787F             LDRB     R7,[R7, #+1]
   \   0000003E   0x0038             MOVS     R0,R7
   \   00000040   0x0031             MOVS     R1,R6
   \   00000042   0x.... 0x....      BL       __aeabi_idiv
   \   00000046   0x0081             LSLS     R1,R0,#+2
   \   00000048   0x1808             ADDS     R0,R1,R0
   \   0000004A   0x0040             LSLS     R0,R0,#+1
   \   0000004C   0x9000             STR      R0,[SP, #+0]
   \   0000004E   0x0038             MOVS     R0,R7
   \   00000050   0x0031             MOVS     R1,R6
   \   00000052   0x.... 0x....      BL       __aeabi_idivmod
   \   00000056   0x0049             LSLS     R1,R1,#+1
   \   00000058   0x9800             LDR      R0,[SP, #+0]
   \   0000005A   0x1840             ADDS     R0,R0,R1
   \   0000005C   0x8068             STRH     R0,[R5, #+2]
    254          
    255          		// Get the Fill process parameters from the setting file.
    256          		if (SettingFile__MSettingBasicLoader(RAD_Control->Setting_File_Index,
    257          											 SF_PTR_ACU_PROCESS_RINSE_AID_DISPENSE,
    258          											 RAD_Control->Data_Field_Index,
    259          											 &loader) == FAIL)
   \   0000005E   0x6860             LDR      R0,[R4, #+4]
   \   00000060   0xAB02             ADD      R3,SP,#+8
   \   00000062   0x8802             LDRH     R2,[R0, #+0]
   \   00000064   0x211B             MOVS     R1,#+27
   \   00000066   0x7880             LDRB     R0,[R0, #+2]
   \   00000068   0x.... 0x....      BL       SettingFile__MSettingBasicLoader
   \   0000006C   0x2800             CMP      R0,#+0
   \   0000006E   0xD109             BNE      ??ReadProcessParameters_1
    260          		{
    261          			LOG_ADD_EXCEPTION(ERROR_LOADING_PARAMETERS, RAD_Control->Data_Field_Index);
   \                     ??ReadProcessParameters_0: (+1)
   \   00000070   0x6860             LDR      R0,[R4, #+4]
   \   00000072   0x8803             LDRH     R3,[R0, #+0]
   \   00000074   0x2201             MOVS     R2,#+1
   \   00000076   0x4611             MOV      R1,R2
   \   00000078   0x2048             MOVS     R0,#+72
   \   0000007A   0x.... 0x....      BL       Log__AddMessage
    262          			EventDispenserEnd();
   \   0000007E   0x.... 0x....      BL       EventDispenserEnd
   \   00000082   0xE01D             B        ??ReadProcessParameters_2
    263          		}
    264          		else
    265          		{
    266          			uint8 rinse_aid_value;
    267          
    268          			rinse_aid_value = (uint8)Regulations__GetMainValueByPosition(Regulations__GetPositionByFunctionID(FUNC_ID_RINSE_AID, 0));
   \                     ??ReadProcessParameters_1: (+1)
   \   00000084   0x2100             MOVS     R1,#+0
   \   00000086   0x201C             MOVS     R0,#+28
   \   00000088   0x.... 0x....      BL       Regulations__GetPositionByFunctionID
   \   0000008C   0x.... 0x....      BL       Regulations__GetMainValueByPosition
    269          
    270          			RinseAidDispense_Process_Parameters = (RINSE_AID_DISPENSE_PROCESS_PARAMETER_TYPE*)(void*)loader.Data;
   \   00000090   0x9902             LDR      R1,[SP, #+8]
    271          
    272          			if ((uint8)UNUSED_FEATURE != RinseAidDispense_Process_Parameters->Modifiers_Table_Index)
   \   00000092   0x7809             LDRB     R1,[R1, #+0]
   \   00000094   0x29FF             CMP      R1,#+255
   \   00000096   0xD007             BEQ      ??ReadProcessParameters_3
    273          			{
    274          				sint32 modified_value;
    275          				modified_value = Modifier__GetValue((sint32)(rinse_aid_value), RinseAidDispense_Process_Parameters->Modifiers_Table_Index);
   \   00000098   0xB2C0             UXTB     R0,R0
   \   0000009A   0x.... 0x....      BL       Modifier__GetValue
    276          				if (modified_value < 0)
   \   0000009E   0x2800             CMP      R0,#+0
   \   000000A0   0xD500             BPL      ??ReadProcessParameters_4
    277          				{
    278          					modified_value = 0;
   \   000000A2   0x2000             MOVS     R0,#+0
    279          				}
    280          				RinseAidDispense.Dispense_Times = (uint8)modified_value;
   \                     ??ReadProcessParameters_4: (+1)
   \   000000A4   0x7228             STRB     R0,[R5, #+8]
   \   000000A6   0xE000             B        ??ReadProcessParameters_5
    281          			}
    282          			else
    283          			{
    284          				RinseAidDispense.Dispense_Times = rinse_aid_value;
   \                     ??ReadProcessParameters_3: (+1)
   \   000000A8   0x7228             STRB     R0,[R5, #+8]
    285          			}
    286          
    287          			if ((RinseAidDispense.Dispense_Times > (uint8)0) && (RinseAidDispense.Dispenser_On_Time > (uint8)0))
   \                     ??ReadProcessParameters_5: (+1)
   \   000000AA   0x7A28             LDRB     R0,[R5, #+8]
   \   000000AC   0x2800             CMP      R0,#+0
   \   000000AE   0xD005             BEQ      ??ReadProcessParameters_6
   \   000000B0   0x8828             LDRH     R0,[R5, #+0]
   \   000000B2   0x2800             CMP      R0,#+0
   \   000000B4   0xD002             BEQ      ??ReadProcessParameters_6
    288          			{
    289          				EventDispenserOn();
   \   000000B6   0x.... 0x....      BL       EventDispenserOn
   \   000000BA   0xE001             B        ??ReadProcessParameters_2
    290          			}
    291          			else
    292          			{
    293          				EventDispenserEnd();
   \                     ??ReadProcessParameters_6: (+1)
   \   000000BC   0x.... 0x....      BL       EventDispenserEnd
    294          			}
    295          		}
    296          	}
    297          }
   \                     ??ReadProcessParameters_2: (+1)
   \   000000C0   0xB005             ADD      SP,SP,#+20
   \   000000C2   0xBDF0             POP      {R4-R7,PC}       ;; return
    298          
    299          
    300          //---------------------------------------------------------------------------------------------------------------------
    301          /**
    302           *
    303           */

   \                                 In section .text, align 2, keep-with-next
    304          static void ReturnTRUE(void)
    305          {
   \                     ReturnTRUE: (+1)
   \   00000000   0xB580             PUSH     {R7,LR}
    306          	RinseAidDispense_Ready_To_Exit = TRUE;
   \   00000002   0x2001             MOVS     R0,#+1
   \   00000004   0x....             LDR      R1,??DataTable13_1
   \   00000006   0x7088             STRB     R0,[R1, #+2]
    307          	RinseAidDispenseTerminate();
   \   00000008   0x.... 0x....      BL       RinseAidDispenseTerminate
    308          }
   \   0000000C   0xBD01             POP      {R0,PC}          ;; return
    309          
    310          
    311          //---------------------------------------------------------------------------------------------------------------------
    312          /**
    313           *
    314           */

   \                                 In section .text, align 2, keep-with-next
    315          static void DispenserOffTimerCheck(void)
    316          {
   \                     DispenserOffTimerCheck: (+1)
   \   00000000   0xB580             PUSH     {R7,LR}
    317          	if (RinseAidDispense.Counter_Off > (uint8)0)
   \   00000002   0x....             LDR      R0,??DataTable13
   \   00000004   0x88C1             LDRH     R1,[R0, #+6]
   \   00000006   0x000A             MOVS     R2,R1
   \   00000008   0xD001             BEQ      ??DispenserOffTimerCheck_0
    318          	{
    319          		RinseAidDispense.Counter_Off--;
   \   0000000A   0x1E49             SUBS     R1,R1,#+1
   \   0000000C   0x80C1             STRH     R1,[R0, #+6]
    320          	}
    321          	if (RinseAidDispense.Counter_Off == (uint8)0)
   \                     ??DispenserOffTimerCheck_0: (+1)
   \   0000000E   0x88C1             LDRH     R1,[R0, #+6]
   \   00000010   0x2900             CMP      R1,#+0
   \   00000012   0xD107             BNE      ??DispenserOffTimerCheck_1
    322          	{
    323          		if (RinseAidDispense.Dispense_Times > (uint8)0)
   \   00000014   0x7A00             LDRB     R0,[R0, #+8]
   \   00000016   0x2800             CMP      R0,#+0
   \   00000018   0xD002             BEQ      ??DispenserOffTimerCheck_2
    324          		{
    325          			EventDispenserOn();
   \   0000001A   0x.... 0x....      BL       EventDispenserOn
   \   0000001E   0xBD01             POP      {R0,PC}
    326          		}
    327          		else
    328          		{
    329          			EventDispenserEnd();
   \                     ??DispenserOffTimerCheck_2: (+1)
   \   00000020   0x.... 0x....      BL       EventDispenserEnd
    330          		}
    331          	}
    332          }
   \                     ??DispenserOffTimerCheck_1: (+1)
   \   00000024   0xBD01             POP      {R0,PC}          ;; return
    333          
    334          
    335          //---------------------------------------------------------------------------------------------------------------------
    336          /**
    337           *
    338           */

   \                                 In section .text, align 2, keep-with-next
    339          static void DispenserOnTimerCheck(void)
    340          {
   \                     DispenserOnTimerCheck: (+1)
   \   00000000   0xB580             PUSH     {R7,LR}
    341          	if (RinseAidDispense.Counter_On > (uint8)0)
   \   00000002   0x....             LDR      R0,??DataTable13
   \   00000004   0x8881             LDRH     R1,[R0, #+4]
   \   00000006   0x000A             MOVS     R2,R1
   \   00000008   0xD001             BEQ      ??DispenserOnTimerCheck_0
    342          	{
    343          		RinseAidDispense.Counter_On--;
   \   0000000A   0x1E49             SUBS     R1,R1,#+1
   \   0000000C   0x8081             STRH     R1,[R0, #+4]
    344          	}
    345          
    346          	if (RinseAidDispense.Counter_On == (uint8)0)
   \                     ??DispenserOnTimerCheck_0: (+1)
   \   0000000E   0x8881             LDRH     R1,[R0, #+4]
   \   00000010   0x2900             CMP      R1,#+0
   \   00000012   0xD111             BNE      ??DispenserOnTimerCheck_1
    347          	{
    348          		if (RinseAidDispense.Dispense_Times > (uint8)0)
   \   00000014   0x7A01             LDRB     R1,[R0, #+8]
   \   00000016   0x000A             MOVS     R2,R1
   \   00000018   0xD00E             BEQ      ??DispenserOnTimerCheck_1
    349          		{
    350          			RinseAidDispense.Dispense_Times--;
   \   0000001A   0x1E49             SUBS     R1,R1,#+1
   \   0000001C   0x7201             STRB     R1,[R0, #+8]
    351          
    352          			if (RinseAidDispense.Dispense_Times == (uint8)0)
   \   0000001E   0x0609             LSLS     R1,R1,#+24
   \   00000020   0xD102             BNE      ??DispenserOnTimerCheck_2
    353          			{
    354          				EventDispenserEnd();
   \   00000022   0x.... 0x....      BL       EventDispenserEnd
   \   00000026   0xBD01             POP      {R0,PC}
    355          			}
    356          			else
    357          			{
    358          				if (RinseAidDispense.Dispenser_Off_Time > (uint8)0)
   \                     ??DispenserOnTimerCheck_2: (+1)
   \   00000028   0x8840             LDRH     R0,[R0, #+2]
   \   0000002A   0x2800             CMP      R0,#+0
   \   0000002C   0xD002             BEQ      ??DispenserOnTimerCheck_3
    359          				{
    360          					EventDispenserOff();
   \   0000002E   0x.... 0x....      BL       EventDispenserOff
   \   00000032   0xBD01             POP      {R0,PC}
    361          				}
    362          				else
    363          				{
    364          					EventDispenserOn();
   \                     ??DispenserOnTimerCheck_3: (+1)
   \   00000034   0x.... 0x....      BL       EventDispenserOn
    365          				}
    366          			}
    367          		}
    368          	}
    369          }
   \                     ??DispenserOnTimerCheck_1: (+1)
   \   00000038   0xBD01             POP      {R0,PC}          ;; return
    370          
    371          
    372          
    373          //=====================================================================================================================
    374          //  --- Private State Machine Customization Functions -----------------------------------------------------------------
    375          //=====================================================================================================================
    376          
    377          
    378          //---------------------------------------------------------------------------------------------------------------------
    379          /**
    380           *
    381           */

   \                                 In section .text, align 2, keep-with-next
    382          static void ActivateDispenser(void)
    383          {
   \                     ActivateDispenser: (+1)
   \   00000000   0xB580             PUSH     {R7,LR}
    384          	DISPENSER_STATE_TYPE dispenser_state;
    385          
    386          	dispenser_state = DISPENSER_STATE_ON;
   \   00000002   0x2001             MOVS     R0,#+1
   \   00000004   0x4669             MOV      R1,SP
   \   00000006   0x7008             STRB     R0,[R1, #+0]
    387          	(PASS_FAIL_TYPE)Hbl__SetLoadRequestByLoadID(HBL_LOAD_DISPENSER, HBL_PRIORITY_APPLICATION_HI, (uint8 *) &dispenser_state); //lint !e928 Suppress Info: cast from pointer to pointer [MISRA 2004 Rule 11.4]
   \   00000008   0x466A             MOV      R2,SP
   \   0000000A   0x2103             MOVS     R1,#+3
   \   0000000C   0x2030             MOVS     R0,#+48
   \   0000000E   0x.... 0x....      BL       Hbl__SetLoadRequestByLoadID
    388          }
   \   00000012   0xBD01             POP      {R0,PC}          ;; return
    389          
    390          
    391          //---------------------------------------------------------------------------------------------------------------------
    392          /**
    393           *
    394           */

   \                                 In section .text, align 2, keep-with-next
    395          static void SetCounterOff(void)
    396          {
    397          
    398          	RinseAidDispense.Counter_Off = RinseAidDispense.Dispenser_Off_Time;
   \                     SetCounterOff: (+1)
   \   00000000   0x....             LDR      R0,??DataTable13
   \   00000002   0x8841             LDRH     R1,[R0, #+2]
   \   00000004   0x80C1             STRH     R1,[R0, #+6]
    399          
    400          }
   \   00000006   0x4770             BX       LR               ;; return
    401          
    402          
    403          //---------------------------------------------------------------------------------------------------------------------
    404          /**
    405           *
    406           */

   \                                 In section .text, align 2, keep-with-next
    407          static void SetCounterOn(void)
    408          {
    409          	RinseAidDispense.Counter_On = RinseAidDispense.Dispenser_On_Time;
   \                     SetCounterOn: (+1)
   \   00000000   0x....             LDR      R0,??DataTable13
   \   00000002   0x8801             LDRH     R1,[R0, #+0]
   \   00000004   0x8081             STRH     R1,[R0, #+4]
    410          }
   \   00000006   0x4770             BX       LR               ;; return
    411          
    412          
    413          //=====================================================================================================================
    414          //=== StateEngineCrank (v2.8) Auto-Generated Functions for Rinse Aid Dispense State Machine
    415          //=====================================================================================================================
    416          // !! StateEngineCrank cannot update this code if you change the header !!
    417          
    418          
    419          //---------------------------------------------------------------------------------------------------------------------
    420          /**
    421           * Process the Dispenser End Event for the Rinse Aid Dispense state machine.
    422           *
    423           *              >>> DO NOT MODIFY THIS FUNCTION <<<
    424           *
    425           * This function was auto-generated and must not be edited manually.
    426           * Change the UML used to generate this function and regenerate the source code.
    427           */

   \                                 In section .text, align 2, keep-with-next
    428          static void EventDispenserEnd(void)
    429          {
    430              switch (Rinse_Aid_Dispense_State)
   \                     EventDispenserEnd: (+1)
   \   00000000   0x....             LDR      R0,??DataTable13_1
   \   00000002   0x7801             LDRB     R1,[R0, #+0]
   \   00000004   0x1E49             SUBS     R1,R1,#+1
   \   00000006   0x2901             CMP      R1,#+1
   \   00000008   0xD901             BLS      ??EventDispenserEnd_0
   \   0000000A   0x1EC9             SUBS     R1,R1,#+3
   \   0000000C   0xD103             BNE      ??EventDispenserEnd_1
    431              {
    432                  case STATE_RINSE_AID_DISPENSE_INITIALIZE:
    433                  case STATE_RINSE_AID_DISPENSE_DISPENSER_ON:
    434                  case STATE_RINSE_AID_DISPENSE_DISPENSER_OFF:
    435                      Rinse_Aid_Dispense_State = STATE_RINSE_AID_DISPENSE_EXIT;
   \                     ??EventDispenserEnd_0: (+1)
   \   0000000E   0x2103             MOVS     R1,#+3
   \   00000010   0x7001             STRB     R1,[R0, #+0]
    436                      Rinse_Aid_Dispense_Transitioned = TRUE;
   \   00000012   0x2101             MOVS     R1,#+1
   \   00000014   0x7041             STRB     R1,[R0, #+1]
    437                      break;
    438          
    439                  default:
    440                      // Event is ignored for all other values of Rinse_Aid_Dispense_State.
    441                      break;
    442              }
    443          }
   \                     ??EventDispenserEnd_1: (+1)
   \   00000016   0x4770             BX       LR               ;; return
    444          
    445          
    446          //---------------------------------------------------------------------------------------------------------------------
    447          /**
    448           * Process the Dispenser Off Event for the Rinse Aid Dispense state machine.
    449           *
    450           *              >>> DO NOT MODIFY THIS FUNCTION <<<
    451           *
    452           * This function was auto-generated and must not be edited manually.
    453           * Change the UML used to generate this function and regenerate the source code.
    454           */

   \                                 In section .text, align 2, keep-with-next
    455          static void EventDispenserOff(void)
    456          {
   \                     EventDispenserOff: (+1)
   \   00000000   0xB510             PUSH     {R4,LR}
    457              switch (Rinse_Aid_Dispense_State)
   \   00000002   0x....             LDR      R4,??DataTable13_1
   \   00000004   0x7820             LDRB     R0,[R4, #+0]
   \   00000006   0x2802             CMP      R0,#+2
   \   00000008   0xD105             BNE      ??EventDispenserOff_0
    458              {
    459                  case STATE_RINSE_AID_DISPENSE_DISPENSER_ON:
    460                      Rinse_Aid_Dispense_State = STATE_RINSE_AID_DISPENSE_DISPENSER_OFF;
   \   0000000A   0x2004             MOVS     R0,#+4
   \   0000000C   0x7020             STRB     R0,[R4, #+0]
    461                      SetCounterOff();                        // Entry Function.
   \   0000000E   0x.... 0x....      BL       SetCounterOff
    462                      Rinse_Aid_Dispense_Transitioned = TRUE;
   \   00000012   0x2001             MOVS     R0,#+1
   \   00000014   0x7060             STRB     R0,[R4, #+1]
    463                      break;
    464          
    465                  default:
    466                      // Event is ignored for all other values of Rinse_Aid_Dispense_State.
    467                      break;
    468              }
    469          }
   \                     ??EventDispenserOff_0: (+1)
   \   00000016   0xBD10             POP      {R4,PC}          ;; return
    470          
    471          
    472          //---------------------------------------------------------------------------------------------------------------------
    473          /**
    474           * Process the Dispenser On Event for the Rinse Aid Dispense state machine.
    475           *
    476           *              >>> DO NOT MODIFY THIS FUNCTION <<<
    477           *
    478           * This function was auto-generated and must not be edited manually.
    479           * Change the UML used to generate this function and regenerate the source code.
    480           */

   \                                 In section .text, align 2, keep-with-next
    481          static void EventDispenserOn(void)
    482          {
   \                     EventDispenserOn: (+1)
   \   00000000   0xB510             PUSH     {R4,LR}
    483              switch (Rinse_Aid_Dispense_State)
   \   00000002   0x....             LDR      R4,??DataTable13_1
   \   00000004   0x7820             LDRB     R0,[R4, #+0]
   \   00000006   0x1E40             SUBS     R0,R0,#+1
   \   00000008   0x2801             CMP      R0,#+1
   \   0000000A   0xD901             BLS      ??EventDispenserOn_0
   \   0000000C   0x1EC0             SUBS     R0,R0,#+3
   \   0000000E   0xD105             BNE      ??EventDispenserOn_1
    484              {
    485                  case STATE_RINSE_AID_DISPENSE_INITIALIZE:
    486                  case STATE_RINSE_AID_DISPENSE_DISPENSER_ON:
    487                  case STATE_RINSE_AID_DISPENSE_DISPENSER_OFF:
    488                      Rinse_Aid_Dispense_State = STATE_RINSE_AID_DISPENSE_DISPENSER_ON;
   \                     ??EventDispenserOn_0: (+1)
   \   00000010   0x2002             MOVS     R0,#+2
   \   00000012   0x7020             STRB     R0,[R4, #+0]
    489                      SetCounterOn();                         // Entry Function.
   \   00000014   0x.... 0x....      BL       SetCounterOn
    490                      Rinse_Aid_Dispense_Transitioned = TRUE;
   \   00000018   0x2001             MOVS     R0,#+1
   \   0000001A   0x7060             STRB     R0,[R4, #+1]
    491                      break;
    492          
    493                  default:
    494                      // Event is ignored for all other values of Rinse_Aid_Dispense_State.
    495                      break;
    496              }
    497          }
   \                     ??EventDispenserOn_1: (+1)
   \   0000001C   0xBD10             POP      {R4,PC}          ;; return
    498          
    499          
    500          //---------------------------------------------------------------------------------------------------------------------
    501          /**
    502           * The main execution function for the Rinse Aid Dispense state machine.
    503           * This function should be called periodically while the state machine is running.
    504           *
    505           *              >>> DO NOT MODIFY THIS FUNCTION <<<
    506           *
    507           * This function was auto-generated and must not be edited manually.
    508           * Change the UML used to generate this function and regenerate the source code.
    509           */

   \                                 In section .text, align 2, keep-with-next
    510          static void RinseAidDispenseExecute(void)
    511          {
   \                     RinseAidDispenseExecute: (+1)
   \   00000000   0xB510             PUSH     {R4,LR}
    512              Rinse_Aid_Dispense_Transitioned = FALSE;
   \   00000002   0x....             LDR      R4,??DataTable13_1
   \   00000004   0x2000             MOVS     R0,#+0
   \   00000006   0x7060             STRB     R0,[R4, #+1]
    513              switch(Rinse_Aid_Dispense_State)
   \   00000008   0x7820             LDRB     R0,[R4, #+0]
   \   0000000A   0x2802             CMP      R0,#+2
   \   0000000C   0xD004             BEQ      ??RinseAidDispenseExecute_0
   \   0000000E   0xD310             BCC      ??RinseAidDispenseExecute_1
   \   00000010   0x2804             CMP      R0,#+4
   \   00000012   0xD00C             BEQ      ??RinseAidDispenseExecute_2
   \   00000014   0xD308             BCC      ??RinseAidDispenseExecute_3
   \   00000016   0xBD10             POP      {R4,PC}
    514              {
    515                  case STATE_RINSE_AID_DISPENSE_DISPENSER_ON:
    516                      ActivateDispenser();                    // Do function.
   \                     ??RinseAidDispenseExecute_0: (+1)
   \   00000018   0x.... 0x....      BL       ActivateDispenser
    517                      if (Rinse_Aid_Dispense_Transitioned == FALSE)
   \   0000001C   0x7860             LDRB     R0,[R4, #+1]
   \   0000001E   0x2800             CMP      R0,#+0
   \   00000020   0xD107             BNE      ??RinseAidDispenseExecute_1
    518                      {
    519                          DispenserOnTimerCheck();            // Do function.
   \   00000022   0x.... 0x....      BL       DispenserOnTimerCheck
   \   00000026   0xBD10             POP      {R4,PC}
    520                      }
    521                      break;
    522          
    523                  case STATE_RINSE_AID_DISPENSE_EXIT:
    524                      ReturnTRUE();                           // Do function.
   \                     ??RinseAidDispenseExecute_3: (+1)
   \   00000028   0x.... 0x....      BL       ReturnTRUE
    525                      break;
   \   0000002C   0xBD10             POP      {R4,PC}
    526          
    527                  case STATE_RINSE_AID_DISPENSE_DISPENSER_OFF:
    528                      DispenserOffTimerCheck();               // Do function.
   \                     ??RinseAidDispenseExecute_2: (+1)
   \   0000002E   0x.... 0x....      BL       DispenserOffTimerCheck
    529                      break;
    530          
    531                  default:
    532                      // There is nothing to do for all other values of Rinse_Aid_Dispense_State.
    533                      break;
    534              }
    535          }
   \                     ??RinseAidDispenseExecute_1: (+1)
   \   00000032   0xBD10             POP      {R4,PC}          ;; return
    536          
    537          
    538          //---------------------------------------------------------------------------------------------------------------------
    539          /**
    540           * The initialization function for the Rinse Aid Dispense state machine.
    541           * This function resets the state machine to the initial state and executes the initial state's
    542           * entry function.
    543           *
    544           *              >>> DO NOT MODIFY THIS FUNCTION <<<
    545           *
    546           * This function was auto-generated and must not be edited manually.
    547           * Change the UML used to generate this function and regenerate the source code.
    548           */

   \                                 In section .text, align 2, keep-with-next
    549          static void RinseAidDispenseInitialize(void)
    550          {
   \                     RinseAidDispenseInitialize: (+1)
   \   00000000   0xB538             PUSH     {R3-R5,LR}
    551              Rinse_Aid_Dispense_State = STATE_RINSE_AID_DISPENSE_INITIALIZE;
   \   00000002   0x2401             MOVS     R4,#+1
   \   00000004   0x....             LDR      R5,??DataTable13_1
   \   00000006   0x0020             MOVS     R0,R4
   \   00000008   0x7028             STRB     R0,[R5, #+0]
    552              ReadProcessParameters();                        // Entry Function.
   \   0000000A   0x.... 0x....      BL       ReadProcessParameters
    553              Rinse_Aid_Dispense_Transitioned = TRUE;
   \   0000000E   0x706C             STRB     R4,[R5, #+1]
    554          }
   \   00000010   0xBD31             POP      {R0,R4,R5,PC}    ;; return
    555          
    556          
    557          //---------------------------------------------------------------------------------------------------------------------
    558          /**
    559           * The termination function for the Rinse Aid Dispense state machine.
    560           * This function disables the state machine. Calls to StateMachineExecute() will have no effect.
    561           * The StateMachineInitialize() function must be called again to restart the state machine.
    562           * If the current state has an exit function, it will be called.
    563           *
    564           *              >>> DO NOT MODIFY THIS FUNCTION <<<
    565           *
    566           * This function was auto-generated and must not be edited manually.
    567           * Change the UML used to generate this function and regenerate the source code.
    568           */

   \                                 In section .text, align 2, keep-with-next
    569          static void RinseAidDispenseTerminate(void)
    570          {
    571              // None of the states have an Exit function.
    572              Rinse_Aid_Dispense_State = STATE_RINSE_AID_DISPENSE_NONE;
   \                     RinseAidDispenseTerminate: (+1)
   \   00000000   0x....             LDR      R0,??DataTable13_1
   \   00000002   0x2100             MOVS     R1,#+0
   \   00000004   0x7001             STRB     R1,[R0, #+0]
    573              Rinse_Aid_Dispense_Transitioned = TRUE;
   \   00000006   0x2101             MOVS     R1,#+1
   \   00000008   0x7041             STRB     R1,[R0, #+1]
    574          }
   \   0000000A   0x4770             BX       LR               ;; return

   \                                 In section .text, align 4, keep-with-next
   \                     ??DataTable13:
   \   00000000   0x........         DC32     RinseAidDispense

   \                                 In section .text, align 4, keep-with-next
   \                     ??DataTable13_1:
   \   00000000   0x........         DC32     Rinse_Aid_Dispense_State
    575          
    576          
    577          // !! StateEngineCrank cannot update this code if you change the footer !!
    578          // End of StateEngineCrank Auto-Generated Code.

   Maximum stack usage in bytes:

   .cstack Function
   ------- --------
       8   ActivateDispenser
         8   -> Hbl__SetLoadRequestByLoadID
       8   DispenserOffTimerCheck
         8   -> EventDispenserEnd
         8   -> EventDispenserOn
       8   DispenserOnTimerCheck
         8   -> EventDispenserEnd
         8   -> EventDispenserOff
         8   -> EventDispenserOn
       0   EventDispenserEnd
       8   EventDispenserOff
         8   -> SetCounterOff
       8   EventDispenserOn
         8   -> SetCounterOn
      40   ReadProcessParameters
        40   -> EventDispenserEnd
        40   -> EventDispenserOn
        40   -> Log__AddMessage
        40   -> Modifier__GetValue
        40   -> Regulations__GetMainValueByPosition
        40   -> Regulations__GetPositionByFunctionID
        40   -> SettingFile__BasicLoader
        40   -> SettingFile__MSettingBasicLoader
        40 __aeabi_idiv
        40 __aeabi_idivmod
       8   ReturnTRUE
         8   -> RinseAidDispenseTerminate
       8   RinseAidDispenseExecute
         8   -> ActivateDispenser
         8   -> DispenserOffTimerCheck
         8   -> DispenserOnTimerCheck
         8   -> ReturnTRUE
      16   RinseAidDispenseInitialize
        16   -> ReadProcessParameters
       0   RinseAidDispenseTerminate
       8   RinseAid__Initialize
         8   -> Micro__GetResetMode
         8   -> NVData__GetLastRestoreStatus
         8   -> __aeabi_memset4
      16   RinseAid__Manager
        16   -> EventDispenserEnd
        16   -> EventDispenserOn
        16   -> RinseAidDispenseExecute
        16   -> RinseAidDispenseInitialize
       0   SetCounterOff
       0   SetCounterOn


   Section sizes:

   Bytes  Function/Label
   -----  --------------
       4  ??DataTable13
       4  ??DataTable13_1
      20  ActivateDispenser
      38  DispenserOffTimerCheck
      58  DispenserOnTimerCheck
      24  EventDispenserEnd
      24  EventDispenserOff
      30  EventDispenserOn
     196  ReadProcessParameters
      14  ReturnTRUE
      12  RinseAidDispense
      52  RinseAidDispenseExecute
      18  RinseAidDispenseInitialize
      12  RinseAidDispenseTerminate
      36  RinseAid__Initialize
     102  RinseAid__Manager
       8  Rinse_Aid_Dispense_State
          Rinse_Aid_Dispense_Transitioned
          RinseAidDispense_Ready_To_Exit
          RAD_Control
       8  SetCounterOff
       8  SetCounterOn

 
   8 bytes in section .bss
 648 bytes in section .text
  12 bytes in section _appliance_segment
 
 648 bytes of CODE memory
  20 bytes of DATA memory

Errors: none
Warnings: none
