###############################################################################
#
# IAR ANSI C/C++ Compiler V7.70.1.11437/W32 for ARM       28/Feb/2025  14:17:45
# Copyright 1999-2016 IAR Systems AB.
#
#    Cpu mode     =  thumb
#    Endian       =  little
#    Source file  =  
#        source/Category/Application/acu/Monitors/SaltSensingMonitor/SaltSensingMonitor.c
#    Command line =  
#        --cpu Cortex-M0+ -Om --debug -e --only_stdout --silent -D
#        ENABLE_JUMP_TO_APPLICATION_WITHOUT_IAP_FIRMWARE --no_wrap_diagnostics
#        -f config\tmp\include_path.lnt
#        (-I../Nucleus-Tools-SDK/embOS/arm/v4.26/source\
#        -I../Nucleus-Tools-SDK/iar/arm/v7.70/cx/inc\
#        -Isource/Category/Application/acu/CycleResume\
#        -Isource/Category/Application/acu/Monitors/AutostartFactoryCycleMonitor\
#        -Isource/Category/Application/acu/Monitors/CartridgeDetectionMonitor\
#        -Isource/Category/Application/acu/Monitors/DCLoadCurrentMonitor\
#        -Isource/Category/Application/acu/Monitors/DiverterFaultMonitor\
#        -Isource/Category/Application/acu/Monitors/DiverterLeakFaultMonitor\
#        -Isource/Category/Application/acu/Monitors/DoorMonitor\
#        -Isource/Category/Application/acu/Monitors/DoorOpeningSystemMonitor\
#        -Isource/Category/Application/acu/Monitors/FanMotorFaultMonitor\
#        -Isource/Category/Application/acu/Monitors/FaultStatusMonitor\
#        -Isource/Category/Application/acu/Monitors/FillValveStuckOn\
#        -Isource/Category/Application/acu/Monitors/FlowMeterFaultMonitor\
#        -Isource/Category/Application/acu/Monitors/HeatMonitor\
#        -Isource/Category/Application/acu/Monitors/HotHighPotMonitor\
#        -Isource/Category/Application/acu/Monitors/LITTFaultMonitor\
#        -Isource/Category/Application/acu/Monitors/LITTMonitor\
#        -Isource/Category/Application/acu/Monitors/McuGetDataMonitor\
#        -Isource/Category/Application/acu/Monitors/ModelMonitors/AirlockDetectionMonitor\
#        -Isource/Category/Application/acu/Monitors/ModelMonitors/AirlockDetectionMonitor/CodeGeneration\
#        -Isource/Category/Application/acu/Monitors/ModelMonitors/HeaterCalcificationDetectionModel\
#        -Isource/Category/Application/acu/Monitors/ModelMonitors/HeaterCalcificationDetectionModel/CodeGeneration\
#        -Isource/Category/Application/acu/Monitors/ModelMonitors/OWIVoltageRegulatedOutputModel\
#        -Isource/Category/Application/acu/Monitors/ModelMonitors/OWIVoltageRegulatedOutputModel/CodeGeneration\
#        -Isource/Category/Application/acu/Monitors/ModelMonitors/PluggingDetectionMonitor\
#        -Isource/Category/Application/acu/Monitors/ModelMonitors/PluggingDetectionMonitor/CodeGeneration\
#        -Isource/Category/Application/acu/Monitors/MoisturePreventionMonitor\
#        -Isource/Category/Application/acu/Monitors/OverfillMonitor\
#        -Isource/Category/Application/acu/Monitors/OWIMonitor\
#        -Isource/Category/Application/acu/Monitors/PilotRelayFaultMonitor\
#        -Isource/Category/Application/acu/Monitors/PilotRelayFaultMonitor/PilotRelayStuckClosedMonitor\
#        -Isource/Category/Application/acu/Monitors/PilotRelayFaultMonitor/PilotRelayStuckOpenMonitor\
#        -Isource/Category/Application/acu/Monitors/PORTimeMonitor\
#        -Isource/Category/Application/acu/Monitors/PumpFlushRequestMonitor\
#        -Isource/Category/Application/acu/Monitors/RinseAidMonitor\
#        -Isource/Category/Application/acu/Monitors/SaltSensingMonitor\
#        -Isource/Category/Application/acu/Monitors/StabilityControlLoopMonitor\
#        -Isource/Category/Application/acu/Monitors/StandbyManager\
#        -Isource/Category/Application/acu/Monitors/SupervisorExtMonitor\
#        -Isource/Category/Application/acu/Monitors/ThermistorFaultMonitor\
#        -Isource/Category/Application/acu/Monitors/ThermistorFaultMonitor/ThermistorOpenMonitor\
#        -Isource/Category/Application/acu/Monitors/ThermistorFaultMonitor/ThermistorShortedMonitor\
#        -Isource/Category/Application/acu/Monitors/TriacCurrentMonitor\
#        -Isource/Category/Application/acu/Monitors/TriacShortedDrainFaultMonitor\
#        -Isource/Category/Application/acu/Monitors/TriacVoltageMonitor\
#        -Isource/Category/Application/acu/Monitors/VoltageRangeMonitor\
#        -Isource/Category/Application/acu/Monitors/VSDrainMotorFaultMonitor\
#        -Isource/Category/Application/acu/Monitors/VwiMonitor\
#        -Isource/Category/Application/acu/Monitors/VwiZoneCompensationMonitor\
#        -Isource/Category/Application/acu/Monitors/WashHeaterFaultMonitor\
#        -Isource/Category/Application/acu/Monitors/WashHeaterFaultMonitor/HeaterLeakageToNeutralMonitor\
#        -Isource/Category/Application/acu/Monitors/WashHeaterFaultMonitor/HeaterLineRelayOpenMonitor\
#        -Isource/Category/Application/acu/Monitors/WashHeaterFaultMonitor/HeaterNeutralRelayOpenMonitor\
#        -Isource/Category/Application/acu/Monitors/WashHeaterFaultMonitor/HeaterOpenAndLineRelayClosedMonitor\
#        -Isource/Category/Application/acu/Monitors/WashHeaterFaultMonitor/HeaterOpenMonitor\
#        -Isource/Category/Application/acu/Monitors/WashMotorFaultMonitor\
#        -Isource/Category/Application/acu/Monitors/ZeroCrossMonitor\
#        -Isource/Category/Application/acu/Processes/AlternateCtrl\
#        -Isource/Category/Application/acu/Processes/Fill\
#        -Isource/Category/Application/acu/Processes/Fill/ClassAFill\
#        -Isource/Category/Application/acu/Processes/Fill/Fill\
#        -Isource/Category/Application/acu/Processes/Fill/TankDrain\
#        -Isource/Category/Application/acu/Processes/Fill/TankFill\
#        -Isource/Category/Application/acu/Processes/Heat\
#        -Isource/Category/Application/acu/Processes/ModelProcesses/OWICalibrationModel\
#        -Isource/Category/Application/acu/Processes/ModelProcesses/OWICalibrationModel/CodeGeneration\
#        -Isource/Category/Application/acu/Processes/ModelProcesses/PartialDrainModel\
#        -Isource/Category/Application/acu/Processes/ModelProcesses/PartialDrainModel/CodeGeneration\
#        -Isource/Category/Application/acu/Processes/ModelProcesses/SensedDrainModel\
#        -Isource/Category/Application/acu/Processes/ModelProcesses/SensedDrainModel/CodeGeneration\
#        -Isource/Category/Application/acu/Processes/OWI\
#        -Isource/Category/Application/acu/Processes/OWI_VRO\
#        -Isource/Category/Application/acu/Processes/OWIOneShot\
#        -Isource/Category/Application/acu/Processes/PumpControl\
#        -Isource/Category/Application/acu/Processes/Regenerate\
#        -Isource/Category/Application/acu/Processes/RinseAidDispense\
#        -Isource/Category/Application/acu/Processes/RinseAidDispense/RinseAid\
#        -Isource/Category/Application/acu/Processes/RinseAidDispense/TridgeDetergent\
#        -Isource/Category/Application/acu/Tasks/DoorOpeningSystemPull\
#        -Isource/Category/Application/acu/Tasks/DoorOpeningSystemPush\
#        -Isource/Category/Application/acu/Tasks/HeaterShadowing\
#        -Isource/Category/Application/acu/Tasks/MoisturePrevention\
#        -Isource/Category/Application/acu/Tasks/OWIContinousReading\
#        -Isource/Category/Application/acu/Tasks/OwiVroContinuousReading\
#        -Isource/Category/Application/acu/Tasks/Sanitization\
#        -Isource/Category/Application/acu/Tasks/StabilityControl\
#        -Isource/Category/Application/acu/Tasks/TimeElapse\
#        -Isource/Category/Application/acu/VWI\
#        -Isource/Category/Application/all/ActivePower\
#        -Isource/Category/Application/all/API007App\
#        -Isource/Category/Application/all/Config\
#        -Isource/Category/Common/acu/CommonDish/DishAuxVar\
#        -Isource/Category/Common/acu/CommonDish/PumpCommand\
#        -Isource/Category/Common/acu/CommonDish/StatisticsDish\
#        -Isource/Category/Common/all/BoardDebugging\
#        -Isource/Category/Common/all/Config\
#        -Isource/Category/Common/all/MasterCommander\
#        -Isource/Category/Common/all/MasterCommander/Source\
#        -Isource/Category/Common/all/MasterCommander/Source/HAL\
#        -Isource/Category/Common/all/SharedUtils\
#        -Isource/Category/Hbl/acu/ACULoadHandler/AlternateLoad\
#        -Isource/Category/Hbl/acuexpacu/ACUGIHandler/WaterCounterGI\
#        -Isource/Category/Hbl/acuexpacu/ACULoadHandler/HeaterLoad\
#        -Isource/Category/Hbl/acuexpacu/ACULoadHandler/TriacMci\
#        -Isource/Category/Hbl/all/Config\ -Isource/Category/Hbl/all/Mci\
#        -Isource/Category/Hbl/all/Mci/MciZeroCross\
#        -Isource/Category/Hbl/all/Mci/Slfac\
#        -Isource/Category/Hbl/all/Mci/Slfac/Macroblocks\
#        -Isource/Category/Hbl/all/Mci/Slfac/Microblocks/GlitchFilter\
#        -Isource/Category/Hbl/all/Mci/Slfac/Microblocks/IIRFilter\
#        -Isource/Category/Hbl/all/Mci/Slfac/Microblocks/MathCalc\
#        -Isource/Category/Hbl/all/Mci/Slfac/Microblocks/PeakDetector\
#        -Isource/Category/Hbl/all/Mci/Slfac/Microblocks/Pi\
#        -Isource/Category/Hbl/all/MCUDrivers/TimeCapture\
#        -Isource/Category/Hbl/all/MCUDrivers/TimerInterruptExt\
#        -Isource/Micros/STM32G0x/Driver/Atod\
#        -Isource/Micros/STM32G0x/Driver/DataFlash\
#        -Isource/Micros/STM32G0x/Driver/Dma\
#        -Isource/Micros/STM32G0x/Driver/Dtoa\
#        -Isource/Micros/STM32G0x/Driver/ExtInterrupt\
#        -Isource/Micros/STM32G0x/Driver/Flash\
#        -Isource/Micros/STM32G0x/Driver/Gpio\
#        -Isource/Micros/STM32G0x/Driver/I2c\
#        -Isource/Micros/STM32G0x/Driver/IntMgr\
#        -Isource/Micros/STM32G0x/Driver/Micro\
#        -Isource/Micros/STM32G0x/Driver/MicroExt\
#        -Isource/Micros/STM32G0x/Driver/Rtc\
#        -Isource/Micros/STM32G0x/Driver/RTCDriver\
#        -Isource/Micros/STM32G0x/Driver/Spi\
#        -Isource/Micros/STM32G0x/Driver/Timeout\
#        -Isource/Micros/STM32G0x/Driver/Timer\
#        -Isource/Micros/STM32G0x/Driver/TimerInterrupt\
#        -Isource/Micros/STM32G0x/Driver/Uart\
#        -Isource/ProjectSpecific/Application/acu/Config\
#        -Isource/ProjectSpecific/Application/acu/LowPower\
#        -Isource/ProjectSpecific/Application/acuexpacu/Config\
#        -Isource/ProjectSpecific/Application/all/Config\
#        -Isource/ProjectSpecific/Application/all/MCUDebug\
#        -Isource/ProjectSpecific/Application/all/ProductInfo\
#        -Isource/ProjectSpecific/Common/acu/Config\
#        -Isource/ProjectSpecific/Common/all/Config\
#        -Isource/ProjectSpecific/Common/all/Debug\
#        -Isource/ProjectSpecific/Common/all/SRConfig\
#        -Isource/ProjectSpecific/Driver/STM32G0x\
#        -Isource/ProjectSpecific/Hbl/acuexpacu/Config\
#        -Isource/ProjectSpecific/Hbl/acuexpacu/SRConfig\
#        -Isource/ProjectSpecific/Hbl/all/Config\
#        -Isource/ProjectSpecific/Hbl/all/Config/Mci\
#        -Isource/ProjectSpecific/Hbl/all/Config/Mci/MasterCommander\
#        -Isource/ProjectSpecific/Hbl/all/Config/Mci/MCUDrivers\
#        -Isource/ProjectSpecific/Hbl/all/SRConfig\
#        -Isource/XCategory/Application/acu/API221MotionCtrl\
#        -Isource/XCategory/Application/acu/Calibration\
#        -Isource/XCategory/Application/acu/Condition\
#        -Isource/XCategory/Application/acu/Estimator\
#        -Isource/XCategory/Application/acu/Interpreter\
#        -Isource/XCategory/Application/acu/Processes/ActivateTask\
#        -Isource/XCategory/Application/acu/Processes/JumpIf\
#        -Isource/XCategory/Application/acu/Processes/LoadsControl\
#        -Isource/XCategory/Application/acu/Processes/Maintain\
#        -Isource/XCategory/Application/acu/Processes/SetVariable\
#        -Isource/XCategory/Application/acu/RegulationAccept\
#        -Isource/XCategory/Application/acu/Selector\
#        -Isource/XCategory/Application/acu/SubCycle\
#        -Isource/XCategory/Application/acu/Supervisor\
#        -Isource/XCategory/Application/acu/TestMgr\
#        -Isource/XCategory/Application/acuexpacu/ApplianceMgr\
#        -Isource/XCategory/Application/acuhmi/CommunicationMonitor\
#        -Isource/XCategory/Application/acuhmi/Modifier\
#        -Isource/XCategory/Application/acuhmi/Regulations\
#        -Isource/XCategory/Application/acuhmi/Status\
#        -Isource/XCategory/Application/all/API007Data\
#        -Isource/XCategory/Application/all/API011AppCtr\
#        -Isource/XCategory/Application/all/API012Exp\
#        -Isource/XCategory/Application/all/API013RemoteFunction\
#        -Isource/XCategory/Application/all/API018Diagnostic\
#        -Isource/XCategory/Application/all/API220MotorControl\
#        -Isource/XCategory/Application/all/API220MotorControl/Api\
#        -Isource/XCategory/Application/all/Mode\
#        -Isource/XCategory/Application/all/Reveal_Basic/API003Disc\
#        -Isource/XCategory/Application/all/Reveal_Basic/API004Debug\
#        -Isource/XCategory/Application/all/Reveal_Basic/API004Debug/SW05SoftwareTest\
#        -Isource/XCategory/Application/all/Reveal_Basic/API005LowLevel\
#        -Isource/XCategory/Application/all/Reveal_Basic/API009System\
#        -Isource/XCategory/Application/all/Reveal_Basic/API010PollVar\
#        -Isource/XCategory/Application/all/Reveal_Basic/API019ProductInfo\
#        -Isource/XCategory/Application/all/SFUpdater\
#        -Isource/XCategory/Application/all/SRAPI020Safety\
#        -Isource/XCategory/Application/all/StatusLed\
#        -Isource/XCategory/Common/acu/BrownOut\
#        -Isource/XCategory/Common/acu/Fault\
#        -Isource/XCategory/Common/acu/Statistics\
#        -Isource/XCategory/Common/all/Common/Callback\
#        -Isource/XCategory/Common/all/Common/Convert\
#        -Isource/XCategory/Common/all/Common/Crc16\
#        -Isource/XCategory/Common/all/Common/Crc32\
#        -Isource/XCategory/Common/all/Common/Crc8\
#        -Isource/XCategory/Common/all/Common/Equation\
#        -Isource/XCategory/Common/all/Common/Filter\
#        -Isource/XCategory/Common/all/Common/FITMgr\
#        -Isource/XCategory/Common/all/Common/I2cMgr\
#        -Isource/XCategory/Common/all/Common/IAPEmul\
#        -Isource/XCategory/Common/all/Common/Log\
#        -Isource/XCategory/Common/all/Common/Millis\
#        -Isource/XCategory/Common/all/Common/SeggerRTT\
#        -Isource/XCategory/Common/all/Common/SeggerRTT/SEGGER_RTT/Config\
#        -Isource/XCategory/Common/all/Common/SeggerRTT/SEGGER_RTT/RTT\
#        -Isource/XCategory/Common/all/Common/SettingFile\
#        -Isource/XCategory/Common/all/Common/SFVersionCheck\
#        -Isource/XCategory/Common/all/Common/SystemConfig\
#        -Isource/XCategory/Common/all/Common/SystemTimers\
#        -Isource/XCategory/Common/all/Common/Utilities\
#        -Isource/XCategory/Common/all/Common/Variable\
#        -Isource/XCategory/Common/all/SRCommon/SRClockMonitor\
#        -Isource/XCategory/Common/all/SRCommon/SRData\
#        -Isource/XCategory/Common/all/SRCommon/SRException\
#        -Isource/XCategory/Common/all/SRCommon/SRIsrMonitor\
#        -Isource/XCategory/Common/all/SRCommon/SRPowerMgr\
#        -Isource/XCategory/Common/all/SRCommon/SRSignature\
#        -Isource/XCategory/Common/all/SRCommon/SRSystemConfig\
#        -Isource/XCategory/Common/all/SRCommon/SRTaskMonitor\
#        -Isource/XCategory/Common/all/SRCommon/SRTaskSequence\
#        -Isource/XCategory/Common/all/SRCommon/SRTimerReference\
#        -Isource/XCategory/Common/all/SRCommon/SRUnusedPinsConfig\
#        -Isource/XCategory/Common/all/SRMain\
#        -Isource/XCategory/Common/all/SRMain/BackgroundThreads\
#        -Isource/XCategory/Common/all/SRMain/OsServices\
#        -Isource/XCategory/Common/all/SRMain/StackAnalysis\
#        -Isource/XCategory/Common/all/SRMain/TimingAnalysis\
#        -Isource/XCategory/Driver/APIs/Atod\
#        -Isource/XCategory/Driver/APIs/Comparator\
#        -Isource/XCategory/Driver/APIs/DataFlash\
#        -Isource/XCategory/Driver/APIs/Dma\
#        -Isource/XCategory/Driver/APIs/Dtc\
#        -Isource/XCategory/Driver/APIs/Dtoa\
#        -Isource/XCategory/Driver/APIs/EmbOS\
#        -Isource/XCategory/Driver/APIs/ExtInterrupt\
#        -Isource/XCategory/Driver/APIs/Flash\
#        -Isource/XCategory/Driver/APIs/Gpio\
#        -Isource/XCategory/Driver/APIs/I2c\
#        -Isource/XCategory/Driver/APIs/IntMgr\
#        -Isource/XCategory/Driver/APIs/Micro\
#        -Isource/XCategory/Driver/APIs/MicroExt\
#        -Isource/XCategory/Driver/APIs/Rtc\
#        -Isource/XCategory/Driver/APIs/RTCDriver\
#        -Isource/XCategory/Driver/APIs/Spi\
#        -Isource/XCategory/Driver/APIs/Timeout\
#        -Isource/XCategory/Driver/APIs/Timer\
#        -Isource/XCategory/Driver/APIs/TimerInterrupt\
#        -Isource/XCategory/Driver/APIs/Touch\
#        -Isource/XCategory/Driver/APIs/Uart\
#        -Isource/XCategory/Hbl/acu/FdmCounter\
#        -Isource/XCategory/Hbl/acu/FdmTimer\
#        -Isource/XCategory/Hbl/acuexpacu/ACUGIHandler/ConvertGI\
#        -Isource/XCategory/Hbl/acuexpacu/ACUGIHandler/DirectGI\
#        -Isource/XCategory/Hbl/acuexpacu/ACUGIHandler/DoorSwitchGI\
#        -Isource/XCategory/Hbl/acuexpacu/ACUGIHandler/ProbeGI\
#        -Isource/XCategory/Hbl/acuexpacu/ACUGIHandler/ProbeLpsGI\
#        -Isource/XCategory/Hbl/acuexpacu/ACULoadHandler/DCFanLoad\
#        -Isource/XCategory/Hbl/acuexpacu/ACUPilotHandler/AnalogOutputPilot\
#        -Isource/XCategory/Hbl/acuexpacu/ACUPilotHandler/ChargePumpPilot\
#        -Isource/XCategory/Hbl/acuexpacu/ACUPilotHandler/DigitalOutputMultiPilot\
#        -Isource/XCategory/Hbl/acuexpacu/ACUPilotHandler/DigitalOutputPilot\
#        -Isource/XCategory/Hbl/acuexpacu/ACUPilotHandler/DoorLockEMPilot\
#        -Isource/XCategory/Hbl/acuexpacu/ACUPilotHandler/DoorLockWaxPilot\
#        -Isource/XCategory/Hbl/acuexpacu/ACUPilotHandler/ExpansionPilot\
#        -Isource/XCategory/Hbl/acuexpacu/ACUPilotHandler/ExternalMotorPilot\
#        -Isource/XCategory/Hbl/acuexpacu/ACUPilotHandler/FSMPilot\
#        -Isource/XCategory/Hbl/acuexpacu/ACUPilotHandler/MagnetronPilot\
#        -Isource/XCategory/Hbl/acuexpacu/ACUPilotHandler/MotorPilot\
#        -Isource/XCategory/Hbl/acuexpacu/ACUPilotHandler/MultiDriverPilot\
#        -Isource/XCategory/Hbl/acuexpacu/ACUPilotHandler/MultiSequencePilot\
#        -Isource/XCategory/Hbl/acuexpacu/ACUPilotHandler/NonfunctionalPilot\
#        -Isource/XCategory/Hbl/acuexpacu/ACUPilotHandler/PwmHiResPilot\
#        -Isource/XCategory/Hbl/acuexpacu/ACUPilotHandler/PwmPilot\
#        -Isource/XCategory/Hbl/acuexpacu/ACUPilotHandler/SRChargePumpPilot\
#        -Isource/XCategory/Hbl/acuexpacu/ACUPilotHandler/SRDigitalOutputMultiPilot\
#        -Isource/XCategory/Hbl/acuexpacu/ACUPilotHandler/SRDigitalOutputPilot\
#        -Isource/XCategory/Hbl/acuexpacu/ACUPilotHandler/SRDoorLockEMPilot\
#        -Isource/XCategory/Hbl/acuexpacu/ACUPilotHandler/SRDoorLockWaxPilot\
#        -Isource/XCategory/Hbl/acuexpacu/ACUPilotHandler/SRUMRelayPilot\
#        -Isource/XCategory/Hbl/acuexpacu/ACUPilotHandler/SteadyPwmProfilePilot\
#        -Isource/XCategory/Hbl/acuexpacu/ACUPilotHandler/StepperPilot\
#        -Isource/XCategory/Hbl/acuexpacu/ACUPilotHandler/TriacSwitchPilot\
#        -Isource/XCategory/Hbl/acuexpacu/ACUPilotHandler/ZCRelayPilot\
#        -Isource/XCategory/Hbl/acuexpacu/ACUPilotHandler/ZCTriacPilot\
#        -Isource/XCategory/Hbl/acuexpacu/HblAcu\
#        -Isource/XCategory/Hbl/acuexpacu/HblAcu/CrossLoads\
#        -Isource/XCategory/Hbl/acuexpacu/HblAcu/SetLoadQueue\
#        -Isource/XCategory/Hbl/acuexpacu/HblAcu/SRProductMgr\
#        -Isource/XCategory/Hbl/acuexpacu/HblAcu/ZeroCross\
#        -Isource/XCategory/Hbl/all/Hbl\
#        -Isource/XCategory/Hbl/all/Hbl/DefaultPin\
#        -Isource/XCategory/Hbl/all/Hbl/HblCommon\
#        -Isource/XCategory/Hbl/all/Hbl/VirtualPin\
#        -Isource/XCategory/Hbl/all/LLIHandler/AbsoluteHumidityLLI\
#        -Isource/XCategory/Hbl/all/LLIHandler/AccelerometerLLI\
#        -Isource/XCategory/Hbl/all/LLIHandler/AccelerometerLLI/AccelBaseline\
#        -Isource/XCategory/Hbl/all/LLIHandler/AccelerometerLLI/AccelDiscover\
#        -Isource/XCategory/Hbl/all/LLIHandler/AccelerometerLLI/FXLS8974\
#        -Isource/XCategory/Hbl/all/LLIHandler/AccelerometerLLI/FXLS8974/SelfTestFXLS8974\
#        -Isource/XCategory/Hbl/all/LLIHandler/AccelerometerLLI/LISxDH\
#        -Isource/XCategory/Hbl/all/LLIHandler/AnalogLLI\
#        -Isource/XCategory/Hbl/all/LLIHandler/ConductivityLLI\
#        -Isource/XCategory/Hbl/all/LLIHandler/DigitalLLI\
#        -Isource/XCategory/Hbl/all/LLIHandler/EncoderLLI\
#        -Isource/XCategory/Hbl/all/LLIHandler/ExpansionLLI\
#        -Isource/XCategory/Hbl/all/LLIHandler/FeedbackLLI\
#        -Isource/XCategory/Hbl/all/LLIHandler/I2CInfraredLLI\
#        -Isource/XCategory/Hbl/all/LLIHandler/I2CPressureSensorLLI\
#        -Isource/XCategory/Hbl/all/LLIHandler/I2CRHTSensorLLI\
#        -Isource/XCategory/Hbl/all/LLIHandler/InputCaptureLLI\
#        -Isource/XCategory/Hbl/all/LLIHandler/MultiInputLLI\
#        -Isource/XCategory/Hbl/all/LLIHandler/NonfunctionalLLI\
#        -Isource/XCategory/Hbl/all/LLIHandler/PulseCounterLLI\
#        -Isource/XCategory/Hbl/all/LLIHandler/SRAnalogLLI\
#        -Isource/XCategory/Hbl/all/LLIHandler/SRDigitalLLI\
#        -Isource/XCategory/Hbl/all/LLIHandler/SRFeedbackLLI\
#        -Isource/XCategory/Hbl/all/LLIHandler/SRI2CPressureSensorLLI\
#        -Isource/XCategory/Hbl/all/LLIHandler/SRICTachometerLLI\
#        -Isource/XCategory/Hbl/all/LLIHandler/SRInputCaptureLLI\
#        -Isource/XCategory/Hbl/all/LLIHandler/SRTouchKeyLLI\
#        -Isource/XCategory/Hbl/all/LLIHandler/SRTriacFeedbackLLI\
#        -Isource/XCategory/Hbl/all/LLIHandler/TouchKeyLLI\
#        -Isource/XCategory/Hbl/all/LLIHandler/TouchSliderLLI\
#        -Isource/XCategory/Hbl/all/LLIHandler/TouchWheelLLI\
#        -Isource/XCategory/Hbl/all/LLIHandler/TriacFeedbackLLI\
#        -Isource/XCategory/Hbl/all/LLIHandler/VirtualDigitalLLI\
#        -Isource/XCategory/Service/all/NVData\
#        -Isource/XCategory/Service/all/Reveal\
#        -Isource/XCategory/Service/all/Win\) -l
#        listings\SaltSensingMonitor.lst -o obj\SaltSensingMonitor.obj
#        source/Category/Application/acu/Monitors/SaltSensingMonitor/SaltSensingMonitor.c
#    Locale       =  English_United States.1252
#    List file    =  listings\SaltSensingMonitor.lst
#    Object file  =  obj\SaltSensingMonitor.obj
#
###############################################################################

C:\Data\Nucleus_Dev\Vostok_ACU_A\source\Category\Application\acu\Monitors\SaltSensingMonitor\SaltSensingMonitor.c
      1          /**
      2           *  @file		SaltSensingMonitor.c
      3           *
      4           *  @brief		It implements the execution of the Salt Sensing Monitor.
      5           *
      6           *  @details	It manages the reading of the Salt Sensor and updates the status of Salt_Alarm_Led
      7           *  			variable according to the requirements.
      8           *
      9           *
     10           *  @copyright  Copyright 2017-$Date$. Whirlpool Corporation. All rights reserved - CONFIDENTIAL
     11           */
     12          //---------------------------------------------------------------------------------------------------------------------
     13          //---------------------------------------------------------------------------------------------------------------------
     14          
     15          
     16          //-------------------------------------- Include Files ----------------------------------------------------------------
     17          // -- This Module --
     18          #include "SystemConfig.h"
     19          #include "SaltSensingMonitor.h"
     20          
     21          // -- Other Modules --
     22          #include "Hbl.h"
     23          #include "Log.h"
     24          #include "Micro.h"
     25          #include "NVData.h"
     26          #include "Regenerate.h"
     27          #include "SettingFile.h"
     28          #include "Supervisor.h"
     29          
     30          
     31          //-------------------------------------- PUBLIC (Variables) -----------------------------------------------------------
     32          //! Status of the Salt Alarm LED to be communicated to the HMI

   \                                 In section .bss, align 4
     33          SALT_ALARM_LED_STATE_TYPE Salt_Alarm_Led;
     34          
     35          
     36          //-------------------------------------- PRIVATE (Variables, Constants & Defines) -------------------------------------
     37          //! The name of this module to be used by the Log module.
     38          #define MODULE_NAME MODULE_SALT_SENSING_MONITOR
     39          
     40          //! The number of times that the SaltSensingMonitor__Execution function will be called every second while running.
     41          #define SALT_SENSING_MONITOR_CALLS_PER_SECOND 	10
     42          
     43          // If the call rate of the monitor is different from 10, Salt_Stability_Counter has to be rescaled
     44          CT_ASSERT(SALT_SENSING_MONITOR_CALLS_PER_SECOND == 10);
     45          
     46          //! A list of log message IDs that are generated by this module.
     47          typedef enum MODULE_SALT_SENSING_MONITOR_LOG_MESSAGE_ID_ENUM
     48          {
     49          	ERROR_MISSING_PARAMETERS  = 1,
     50          } MODULE_SALT_SENSING_MONITOR_LOG_MESSAGE_ID_TYPE;
     51          
     52          typedef struct SALT_SENSOR_DATA_STRUCT
     53          {
     54          	WATER_SOFTENER_SF_PARAMS_TYPE* Water_Softener_Params_Ptr;
     55          	SALT_SENSOR_STATE_TYPE Salt_GI_Unfiltered;
     56          	SALT_SENSOR_STATE_TYPE Salt_GI_Filtered;
     57          	uint8 Salt_Stability_Counter;
     58          } SALT_SENSOR_DATA_TYPE;
     59          
     60          typedef struct SALT_SENSOR_NV_DATA_STRUCT
     61          {
     62          	SALT_SENSOR_STATE_TYPE Prev_Salt_GI_Filtered;
     63          } SALT_SENSOR_NV_DATA_TYPE;
     64          
     65          //! Volatile data for Salt Sensor management
     66          static SALT_SENSOR_DATA_TYPE Salt_Sensor_Data;
   \                     Salt_Sensor_Data:
   \   00000000                      DS8 8
   \                     Salt_Alarm_Led:
   \   00000008                      DS8 1
     67          
     68          //! Non Volatile data for Salt Sensor management
     69          #pragma location = "_appliance_segment"

   \                                 In section _appliance_segment, align 4
     70          static SALT_SENSOR_NV_DATA_TYPE Salt_Sensor_NV_Data;
   \                     Salt_Sensor_NV_Data:
   \   00000000                      DS8 4
     71          
     72          
     73          //-------------------------------------- PRIVATE (Function Prototypes) ------------------------------------------------
     74          void UpdatSaltAlarmLedStatus(void);
     75          
     76          //=====================================================================================================================
     77          //-------------------------------------- Public Functions -------------------------------------------------------------
     78          //=====================================================================================================================
     79          
     80          //----------------------------------------------------------------------------
     81          /**
     82           * It initializes the Salt Sensing Monitor and its data, also loading data from setting file.
     83           *
     84           * @return None
     85           *
     86           */

   \                                 In section .text, align 2, keep-with-next
     87          void SaltSensingMonitor__Initialize(void)
     88          {
   \                     SaltSensingMonitor__Initialize: (+1)
   \   00000000   0xB530             PUSH     {R4,R5,LR}
   \   00000002   0xB083             SUB      SP,SP,#+12
     89          	SETTINGFILE_LOADER_TYPE loader;
     90          
     91          	if (Micro__GetResetMode() == MICRO_RESET_MODE_COLD)
   \   00000004   0x.... 0x....      BL       Micro__GetResetMode
   \   00000008   0x2800             CMP      R0,#+0
   \   0000000A   0xD123             BNE      ??SaltSensingMonitor__Initialize_0
     92          	{
     93          		Salt_Alarm_Led = SALT_ALARM_LED_STATE_OFF; // Default initialization if Salt Sensor Input is not present
   \   0000000C   0x2400             MOVS     R4,#+0
   \   0000000E   0x....             LDR      R5,??DataTable4
   \   00000010   0x0020             MOVS     R0,R4
   \   00000012   0x7228             STRB     R0,[R5, #+8]
     94          		Salt_Sensor_Data.Salt_GI_Unfiltered = SALT_SENSOR_INVALID_VALUE; // To force restart stability counter when the first valid read is done
   \   00000014   0x2002             MOVS     R0,#+2
   \   00000016   0x7128             STRB     R0,[R5, #+4]
     95          		Salt_Sensor_Data.Salt_GI_Filtered = SALT_SENSOR_INVALID_VALUE;
   \   00000018   0x7168             STRB     R0,[R5, #+5]
     96          		if (NVData__GetLastRestoreStatus()->Bit.Appliance_Data_Recovered != (NVDATA_RESTORE_TYPE)NVDATA_RESTORE_OKAY)
   \   0000001A   0x.... 0x....      BL       NVData__GetLastRestoreStatus
   \   0000001E   0x7800             LDRB     R0,[R0, #+0]
   \   00000020   0x0780             LSLS     R0,R0,#+30
   \   00000022   0x0F80             LSRS     R0,R0,#+30
   \   00000024   0x2801             CMP      R0,#+1
   \   00000026   0xD002             BEQ      ??SaltSensingMonitor__Initialize_1
     97          		{
     98          			Salt_Sensor_NV_Data.Prev_Salt_GI_Filtered = SALT_NOT_PRESENT; // To detect a salt rising edge if the customer refill the salt tank
   \   00000028   0x0020             MOVS     R0,R4
   \   0000002A   0x....             LDR      R1,??DataTable4_1
   \   0000002C   0x7008             STRB     R0,[R1, #+0]
     99          		}
    100          
    101          		Salt_Sensor_Data.Salt_Stability_Counter = 0;
   \                     ??SaltSensingMonitor__Initialize_1: (+1)
   \   0000002E   0x0020             MOVS     R0,R4
   \   00000030   0x71A8             STRB     R0,[R5, #+6]
    102          
    103          		// Get the required parameters from the setting file.
    104          		if (SettingFile__BasicLoader(SF_PTR_ACU_ALGORITHM_PARAMETERS, DSPL_WATER_SOFTENER, &loader) == PASS)
   \   00000032   0x466A             MOV      R2,SP
   \   00000034   0x210C             MOVS     R1,#+12
   \   00000036   0x2027             MOVS     R0,#+39
   \   00000038   0x.... 0x....      BL       SettingFile__BasicLoader
   \   0000003C   0x2801             CMP      R0,#+1
   \   0000003E   0xD102             BNE      ??SaltSensingMonitor__Initialize_2
    105          		{
    106          			Salt_Sensor_Data.Water_Softener_Params_Ptr = (WATER_SOFTENER_SF_PARAMS_TYPE *)(void*)loader.Data;
   \   00000040   0x9800             LDR      R0,[SP, #+0]
   \   00000042   0x6028             STR      R0,[R5, #+0]
   \   00000044   0xBD37             POP      {R0-R2,R4,R5,PC}
    107          		}
    108          		else
    109          		{
    110          			// Parameters missing
    111          			Salt_Sensor_Data.Water_Softener_Params_Ptr = (WATER_SOFTENER_SF_PARAMS_TYPE *)NULL;
   \                     ??SaltSensingMonitor__Initialize_2: (+1)
   \   00000046   0x602C             STR      R4,[R5, #+0]
    112          
    113          			LOG_ADD_EXCEPTION(ERROR_MISSING_PARAMETERS, DSPL_WATER_SOFTENER);
   \   00000048   0x230C             MOVS     R3,#+12
   \   0000004A   0x2201             MOVS     R2,#+1
   \   0000004C   0x4611             MOV      R1,R2
   \   0000004E   0x204B             MOVS     R0,#+75
   \   00000050   0x.... 0x....      BL       Log__AddMessage
    114          		}
    115          	}
    116          }
   \                     ??SaltSensingMonitor__Initialize_0: (+1)
   \   00000054   0xBD37             POP      {R0-R2,R4,R5,PC}  ;; return
    117          
    118          
    119          //----------------------------------------------------------------------------
    120          /**
    121           * It implements the execution of the Salt Sensing Monitor.
    122           * It manages the reading of the Salt Sensor and updates the status of Salt_Alarm_Led variable according to the requirements.
    123           *
    124           * @return None
    125           *
    126           */

   \                                 In section .text, align 2, keep-with-next
    127          void SaltSensingMonitor__Execution(void)
    128          {
   \                     SaltSensingMonitor__Execution: (+1)
   \   00000000   0xB538             PUSH     {R3-R5,LR}
    129          	uint8 salt_gi_index;
    130          	uint8 salt_input_activation_load_index;
    131          	uint8 salt_gi_sequence_id;
    132          	SALT_SENSOR_STATE_TYPE salt_GI_value;
    133          
    134          	salt_gi_index = Hbl__GetGIIndexByGIID(HBL_GI_SALT);
   \   00000002   0x2012             MOVS     R0,#+18
   \   00000004   0x.... 0x....      BL       Hbl__GetGIIndexByGIID
   \   00000008   0x0005             MOVS     R5,R0
    135          	if ((salt_gi_index != (uint8)HBL_INDEX_INVALID) && (Salt_Sensor_Data.Water_Softener_Params_Ptr != NULL))
   \   0000000A   0x2DFF             CMP      R5,#+255
   \   0000000C   0xD05D             BEQ      ??SaltSensingMonitor__Execution_0
   \   0000000E   0x....             LDR      R4,??DataTable4
   \   00000010   0x6820             LDR      R0,[R4, #+0]
   \   00000012   0x2800             CMP      R0,#+0
   \   00000014   0xD059             BEQ      ??SaltSensingMonitor__Execution_0
    136          	{
    137          		salt_input_activation_load_index = Hbl__GetLoadIndexByLoadID(HBL_LOAD_SALT_INPUT_ACTIVATION);
   \   00000016   0x2032             MOVS     R0,#+50
   \   00000018   0x.... 0x....      BL       Hbl__GetLoadIndexByLoadID
    138          
    139          		if ((salt_input_activation_load_index == (uint8)HBL_INDEX_INVALID) || (*((uint8 *)Hbl__GetProcessedLoad(salt_input_activation_load_index)) != (uint8)OFF))
   \   0000001C   0x28FF             CMP      R0,#+255
   \   0000001E   0xD004             BEQ      ??SaltSensingMonitor__Execution_1
   \   00000020   0x.... 0x....      BL       Hbl__GetProcessedLoad
   \   00000024   0x7800             LDRB     R0,[R0, #+0]
   \   00000026   0x2800             CMP      R0,#+0
   \   00000028   0xD01A             BEQ      ??SaltSensingMonitor__Execution_2
    140          		{
    141          			// Salt input activation load absent or present and activated: salt input can be read
    142          			salt_gi_sequence_id = Hbl__GetGISequenceIDByIndex(salt_gi_index);
    143          			if (salt_gi_sequence_id > (uint8)0)
   \                     ??SaltSensingMonitor__Execution_1: (+1)
   \   0000002A   0x0028             MOVS     R0,R5
   \   0000002C   0x.... 0x....      BL       Hbl__GetGISequenceIDByIndex
   \   00000030   0x2800             CMP      R0,#+0
   \   00000032   0xD019             BEQ      ??SaltSensingMonitor__Execution_3
    144          			{
    145          				salt_GI_value = (SALT_SENSOR_STATE_TYPE)Hbl__GetGIDataConvertedByIndex(salt_gi_index);
   \   00000034   0x0028             MOVS     R0,R5
   \   00000036   0x.... 0x....      BL       Hbl__GetGIDataConvertedByIndex
    146          
    147          				if (salt_GI_value < SALT_SENSOR_INVALID_VALUE )
   \   0000003A   0xB2C0             UXTB     R0,R0
   \   0000003C   0x2802             CMP      R0,#+2
   \   0000003E   0xDA0D             BGE      ??SaltSensingMonitor__Execution_4
    148          				{
    149          					if (salt_GI_value != Salt_Sensor_Data.Salt_GI_Unfiltered)
   \   00000040   0x0001             MOVS     R1,R0
   \   00000042   0x7922             LDRB     R2,[R4, #+4]
   \   00000044   0x4291             CMP      R1,R2
   \   00000046   0xD002             BEQ      ??SaltSensingMonitor__Execution_5
    150          					{
    151          						// Restart stability counter
    152          						Salt_Sensor_Data.Salt_Stability_Counter = Salt_Sensor_Data.Water_Softener_Params_Ptr->Salt_Input_Stability_Time;
   \   00000048   0x6821             LDR      R1,[R4, #+0]
   \   0000004A   0x7989             LDRB     R1,[R1, #+6]
   \   0000004C   0x71A1             STRB     R1,[R4, #+6]
    153          					}
    154          
    155          					// Check stability counter
    156          					if (Salt_Sensor_Data.Salt_Stability_Counter > (uint8)0)
   \                     ??SaltSensingMonitor__Execution_5: (+1)
   \   0000004E   0x79A1             LDRB     R1,[R4, #+6]
   \   00000050   0x000A             MOVS     R2,R1
   \   00000052   0xD002             BEQ      ??SaltSensingMonitor__Execution_6
    157          					{
    158          						Salt_Sensor_Data.Salt_Stability_Counter --;
   \   00000054   0x1E49             SUBS     R1,R1,#+1
   \   00000056   0x71A1             STRB     R1,[R4, #+6]
   \   00000058   0xE000             B        ??SaltSensingMonitor__Execution_4
    159          					}
    160          					else
    161          					{
    162          						Salt_Sensor_Data.Salt_GI_Filtered = salt_GI_value;
   \                     ??SaltSensingMonitor__Execution_6: (+1)
   \   0000005A   0x7160             STRB     R0,[R4, #+5]
    163          					}
    164          				}
    165          				Salt_Sensor_Data.Salt_GI_Unfiltered = salt_GI_value;
   \                     ??SaltSensingMonitor__Execution_4: (+1)
   \   0000005C   0x7120             STRB     R0,[R4, #+4]
   \   0000005E   0xE003             B        ??SaltSensingMonitor__Execution_3
    166          			}
    167          		}
    168          		else
    169          		{
    170          			// Salt input activation load present and not activated: salt input is considered not valid
    171          			Salt_Sensor_Data.Salt_GI_Unfiltered = SALT_SENSOR_INVALID_VALUE; // To force restart stability counter when the first valid read is done
   \                     ??SaltSensingMonitor__Execution_2: (+1)
   \   00000060   0x2002             MOVS     R0,#+2
   \   00000062   0x0001             MOVS     R1,R0
   \   00000064   0x7121             STRB     R1,[R4, #+4]
    172          			Salt_Sensor_Data.Salt_GI_Filtered = SALT_SENSOR_INVALID_VALUE;
   \   00000066   0x7160             STRB     R0,[R4, #+5]
    173          		}
    174          
    175          
    176          		// Update Salt rising and falling edges
    177          		if (Salt_Sensor_Data.Salt_GI_Filtered < SALT_SENSOR_INVALID_VALUE)
   \                     ??SaltSensingMonitor__Execution_3: (+1)
   \   00000068   0x7960             LDRB     R0,[R4, #+5]
   \   0000006A   0x0001             MOVS     R1,R0
   \   0000006C   0x2902             CMP      R1,#+2
   \   0000006E   0xDA2A             BGE      ??SaltSensingMonitor__Execution_7
    178          		{
    179          			if (Salt_Sensor_Data.Salt_GI_Filtered != Salt_Sensor_NV_Data.Prev_Salt_GI_Filtered)
   \   00000070   0x....             LDR      R5,??DataTable4_1
   \   00000072   0x782A             LDRB     R2,[R5, #+0]
   \   00000074   0x4290             CMP      R0,R2
   \   00000076   0xD026             BEQ      ??SaltSensingMonitor__Execution_7
    180          			{
    181          				if (Salt_Sensor_Data.Salt_GI_Filtered == SALT_PRESENT)
   \   00000078   0x2901             CMP      R1,#+1
   \   0000007A   0xD111             BNE      ??SaltSensingMonitor__Execution_8
    182          				{
    183          					// Salt Rising edge
    184          					if (((uint8)Regenerate__GetBitmapBit(SALT_RISING_EDGE) == (uint8)TRUE) && ((uint8)Regenerate__GetBitmapBit(SALT_FALLING_EDGE) == (uint8)TRUE))
   \   0000007C   0x2002             MOVS     R0,#+2
   \   0000007E   0x.... 0x....      BL       Regenerate__GetBitmapBit
   \   00000082   0x2801             CMP      R0,#+1
   \   00000084   0xD108             BNE      ??SaltSensingMonitor__Execution_9
   \   00000086   0x2003             MOVS     R0,#+3
   \   00000088   0x.... 0x....      BL       Regenerate__GetBitmapBit
   \   0000008C   0x2801             CMP      R0,#+1
   \   0000008E   0xD103             BNE      ??SaltSensingMonitor__Execution_9
    185          					{
    186          						Regenerate__ClearBitmapBit(SALT_FALLING_EDGE);
   \   00000090   0x2003             MOVS     R0,#+3
   \   00000092   0x.... 0x....      BL       Regenerate__ClearBitmapBit
   \   00000096   0xE014             B        ??SaltSensingMonitor__Execution_10
    187          					}
    188          					else
    189          					{
    190          						Regenerate__SetBitmapBit(SALT_RISING_EDGE);
   \                     ??SaltSensingMonitor__Execution_9: (+1)
   \   00000098   0x2002             MOVS     R0,#+2
   \   0000009A   0x.... 0x....      BL       Regenerate__SetBitmapBit
   \   0000009E   0xE010             B        ??SaltSensingMonitor__Execution_10
    191          					}
    192          				}
    193          				else
    194          				{
    195          					// Salt Falling edge
    196          					if (((uint8)Regenerate__GetBitmapBit(SALT_RISING_EDGE) == (uint8)TRUE) && ((uint8)Regenerate__GetBitmapBit(SALT_FALLING_EDGE) == (uint8)TRUE))
   \                     ??SaltSensingMonitor__Execution_8: (+1)
   \   000000A0   0x2002             MOVS     R0,#+2
   \   000000A2   0x.... 0x....      BL       Regenerate__GetBitmapBit
   \   000000A6   0x2801             CMP      R0,#+1
   \   000000A8   0xD108             BNE      ??SaltSensingMonitor__Execution_11
   \   000000AA   0x2003             MOVS     R0,#+3
   \   000000AC   0x.... 0x....      BL       Regenerate__GetBitmapBit
   \   000000B0   0x2801             CMP      R0,#+1
   \   000000B2   0xD103             BNE      ??SaltSensingMonitor__Execution_11
    197          					{
    198          						Regenerate__ClearBitmapBit(SALT_RISING_EDGE);
   \   000000B4   0x2002             MOVS     R0,#+2
   \   000000B6   0x.... 0x....      BL       Regenerate__ClearBitmapBit
   \   000000BA   0xE002             B        ??SaltSensingMonitor__Execution_10
    199          					}
    200          					else
    201          					{
    202          						Regenerate__SetBitmapBit(SALT_FALLING_EDGE);
   \                     ??SaltSensingMonitor__Execution_11: (+1)
   \   000000BC   0x2003             MOVS     R0,#+3
   \   000000BE   0x.... 0x....      BL       Regenerate__SetBitmapBit
    203          					}
    204          				}
    205          
    206          				Salt_Sensor_NV_Data.Prev_Salt_GI_Filtered = Salt_Sensor_Data.Salt_GI_Filtered;
   \                     ??SaltSensingMonitor__Execution_10: (+1)
   \   000000C2   0x7960             LDRB     R0,[R4, #+5]
   \   000000C4   0x7028             STRB     R0,[R5, #+0]
    207          			}
    208          		}
    209          
    210          		// Update Salt_Alarm_Led based on Salt_GI_Filtered
    211          		UpdatSaltAlarmLedStatus();
   \                     ??SaltSensingMonitor__Execution_7: (+1)
   \   000000C6   0x.... 0x....      BL       UpdatSaltAlarmLedStatus
    212          	}
    213          	else
    214          	{
    215          		// Salt sensor not present or setting file parameters missing, do nothing
    216          	}
    217          }
   \                     ??SaltSensingMonitor__Execution_0: (+1)
   \   000000CA   0xBD31             POP      {R0,R4,R5,PC}    ;; return
    218          
    219          
    220          /**
    221           * It returns the filtered value of the Salt GI
    222           *
    223           */

   \                                 In section .text, align 2, keep-with-next
    224          SALT_SENSOR_STATE_TYPE SaltSensingMonitor__GetSaltGIFiltered(void)
    225          {
    226          	return Salt_Sensor_Data.Salt_GI_Filtered;
   \                     SaltSensingMonitor__GetSaltGIFiltered: (+1)
   \   00000000   0x....             LDR      R0,??DataTable4
   \   00000002   0x7940             LDRB     R0,[R0, #+5]
   \   00000004   0x4770             BX       LR               ;; return
    227          
    228          }
    229          
    230          /**
    231           * It returns the last valid filtered value of the Salt GI. It may differs from Salt_GI_Filtered if
    232           * this is INVALID, typically after a cold reset or after the Salt input activation load has been
    233           * deactivated.
    234           *
    235           */

   \                                 In section .text, align 2, keep-with-next
    236          SALT_SENSOR_STATE_TYPE SaltSensingMonitor__GetPrevSaltGIFiltered(void)
    237          {
    238          	return Salt_Sensor_NV_Data.Prev_Salt_GI_Filtered;
   \                     SaltSensingMonitor__GetPrevSaltGIFiltered: (+1)
   \   00000000   0x....             LDR      R0,??DataTable4_1
   \   00000002   0x7800             LDRB     R0,[R0, #+0]
   \   00000004   0x4770             BX       LR               ;; return
    239          }
    240          
    241          //=====================================================================================================================
    242          //-------------------------------------- Private Functions ------------------------------------------------------------
    243          //=====================================================================================================================
    244          

   \                                 In section .text, align 2, keep-with-next
    245          void UpdatSaltAlarmLedStatus(void)
    246          {
   \                     UpdatSaltAlarmLedStatus: (+1)
   \   00000000   0xB5FE             PUSH     {R1-R7,LR}
    247          	SALT_ALARM_LED_STATE_TYPE salt_alm_led;
    248          
    249          	salt_alm_led = SALT_ALARM_LED_STATE_OFF; // Default assignment to save code
   \   00000002   0x2500             MOVS     R5,#+0
   \   00000004   0x002C             MOVS     R4,R5
    250          
    251          	if ((uint8)Supervisor__IsTestCycleActive() == (uint8)TRUE)
   \   00000006   0x....             LDR      R7,??DataTable4
   \   00000008   0x.... 0x....      BL       Supervisor__IsTestCycleActive
   \   0000000C   0x2801             CMP      R0,#+1
   \   0000000E   0xD104             BNE      ??UpdatSaltAlarmLedStatus_0
    252          	{
    253          		if (Salt_Sensor_Data.Salt_GI_Unfiltered == SALT_PRESENT)
   \   00000010   0x7938             LDRB     R0,[R7, #+4]
   \   00000012   0x2801             CMP      R0,#+1
   \   00000014   0xD14A             BNE      ??UpdatSaltAlarmLedStatus_1
    254          		{
    255          			salt_alm_led = SALT_ALARM_LED_STATE_SOLID_ON;
   \   00000016   0x2401             MOVS     R4,#+1
   \   00000018   0xE048             B        ??UpdatSaltAlarmLedStatus_1
    256          		}
    257          		else
    258          		{
    259          			// SALT_ALARM_LED_STATE_OFF;
    260          		}
    261          	}
    262          	else
    263          	{
    264          		uint8 water_hardness_func_pos = Regulations__GetPositionByFunctionID(FUNC_ID_WATER_HARDNESS_LEVEL, COMPARTMENT_DEFAULT);
   \                     ??UpdatSaltAlarmLedStatus_0: (+1)
   \   0000001A   0x4621             MOV      R1,R4
   \   0000001C   0x203C             MOVS     R0,#+60
   \   0000001E   0x.... 0x....      BL       Regulations__GetPositionByFunctionID
   \   00000022   0x4669             MOV      R1,SP
   \   00000024   0x7208             STRB     R0,[R1, #+8]
    265          		BOOL_TYPE force_salt_alm_led_off = FALSE;
    266          		SALT_SENSOR_STATE_TYPE salt_GI_value;
    267          		uint8 n_reg_max_on = Salt_Sensor_Data.Water_Softener_Params_Ptr->N_Reg_Max_On;
   \   00000026   0x6838             LDR      R0,[R7, #+0]
   \   00000028   0x7901             LDRB     R1,[R0, #+4]
   \   0000002A   0x9101             STR      R1,[SP, #+4]
    268          		uint8 n_reg_max_blink = Salt_Sensor_Data.Water_Softener_Params_Ptr->N_Reg_Max_Blink;
   \   0000002C   0x7940             LDRB     R0,[R0, #+5]
   \   0000002E   0x9000             STR      R0,[SP, #+0]
    269          		uint8 n_reg_max = Regenerate__GetNumRegeneration();
   \   00000030   0x.... 0x....      BL       Regenerate__GetNumRegeneration
   \   00000034   0x0006             MOVS     R6,R0
    270          
    271          		if (water_hardness_func_pos < Regulations__GetTotalSize())
   \   00000036   0x.... 0x....      BL       Regulations__GetTotalSize
   \   0000003A   0x4669             MOV      R1,SP
   \   0000003C   0x7A09             LDRB     R1,[R1, #+8]
   \   0000003E   0x4281             CMP      R1,R0
   \   00000040   0xD205             BCS      ??UpdatSaltAlarmLedStatus_2
    272          		{
    273          			// Water Hardness function is present in setting file
    274          
    275          			if (Regulations__GetMainValueByPosition(water_hardness_func_pos) == 0)
   \   00000042   0x4608             MOV      R0,R1
   \   00000044   0x.... 0x....      BL       Regulations__GetMainValueByPosition
   \   00000048   0x2800             CMP      R0,#+0
   \   0000004A   0xD100             BNE      ??UpdatSaltAlarmLedStatus_2
    276          			{
    277          				force_salt_alm_led_off = TRUE;
   \   0000004C   0x2501             MOVS     R5,#+1
    278          			}
    279          		}
    280          
    281          		if (Salt_Sensor_Data.Salt_GI_Filtered != SALT_SENSOR_INVALID_VALUE)
   \                     ??UpdatSaltAlarmLedStatus_2: (+1)
   \   0000004E   0x7978             LDRB     R0,[R7, #+5]
   \   00000050   0x2802             CMP      R0,#+2
   \   00000052   0xD101             BNE      ??UpdatSaltAlarmLedStatus_3
    282          		{
    283          			// First filtered read of Salt GI available
    284          			salt_GI_value = Salt_Sensor_Data.Salt_GI_Filtered;
    285          		}
    286          		else
    287          		{
    288          			// First filtered read of Salt GI not available, use last filtered read
    289          			salt_GI_value = Salt_Sensor_NV_Data.Prev_Salt_GI_Filtered;
   \   00000054   0x....             LDR      R0,??DataTable4_1
   \   00000056   0x7800             LDRB     R0,[R0, #+0]
    290          		}
    291          
    292          
    293          		if ((salt_GI_value == SALT_NOT_PRESENT) && (force_salt_alm_led_off == FALSE))
   \                     ??UpdatSaltAlarmLedStatus_3: (+1)
   \   00000058   0x2800             CMP      R0,#+0
   \   0000005A   0xD127             BNE      ??UpdatSaltAlarmLedStatus_1
   \   0000005C   0x2D00             CMP      R5,#+0
   \   0000005E   0xD125             BNE      ??UpdatSaltAlarmLedStatus_1
    294          		{
    295          			// Check thresholds
    296          			if (n_reg_max_on == (uint8)0)
   \   00000060   0x9801             LDR      R0,[SP, #+4]
   \   00000062   0x2800             CMP      R0,#+0
   \   00000064   0x9800             LDR      R0,[SP, #+0]
   \   00000066   0xD105             BNE      ??UpdatSaltAlarmLedStatus_4
    297          			{
    298          				if (n_reg_max_blink != (uint8)0)
   \   00000068   0x2800             CMP      R0,#+0
   \   0000006A   0xD01F             BEQ      ??UpdatSaltAlarmLedStatus_1
    299          				{
    300          					if (n_reg_max >= n_reg_max_blink)
   \   0000006C   0x4286             CMP      R6,R0
   \   0000006E   0xDB1D             BLT      ??UpdatSaltAlarmLedStatus_1
    301          					{
    302          						salt_alm_led = SALT_ALARM_LED_STATE_BLINK;
   \   00000070   0x2402             MOVS     R4,#+2
   \   00000072   0xE01B             B        ??UpdatSaltAlarmLedStatus_1
    303          					}
    304          					else
    305          					{
    306          						// SALT_ALARM_LED_STATE_OFF;
    307          					}
    308          				}
    309          				else
    310          				{
    311          					// Both thresholds == 0, SALT_ALARM_LED_STATE_OFF;
    312          				}
    313          			}
    314          			else if (n_reg_max_blink == (uint8)0)
   \                     ??UpdatSaltAlarmLedStatus_4: (+1)
   \   00000074   0x2800             CMP      R0,#+0
   \   00000076   0x9801             LDR      R0,[SP, #+4]
   \   00000078   0xD103             BNE      ??UpdatSaltAlarmLedStatus_5
    315          			{
    316          				// n_reg_max_on for sure != 0
    317          				if (n_reg_max >= n_reg_max_on)
   \   0000007A   0x4286             CMP      R6,R0
   \   0000007C   0xDB16             BLT      ??UpdatSaltAlarmLedStatus_1
    318          				{
    319          					salt_alm_led = SALT_ALARM_LED_STATE_SOLID_ON;
   \   0000007E   0x2401             MOVS     R4,#+1
   \   00000080   0xE014             B        ??UpdatSaltAlarmLedStatus_1
    320          				}
    321          				else
    322          				{
    323          					// SALT_ALARM_LED_STATE_OFF;
    324          				}
    325          			}
    326          			else if (n_reg_max_on >= n_reg_max_blink)
   \                     ??UpdatSaltAlarmLedStatus_5: (+1)
   \   00000082   0x9900             LDR      R1,[SP, #+0]
   \   00000084   0x4288             CMP      R0,R1
   \   00000086   0xDB08             BLT      ??UpdatSaltAlarmLedStatus_6
    327          			{
    328          				if (n_reg_max >= n_reg_max_on)
   \   00000088   0x4286             CMP      R6,R0
   \   0000008A   0xDB01             BLT      ??UpdatSaltAlarmLedStatus_7
    329          				{
    330          					salt_alm_led = SALT_ALARM_LED_STATE_SOLID_ON;
   \   0000008C   0x2401             MOVS     R4,#+1
   \   0000008E   0xE00D             B        ??UpdatSaltAlarmLedStatus_1
    331          				}
    332          				else if (n_reg_max >= n_reg_max_blink)
   \                     ??UpdatSaltAlarmLedStatus_7: (+1)
   \   00000090   0x4608             MOV      R0,R1
   \   00000092   0x4286             CMP      R6,R0
   \   00000094   0xDB0A             BLT      ??UpdatSaltAlarmLedStatus_1
    333          				{
    334          					salt_alm_led = SALT_ALARM_LED_STATE_BLINK;
   \   00000096   0x2402             MOVS     R4,#+2
   \   00000098   0xE008             B        ??UpdatSaltAlarmLedStatus_1
    335          				}
    336          				else
    337          				{
    338          					// SALT_ALARM_LED_STATE_OFF;
    339          				}
    340          			}
    341          			else
    342          			{
    343          				// n_reg_max_blink > n_reg_max_on
    344          				if (n_reg_max >= n_reg_max_blink)
   \                     ??UpdatSaltAlarmLedStatus_6: (+1)
   \   0000009A   0x4608             MOV      R0,R1
   \   0000009C   0x4286             CMP      R6,R0
   \   0000009E   0xDB01             BLT      ??UpdatSaltAlarmLedStatus_8
    345          				{
    346          					salt_alm_led = SALT_ALARM_LED_STATE_BLINK;
   \   000000A0   0x2402             MOVS     R4,#+2
   \   000000A2   0xE003             B        ??UpdatSaltAlarmLedStatus_1
    347          				}
    348          				else if (n_reg_max >= n_reg_max_on)
   \                     ??UpdatSaltAlarmLedStatus_8: (+1)
   \   000000A4   0x9801             LDR      R0,[SP, #+4]
   \   000000A6   0x4286             CMP      R6,R0
   \   000000A8   0xDB00             BLT      ??UpdatSaltAlarmLedStatus_1
    349          				{
    350          					salt_alm_led = SALT_ALARM_LED_STATE_SOLID_ON;
   \   000000AA   0x2401             MOVS     R4,#+1
    351          				}
    352          				else
    353          				{
    354          					// SALT_ALARM_LED_STATE_OFF;
    355          				}
    356          			}
    357          		}
    358          		else
    359          		{
    360          			// SALT_ALARM_LED_STATE_OFF;
    361          		}
    362          	}
    363          
    364          	Salt_Alarm_Led = salt_alm_led;
   \                     ??UpdatSaltAlarmLedStatus_1: (+1)
   \   000000AC   0x723C             STRB     R4,[R7, #+8]
    365          }
   \   000000AE   0xBDF7             POP      {R0-R2,R4-R7,PC}  ;; return

   \                                 In section .text, align 4, keep-with-next
   \                     ??DataTable4:
   \   00000000   0x........         DC32     Salt_Sensor_Data

   \                                 In section .text, align 4, keep-with-next
   \                     ??DataTable4_1:
   \   00000000   0x........         DC32     Salt_Sensor_NV_Data
    366          

   Maximum stack usage in bytes:

   .cstack Function
   ------- --------
      16   SaltSensingMonitor__Execution
        16   -> Hbl__GetGIDataConvertedByIndex
        16   -> Hbl__GetGIIndexByGIID
        16   -> Hbl__GetGISequenceIDByIndex
        16   -> Hbl__GetLoadIndexByLoadID
        16   -> Hbl__GetProcessedLoad
        16   -> Regenerate__ClearBitmapBit
        16   -> Regenerate__GetBitmapBit
        16   -> Regenerate__SetBitmapBit
        16   -> UpdatSaltAlarmLedStatus
       0   SaltSensingMonitor__GetPrevSaltGIFiltered
       0   SaltSensingMonitor__GetSaltGIFiltered
      24   SaltSensingMonitor__Initialize
        24   -> Log__AddMessage
        24   -> Micro__GetResetMode
        24   -> NVData__GetLastRestoreStatus
        24   -> SettingFile__BasicLoader
      32   UpdatSaltAlarmLedStatus
        32   -> Regenerate__GetNumRegeneration
        32   -> Regulations__GetMainValueByPosition
        32   -> Regulations__GetPositionByFunctionID
        32   -> Regulations__GetTotalSize
        32   -> Supervisor__IsTestCycleActive


   Section sizes:

   Bytes  Function/Label
   -----  --------------
       4  ??DataTable4
       4  ??DataTable4_1
     204  SaltSensingMonitor__Execution
       6  SaltSensingMonitor__GetPrevSaltGIFiltered
       6  SaltSensingMonitor__GetSaltGIFiltered
      86  SaltSensingMonitor__Initialize
       9  Salt_Sensor_Data
          Salt_Alarm_Led
       4  Salt_Sensor_NV_Data
     176  UpdatSaltAlarmLedStatus

 
   9 bytes in section .bss
 486 bytes in section .text
   4 bytes in section _appliance_segment
 
 486 bytes of CODE memory
  13 bytes of DATA memory

Errors: none
Warnings: none
