###############################################################################
#
# IAR ANSI C/C++ Compiler V7.70.1.11437/W32 for ARM       28/Feb/2025  14:17:39
# Copyright 1999-2016 IAR Systems AB.
#
#    Cpu mode     =  thumb
#    Endian       =  little
#    Source file  =  
#        source/XCategory/Common/all/SRCommon/SRClockMonitor/SRClockMonitor.c
#    Command line =  
#        --cpu Cortex-M0+ -Om --debug -e --only_stdout --silent -D
#        ENABLE_JUMP_TO_APPLICATION_WITHOUT_IAP_FIRMWARE --no_wrap_diagnostics
#        -f config\tmp\include_path.lnt
#        (-I../Nucleus-Tools-SDK/embOS/arm/v4.26/source\
#        -I../Nucleus-Tools-SDK/iar/arm/v7.70/cx/inc\
#        -Isource/Category/Application/acu/CycleResume\
#        -Isource/Category/Application/acu/Monitors/AutostartFactoryCycleMonitor\
#        -Isource/Category/Application/acu/Monitors/CartridgeDetectionMonitor\
#        -Isource/Category/Application/acu/Monitors/DCLoadCurrentMonitor\
#        -Isource/Category/Application/acu/Monitors/DiverterFaultMonitor\
#        -Isource/Category/Application/acu/Monitors/DiverterLeakFaultMonitor\
#        -Isource/Category/Application/acu/Monitors/DoorMonitor\
#        -Isource/Category/Application/acu/Monitors/DoorOpeningSystemMonitor\
#        -Isource/Category/Application/acu/Monitors/FanMotorFaultMonitor\
#        -Isource/Category/Application/acu/Monitors/FaultStatusMonitor\
#        -Isource/Category/Application/acu/Monitors/FillValveStuckOn\
#        -Isource/Category/Application/acu/Monitors/FlowMeterFaultMonitor\
#        -Isource/Category/Application/acu/Monitors/HeatMonitor\
#        -Isource/Category/Application/acu/Monitors/HotHighPotMonitor\
#        -Isource/Category/Application/acu/Monitors/LITTFaultMonitor\
#        -Isource/Category/Application/acu/Monitors/LITTMonitor\
#        -Isource/Category/Application/acu/Monitors/McuGetDataMonitor\
#        -Isource/Category/Application/acu/Monitors/ModelMonitors/AirlockDetectionMonitor\
#        -Isource/Category/Application/acu/Monitors/ModelMonitors/AirlockDetectionMonitor/CodeGeneration\
#        -Isource/Category/Application/acu/Monitors/ModelMonitors/HeaterCalcificationDetectionModel\
#        -Isource/Category/Application/acu/Monitors/ModelMonitors/HeaterCalcificationDetectionModel/CodeGeneration\
#        -Isource/Category/Application/acu/Monitors/ModelMonitors/OWIVoltageRegulatedOutputModel\
#        -Isource/Category/Application/acu/Monitors/ModelMonitors/OWIVoltageRegulatedOutputModel/CodeGeneration\
#        -Isource/Category/Application/acu/Monitors/ModelMonitors/PluggingDetectionMonitor\
#        -Isource/Category/Application/acu/Monitors/ModelMonitors/PluggingDetectionMonitor/CodeGeneration\
#        -Isource/Category/Application/acu/Monitors/MoisturePreventionMonitor\
#        -Isource/Category/Application/acu/Monitors/OverfillMonitor\
#        -Isource/Category/Application/acu/Monitors/OWIMonitor\
#        -Isource/Category/Application/acu/Monitors/PilotRelayFaultMonitor\
#        -Isource/Category/Application/acu/Monitors/PilotRelayFaultMonitor/PilotRelayStuckClosedMonitor\
#        -Isource/Category/Application/acu/Monitors/PilotRelayFaultMonitor/PilotRelayStuckOpenMonitor\
#        -Isource/Category/Application/acu/Monitors/PORTimeMonitor\
#        -Isource/Category/Application/acu/Monitors/PumpFlushRequestMonitor\
#        -Isource/Category/Application/acu/Monitors/RinseAidMonitor\
#        -Isource/Category/Application/acu/Monitors/SaltSensingMonitor\
#        -Isource/Category/Application/acu/Monitors/StabilityControlLoopMonitor\
#        -Isource/Category/Application/acu/Monitors/StandbyManager\
#        -Isource/Category/Application/acu/Monitors/SupervisorExtMonitor\
#        -Isource/Category/Application/acu/Monitors/ThermistorFaultMonitor\
#        -Isource/Category/Application/acu/Monitors/ThermistorFaultMonitor/ThermistorOpenMonitor\
#        -Isource/Category/Application/acu/Monitors/ThermistorFaultMonitor/ThermistorShortedMonitor\
#        -Isource/Category/Application/acu/Monitors/TriacCurrentMonitor\
#        -Isource/Category/Application/acu/Monitors/TriacShortedDrainFaultMonitor\
#        -Isource/Category/Application/acu/Monitors/TriacVoltageMonitor\
#        -Isource/Category/Application/acu/Monitors/VoltageRangeMonitor\
#        -Isource/Category/Application/acu/Monitors/VSDrainMotorFaultMonitor\
#        -Isource/Category/Application/acu/Monitors/VwiMonitor\
#        -Isource/Category/Application/acu/Monitors/VwiZoneCompensationMonitor\
#        -Isource/Category/Application/acu/Monitors/WashHeaterFaultMonitor\
#        -Isource/Category/Application/acu/Monitors/WashHeaterFaultMonitor/HeaterLeakageToNeutralMonitor\
#        -Isource/Category/Application/acu/Monitors/WashHeaterFaultMonitor/HeaterLineRelayOpenMonitor\
#        -Isource/Category/Application/acu/Monitors/WashHeaterFaultMonitor/HeaterNeutralRelayOpenMonitor\
#        -Isource/Category/Application/acu/Monitors/WashHeaterFaultMonitor/HeaterOpenAndLineRelayClosedMonitor\
#        -Isource/Category/Application/acu/Monitors/WashHeaterFaultMonitor/HeaterOpenMonitor\
#        -Isource/Category/Application/acu/Monitors/WashMotorFaultMonitor\
#        -Isource/Category/Application/acu/Monitors/ZeroCrossMonitor\
#        -Isource/Category/Application/acu/Processes/AlternateCtrl\
#        -Isource/Category/Application/acu/Processes/Fill\
#        -Isource/Category/Application/acu/Processes/Fill/ClassAFill\
#        -Isource/Category/Application/acu/Processes/Fill/Fill\
#        -Isource/Category/Application/acu/Processes/Fill/TankDrain\
#        -Isource/Category/Application/acu/Processes/Fill/TankFill\
#        -Isource/Category/Application/acu/Processes/Heat\
#        -Isource/Category/Application/acu/Processes/ModelProcesses/OWICalibrationModel\
#        -Isource/Category/Application/acu/Processes/ModelProcesses/OWICalibrationModel/CodeGeneration\
#        -Isource/Category/Application/acu/Processes/ModelProcesses/PartialDrainModel\
#        -Isource/Category/Application/acu/Processes/ModelProcesses/PartialDrainModel/CodeGeneration\
#        -Isource/Category/Application/acu/Processes/ModelProcesses/SensedDrainModel\
#        -Isource/Category/Application/acu/Processes/ModelProcesses/SensedDrainModel/CodeGeneration\
#        -Isource/Category/Application/acu/Processes/OWI\
#        -Isource/Category/Application/acu/Processes/OWI_VRO\
#        -Isource/Category/Application/acu/Processes/OWIOneShot\
#        -Isource/Category/Application/acu/Processes/PumpControl\
#        -Isource/Category/Application/acu/Processes/Regenerate\
#        -Isource/Category/Application/acu/Processes/RinseAidDispense\
#        -Isource/Category/Application/acu/Processes/RinseAidDispense/RinseAid\
#        -Isource/Category/Application/acu/Processes/RinseAidDispense/TridgeDetergent\
#        -Isource/Category/Application/acu/Tasks/DoorOpeningSystemPull\
#        -Isource/Category/Application/acu/Tasks/DoorOpeningSystemPush\
#        -Isource/Category/Application/acu/Tasks/HeaterShadowing\
#        -Isource/Category/Application/acu/Tasks/MoisturePrevention\
#        -Isource/Category/Application/acu/Tasks/OWIContinousReading\
#        -Isource/Category/Application/acu/Tasks/OwiVroContinuousReading\
#        -Isource/Category/Application/acu/Tasks/Sanitization\
#        -Isource/Category/Application/acu/Tasks/StabilityControl\
#        -Isource/Category/Application/acu/Tasks/TimeElapse\
#        -Isource/Category/Application/acu/VWI\
#        -Isource/Category/Application/all/ActivePower\
#        -Isource/Category/Application/all/API007App\
#        -Isource/Category/Application/all/Config\
#        -Isource/Category/Common/acu/CommonDish/DishAuxVar\
#        -Isource/Category/Common/acu/CommonDish/PumpCommand\
#        -Isource/Category/Common/acu/CommonDish/StatisticsDish\
#        -Isource/Category/Common/all/BoardDebugging\
#        -Isource/Category/Common/all/Config\
#        -Isource/Category/Common/all/MasterCommander\
#        -Isource/Category/Common/all/MasterCommander/Source\
#        -Isource/Category/Common/all/MasterCommander/Source/HAL\
#        -Isource/Category/Common/all/SharedUtils\
#        -Isource/Category/Hbl/acu/ACULoadHandler/AlternateLoad\
#        -Isource/Category/Hbl/acuexpacu/ACUGIHandler/WaterCounterGI\
#        -Isource/Category/Hbl/acuexpacu/ACULoadHandler/HeaterLoad\
#        -Isource/Category/Hbl/acuexpacu/ACULoadHandler/TriacMci\
#        -Isource/Category/Hbl/all/Config\ -Isource/Category/Hbl/all/Mci\
#        -Isource/Category/Hbl/all/Mci/MciZeroCross\
#        -Isource/Category/Hbl/all/Mci/Slfac\
#        -Isource/Category/Hbl/all/Mci/Slfac/Macroblocks\
#        -Isource/Category/Hbl/all/Mci/Slfac/Microblocks/GlitchFilter\
#        -Isource/Category/Hbl/all/Mci/Slfac/Microblocks/IIRFilter\
#        -Isource/Category/Hbl/all/Mci/Slfac/Microblocks/MathCalc\
#        -Isource/Category/Hbl/all/Mci/Slfac/Microblocks/PeakDetector\
#        -Isource/Category/Hbl/all/Mci/Slfac/Microblocks/Pi\
#        -Isource/Category/Hbl/all/MCUDrivers/TimeCapture\
#        -Isource/Category/Hbl/all/MCUDrivers/TimerInterruptExt\
#        -Isource/Micros/STM32G0x/Driver/Atod\
#        -Isource/Micros/STM32G0x/Driver/DataFlash\
#        -Isource/Micros/STM32G0x/Driver/Dma\
#        -Isource/Micros/STM32G0x/Driver/Dtoa\
#        -Isource/Micros/STM32G0x/Driver/ExtInterrupt\
#        -Isource/Micros/STM32G0x/Driver/Flash\
#        -Isource/Micros/STM32G0x/Driver/Gpio\
#        -Isource/Micros/STM32G0x/Driver/I2c\
#        -Isource/Micros/STM32G0x/Driver/IntMgr\
#        -Isource/Micros/STM32G0x/Driver/Micro\
#        -Isource/Micros/STM32G0x/Driver/MicroExt\
#        -Isource/Micros/STM32G0x/Driver/Rtc\
#        -Isource/Micros/STM32G0x/Driver/RTCDriver\
#        -Isource/Micros/STM32G0x/Driver/Spi\
#        -Isource/Micros/STM32G0x/Driver/Timeout\
#        -Isource/Micros/STM32G0x/Driver/Timer\
#        -Isource/Micros/STM32G0x/Driver/TimerInterrupt\
#        -Isource/Micros/STM32G0x/Driver/Uart\
#        -Isource/ProjectSpecific/Application/acu/Config\
#        -Isource/ProjectSpecific/Application/acu/LowPower\
#        -Isource/ProjectSpecific/Application/acuexpacu/Config\
#        -Isource/ProjectSpecific/Application/all/Config\
#        -Isource/ProjectSpecific/Application/all/MCUDebug\
#        -Isource/ProjectSpecific/Application/all/ProductInfo\
#        -Isource/ProjectSpecific/Common/acu/Config\
#        -Isource/ProjectSpecific/Common/all/Config\
#        -Isource/ProjectSpecific/Common/all/Debug\
#        -Isource/ProjectSpecific/Common/all/SRConfig\
#        -Isource/ProjectSpecific/Driver/STM32G0x\
#        -Isource/ProjectSpecific/Hbl/acuexpacu/Config\
#        -Isource/ProjectSpecific/Hbl/acuexpacu/SRConfig\
#        -Isource/ProjectSpecific/Hbl/all/Config\
#        -Isource/ProjectSpecific/Hbl/all/Config/Mci\
#        -Isource/ProjectSpecific/Hbl/all/Config/Mci/MasterCommander\
#        -Isource/ProjectSpecific/Hbl/all/Config/Mci/MCUDrivers\
#        -Isource/ProjectSpecific/Hbl/all/SRConfig\
#        -Isource/XCategory/Application/acu/API221MotionCtrl\
#        -Isource/XCategory/Application/acu/Calibration\
#        -Isource/XCategory/Application/acu/Condition\
#        -Isource/XCategory/Application/acu/Estimator\
#        -Isource/XCategory/Application/acu/Interpreter\
#        -Isource/XCategory/Application/acu/Processes/ActivateTask\
#        -Isource/XCategory/Application/acu/Processes/JumpIf\
#        -Isource/XCategory/Application/acu/Processes/LoadsControl\
#        -Isource/XCategory/Application/acu/Processes/Maintain\
#        -Isource/XCategory/Application/acu/Processes/SetVariable\
#        -Isource/XCategory/Application/acu/RegulationAccept\
#        -Isource/XCategory/Application/acu/Selector\
#        -Isource/XCategory/Application/acu/SubCycle\
#        -Isource/XCategory/Application/acu/Supervisor\
#        -Isource/XCategory/Application/acu/TestMgr\
#        -Isource/XCategory/Application/acuexpacu/ApplianceMgr\
#        -Isource/XCategory/Application/acuhmi/CommunicationMonitor\
#        -Isource/XCategory/Application/acuhmi/Modifier\
#        -Isource/XCategory/Application/acuhmi/Regulations\
#        -Isource/XCategory/Application/acuhmi/Status\
#        -Isource/XCategory/Application/all/API007Data\
#        -Isource/XCategory/Application/all/API011AppCtr\
#        -Isource/XCategory/Application/all/API012Exp\
#        -Isource/XCategory/Application/all/API013RemoteFunction\
#        -Isource/XCategory/Application/all/API018Diagnostic\
#        -Isource/XCategory/Application/all/API220MotorControl\
#        -Isource/XCategory/Application/all/API220MotorControl/Api\
#        -Isource/XCategory/Application/all/Mode\
#        -Isource/XCategory/Application/all/Reveal_Basic/API003Disc\
#        -Isource/XCategory/Application/all/Reveal_Basic/API004Debug\
#        -Isource/XCategory/Application/all/Reveal_Basic/API004Debug/SW05SoftwareTest\
#        -Isource/XCategory/Application/all/Reveal_Basic/API005LowLevel\
#        -Isource/XCategory/Application/all/Reveal_Basic/API009System\
#        -Isource/XCategory/Application/all/Reveal_Basic/API010PollVar\
#        -Isource/XCategory/Application/all/Reveal_Basic/API019ProductInfo\
#        -Isource/XCategory/Application/all/SFUpdater\
#        -Isource/XCategory/Application/all/SRAPI020Safety\
#        -Isource/XCategory/Application/all/StatusLed\
#        -Isource/XCategory/Common/acu/BrownOut\
#        -Isource/XCategory/Common/acu/Fault\
#        -Isource/XCategory/Common/acu/Statistics\
#        -Isource/XCategory/Common/all/Common/Callback\
#        -Isource/XCategory/Common/all/Common/Convert\
#        -Isource/XCategory/Common/all/Common/Crc16\
#        -Isource/XCategory/Common/all/Common/Crc32\
#        -Isource/XCategory/Common/all/Common/Crc8\
#        -Isource/XCategory/Common/all/Common/Equation\
#        -Isource/XCategory/Common/all/Common/Filter\
#        -Isource/XCategory/Common/all/Common/FITMgr\
#        -Isource/XCategory/Common/all/Common/I2cMgr\
#        -Isource/XCategory/Common/all/Common/IAPEmul\
#        -Isource/XCategory/Common/all/Common/Log\
#        -Isource/XCategory/Common/all/Common/Millis\
#        -Isource/XCategory/Common/all/Common/SeggerRTT\
#        -Isource/XCategory/Common/all/Common/SeggerRTT/SEGGER_RTT/Config\
#        -Isource/XCategory/Common/all/Common/SeggerRTT/SEGGER_RTT/RTT\
#        -Isource/XCategory/Common/all/Common/SettingFile\
#        -Isource/XCategory/Common/all/Common/SFVersionCheck\
#        -Isource/XCategory/Common/all/Common/SystemConfig\
#        -Isource/XCategory/Common/all/Common/SystemTimers\
#        -Isource/XCategory/Common/all/Common/Utilities\
#        -Isource/XCategory/Common/all/Common/Variable\
#        -Isource/XCategory/Common/all/SRCommon/SRClockMonitor\
#        -Isource/XCategory/Common/all/SRCommon/SRData\
#        -Isource/XCategory/Common/all/SRCommon/SRException\
#        -Isource/XCategory/Common/all/SRCommon/SRIsrMonitor\
#        -Isource/XCategory/Common/all/SRCommon/SRPowerMgr\
#        -Isource/XCategory/Common/all/SRCommon/SRSignature\
#        -Isource/XCategory/Common/all/SRCommon/SRSystemConfig\
#        -Isource/XCategory/Common/all/SRCommon/SRTaskMonitor\
#        -Isource/XCategory/Common/all/SRCommon/SRTaskSequence\
#        -Isource/XCategory/Common/all/SRCommon/SRTimerReference\
#        -Isource/XCategory/Common/all/SRCommon/SRUnusedPinsConfig\
#        -Isource/XCategory/Common/all/SRMain\
#        -Isource/XCategory/Common/all/SRMain/BackgroundThreads\
#        -Isource/XCategory/Common/all/SRMain/OsServices\
#        -Isource/XCategory/Common/all/SRMain/StackAnalysis\
#        -Isource/XCategory/Common/all/SRMain/TimingAnalysis\
#        -Isource/XCategory/Driver/APIs/Atod\
#        -Isource/XCategory/Driver/APIs/Comparator\
#        -Isource/XCategory/Driver/APIs/DataFlash\
#        -Isource/XCategory/Driver/APIs/Dma\
#        -Isource/XCategory/Driver/APIs/Dtc\
#        -Isource/XCategory/Driver/APIs/Dtoa\
#        -Isource/XCategory/Driver/APIs/EmbOS\
#        -Isource/XCategory/Driver/APIs/ExtInterrupt\
#        -Isource/XCategory/Driver/APIs/Flash\
#        -Isource/XCategory/Driver/APIs/Gpio\
#        -Isource/XCategory/Driver/APIs/I2c\
#        -Isource/XCategory/Driver/APIs/IntMgr\
#        -Isource/XCategory/Driver/APIs/Micro\
#        -Isource/XCategory/Driver/APIs/MicroExt\
#        -Isource/XCategory/Driver/APIs/Rtc\
#        -Isource/XCategory/Driver/APIs/RTCDriver\
#        -Isource/XCategory/Driver/APIs/Spi\
#        -Isource/XCategory/Driver/APIs/Timeout\
#        -Isource/XCategory/Driver/APIs/Timer\
#        -Isource/XCategory/Driver/APIs/TimerInterrupt\
#        -Isource/XCategory/Driver/APIs/Touch\
#        -Isource/XCategory/Driver/APIs/Uart\
#        -Isource/XCategory/Hbl/acu/FdmCounter\
#        -Isource/XCategory/Hbl/acu/FdmTimer\
#        -Isource/XCategory/Hbl/acuexpacu/ACUGIHandler/ConvertGI\
#        -Isource/XCategory/Hbl/acuexpacu/ACUGIHandler/DirectGI\
#        -Isource/XCategory/Hbl/acuexpacu/ACUGIHandler/DoorSwitchGI\
#        -Isource/XCategory/Hbl/acuexpacu/ACUGIHandler/ProbeGI\
#        -Isource/XCategory/Hbl/acuexpacu/ACUGIHandler/ProbeLpsGI\
#        -Isource/XCategory/Hbl/acuexpacu/ACULoadHandler/DCFanLoad\
#        -Isource/XCategory/Hbl/acuexpacu/ACUPilotHandler/AnalogOutputPilot\
#        -Isource/XCategory/Hbl/acuexpacu/ACUPilotHandler/ChargePumpPilot\
#        -Isource/XCategory/Hbl/acuexpacu/ACUPilotHandler/DigitalOutputMultiPilot\
#        -Isource/XCategory/Hbl/acuexpacu/ACUPilotHandler/DigitalOutputPilot\
#        -Isource/XCategory/Hbl/acuexpacu/ACUPilotHandler/DoorLockEMPilot\
#        -Isource/XCategory/Hbl/acuexpacu/ACUPilotHandler/DoorLockWaxPilot\
#        -Isource/XCategory/Hbl/acuexpacu/ACUPilotHandler/ExpansionPilot\
#        -Isource/XCategory/Hbl/acuexpacu/ACUPilotHandler/ExternalMotorPilot\
#        -Isource/XCategory/Hbl/acuexpacu/ACUPilotHandler/FSMPilot\
#        -Isource/XCategory/Hbl/acuexpacu/ACUPilotHandler/MagnetronPilot\
#        -Isource/XCategory/Hbl/acuexpacu/ACUPilotHandler/MotorPilot\
#        -Isource/XCategory/Hbl/acuexpacu/ACUPilotHandler/MultiDriverPilot\
#        -Isource/XCategory/Hbl/acuexpacu/ACUPilotHandler/MultiSequencePilot\
#        -Isource/XCategory/Hbl/acuexpacu/ACUPilotHandler/NonfunctionalPilot\
#        -Isource/XCategory/Hbl/acuexpacu/ACUPilotHandler/PwmHiResPilot\
#        -Isource/XCategory/Hbl/acuexpacu/ACUPilotHandler/PwmPilot\
#        -Isource/XCategory/Hbl/acuexpacu/ACUPilotHandler/SRChargePumpPilot\
#        -Isource/XCategory/Hbl/acuexpacu/ACUPilotHandler/SRDigitalOutputMultiPilot\
#        -Isource/XCategory/Hbl/acuexpacu/ACUPilotHandler/SRDigitalOutputPilot\
#        -Isource/XCategory/Hbl/acuexpacu/ACUPilotHandler/SRDoorLockEMPilot\
#        -Isource/XCategory/Hbl/acuexpacu/ACUPilotHandler/SRDoorLockWaxPilot\
#        -Isource/XCategory/Hbl/acuexpacu/ACUPilotHandler/SRUMRelayPilot\
#        -Isource/XCategory/Hbl/acuexpacu/ACUPilotHandler/SteadyPwmProfilePilot\
#        -Isource/XCategory/Hbl/acuexpacu/ACUPilotHandler/StepperPilot\
#        -Isource/XCategory/Hbl/acuexpacu/ACUPilotHandler/TriacSwitchPilot\
#        -Isource/XCategory/Hbl/acuexpacu/ACUPilotHandler/ZCRelayPilot\
#        -Isource/XCategory/Hbl/acuexpacu/ACUPilotHandler/ZCTriacPilot\
#        -Isource/XCategory/Hbl/acuexpacu/HblAcu\
#        -Isource/XCategory/Hbl/acuexpacu/HblAcu/CrossLoads\
#        -Isource/XCategory/Hbl/acuexpacu/HblAcu/SetLoadQueue\
#        -Isource/XCategory/Hbl/acuexpacu/HblAcu/SRProductMgr\
#        -Isource/XCategory/Hbl/acuexpacu/HblAcu/ZeroCross\
#        -Isource/XCategory/Hbl/all/Hbl\
#        -Isource/XCategory/Hbl/all/Hbl/DefaultPin\
#        -Isource/XCategory/Hbl/all/Hbl/HblCommon\
#        -Isource/XCategory/Hbl/all/Hbl/VirtualPin\
#        -Isource/XCategory/Hbl/all/LLIHandler/AbsoluteHumidityLLI\
#        -Isource/XCategory/Hbl/all/LLIHandler/AccelerometerLLI\
#        -Isource/XCategory/Hbl/all/LLIHandler/AccelerometerLLI/AccelBaseline\
#        -Isource/XCategory/Hbl/all/LLIHandler/AccelerometerLLI/AccelDiscover\
#        -Isource/XCategory/Hbl/all/LLIHandler/AccelerometerLLI/FXLS8974\
#        -Isource/XCategory/Hbl/all/LLIHandler/AccelerometerLLI/FXLS8974/SelfTestFXLS8974\
#        -Isource/XCategory/Hbl/all/LLIHandler/AccelerometerLLI/LISxDH\
#        -Isource/XCategory/Hbl/all/LLIHandler/AnalogLLI\
#        -Isource/XCategory/Hbl/all/LLIHandler/ConductivityLLI\
#        -Isource/XCategory/Hbl/all/LLIHandler/DigitalLLI\
#        -Isource/XCategory/Hbl/all/LLIHandler/EncoderLLI\
#        -Isource/XCategory/Hbl/all/LLIHandler/ExpansionLLI\
#        -Isource/XCategory/Hbl/all/LLIHandler/FeedbackLLI\
#        -Isource/XCategory/Hbl/all/LLIHandler/I2CInfraredLLI\
#        -Isource/XCategory/Hbl/all/LLIHandler/I2CPressureSensorLLI\
#        -Isource/XCategory/Hbl/all/LLIHandler/I2CRHTSensorLLI\
#        -Isource/XCategory/Hbl/all/LLIHandler/InputCaptureLLI\
#        -Isource/XCategory/Hbl/all/LLIHandler/MultiInputLLI\
#        -Isource/XCategory/Hbl/all/LLIHandler/NonfunctionalLLI\
#        -Isource/XCategory/Hbl/all/LLIHandler/PulseCounterLLI\
#        -Isource/XCategory/Hbl/all/LLIHandler/SRAnalogLLI\
#        -Isource/XCategory/Hbl/all/LLIHandler/SRDigitalLLI\
#        -Isource/XCategory/Hbl/all/LLIHandler/SRFeedbackLLI\
#        -Isource/XCategory/Hbl/all/LLIHandler/SRI2CPressureSensorLLI\
#        -Isource/XCategory/Hbl/all/LLIHandler/SRICTachometerLLI\
#        -Isource/XCategory/Hbl/all/LLIHandler/SRInputCaptureLLI\
#        -Isource/XCategory/Hbl/all/LLIHandler/SRTouchKeyLLI\
#        -Isource/XCategory/Hbl/all/LLIHandler/SRTriacFeedbackLLI\
#        -Isource/XCategory/Hbl/all/LLIHandler/TouchKeyLLI\
#        -Isource/XCategory/Hbl/all/LLIHandler/TouchSliderLLI\
#        -Isource/XCategory/Hbl/all/LLIHandler/TouchWheelLLI\
#        -Isource/XCategory/Hbl/all/LLIHandler/TriacFeedbackLLI\
#        -Isource/XCategory/Hbl/all/LLIHandler/VirtualDigitalLLI\
#        -Isource/XCategory/Service/all/NVData\
#        -Isource/XCategory/Service/all/Reveal\
#        -Isource/XCategory/Service/all/Win\) -l listings\SRClockMonitor.lst -o
#        obj\SRClockMonitor.obj
#        source/XCategory/Common/all/SRCommon/SRClockMonitor/SRClockMonitor.c
#    Locale       =  English_United States.1252
#    List file    =  listings\SRClockMonitor.lst
#    Object file  =  obj\SRClockMonitor.obj
#
###############################################################################

C:\Data\Nucleus_Dev\Vostok_ACU_A\source\XCategory\Common\all\SRCommon\SRClockMonitor\SRClockMonitor.c
      1          /**
      2           *  @file
      3           *
      4           *  @defgroup CLASS_B
      5           *
      6           *  @brief      This module compares an internal clock source given by the 1ms timer interrupt with an external clock source.
      7           *
      8           *  @details    This module generates exceptions in case of the clocks get disaligned
      9           *
     10           *  $Header: SRClockMonitor.c 1.10 2012/06/18 18:04:25EDT MANOEL GARBUIO DE SOUZA (SOUZAMG) Exp  $
     11           *
     12           *  @copyright  Copyright 2010-$Date: 2012/06/18 18:04:25EDT $. Whirlpool Corporation. All rights reserved - CONFIDENTIAL
     13           */
     14          
     15          //-------------------------------------- Include Files ----------------------------------------------------------------
     16          #include "SRSystemConfig.h"
     17          #include "SRClockMonitor.h"
     18          #include "SRClockMonitor_prv.h"
     19          #include "SRException.h"
     20          #include "SRData.h"
     21          //-------------------------------------- PUBLIC (Variables) -----------------------------------------------------------
     22          
     23          #ifndef SRCLOCKMONITOR_FEATURE
     24              #define SRCLOCKMONITOR_FEATURE      ENABLED
     25          #endif
     26          
     27          #if (CLASSB_FEATURE == ENABLED)
     28              #if (SRCLOCKMONITOR_FEATURE != ENABLED)
     29                  SW05_WARNING(2, "SRCLOCKMONITOR_FEATURE is disabled", SW05_CLASSB)
     30              #endif
     31          #endif
     32          
     33          //-------------------------------------- PRIVATE (Variables, Constants & Defines) -------------------------------------
     34          
     35          
     36          #if (SRCLOCKMONITOR_FEATURE == ENABLED)

   \                                 In section .bss, align 4
     37              static uint16 SRClockMonitor_Counter;
     38              static uint8 SRClock_First_Reading;
   \                     SRClock_First_Reading:
   \   00000000                      DS8 1
   \   00000001                      DS8 1
   \   00000002                      DS8 1
   \   00000003                      DS8 1
   \   00000004                      DS8 4
   \   00000008                      DS8 2
   \   0000000A                      DS8 1
   \   0000000B                      DS8 1
   \   0000000C                      DS8 1
   \   0000000D                      DS8 1
   \   0000000E                      DS8 2
     39              static uint8 SRClockMonitor_ErrorCount;
     40              static uint8 SRClockMonitor_Event;
     41              static uint16 N_SRClockMonitor_Counter;
     42              static uint8 N_SRClock_First_Reading;
     43              static uint8 N_SRClockMonitor_ErrorCount;
     44              static uint8 N_SRClockMonitor_Event;
     45          
     46              //This variable holds the module information only does not interact with the safety code
     47              static SRCLOCKMONITOR_STATISTICS_DATA_TYPE SRClockMonitor_Statistics;
     48              static BOOL_TYPE Clear_Stats_Data;
     49          
     50          
     51              #ifndef SRCLOCKMONITOR_MAX_ERROR_OCCURENCE
     52                  #define SRCLOCKMONITOR_MAX_ERROR_OCCURENCE          4
     53              #endif
     54          
     55              #ifndef SRCLOCKMONITOR_INITIAL_DISREGARDED_READINGS
     56                  #define SRCLOCKMONITOR_INITIAL_DISREGARDED_READINGS 4
     57              #endif
     58          
     59              #ifndef SRCLOCK_MAX_ABSOLUT_COUNTER
     60                  #define SRCLOCK_MAX_ABSOLUT_COUNTER         0xFFFF
     61              #endif
     62          
     63              #if(SRCLOCK_MAX_ABSOLUT_COUNTER > 0xFFFF)
     64                  #error "SRCLOCK_MAX_ABSOLUT_COUNTER cannot be higher than 0xFFFF"
     65              #endif
     66          
     67          #define     SRCLOCKMONITOR_EVENT_KEYWORD            0x51u
     68          #define     SRCLOCKMONITOR_NO_EVENT_KEYWORD         0xA5u
     69          
     70          #endif
     71          
     72          
     73          //-------------------------------------- PRIVATE (Function Prototypes) ------------------------------------------------
     74          #if (SRCLOCKMONITOR_FEATURE == ENABLED)
     75              static void reset_stat_data(void);
     76          #endif
     77          
     78          //=====================================================================================================================
     79          //-------------------------------------- Public Functions -------------------------------------------------------------
     80          //=====================================================================================================================
     81          
     82          //---------------------------------------------------------------------------------------------------------------------
     83          /**
     84           *  @brief      It Initializes the module SRClockMonitor and its variables
     85           *
     86           */

   \                                 In section .text, align 2, keep-with-next
     87          void SRClockMonitor__Initialize(void)
     88          {
   \                     SRClockMonitor__Initialize: (+1)
   \   00000000   0xB510             PUSH     {R4,LR}
     89              #if (SRCLOCKMONITOR_FEATURE == ENABLED)
     90                  SRCLOCKMONITOR_INIT_FLOW();
   \   00000002   0x2104             MOVS     R1,#+4
   \   00000004   0x2000             MOVS     R0,#+0
   \   00000006   0x.... 0x....      BL       SRTaskSequence__SetSequenceStep
     91                  SRData__UpdateByte(&SRClockMonitor_Event,&N_SRClockMonitor_Event,SRCLOCKMONITOR_NO_EVENT_KEYWORD);
   \   0000000A   0x....             LDR      R4,??DataTable4
   \   0000000C   0x22A5             MOVS     R2,#+165
   \   0000000E   0x0021             MOVS     R1,R4
   \   00000010   0x310C             ADDS     R1,R1,#+12
   \   00000012   0x1CA0             ADDS     R0,R4,#+2
   \   00000014   0x.... 0x....      BL       SRData__UpdateByte
     92                  SRData__UpdateShort(&SRClockMonitor_Counter,&N_SRClockMonitor_Counter,0u);
   \   00000018   0x2200             MOVS     R2,#+0
   \   0000001A   0x0021             MOVS     R1,R4
   \   0000001C   0x310E             ADDS     R1,R1,#+14
   \   0000001E   0x0020             MOVS     R0,R4
   \   00000020   0x3008             ADDS     R0,R0,#+8
   \   00000022   0x.... 0x....      BL       SRData__UpdateShort
     93                  SRData__UpdateByte(&SRClock_First_Reading,&N_SRClock_First_Reading,0u);
   \   00000026   0x2200             MOVS     R2,#+0
   \   00000028   0x0021             MOVS     R1,R4
   \   0000002A   0x310A             ADDS     R1,R1,#+10
   \   0000002C   0x0020             MOVS     R0,R4
   \   0000002E   0x.... 0x....      BL       SRData__UpdateByte
     94                  SRData__UpdateByte(&SRClockMonitor_ErrorCount,&N_SRClockMonitor_ErrorCount,0u);
   \   00000032   0x2200             MOVS     R2,#+0
   \   00000034   0x0021             MOVS     R1,R4
   \   00000036   0x310B             ADDS     R1,R1,#+11
   \   00000038   0x1C60             ADDS     R0,R4,#+1
   \   0000003A   0x.... 0x....      BL       SRData__UpdateByte
     95          
     96                  Clear_Stats_Data = FALSE;
   \   0000003E   0x2000             MOVS     R0,#+0
   \   00000040   0x70E0             STRB     R0,[R4, #+3]
     97                  reset_stat_data();
   \   00000042   0x.... 0x....      BL       reset_stat_data
     98              #endif
     99          }
   \   00000046   0xBD10             POP      {R4,PC}          ;; return
    100          
    101          //---------------------------------------------------------------------------------------------------------------------
    102          /**
    103           * @brief Monitor 1ms
    104           *  This method is responsible by the TimerInterrupot clock monitoring.
    105           *  It counts ticks based on timerInterruption for the MonitorExtclk compare with the external clock source.
    106           */

   \                                 In section .text, align 2, keep-with-next
    107          void SRClockMonitor__Monitor1ms(void)
    108          {
   \                     SRClockMonitor__Monitor1ms: (+1)
   \   00000000   0xB510             PUSH     {R4,LR}
    109          
    110          #if (SRCLOCKMONITOR_FEATURE == ENABLED)
    111              SRCLOCKMONITOR_1MS_FLOW();
   \   00000002   0x2104             MOVS     R1,#+4
   \   00000004   0x2001             MOVS     R0,#+1
   \   00000006   0x.... 0x....      BL       SRTaskSequence__SetSequenceStep
    112              (void) SRData__CheckShort(&SRClockMonitor_Counter,&N_SRClockMonitor_Counter);
   \   0000000A   0x....             LDR      R4,??DataTable4
   \   0000000C   0x0021             MOVS     R1,R4
   \   0000000E   0x310E             ADDS     R1,R1,#+14
   \   00000010   0x0020             MOVS     R0,R4
   \   00000012   0x3008             ADDS     R0,R0,#+8
   \   00000014   0x.... 0x....      BL       SRData__CheckShort
    113              (void) SRData__CheckByte(&SRClockMonitor_Event,&N_SRClockMonitor_Event);
   \   00000018   0x0021             MOVS     R1,R4
   \   0000001A   0x310C             ADDS     R1,R1,#+12
   \   0000001C   0x1CA0             ADDS     R0,R4,#+2
   \   0000001E   0x.... 0x....      BL       SRData__CheckByte
    114              
    115              if(SRClockMonitor_Event == SRCLOCKMONITOR_EVENT_KEYWORD)
   \   00000022   0x78A0             LDRB     R0,[R4, #+2]
   \   00000024   0x2851             CMP      R0,#+81
   \   00000026   0xD10C             BNE      ??SRClockMonitor__Monitor1ms_0
    116              {
    117                  SRData__UpdateByte(&SRClockMonitor_Event,&N_SRClockMonitor_Event,SRCLOCKMONITOR_NO_EVENT_KEYWORD);
   \   00000028   0x22A5             MOVS     R2,#+165
   \   0000002A   0x0021             MOVS     R1,R4
   \   0000002C   0x310C             ADDS     R1,R1,#+12
   \   0000002E   0x1CA0             ADDS     R0,R4,#+2
   \   00000030   0x.... 0x....      BL       SRData__UpdateByte
    118                  SRData__UpdateShort(&SRClockMonitor_Counter,&N_SRClockMonitor_Counter,0u);
   \   00000034   0x2200             MOVS     R2,#+0
   \   00000036   0x0021             MOVS     R1,R4
   \   00000038   0x310E             ADDS     R1,R1,#+14
   \   0000003A   0x0020             MOVS     R0,R4
   \   0000003C   0x3008             ADDS     R0,R0,#+8
   \   0000003E   0x.... 0x....      BL       SRData__UpdateShort
    119              }
    120          
    121              SRData__UpdateShort(&SRClockMonitor_Counter,&N_SRClockMonitor_Counter,SRClockMonitor_Counter + 1u);
   \                     ??SRClockMonitor__Monitor1ms_0: (+1)
   \   00000042   0x8922             LDRH     R2,[R4, #+8]
   \   00000044   0x1C52             ADDS     R2,R2,#+1
   \   00000046   0xB292             UXTH     R2,R2
   \   00000048   0x0021             MOVS     R1,R4
   \   0000004A   0x310E             ADDS     R1,R1,#+14
   \   0000004C   0x0020             MOVS     R0,R4
   \   0000004E   0x3008             ADDS     R0,R0,#+8
   \   00000050   0x.... 0x....      BL       SRData__UpdateShort
    122              if (SRClockMonitor_Counter >= (uint16) SRCLOCK_MAX_ABSOLUT_COUNTER)
   \   00000054   0x8921             LDRH     R1,[R4, #+8]
   \   00000056   0x....             LDR      R0,??DataTable4_1  ;; 0xffff
   \   00000058   0x4281             CMP      R1,R0
   \   0000005A   0xD10A             BNE      ??SRClockMonitor__Monitor1ms_1
    123              {
    124                  SRException__Queue(SREXCEPTION_SRCLOCK_OVERRUN,(uint32)SRClockMonitor_Counter,0u);
   \   0000005C   0x2200             MOVS     R2,#+0
   \   0000005E   0x201C             MOVS     R0,#+28
   \   00000060   0x.... 0x....      BL       SRException__Queue
    125                  SRData__UpdateShort(&SRClockMonitor_Counter,&N_SRClockMonitor_Counter,0u);
   \   00000064   0x2200             MOVS     R2,#+0
   \   00000066   0x0021             MOVS     R1,R4
   \   00000068   0x310E             ADDS     R1,R1,#+14
   \   0000006A   0x0020             MOVS     R0,R4
   \   0000006C   0x3008             ADDS     R0,R0,#+8
   \   0000006E   0x.... 0x....      BL       SRData__UpdateShort
    126              }
    127          #endif
    128          }
   \                     ??SRClockMonitor__Monitor1ms_1: (+1)
   \   00000072   0xBD10             POP      {R4,PC}          ;; return
    129          
    130          //---------------------------------------------------------------------------------------------------------------------
    131          /**
    132           * @brief This method is responsible to check the internal clock by comparing the ticks counted by the Monitor1ms
    133           * with the ext_ticks from the external source of clock.
    134           *
    135           * @param   ext_ticks   Number of ticks expected to happen in the 1ms interrupt since the last call of this method.
    136           */

   \                                 In section .text, align 2, keep-with-next
    137          void SRClockMonitor__MonitorExtClk(uint16 ext_ticks)
    138          {
   \                     SRClockMonitor__MonitorExtClk: (+1)
   \   00000000   0xB538             PUSH     {R3-R5,LR}
   \   00000002   0x0005             MOVS     R5,R0
    139          #if (SRCLOCKMONITOR_FEATURE == ENABLED)
    140          
    141              SRCLOCKMONITOR_EXT_FLOW();
    142              (void) SRData__CheckByte(&SRClock_First_Reading,&N_SRClock_First_Reading);
   \   00000004   0x....             LDR      R4,??DataTable4
   \   00000006   0x0021             MOVS     R1,R4
   \   00000008   0x310A             ADDS     R1,R1,#+10
   \   0000000A   0x0020             MOVS     R0,R4
   \   0000000C   0x.... 0x....      BL       SRData__CheckByte
    143              //To avoid the lack of precision in the first interaction it ignores the first interactions,
    144              //after that we do expect the system to be in sync
    145              if (SRClock_First_Reading < (uint8) SRCLOCKMONITOR_INITIAL_DISREGARDED_READINGS )
   \   00000010   0x7822             LDRB     R2,[R4, #+0]
   \   00000012   0x2A04             CMP      R2,#+4
   \   00000014   0xDA07             BGE      ??SRClockMonitor__MonitorExtClk_0
    146              {
    147                  SRData__UpdateByte(&SRClock_First_Reading,&N_SRClock_First_Reading,SRClock_First_Reading+1u);
   \   00000016   0x1C52             ADDS     R2,R2,#+1
   \   00000018   0xB2D2             UXTB     R2,R2
   \   0000001A   0x0021             MOVS     R1,R4
   \   0000001C   0x310A             ADDS     R1,R1,#+10
   \   0000001E   0x0020             MOVS     R0,R4
   \   00000020   0x.... 0x....      BL       SRData__UpdateByte
   \   00000024   0xE041             B        ??SRClockMonitor__MonitorExtClk_1
    148              }
    149              else
    150              {
    151                  //Clear the stats data here
    152                  if (Clear_Stats_Data == TRUE)
   \                     ??SRClockMonitor__MonitorExtClk_0: (+1)
   \   00000026   0x78E0             LDRB     R0,[R4, #+3]
   \   00000028   0x2801             CMP      R0,#+1
   \   0000002A   0xD103             BNE      ??SRClockMonitor__MonitorExtClk_2
    153                  {
    154                      Clear_Stats_Data = FALSE;
   \   0000002C   0x2000             MOVS     R0,#+0
   \   0000002E   0x70E0             STRB     R0,[R4, #+3]
    155                      reset_stat_data();
   \   00000030   0x.... 0x....      BL       reset_stat_data
    156                  }
    157          
    158                  // Update statistics
    159                  SRClockMonitor_Statistics.External_Ticks       =   ext_ticks;
   \                     ??SRClockMonitor__MonitorExtClk_2: (+1)
   \   00000034   0x80A5             STRH     R5,[R4, #+4]
    160          
    161                  uint16 deviation;
    162                  if (ext_ticks > SRClockMonitor_Counter)
   \   00000036   0x8920             LDRH     R0,[R4, #+8]
   \   00000038   0x0001             MOVS     R1,R0
   \   0000003A   0x002A             MOVS     R2,R5
   \   0000003C   0x4291             CMP      R1,R2
   \   0000003E   0xD201             BCS      ??SRClockMonitor__MonitorExtClk_3
    163                  {
    164                      deviation =  ext_ticks - SRClockMonitor_Counter;
   \   00000040   0x1A28             SUBS     R0,R5,R0
   \   00000042   0xE000             B        ??SRClockMonitor__MonitorExtClk_4
    165                  }
    166                  else
    167                  {
    168                      deviation =  SRClockMonitor_Counter - ext_ticks;
   \                     ??SRClockMonitor__MonitorExtClk_3: (+1)
   \   00000044   0x1B40             SUBS     R0,R0,R5
    169                  }
    170          
    171                  if (SRClockMonitor_Statistics.Max_Delta_Ticks < deviation)
   \                     ??SRClockMonitor__MonitorExtClk_4: (+1)
   \   00000046   0x88E1             LDRH     R1,[R4, #+6]
   \   00000048   0x0002             MOVS     R2,R0
   \   0000004A   0xB292             UXTH     R2,R2
   \   0000004C   0x4291             CMP      R1,R2
   \   0000004E   0xD200             BCS      ??SRClockMonitor__MonitorExtClk_5
   \   00000050   0x0011             MOVS     R1,R2
   \                     ??SRClockMonitor__MonitorExtClk_5: (+1)
   \   00000052   0x80E1             STRH     R1,[R4, #+6]
    172                  {
    173                      SRClockMonitor_Statistics.Max_Delta_Ticks = deviation;
    174                  }
    175          
    176          
    177                  sint32 max = (sint32) ext_ticks + SRCLOCKMONITOR_CLK_TICKS_ABOVE;
    178                  sint32 min = (sint32) ext_ticks - SRCLOCKMONITOR_CLK_TICKS_BELOW;
    179          
    180                  (void) SRData__CheckShort(&SRClockMonitor_Counter,&N_SRClockMonitor_Counter);
   \   00000054   0x0021             MOVS     R1,R4
   \   00000056   0x310E             ADDS     R1,R1,#+14
   \   00000058   0x0020             MOVS     R0,R4
   \   0000005A   0x3008             ADDS     R0,R0,#+8
   \   0000005C   0x.... 0x....      BL       SRData__CheckShort
    181                  (void) SRData__CheckByte(&SRClockMonitor_ErrorCount,&N_SRClockMonitor_ErrorCount);
   \   00000060   0x0021             MOVS     R1,R4
   \   00000062   0x310B             ADDS     R1,R1,#+11
   \   00000064   0x1C60             ADDS     R0,R4,#+1
   \   00000066   0x.... 0x....      BL       SRData__CheckByte
   \   0000006A   0x8921             LDRH     R1,[R4, #+8]
   \   0000006C   0x002A             MOVS     R2,R5
   \   0000006E   0x0010             MOVS     R0,R2
   \   00000070   0x3864             SUBS     R0,R0,#+100
   \   00000072   0x4281             CMP      R1,R0
   \   00000074   0xDB02             BLT      ??SRClockMonitor__MonitorExtClk_6
   \   00000076   0x3264             ADDS     R2,R2,#+100
   \   00000078   0x428A             CMP      R2,R1
   \   0000007A   0xDA10             BGE      ??SRClockMonitor__MonitorExtClk_7
    182                  if (((sint32) SRClockMonitor_Counter < min ) ||
    183                      ((sint32) SRClockMonitor_Counter > max))
    184                  {
    185                      SRData__UpdateByte(&SRClockMonitor_ErrorCount,&N_SRClockMonitor_ErrorCount,SRClockMonitor_ErrorCount+1u);
   \                     ??SRClockMonitor__MonitorExtClk_6: (+1)
   \   0000007C   0x7862             LDRB     R2,[R4, #+1]
   \   0000007E   0x1C52             ADDS     R2,R2,#+1
   \   00000080   0xB2D2             UXTB     R2,R2
   \   00000082   0x0021             MOVS     R1,R4
   \   00000084   0x310B             ADDS     R1,R1,#+11
   \   00000086   0x1C60             ADDS     R0,R4,#+1
   \   00000088   0x.... 0x....      BL       SRData__UpdateByte
    186                      if (SRClockMonitor_ErrorCount >= (uint16) SRCLOCKMONITOR_MAX_ERROR_OCCURENCE)
   \   0000008C   0x7860             LDRB     R0,[R4, #+1]
   \   0000008E   0x2804             CMP      R0,#+4
   \   00000090   0xDB0B             BLT      ??SRClockMonitor__MonitorExtClk_1
    187                      {
    188                          // Out of Range
    189                          SRException__Queue(SREXCEPTION_SRCLOCK_TEST,(uint32)SRClockMonitor_Counter,(uint32)ext_ticks);
   \   00000092   0x002A             MOVS     R2,R5
   \   00000094   0x8921             LDRH     R1,[R4, #+8]
   \   00000096   0x201B             MOVS     R0,#+27
   \   00000098   0x.... 0x....      BL       SRException__Queue
   \   0000009C   0xE005             B        ??SRClockMonitor__MonitorExtClk_1
    190                      }
    191                  }
    192                  else
    193                  {
    194                      SRData__UpdateByte(&SRClockMonitor_ErrorCount,&N_SRClockMonitor_ErrorCount,0u);
   \                     ??SRClockMonitor__MonitorExtClk_7: (+1)
   \   0000009E   0x2200             MOVS     R2,#+0
   \   000000A0   0x0021             MOVS     R1,R4
   \   000000A2   0x310B             ADDS     R1,R1,#+11
   \   000000A4   0x1C60             ADDS     R0,R4,#+1
   \   000000A6   0x.... 0x....      BL       SRData__UpdateByte
    195                  }
    196              }
    197          
    198              // Set external clock event occurred
    199              (void) SRData__CheckByte(&SRClockMonitor_Event,&N_SRClockMonitor_Event);
   \                     ??SRClockMonitor__MonitorExtClk_1: (+1)
   \   000000AA   0x0021             MOVS     R1,R4
   \   000000AC   0x310C             ADDS     R1,R1,#+12
   \   000000AE   0x1CA0             ADDS     R0,R4,#+2
   \   000000B0   0x.... 0x....      BL       SRData__CheckByte
    200              if(SRClockMonitor_Event == SRCLOCKMONITOR_NO_EVENT_KEYWORD)
   \   000000B4   0x78A0             LDRB     R0,[R4, #+2]
   \   000000B6   0x28A5             CMP      R0,#+165
   \   000000B8   0xD105             BNE      ??SRClockMonitor__MonitorExtClk_8
    201              {
    202                  SRData__UpdateByte(&SRClockMonitor_Event,&N_SRClockMonitor_Event,SRCLOCKMONITOR_EVENT_KEYWORD);
   \   000000BA   0x2251             MOVS     R2,#+81
   \   000000BC   0x0021             MOVS     R1,R4
   \   000000BE   0x310C             ADDS     R1,R1,#+12
   \   000000C0   0x1CA0             ADDS     R0,R4,#+2
   \   000000C2   0x.... 0x....      BL       SRData__UpdateByte
    203              }
    204          #endif
    205          }
   \                     ??SRClockMonitor__MonitorExtClk_8: (+1)
   \   000000C6   0xBD31             POP      {R0,R4,R5,PC}    ;; return
    206          
    207          
    208          //---------------------------------------------------------------------------------------------------------------------
    209          /**
    210           * @brief This API returns the static data usually used for debugging
    211           *
    212           * @return
    213           *  @retval SRCLOCKMONITOR_STATISTICS_DATA_TYPE *
    214           */

   \                                 In section .text, align 2, keep-with-next
    215          SRCLOCKMONITOR_STATISTICS_DATA_TYPE * SRClockMonitor__GetStatisticsData(void)
    216          {
    217              #if (SRCLOCKMONITOR_FEATURE == ENABLED)
    218                  return &SRClockMonitor_Statistics;
   \                     SRClockMonitor__GetStatisticsData: (+1)
   \   00000000   0x....             LDR      R0,??DataTable4_2
   \   00000002   0x4770             BX       LR               ;; return
    219              #else
    220                  return NULL;
    221              #endif
    222          }
    223          
    224          //=====================================================================================================================
    225          //-------------------------------------- Private Functions ------------------------------------------------------------
    226          //=====================================================================================================================
    227          #if (SRCLOCKMONITOR_FEATURE == ENABLED)

   \                                 In section .text, align 2, keep-with-next
    228          static void reset_stat_data(void)
    229          {
    230                  SRClockMonitor_Statistics.External_Ticks  =   SRClockMonitor_Counter;
   \                     reset_stat_data: (+1)
   \   00000000   0x....             LDR      R0,??DataTable4
   \   00000002   0x8901             LDRH     R1,[R0, #+8]
   \   00000004   0x8081             STRH     R1,[R0, #+4]
    231                  SRClockMonitor_Statistics.Max_Delta_Ticks =   0;
   \   00000006   0x2100             MOVS     R1,#+0
   \   00000008   0x80C1             STRH     R1,[R0, #+6]
    232          }
   \   0000000A   0x4770             BX       LR               ;; return

   \                                 In section .text, align 4, keep-with-next
   \                     ??DataTable4:
   \   00000000   0x........         DC32     SRClock_First_Reading

   \                                 In section .text, align 4, keep-with-next
   \                     ??DataTable4_1:
   \   00000000   0x0000FFFF         DC32     0xffff

   \                                 In section .text, align 4, keep-with-next
   \                     ??DataTable4_2:
   \   00000000   0x........         DC32     SRClock_First_Reading+0x4
    233          #endif
    234          

   Maximum stack usage in bytes:

   .cstack Function
   ------- --------
       0   SRClockMonitor__GetStatisticsData
       8   SRClockMonitor__Initialize
         8   -> SRData__UpdateByte
         8   -> SRData__UpdateShort
         8   -> SRTaskSequence__SetSequenceStep
         8   -> reset_stat_data
       8   SRClockMonitor__Monitor1ms
         8   -> SRData__CheckByte
         8   -> SRData__CheckShort
         8   -> SRData__UpdateByte
         8   -> SRData__UpdateShort
         8   -> SRException__Queue
         8   -> SRTaskSequence__SetSequenceStep
      16   SRClockMonitor__MonitorExtClk
        16   -> SRData__CheckByte
        16   -> SRData__CheckShort
        16   -> SRData__UpdateByte
        16   -> SRException__Queue
        16   -> reset_stat_data
       0   reset_stat_data


   Section sizes:

   Bytes  Function/Label
   -----  --------------
       4  ??DataTable4
       4  ??DataTable4_1
       4  ??DataTable4_2
       4  SRClockMonitor__GetStatisticsData
      72  SRClockMonitor__Initialize
     116  SRClockMonitor__Monitor1ms
     200  SRClockMonitor__MonitorExtClk
      16  SRClock_First_Reading
          SRClockMonitor_ErrorCount
          SRClockMonitor_Event
          Clear_Stats_Data
          SRClockMonitor_Statistics
          SRClockMonitor_Counter
          N_SRClock_First_Reading
          N_SRClockMonitor_ErrorCount
          N_SRClockMonitor_Event
          N_SRClockMonitor_Counter
      12  reset_stat_data

 
  16 bytes in section .bss
 416 bytes in section .text
 
 416 bytes of CODE memory
  16 bytes of DATA memory

Errors: none
Warnings: none
