###############################################################################
#
# IAR ANSI C/C++ Compiler V7.70.1.11437/W32 for ARM       28/Feb/2025  14:17:42
# Copyright 1999-2016 IAR Systems AB.
#
#    Cpu mode     =  thumb
#    Endian       =  little
#    Source file  =  
#        source/XCategory/Common/all/SRCommon/SRIsrMonitor/SRIsrMonitor.c
#    Command line =  
#        --cpu Cortex-M0+ -Om --debug -e --only_stdout --silent -D
#        ENABLE_JUMP_TO_APPLICATION_WITHOUT_IAP_FIRMWARE --no_wrap_diagnostics
#        -f config\tmp\include_path.lnt
#        (-I../Nucleus-Tools-SDK/embOS/arm/v4.26/source\
#        -I../Nucleus-Tools-SDK/iar/arm/v7.70/cx/inc\
#        -Isource/Category/Application/acu/CycleResume\
#        -Isource/Category/Application/acu/Monitors/AutostartFactoryCycleMonitor\
#        -Isource/Category/Application/acu/Monitors/CartridgeDetectionMonitor\
#        -Isource/Category/Application/acu/Monitors/DCLoadCurrentMonitor\
#        -Isource/Category/Application/acu/Monitors/DiverterFaultMonitor\
#        -Isource/Category/Application/acu/Monitors/DiverterLeakFaultMonitor\
#        -Isource/Category/Application/acu/Monitors/DoorMonitor\
#        -Isource/Category/Application/acu/Monitors/DoorOpeningSystemMonitor\
#        -Isource/Category/Application/acu/Monitors/FanMotorFaultMonitor\
#        -Isource/Category/Application/acu/Monitors/FaultStatusMonitor\
#        -Isource/Category/Application/acu/Monitors/FillValveStuckOn\
#        -Isource/Category/Application/acu/Monitors/FlowMeterFaultMonitor\
#        -Isource/Category/Application/acu/Monitors/HeatMonitor\
#        -Isource/Category/Application/acu/Monitors/HotHighPotMonitor\
#        -Isource/Category/Application/acu/Monitors/LITTFaultMonitor\
#        -Isource/Category/Application/acu/Monitors/LITTMonitor\
#        -Isource/Category/Application/acu/Monitors/McuGetDataMonitor\
#        -Isource/Category/Application/acu/Monitors/ModelMonitors/AirlockDetectionMonitor\
#        -Isource/Category/Application/acu/Monitors/ModelMonitors/AirlockDetectionMonitor/CodeGeneration\
#        -Isource/Category/Application/acu/Monitors/ModelMonitors/HeaterCalcificationDetectionModel\
#        -Isource/Category/Application/acu/Monitors/ModelMonitors/HeaterCalcificationDetectionModel/CodeGeneration\
#        -Isource/Category/Application/acu/Monitors/ModelMonitors/OWIVoltageRegulatedOutputModel\
#        -Isource/Category/Application/acu/Monitors/ModelMonitors/OWIVoltageRegulatedOutputModel/CodeGeneration\
#        -Isource/Category/Application/acu/Monitors/ModelMonitors/PluggingDetectionMonitor\
#        -Isource/Category/Application/acu/Monitors/ModelMonitors/PluggingDetectionMonitor/CodeGeneration\
#        -Isource/Category/Application/acu/Monitors/MoisturePreventionMonitor\
#        -Isource/Category/Application/acu/Monitors/OverfillMonitor\
#        -Isource/Category/Application/acu/Monitors/OWIMonitor\
#        -Isource/Category/Application/acu/Monitors/PilotRelayFaultMonitor\
#        -Isource/Category/Application/acu/Monitors/PilotRelayFaultMonitor/PilotRelayStuckClosedMonitor\
#        -Isource/Category/Application/acu/Monitors/PilotRelayFaultMonitor/PilotRelayStuckOpenMonitor\
#        -Isource/Category/Application/acu/Monitors/PORTimeMonitor\
#        -Isource/Category/Application/acu/Monitors/PumpFlushRequestMonitor\
#        -Isource/Category/Application/acu/Monitors/RinseAidMonitor\
#        -Isource/Category/Application/acu/Monitors/SaltSensingMonitor\
#        -Isource/Category/Application/acu/Monitors/StabilityControlLoopMonitor\
#        -Isource/Category/Application/acu/Monitors/StandbyManager\
#        -Isource/Category/Application/acu/Monitors/SupervisorExtMonitor\
#        -Isource/Category/Application/acu/Monitors/ThermistorFaultMonitor\
#        -Isource/Category/Application/acu/Monitors/ThermistorFaultMonitor/ThermistorOpenMonitor\
#        -Isource/Category/Application/acu/Monitors/ThermistorFaultMonitor/ThermistorShortedMonitor\
#        -Isource/Category/Application/acu/Monitors/TriacCurrentMonitor\
#        -Isource/Category/Application/acu/Monitors/TriacShortedDrainFaultMonitor\
#        -Isource/Category/Application/acu/Monitors/TriacVoltageMonitor\
#        -Isource/Category/Application/acu/Monitors/VoltageRangeMonitor\
#        -Isource/Category/Application/acu/Monitors/VSDrainMotorFaultMonitor\
#        -Isource/Category/Application/acu/Monitors/VwiMonitor\
#        -Isource/Category/Application/acu/Monitors/VwiZoneCompensationMonitor\
#        -Isource/Category/Application/acu/Monitors/WashHeaterFaultMonitor\
#        -Isource/Category/Application/acu/Monitors/WashHeaterFaultMonitor/HeaterLeakageToNeutralMonitor\
#        -Isource/Category/Application/acu/Monitors/WashHeaterFaultMonitor/HeaterLineRelayOpenMonitor\
#        -Isource/Category/Application/acu/Monitors/WashHeaterFaultMonitor/HeaterNeutralRelayOpenMonitor\
#        -Isource/Category/Application/acu/Monitors/WashHeaterFaultMonitor/HeaterOpenAndLineRelayClosedMonitor\
#        -Isource/Category/Application/acu/Monitors/WashHeaterFaultMonitor/HeaterOpenMonitor\
#        -Isource/Category/Application/acu/Monitors/WashMotorFaultMonitor\
#        -Isource/Category/Application/acu/Monitors/ZeroCrossMonitor\
#        -Isource/Category/Application/acu/Processes/AlternateCtrl\
#        -Isource/Category/Application/acu/Processes/Fill\
#        -Isource/Category/Application/acu/Processes/Fill/ClassAFill\
#        -Isource/Category/Application/acu/Processes/Fill/Fill\
#        -Isource/Category/Application/acu/Processes/Fill/TankDrain\
#        -Isource/Category/Application/acu/Processes/Fill/TankFill\
#        -Isource/Category/Application/acu/Processes/Heat\
#        -Isource/Category/Application/acu/Processes/ModelProcesses/OWICalibrationModel\
#        -Isource/Category/Application/acu/Processes/ModelProcesses/OWICalibrationModel/CodeGeneration\
#        -Isource/Category/Application/acu/Processes/ModelProcesses/PartialDrainModel\
#        -Isource/Category/Application/acu/Processes/ModelProcesses/PartialDrainModel/CodeGeneration\
#        -Isource/Category/Application/acu/Processes/ModelProcesses/SensedDrainModel\
#        -Isource/Category/Application/acu/Processes/ModelProcesses/SensedDrainModel/CodeGeneration\
#        -Isource/Category/Application/acu/Processes/OWI\
#        -Isource/Category/Application/acu/Processes/OWI_VRO\
#        -Isource/Category/Application/acu/Processes/OWIOneShot\
#        -Isource/Category/Application/acu/Processes/PumpControl\
#        -Isource/Category/Application/acu/Processes/Regenerate\
#        -Isource/Category/Application/acu/Processes/RinseAidDispense\
#        -Isource/Category/Application/acu/Processes/RinseAidDispense/RinseAid\
#        -Isource/Category/Application/acu/Processes/RinseAidDispense/TridgeDetergent\
#        -Isource/Category/Application/acu/Tasks/DoorOpeningSystemPull\
#        -Isource/Category/Application/acu/Tasks/DoorOpeningSystemPush\
#        -Isource/Category/Application/acu/Tasks/HeaterShadowing\
#        -Isource/Category/Application/acu/Tasks/MoisturePrevention\
#        -Isource/Category/Application/acu/Tasks/OWIContinousReading\
#        -Isource/Category/Application/acu/Tasks/OwiVroContinuousReading\
#        -Isource/Category/Application/acu/Tasks/Sanitization\
#        -Isource/Category/Application/acu/Tasks/StabilityControl\
#        -Isource/Category/Application/acu/Tasks/TimeElapse\
#        -Isource/Category/Application/acu/VWI\
#        -Isource/Category/Application/all/ActivePower\
#        -Isource/Category/Application/all/API007App\
#        -Isource/Category/Application/all/Config\
#        -Isource/Category/Common/acu/CommonDish/DishAuxVar\
#        -Isource/Category/Common/acu/CommonDish/PumpCommand\
#        -Isource/Category/Common/acu/CommonDish/StatisticsDish\
#        -Isource/Category/Common/all/BoardDebugging\
#        -Isource/Category/Common/all/Config\
#        -Isource/Category/Common/all/MasterCommander\
#        -Isource/Category/Common/all/MasterCommander/Source\
#        -Isource/Category/Common/all/MasterCommander/Source/HAL\
#        -Isource/Category/Common/all/SharedUtils\
#        -Isource/Category/Hbl/acu/ACULoadHandler/AlternateLoad\
#        -Isource/Category/Hbl/acuexpacu/ACUGIHandler/WaterCounterGI\
#        -Isource/Category/Hbl/acuexpacu/ACULoadHandler/HeaterLoad\
#        -Isource/Category/Hbl/acuexpacu/ACULoadHandler/TriacMci\
#        -Isource/Category/Hbl/all/Config\ -Isource/Category/Hbl/all/Mci\
#        -Isource/Category/Hbl/all/Mci/MciZeroCross\
#        -Isource/Category/Hbl/all/Mci/Slfac\
#        -Isource/Category/Hbl/all/Mci/Slfac/Macroblocks\
#        -Isource/Category/Hbl/all/Mci/Slfac/Microblocks/GlitchFilter\
#        -Isource/Category/Hbl/all/Mci/Slfac/Microblocks/IIRFilter\
#        -Isource/Category/Hbl/all/Mci/Slfac/Microblocks/MathCalc\
#        -Isource/Category/Hbl/all/Mci/Slfac/Microblocks/PeakDetector\
#        -Isource/Category/Hbl/all/Mci/Slfac/Microblocks/Pi\
#        -Isource/Category/Hbl/all/MCUDrivers/TimeCapture\
#        -Isource/Category/Hbl/all/MCUDrivers/TimerInterruptExt\
#        -Isource/Micros/STM32G0x/Driver/Atod\
#        -Isource/Micros/STM32G0x/Driver/DataFlash\
#        -Isource/Micros/STM32G0x/Driver/Dma\
#        -Isource/Micros/STM32G0x/Driver/Dtoa\
#        -Isource/Micros/STM32G0x/Driver/ExtInterrupt\
#        -Isource/Micros/STM32G0x/Driver/Flash\
#        -Isource/Micros/STM32G0x/Driver/Gpio\
#        -Isource/Micros/STM32G0x/Driver/I2c\
#        -Isource/Micros/STM32G0x/Driver/IntMgr\
#        -Isource/Micros/STM32G0x/Driver/Micro\
#        -Isource/Micros/STM32G0x/Driver/MicroExt\
#        -Isource/Micros/STM32G0x/Driver/Rtc\
#        -Isource/Micros/STM32G0x/Driver/RTCDriver\
#        -Isource/Micros/STM32G0x/Driver/Spi\
#        -Isource/Micros/STM32G0x/Driver/Timeout\
#        -Isource/Micros/STM32G0x/Driver/Timer\
#        -Isource/Micros/STM32G0x/Driver/TimerInterrupt\
#        -Isource/Micros/STM32G0x/Driver/Uart\
#        -Isource/ProjectSpecific/Application/acu/Config\
#        -Isource/ProjectSpecific/Application/acu/LowPower\
#        -Isource/ProjectSpecific/Application/acuexpacu/Config\
#        -Isource/ProjectSpecific/Application/all/Config\
#        -Isource/ProjectSpecific/Application/all/MCUDebug\
#        -Isource/ProjectSpecific/Application/all/ProductInfo\
#        -Isource/ProjectSpecific/Common/acu/Config\
#        -Isource/ProjectSpecific/Common/all/Config\
#        -Isource/ProjectSpecific/Common/all/Debug\
#        -Isource/ProjectSpecific/Common/all/SRConfig\
#        -Isource/ProjectSpecific/Driver/STM32G0x\
#        -Isource/ProjectSpecific/Hbl/acuexpacu/Config\
#        -Isource/ProjectSpecific/Hbl/acuexpacu/SRConfig\
#        -Isource/ProjectSpecific/Hbl/all/Config\
#        -Isource/ProjectSpecific/Hbl/all/Config/Mci\
#        -Isource/ProjectSpecific/Hbl/all/Config/Mci/MasterCommander\
#        -Isource/ProjectSpecific/Hbl/all/Config/Mci/MCUDrivers\
#        -Isource/ProjectSpecific/Hbl/all/SRConfig\
#        -Isource/XCategory/Application/acu/API221MotionCtrl\
#        -Isource/XCategory/Application/acu/Calibration\
#        -Isource/XCategory/Application/acu/Condition\
#        -Isource/XCategory/Application/acu/Estimator\
#        -Isource/XCategory/Application/acu/Interpreter\
#        -Isource/XCategory/Application/acu/Processes/ActivateTask\
#        -Isource/XCategory/Application/acu/Processes/JumpIf\
#        -Isource/XCategory/Application/acu/Processes/LoadsControl\
#        -Isource/XCategory/Application/acu/Processes/Maintain\
#        -Isource/XCategory/Application/acu/Processes/SetVariable\
#        -Isource/XCategory/Application/acu/RegulationAccept\
#        -Isource/XCategory/Application/acu/Selector\
#        -Isource/XCategory/Application/acu/SubCycle\
#        -Isource/XCategory/Application/acu/Supervisor\
#        -Isource/XCategory/Application/acu/TestMgr\
#        -Isource/XCategory/Application/acuexpacu/ApplianceMgr\
#        -Isource/XCategory/Application/acuhmi/CommunicationMonitor\
#        -Isource/XCategory/Application/acuhmi/Modifier\
#        -Isource/XCategory/Application/acuhmi/Regulations\
#        -Isource/XCategory/Application/acuhmi/Status\
#        -Isource/XCategory/Application/all/API007Data\
#        -Isource/XCategory/Application/all/API011AppCtr\
#        -Isource/XCategory/Application/all/API012Exp\
#        -Isource/XCategory/Application/all/API013RemoteFunction\
#        -Isource/XCategory/Application/all/API018Diagnostic\
#        -Isource/XCategory/Application/all/API220MotorControl\
#        -Isource/XCategory/Application/all/API220MotorControl/Api\
#        -Isource/XCategory/Application/all/Mode\
#        -Isource/XCategory/Application/all/Reveal_Basic/API003Disc\
#        -Isource/XCategory/Application/all/Reveal_Basic/API004Debug\
#        -Isource/XCategory/Application/all/Reveal_Basic/API004Debug/SW05SoftwareTest\
#        -Isource/XCategory/Application/all/Reveal_Basic/API005LowLevel\
#        -Isource/XCategory/Application/all/Reveal_Basic/API009System\
#        -Isource/XCategory/Application/all/Reveal_Basic/API010PollVar\
#        -Isource/XCategory/Application/all/Reveal_Basic/API019ProductInfo\
#        -Isource/XCategory/Application/all/SFUpdater\
#        -Isource/XCategory/Application/all/SRAPI020Safety\
#        -Isource/XCategory/Application/all/StatusLed\
#        -Isource/XCategory/Common/acu/BrownOut\
#        -Isource/XCategory/Common/acu/Fault\
#        -Isource/XCategory/Common/acu/Statistics\
#        -Isource/XCategory/Common/all/Common/Callback\
#        -Isource/XCategory/Common/all/Common/Convert\
#        -Isource/XCategory/Common/all/Common/Crc16\
#        -Isource/XCategory/Common/all/Common/Crc32\
#        -Isource/XCategory/Common/all/Common/Crc8\
#        -Isource/XCategory/Common/all/Common/Equation\
#        -Isource/XCategory/Common/all/Common/Filter\
#        -Isource/XCategory/Common/all/Common/FITMgr\
#        -Isource/XCategory/Common/all/Common/I2cMgr\
#        -Isource/XCategory/Common/all/Common/IAPEmul\
#        -Isource/XCategory/Common/all/Common/Log\
#        -Isource/XCategory/Common/all/Common/Millis\
#        -Isource/XCategory/Common/all/Common/SeggerRTT\
#        -Isource/XCategory/Common/all/Common/SeggerRTT/SEGGER_RTT/Config\
#        -Isource/XCategory/Common/all/Common/SeggerRTT/SEGGER_RTT/RTT\
#        -Isource/XCategory/Common/all/Common/SettingFile\
#        -Isource/XCategory/Common/all/Common/SFVersionCheck\
#        -Isource/XCategory/Common/all/Common/SystemConfig\
#        -Isource/XCategory/Common/all/Common/SystemTimers\
#        -Isource/XCategory/Common/all/Common/Utilities\
#        -Isource/XCategory/Common/all/Common/Variable\
#        -Isource/XCategory/Common/all/SRCommon/SRClockMonitor\
#        -Isource/XCategory/Common/all/SRCommon/SRData\
#        -Isource/XCategory/Common/all/SRCommon/SRException\
#        -Isource/XCategory/Common/all/SRCommon/SRIsrMonitor\
#        -Isource/XCategory/Common/all/SRCommon/SRPowerMgr\
#        -Isource/XCategory/Common/all/SRCommon/SRSignature\
#        -Isource/XCategory/Common/all/SRCommon/SRSystemConfig\
#        -Isource/XCategory/Common/all/SRCommon/SRTaskMonitor\
#        -Isource/XCategory/Common/all/SRCommon/SRTaskSequence\
#        -Isource/XCategory/Common/all/SRCommon/SRTimerReference\
#        -Isource/XCategory/Common/all/SRCommon/SRUnusedPinsConfig\
#        -Isource/XCategory/Common/all/SRMain\
#        -Isource/XCategory/Common/all/SRMain/BackgroundThreads\
#        -Isource/XCategory/Common/all/SRMain/OsServices\
#        -Isource/XCategory/Common/all/SRMain/StackAnalysis\
#        -Isource/XCategory/Common/all/SRMain/TimingAnalysis\
#        -Isource/XCategory/Driver/APIs/Atod\
#        -Isource/XCategory/Driver/APIs/Comparator\
#        -Isource/XCategory/Driver/APIs/DataFlash\
#        -Isource/XCategory/Driver/APIs/Dma\
#        -Isource/XCategory/Driver/APIs/Dtc\
#        -Isource/XCategory/Driver/APIs/Dtoa\
#        -Isource/XCategory/Driver/APIs/EmbOS\
#        -Isource/XCategory/Driver/APIs/ExtInterrupt\
#        -Isource/XCategory/Driver/APIs/Flash\
#        -Isource/XCategory/Driver/APIs/Gpio\
#        -Isource/XCategory/Driver/APIs/I2c\
#        -Isource/XCategory/Driver/APIs/IntMgr\
#        -Isource/XCategory/Driver/APIs/Micro\
#        -Isource/XCategory/Driver/APIs/MicroExt\
#        -Isource/XCategory/Driver/APIs/Rtc\
#        -Isource/XCategory/Driver/APIs/RTCDriver\
#        -Isource/XCategory/Driver/APIs/Spi\
#        -Isource/XCategory/Driver/APIs/Timeout\
#        -Isource/XCategory/Driver/APIs/Timer\
#        -Isource/XCategory/Driver/APIs/TimerInterrupt\
#        -Isource/XCategory/Driver/APIs/Touch\
#        -Isource/XCategory/Driver/APIs/Uart\
#        -Isource/XCategory/Hbl/acu/FdmCounter\
#        -Isource/XCategory/Hbl/acu/FdmTimer\
#        -Isource/XCategory/Hbl/acuexpacu/ACUGIHandler/ConvertGI\
#        -Isource/XCategory/Hbl/acuexpacu/ACUGIHandler/DirectGI\
#        -Isource/XCategory/Hbl/acuexpacu/ACUGIHandler/DoorSwitchGI\
#        -Isource/XCategory/Hbl/acuexpacu/ACUGIHandler/ProbeGI\
#        -Isource/XCategory/Hbl/acuexpacu/ACUGIHandler/ProbeLpsGI\
#        -Isource/XCategory/Hbl/acuexpacu/ACULoadHandler/DCFanLoad\
#        -Isource/XCategory/Hbl/acuexpacu/ACUPilotHandler/AnalogOutputPilot\
#        -Isource/XCategory/Hbl/acuexpacu/ACUPilotHandler/ChargePumpPilot\
#        -Isource/XCategory/Hbl/acuexpacu/ACUPilotHandler/DigitalOutputMultiPilot\
#        -Isource/XCategory/Hbl/acuexpacu/ACUPilotHandler/DigitalOutputPilot\
#        -Isource/XCategory/Hbl/acuexpacu/ACUPilotHandler/DoorLockEMPilot\
#        -Isource/XCategory/Hbl/acuexpacu/ACUPilotHandler/DoorLockWaxPilot\
#        -Isource/XCategory/Hbl/acuexpacu/ACUPilotHandler/ExpansionPilot\
#        -Isource/XCategory/Hbl/acuexpacu/ACUPilotHandler/ExternalMotorPilot\
#        -Isource/XCategory/Hbl/acuexpacu/ACUPilotHandler/FSMPilot\
#        -Isource/XCategory/Hbl/acuexpacu/ACUPilotHandler/MagnetronPilot\
#        -Isource/XCategory/Hbl/acuexpacu/ACUPilotHandler/MotorPilot\
#        -Isource/XCategory/Hbl/acuexpacu/ACUPilotHandler/MultiDriverPilot\
#        -Isource/XCategory/Hbl/acuexpacu/ACUPilotHandler/MultiSequencePilot\
#        -Isource/XCategory/Hbl/acuexpacu/ACUPilotHandler/NonfunctionalPilot\
#        -Isource/XCategory/Hbl/acuexpacu/ACUPilotHandler/PwmHiResPilot\
#        -Isource/XCategory/Hbl/acuexpacu/ACUPilotHandler/PwmPilot\
#        -Isource/XCategory/Hbl/acuexpacu/ACUPilotHandler/SRChargePumpPilot\
#        -Isource/XCategory/Hbl/acuexpacu/ACUPilotHandler/SRDigitalOutputMultiPilot\
#        -Isource/XCategory/Hbl/acuexpacu/ACUPilotHandler/SRDigitalOutputPilot\
#        -Isource/XCategory/Hbl/acuexpacu/ACUPilotHandler/SRDoorLockEMPilot\
#        -Isource/XCategory/Hbl/acuexpacu/ACUPilotHandler/SRDoorLockWaxPilot\
#        -Isource/XCategory/Hbl/acuexpacu/ACUPilotHandler/SRUMRelayPilot\
#        -Isource/XCategory/Hbl/acuexpacu/ACUPilotHandler/SteadyPwmProfilePilot\
#        -Isource/XCategory/Hbl/acuexpacu/ACUPilotHandler/StepperPilot\
#        -Isource/XCategory/Hbl/acuexpacu/ACUPilotHandler/TriacSwitchPilot\
#        -Isource/XCategory/Hbl/acuexpacu/ACUPilotHandler/ZCRelayPilot\
#        -Isource/XCategory/Hbl/acuexpacu/ACUPilotHandler/ZCTriacPilot\
#        -Isource/XCategory/Hbl/acuexpacu/HblAcu\
#        -Isource/XCategory/Hbl/acuexpacu/HblAcu/CrossLoads\
#        -Isource/XCategory/Hbl/acuexpacu/HblAcu/SetLoadQueue\
#        -Isource/XCategory/Hbl/acuexpacu/HblAcu/SRProductMgr\
#        -Isource/XCategory/Hbl/acuexpacu/HblAcu/ZeroCross\
#        -Isource/XCategory/Hbl/all/Hbl\
#        -Isource/XCategory/Hbl/all/Hbl/DefaultPin\
#        -Isource/XCategory/Hbl/all/Hbl/HblCommon\
#        -Isource/XCategory/Hbl/all/Hbl/VirtualPin\
#        -Isource/XCategory/Hbl/all/LLIHandler/AbsoluteHumidityLLI\
#        -Isource/XCategory/Hbl/all/LLIHandler/AccelerometerLLI\
#        -Isource/XCategory/Hbl/all/LLIHandler/AccelerometerLLI/AccelBaseline\
#        -Isource/XCategory/Hbl/all/LLIHandler/AccelerometerLLI/AccelDiscover\
#        -Isource/XCategory/Hbl/all/LLIHandler/AccelerometerLLI/FXLS8974\
#        -Isource/XCategory/Hbl/all/LLIHandler/AccelerometerLLI/FXLS8974/SelfTestFXLS8974\
#        -Isource/XCategory/Hbl/all/LLIHandler/AccelerometerLLI/LISxDH\
#        -Isource/XCategory/Hbl/all/LLIHandler/AnalogLLI\
#        -Isource/XCategory/Hbl/all/LLIHandler/ConductivityLLI\
#        -Isource/XCategory/Hbl/all/LLIHandler/DigitalLLI\
#        -Isource/XCategory/Hbl/all/LLIHandler/EncoderLLI\
#        -Isource/XCategory/Hbl/all/LLIHandler/ExpansionLLI\
#        -Isource/XCategory/Hbl/all/LLIHandler/FeedbackLLI\
#        -Isource/XCategory/Hbl/all/LLIHandler/I2CInfraredLLI\
#        -Isource/XCategory/Hbl/all/LLIHandler/I2CPressureSensorLLI\
#        -Isource/XCategory/Hbl/all/LLIHandler/I2CRHTSensorLLI\
#        -Isource/XCategory/Hbl/all/LLIHandler/InputCaptureLLI\
#        -Isource/XCategory/Hbl/all/LLIHandler/MultiInputLLI\
#        -Isource/XCategory/Hbl/all/LLIHandler/NonfunctionalLLI\
#        -Isource/XCategory/Hbl/all/LLIHandler/PulseCounterLLI\
#        -Isource/XCategory/Hbl/all/LLIHandler/SRAnalogLLI\
#        -Isource/XCategory/Hbl/all/LLIHandler/SRDigitalLLI\
#        -Isource/XCategory/Hbl/all/LLIHandler/SRFeedbackLLI\
#        -Isource/XCategory/Hbl/all/LLIHandler/SRI2CPressureSensorLLI\
#        -Isource/XCategory/Hbl/all/LLIHandler/SRICTachometerLLI\
#        -Isource/XCategory/Hbl/all/LLIHandler/SRInputCaptureLLI\
#        -Isource/XCategory/Hbl/all/LLIHandler/SRTouchKeyLLI\
#        -Isource/XCategory/Hbl/all/LLIHandler/SRTriacFeedbackLLI\
#        -Isource/XCategory/Hbl/all/LLIHandler/TouchKeyLLI\
#        -Isource/XCategory/Hbl/all/LLIHandler/TouchSliderLLI\
#        -Isource/XCategory/Hbl/all/LLIHandler/TouchWheelLLI\
#        -Isource/XCategory/Hbl/all/LLIHandler/TriacFeedbackLLI\
#        -Isource/XCategory/Hbl/all/LLIHandler/VirtualDigitalLLI\
#        -Isource/XCategory/Service/all/NVData\
#        -Isource/XCategory/Service/all/Reveal\
#        -Isource/XCategory/Service/all/Win\) -l listings\SRIsrMonitor.lst -o
#        obj\SRIsrMonitor.obj
#        source/XCategory/Common/all/SRCommon/SRIsrMonitor/SRIsrMonitor.c
#    Locale       =  English_United States.1252
#    List file    =  listings\SRIsrMonitor.lst
#    Object file  =  obj\SRIsrMonitor.obj
#
###############################################################################

C:\Data\Nucleus_Dev\Vostok_ACU_A\source\XCategory\Common\all\SRCommon\SRIsrMonitor\SRIsrMonitor.c
      1          /**
      2           *  @file       SRIsrMonitor.c
      3           *  @defgroup   CLASS_B
      4           *  @brief      ISR Monitor module
      5           *
      6           *  @details    Detailed description of the file contents
      7           *
      8           *  @section    Applicable_Documents
      9           *					List here all the applicable documents if needed. <tr>	
     10           *
     11           *  $Header: $
     12           *
     13           *  @copyright  Copyright 2015-$Date$. Whirlpool Corporation. All rights reserved - CONFIDENTIAL
     14           */
     15          //---------------------------------------------------------------------------------------------------------------------
     16          //---------------------------------------------------------------------------------------------------------------------
     17          
     18          
     19          //-------------------------------------- Include Files ----------------------------------------------------------------
     20          #include "SRIsrMonitor.h"
     21          #include "SRPowerMgr.h"
     22          
     23          //-------------------------------------- PUBLIC (Variables) -----------------------------------------------------------
     24          #if (SYSTEM_ENABLE_ISRMONITOR != ENABLED)
     25              SW05_WARNING(11, "SYSTEM_ENABLE_ISRMONITOR is disabled", SW05_CLASSB)
     26          #endif
     27          
     28          #ifndef SRISRMONITOR_MAX
     29              #define SRISRMONITOR_MAX			0
     30          #endif
     31          
     32          #ifndef SRISRMONITOR_MIN
     33              #define SRISRMONITOR_MIN			0
     34          #endif
     35          
     36          #ifndef SRISRMONITOR_MAX_ATTEMPTS
     37              #define SRISRMONITOR_MAX_ATTEMPTS	0
     38          #endif
     39          
     40          //-------------------------------------- PRIVATE (Variables, Constants & Defines) -------------------------------------
     41          #if (SRISRMONITOR_MAX > 0)
     42              #if (SRISRMONITOR_MIN > SRISRMONITOR_MAX)
     43                  #error "SRISRMONITOR_MIN must be lower than SRISRMONITOR_MAX!"
     44              #endif
     45          
     46              #ifndef SRISRMONITOR_LOWSPEED_MAX
     47                  #define SRISRMONITOR_LOWSPEED_MAX       SRISRMONITOR_MAX
     48              #endif
     49          
     50              #ifndef SRISRMONITOR_LOWSPEED_MIN
     51                  #define SRISRMONITOR_LOWSPEED_MIN       SRISRMONITOR_MIN
     52              #endif
     53          
     54              #if (SRPOWERMGR_LOWPOWER_MODE == 3) // SRPOWERMGR_LOW_SPEED_MODE
     55                  #if (SRISRMONITOR_LOWSPEED_MIN > SRISRMONITOR_LOWSPEED_MAX)
     56                      #error "SRISRMONITOR_LOWSPEED_MIN must be lower than SRISRMONITOR_LOWSPEED_MAX!"
     57                  #endif
     58              #endif
     59          
     60              #include "SRException.h"
     61              #include "SRMicro.h"
     62              #include "SRData.h"
     63              #if (SYSTEM_ENABLE_TASKSEQUENCE == ENABLED)
     64                  #include "SRTaskSequence.h"
     65              #endif
     66          
     67              #if ((SRISRMONITOR_MAX < 255) && (SRISRMONITOR_LOWSPEED_MAX < 255))
     68                  typedef uint8 SRISRMONITOR_CNTR_TYPE;
     69          
     70                  #define SRDATA_STAT_CNTR_MAX						0xFF
     71                  #define SRDATA__ISRCHECK(var, n_var)				SRData__CheckByte((var), (n_var))
     72                  #define SRDATA__ISRUPDATE(var, n_var, val)			SRData__UpdateByte((var), (n_var), (val))
     73          
     74              #elif ((SRISRMONITOR_MAX < 65535) && (SRISRMONITOR_LOWSPEED_MAX < 65535))
     75                  typedef uint16 SRISRMONITOR_CNTR_TYPE;
     76          
     77                  #define SRDATA_STAT_CNTR_MAX						0xFFFF
     78                  #define SRDATA__ISRCHECK(var, n_var)				SRData__CheckShort((var), (n_var))
     79                  #define SRDATA__ISRUPDATE(var, n_var, val)			SRData__UpdateShort((var), (n_var), (val))
     80          
     81              #else
     82                  typedef uint32 SRISRMONITOR_CNTR_TYPE;
     83          
     84                  #define SRDATA_STAT_CNTR_MAX						0xFFFFFFFF
     85                  #define SRDATA__ISRCHECK(var, n_var)				SRData__CheckLong((var), (n_var))
     86                  #define SRDATA__ISRUPDATE(var, n_var, val)			SRData__UpdateLong((var), (n_var), (val))
     87              #endif
     88          

   \                                 In section .bss, align 4
     89              static SRISRMONITOR_CNTR_TYPE Isr_Max;
     90              static SRISRMONITOR_CNTR_TYPE Isr_Min;
     91              static SRISRMONITOR_CNTR_TYPE Isr_Enter_Cntr;
     92              static SRISRMONITOR_CNTR_TYPE Isr_Exit_Cntr;
     93              static uint8                  Isr_LowSpeed_Mode;
     94              static uint8                  Isr_BootUp_Skip_Count;
     95          
     96              static SRISRMONITOR_CNTR_TYPE N_Isr_Max;
     97              static SRISRMONITOR_CNTR_TYPE N_Isr_Min;
     98              static SRISRMONITOR_CNTR_TYPE N_Isr_Enter_Cntr;
     99              static SRISRMONITOR_CNTR_TYPE N_Isr_Exit_Cntr;
    100              static uint8                  N_Isr_LowSpeed_Mode;
    101              static uint8                  N_Isr_BootUp_Skip_Count;
    102          
    103              //This variable holds the module information only does not interact with the safety code
    104              static SRISR_STATISTICS_DATA_TYPE Isr_Statistics;
   \                     Isr_Statistics:
   \   00000000                      DS8 8
   \   00000008                      DS8 1
   \   00000009                      DS8 1
   \   0000000A                      DS8 1
   \   0000000B                      DS8 1
   \   0000000C                      DS8 1
   \   0000000D                      DS8 1
   \   0000000E                      DS8 1
   \   0000000F                      DS8 1
   \   00000010                      DS8 1
   \   00000011                      DS8 1
   \   00000012                      DS8 1
   \   00000013                      DS8 1
   \   00000014                      DS8 1
   \   00000015                      DS8 1
   \   00000016                      DS8 1
    105              static BOOL_TYPE Isr_Clear_Stats;
    106          
    107              #if (SRISRMONITOR_MAX_ATTEMPTS > 0)
    108          
    109                  #if (SRISRMONITOR_MAX_ATTEMPTS < 255)
    110                      typedef uint8 SRISRMONITOR_ATTEMPT_TYPE;
    111          
    112                      #define SRDATA_STAT_ATTEMPT_MAX						0xFF
    113                      #define SRDATA__ATTEMPT_CHECK(var, n_var)			SRData__CheckByte((var), (n_var))
    114                      #define SRDATA__ATTEMPT_UPDATE(var, n_var, val)		SRData__UpdateByte((var), (n_var), (val))
    115                  #elif (SRISRMONITOR_MAX_ATTEMPTS < 65535)
    116                      typedef uint16 SRISRMONITOR_ATTEMPT_TYPE;
    117          
    118                      #define SRDATA_STAT_ATTEMPT_MAX						0xFFFF
    119                      #define SRDATA__ATTEMPT_CHECK(var, n_var)			SRData__CheckShort((var), (n_var))
    120                      #define SRDATA__ATTEMPT_UPDATE(var, n_var, val)		SRData__UpdateShort((var), (n_var), (val))
    121                  #else
    122                      typedef uint32 SRISRMONITOR_ATTEMPT_TYPE;
    123          
    124                      #define SRDATA_STAT_ATTEMPT_MAX						0xFFFFFFFF
    125                      #define SRDATA__ATTEMPT_CHECK(var, n_var)			SRData__CheckLong((var), (n_var))
    126                      #define SRDATA__ATTEMPT_UPDATE(var, n_var, val)		SRData__UpdateLong((var), (n_var), (val))
    127                  #endif
    128          
    129                  static SRISRMONITOR_ATTEMPT_TYPE Isr_Attempt_Cntr;
    130          
    131                  static SRISRMONITOR_ATTEMPT_TYPE N_Isr_Attempt_Cntr;
    132              #endif
    133          #endif
    134          
    135          
    136          //-------------------------------------- PRIVATE (Function Prototypes) ------------------------------------------------
    137          static void reset_stat_data(void);
    138          
    139          
    140          //=====================================================================================================================
    141          //-------------------------------------- Public Functions -------------------------------------------------------------
    142          //=====================================================================================================================
    143          
    144          //---------------------------------------------------------------------------------------------------------------------
    145          /**
    146           *  @brief      It Initializes the module SRIsrMonitor and its variables
    147           *
    148           */

   \                                 In section .text, align 2, keep-with-next
    149          void SRIsrMonitor__Initialize(void)
    150          {
   \                     SRIsrMonitor__Initialize: (+1)
   \   00000000   0xB510             PUSH     {R4,LR}
    151          #if (SRISRMONITOR_MAX > 0)
    152          	// Reset Enter and Exit counters
    153              SRDATA__ISRUPDATE(&Isr_Enter_Cntr, &N_Isr_Enter_Cntr, 0);
   \   00000002   0x....             LDR      R4,??DataTable5
   \   00000004   0x2200             MOVS     R2,#+0
   \   00000006   0x0021             MOVS     R1,R4
   \   00000008   0x3112             ADDS     R1,R1,#+18
   \   0000000A   0x0020             MOVS     R0,R4
   \   0000000C   0x300A             ADDS     R0,R0,#+10
   \   0000000E   0x.... 0x....      BL       SRData__UpdateByte
    154              SRDATA__ISRUPDATE(&Isr_Exit_Cntr, &N_Isr_Exit_Cntr, 0);
   \   00000012   0x2200             MOVS     R2,#+0
   \   00000014   0x0021             MOVS     R1,R4
   \   00000016   0x3113             ADDS     R1,R1,#+19
   \   00000018   0x0020             MOVS     R0,R4
   \   0000001A   0x300B             ADDS     R0,R0,#+11
   \   0000001C   0x.... 0x....      BL       SRData__UpdateByte
    155          
    156              #if (SRISRMONITOR_MAX_ATTEMPTS > 0)
    157                  // Reset Attempts counters
    158                  SRDATA__ATTEMPT_UPDATE(&Isr_Attempt_Cntr, &N_Isr_Attempt_Cntr, 0);
   \   00000020   0x2200             MOVS     R2,#+0
   \   00000022   0x0021             MOVS     R1,R4
   \   00000024   0x3116             ADDS     R1,R1,#+22
   \   00000026   0x0020             MOVS     R0,R4
   \   00000028   0x300F             ADDS     R0,R0,#+15
   \   0000002A   0x.... 0x....      BL       SRData__UpdateByte
    159              #endif
    160          
    161              // Start using Normal Speed mode parameters
    162              SRDATA__ISRUPDATE(&Isr_Max, &N_Isr_Max, SRISRMONITOR_MAX);
   \   0000002E   0x22C8             MOVS     R2,#+200
   \   00000030   0x0021             MOVS     R1,R4
   \   00000032   0x3110             ADDS     R1,R1,#+16
   \   00000034   0x0020             MOVS     R0,R4
   \   00000036   0x3008             ADDS     R0,R0,#+8
   \   00000038   0x.... 0x....      BL       SRData__UpdateByte
    163              SRDATA__ISRUPDATE(&Isr_Min, &N_Isr_Min, SRISRMONITOR_MIN);
   \   0000003C   0x2204             MOVS     R2,#+4
   \   0000003E   0x0021             MOVS     R1,R4
   \   00000040   0x3111             ADDS     R1,R1,#+17
   \   00000042   0x0020             MOVS     R0,R4
   \   00000044   0x3009             ADDS     R0,R0,#+9
   \   00000046   0x.... 0x....      BL       SRData__UpdateByte
    164              SRData__UpdateByte(&Isr_LowSpeed_Mode, &N_Isr_LowSpeed_Mode, (uint8) FALSE);
   \   0000004A   0x2200             MOVS     R2,#+0
   \   0000004C   0x0021             MOVS     R1,R4
   \   0000004E   0x3114             ADDS     R1,R1,#+20
   \   00000050   0x0020             MOVS     R0,R4
   \   00000052   0x300C             ADDS     R0,R0,#+12
   \   00000054   0x.... 0x....      BL       SRData__UpdateByte
    165          
    166              Isr_Clear_Stats = FALSE;
   \   00000058   0x2000             MOVS     R0,#+0
   \   0000005A   0x73A0             STRB     R0,[R4, #+14]
    167              reset_stat_data();
   \   0000005C   0x.... 0x....      BL       reset_stat_data
    168              SRData__UpdateByte(&Isr_BootUp_Skip_Count, &N_Isr_BootUp_Skip_Count, 10);
   \   00000060   0x220A             MOVS     R2,#+10
   \   00000062   0x0021             MOVS     R1,R4
   \   00000064   0x3115             ADDS     R1,R1,#+21
   \   00000066   0x0020             MOVS     R0,R4
   \   00000068   0x300D             ADDS     R0,R0,#+13
   \   0000006A   0x.... 0x....      BL       SRData__UpdateByte
    169          
    170              #if (SYSTEM_ENABLE_TASKSEQUENCE == ENABLED)
    171                  SRTaskSequence__SetSequenceStep(SRTASKSEQUENCE_INIT_PHASE, SRTASKSEQUENCE_INIT_SRISRMONITOR);
   \   0000006E   0x2102             MOVS     R1,#+2
   \   00000070   0x2000             MOVS     R0,#+0
   \   00000072   0x.... 0x....      BL       SRTaskSequence__SetSequenceStep
    172              #endif
    173          
    174          #endif
    175          }
   \   00000076   0xBD10             POP      {R4,PC}          ;; return
    176          
    177          //---------------------------------------------------------------------------------------------------------------------
    178          /**
    179           *  @brief      Function to be called at beginning of every ISR function
    180           *
    181           *  @detail		This function checks IsrEnterCntr data integrity and Overrun check
    182           *  			(IsrEnterCntr higher than expected)	before update it.
    183           *  			It can be called also when nested interrupt are used.
    184           *
    185           */

   \                                 In section .text, align 2, keep-with-next
    186          void SRIsrMonitor__EnterIsr(void)
    187          {
   \                     SRIsrMonitor__EnterIsr: (+1)
   \   00000000   0xB538             PUSH     {R3-R5,LR}
    188          #if (SRISRMONITOR_MAX > 0)
    189              MICRO_DECLARE_INTERRUPT_CONTEXT_LOCAL();
    190          
    191              //------- ISR Protected Code --------------------------------------------------------------------------------------
    192              MICRO_SAVE_INTERRUPT_CONTEXT_LOCAL();
   \   00000002   0xF3EF 0x8510      MRS      R5,PRIMASK
   \   00000006   0xB672             CPSID    I
    193              // Data integrity
    194              SRDATA__ISRCHECK(&Isr_Enter_Cntr, &N_Isr_Enter_Cntr);
   \   00000008   0x....             LDR      R4,??DataTable5
   \   0000000A   0x0021             MOVS     R1,R4
   \   0000000C   0x3112             ADDS     R1,R1,#+18
   \   0000000E   0x0020             MOVS     R0,R4
   \   00000010   0x300A             ADDS     R0,R0,#+10
   \   00000012   0x.... 0x....      BL       SRData__CheckByte
    195              SRDATA__ISRCHECK(&Isr_Max, &N_Isr_Max);
   \   00000016   0x0021             MOVS     R1,R4
   \   00000018   0x3110             ADDS     R1,R1,#+16
   \   0000001A   0x0020             MOVS     R0,R4
   \   0000001C   0x3008             ADDS     R0,R0,#+8
   \   0000001E   0x.... 0x....      BL       SRData__CheckByte
    196          	// Catch an ISR overrun
    197              if (Isr_Enter_Cntr >= Isr_Max)
   \   00000022   0x7AA1             LDRB     R1,[R4, #+10]
   \   00000024   0x0008             MOVS     R0,R1
   \   00000026   0x7A22             LDRB     R2,[R4, #+8]
   \   00000028   0x4290             CMP      R0,R2
   \   0000002A   0xD303             BCC      ??SRIsrMonitor__EnterIsr_0
    198              {
    199                  SRException__Queue(SREXCEPTION_SRISR_OVERRUN, Isr_Enter_Cntr, 0);
   \   0000002C   0x2200             MOVS     R2,#+0
   \   0000002E   0x2012             MOVS     R0,#+18
   \   00000030   0x.... 0x....      BL       SRException__Queue
    200              }
    201              // Update ISR Enter counter
    202              SRDATA__ISRUPDATE(&Isr_Enter_Cntr, &N_Isr_Enter_Cntr, Isr_Enter_Cntr+1);
   \                     ??SRIsrMonitor__EnterIsr_0: (+1)
   \   00000034   0x7AA2             LDRB     R2,[R4, #+10]
   \   00000036   0x1C52             ADDS     R2,R2,#+1
   \   00000038   0xB2D2             UXTB     R2,R2
   \   0000003A   0x0021             MOVS     R1,R4
   \   0000003C   0x3112             ADDS     R1,R1,#+18
   \   0000003E   0x0020             MOVS     R0,R4
   \   00000040   0x300A             ADDS     R0,R0,#+10
   \   00000042   0x.... 0x....      BL       SRData__UpdateByte
    203              MICRO_RESTORE_INTERRUPT_CONTEXT_LOCAL();
   \   00000046   0xF385 0x8810      MSR      PRIMASK,R5
    204              //------- End ISR Protected Code ----------------------------------------------------------------------------------
    205          #endif
    206          }
   \   0000004A   0xBD31             POP      {R0,R4,R5,PC}    ;; return
    207          
    208          //---------------------------------------------------------------------------------------------------------------------
    209          /**
    210           *  @brief      Function to be called at end of every ISR function
    211           *
    212           *  @detail		This function checks IsrExitCntr data integrity before update it.
    213           *  			It can be called also when nested interrupt are used.
    214           *
    215           */

   \                                 In section .text, align 2, keep-with-next
    216          void SRIsrMonitor__ExitIsr(void)
    217          {
   \                     SRIsrMonitor__ExitIsr: (+1)
   \   00000000   0xB538             PUSH     {R3-R5,LR}
    218          #if (SRISRMONITOR_MAX > 0)
    219              MICRO_DECLARE_INTERRUPT_CONTEXT_LOCAL();
    220          
    221              //------- ISR Protected Code --------------------------------------------------------------------------------------
    222              MICRO_SAVE_INTERRUPT_CONTEXT_LOCAL();
   \   00000002   0xF3EF 0x8510      MRS      R5,PRIMASK
   \   00000006   0xB672             CPSID    I
    223              // Data integrity
    224              SRDATA__ISRCHECK(&Isr_Exit_Cntr, &N_Isr_Exit_Cntr);
   \   00000008   0x....             LDR      R4,??DataTable5
   \   0000000A   0x0021             MOVS     R1,R4
   \   0000000C   0x3113             ADDS     R1,R1,#+19
   \   0000000E   0x0020             MOVS     R0,R4
   \   00000010   0x300B             ADDS     R0,R0,#+11
   \   00000012   0x.... 0x....      BL       SRData__CheckByte
    225              // Update ISR Exit counter
    226              SRDATA__ISRUPDATE(&Isr_Exit_Cntr, &N_Isr_Exit_Cntr, Isr_Exit_Cntr+1);
   \   00000016   0x7AE2             LDRB     R2,[R4, #+11]
   \   00000018   0x1C52             ADDS     R2,R2,#+1
   \   0000001A   0xB2D2             UXTB     R2,R2
   \   0000001C   0x0021             MOVS     R1,R4
   \   0000001E   0x3113             ADDS     R1,R1,#+19
   \   00000020   0x0020             MOVS     R0,R4
   \   00000022   0x300B             ADDS     R0,R0,#+11
   \   00000024   0x.... 0x....      BL       SRData__UpdateByte
    227              MICRO_RESTORE_INTERRUPT_CONTEXT_LOCAL();
   \   00000028   0xF385 0x8810      MSR      PRIMASK,R5
    228              //------- End ISR Protected Code ----------------------------------------------------------------------------------
    229          #endif
    230          }
   \   0000002C   0xBD31             POP      {R0,R4,R5,PC}    ;; return
    231          
    232          //---------------------------------------------------------------------------------------------------------------------
    233          /**
    234           *  @brief      IsrMonitor Hanlder to check proper ISR execution
    235           *
    236           *  @detail		This function checks all data integrity, IsrEnterCntr/IsrExitCntr match
    237           *  			and minimum number of ISRs occurred.
    238           *  			If ISR number is lower, increases number attempts up to maximum reached.
    239           *  			If everything is OK, resets all counters.
    240           *				This function must be called out of any ISR, otherwise IsrEnterCntr and IsrExitCntr will not match.
    241           *				This function disables interrupts to ensure its proper execution.
    242           *
    243           */

   \                                 In section .text, align 2, keep-with-next
    244          void SRIsrMonitor__Handler(void)
    245          {
   \                     SRIsrMonitor__Handler: (+1)
   \   00000000   0xB538             PUSH     {R3-R5,LR}
    246              #if (SRISRMONITOR_MAX > 0)
    247                  SRData__CheckByte(&Isr_BootUp_Skip_Count, &N_Isr_BootUp_Skip_Count);
   \   00000002   0x....             LDR      R4,??DataTable5
   \   00000004   0x0021             MOVS     R1,R4
   \   00000006   0x3115             ADDS     R1,R1,#+21
   \   00000008   0x0020             MOVS     R0,R4
   \   0000000A   0x300D             ADDS     R0,R0,#+13
   \   0000000C   0x.... 0x....      BL       SRData__CheckByte
    248          
    249                  if (Isr_BootUp_Skip_Count == 0)
   \   00000010   0x7B60             LDRB     R0,[R4, #+13]
   \   00000012   0x0001             MOVS     R1,R0
   \   00000014   0xD000             BEQ      .+4
   \   00000016   0xE0A4             B        ??SRIsrMonitor__Handler_0
    250                  {
    251                      //Clear the stats data here
    252                      if (Isr_Clear_Stats == TRUE)
   \   00000018   0x7BA0             LDRB     R0,[R4, #+14]
   \   0000001A   0x2801             CMP      R0,#+1
   \   0000001C   0xD103             BNE      ??SRIsrMonitor__Handler_1
    253                      {
    254                          Isr_Clear_Stats = FALSE;
   \   0000001E   0x2000             MOVS     R0,#+0
   \   00000020   0x73A0             STRB     R0,[R4, #+14]
    255                          reset_stat_data();
   \   00000022   0x.... 0x....      BL       reset_stat_data
    256                      }
    257          
    258                      MICRO_DECLARE_INTERRUPT_CONTEXT_LOCAL();
    259          
    260                      //------- ISR Protected Code --------------------------------------------------------------------------------------
    261                      MICRO_SAVE_INTERRUPT_CONTEXT_LOCAL();
   \                     ??SRIsrMonitor__Handler_1: (+1)
   \   00000026   0xF3EF 0x8510      MRS      R5,PRIMASK
   \   0000002A   0xB672             CPSID    I
    262                      // Data integrity check
    263                      SRDATA__ISRCHECK(&Isr_Enter_Cntr, &N_Isr_Enter_Cntr);
   \   0000002C   0x0021             MOVS     R1,R4
   \   0000002E   0x3112             ADDS     R1,R1,#+18
   \   00000030   0x0020             MOVS     R0,R4
   \   00000032   0x300A             ADDS     R0,R0,#+10
   \   00000034   0x.... 0x....      BL       SRData__CheckByte
    264                      SRDATA__ISRCHECK(&Isr_Exit_Cntr, &N_Isr_Exit_Cntr);
   \   00000038   0x0021             MOVS     R1,R4
   \   0000003A   0x3113             ADDS     R1,R1,#+19
   \   0000003C   0x0020             MOVS     R0,R4
   \   0000003E   0x300B             ADDS     R0,R0,#+11
   \   00000040   0x.... 0x....      BL       SRData__CheckByte
    265                      SRDATA__ISRCHECK(&Isr_Max, &N_Isr_Max);
   \   00000044   0x0021             MOVS     R1,R4
   \   00000046   0x3110             ADDS     R1,R1,#+16
   \   00000048   0x0020             MOVS     R0,R4
   \   0000004A   0x3008             ADDS     R0,R0,#+8
   \   0000004C   0x.... 0x....      BL       SRData__CheckByte
    266                      SRDATA__ISRCHECK(&Isr_Min, &N_Isr_Min);
   \   00000050   0x0021             MOVS     R1,R4
   \   00000052   0x3111             ADDS     R1,R1,#+17
   \   00000054   0x0020             MOVS     R0,R4
   \   00000056   0x3009             ADDS     R0,R0,#+9
   \   00000058   0x.... 0x....      BL       SRData__CheckByte
    267                      SRData__CheckByte(&Isr_LowSpeed_Mode, &N_Isr_LowSpeed_Mode);
   \   0000005C   0x0021             MOVS     R1,R4
   \   0000005E   0x3114             ADDS     R1,R1,#+20
   \   00000060   0x0020             MOVS     R0,R4
   \   00000062   0x300C             ADDS     R0,R0,#+12
   \   00000064   0x.... 0x....      BL       SRData__CheckByte
    268                      #if (SRISRMONITOR_MAX_ATTEMPTS > 0)
    269                          SRDATA__ATTEMPT_CHECK(&Isr_Attempt_Cntr, &N_Isr_Attempt_Cntr);
   \   00000068   0x0021             MOVS     R1,R4
   \   0000006A   0x3116             ADDS     R1,R1,#+22
   \   0000006C   0x0020             MOVS     R0,R4
   \   0000006E   0x300F             ADDS     R0,R0,#+15
   \   00000070   0x.... 0x....      BL       SRData__CheckByte
    270                      #endif
    271          
    272                      #if (SRPOWERMGR_LOWPOWER_MODE == 3) // SRPOWERMGR_LOW_SPEED_MODE
    273                          // If Low Speed mode has been engaged, update Max and Min values with Low speed ones
    274                          if ((Isr_LowSpeed_Mode == (uint8) FALSE) &&
    275                              (SRPowerMgr__GetMode() == SRPOWERMGR_LOW_SPEED_MODE))
   \   00000074   0x7B20             LDRB     R0,[R4, #+12]
   \   00000076   0x2800             CMP      R0,#+0
   \   00000078   0xD118             BNE      ??SRIsrMonitor__Handler_2
   \   0000007A   0x.... 0x....      BL       SRPowerMgr__GetMode
   \   0000007E   0x2803             CMP      R0,#+3
   \   00000080   0xD114             BNE      ??SRIsrMonitor__Handler_2
    276                          {
    277                              SRData__UpdateByte(&Isr_LowSpeed_Mode, &N_Isr_LowSpeed_Mode, (uint8) TRUE);
   \   00000082   0x2201             MOVS     R2,#+1
   \   00000084   0x0021             MOVS     R1,R4
   \   00000086   0x3114             ADDS     R1,R1,#+20
   \   00000088   0x0020             MOVS     R0,R4
   \   0000008A   0x300C             ADDS     R0,R0,#+12
   \   0000008C   0x.... 0x....      BL       SRData__UpdateByte
    278                              SRDATA__ISRUPDATE(&Isr_Max, &N_Isr_Max, SRISRMONITOR_LOWSPEED_MAX);
   \   00000090   0x2264             MOVS     R2,#+100
   \   00000092   0x0021             MOVS     R1,R4
   \   00000094   0x3110             ADDS     R1,R1,#+16
   \   00000096   0x0020             MOVS     R0,R4
   \   00000098   0x3008             ADDS     R0,R0,#+8
   \   0000009A   0x.... 0x....      BL       SRData__UpdateByte
    279                              SRDATA__ISRUPDATE(&Isr_Min, &N_Isr_Min, SRISRMONITOR_LOWSPEED_MIN);
   \   0000009E   0x2201             MOVS     R2,#+1
   \   000000A0   0x0021             MOVS     R1,R4
   \   000000A2   0x3111             ADDS     R1,R1,#+17
   \   000000A4   0x0020             MOVS     R0,R4
   \   000000A6   0x3009             ADDS     R0,R0,#+9
   \   000000A8   0x.... 0x....      BL       SRData__UpdateByte
    280                          }
    281                      #endif
    282          
    283                      // Catch an Enter/Exit mismatch - at this point they must be equal!
    284                      if (Isr_Enter_Cntr != Isr_Exit_Cntr)
   \                     ??SRIsrMonitor__Handler_2: (+1)
   \   000000AC   0x7AE2             LDRB     R2,[R4, #+11]
   \   000000AE   0x7AA1             LDRB     R1,[R4, #+10]
   \   000000B0   0x0008             MOVS     R0,R1
   \   000000B2   0x0013             MOVS     R3,R2
   \   000000B4   0x4298             CMP      R0,R3
   \   000000B6   0xD002             BEQ      ??SRIsrMonitor__Handler_3
    285                      {
    286                          SRException__Queue(SREXCEPTION_SRISR_SEQUENCE_MISMATCH, Isr_Enter_Cntr, Isr_Exit_Cntr);
   \   000000B8   0x2013             MOVS     R0,#+19
   \   000000BA   0x.... 0x....      BL       SRException__Queue
    287                      }
    288                      MICRO_RESTORE_INTERRUPT_CONTEXT_LOCAL();
   \                     ??SRIsrMonitor__Handler_3: (+1)
   \   000000BE   0xF385 0x8810      MSR      PRIMASK,R5
    289                      //------- End ISR Protected Code ----------------------------------------------------------------------------------
    290          
    291                      // Catch interrupts less than lower threshold set
    292                      if (Isr_Enter_Cntr < Isr_Min)
   \   000000C2   0x7AA0             LDRB     R0,[R4, #+10]
   \   000000C4   0x7A61             LDRB     R1,[R4, #+9]
   \   000000C6   0x4288             CMP      R0,R1
   \   000000C8   0xD215             BCS      ??SRIsrMonitor__Handler_4
    293                      {
    294                          //------- ISR Protected Code --------------------------------------------------------------------------------------
    295                          MICRO_SAVE_INTERRUPT_CONTEXT_LOCAL();
   \   000000CA   0xF3EF 0x8510      MRS      R5,PRIMASK
   \   000000CE   0xB672             CPSID    I
    296                          // Handle attempts - do exception only if higher than SRISRMONITOR_MAX_ATTEMPTS
    297                          if(Isr_Attempt_Cntr < SRISRMONITOR_MAX_ATTEMPTS)
   \   000000D0   0x7BE0             LDRB     R0,[R4, #+15]
   \   000000D2   0x2800             CMP      R0,#+0
   \   000000D4   0xD107             BNE      ??SRIsrMonitor__Handler_5
    298                          {
    299                              SRDATA__ATTEMPT_UPDATE(&Isr_Attempt_Cntr, &N_Isr_Attempt_Cntr, Isr_Attempt_Cntr+1);
   \   000000D6   0x2201             MOVS     R2,#+1
   \   000000D8   0x0021             MOVS     R1,R4
   \   000000DA   0x3116             ADDS     R1,R1,#+22
   \   000000DC   0x0020             MOVS     R0,R4
   \   000000DE   0x300F             ADDS     R0,R0,#+15
   \   000000E0   0x.... 0x....      BL       SRData__UpdateByte
   \   000000E4   0xE004             B        ??SRIsrMonitor__Handler_6
    300                          }
    301                          else
    302                          {
    303                              SRException__Queue(SREXCEPTION_SRISR_TIMEOUT, Isr_Enter_Cntr, 0);
   \                     ??SRIsrMonitor__Handler_5: (+1)
   \   000000E6   0x2200             MOVS     R2,#+0
   \   000000E8   0x7AA1             LDRB     R1,[R4, #+10]
   \   000000EA   0x2014             MOVS     R0,#+20
   \   000000EC   0x.... 0x....      BL       SRException__Queue
    304                          }
    305                          MICRO_RESTORE_INTERRUPT_CONTEXT_LOCAL();
   \                     ??SRIsrMonitor__Handler_6: (+1)
   \   000000F0   0xF385 0x8810      MSR      PRIMASK,R5
   \   000000F4   0xE016             B        ??SRIsrMonitor__Handler_7
    306                          //------- End ISR Protected Code ----------------------------------------------------------------------------------
    307                      }
    308                      else
    309                      {
    310                          #if (SRISRMONITOR_MAX_ATTEMPTS > 0)
    311                              if (Isr_Attempt_Cntr > Isr_Statistics.Isr_Attempt_Max_Cntr)
   \                     ??SRIsrMonitor__Handler_4: (+1)
   \   000000F6   0x7BE0             LDRB     R0,[R4, #+15]
   \   000000F8   0x7961             LDRB     R1,[R4, #+5]
   \   000000FA   0x0002             MOVS     R2,R0
   \   000000FC   0x4291             CMP      R1,R2
   \   000000FE   0xD200             BCS      ??SRIsrMonitor__Handler_8
    312                              {
    313                                  Isr_Statistics.Isr_Attempt_Max_Cntr = Isr_Attempt_Cntr;
   \   00000100   0x7160             STRB     R0,[R4, #+5]
    314                              }
    315          
    316                              if (Isr_Attempt_Cntr < Isr_Statistics.Isr_Attempt_Min_Cntr)
   \                     ??SRIsrMonitor__Handler_8: (+1)
   \   00000102   0x0001             MOVS     R1,R0
   \   00000104   0x7922             LDRB     R2,[R4, #+4]
   \   00000106   0x4291             CMP      R1,R2
   \   00000108   0xD200             BCS      ??SRIsrMonitor__Handler_9
    317                              {
    318                                  Isr_Statistics.Isr_Attempt_Min_Cntr = Isr_Attempt_Cntr;
   \   0000010A   0x7120             STRB     R0,[R4, #+4]
    319                              }
    320          
    321                              MICRO_SAVE_INTERRUPT_CONTEXT_LOCAL();
   \                     ??SRIsrMonitor__Handler_9: (+1)
   \   0000010C   0xF3EF 0x8510      MRS      R5,PRIMASK
   \   00000110   0xB672             CPSID    I
    322          
    323                              // Everything is going OK - reset attempt counter
    324                              SRDATA__ATTEMPT_UPDATE(&Isr_Attempt_Cntr, &N_Isr_Attempt_Cntr, 0);
   \   00000112   0x2200             MOVS     R2,#+0
   \   00000114   0x0021             MOVS     R1,R4
   \   00000116   0x3116             ADDS     R1,R1,#+22
   \   00000118   0x0020             MOVS     R0,R4
   \   0000011A   0x300F             ADDS     R0,R0,#+15
   \   0000011C   0x.... 0x....      BL       SRData__UpdateByte
    325          
    326                              MICRO_RESTORE_INTERRUPT_CONTEXT_LOCAL();
   \   00000120   0xF385 0x8810      MSR      PRIMASK,R5
   \                     ??SRIsrMonitor__Handler_7: (+1)
   \   00000124   0x7AA0             LDRB     R0,[R4, #+10]
   \   00000126   0x8861             LDRH     R1,[R4, #+2]
   \   00000128   0x0002             MOVS     R2,R0
   \   0000012A   0x4291             CMP      R1,R2
   \   0000012C   0xD200             BCS      ??SRIsrMonitor__Handler_10
    327                          #endif
    328                      }
    329          
    330                      // Update statistics
    331                      if (Isr_Enter_Cntr > Isr_Statistics.Isr_Max_Cntr)
    332                      {
    333                          Isr_Statistics.Isr_Max_Cntr = Isr_Enter_Cntr;
   \   0000012E   0x8060             STRH     R0,[R4, #+2]
    334                      }
    335          
    336                      if (Isr_Enter_Cntr < Isr_Statistics.Isr_Min_Cntr)
   \                     ??SRIsrMonitor__Handler_10: (+1)
   \   00000130   0x0001             MOVS     R1,R0
   \   00000132   0x8822             LDRH     R2,[R4, #+0]
   \   00000134   0x4291             CMP      R1,R2
   \   00000136   0xD200             BCS      ??SRIsrMonitor__Handler_11
    337                      {
    338                          Isr_Statistics.Isr_Min_Cntr = Isr_Enter_Cntr;
   \   00000138   0x8020             STRH     R0,[R4, #+0]
    339                      }
    340          
    341          
    342                      //------- ISR Protected Code --------------------------------------------------------------------------------------
    343                      MICRO_SAVE_INTERRUPT_CONTEXT_LOCAL();
   \                     ??SRIsrMonitor__Handler_11: (+1)
   \   0000013A   0xF3EF 0x8510      MRS      R5,PRIMASK
   \   0000013E   0xB672             CPSID    I
    344          
    345                      // Everything is going OK - reset all counters for next check
    346                      SRDATA__ISRUPDATE(&Isr_Enter_Cntr, &N_Isr_Enter_Cntr, 0);
   \   00000140   0x2200             MOVS     R2,#+0
   \   00000142   0x0021             MOVS     R1,R4
   \   00000144   0x3112             ADDS     R1,R1,#+18
   \   00000146   0x0020             MOVS     R0,R4
   \   00000148   0x300A             ADDS     R0,R0,#+10
   \   0000014A   0x.... 0x....      BL       SRData__UpdateByte
    347                      SRDATA__ISRUPDATE(&Isr_Exit_Cntr, &N_Isr_Exit_Cntr, 0);
   \   0000014E   0x2200             MOVS     R2,#+0
   \   00000150   0x0021             MOVS     R1,R4
   \   00000152   0x3113             ADDS     R1,R1,#+19
   \   00000154   0x0020             MOVS     R0,R4
   \   00000156   0x300B             ADDS     R0,R0,#+11
   \   00000158   0x.... 0x....      BL       SRData__UpdateByte
    348                      MICRO_RESTORE_INTERRUPT_CONTEXT_LOCAL();
   \   0000015C   0xF385 0x8810      MSR      PRIMASK,R5
   \   00000160   0xE015             B        ??SRIsrMonitor__Handler_12
    349                      //------- End ISR Protected Code ----------------------------------------------------------------------------------
    350                  }
    351                  else
    352                  {
    353                      SRData__UpdateByte(&Isr_BootUp_Skip_Count, &N_Isr_BootUp_Skip_Count, (Isr_BootUp_Skip_Count-1));
   \                     ??SRIsrMonitor__Handler_0: (+1)
   \   00000162   0x1E42             SUBS     R2,R0,#+1
   \   00000164   0xB2D2             UXTB     R2,R2
   \   00000166   0x0021             MOVS     R1,R4
   \   00000168   0x3115             ADDS     R1,R1,#+21
   \   0000016A   0x0020             MOVS     R0,R4
   \   0000016C   0x300D             ADDS     R0,R0,#+13
   \   0000016E   0x.... 0x....      BL       SRData__UpdateByte
    354          
    355                      SRDATA__ISRUPDATE(&Isr_Enter_Cntr, &N_Isr_Enter_Cntr, 0);
   \   00000172   0x2200             MOVS     R2,#+0
   \   00000174   0x0021             MOVS     R1,R4
   \   00000176   0x3112             ADDS     R1,R1,#+18
   \   00000178   0x0020             MOVS     R0,R4
   \   0000017A   0x300A             ADDS     R0,R0,#+10
   \   0000017C   0x.... 0x....      BL       SRData__UpdateByte
    356                      SRDATA__ISRUPDATE(&Isr_Exit_Cntr, &N_Isr_Exit_Cntr, 0);
   \   00000180   0x2200             MOVS     R2,#+0
   \   00000182   0x0021             MOVS     R1,R4
   \   00000184   0x3113             ADDS     R1,R1,#+19
   \   00000186   0x0020             MOVS     R0,R4
   \   00000188   0x300B             ADDS     R0,R0,#+11
   \   0000018A   0x.... 0x....      BL       SRData__UpdateByte
    357                  }
    358          
    359                  #if (SYSTEM_ENABLE_TASKSEQUENCE == ENABLED)
    360                     SRTaskSequence__SetSequenceStep(SRTASKSEQUENCE_MAIN_HANDLER, SRTASKSEQUENCE_MAIN_ISRMONITOR);
   \                     ??SRIsrMonitor__Handler_12: (+1)
   \   0000018E   0x2104             MOVS     R1,#+4
   \   00000190   0x2002             MOVS     R0,#+2
   \   00000192   0x.... 0x....      BL       SRTaskSequence__SetSequenceStep
    361                  #endif
    362          
    363                     //-----------------------------------------------------------------------------------------------------------------
    364              #endif
    365          }
   \   00000196   0xBD31             POP      {R0,R4,R5,PC}    ;; return
    366          
    367          
    368          //---------------------------------------------------------------------------------------------------------------------
    369          /**
    370           * @brief This API returns the static data usually used for debugging
    371           *
    372           * @return
    373           *  @retval SRISR_STATISTICS_DATA_TYPE *
    374           */

   \                                 In section .text, align 2, keep-with-next
    375          SRISR_STATISTICS_DATA_TYPE * SRIsrMonitor__GetStatisticsData(void)
    376          {
    377              #if (SRISRMONITOR_MAX > 0)
    378                  Isr_Clear_Stats = TRUE;
   \                     SRIsrMonitor__GetStatisticsData: (+1)
   \   00000000   0x....             LDR      R0,??DataTable5
   \   00000002   0x2101             MOVS     R1,#+1
   \   00000004   0x7381             STRB     R1,[R0, #+14]
    379                  return &Isr_Statistics;
   \   00000006   0x4770             BX       LR               ;; return
    380              #else
    381                  return NULL;
    382              #endif
    383          }
    384          
    385          
    386          //=====================================================================================================================
    387          //-------------------------------------- Private Functions ------------------------------------------------------------
    388          //=====================================================================================================================

   \                                 In section .text, align 2, keep-with-next
    389          static void reset_stat_data(void)
    390          {
    391              // Reset data statistics
    392              Isr_Statistics.Isr_Min_Cntr = SRDATA_STAT_CNTR_MAX;
   \                     reset_stat_data: (+1)
   \   00000000   0x....             LDR      R0,??DataTable5
   \   00000002   0x21FF             MOVS     R1,#+255
   \   00000004   0x8001             STRH     R1,[R0, #+0]
    393              Isr_Statistics.Isr_Max_Cntr = 0;
   \   00000006   0x2200             MOVS     R2,#+0
   \   00000008   0x8042             STRH     R2,[R0, #+2]
    394              Isr_Statistics.Isr_Attempt_Min_Cntr = SRDATA_STAT_ATTEMPT_MAX;
   \   0000000A   0x7101             STRB     R1,[R0, #+4]
    395              Isr_Statistics.Isr_Attempt_Max_Cntr = 0;
   \   0000000C   0x7142             STRB     R2,[R0, #+5]
    396          }
   \   0000000E   0x4770             BX       LR               ;; return

   \                                 In section .text, align 4, keep-with-next
   \                     ??DataTable5:
   \   00000000   0x........         DC32     Isr_Statistics

   Maximum stack usage in bytes:

   .cstack Function
   ------- --------
      16   SRIsrMonitor__EnterIsr
        16   -> SRData__CheckByte
        16   -> SRData__UpdateByte
        16   -> SRException__Queue
      16   SRIsrMonitor__ExitIsr
        16   -> SRData__CheckByte
        16   -> SRData__UpdateByte
       0   SRIsrMonitor__GetStatisticsData
      16   SRIsrMonitor__Handler
        16   -> SRData__CheckByte
        16   -> SRData__UpdateByte
        16   -> SRException__Queue
        16   -> SRPowerMgr__GetMode
        16   -> SRTaskSequence__SetSequenceStep
        16   -> reset_stat_data
       8   SRIsrMonitor__Initialize
         8   -> SRData__UpdateByte
         8   -> SRTaskSequence__SetSequenceStep
         8   -> reset_stat_data
       0   reset_stat_data


   Section sizes:

   Bytes  Function/Label
   -----  --------------
       4  ??DataTable5
      23  Isr_Statistics
          Isr_Max
          Isr_Min
          Isr_Enter_Cntr
          Isr_Exit_Cntr
          Isr_LowSpeed_Mode
          Isr_BootUp_Skip_Count
          Isr_Clear_Stats
          Isr_Attempt_Cntr
          N_Isr_Max
          N_Isr_Min
          N_Isr_Enter_Cntr
          N_Isr_Exit_Cntr
          N_Isr_LowSpeed_Mode
          N_Isr_BootUp_Skip_Count
          N_Isr_Attempt_Cntr
      76  SRIsrMonitor__EnterIsr
      46  SRIsrMonitor__ExitIsr
       8  SRIsrMonitor__GetStatisticsData
     408  SRIsrMonitor__Handler
     120  SRIsrMonitor__Initialize
      16  reset_stat_data

 
  23 bytes in section .bss
 678 bytes in section .text
 
 678 bytes of CODE memory
  23 bytes of DATA memory

Errors: none
Warnings: none
