###############################################################################
#
# IAR ANSI C/C++ Compiler V7.70.1.11437/W32 for ARM       28/Feb/2025  14:17:49
# Copyright 1999-2016 IAR Systems AB.
#
#    Cpu mode     =  thumb
#    Endian       =  little
#    Source file  =  
#        source/XCategory/Hbl/acuexpacu/ACUPilotHandler/SteadyPwmProfilePilot/SteadyPwmProfilePilot.c
#    Command line =  
#        --cpu Cortex-M0+ -Om --debug -e --only_stdout --silent -D
#        ENABLE_JUMP_TO_APPLICATION_WITHOUT_IAP_FIRMWARE --no_wrap_diagnostics
#        -f config\tmp\include_path.lnt
#        (-I../Nucleus-Tools-SDK/embOS/arm/v4.26/source\
#        -I../Nucleus-Tools-SDK/iar/arm/v7.70/cx/inc\
#        -Isource/Category/Application/acu/CycleResume\
#        -Isource/Category/Application/acu/Monitors/AutostartFactoryCycleMonitor\
#        -Isource/Category/Application/acu/Monitors/CartridgeDetectionMonitor\
#        -Isource/Category/Application/acu/Monitors/DCLoadCurrentMonitor\
#        -Isource/Category/Application/acu/Monitors/DiverterFaultMonitor\
#        -Isource/Category/Application/acu/Monitors/DiverterLeakFaultMonitor\
#        -Isource/Category/Application/acu/Monitors/DoorMonitor\
#        -Isource/Category/Application/acu/Monitors/DoorOpeningSystemMonitor\
#        -Isource/Category/Application/acu/Monitors/FanMotorFaultMonitor\
#        -Isource/Category/Application/acu/Monitors/FaultStatusMonitor\
#        -Isource/Category/Application/acu/Monitors/FillValveStuckOn\
#        -Isource/Category/Application/acu/Monitors/FlowMeterFaultMonitor\
#        -Isource/Category/Application/acu/Monitors/HeatMonitor\
#        -Isource/Category/Application/acu/Monitors/HotHighPotMonitor\
#        -Isource/Category/Application/acu/Monitors/LITTFaultMonitor\
#        -Isource/Category/Application/acu/Monitors/LITTMonitor\
#        -Isource/Category/Application/acu/Monitors/McuGetDataMonitor\
#        -Isource/Category/Application/acu/Monitors/ModelMonitors/AirlockDetectionMonitor\
#        -Isource/Category/Application/acu/Monitors/ModelMonitors/AirlockDetectionMonitor/CodeGeneration\
#        -Isource/Category/Application/acu/Monitors/ModelMonitors/HeaterCalcificationDetectionModel\
#        -Isource/Category/Application/acu/Monitors/ModelMonitors/HeaterCalcificationDetectionModel/CodeGeneration\
#        -Isource/Category/Application/acu/Monitors/ModelMonitors/OWIVoltageRegulatedOutputModel\
#        -Isource/Category/Application/acu/Monitors/ModelMonitors/OWIVoltageRegulatedOutputModel/CodeGeneration\
#        -Isource/Category/Application/acu/Monitors/ModelMonitors/PluggingDetectionMonitor\
#        -Isource/Category/Application/acu/Monitors/ModelMonitors/PluggingDetectionMonitor/CodeGeneration\
#        -Isource/Category/Application/acu/Monitors/MoisturePreventionMonitor\
#        -Isource/Category/Application/acu/Monitors/OverfillMonitor\
#        -Isource/Category/Application/acu/Monitors/OWIMonitor\
#        -Isource/Category/Application/acu/Monitors/PilotRelayFaultMonitor\
#        -Isource/Category/Application/acu/Monitors/PilotRelayFaultMonitor/PilotRelayStuckClosedMonitor\
#        -Isource/Category/Application/acu/Monitors/PilotRelayFaultMonitor/PilotRelayStuckOpenMonitor\
#        -Isource/Category/Application/acu/Monitors/PORTimeMonitor\
#        -Isource/Category/Application/acu/Monitors/PumpFlushRequestMonitor\
#        -Isource/Category/Application/acu/Monitors/RinseAidMonitor\
#        -Isource/Category/Application/acu/Monitors/SaltSensingMonitor\
#        -Isource/Category/Application/acu/Monitors/StabilityControlLoopMonitor\
#        -Isource/Category/Application/acu/Monitors/StandbyManager\
#        -Isource/Category/Application/acu/Monitors/SupervisorExtMonitor\
#        -Isource/Category/Application/acu/Monitors/ThermistorFaultMonitor\
#        -Isource/Category/Application/acu/Monitors/ThermistorFaultMonitor/ThermistorOpenMonitor\
#        -Isource/Category/Application/acu/Monitors/ThermistorFaultMonitor/ThermistorShortedMonitor\
#        -Isource/Category/Application/acu/Monitors/TriacCurrentMonitor\
#        -Isource/Category/Application/acu/Monitors/TriacShortedDrainFaultMonitor\
#        -Isource/Category/Application/acu/Monitors/TriacVoltageMonitor\
#        -Isource/Category/Application/acu/Monitors/VoltageRangeMonitor\
#        -Isource/Category/Application/acu/Monitors/VSDrainMotorFaultMonitor\
#        -Isource/Category/Application/acu/Monitors/VwiMonitor\
#        -Isource/Category/Application/acu/Monitors/VwiZoneCompensationMonitor\
#        -Isource/Category/Application/acu/Monitors/WashHeaterFaultMonitor\
#        -Isource/Category/Application/acu/Monitors/WashHeaterFaultMonitor/HeaterLeakageToNeutralMonitor\
#        -Isource/Category/Application/acu/Monitors/WashHeaterFaultMonitor/HeaterLineRelayOpenMonitor\
#        -Isource/Category/Application/acu/Monitors/WashHeaterFaultMonitor/HeaterNeutralRelayOpenMonitor\
#        -Isource/Category/Application/acu/Monitors/WashHeaterFaultMonitor/HeaterOpenAndLineRelayClosedMonitor\
#        -Isource/Category/Application/acu/Monitors/WashHeaterFaultMonitor/HeaterOpenMonitor\
#        -Isource/Category/Application/acu/Monitors/WashMotorFaultMonitor\
#        -Isource/Category/Application/acu/Monitors/ZeroCrossMonitor\
#        -Isource/Category/Application/acu/Processes/AlternateCtrl\
#        -Isource/Category/Application/acu/Processes/Fill\
#        -Isource/Category/Application/acu/Processes/Fill/ClassAFill\
#        -Isource/Category/Application/acu/Processes/Fill/Fill\
#        -Isource/Category/Application/acu/Processes/Fill/TankDrain\
#        -Isource/Category/Application/acu/Processes/Fill/TankFill\
#        -Isource/Category/Application/acu/Processes/Heat\
#        -Isource/Category/Application/acu/Processes/ModelProcesses/OWICalibrationModel\
#        -Isource/Category/Application/acu/Processes/ModelProcesses/OWICalibrationModel/CodeGeneration\
#        -Isource/Category/Application/acu/Processes/ModelProcesses/PartialDrainModel\
#        -Isource/Category/Application/acu/Processes/ModelProcesses/PartialDrainModel/CodeGeneration\
#        -Isource/Category/Application/acu/Processes/ModelProcesses/SensedDrainModel\
#        -Isource/Category/Application/acu/Processes/ModelProcesses/SensedDrainModel/CodeGeneration\
#        -Isource/Category/Application/acu/Processes/OWI\
#        -Isource/Category/Application/acu/Processes/OWI_VRO\
#        -Isource/Category/Application/acu/Processes/OWIOneShot\
#        -Isource/Category/Application/acu/Processes/PumpControl\
#        -Isource/Category/Application/acu/Processes/Regenerate\
#        -Isource/Category/Application/acu/Processes/RinseAidDispense\
#        -Isource/Category/Application/acu/Processes/RinseAidDispense/RinseAid\
#        -Isource/Category/Application/acu/Processes/RinseAidDispense/TridgeDetergent\
#        -Isource/Category/Application/acu/Tasks/DoorOpeningSystemPull\
#        -Isource/Category/Application/acu/Tasks/DoorOpeningSystemPush\
#        -Isource/Category/Application/acu/Tasks/HeaterShadowing\
#        -Isource/Category/Application/acu/Tasks/MoisturePrevention\
#        -Isource/Category/Application/acu/Tasks/OWIContinousReading\
#        -Isource/Category/Application/acu/Tasks/OwiVroContinuousReading\
#        -Isource/Category/Application/acu/Tasks/Sanitization\
#        -Isource/Category/Application/acu/Tasks/StabilityControl\
#        -Isource/Category/Application/acu/Tasks/TimeElapse\
#        -Isource/Category/Application/acu/VWI\
#        -Isource/Category/Application/all/ActivePower\
#        -Isource/Category/Application/all/API007App\
#        -Isource/Category/Application/all/Config\
#        -Isource/Category/Common/acu/CommonDish/DishAuxVar\
#        -Isource/Category/Common/acu/CommonDish/PumpCommand\
#        -Isource/Category/Common/acu/CommonDish/StatisticsDish\
#        -Isource/Category/Common/all/BoardDebugging\
#        -Isource/Category/Common/all/Config\
#        -Isource/Category/Common/all/MasterCommander\
#        -Isource/Category/Common/all/MasterCommander/Source\
#        -Isource/Category/Common/all/MasterCommander/Source/HAL\
#        -Isource/Category/Common/all/SharedUtils\
#        -Isource/Category/Hbl/acu/ACULoadHandler/AlternateLoad\
#        -Isource/Category/Hbl/acuexpacu/ACUGIHandler/WaterCounterGI\
#        -Isource/Category/Hbl/acuexpacu/ACULoadHandler/HeaterLoad\
#        -Isource/Category/Hbl/acuexpacu/ACULoadHandler/TriacMci\
#        -Isource/Category/Hbl/all/Config\ -Isource/Category/Hbl/all/Mci\
#        -Isource/Category/Hbl/all/Mci/MciZeroCross\
#        -Isource/Category/Hbl/all/Mci/Slfac\
#        -Isource/Category/Hbl/all/Mci/Slfac/Macroblocks\
#        -Isource/Category/Hbl/all/Mci/Slfac/Microblocks/GlitchFilter\
#        -Isource/Category/Hbl/all/Mci/Slfac/Microblocks/IIRFilter\
#        -Isource/Category/Hbl/all/Mci/Slfac/Microblocks/MathCalc\
#        -Isource/Category/Hbl/all/Mci/Slfac/Microblocks/PeakDetector\
#        -Isource/Category/Hbl/all/Mci/Slfac/Microblocks/Pi\
#        -Isource/Category/Hbl/all/MCUDrivers/TimeCapture\
#        -Isource/Category/Hbl/all/MCUDrivers/TimerInterruptExt\
#        -Isource/Micros/STM32G0x/Driver/Atod\
#        -Isource/Micros/STM32G0x/Driver/DataFlash\
#        -Isource/Micros/STM32G0x/Driver/Dma\
#        -Isource/Micros/STM32G0x/Driver/Dtoa\
#        -Isource/Micros/STM32G0x/Driver/ExtInterrupt\
#        -Isource/Micros/STM32G0x/Driver/Flash\
#        -Isource/Micros/STM32G0x/Driver/Gpio\
#        -Isource/Micros/STM32G0x/Driver/I2c\
#        -Isource/Micros/STM32G0x/Driver/IntMgr\
#        -Isource/Micros/STM32G0x/Driver/Micro\
#        -Isource/Micros/STM32G0x/Driver/MicroExt\
#        -Isource/Micros/STM32G0x/Driver/Rtc\
#        -Isource/Micros/STM32G0x/Driver/RTCDriver\
#        -Isource/Micros/STM32G0x/Driver/Spi\
#        -Isource/Micros/STM32G0x/Driver/Timeout\
#        -Isource/Micros/STM32G0x/Driver/Timer\
#        -Isource/Micros/STM32G0x/Driver/TimerInterrupt\
#        -Isource/Micros/STM32G0x/Driver/Uart\
#        -Isource/ProjectSpecific/Application/acu/Config\
#        -Isource/ProjectSpecific/Application/acu/LowPower\
#        -Isource/ProjectSpecific/Application/acuexpacu/Config\
#        -Isource/ProjectSpecific/Application/all/Config\
#        -Isource/ProjectSpecific/Application/all/MCUDebug\
#        -Isource/ProjectSpecific/Application/all/ProductInfo\
#        -Isource/ProjectSpecific/Common/acu/Config\
#        -Isource/ProjectSpecific/Common/all/Config\
#        -Isource/ProjectSpecific/Common/all/Debug\
#        -Isource/ProjectSpecific/Common/all/SRConfig\
#        -Isource/ProjectSpecific/Driver/STM32G0x\
#        -Isource/ProjectSpecific/Hbl/acuexpacu/Config\
#        -Isource/ProjectSpecific/Hbl/acuexpacu/SRConfig\
#        -Isource/ProjectSpecific/Hbl/all/Config\
#        -Isource/ProjectSpecific/Hbl/all/Config/Mci\
#        -Isource/ProjectSpecific/Hbl/all/Config/Mci/MasterCommander\
#        -Isource/ProjectSpecific/Hbl/all/Config/Mci/MCUDrivers\
#        -Isource/ProjectSpecific/Hbl/all/SRConfig\
#        -Isource/XCategory/Application/acu/API221MotionCtrl\
#        -Isource/XCategory/Application/acu/Calibration\
#        -Isource/XCategory/Application/acu/Condition\
#        -Isource/XCategory/Application/acu/Estimator\
#        -Isource/XCategory/Application/acu/Interpreter\
#        -Isource/XCategory/Application/acu/Processes/ActivateTask\
#        -Isource/XCategory/Application/acu/Processes/JumpIf\
#        -Isource/XCategory/Application/acu/Processes/LoadsControl\
#        -Isource/XCategory/Application/acu/Processes/Maintain\
#        -Isource/XCategory/Application/acu/Processes/SetVariable\
#        -Isource/XCategory/Application/acu/RegulationAccept\
#        -Isource/XCategory/Application/acu/Selector\
#        -Isource/XCategory/Application/acu/SubCycle\
#        -Isource/XCategory/Application/acu/Supervisor\
#        -Isource/XCategory/Application/acu/TestMgr\
#        -Isource/XCategory/Application/acuexpacu/ApplianceMgr\
#        -Isource/XCategory/Application/acuhmi/CommunicationMonitor\
#        -Isource/XCategory/Application/acuhmi/Modifier\
#        -Isource/XCategory/Application/acuhmi/Regulations\
#        -Isource/XCategory/Application/acuhmi/Status\
#        -Isource/XCategory/Application/all/API007Data\
#        -Isource/XCategory/Application/all/API011AppCtr\
#        -Isource/XCategory/Application/all/API012Exp\
#        -Isource/XCategory/Application/all/API013RemoteFunction\
#        -Isource/XCategory/Application/all/API018Diagnostic\
#        -Isource/XCategory/Application/all/API220MotorControl\
#        -Isource/XCategory/Application/all/API220MotorControl/Api\
#        -Isource/XCategory/Application/all/Mode\
#        -Isource/XCategory/Application/all/Reveal_Basic/API003Disc\
#        -Isource/XCategory/Application/all/Reveal_Basic/API004Debug\
#        -Isource/XCategory/Application/all/Reveal_Basic/API004Debug/SW05SoftwareTest\
#        -Isource/XCategory/Application/all/Reveal_Basic/API005LowLevel\
#        -Isource/XCategory/Application/all/Reveal_Basic/API009System\
#        -Isource/XCategory/Application/all/Reveal_Basic/API010PollVar\
#        -Isource/XCategory/Application/all/Reveal_Basic/API019ProductInfo\
#        -Isource/XCategory/Application/all/SFUpdater\
#        -Isource/XCategory/Application/all/SRAPI020Safety\
#        -Isource/XCategory/Application/all/StatusLed\
#        -Isource/XCategory/Common/acu/BrownOut\
#        -Isource/XCategory/Common/acu/Fault\
#        -Isource/XCategory/Common/acu/Statistics\
#        -Isource/XCategory/Common/all/Common/Callback\
#        -Isource/XCategory/Common/all/Common/Convert\
#        -Isource/XCategory/Common/all/Common/Crc16\
#        -Isource/XCategory/Common/all/Common/Crc32\
#        -Isource/XCategory/Common/all/Common/Crc8\
#        -Isource/XCategory/Common/all/Common/Equation\
#        -Isource/XCategory/Common/all/Common/Filter\
#        -Isource/XCategory/Common/all/Common/FITMgr\
#        -Isource/XCategory/Common/all/Common/I2cMgr\
#        -Isource/XCategory/Common/all/Common/IAPEmul\
#        -Isource/XCategory/Common/all/Common/Log\
#        -Isource/XCategory/Common/all/Common/Millis\
#        -Isource/XCategory/Common/all/Common/SeggerRTT\
#        -Isource/XCategory/Common/all/Common/SeggerRTT/SEGGER_RTT/Config\
#        -Isource/XCategory/Common/all/Common/SeggerRTT/SEGGER_RTT/RTT\
#        -Isource/XCategory/Common/all/Common/SettingFile\
#        -Isource/XCategory/Common/all/Common/SFVersionCheck\
#        -Isource/XCategory/Common/all/Common/SystemConfig\
#        -Isource/XCategory/Common/all/Common/SystemTimers\
#        -Isource/XCategory/Common/all/Common/Utilities\
#        -Isource/XCategory/Common/all/Common/Variable\
#        -Isource/XCategory/Common/all/SRCommon/SRClockMonitor\
#        -Isource/XCategory/Common/all/SRCommon/SRData\
#        -Isource/XCategory/Common/all/SRCommon/SRException\
#        -Isource/XCategory/Common/all/SRCommon/SRIsrMonitor\
#        -Isource/XCategory/Common/all/SRCommon/SRPowerMgr\
#        -Isource/XCategory/Common/all/SRCommon/SRSignature\
#        -Isource/XCategory/Common/all/SRCommon/SRSystemConfig\
#        -Isource/XCategory/Common/all/SRCommon/SRTaskMonitor\
#        -Isource/XCategory/Common/all/SRCommon/SRTaskSequence\
#        -Isource/XCategory/Common/all/SRCommon/SRTimerReference\
#        -Isource/XCategory/Common/all/SRCommon/SRUnusedPinsConfig\
#        -Isource/XCategory/Common/all/SRMain\
#        -Isource/XCategory/Common/all/SRMain/BackgroundThreads\
#        -Isource/XCategory/Common/all/SRMain/OsServices\
#        -Isource/XCategory/Common/all/SRMain/StackAnalysis\
#        -Isource/XCategory/Common/all/SRMain/TimingAnalysis\
#        -Isource/XCategory/Driver/APIs/Atod\
#        -Isource/XCategory/Driver/APIs/Comparator\
#        -Isource/XCategory/Driver/APIs/DataFlash\
#        -Isource/XCategory/Driver/APIs/Dma\
#        -Isource/XCategory/Driver/APIs/Dtc\
#        -Isource/XCategory/Driver/APIs/Dtoa\
#        -Isource/XCategory/Driver/APIs/EmbOS\
#        -Isource/XCategory/Driver/APIs/ExtInterrupt\
#        -Isource/XCategory/Driver/APIs/Flash\
#        -Isource/XCategory/Driver/APIs/Gpio\
#        -Isource/XCategory/Driver/APIs/I2c\
#        -Isource/XCategory/Driver/APIs/IntMgr\
#        -Isource/XCategory/Driver/APIs/Micro\
#        -Isource/XCategory/Driver/APIs/MicroExt\
#        -Isource/XCategory/Driver/APIs/Rtc\
#        -Isource/XCategory/Driver/APIs/RTCDriver\
#        -Isource/XCategory/Driver/APIs/Spi\
#        -Isource/XCategory/Driver/APIs/Timeout\
#        -Isource/XCategory/Driver/APIs/Timer\
#        -Isource/XCategory/Driver/APIs/TimerInterrupt\
#        -Isource/XCategory/Driver/APIs/Touch\
#        -Isource/XCategory/Driver/APIs/Uart\
#        -Isource/XCategory/Hbl/acu/FdmCounter\
#        -Isource/XCategory/Hbl/acu/FdmTimer\
#        -Isource/XCategory/Hbl/acuexpacu/ACUGIHandler/ConvertGI\
#        -Isource/XCategory/Hbl/acuexpacu/ACUGIHandler/DirectGI\
#        -Isource/XCategory/Hbl/acuexpacu/ACUGIHandler/DoorSwitchGI\
#        -Isource/XCategory/Hbl/acuexpacu/ACUGIHandler/ProbeGI\
#        -Isource/XCategory/Hbl/acuexpacu/ACUGIHandler/ProbeLpsGI\
#        -Isource/XCategory/Hbl/acuexpacu/ACULoadHandler/DCFanLoad\
#        -Isource/XCategory/Hbl/acuexpacu/ACUPilotHandler/AnalogOutputPilot\
#        -Isource/XCategory/Hbl/acuexpacu/ACUPilotHandler/ChargePumpPilot\
#        -Isource/XCategory/Hbl/acuexpacu/ACUPilotHandler/DigitalOutputMultiPilot\
#        -Isource/XCategory/Hbl/acuexpacu/ACUPilotHandler/DigitalOutputPilot\
#        -Isource/XCategory/Hbl/acuexpacu/ACUPilotHandler/DoorLockEMPilot\
#        -Isource/XCategory/Hbl/acuexpacu/ACUPilotHandler/DoorLockWaxPilot\
#        -Isource/XCategory/Hbl/acuexpacu/ACUPilotHandler/ExpansionPilot\
#        -Isource/XCategory/Hbl/acuexpacu/ACUPilotHandler/ExternalMotorPilot\
#        -Isource/XCategory/Hbl/acuexpacu/ACUPilotHandler/FSMPilot\
#        -Isource/XCategory/Hbl/acuexpacu/ACUPilotHandler/MagnetronPilot\
#        -Isource/XCategory/Hbl/acuexpacu/ACUPilotHandler/MotorPilot\
#        -Isource/XCategory/Hbl/acuexpacu/ACUPilotHandler/MultiDriverPilot\
#        -Isource/XCategory/Hbl/acuexpacu/ACUPilotHandler/MultiSequencePilot\
#        -Isource/XCategory/Hbl/acuexpacu/ACUPilotHandler/NonfunctionalPilot\
#        -Isource/XCategory/Hbl/acuexpacu/ACUPilotHandler/PwmHiResPilot\
#        -Isource/XCategory/Hbl/acuexpacu/ACUPilotHandler/PwmPilot\
#        -Isource/XCategory/Hbl/acuexpacu/ACUPilotHandler/SRChargePumpPilot\
#        -Isource/XCategory/Hbl/acuexpacu/ACUPilotHandler/SRDigitalOutputMultiPilot\
#        -Isource/XCategory/Hbl/acuexpacu/ACUPilotHandler/SRDigitalOutputPilot\
#        -Isource/XCategory/Hbl/acuexpacu/ACUPilotHandler/SRDoorLockEMPilot\
#        -Isource/XCategory/Hbl/acuexpacu/ACUPilotHandler/SRDoorLockWaxPilot\
#        -Isource/XCategory/Hbl/acuexpacu/ACUPilotHandler/SRUMRelayPilot\
#        -Isource/XCategory/Hbl/acuexpacu/ACUPilotHandler/SteadyPwmProfilePilot\
#        -Isource/XCategory/Hbl/acuexpacu/ACUPilotHandler/StepperPilot\
#        -Isource/XCategory/Hbl/acuexpacu/ACUPilotHandler/TriacSwitchPilot\
#        -Isource/XCategory/Hbl/acuexpacu/ACUPilotHandler/ZCRelayPilot\
#        -Isource/XCategory/Hbl/acuexpacu/ACUPilotHandler/ZCTriacPilot\
#        -Isource/XCategory/Hbl/acuexpacu/HblAcu\
#        -Isource/XCategory/Hbl/acuexpacu/HblAcu/CrossLoads\
#        -Isource/XCategory/Hbl/acuexpacu/HblAcu/SetLoadQueue\
#        -Isource/XCategory/Hbl/acuexpacu/HblAcu/SRProductMgr\
#        -Isource/XCategory/Hbl/acuexpacu/HblAcu/ZeroCross\
#        -Isource/XCategory/Hbl/all/Hbl\
#        -Isource/XCategory/Hbl/all/Hbl/DefaultPin\
#        -Isource/XCategory/Hbl/all/Hbl/HblCommon\
#        -Isource/XCategory/Hbl/all/Hbl/VirtualPin\
#        -Isource/XCategory/Hbl/all/LLIHandler/AbsoluteHumidityLLI\
#        -Isource/XCategory/Hbl/all/LLIHandler/AccelerometerLLI\
#        -Isource/XCategory/Hbl/all/LLIHandler/AccelerometerLLI/AccelBaseline\
#        -Isource/XCategory/Hbl/all/LLIHandler/AccelerometerLLI/AccelDiscover\
#        -Isource/XCategory/Hbl/all/LLIHandler/AccelerometerLLI/FXLS8974\
#        -Isource/XCategory/Hbl/all/LLIHandler/AccelerometerLLI/FXLS8974/SelfTestFXLS8974\
#        -Isource/XCategory/Hbl/all/LLIHandler/AccelerometerLLI/LISxDH\
#        -Isource/XCategory/Hbl/all/LLIHandler/AnalogLLI\
#        -Isource/XCategory/Hbl/all/LLIHandler/ConductivityLLI\
#        -Isource/XCategory/Hbl/all/LLIHandler/DigitalLLI\
#        -Isource/XCategory/Hbl/all/LLIHandler/EncoderLLI\
#        -Isource/XCategory/Hbl/all/LLIHandler/ExpansionLLI\
#        -Isource/XCategory/Hbl/all/LLIHandler/FeedbackLLI\
#        -Isource/XCategory/Hbl/all/LLIHandler/I2CInfraredLLI\
#        -Isource/XCategory/Hbl/all/LLIHandler/I2CPressureSensorLLI\
#        -Isource/XCategory/Hbl/all/LLIHandler/I2CRHTSensorLLI\
#        -Isource/XCategory/Hbl/all/LLIHandler/InputCaptureLLI\
#        -Isource/XCategory/Hbl/all/LLIHandler/MultiInputLLI\
#        -Isource/XCategory/Hbl/all/LLIHandler/NonfunctionalLLI\
#        -Isource/XCategory/Hbl/all/LLIHandler/PulseCounterLLI\
#        -Isource/XCategory/Hbl/all/LLIHandler/SRAnalogLLI\
#        -Isource/XCategory/Hbl/all/LLIHandler/SRDigitalLLI\
#        -Isource/XCategory/Hbl/all/LLIHandler/SRFeedbackLLI\
#        -Isource/XCategory/Hbl/all/LLIHandler/SRI2CPressureSensorLLI\
#        -Isource/XCategory/Hbl/all/LLIHandler/SRICTachometerLLI\
#        -Isource/XCategory/Hbl/all/LLIHandler/SRInputCaptureLLI\
#        -Isource/XCategory/Hbl/all/LLIHandler/SRTouchKeyLLI\
#        -Isource/XCategory/Hbl/all/LLIHandler/SRTriacFeedbackLLI\
#        -Isource/XCategory/Hbl/all/LLIHandler/TouchKeyLLI\
#        -Isource/XCategory/Hbl/all/LLIHandler/TouchSliderLLI\
#        -Isource/XCategory/Hbl/all/LLIHandler/TouchWheelLLI\
#        -Isource/XCategory/Hbl/all/LLIHandler/TriacFeedbackLLI\
#        -Isource/XCategory/Hbl/all/LLIHandler/VirtualDigitalLLI\
#        -Isource/XCategory/Service/all/NVData\
#        -Isource/XCategory/Service/all/Reveal\
#        -Isource/XCategory/Service/all/Win\) -l
#        listings\SteadyPwmProfilePilot.lst -o obj\SteadyPwmProfilePilot.obj
#        source/XCategory/Hbl/acuexpacu/ACUPilotHandler/SteadyPwmProfilePilot/SteadyPwmProfilePilot.c
#    Locale       =  English_United States.1252
#    List file    =  listings\SteadyPwmProfilePilot.lst
#    Object file  =  obj\SteadyPwmProfilePilot.obj
#
###############################################################################

C:\Data\Nucleus_Dev\Vostok_ACU_A\source\XCategory\Hbl\acuexpacu\ACUPilotHandler\SteadyPwmProfilePilot\SteadyPwmProfilePilot.c
      1          /**
      2           *  @file       
      3           *
      4           *  @brief      This is Damper ON/OFF type
      5           *
      6           *
      7           *
      8           *  @details    Detailed description of the file contents
      9           *
     10           *  @section    Applicable_Documents
     11           *					List here all the applicable documents if needed. <tr>	
     12           *
     13           *  $Header: $
     14           *
     15           *  @copyright  Copyright 2015-$Date$. Whirlpool Corporation. All rights reserved - CONFIDENTIAL
     16           */
     17          //---------------------------------------------------------------------------------------------------------------------
     18          //---------------------------------------------------------------------------------------------------------------------
     19          
     20          
     21          //-------------------------------------- Include Files ----------------------------------------------------------------
     22          #include "C_Extensions.h"
     23          #include "SteadyPwmProfilePilot.h"
     24          
     25          #if (HBL_PILOT_NUM_STEADYPWMPROFILE > 0)
     26          
     27          #include "Millis.h"
     28          #include "string.h"
     29          #include "Timer.h"
     30          #include "VirtualPin.h"
     31          
     32          //-------------------------------------- PUBLIC (Variables) -----------------------------------------------------------
     33          
     34          //-------------------------------------- PRIVATE (Variables, Constants & Defines) -------------------------------------
     35          
     36          #define STEADYPWMPROFILE_MAXIMUM_PROFILE_SUPPORTED      16
     37          #define ABSOLUTE_VALUE(x,y)                             (x>y? x-y:y-x)
     38          
     39          PACKED typedef struct
     40          {
     41              uint8 Maximum_Duty_Step;
     42              uint8 Minimum_Duty_Step;
     43              uint8 Valid_Minimum_Duty;       //minimum initial speed required for the motor to spin
     44              uint8 Unused;
     45              uint16 Step_Interval_Time;
     46              uint16 Base_Frequency;
     47              uint8 Profile_Number;
     48              uint8 Duty_Profile;
     49          } STEADYPWMPROFILEPILOT_PARAMETERS_TYPE;
     50          
     51          typedef struct
     52          {
     53              MILLIS_TIMER_TYPE Timer_Handler;
     54              TIMER_PARAMETER_TYPE Timer_Parameter;
     55              uint8 Requested;
     56              uint8 Processed;
     57              HBL_LOAD_STATUS_TYPE Status;
     58              uint8 Processed_Duty;
     59              BOOL_TYPE Frequency_Configuration_Needed;
     60          } STEADYPWMPROFILEPILOT_DATA_TYPE;
     61          

   \                                 In section .bss, align 4
     62          static STEADYPWMPROFILEPILOT_DATA_TYPE SteadyPwmProfilePilot_Data[HBL_PILOT_NUM_STEADYPWMPROFILE];
   \                     SteadyPwmProfilePilot_Data:
   \   00000000                      DS8 32
     63          

   \                                 In section .bss, align 1
     64          static uint8 SteadyPwmProfilePilot_Allocation;
   \                     SteadyPwmProfilePilot_Allocation:
   \   00000000                      DS8 1
     65          
     66          //-------------------------------------- PRIVATE (Function Prototypes) ------------------------------------------------
     67          
     68          
     69          //=====================================================================================================================
     70          //-------------------------------------- Public Functions -------------------------------------------------------------
     71          //=====================================================================================================================
     72          
     73          //---------------------------------------------------------------------------------------------------------------------
     74          /**
     75           *  @brief      It Initializes the module SteadyPwmProfilePilot and its variables
     76           *
     77           */

   \                                 In section .text, align 2, keep-with-next
     78          void SteadyPwmProfilePilot__Initialize(void)
     79          {
   \                     SteadyPwmProfilePilot__Initialize: (+1)
   \   00000000   0xB580             PUSH     {R7,LR}
     80              SteadyPwmProfilePilot_Allocation = 0;
   \   00000002   0x2000             MOVS     R0,#+0
   \   00000004   0x....             LDR      R1,??DataTable8
   \   00000006   0x7008             STRB     R0,[R1, #+0]
     81              memset(SteadyPwmProfilePilot_Data,0,sizeof(SteadyPwmProfilePilot_Data));
   \   00000008   0x4602             MOV      R2,R0
   \   0000000A   0x2120             MOVS     R1,#+32
   \   0000000C   0x....             LDR      R0,??DataTable8_1
   \   0000000E   0x.... 0x....      BL       __aeabi_memset4
     82          }
   \   00000012   0xBD01             POP      {R0,PC}          ;; return
     83          
     84          //---------------------------------------------------------------------------------------------------------------------
     85          /**
     86           * @brief
     87           * @return
     88           */

   \                                 In section .text, align 2, keep-with-next
     89          uint8 SteadyPwmProfilePilot__Allocate(void)
     90          {
     91              uint8 retval = HBL_INDEX_INVALID;
   \                     SteadyPwmProfilePilot__Allocate: (+1)
   \   00000000   0x20FF             MOVS     R0,#+255
     92          
     93              if (SteadyPwmProfilePilot_Allocation < HBL_PILOT_NUM_STEADYPWMPROFILE)
   \   00000002   0x....             LDR      R1,??DataTable8
   \   00000004   0x780A             LDRB     R2,[R1, #+0]
   \   00000006   0x2A02             CMP      R2,#+2
   \   00000008   0xDA02             BGE      ??SteadyPwmProfilePilot__Allocate_0
     94              {
     95                  retval = SteadyPwmProfilePilot_Allocation;
   \   0000000A   0x0010             MOVS     R0,R2
     96                  SteadyPwmProfilePilot_Allocation++;
   \   0000000C   0x1C52             ADDS     R2,R2,#+1
   \   0000000E   0x700A             STRB     R2,[R1, #+0]
     97              }
     98              return (retval);
   \                     ??SteadyPwmProfilePilot__Allocate_0: (+1)
   \   00000010   0x4770             BX       LR               ;; return
     99          }
    100          
    101          //---------------------------------------------------------------------------------------------------------------------
    102          /**
    103           *
    104           * @param load
    105           */

   \                                 In section .text, align 2, keep-with-next
    106          PASS_FAIL_TYPE SteadyPwmProfilePilot__InitializeInstance(HBL_LOAD_TYPE * load)
    107          {
   \                     SteadyPwmProfilePilot__InitializeInstance: (+1)
   \   00000000   0xB5F0             PUSH     {R4-R7,LR}
   \   00000002   0xB083             SUB      SP,SP,#+12
   \   00000004   0x0007             MOVS     R7,R0
    108              PASS_FAIL_TYPE retval = FAIL;
   \   00000006   0x2600             MOVS     R6,#+0
    109          
    110              if (load->Pilot_Data_Index < SteadyPwmProfilePilot_Allocation)
   \   00000008   0x7C38             LDRB     R0,[R7, #+16]
   \   0000000A   0x0001             MOVS     R1,R0
   \   0000000C   0x....             LDR      R2,??DataTable8
   \   0000000E   0x7812             LDRB     R2,[R2, #+0]
   \   00000010   0x4291             CMP      R1,R2
   \   00000012   0xD245             BCS      ??SteadyPwmProfilePilot__InitializeInstance_0
    111              {
    112              	STEADYPWMPROFILEPILOT_DATA_TYPE *data = &SteadyPwmProfilePilot_Data[load->Pilot_Data_Index];
   \   00000014   0x....             LDR      R1,??DataTable8_1
   \   00000016   0x0100             LSLS     R0,R0,#+4
   \   00000018   0x180C             ADDS     R4,R1,R0
    113              	STEADYPWMPROFILEPILOT_PARAMETERS_TYPE *parameters  = (void *)load->Parameter_Ptr.Data;
   \   0000001A   0x1D38             ADDS     R0,R7,#+4
   \   0000001C   0x.... 0x....      BL       __aeabi_uread4
   \   00000020   0x9000             STR      R0,[SP, #+0]
    114                  uint8 virtual_pin = load->Pin_Ptr[0];
   \   00000022   0x0038             MOVS     R0,R7
   \   00000024   0x.... 0x....      BL       __aeabi_uread4
   \   00000028   0x7800             LDRB     R0,[R0, #+0]
   \   0000002A   0x9001             STR      R0,[SP, #+4]
    115          
    116                  data->Requested          = 0;
   \   0000002C   0x72E6             STRB     R6,[R4, #+11]
    117                  data->Processed          = 0;
   \   0000002E   0x7326             STRB     R6,[R4, #+12]
    118                  data->Status.Load.Status = HBL_LOAD_STATUS_INITIALIZE;
   \   00000030   0x20F0             MOVS     R0,#+240
   \   00000032   0x7B61             LDRB     R1,[R4, #+13]
   \   00000034   0x4301             ORRS     R1,R1,R0
   \   00000036   0x7361             STRB     R1,[R4, #+13]
    119                  data->Status.Load.Cur_Reg= (uint8) OFF;
   \   00000038   0x7360             STRB     R0,[R4, #+13]
    120                  data->Processed_Duty     = 0;
   \   0000003A   0x73A6             STRB     R6,[R4, #+14]
    121                  data->Frequency_Configuration_Needed       = TRUE;
   \   0000003C   0x2501             MOVS     R5,#+1
   \   0000003E   0x0028             MOVS     R0,R5
   \   00000040   0x73E0             STRB     R0,[R4, #+15]
    122          
    123                  if (parameters->Step_Interval_Time != 0xFFFF)
   \   00000042   0x9900             LDR      R1,[SP, #+0]
   \   00000044   0x7908             LDRB     R0,[R1, #+4]
   \   00000046   0x794A             LDRB     R2,[R1, #+5]
   \   00000048   0x0612             LSLS     R2,R2,#+24
   \   0000004A   0x0C12             LSRS     R2,R2,#+16
   \   0000004C   0x4310             ORRS     R0,R0,R2
   \   0000004E   0x....             LDR      R1,??DataTable8_2  ;; 0xffff
   \   00000050   0x4288             CMP      R0,R1
   \   00000052   0xD00B             BEQ      ??SteadyPwmProfilePilot__InitializeInstance_1
    124                  {
    125                      Millis__Reset(&data->Timer_Handler);
   \   00000054   0x0020             MOVS     R0,R4
   \   00000056   0x.... 0x....      BL       Millis__Reset
    126                      Millis__SetElapsed(&data->Timer_Handler, ENDIANU16_STON(parameters->Step_Interval_Time));
   \   0000005A   0x9800             LDR      R0,[SP, #+0]
   \   0000005C   0x7901             LDRB     R1,[R0, #+4]
   \   0000005E   0x7942             LDRB     R2,[R0, #+5]
   \   00000060   0x0612             LSLS     R2,R2,#+24
   \   00000062   0x0C12             LSRS     R2,R2,#+16
   \   00000064   0x4311             ORRS     R1,R1,R2
   \   00000066   0x0020             MOVS     R0,R4
   \   00000068   0x.... 0x....      BL       Millis__SetElapsed
    127                  }
    128          
    129                  data->Timer_Parameter.Timer         = (TIMER_TYPE)VIRTUALPIN_TABLE[virtual_pin].device;
   \                     ??SteadyPwmProfilePilot__InitializeInstance_1: (+1)
   \   0000006C   0x....             LDR      R0,??DataTable8_3
   \   0000006E   0x9901             LDR      R1,[SP, #+4]
   \   00000070   0x00C9             LSLS     R1,R1,#+3
   \   00000072   0x1840             ADDS     R0,R0,R1
   \   00000074   0x78C1             LDRB     R1,[R0, #+3]
   \   00000076   0x7121             STRB     R1,[R4, #+4]
    130                  data->Timer_Parameter.Channel       = (TIMER_CHANNEL_TYPE)VIRTUALPIN_TABLE[virtual_pin].param0;
   \   00000078   0x7941             LDRB     R1,[R0, #+5]
   \   0000007A   0x7161             STRB     R1,[R4, #+5]
    131                  data->Timer_Parameter.Mode          = TIMER_MODE_PWM;
   \   0000007C   0x71A5             STRB     R5,[R4, #+6]
    132                  data->Timer_Parameter.Port          = VIRTUALPIN_TABLE[virtual_pin].port;
   \   0000007E   0x7801             LDRB     R1,[R0, #+0]
   \   00000080   0x71E1             STRB     R1,[R4, #+7]
    133                  data->Timer_Parameter.Pin           = VIRTUALPIN_TABLE[virtual_pin].pin;
   \   00000082   0x7841             LDRB     R1,[R0, #+1]
   \   00000084   0x7221             STRB     R1,[R4, #+8]
    134                  data->Timer_Parameter.Pin_ReMap     = VIRTUALPIN_TABLE[virtual_pin].pin_remap;
   \   00000086   0x7900             LDRB     R0,[R0, #+4]
   \   00000088   0x7260             STRB     R0,[R4, #+9]
    135                  data->Timer_Parameter.Polarity      = TIMER_POLARITY_ACTIVE_HIGH;
   \   0000008A   0x72A6             STRB     R6,[R4, #+10]
    136          
    137                  retval = Timer__Config(&data->Timer_Parameter);
   \   0000008C   0x1D20             ADDS     R0,R4,#+4
   \   0000008E   0x.... 0x....      BL       Timer__Config
   \   00000092   0x0006             MOVS     R6,R0
    138                  Timer__PwmStop(&data->Timer_Parameter, (BOOL_TYPE)load->Hi_Low_Activation_Bitmap);
   \   00000094   0x7E38             LDRB     R0,[R7, #+24]
   \   00000096   0x0001             MOVS     R1,R0
   \   00000098   0x0909             LSRS     R1,R1,#+4
   \   0000009A   0x1D20             ADDS     R0,R4,#+4
   \   0000009C   0x.... 0x....      BL       Timer__PwmStop
    139              }
    140          
    141              return (retval);
   \                     ??SteadyPwmProfilePilot__InitializeInstance_0: (+1)
   \   000000A0   0x0030             MOVS     R0,R6
   \   000000A2   0xBDFE             POP      {R1-R7,PC}       ;; return
    142          }
    143          
    144          //---------------------------------------------------------------------------------------------------------------------
    145          /**
    146           * @brief
    147           * @param load
    148           * @param data
    149           * @return
    150           */

   \                                 In section .text, align 2, keep-with-next
    151          PASS_FAIL_TYPE SteadyPwmProfilePilot__Request(HBL_LOAD_TYPE * load, void * data)
    152          {
   \                     SteadyPwmProfilePilot__Request: (+1)
   \   00000000   0xB570             PUSH     {R4-R6,LR}
   \   00000002   0x0004             MOVS     R4,R0
   \   00000004   0x000E             MOVS     R6,R1
    153              PASS_FAIL_TYPE retval = FAIL;
   \   00000006   0x2500             MOVS     R5,#+0
    154          
    155              if (load->Pilot_Data_Index < SteadyPwmProfilePilot_Allocation)
   \   00000008   0x7C20             LDRB     R0,[R4, #+16]
   \   0000000A   0x....             LDR      R1,??DataTable8
   \   0000000C   0x7809             LDRB     R1,[R1, #+0]
   \   0000000E   0x4288             CMP      R0,R1
   \   00000010   0xD20D             BCS      ??SteadyPwmProfilePilot__Request_0
    156              {
    157                  STEADYPWMPROFILEPILOT_PARAMETERS_TYPE *parameters = (void *)load->Parameter_Ptr.Data;
   \   00000012   0x1D20             ADDS     R0,R4,#+4
   \   00000014   0x.... 0x....      BL       __aeabi_uread4
    158              	if(parameters->Profile_Number >= (*(uint8 *)data))
   \   00000018   0x7831             LDRB     R1,[R6, #+0]
   \   0000001A   0x7A00             LDRB     R0,[R0, #+8]
   \   0000001C   0x000A             MOVS     R2,R1
   \   0000001E   0x4290             CMP      R0,R2
   \   00000020   0xD305             BCC      ??SteadyPwmProfilePilot__Request_0
    159                  {
    160                  	SteadyPwmProfilePilot_Data[load->Pilot_Data_Index].Requested = *((uint8 *)data);
   \   00000022   0x....             LDR      R0,??DataTable8_1
   \   00000024   0x7C22             LDRB     R2,[R4, #+16]
   \   00000026   0x0112             LSLS     R2,R2,#+4
   \   00000028   0x1880             ADDS     R0,R0,R2
   \   0000002A   0x72C1             STRB     R1,[R0, #+11]
    161                      retval = PASS;
   \   0000002C   0x2501             MOVS     R5,#+1
    162                  }
    163              }
    164          	return(retval);
   \                     ??SteadyPwmProfilePilot__Request_0: (+1)
   \   0000002E   0x0028             MOVS     R0,R5
   \   00000030   0xBD70             POP      {R4-R6,PC}       ;; return
    165          }
    166          
    167          //---------------------------------------------------------------------------------------------------------------------
    168          /**
    169           *
    170           * @param load
    171           * @param data
    172           * @return
    173           */

   \                                 In section .text, align 2, keep-with-next
    174          PASS_FAIL_TYPE SteadyPwmProfilePilot__Process(HBL_LOAD_TYPE * load)
    175          {
   \                     SteadyPwmProfilePilot__Process: (+1)
   \   00000000   0x0001             MOVS     R1,R0
    176              PASS_FAIL_TYPE retval = FAIL;
   \   00000002   0x2000             MOVS     R0,#+0
    177          
    178              if (load->Pilot_Data_Index < SteadyPwmProfilePilot_Allocation)
   \   00000004   0x7C09             LDRB     R1,[R1, #+16]
   \   00000006   0x000A             MOVS     R2,R1
   \   00000008   0x....             LDR      R3,??DataTable8
   \   0000000A   0x781B             LDRB     R3,[R3, #+0]
   \   0000000C   0x429A             CMP      R2,R3
   \   0000000E   0xD205             BCS      ??SteadyPwmProfilePilot__Process_0
    179              {
    180              	STEADYPWMPROFILEPILOT_DATA_TYPE *data = &SteadyPwmProfilePilot_Data[load->Pilot_Data_Index];
   \   00000010   0x....             LDR      R0,??DataTable8_1
   \   00000012   0x0109             LSLS     R1,R1,#+4
   \   00000014   0x1840             ADDS     R0,R0,R1
    181                  data->Processed = data->Requested;
   \   00000016   0x7AC1             LDRB     R1,[R0, #+11]
   \   00000018   0x7301             STRB     R1,[R0, #+12]
    182                  retval = PASS;
   \   0000001A   0x2001             MOVS     R0,#+1
    183              }
    184          
    185              return (retval);
   \                     ??SteadyPwmProfilePilot__Process_0: (+1)
   \   0000001C   0x4770             BX       LR               ;; return
    186          }
    187          
    188          //---------------------------------------------------------------------------------------------------------------------
    189          /**
    190           *
    191           * @param load
    192           * @param data_out
    193           * @return
    194           */

   \                                 In section .text, align 2, keep-with-next
    195          void * SteadyPwmProfilePilot__GetRequested(HBL_LOAD_TYPE * load)
    196          {
   \                     SteadyPwmProfilePilot__GetRequested: (+1)
   \   00000000   0x0001             MOVS     R1,R0
    197              void *retval = NULL;
   \   00000002   0x2000             MOVS     R0,#+0
    198              if (load->Pilot_Data_Index < SteadyPwmProfilePilot_Allocation)
   \   00000004   0x7C09             LDRB     R1,[R1, #+16]
   \   00000006   0x000A             MOVS     R2,R1
   \   00000008   0x....             LDR      R3,??DataTable8
   \   0000000A   0x781B             LDRB     R3,[R3, #+0]
   \   0000000C   0x429A             CMP      R2,R3
   \   0000000E   0xD203             BCS      ??SteadyPwmProfilePilot__GetRequested_0
    199              {
    200                  retval = &SteadyPwmProfilePilot_Data[load->Pilot_Data_Index].Requested;
   \   00000010   0x....             LDR      R0,??DataTable8_1
   \   00000012   0x0109             LSLS     R1,R1,#+4
   \   00000014   0x1840             ADDS     R0,R0,R1
   \   00000016   0x300B             ADDS     R0,R0,#+11
    201              }
    202          	return(retval);
   \                     ??SteadyPwmProfilePilot__GetRequested_0: (+1)
   \   00000018   0x4770             BX       LR               ;; return
    203          }
    204          
    205          //---------------------------------------------------------------------------------------------------------------------
    206          /**
    207           *
    208           * @param load
    209           * @param data_out
    210           * @return
    211           */

   \                                 In section .text, align 2, keep-with-next
    212          void * SteadyPwmProfilePilot__GetProcessed(HBL_LOAD_TYPE * load)
    213          {
   \                     SteadyPwmProfilePilot__GetProcessed: (+1)
   \   00000000   0x0001             MOVS     R1,R0
    214              void *retval = NULL;
   \   00000002   0x2000             MOVS     R0,#+0
    215              if (load->Pilot_Data_Index < SteadyPwmProfilePilot_Allocation)
   \   00000004   0x7C09             LDRB     R1,[R1, #+16]
   \   00000006   0x000A             MOVS     R2,R1
   \   00000008   0x....             LDR      R3,??DataTable8
   \   0000000A   0x781B             LDRB     R3,[R3, #+0]
   \   0000000C   0x429A             CMP      R2,R3
   \   0000000E   0xD203             BCS      ??SteadyPwmProfilePilot__GetProcessed_0
    216              {
    217                  retval = &SteadyPwmProfilePilot_Data[load->Pilot_Data_Index].Processed;
   \   00000010   0x....             LDR      R0,??DataTable8_1
   \   00000012   0x0109             LSLS     R1,R1,#+4
   \   00000014   0x1840             ADDS     R0,R0,R1
   \   00000016   0x300C             ADDS     R0,R0,#+12
    218              }
    219          	return(retval);
   \                     ??SteadyPwmProfilePilot__GetProcessed_0: (+1)
   \   00000018   0x4770             BX       LR               ;; return
    220          }
    221          
    222          //---------------------------------------------------------------------------------------------------------------------
    223          /**
    224           *
    225           * @param load
    226           * @return
    227           */

   \                                 In section .text, align 2, keep-with-next
    228          PASS_FAIL_TYPE SteadyPwmProfilePilot__OneMsHandler(HBL_LOAD_TYPE * load)
    229          {
   \                     SteadyPwmProfilePilot__OneMsHandler: (+1)
   \   00000000   0xB5F0             PUSH     {R4-R7,LR}
   \   00000002   0xB083             SUB      SP,SP,#+12
   \   00000004   0x0006             MOVS     R6,R0
    230              PASS_FAIL_TYPE retval;
    231              STEADYPWMPROFILEPILOT_PARAMETERS_TYPE * parameters;
    232              uint8 output_duty;
    233              uint8 requested_duty;
    234          
    235              parameters  = (void *)load->Parameter_Ptr.Data;
   \   00000006   0x1D30             ADDS     R0,R6,#+4
   \   00000008   0x.... 0x....      BL       __aeabi_uread4
   \   0000000C   0x9001             STR      R0,[SP, #+4]
   \   0000000E   0x2000             MOVS     R0,#+0
    236              output_duty = 0;
    237              retval      = FAIL;
    238          
    239              if (load->Pilot_Data_Index < SteadyPwmProfilePilot_Allocation)
   \   00000010   0x7C31             LDRB     R1,[R6, #+16]
   \   00000012   0x000A             MOVS     R2,R1
   \   00000014   0x....             LDR      R3,??DataTable8
   \   00000016   0x781B             LDRB     R3,[R3, #+0]
   \   00000018   0x429A             CMP      R2,R3
   \   0000001A   0xD300             BCC      .+4
   \   0000001C   0xE096             B        ??SteadyPwmProfilePilot__OneMsHandler_0
    240              {
    241              	STEADYPWMPROFILEPILOT_DATA_TYPE *data = &SteadyPwmProfilePilot_Data[load->Pilot_Data_Index];
   \   0000001E   0x....             LDR      R0,??DataTable8_1
   \   00000020   0x0109             LSLS     R1,R1,#+4
   \   00000022   0x1845             ADDS     R5,R0,R1
   \   00000024   0x2001             MOVS     R0,#+1
   \   00000026   0x4669             MOV      R1,SP
   \   00000028   0x7008             STRB     R0,[R1, #+0]
    242              	HBL_LOAD_STATUS_TYPE load_status;
    243                  load_status.Load.Status = HBL_LOAD_STATUS_TARGET_COMPLETED;
    244                  load_status.Load.Cur_Reg = (uint8) ON;
    245          
    246              	if (data->Processed != 0)
   \   0000002A   0x7B28             LDRB     R0,[R5, #+12]
   \   0000002C   0x0001             MOVS     R1,R0
   \   0000002E   0xD04F             BEQ      ??SteadyPwmProfilePilot__OneMsHandler_1
    247                  {
    248                      requested_duty = (&parameters->Duty_Profile)[data->Processed - 1];
   \   00000030   0x9901             LDR      R1,[SP, #+4]
   \   00000032   0x1808             ADDS     R0,R1,R0
   \   00000034   0x7A07             LDRB     R7,[R0, #+8]
    249                      output_duty = data->Processed_Duty;
   \   00000036   0x7BA8             LDRB     R0,[R5, #+14]
   \   00000038   0x0004             MOVS     R4,R0
    250          
    251                      if (requested_duty != data->Processed_Duty)
   \   0000003A   0x4287             CMP      R7,R0
   \   0000003C   0xD049             BEQ      ??SteadyPwmProfilePilot__OneMsHandler_2
    252                      {
    253                          //The below logic supports for the the Acceleration management of the loads
    254                          if (parameters->Step_Interval_Time != 0xFFFF)
   \   0000003E   0x7908             LDRB     R0,[R1, #+4]
   \   00000040   0x794A             LDRB     R2,[R1, #+5]
   \   00000042   0x0612             LSLS     R2,R2,#+24
   \   00000044   0x0C12             LSRS     R2,R2,#+16
   \   00000046   0x4310             ORRS     R0,R0,R2
   \   00000048   0x....             LDR      R1,??DataTable8_2  ;; 0xffff
   \   0000004A   0x4288             CMP      R0,R1
   \   0000004C   0xD03E             BEQ      ??SteadyPwmProfilePilot__OneMsHandler_3
    255                          {
    256                              if (Millis__ReachedTarget(&data->Timer_Handler , ENDIANU16_STON(parameters->Step_Interval_Time)) != FALSE)
   \   0000004E   0x9801             LDR      R0,[SP, #+4]
   \   00000050   0x7901             LDRB     R1,[R0, #+4]
   \   00000052   0x7942             LDRB     R2,[R0, #+5]
   \   00000054   0x0612             LSLS     R2,R2,#+24
   \   00000056   0x0C12             LSRS     R2,R2,#+16
   \   00000058   0x4311             ORRS     R1,R1,R2
   \   0000005A   0x0028             MOVS     R0,R5
   \   0000005C   0x.... 0x....      BL       Millis__ReachedTarget
   \   00000060   0x2800             CMP      R0,#+0
   \   00000062   0xD028             BEQ      ??SteadyPwmProfilePilot__OneMsHandler_4
    257                              {
    258                              	uint8 delta = ABSOLUTE_VALUE(requested_duty, data->Processed_Duty);
   \   00000064   0x7BA8             LDRB     R0,[R5, #+14]
   \   00000066   0x42B8             CMP      R0,R7
   \   00000068   0xDA03             BGE      ??SteadyPwmProfilePilot__OneMsHandler_5
   \   0000006A   0x0039             MOVS     R1,R7
   \   0000006C   0x1A0C             SUBS     R4,R1,R0
   \   0000006E   0xB2E4             UXTB     R4,R4
   \   00000070   0xE002             B        ??SteadyPwmProfilePilot__OneMsHandler_6
   \                     ??SteadyPwmProfilePilot__OneMsHandler_5: (+1)
   \   00000072   0x0039             MOVS     R1,R7
   \   00000074   0x1A44             SUBS     R4,R0,R1
   \   00000076   0xB2E4             UXTB     R4,R4
    259          
    260                              	Millis__Start(&data->Timer_Handler);
   \                     ??SteadyPwmProfilePilot__OneMsHandler_6: (+1)
   \   00000078   0x0028             MOVS     R0,R5
   \   0000007A   0x.... 0x....      BL       Millis__Start
    261                              	// Duty lower than Valid_Minimum_Duty cannot be set - force it to 0
    262                                  if (requested_duty < parameters->Valid_Minimum_Duty)
   \   0000007E   0x9801             LDR      R0,[SP, #+4]
   \   00000080   0x7880             LDRB     R0,[R0, #+2]
   \   00000082   0x4287             CMP      R7,R0
   \   00000084   0xDB24             BLT      ??SteadyPwmProfilePilot__OneMsHandler_1
    263                                  {
    264                                      output_duty = 0;
    265                                  }
    266                              	// Duty distance lower than Minimum_Duty_Step means it's close to target - set it at target
    267                                  else if(delta < parameters->Minimum_Duty_Step)
   \   00000086   0x9801             LDR      R0,[SP, #+4]
   \   00000088   0x7840             LDRB     R0,[R0, #+1]
   \   0000008A   0x4284             CMP      R4,R0
   \   0000008C   0xDB1E             BLT      ??SteadyPwmProfilePilot__OneMsHandler_3
    268                                  {
    269                                  	output_duty = requested_duty;
    270                                  }
    271                                  else
    272                                  {
    273                                  	// Limit delta to Maximum_Duty_Step - it cannot be higher than this parameter
    274                                      if(delta > parameters->Maximum_Duty_Step)
   \   0000008E   0x9801             LDR      R0,[SP, #+4]
   \   00000090   0x7800             LDRB     R0,[R0, #+0]
   \   00000092   0x42A0             CMP      R0,R4
   \   00000094   0xDA00             BGE      ??SteadyPwmProfilePilot__OneMsHandler_7
    275                                      {
    276                                      	delta = parameters->Maximum_Duty_Step;
   \   00000096   0x0004             MOVS     R4,R0
    277                                      }
    278          
    279                                      if (requested_duty > data->Processed_Duty)
   \                     ??SteadyPwmProfilePilot__OneMsHandler_7: (+1)
   \   00000098   0x7BA8             LDRB     R0,[R5, #+14]
   \   0000009A   0x42B8             CMP      R0,R7
   \   0000009C   0xDA01             BGE      ??SteadyPwmProfilePilot__OneMsHandler_8
    280                                      {
    281                                          output_duty = data->Processed_Duty + delta;
   \   0000009E   0x1904             ADDS     R4,R0,R4
   \   000000A0   0xE000             B        ??SteadyPwmProfilePilot__OneMsHandler_9
    282                                      }
    283                                      else
    284                                      {
    285                                          output_duty = data->Processed_Duty - delta;
   \                     ??SteadyPwmProfilePilot__OneMsHandler_8: (+1)
   \   000000A2   0x1B04             SUBS     R4,R0,R4
    286                                      }
    287          
    288                                      load_status.Load.Status = HBL_LOAD_STATUS_WAITING_TARGET;
   \                     ??SteadyPwmProfilePilot__OneMsHandler_9: (+1)
   \   000000A4   0x4668             MOV      R0,SP
   \   000000A6   0x7800             LDRB     R0,[R0, #+0]
   \   000000A8   0x0700             LSLS     R0,R0,#+28
   \   000000AA   0x0F00             LSRS     R0,R0,#+28
   \   000000AC   0x2120             MOVS     R1,#+32
   \   000000AE   0x4301             ORRS     R1,R1,R0
   \   000000B0   0x4668             MOV      R0,SP
   \   000000B2   0x7001             STRB     R1,[R0, #+0]
   \   000000B4   0xE00D             B        ??SteadyPwmProfilePilot__OneMsHandler_2
    289                                  }
    290                              }
    291                              else
    292                              {
    293                              	// Keep last Load status set
    294                              	load_status.Load.Status = data->Status.Load.Status;
   \                     ??SteadyPwmProfilePilot__OneMsHandler_4: (+1)
   \   000000B6   0x7B68             LDRB     R0,[R5, #+13]
   \   000000B8   0x0900             LSRS     R0,R0,#+4
   \   000000BA   0x4669             MOV      R1,SP
   \   000000BC   0x7809             LDRB     R1,[R1, #+0]
   \   000000BE   0x0709             LSLS     R1,R1,#+28
   \   000000C0   0x0F09             LSRS     R1,R1,#+28
   \   000000C2   0x0100             LSLS     R0,R0,#+4
   \   000000C4   0x4308             ORRS     R0,R0,R1
   \   000000C6   0x4669             MOV      R1,SP
   \   000000C8   0x7008             STRB     R0,[R1, #+0]
   \   000000CA   0xE002             B        ??SteadyPwmProfilePilot__OneMsHandler_2
    295                              }
    296                          }
    297                          else
    298                          {
    299                              output_duty = requested_duty;
   \                     ??SteadyPwmProfilePilot__OneMsHandler_3: (+1)
   \   000000CC   0x003C             MOVS     R4,R7
   \   000000CE   0xE000             B        ??SteadyPwmProfilePilot__OneMsHandler_2
    300                          }
    301                      }
    302                  }
    303              	else
    304              	{
    305              		output_duty = 0;
   \                     ??SteadyPwmProfilePilot__OneMsHandler_1: (+1)
   \   000000D0   0x2400             MOVS     R4,#+0
    306              	}
    307          
    308              	// Set Status Cur_Reg to OFF if Output Duty is 0
    309              	if (output_duty == 0)
   \                     ??SteadyPwmProfilePilot__OneMsHandler_2: (+1)
   \   000000D2   0x0020             MOVS     R0,R4
   \   000000D4   0x0600             LSLS     R0,R0,#+24
   \   000000D6   0xD105             BNE      ??SteadyPwmProfilePilot__OneMsHandler_10
    310              	{
    311                      load_status.Load.Cur_Reg = (uint8) OFF;
   \   000000D8   0x4668             MOV      R0,SP
   \   000000DA   0x7800             LDRB     R0,[R0, #+0]
   \   000000DC   0x21F0             MOVS     R1,#+240
   \   000000DE   0x4001             ANDS     R1,R1,R0
   \   000000E0   0x4668             MOV      R0,SP
   \   000000E2   0x7001             STRB     R1,[R0, #+0]
    312              	}
    313          
    314              	// Update PWM Duty only if it has changed since last time
    315              	if (data->Processed_Duty != output_duty)
   \                     ??SteadyPwmProfilePilot__OneMsHandler_10: (+1)
   \   000000E4   0x7BA8             LDRB     R0,[R5, #+14]
   \   000000E6   0x0021             MOVS     R1,R4
   \   000000E8   0xB2C9             UXTB     R1,R1
   \   000000EA   0x4288             CMP      R0,R1
   \   000000EC   0xD02A             BEQ      ??SteadyPwmProfilePilot__OneMsHandler_11
    316              	{
    317              		if (output_duty != 0)
   \   000000EE   0x0020             MOVS     R0,R4
   \   000000F0   0x0600             LSLS     R0,R0,#+24
   \   000000F2   0xD01E             BEQ      ??SteadyPwmProfilePilot__OneMsHandler_12
    318              		{
    319              		    uint8 polarized_duty = output_duty;
   \   000000F4   0x0020             MOVS     R0,R4
    320          
    321              		    // Depending on Hi_Low_Activation_Bitmap flag: if High, 100-complement duty can be applied on Timer
    322              		    // since pin will be set High to turn OFF, Low to turn ON.
    323              		    if(load->Hi_Low_Activation_Bitmap == TRUE)
   \   000000F6   0x7E31             LDRB     R1,[R6, #+24]
   \   000000F8   0x0909             LSRS     R1,R1,#+4
   \   000000FA   0x2901             CMP      R1,#+1
   \   000000FC   0xD101             BNE      ??SteadyPwmProfilePilot__OneMsHandler_13
    324              		    {
    325              		        polarized_duty = 100 - output_duty;
   \   000000FE   0x2064             MOVS     R0,#+100
   \   00000100   0x1B00             SUBS     R0,R0,R4
    326              		    }
    327          
    328              		    //Calling Timer__PwmStart would affect on the ongoing frequency. In order to avoid this the below logic will call the Timer__PwmSetDutyCycle
    329              		    if (data->Frequency_Configuration_Needed != FALSE)
   \                     ??SteadyPwmProfilePilot__OneMsHandler_13: (+1)
   \   00000102   0xB2C0             UXTB     R0,R0
   \   00000104   0x2164             MOVS     R1,#+100
   \   00000106   0x4341             MULS     R1,R0,R1
   \   00000108   0x7BE8             LDRB     R0,[R5, #+15]
   \   0000010A   0x2800             CMP      R0,#+0
   \   0000010C   0xD00D             BEQ      ??SteadyPwmProfilePilot__OneMsHandler_14
    330              		    {
    331              		        data->Frequency_Configuration_Needed = FALSE;
   \   0000010E   0x2000             MOVS     R0,#+0
   \   00000110   0x73E8             STRB     R0,[R5, #+15]
    332                              retval = Timer__PwmStart(&data->Timer_Parameter, ENDIANU16_STON(parameters->Base_Frequency), (polarized_duty *100));
   \   00000112   0x9A01             LDR      R2,[SP, #+4]
   \   00000114   0x7990             LDRB     R0,[R2, #+6]
   \   00000116   0x79D3             LDRB     R3,[R2, #+7]
   \   00000118   0x061B             LSLS     R3,R3,#+24
   \   0000011A   0x0C1B             LSRS     R3,R3,#+16
   \   0000011C   0x4318             ORRS     R0,R0,R3
   \   0000011E   0x000A             MOVS     R2,R1
   \   00000120   0x0001             MOVS     R1,R0
   \   00000122   0x1D28             ADDS     R0,R5,#+4
   \   00000124   0x.... 0x....      BL       Timer__PwmStart
   \   00000128   0xE00B             B        ??SteadyPwmProfilePilot__OneMsHandler_15
    333              		    }
    334              		    else
    335              		    {
    336                              Timer__PwmSetDutyCycle(&data->Timer_Parameter, (polarized_duty *100));
   \                     ??SteadyPwmProfilePilot__OneMsHandler_14: (+1)
   \   0000012A   0x1D28             ADDS     R0,R5,#+4
   \   0000012C   0x.... 0x....      BL       Timer__PwmSetDutyCycle
   \   00000130   0xE007             B        ??SteadyPwmProfilePilot__OneMsHandler_15
    337              		    }
    338              		}
    339              		else
    340              		{
    341              		    data->Frequency_Configuration_Needed = TRUE;
   \                     ??SteadyPwmProfilePilot__OneMsHandler_12: (+1)
   \   00000132   0x2001             MOVS     R0,#+1
   \   00000134   0x73E8             STRB     R0,[R5, #+15]
    342                          retval = (PASS_FAIL_TYPE) Timer__PwmStop(&data->Timer_Parameter, (BOOL_TYPE)load->Hi_Low_Activation_Bitmap);
   \   00000136   0x7E30             LDRB     R0,[R6, #+24]
   \   00000138   0x0001             MOVS     R1,R0
   \   0000013A   0x0909             LSRS     R1,R1,#+4
   \   0000013C   0x1D28             ADDS     R0,R5,#+4
   \   0000013E   0x.... 0x....      BL       Timer__PwmStop
    343              		}
    344              		data->Processed_Duty = output_duty;
   \                     ??SteadyPwmProfilePilot__OneMsHandler_15: (+1)
   \   00000142   0x73AC             STRB     R4,[R5, #+14]
    345              	}
    346          
    347              	data->Status.Byte = load_status.Byte;
   \                     ??SteadyPwmProfilePilot__OneMsHandler_11: (+1)
   \   00000144   0x4668             MOV      R0,SP
   \   00000146   0x7800             LDRB     R0,[R0, #+0]
   \   00000148   0x7368             STRB     R0,[R5, #+13]
    348              	retval = PASS;
   \   0000014A   0x2001             MOVS     R0,#+1
    349              }
    350          
    351              return retval;
   \                     ??SteadyPwmProfilePilot__OneMsHandler_0: (+1)
   \   0000014C   0xBDFE             POP      {R1-R7,PC}       ;; return
    352          }
    353          
    354          //---------------------------------------------------------------------------------------------------------------------
    355          /**
    356           *
    357           * @param load
    358           * @param data
    359           * @return
    360           */

   \                                 In section .text, align 2, keep-with-next
    361          void *SteadyPwmProfilePilot__GetStatus(HBL_LOAD_TYPE * load)
    362          {
   \                     SteadyPwmProfilePilot__GetStatus: (+1)
   \   00000000   0x0001             MOVS     R1,R0
    363              void *retval = NULL;
   \   00000002   0x2000             MOVS     R0,#+0
    364          
    365              if (load->Pilot_Data_Index < SteadyPwmProfilePilot_Allocation)
   \   00000004   0x7C09             LDRB     R1,[R1, #+16]
   \   00000006   0x000A             MOVS     R2,R1
   \   00000008   0x....             LDR      R3,??DataTable8
   \   0000000A   0x781B             LDRB     R3,[R3, #+0]
   \   0000000C   0x429A             CMP      R2,R3
   \   0000000E   0xD203             BCS      ??SteadyPwmProfilePilot__GetStatus_0
    366              {
    367              	retval = &SteadyPwmProfilePilot_Data[load->Pilot_Data_Index].Status;
   \   00000010   0x....             LDR      R0,??DataTable8_1
   \   00000012   0x0109             LSLS     R1,R1,#+4
   \   00000014   0x1840             ADDS     R0,R0,R1
   \   00000016   0x300D             ADDS     R0,R0,#+13
    368              }
    369          
    370              return (retval);
   \                     ??SteadyPwmProfilePilot__GetStatus_0: (+1)
   \   00000018   0x4770             BX       LR               ;; return
    371          }

   \                                 In section .text, align 4, keep-with-next
   \                     ??DataTable8:
   \   00000000   0x........         DC32     SteadyPwmProfilePilot_Allocation

   \                                 In section .text, align 4, keep-with-next
   \                     ??DataTable8_1:
   \   00000000   0x........         DC32     SteadyPwmProfilePilot_Data

   \                                 In section .text, align 4, keep-with-next
   \                     ??DataTable8_2:
   \   00000000   0x0000FFFF         DC32     0xffff

   \                                 In section .text, align 4, keep-with-next
   \                     ??DataTable8_3:
   \   00000000   0x........         DC32     VIRTUALPIN_TABLE
    372          
    373          
    374          //=====================================================================================================================
    375          //-------------------------------------- Private Functions ------------------------------------------------------------
    376          //=====================================================================================================================
    377          
    378          
    379          #endif

   Maximum stack usage in bytes:

   .cstack Function
   ------- --------
       0   SteadyPwmProfilePilot__Allocate
       0   SteadyPwmProfilePilot__GetProcessed
       0   SteadyPwmProfilePilot__GetRequested
       0   SteadyPwmProfilePilot__GetStatus
       8   SteadyPwmProfilePilot__Initialize
         8   -> __aeabi_memset4
      32   SteadyPwmProfilePilot__InitializeInstance
        32   -> Millis__Reset
        32   -> Millis__SetElapsed
        32   -> Timer__Config
        32   -> Timer__PwmStop
        32 __aeabi_uread4
      32   SteadyPwmProfilePilot__OneMsHandler
        32   -> Millis__ReachedTarget
        32   -> Millis__Start
        32   -> Timer__PwmSetDutyCycle
        32   -> Timer__PwmStart
        32   -> Timer__PwmStop
        32 __aeabi_uread4
       0   SteadyPwmProfilePilot__Process
      16   SteadyPwmProfilePilot__Request
        16 __aeabi_uread4


   Section sizes:

   Bytes  Function/Label
   -----  --------------
       4  ??DataTable8
       4  ??DataTable8_1
       4  ??DataTable8_2
       4  ??DataTable8_3
       1  SteadyPwmProfilePilot_Allocation
      32  SteadyPwmProfilePilot_Data
      18  SteadyPwmProfilePilot__Allocate
      26  SteadyPwmProfilePilot__GetProcessed
      26  SteadyPwmProfilePilot__GetRequested
      26  SteadyPwmProfilePilot__GetStatus
      20  SteadyPwmProfilePilot__Initialize
     164  SteadyPwmProfilePilot__InitializeInstance
     334  SteadyPwmProfilePilot__OneMsHandler
      30  SteadyPwmProfilePilot__Process
      50  SteadyPwmProfilePilot__Request

 
  33 bytes in section .bss
 710 bytes in section .text
 
 710 bytes of CODE memory
  33 bytes of DATA memory

Errors: none
Warnings: none
