###############################################################################
#
# IAR ANSI C/C++ Compiler V7.70.1.11437/W32 for ARM       28/Feb/2025  14:17:49
# Copyright 1999-2016 IAR Systems AB.
#
#    Cpu mode     =  thumb
#    Endian       =  little
#    Source file  =  source/XCategory/Application/acu/SubCycle/SubCycle.c
#    Command line =  
#        --cpu Cortex-M0+ -Om --debug -e --only_stdout --silent -D
#        ENABLE_JUMP_TO_APPLICATION_WITHOUT_IAP_FIRMWARE --no_wrap_diagnostics
#        -f config\tmp\include_path.lnt
#        (-I../Nucleus-Tools-SDK/embOS/arm/v4.26/source\
#        -I../Nucleus-Tools-SDK/iar/arm/v7.70/cx/inc\
#        -Isource/Category/Application/acu/CycleResume\
#        -Isource/Category/Application/acu/Monitors/AutostartFactoryCycleMonitor\
#        -Isource/Category/Application/acu/Monitors/CartridgeDetectionMonitor\
#        -Isource/Category/Application/acu/Monitors/DCLoadCurrentMonitor\
#        -Isource/Category/Application/acu/Monitors/DiverterFaultMonitor\
#        -Isource/Category/Application/acu/Monitors/DiverterLeakFaultMonitor\
#        -Isource/Category/Application/acu/Monitors/DoorMonitor\
#        -Isource/Category/Application/acu/Monitors/DoorOpeningSystemMonitor\
#        -Isource/Category/Application/acu/Monitors/FanMotorFaultMonitor\
#        -Isource/Category/Application/acu/Monitors/FaultStatusMonitor\
#        -Isource/Category/Application/acu/Monitors/FillValveStuckOn\
#        -Isource/Category/Application/acu/Monitors/FlowMeterFaultMonitor\
#        -Isource/Category/Application/acu/Monitors/HeatMonitor\
#        -Isource/Category/Application/acu/Monitors/HotHighPotMonitor\
#        -Isource/Category/Application/acu/Monitors/LITTFaultMonitor\
#        -Isource/Category/Application/acu/Monitors/LITTMonitor\
#        -Isource/Category/Application/acu/Monitors/McuGetDataMonitor\
#        -Isource/Category/Application/acu/Monitors/ModelMonitors/AirlockDetectionMonitor\
#        -Isource/Category/Application/acu/Monitors/ModelMonitors/AirlockDetectionMonitor/CodeGeneration\
#        -Isource/Category/Application/acu/Monitors/ModelMonitors/HeaterCalcificationDetectionModel\
#        -Isource/Category/Application/acu/Monitors/ModelMonitors/HeaterCalcificationDetectionModel/CodeGeneration\
#        -Isource/Category/Application/acu/Monitors/ModelMonitors/OWIVoltageRegulatedOutputModel\
#        -Isource/Category/Application/acu/Monitors/ModelMonitors/OWIVoltageRegulatedOutputModel/CodeGeneration\
#        -Isource/Category/Application/acu/Monitors/ModelMonitors/PluggingDetectionMonitor\
#        -Isource/Category/Application/acu/Monitors/ModelMonitors/PluggingDetectionMonitor/CodeGeneration\
#        -Isource/Category/Application/acu/Monitors/MoisturePreventionMonitor\
#        -Isource/Category/Application/acu/Monitors/OverfillMonitor\
#        -Isource/Category/Application/acu/Monitors/OWIMonitor\
#        -Isource/Category/Application/acu/Monitors/PilotRelayFaultMonitor\
#        -Isource/Category/Application/acu/Monitors/PilotRelayFaultMonitor/PilotRelayStuckClosedMonitor\
#        -Isource/Category/Application/acu/Monitors/PilotRelayFaultMonitor/PilotRelayStuckOpenMonitor\
#        -Isource/Category/Application/acu/Monitors/PORTimeMonitor\
#        -Isource/Category/Application/acu/Monitors/PumpFlushRequestMonitor\
#        -Isource/Category/Application/acu/Monitors/RinseAidMonitor\
#        -Isource/Category/Application/acu/Monitors/SaltSensingMonitor\
#        -Isource/Category/Application/acu/Monitors/StabilityControlLoopMonitor\
#        -Isource/Category/Application/acu/Monitors/StandbyManager\
#        -Isource/Category/Application/acu/Monitors/SupervisorExtMonitor\
#        -Isource/Category/Application/acu/Monitors/ThermistorFaultMonitor\
#        -Isource/Category/Application/acu/Monitors/ThermistorFaultMonitor/ThermistorOpenMonitor\
#        -Isource/Category/Application/acu/Monitors/ThermistorFaultMonitor/ThermistorShortedMonitor\
#        -Isource/Category/Application/acu/Monitors/TriacCurrentMonitor\
#        -Isource/Category/Application/acu/Monitors/TriacShortedDrainFaultMonitor\
#        -Isource/Category/Application/acu/Monitors/TriacVoltageMonitor\
#        -Isource/Category/Application/acu/Monitors/VoltageRangeMonitor\
#        -Isource/Category/Application/acu/Monitors/VSDrainMotorFaultMonitor\
#        -Isource/Category/Application/acu/Monitors/VwiMonitor\
#        -Isource/Category/Application/acu/Monitors/VwiZoneCompensationMonitor\
#        -Isource/Category/Application/acu/Monitors/WashHeaterFaultMonitor\
#        -Isource/Category/Application/acu/Monitors/WashHeaterFaultMonitor/HeaterLeakageToNeutralMonitor\
#        -Isource/Category/Application/acu/Monitors/WashHeaterFaultMonitor/HeaterLineRelayOpenMonitor\
#        -Isource/Category/Application/acu/Monitors/WashHeaterFaultMonitor/HeaterNeutralRelayOpenMonitor\
#        -Isource/Category/Application/acu/Monitors/WashHeaterFaultMonitor/HeaterOpenAndLineRelayClosedMonitor\
#        -Isource/Category/Application/acu/Monitors/WashHeaterFaultMonitor/HeaterOpenMonitor\
#        -Isource/Category/Application/acu/Monitors/WashMotorFaultMonitor\
#        -Isource/Category/Application/acu/Monitors/ZeroCrossMonitor\
#        -Isource/Category/Application/acu/Processes/AlternateCtrl\
#        -Isource/Category/Application/acu/Processes/Fill\
#        -Isource/Category/Application/acu/Processes/Fill/ClassAFill\
#        -Isource/Category/Application/acu/Processes/Fill/Fill\
#        -Isource/Category/Application/acu/Processes/Fill/TankDrain\
#        -Isource/Category/Application/acu/Processes/Fill/TankFill\
#        -Isource/Category/Application/acu/Processes/Heat\
#        -Isource/Category/Application/acu/Processes/ModelProcesses/OWICalibrationModel\
#        -Isource/Category/Application/acu/Processes/ModelProcesses/OWICalibrationModel/CodeGeneration\
#        -Isource/Category/Application/acu/Processes/ModelProcesses/PartialDrainModel\
#        -Isource/Category/Application/acu/Processes/ModelProcesses/PartialDrainModel/CodeGeneration\
#        -Isource/Category/Application/acu/Processes/ModelProcesses/SensedDrainModel\
#        -Isource/Category/Application/acu/Processes/ModelProcesses/SensedDrainModel/CodeGeneration\
#        -Isource/Category/Application/acu/Processes/OWI\
#        -Isource/Category/Application/acu/Processes/OWI_VRO\
#        -Isource/Category/Application/acu/Processes/OWIOneShot\
#        -Isource/Category/Application/acu/Processes/PumpControl\
#        -Isource/Category/Application/acu/Processes/Regenerate\
#        -Isource/Category/Application/acu/Processes/RinseAidDispense\
#        -Isource/Category/Application/acu/Processes/RinseAidDispense/RinseAid\
#        -Isource/Category/Application/acu/Processes/RinseAidDispense/TridgeDetergent\
#        -Isource/Category/Application/acu/Tasks/DoorOpeningSystemPull\
#        -Isource/Category/Application/acu/Tasks/DoorOpeningSystemPush\
#        -Isource/Category/Application/acu/Tasks/HeaterShadowing\
#        -Isource/Category/Application/acu/Tasks/MoisturePrevention\
#        -Isource/Category/Application/acu/Tasks/OWIContinousReading\
#        -Isource/Category/Application/acu/Tasks/OwiVroContinuousReading\
#        -Isource/Category/Application/acu/Tasks/Sanitization\
#        -Isource/Category/Application/acu/Tasks/StabilityControl\
#        -Isource/Category/Application/acu/Tasks/TimeElapse\
#        -Isource/Category/Application/acu/VWI\
#        -Isource/Category/Application/all/ActivePower\
#        -Isource/Category/Application/all/API007App\
#        -Isource/Category/Application/all/Config\
#        -Isource/Category/Common/acu/CommonDish/DishAuxVar\
#        -Isource/Category/Common/acu/CommonDish/PumpCommand\
#        -Isource/Category/Common/acu/CommonDish/StatisticsDish\
#        -Isource/Category/Common/all/BoardDebugging\
#        -Isource/Category/Common/all/Config\
#        -Isource/Category/Common/all/MasterCommander\
#        -Isource/Category/Common/all/MasterCommander/Source\
#        -Isource/Category/Common/all/MasterCommander/Source/HAL\
#        -Isource/Category/Common/all/SharedUtils\
#        -Isource/Category/Hbl/acu/ACULoadHandler/AlternateLoad\
#        -Isource/Category/Hbl/acuexpacu/ACUGIHandler/WaterCounterGI\
#        -Isource/Category/Hbl/acuexpacu/ACULoadHandler/HeaterLoad\
#        -Isource/Category/Hbl/acuexpacu/ACULoadHandler/TriacMci\
#        -Isource/Category/Hbl/all/Config\ -Isource/Category/Hbl/all/Mci\
#        -Isource/Category/Hbl/all/Mci/MciZeroCross\
#        -Isource/Category/Hbl/all/Mci/Slfac\
#        -Isource/Category/Hbl/all/Mci/Slfac/Macroblocks\
#        -Isource/Category/Hbl/all/Mci/Slfac/Microblocks/GlitchFilter\
#        -Isource/Category/Hbl/all/Mci/Slfac/Microblocks/IIRFilter\
#        -Isource/Category/Hbl/all/Mci/Slfac/Microblocks/MathCalc\
#        -Isource/Category/Hbl/all/Mci/Slfac/Microblocks/PeakDetector\
#        -Isource/Category/Hbl/all/Mci/Slfac/Microblocks/Pi\
#        -Isource/Category/Hbl/all/MCUDrivers/TimeCapture\
#        -Isource/Category/Hbl/all/MCUDrivers/TimerInterruptExt\
#        -Isource/Micros/STM32G0x/Driver/Atod\
#        -Isource/Micros/STM32G0x/Driver/DataFlash\
#        -Isource/Micros/STM32G0x/Driver/Dma\
#        -Isource/Micros/STM32G0x/Driver/Dtoa\
#        -Isource/Micros/STM32G0x/Driver/ExtInterrupt\
#        -Isource/Micros/STM32G0x/Driver/Flash\
#        -Isource/Micros/STM32G0x/Driver/Gpio\
#        -Isource/Micros/STM32G0x/Driver/I2c\
#        -Isource/Micros/STM32G0x/Driver/IntMgr\
#        -Isource/Micros/STM32G0x/Driver/Micro\
#        -Isource/Micros/STM32G0x/Driver/MicroExt\
#        -Isource/Micros/STM32G0x/Driver/Rtc\
#        -Isource/Micros/STM32G0x/Driver/RTCDriver\
#        -Isource/Micros/STM32G0x/Driver/Spi\
#        -Isource/Micros/STM32G0x/Driver/Timeout\
#        -Isource/Micros/STM32G0x/Driver/Timer\
#        -Isource/Micros/STM32G0x/Driver/TimerInterrupt\
#        -Isource/Micros/STM32G0x/Driver/Uart\
#        -Isource/ProjectSpecific/Application/acu/Config\
#        -Isource/ProjectSpecific/Application/acu/LowPower\
#        -Isource/ProjectSpecific/Application/acuexpacu/Config\
#        -Isource/ProjectSpecific/Application/all/Config\
#        -Isource/ProjectSpecific/Application/all/MCUDebug\
#        -Isource/ProjectSpecific/Application/all/ProductInfo\
#        -Isource/ProjectSpecific/Common/acu/Config\
#        -Isource/ProjectSpecific/Common/all/Config\
#        -Isource/ProjectSpecific/Common/all/Debug\
#        -Isource/ProjectSpecific/Common/all/SRConfig\
#        -Isource/ProjectSpecific/Driver/STM32G0x\
#        -Isource/ProjectSpecific/Hbl/acuexpacu/Config\
#        -Isource/ProjectSpecific/Hbl/acuexpacu/SRConfig\
#        -Isource/ProjectSpecific/Hbl/all/Config\
#        -Isource/ProjectSpecific/Hbl/all/Config/Mci\
#        -Isource/ProjectSpecific/Hbl/all/Config/Mci/MasterCommander\
#        -Isource/ProjectSpecific/Hbl/all/Config/Mci/MCUDrivers\
#        -Isource/ProjectSpecific/Hbl/all/SRConfig\
#        -Isource/XCategory/Application/acu/API221MotionCtrl\
#        -Isource/XCategory/Application/acu/Calibration\
#        -Isource/XCategory/Application/acu/Condition\
#        -Isource/XCategory/Application/acu/Estimator\
#        -Isource/XCategory/Application/acu/Interpreter\
#        -Isource/XCategory/Application/acu/Processes/ActivateTask\
#        -Isource/XCategory/Application/acu/Processes/JumpIf\
#        -Isource/XCategory/Application/acu/Processes/LoadsControl\
#        -Isource/XCategory/Application/acu/Processes/Maintain\
#        -Isource/XCategory/Application/acu/Processes/SetVariable\
#        -Isource/XCategory/Application/acu/RegulationAccept\
#        -Isource/XCategory/Application/acu/Selector\
#        -Isource/XCategory/Application/acu/SubCycle\
#        -Isource/XCategory/Application/acu/Supervisor\
#        -Isource/XCategory/Application/acu/TestMgr\
#        -Isource/XCategory/Application/acuexpacu/ApplianceMgr\
#        -Isource/XCategory/Application/acuhmi/CommunicationMonitor\
#        -Isource/XCategory/Application/acuhmi/Modifier\
#        -Isource/XCategory/Application/acuhmi/Regulations\
#        -Isource/XCategory/Application/acuhmi/Status\
#        -Isource/XCategory/Application/all/API007Data\
#        -Isource/XCategory/Application/all/API011AppCtr\
#        -Isource/XCategory/Application/all/API012Exp\
#        -Isource/XCategory/Application/all/API013RemoteFunction\
#        -Isource/XCategory/Application/all/API018Diagnostic\
#        -Isource/XCategory/Application/all/API220MotorControl\
#        -Isource/XCategory/Application/all/API220MotorControl/Api\
#        -Isource/XCategory/Application/all/Mode\
#        -Isource/XCategory/Application/all/Reveal_Basic/API003Disc\
#        -Isource/XCategory/Application/all/Reveal_Basic/API004Debug\
#        -Isource/XCategory/Application/all/Reveal_Basic/API004Debug/SW05SoftwareTest\
#        -Isource/XCategory/Application/all/Reveal_Basic/API005LowLevel\
#        -Isource/XCategory/Application/all/Reveal_Basic/API009System\
#        -Isource/XCategory/Application/all/Reveal_Basic/API010PollVar\
#        -Isource/XCategory/Application/all/Reveal_Basic/API019ProductInfo\
#        -Isource/XCategory/Application/all/SFUpdater\
#        -Isource/XCategory/Application/all/SRAPI020Safety\
#        -Isource/XCategory/Application/all/StatusLed\
#        -Isource/XCategory/Common/acu/BrownOut\
#        -Isource/XCategory/Common/acu/Fault\
#        -Isource/XCategory/Common/acu/Statistics\
#        -Isource/XCategory/Common/all/Common/Callback\
#        -Isource/XCategory/Common/all/Common/Convert\
#        -Isource/XCategory/Common/all/Common/Crc16\
#        -Isource/XCategory/Common/all/Common/Crc32\
#        -Isource/XCategory/Common/all/Common/Crc8\
#        -Isource/XCategory/Common/all/Common/Equation\
#        -Isource/XCategory/Common/all/Common/Filter\
#        -Isource/XCategory/Common/all/Common/FITMgr\
#        -Isource/XCategory/Common/all/Common/I2cMgr\
#        -Isource/XCategory/Common/all/Common/IAPEmul\
#        -Isource/XCategory/Common/all/Common/Log\
#        -Isource/XCategory/Common/all/Common/Millis\
#        -Isource/XCategory/Common/all/Common/SeggerRTT\
#        -Isource/XCategory/Common/all/Common/SeggerRTT/SEGGER_RTT/Config\
#        -Isource/XCategory/Common/all/Common/SeggerRTT/SEGGER_RTT/RTT\
#        -Isource/XCategory/Common/all/Common/SettingFile\
#        -Isource/XCategory/Common/all/Common/SFVersionCheck\
#        -Isource/XCategory/Common/all/Common/SystemConfig\
#        -Isource/XCategory/Common/all/Common/SystemTimers\
#        -Isource/XCategory/Common/all/Common/Utilities\
#        -Isource/XCategory/Common/all/Common/Variable\
#        -Isource/XCategory/Common/all/SRCommon/SRClockMonitor\
#        -Isource/XCategory/Common/all/SRCommon/SRData\
#        -Isource/XCategory/Common/all/SRCommon/SRException\
#        -Isource/XCategory/Common/all/SRCommon/SRIsrMonitor\
#        -Isource/XCategory/Common/all/SRCommon/SRPowerMgr\
#        -Isource/XCategory/Common/all/SRCommon/SRSignature\
#        -Isource/XCategory/Common/all/SRCommon/SRSystemConfig\
#        -Isource/XCategory/Common/all/SRCommon/SRTaskMonitor\
#        -Isource/XCategory/Common/all/SRCommon/SRTaskSequence\
#        -Isource/XCategory/Common/all/SRCommon/SRTimerReference\
#        -Isource/XCategory/Common/all/SRCommon/SRUnusedPinsConfig\
#        -Isource/XCategory/Common/all/SRMain\
#        -Isource/XCategory/Common/all/SRMain/BackgroundThreads\
#        -Isource/XCategory/Common/all/SRMain/OsServices\
#        -Isource/XCategory/Common/all/SRMain/StackAnalysis\
#        -Isource/XCategory/Common/all/SRMain/TimingAnalysis\
#        -Isource/XCategory/Driver/APIs/Atod\
#        -Isource/XCategory/Driver/APIs/Comparator\
#        -Isource/XCategory/Driver/APIs/DataFlash\
#        -Isource/XCategory/Driver/APIs/Dma\
#        -Isource/XCategory/Driver/APIs/Dtc\
#        -Isource/XCategory/Driver/APIs/Dtoa\
#        -Isource/XCategory/Driver/APIs/EmbOS\
#        -Isource/XCategory/Driver/APIs/ExtInterrupt\
#        -Isource/XCategory/Driver/APIs/Flash\
#        -Isource/XCategory/Driver/APIs/Gpio\
#        -Isource/XCategory/Driver/APIs/I2c\
#        -Isource/XCategory/Driver/APIs/IntMgr\
#        -Isource/XCategory/Driver/APIs/Micro\
#        -Isource/XCategory/Driver/APIs/MicroExt\
#        -Isource/XCategory/Driver/APIs/Rtc\
#        -Isource/XCategory/Driver/APIs/RTCDriver\
#        -Isource/XCategory/Driver/APIs/Spi\
#        -Isource/XCategory/Driver/APIs/Timeout\
#        -Isource/XCategory/Driver/APIs/Timer\
#        -Isource/XCategory/Driver/APIs/TimerInterrupt\
#        -Isource/XCategory/Driver/APIs/Touch\
#        -Isource/XCategory/Driver/APIs/Uart\
#        -Isource/XCategory/Hbl/acu/FdmCounter\
#        -Isource/XCategory/Hbl/acu/FdmTimer\
#        -Isource/XCategory/Hbl/acuexpacu/ACUGIHandler/ConvertGI\
#        -Isource/XCategory/Hbl/acuexpacu/ACUGIHandler/DirectGI\
#        -Isource/XCategory/Hbl/acuexpacu/ACUGIHandler/DoorSwitchGI\
#        -Isource/XCategory/Hbl/acuexpacu/ACUGIHandler/ProbeGI\
#        -Isource/XCategory/Hbl/acuexpacu/ACUGIHandler/ProbeLpsGI\
#        -Isource/XCategory/Hbl/acuexpacu/ACULoadHandler/DCFanLoad\
#        -Isource/XCategory/Hbl/acuexpacu/ACUPilotHandler/AnalogOutputPilot\
#        -Isource/XCategory/Hbl/acuexpacu/ACUPilotHandler/ChargePumpPilot\
#        -Isource/XCategory/Hbl/acuexpacu/ACUPilotHandler/DigitalOutputMultiPilot\
#        -Isource/XCategory/Hbl/acuexpacu/ACUPilotHandler/DigitalOutputPilot\
#        -Isource/XCategory/Hbl/acuexpacu/ACUPilotHandler/DoorLockEMPilot\
#        -Isource/XCategory/Hbl/acuexpacu/ACUPilotHandler/DoorLockWaxPilot\
#        -Isource/XCategory/Hbl/acuexpacu/ACUPilotHandler/ExpansionPilot\
#        -Isource/XCategory/Hbl/acuexpacu/ACUPilotHandler/ExternalMotorPilot\
#        -Isource/XCategory/Hbl/acuexpacu/ACUPilotHandler/FSMPilot\
#        -Isource/XCategory/Hbl/acuexpacu/ACUPilotHandler/MagnetronPilot\
#        -Isource/XCategory/Hbl/acuexpacu/ACUPilotHandler/MotorPilot\
#        -Isource/XCategory/Hbl/acuexpacu/ACUPilotHandler/MultiDriverPilot\
#        -Isource/XCategory/Hbl/acuexpacu/ACUPilotHandler/MultiSequencePilot\
#        -Isource/XCategory/Hbl/acuexpacu/ACUPilotHandler/NonfunctionalPilot\
#        -Isource/XCategory/Hbl/acuexpacu/ACUPilotHandler/PwmHiResPilot\
#        -Isource/XCategory/Hbl/acuexpacu/ACUPilotHandler/PwmPilot\
#        -Isource/XCategory/Hbl/acuexpacu/ACUPilotHandler/SRChargePumpPilot\
#        -Isource/XCategory/Hbl/acuexpacu/ACUPilotHandler/SRDigitalOutputMultiPilot\
#        -Isource/XCategory/Hbl/acuexpacu/ACUPilotHandler/SRDigitalOutputPilot\
#        -Isource/XCategory/Hbl/acuexpacu/ACUPilotHandler/SRDoorLockEMPilot\
#        -Isource/XCategory/Hbl/acuexpacu/ACUPilotHandler/SRDoorLockWaxPilot\
#        -Isource/XCategory/Hbl/acuexpacu/ACUPilotHandler/SRUMRelayPilot\
#        -Isource/XCategory/Hbl/acuexpacu/ACUPilotHandler/SteadyPwmProfilePilot\
#        -Isource/XCategory/Hbl/acuexpacu/ACUPilotHandler/StepperPilot\
#        -Isource/XCategory/Hbl/acuexpacu/ACUPilotHandler/TriacSwitchPilot\
#        -Isource/XCategory/Hbl/acuexpacu/ACUPilotHandler/ZCRelayPilot\
#        -Isource/XCategory/Hbl/acuexpacu/ACUPilotHandler/ZCTriacPilot\
#        -Isource/XCategory/Hbl/acuexpacu/HblAcu\
#        -Isource/XCategory/Hbl/acuexpacu/HblAcu/CrossLoads\
#        -Isource/XCategory/Hbl/acuexpacu/HblAcu/SetLoadQueue\
#        -Isource/XCategory/Hbl/acuexpacu/HblAcu/SRProductMgr\
#        -Isource/XCategory/Hbl/acuexpacu/HblAcu/ZeroCross\
#        -Isource/XCategory/Hbl/all/Hbl\
#        -Isource/XCategory/Hbl/all/Hbl/DefaultPin\
#        -Isource/XCategory/Hbl/all/Hbl/HblCommon\
#        -Isource/XCategory/Hbl/all/Hbl/VirtualPin\
#        -Isource/XCategory/Hbl/all/LLIHandler/AbsoluteHumidityLLI\
#        -Isource/XCategory/Hbl/all/LLIHandler/AccelerometerLLI\
#        -Isource/XCategory/Hbl/all/LLIHandler/AccelerometerLLI/AccelBaseline\
#        -Isource/XCategory/Hbl/all/LLIHandler/AccelerometerLLI/AccelDiscover\
#        -Isource/XCategory/Hbl/all/LLIHandler/AccelerometerLLI/FXLS8974\
#        -Isource/XCategory/Hbl/all/LLIHandler/AccelerometerLLI/FXLS8974/SelfTestFXLS8974\
#        -Isource/XCategory/Hbl/all/LLIHandler/AccelerometerLLI/LISxDH\
#        -Isource/XCategory/Hbl/all/LLIHandler/AnalogLLI\
#        -Isource/XCategory/Hbl/all/LLIHandler/ConductivityLLI\
#        -Isource/XCategory/Hbl/all/LLIHandler/DigitalLLI\
#        -Isource/XCategory/Hbl/all/LLIHandler/EncoderLLI\
#        -Isource/XCategory/Hbl/all/LLIHandler/ExpansionLLI\
#        -Isource/XCategory/Hbl/all/LLIHandler/FeedbackLLI\
#        -Isource/XCategory/Hbl/all/LLIHandler/I2CInfraredLLI\
#        -Isource/XCategory/Hbl/all/LLIHandler/I2CPressureSensorLLI\
#        -Isource/XCategory/Hbl/all/LLIHandler/I2CRHTSensorLLI\
#        -Isource/XCategory/Hbl/all/LLIHandler/InputCaptureLLI\
#        -Isource/XCategory/Hbl/all/LLIHandler/MultiInputLLI\
#        -Isource/XCategory/Hbl/all/LLIHandler/NonfunctionalLLI\
#        -Isource/XCategory/Hbl/all/LLIHandler/PulseCounterLLI\
#        -Isource/XCategory/Hbl/all/LLIHandler/SRAnalogLLI\
#        -Isource/XCategory/Hbl/all/LLIHandler/SRDigitalLLI\
#        -Isource/XCategory/Hbl/all/LLIHandler/SRFeedbackLLI\
#        -Isource/XCategory/Hbl/all/LLIHandler/SRI2CPressureSensorLLI\
#        -Isource/XCategory/Hbl/all/LLIHandler/SRICTachometerLLI\
#        -Isource/XCategory/Hbl/all/LLIHandler/SRInputCaptureLLI\
#        -Isource/XCategory/Hbl/all/LLIHandler/SRTouchKeyLLI\
#        -Isource/XCategory/Hbl/all/LLIHandler/SRTriacFeedbackLLI\
#        -Isource/XCategory/Hbl/all/LLIHandler/TouchKeyLLI\
#        -Isource/XCategory/Hbl/all/LLIHandler/TouchSliderLLI\
#        -Isource/XCategory/Hbl/all/LLIHandler/TouchWheelLLI\
#        -Isource/XCategory/Hbl/all/LLIHandler/TriacFeedbackLLI\
#        -Isource/XCategory/Hbl/all/LLIHandler/VirtualDigitalLLI\
#        -Isource/XCategory/Service/all/NVData\
#        -Isource/XCategory/Service/all/Reveal\
#        -Isource/XCategory/Service/all/Win\) -l listings\SubCycle.lst -o
#        obj\SubCycle.obj source/XCategory/Application/acu/SubCycle/SubCycle.c
#    Locale       =  English_United States.1252
#    List file    =  listings\SubCycle.lst
#    Object file  =  obj\SubCycle.obj
#
###############################################################################

C:\Data\Nucleus_Dev\Vostok_ACU_A\source\XCategory\Application\acu\SubCycle\SubCycle.c
      1          /**
      2           * @file
      3           * @brief       Manage the triggers and priorities of sub-cycles.
      4           *
      5           * @copyright   Copyright 2015-2018 Whirlpool Corporation.  All rights reserved - CONFIDENTIAL.
      6           */
      7          
      8          //  --- Include Files -------------------------------------------------------------------------------------------------
      9          
     10          // -- This Module --
     11          #include "C_Extensions.h"
     12          #include "SubCycle.h"
     13          
     14          // -- Other Modules --
     15          #include "Condition.h"
     16          #include "Fault.h"
     17          #include <limits.h>
     18          #include "Log.h"
     19          #include "Micro.h"
     20          #include "SettingFile.h"
     21          #include <string.h>
     22          
     23          
     24          //  --- Private Properties --------------------------------------------------------------------------------------------
     25          
     26          // -- Private Constant Declarations --
     27          
     28          //! The name of this module for use by the Log module.
     29          #define MODULE_NAME MODULE_SUBCYCLE
     30          
     31          
     32          // -- Private Type Declarations --
     33          
     34          //! A list of log message IDs that are generated by this module.
     35          typedef enum MODULE_SUBCYCLE_LOG_MESSAGE_ID_ENUM
     36          {
     37              ERROR_LOADING_SUB_CYCLE_DEFINITIONS = 1,
     38              UNEXPECTED_SUB_CYCLE_FORMAT
     39          } MODULE_SUBCYCLE_LOG_MESSAGE_ID_TYPE;
     40          
     41          //! A structure that associates a trigger condition with a sub-cycle.
     42          typedef PACKED struct SUB_CYCLE_CONDITION_STRUCT
     43          {
     44              uint8 Condition_Id;
     45              uint8 Cycle_Id;
     46          } SUB_CYCLE_CONDITION_TYPE;
     47          
     48          //! The structure of the sub-cycle data in the setting file.
     49          typedef PACKED struct SUB_CYCLE_MAPPING_STRUCT
     50          {
     51              uint8 Num_Of_Sub_Cycles;
     52              uint8 Size_Of_Sub_Cycle_Entry;
     53          
     54              //! Holds data for sub-cycles in the compartment.
     55              //! Size of each element is variable and defined by GESE.
     56              uint8 Sub_Cycles[255 * sizeof(SUB_CYCLE_CONDITION_TYPE)];
     57          } SUB_CYCLE_MAPPING_TYPE;
     58          
     59          
     60          // -- Private Flash-Based Constant Definitions --
     61          
     62          //! Define a simple default sub-cycle definition block to use when the setting file has no data.

   \                                 In section .text, align 4, keep-with-next
     63          static const uint8 NO_SUB_CYCLES[] =
   \                     NO_SUB_CYCLES:
   \   00000000   0x00 0x02          DC8 0, 2
     64          {
     65              0,                                              // 0 sub-cycles defined.
     66              sizeof(SUB_CYCLE_CONDITION_TYPE)                // Size of data for each sub-cycle entry.
     67          };
     68          
     69          
     70          // -- Private Variable Definitions --
     71          
     72          //! The index of the requested sub-cycle for each compartment.
     73          //! If no sub-cycle is requested, the value is UCHAR_MAX.

   \                                 In section .bss, align 4
     74          static uint8 Requested_Sub_Cycle[APPLIANCE_MAX_COMPARTMENTS];
   \                     Requested_Sub_Cycle:
   \   00000000                      DS8 1
   \   00000001                      DS8 3
   \   00000004                      DS8 4
     75          
     76          //! Array of pointers to the sub-cycles definitions (per compartment) in the setting file.
     77          static SUB_CYCLE_MAPPING_TYPE const * Sub_Cycle[APPLIANCE_MAX_COMPARTMENTS];
     78          
     79          
     80          //  --- Private Function Prototypes -----------------------------------------------------------------------------------
     81          
     82          static void CheckForPreFaultSubCycle(uint8 fault_monitor_id);
     83          static SUB_CYCLE_CONDITION_TYPE const * GetSubCycleData(uint8 compartment, uint8 priority);
     84          
     85          
     86          //=====================================================================================================================
     87          //  --- Public Methods ------------------------------------------------------------------------------------------------
     88          //=====================================================================================================================
     89          
     90          
     91          //---------------------------------------------------------------------------------------------------------------------
     92          /**
     93           * Initialize the SubCycle module variables.
     94           */

   \                                 In section .text, align 4, keep-with-next
     95          void SubCycle__Initialize(void)
     96          {
   \                     SubCycle__Initialize: (+1)
   \   00000000   0xB51C             PUSH     {R2-R4,LR}
     97              for (uint8 compartment = 0; compartment < APPLIANCE_MAX_COMPARTMENTS; compartment++)
   \   00000002   0x2000             MOVS     R0,#+0
   \   00000004   0x....             LDR      R4,??DataTable4
   \   00000006   0xE001             B        ??SubCycle__Initialize_0
     98              {
     99                  SETTINGFILE_LOADER_TYPE loader;
    100                  if (SettingFile__BasicLoader(SF_PTR_ACU_SUB_CYCLES, compartment, &loader) == FAIL)
    101                  {
    102                      Sub_Cycle[compartment] = (SUB_CYCLE_MAPPING_TYPE const *)(void*)&NO_SUB_CYCLES;
    103                      LOG_ADD_EXCEPTION(ERROR_LOADING_SUB_CYCLE_DEFINITIONS, compartment);
    104                  }
    105                  else
    106                  {
    107                      SUB_CYCLE_MAPPING_TYPE const * sub_cycle_data = (SUB_CYCLE_MAPPING_TYPE const *)(void*)(loader.Data);
    108                      if (sub_cycle_data->Size_Of_Sub_Cycle_Entry < sizeof(SUB_CYCLE_CONDITION_TYPE))
    109                      {
    110                          Sub_Cycle[compartment] = (SUB_CYCLE_MAPPING_TYPE const *)(void*)&NO_SUB_CYCLES;
    111                          LOG_ADD_EXCEPTION(UNEXPECTED_SUB_CYCLE_FORMAT, compartment);
    112                      }
    113                      else
    114                      {
    115                          Sub_Cycle[compartment] = sub_cycle_data;
   \                     ??SubCycle__Initialize_1: (+1)
   \   00000008   0x6060             STR      R0,[R4, #+4]
    116                      }
   \                     ??SubCycle__Initialize_2: (+1)
   \   0000000A   0x2001             MOVS     R0,#+1
   \                     ??SubCycle__Initialize_0: (+1)
   \   0000000C   0x2800             CMP      R0,#+0
   \   0000000E   0xD11E             BNE      ??SubCycle__Initialize_3
   \   00000010   0x466A             MOV      R2,SP
   \   00000012   0x2100             MOVS     R1,#+0
   \   00000014   0x2008             MOVS     R0,#+8
   \   00000016   0x.... 0x....      BL       SettingFile__BasicLoader
   \   0000001A   0x2800             CMP      R0,#+0
   \   0000001C   0xD109             BNE      ??SubCycle__Initialize_4
   \   0000001E   0xBF00             Nop      
   \   00000020   0x....             ADR.N    R0,NO_SUB_CYCLES
   \   00000022   0x6060             STR      R0,[R4, #+4]
   \   00000024   0x2300             MOVS     R3,#+0
   \   00000026   0x2201             MOVS     R2,#+1
   \   00000028   0x4611             MOV      R1,R2
   \   0000002A   0x2059             MOVS     R0,#+89
   \   0000002C   0x.... 0x....      BL       Log__AddMessage
   \   00000030   0xE7EB             B        ??SubCycle__Initialize_2
   \                     ??SubCycle__Initialize_4: (+1)
   \   00000032   0x9800             LDR      R0,[SP, #+0]
   \   00000034   0x7841             LDRB     R1,[R0, #+1]
   \   00000036   0x2902             CMP      R1,#+2
   \   00000038   0xD2E6             BCS      ??SubCycle__Initialize_1
   \   0000003A   0xBF00             Nop      
   \   0000003C   0x....             ADR.N    R0,NO_SUB_CYCLES
   \   0000003E   0x6060             STR      R0,[R4, #+4]
   \   00000040   0x2300             MOVS     R3,#+0
   \   00000042   0x2201             MOVS     R2,#+1
   \   00000044   0x2102             MOVS     R1,#+2
   \   00000046   0x2059             MOVS     R0,#+89
   \   00000048   0x.... 0x....      BL       Log__AddMessage
   \   0000004C   0xE7DD             B        ??SubCycle__Initialize_2
    117                  }
    118              }
    119          
    120              if (Micro__GetResetMode() == MICRO_RESET_MODE_COLD)
   \                     ??SubCycle__Initialize_3: (+1)
   \   0000004E   0x.... 0x....      BL       Micro__GetResetMode
   \   00000052   0x2800             CMP      R0,#+0
   \   00000054   0xD104             BNE      ??SubCycle__Initialize_5
    121              {
    122                  memset(Requested_Sub_Cycle, UCHAR_MAX, sizeof(Requested_Sub_Cycle));
   \   00000056   0x22FF             MOVS     R2,#+255
   \   00000058   0x2101             MOVS     R1,#+1
   \   0000005A   0x4620             MOV      R0,R4
   \   0000005C   0x.... 0x....      BL       __aeabi_memset4
    123              }
    124          
    125              Fault__RegisterPreFaultEvents(CheckForPreFaultSubCycle);
   \                     ??SubCycle__Initialize_5: (+1)
   \   00000060   0x....             LDR      R0,??DataTable4_1
   \   00000062   0x.... 0x....      BL       Fault__RegisterPreFaultEvents
    126          }
   \   00000066   0xBD13             POP      {R0,R1,R4,PC}    ;; return
    127          
    128          
    129          //---------------------------------------------------------------------------------------------------------------------
    130          /**
    131           * Request that a specific sub-cycle be started.
    132           *
    133           * @param compartment = The compartment in which the sub-cycle should be started.
    134           * @param priority = The 1-based priority of the sub-cycle being requested.
    135           *                  1 is the highest priority. 0 is rejected.
    136           * @return FALSE if the requested sub-cycle is invalid or pre-empted by a higher priority cycle.
    137           *          TRUE if the requested sub-cycle is planned to be run.
    138           */

   \                                 In section .text, align 2, keep-with-next
    139          BOOL_TYPE SubCycle__RequestStart(uint8 compartment, uint8 priority)
    140          {
    141              // The sub-cycle index is similar to the priority.
    142              // Index 0 is the highest priority.
    143              uint8 sub_cycle_index = priority - 1;
   \                     SubCycle__RequestStart: (+1)
   \   00000000   0x1E49             SUBS     R1,R1,#+1
    144              if (sub_cycle_index <= Requested_Sub_Cycle[compartment])
   \   00000002   0x....             LDR      R2,??DataTable4
   \   00000004   0x1810             ADDS     R0,R2,R0
   \   00000006   0x7802             LDRB     R2,[R0, #+0]
   \   00000008   0x000B             MOVS     R3,R1
   \   0000000A   0xB2DB             UXTB     R3,R3
   \   0000000C   0x429A             CMP      R2,R3
   \   0000000E   0xD302             BCC      ??SubCycle__RequestStart_0
    145              {
    146                  // Requested sub-cycle has a priority that is higher than or equal to the current sub-cycle (if any).
    147                  Requested_Sub_Cycle[compartment] = sub_cycle_index;
   \   00000010   0x7001             STRB     R1,[R0, #+0]
    148                  return TRUE;
   \   00000012   0x2001             MOVS     R0,#+1
   \   00000014   0x4770             BX       LR
    149              }
    150              else
    151              {
    152                  return FALSE;
   \                     ??SubCycle__RequestStart_0: (+1)
   \   00000016   0x2000             MOVS     R0,#+0
   \   00000018   0x4770             BX       LR               ;; return
    153              }
    154          }
    155          
    156          
    157          //---------------------------------------------------------------------------------------------------------------------
    158          /**
    159           * Check the triggers of any enabled monitors and return the sub-cycle that should be running based on priorities.
    160           *
    161           * @param compartment = The compartment in which the sub-cycle should run.
    162           *
    163           * @return  Zero if no subcycle should be running.
    164           *          Otherwise, the subcycle ID for the cycle that should be running.
    165           */

   \                                 In section .text, align 2, keep-with-next
    166          uint8 SubCycle__GetActive(uint8 compartment, uint8 current_sub_cycle_id)
    167          {
   \                     SubCycle__GetActive: (+1)
   \   00000000   0xB5F3             PUSH     {R0,R1,R4-R7,LR}
   \   00000002   0xB081             SUB      SP,SP,#+4
    168              uint8 cycle_id = 0;
   \   00000004   0x2400             MOVS     R4,#+0
    169              uint8 sub_cycle_index = 0;
   \   00000006   0x0027             MOVS     R7,R4
   \   00000008   0x....             LDR      R5,??DataTable4
   \   0000000A   0xE009             B        ??SubCycle__GetActive_0
    170              SUB_CYCLE_CONDITION_TYPE const* sub_cycle;
    171              while (cycle_id == 0)
    172              {
    173                  if (sub_cycle_index >= Sub_Cycle[compartment]->Num_Of_Sub_Cycles)
    174                  {
    175                      // There are no more sub-cycles for this compartment.
    176                      break;                                  // Break out of the while() loop.
    177                  }
    178          
    179                  sub_cycle = GetSubCycleData(compartment, sub_cycle_index);
    180                  if (sub_cycle_index == Requested_Sub_Cycle[compartment])
    181                  {
    182                      // The sub-cycle was requested by a pre-fault.
    183                      cycle_id = sub_cycle->Cycle_Id;
    184                  }
    185                  else if (current_sub_cycle_id == sub_cycle->Cycle_Id)
    186                  {
    187                      // The sub-cycle is already running.
    188                      cycle_id = current_sub_cycle_id;
    189                  }
    190                  else
    191                  {
    192                      // Check if the condition associated with the sub-cycle triggers the sub-cycle.
    193                      uint8 condition_id = sub_cycle->Condition_Id;
   \                     ??SubCycle__GetActive_1: (+1)
   \   0000000C   0x7831             LDRB     R1,[R6, #+0]
    194                      if (condition_id != 0xFF)
   \   0000000E   0x29FF             CMP      R1,#+255
   \   00000010   0xD005             BEQ      ??SubCycle__GetActive_2
    195                      {
    196                          if (Condition__Evaluate(SF_PTR_ACU_CONDITION_TABLE, condition_id) == CONDITION_RESULT_TRUE)
   \   00000012   0x200A             MOVS     R0,#+10
   \   00000014   0x.... 0x....      BL       Condition__Evaluate
   \   00000018   0x2801             CMP      R0,#+1
   \   0000001A   0xD100             BNE      ??SubCycle__GetActive_2
    197                          {
    198                              cycle_id = sub_cycle->Cycle_Id;
   \   0000001C   0x7874             LDRB     R4,[R6, #+1]
    199                          }
    200                      }
    201                  }
    202                  sub_cycle_index++;
   \                     ??SubCycle__GetActive_2: (+1)
   \   0000001E   0x1C7F             ADDS     R7,R7,#+1
   \                     ??SubCycle__GetActive_0: (+1)
   \   00000020   0x4668             MOV      R0,SP
   \   00000022   0x7900             LDRB     R0,[R0, #+4]
   \   00000024   0x9000             STR      R0,[SP, #+0]
   \   00000026   0x0020             MOVS     R0,R4
   \   00000028   0xD11E             BNE      ??SubCycle__GetActive_3
   \   0000002A   0x0038             MOVS     R0,R7
   \   0000002C   0x9900             LDR      R1,[SP, #+0]
   \   0000002E   0x0089             LSLS     R1,R1,#+2
   \   00000030   0x1869             ADDS     R1,R5,R1
   \   00000032   0x6849             LDR      R1,[R1, #+4]
   \   00000034   0x7809             LDRB     R1,[R1, #+0]
   \   00000036   0xB2C0             UXTB     R0,R0
   \   00000038   0x4288             CMP      R0,R1
   \   0000003A   0xD215             BCS      ??SubCycle__GetActive_3
   \   0000003C   0x0039             MOVS     R1,R7
   \   0000003E   0xB2C9             UXTB     R1,R1
   \   00000040   0x4668             MOV      R0,SP
   \   00000042   0x7900             LDRB     R0,[R0, #+4]
   \   00000044   0x.... 0x....      BL       GetSubCycleData
   \   00000048   0x0006             MOVS     R6,R0
   \   0000004A   0x7870             LDRB     R0,[R6, #+1]
   \   0000004C   0x0039             MOVS     R1,R7
   \   0000004E   0x9A00             LDR      R2,[SP, #+0]
   \   00000050   0x5CAA             LDRB     R2,[R5, R2]
   \   00000052   0xB2C9             UXTB     R1,R1
   \   00000054   0x4291             CMP      R1,R2
   \   00000056   0xD101             BNE      ??SubCycle__GetActive_4
   \   00000058   0x0004             MOVS     R4,R0
   \   0000005A   0xE7E0             B        ??SubCycle__GetActive_2
   \                     ??SubCycle__GetActive_4: (+1)
   \   0000005C   0x4669             MOV      R1,SP
   \   0000005E   0x7A09             LDRB     R1,[R1, #+8]
   \   00000060   0x4281             CMP      R1,R0
   \   00000062   0xD1D3             BNE      ??SubCycle__GetActive_1
   \   00000064   0x460C             MOV      R4,R1
   \   00000066   0xE7DA             B        ??SubCycle__GetActive_2
    203              }
    204          
    205              // Erase any sub-cycle requests.
    206              Requested_Sub_Cycle[compartment] = UCHAR_MAX;
   \                     ??SubCycle__GetActive_3: (+1)
   \   00000068   0x20FF             MOVS     R0,#+255
   \   0000006A   0x9900             LDR      R1,[SP, #+0]
   \   0000006C   0x5468             STRB     R0,[R5, R1]
    207          
    208              return cycle_id;
   \   0000006E   0x0020             MOVS     R0,R4
   \   00000070   0xBDFE             POP      {R1-R7,PC}       ;; return
    209          }
    210          
    211          
    212          //=====================================================================================================================
    213          //  --- Private Methods -----------------------------------------------------------------------------------------------
    214          //=====================================================================================================================
    215          
    216          
    217          //---------------------------------------------------------------------------------------------------------------------
    218          /**
    219           * Pre-Fault handler that triggers a sub-cycle associated with a pre-fault.
    220           * @param fault_monitor_id = The ID of the fault monitor in the Fault module.
    221           */

   \                                 In section .text, align 2, keep-with-next
    222          static void CheckForPreFaultSubCycle(uint8 fault_monitor_id)
    223          {
   \                     CheckForPreFaultSubCycle: (+1)
   \   00000000   0xB580             PUSH     {R7,LR}
    224              FAULT_CONFIG_TYPE* fault;
    225          
    226              Fault__GetEventInfo(fault_monitor_id, &fault);
   \   00000002   0x4669             MOV      R1,SP
   \   00000004   0x.... 0x....      BL       Fault__GetEventInfo
    227              if (fault->Sub_Cycle != UCHAR_MAX)
   \   00000008   0x9800             LDR      R0,[SP, #+0]
   \   0000000A   0x7941             LDRB     R1,[R0, #+5]
   \   0000000C   0x29FF             CMP      R1,#+255
   \   0000000E   0xD004             BEQ      ??CheckForPreFaultSubCycle_0
    228              {
    229                  SubCycle__RequestStart(fault->Compartment, fault->Sub_Cycle);
   \   00000010   0x7880             LDRB     R0,[R0, #+2]
   \   00000012   0x0700             LSLS     R0,R0,#+28
   \   00000014   0x0F00             LSRS     R0,R0,#+28
   \   00000016   0x.... 0x....      BL       SubCycle__RequestStart
    230              }
    231          }
   \                     ??CheckForPreFaultSubCycle_0: (+1)
   \   0000001A   0xBD01             POP      {R0,PC}          ;; return
    232          
    233          
    234          //---------------------------------------------------------------------------------------------------------------------
    235          /**
    236           * Convert a sub-cycle priority to the pointer to the specific data for that sub-cycle.
    237           *
    238           * @param compartment = The compartment in which the sub-cycle data needs to be referenced.
    239           * @param sub_cycle_index = The 0-based index of the specific sub-cycle that needs to be referenced.
    240           * @return A pointer to the data for the sub-cycle specified by compartment and priority.
    241           */

   \                                 In section .text, align 2, keep-with-next
    242          static SUB_CYCLE_CONDITION_TYPE const * GetSubCycleData(uint8 compartment, uint8 sub_cycle_index)
   \                     GetSubCycleData: (+1)
   \   00000000   0x....             LDR      R2,??DataTable4
   \   00000002   0x0080             LSLS     R0,R0,#+2
   \   00000004   0x1810             ADDS     R0,R2,R0
   \   00000006   0x6840             LDR      R0,[R0, #+4]
   \   00000008   0x7842             LDRB     R2,[R0, #+1]
   \   0000000A   0x434A             MULS     R2,R1,R2
   \   0000000C   0x1880             ADDS     R0,R0,R2
   \   0000000E   0x1C80             ADDS     R0,R0,#+2
   \   00000010   0x4770             BX       LR               ;; return

   \                                 In section .text, align 4, keep-with-next
   \                     ??DataTable4:
   \   00000000   0x........         DC32     Requested_Sub_Cycle

   \                                 In section .text, align 4, keep-with-next
   \                     ??DataTable4_1:
   \   00000000   0x........         DC32     CheckForPreFaultSubCycle
    243          {
    244              uint8 const * ptr;
    245          
    246              ptr = Sub_Cycle[compartment]->Sub_Cycles;
    247              ptr += Sub_Cycle[compartment]->Size_Of_Sub_Cycle_Entry * sub_cycle_index;
    248          
    249              return (SUB_CYCLE_CONDITION_TYPE const *)(void*)ptr;
    250          }
    251          

   Maximum stack usage in bytes:

   .cstack Function
   ------- --------
       8   CheckForPreFaultSubCycle
         8   -> Fault__GetEventInfo
         8   -> SubCycle__RequestStart
       0   GetSubCycleData
      32   SubCycle__GetActive
        32   -> Condition__Evaluate
        32   -> GetSubCycleData
      16   SubCycle__Initialize
        16   -> Fault__RegisterPreFaultEvents
        16   -> Log__AddMessage
        16   -> Micro__GetResetMode
        16   -> SettingFile__BasicLoader
        16   -> __aeabi_memset4
       0   SubCycle__RequestStart


   Section sizes:

   Bytes  Function/Label
   -----  --------------
       4  ??DataTable4
       4  ??DataTable4_1
      28  CheckForPreFaultSubCycle
      18  GetSubCycleData
       2  NO_SUB_CYCLES
       8  Requested_Sub_Cycle
          Sub_Cycle
     114  SubCycle__GetActive
     104  SubCycle__Initialize
      26  SubCycle__RequestStart

 
   8 bytes in section .bss
 300 bytes in section .text
 
 300 bytes of CODE memory
   8 bytes of DATA memory

Errors: none
Warnings: none
