###############################################################################
#
# IAR ANSI C/C++ Compiler V7.70.1.11437/W32 for ARM       28/Feb/2025  14:17:52
# Copyright 1999-2016 IAR Systems AB.
#
#    Cpu mode     =  thumb
#    Endian       =  little
#    Source file  =  
#        source/Category/Application/acu/Monitors/ThermistorFaultMonitor/ThermistorOpenMonitor/ThermistorOpenMonitor.c
#    Command line =  
#        --cpu Cortex-M0+ -Om --debug -e --only_stdout --silent -D
#        ENABLE_JUMP_TO_APPLICATION_WITHOUT_IAP_FIRMWARE --no_wrap_diagnostics
#        -f config\tmp\include_path.lnt
#        (-I../Nucleus-Tools-SDK/embOS/arm/v4.26/source\
#        -I../Nucleus-Tools-SDK/iar/arm/v7.70/cx/inc\
#        -Isource/Category/Application/acu/CycleResume\
#        -Isource/Category/Application/acu/Monitors/AutostartFactoryCycleMonitor\
#        -Isource/Category/Application/acu/Monitors/CartridgeDetectionMonitor\
#        -Isource/Category/Application/acu/Monitors/DCLoadCurrentMonitor\
#        -Isource/Category/Application/acu/Monitors/DiverterFaultMonitor\
#        -Isource/Category/Application/acu/Monitors/DiverterLeakFaultMonitor\
#        -Isource/Category/Application/acu/Monitors/DoorMonitor\
#        -Isource/Category/Application/acu/Monitors/DoorOpeningSystemMonitor\
#        -Isource/Category/Application/acu/Monitors/FanMotorFaultMonitor\
#        -Isource/Category/Application/acu/Monitors/FaultStatusMonitor\
#        -Isource/Category/Application/acu/Monitors/FillValveStuckOn\
#        -Isource/Category/Application/acu/Monitors/FlowMeterFaultMonitor\
#        -Isource/Category/Application/acu/Monitors/HeatMonitor\
#        -Isource/Category/Application/acu/Monitors/HotHighPotMonitor\
#        -Isource/Category/Application/acu/Monitors/LITTFaultMonitor\
#        -Isource/Category/Application/acu/Monitors/LITTMonitor\
#        -Isource/Category/Application/acu/Monitors/McuGetDataMonitor\
#        -Isource/Category/Application/acu/Monitors/ModelMonitors/AirlockDetectionMonitor\
#        -Isource/Category/Application/acu/Monitors/ModelMonitors/AirlockDetectionMonitor/CodeGeneration\
#        -Isource/Category/Application/acu/Monitors/ModelMonitors/HeaterCalcificationDetectionModel\
#        -Isource/Category/Application/acu/Monitors/ModelMonitors/HeaterCalcificationDetectionModel/CodeGeneration\
#        -Isource/Category/Application/acu/Monitors/ModelMonitors/OWIVoltageRegulatedOutputModel\
#        -Isource/Category/Application/acu/Monitors/ModelMonitors/OWIVoltageRegulatedOutputModel/CodeGeneration\
#        -Isource/Category/Application/acu/Monitors/ModelMonitors/PluggingDetectionMonitor\
#        -Isource/Category/Application/acu/Monitors/ModelMonitors/PluggingDetectionMonitor/CodeGeneration\
#        -Isource/Category/Application/acu/Monitors/MoisturePreventionMonitor\
#        -Isource/Category/Application/acu/Monitors/OverfillMonitor\
#        -Isource/Category/Application/acu/Monitors/OWIMonitor\
#        -Isource/Category/Application/acu/Monitors/PilotRelayFaultMonitor\
#        -Isource/Category/Application/acu/Monitors/PilotRelayFaultMonitor/PilotRelayStuckClosedMonitor\
#        -Isource/Category/Application/acu/Monitors/PilotRelayFaultMonitor/PilotRelayStuckOpenMonitor\
#        -Isource/Category/Application/acu/Monitors/PORTimeMonitor\
#        -Isource/Category/Application/acu/Monitors/PumpFlushRequestMonitor\
#        -Isource/Category/Application/acu/Monitors/RinseAidMonitor\
#        -Isource/Category/Application/acu/Monitors/SaltSensingMonitor\
#        -Isource/Category/Application/acu/Monitors/StabilityControlLoopMonitor\
#        -Isource/Category/Application/acu/Monitors/StandbyManager\
#        -Isource/Category/Application/acu/Monitors/SupervisorExtMonitor\
#        -Isource/Category/Application/acu/Monitors/ThermistorFaultMonitor\
#        -Isource/Category/Application/acu/Monitors/ThermistorFaultMonitor/ThermistorOpenMonitor\
#        -Isource/Category/Application/acu/Monitors/ThermistorFaultMonitor/ThermistorShortedMonitor\
#        -Isource/Category/Application/acu/Monitors/TriacCurrentMonitor\
#        -Isource/Category/Application/acu/Monitors/TriacShortedDrainFaultMonitor\
#        -Isource/Category/Application/acu/Monitors/TriacVoltageMonitor\
#        -Isource/Category/Application/acu/Monitors/VoltageRangeMonitor\
#        -Isource/Category/Application/acu/Monitors/VSDrainMotorFaultMonitor\
#        -Isource/Category/Application/acu/Monitors/VwiMonitor\
#        -Isource/Category/Application/acu/Monitors/VwiZoneCompensationMonitor\
#        -Isource/Category/Application/acu/Monitors/WashHeaterFaultMonitor\
#        -Isource/Category/Application/acu/Monitors/WashHeaterFaultMonitor/HeaterLeakageToNeutralMonitor\
#        -Isource/Category/Application/acu/Monitors/WashHeaterFaultMonitor/HeaterLineRelayOpenMonitor\
#        -Isource/Category/Application/acu/Monitors/WashHeaterFaultMonitor/HeaterNeutralRelayOpenMonitor\
#        -Isource/Category/Application/acu/Monitors/WashHeaterFaultMonitor/HeaterOpenAndLineRelayClosedMonitor\
#        -Isource/Category/Application/acu/Monitors/WashHeaterFaultMonitor/HeaterOpenMonitor\
#        -Isource/Category/Application/acu/Monitors/WashMotorFaultMonitor\
#        -Isource/Category/Application/acu/Monitors/ZeroCrossMonitor\
#        -Isource/Category/Application/acu/Processes/AlternateCtrl\
#        -Isource/Category/Application/acu/Processes/Fill\
#        -Isource/Category/Application/acu/Processes/Fill/ClassAFill\
#        -Isource/Category/Application/acu/Processes/Fill/Fill\
#        -Isource/Category/Application/acu/Processes/Fill/TankDrain\
#        -Isource/Category/Application/acu/Processes/Fill/TankFill\
#        -Isource/Category/Application/acu/Processes/Heat\
#        -Isource/Category/Application/acu/Processes/ModelProcesses/OWICalibrationModel\
#        -Isource/Category/Application/acu/Processes/ModelProcesses/OWICalibrationModel/CodeGeneration\
#        -Isource/Category/Application/acu/Processes/ModelProcesses/PartialDrainModel\
#        -Isource/Category/Application/acu/Processes/ModelProcesses/PartialDrainModel/CodeGeneration\
#        -Isource/Category/Application/acu/Processes/ModelProcesses/SensedDrainModel\
#        -Isource/Category/Application/acu/Processes/ModelProcesses/SensedDrainModel/CodeGeneration\
#        -Isource/Category/Application/acu/Processes/OWI\
#        -Isource/Category/Application/acu/Processes/OWI_VRO\
#        -Isource/Category/Application/acu/Processes/OWIOneShot\
#        -Isource/Category/Application/acu/Processes/PumpControl\
#        -Isource/Category/Application/acu/Processes/Regenerate\
#        -Isource/Category/Application/acu/Processes/RinseAidDispense\
#        -Isource/Category/Application/acu/Processes/RinseAidDispense/RinseAid\
#        -Isource/Category/Application/acu/Processes/RinseAidDispense/TridgeDetergent\
#        -Isource/Category/Application/acu/Tasks/DoorOpeningSystemPull\
#        -Isource/Category/Application/acu/Tasks/DoorOpeningSystemPush\
#        -Isource/Category/Application/acu/Tasks/HeaterShadowing\
#        -Isource/Category/Application/acu/Tasks/MoisturePrevention\
#        -Isource/Category/Application/acu/Tasks/OWIContinousReading\
#        -Isource/Category/Application/acu/Tasks/OwiVroContinuousReading\
#        -Isource/Category/Application/acu/Tasks/Sanitization\
#        -Isource/Category/Application/acu/Tasks/StabilityControl\
#        -Isource/Category/Application/acu/Tasks/TimeElapse\
#        -Isource/Category/Application/acu/VWI\
#        -Isource/Category/Application/all/ActivePower\
#        -Isource/Category/Application/all/API007App\
#        -Isource/Category/Application/all/Config\
#        -Isource/Category/Common/acu/CommonDish/DishAuxVar\
#        -Isource/Category/Common/acu/CommonDish/PumpCommand\
#        -Isource/Category/Common/acu/CommonDish/StatisticsDish\
#        -Isource/Category/Common/all/BoardDebugging\
#        -Isource/Category/Common/all/Config\
#        -Isource/Category/Common/all/MasterCommander\
#        -Isource/Category/Common/all/MasterCommander/Source\
#        -Isource/Category/Common/all/MasterCommander/Source/HAL\
#        -Isource/Category/Common/all/SharedUtils\
#        -Isource/Category/Hbl/acu/ACULoadHandler/AlternateLoad\
#        -Isource/Category/Hbl/acuexpacu/ACUGIHandler/WaterCounterGI\
#        -Isource/Category/Hbl/acuexpacu/ACULoadHandler/HeaterLoad\
#        -Isource/Category/Hbl/acuexpacu/ACULoadHandler/TriacMci\
#        -Isource/Category/Hbl/all/Config\ -Isource/Category/Hbl/all/Mci\
#        -Isource/Category/Hbl/all/Mci/MciZeroCross\
#        -Isource/Category/Hbl/all/Mci/Slfac\
#        -Isource/Category/Hbl/all/Mci/Slfac/Macroblocks\
#        -Isource/Category/Hbl/all/Mci/Slfac/Microblocks/GlitchFilter\
#        -Isource/Category/Hbl/all/Mci/Slfac/Microblocks/IIRFilter\
#        -Isource/Category/Hbl/all/Mci/Slfac/Microblocks/MathCalc\
#        -Isource/Category/Hbl/all/Mci/Slfac/Microblocks/PeakDetector\
#        -Isource/Category/Hbl/all/Mci/Slfac/Microblocks/Pi\
#        -Isource/Category/Hbl/all/MCUDrivers/TimeCapture\
#        -Isource/Category/Hbl/all/MCUDrivers/TimerInterruptExt\
#        -Isource/Micros/STM32G0x/Driver/Atod\
#        -Isource/Micros/STM32G0x/Driver/DataFlash\
#        -Isource/Micros/STM32G0x/Driver/Dma\
#        -Isource/Micros/STM32G0x/Driver/Dtoa\
#        -Isource/Micros/STM32G0x/Driver/ExtInterrupt\
#        -Isource/Micros/STM32G0x/Driver/Flash\
#        -Isource/Micros/STM32G0x/Driver/Gpio\
#        -Isource/Micros/STM32G0x/Driver/I2c\
#        -Isource/Micros/STM32G0x/Driver/IntMgr\
#        -Isource/Micros/STM32G0x/Driver/Micro\
#        -Isource/Micros/STM32G0x/Driver/MicroExt\
#        -Isource/Micros/STM32G0x/Driver/Rtc\
#        -Isource/Micros/STM32G0x/Driver/RTCDriver\
#        -Isource/Micros/STM32G0x/Driver/Spi\
#        -Isource/Micros/STM32G0x/Driver/Timeout\
#        -Isource/Micros/STM32G0x/Driver/Timer\
#        -Isource/Micros/STM32G0x/Driver/TimerInterrupt\
#        -Isource/Micros/STM32G0x/Driver/Uart\
#        -Isource/ProjectSpecific/Application/acu/Config\
#        -Isource/ProjectSpecific/Application/acu/LowPower\
#        -Isource/ProjectSpecific/Application/acuexpacu/Config\
#        -Isource/ProjectSpecific/Application/all/Config\
#        -Isource/ProjectSpecific/Application/all/MCUDebug\
#        -Isource/ProjectSpecific/Application/all/ProductInfo\
#        -Isource/ProjectSpecific/Common/acu/Config\
#        -Isource/ProjectSpecific/Common/all/Config\
#        -Isource/ProjectSpecific/Common/all/Debug\
#        -Isource/ProjectSpecific/Common/all/SRConfig\
#        -Isource/ProjectSpecific/Driver/STM32G0x\
#        -Isource/ProjectSpecific/Hbl/acuexpacu/Config\
#        -Isource/ProjectSpecific/Hbl/acuexpacu/SRConfig\
#        -Isource/ProjectSpecific/Hbl/all/Config\
#        -Isource/ProjectSpecific/Hbl/all/Config/Mci\
#        -Isource/ProjectSpecific/Hbl/all/Config/Mci/MasterCommander\
#        -Isource/ProjectSpecific/Hbl/all/Config/Mci/MCUDrivers\
#        -Isource/ProjectSpecific/Hbl/all/SRConfig\
#        -Isource/XCategory/Application/acu/API221MotionCtrl\
#        -Isource/XCategory/Application/acu/Calibration\
#        -Isource/XCategory/Application/acu/Condition\
#        -Isource/XCategory/Application/acu/Estimator\
#        -Isource/XCategory/Application/acu/Interpreter\
#        -Isource/XCategory/Application/acu/Processes/ActivateTask\
#        -Isource/XCategory/Application/acu/Processes/JumpIf\
#        -Isource/XCategory/Application/acu/Processes/LoadsControl\
#        -Isource/XCategory/Application/acu/Processes/Maintain\
#        -Isource/XCategory/Application/acu/Processes/SetVariable\
#        -Isource/XCategory/Application/acu/RegulationAccept\
#        -Isource/XCategory/Application/acu/Selector\
#        -Isource/XCategory/Application/acu/SubCycle\
#        -Isource/XCategory/Application/acu/Supervisor\
#        -Isource/XCategory/Application/acu/TestMgr\
#        -Isource/XCategory/Application/acuexpacu/ApplianceMgr\
#        -Isource/XCategory/Application/acuhmi/CommunicationMonitor\
#        -Isource/XCategory/Application/acuhmi/Modifier\
#        -Isource/XCategory/Application/acuhmi/Regulations\
#        -Isource/XCategory/Application/acuhmi/Status\
#        -Isource/XCategory/Application/all/API007Data\
#        -Isource/XCategory/Application/all/API011AppCtr\
#        -Isource/XCategory/Application/all/API012Exp\
#        -Isource/XCategory/Application/all/API013RemoteFunction\
#        -Isource/XCategory/Application/all/API018Diagnostic\
#        -Isource/XCategory/Application/all/API220MotorControl\
#        -Isource/XCategory/Application/all/API220MotorControl/Api\
#        -Isource/XCategory/Application/all/Mode\
#        -Isource/XCategory/Application/all/Reveal_Basic/API003Disc\
#        -Isource/XCategory/Application/all/Reveal_Basic/API004Debug\
#        -Isource/XCategory/Application/all/Reveal_Basic/API004Debug/SW05SoftwareTest\
#        -Isource/XCategory/Application/all/Reveal_Basic/API005LowLevel\
#        -Isource/XCategory/Application/all/Reveal_Basic/API009System\
#        -Isource/XCategory/Application/all/Reveal_Basic/API010PollVar\
#        -Isource/XCategory/Application/all/Reveal_Basic/API019ProductInfo\
#        -Isource/XCategory/Application/all/SFUpdater\
#        -Isource/XCategory/Application/all/SRAPI020Safety\
#        -Isource/XCategory/Application/all/StatusLed\
#        -Isource/XCategory/Common/acu/BrownOut\
#        -Isource/XCategory/Common/acu/Fault\
#        -Isource/XCategory/Common/acu/Statistics\
#        -Isource/XCategory/Common/all/Common/Callback\
#        -Isource/XCategory/Common/all/Common/Convert\
#        -Isource/XCategory/Common/all/Common/Crc16\
#        -Isource/XCategory/Common/all/Common/Crc32\
#        -Isource/XCategory/Common/all/Common/Crc8\
#        -Isource/XCategory/Common/all/Common/Equation\
#        -Isource/XCategory/Common/all/Common/Filter\
#        -Isource/XCategory/Common/all/Common/FITMgr\
#        -Isource/XCategory/Common/all/Common/I2cMgr\
#        -Isource/XCategory/Common/all/Common/IAPEmul\
#        -Isource/XCategory/Common/all/Common/Log\
#        -Isource/XCategory/Common/all/Common/Millis\
#        -Isource/XCategory/Common/all/Common/SeggerRTT\
#        -Isource/XCategory/Common/all/Common/SeggerRTT/SEGGER_RTT/Config\
#        -Isource/XCategory/Common/all/Common/SeggerRTT/SEGGER_RTT/RTT\
#        -Isource/XCategory/Common/all/Common/SettingFile\
#        -Isource/XCategory/Common/all/Common/SFVersionCheck\
#        -Isource/XCategory/Common/all/Common/SystemConfig\
#        -Isource/XCategory/Common/all/Common/SystemTimers\
#        -Isource/XCategory/Common/all/Common/Utilities\
#        -Isource/XCategory/Common/all/Common/Variable\
#        -Isource/XCategory/Common/all/SRCommon/SRClockMonitor\
#        -Isource/XCategory/Common/all/SRCommon/SRData\
#        -Isource/XCategory/Common/all/SRCommon/SRException\
#        -Isource/XCategory/Common/all/SRCommon/SRIsrMonitor\
#        -Isource/XCategory/Common/all/SRCommon/SRPowerMgr\
#        -Isource/XCategory/Common/all/SRCommon/SRSignature\
#        -Isource/XCategory/Common/all/SRCommon/SRSystemConfig\
#        -Isource/XCategory/Common/all/SRCommon/SRTaskMonitor\
#        -Isource/XCategory/Common/all/SRCommon/SRTaskSequence\
#        -Isource/XCategory/Common/all/SRCommon/SRTimerReference\
#        -Isource/XCategory/Common/all/SRCommon/SRUnusedPinsConfig\
#        -Isource/XCategory/Common/all/SRMain\
#        -Isource/XCategory/Common/all/SRMain/BackgroundThreads\
#        -Isource/XCategory/Common/all/SRMain/OsServices\
#        -Isource/XCategory/Common/all/SRMain/StackAnalysis\
#        -Isource/XCategory/Common/all/SRMain/TimingAnalysis\
#        -Isource/XCategory/Driver/APIs/Atod\
#        -Isource/XCategory/Driver/APIs/Comparator\
#        -Isource/XCategory/Driver/APIs/DataFlash\
#        -Isource/XCategory/Driver/APIs/Dma\
#        -Isource/XCategory/Driver/APIs/Dtc\
#        -Isource/XCategory/Driver/APIs/Dtoa\
#        -Isource/XCategory/Driver/APIs/EmbOS\
#        -Isource/XCategory/Driver/APIs/ExtInterrupt\
#        -Isource/XCategory/Driver/APIs/Flash\
#        -Isource/XCategory/Driver/APIs/Gpio\
#        -Isource/XCategory/Driver/APIs/I2c\
#        -Isource/XCategory/Driver/APIs/IntMgr\
#        -Isource/XCategory/Driver/APIs/Micro\
#        -Isource/XCategory/Driver/APIs/MicroExt\
#        -Isource/XCategory/Driver/APIs/Rtc\
#        -Isource/XCategory/Driver/APIs/RTCDriver\
#        -Isource/XCategory/Driver/APIs/Spi\
#        -Isource/XCategory/Driver/APIs/Timeout\
#        -Isource/XCategory/Driver/APIs/Timer\
#        -Isource/XCategory/Driver/APIs/TimerInterrupt\
#        -Isource/XCategory/Driver/APIs/Touch\
#        -Isource/XCategory/Driver/APIs/Uart\
#        -Isource/XCategory/Hbl/acu/FdmCounter\
#        -Isource/XCategory/Hbl/acu/FdmTimer\
#        -Isource/XCategory/Hbl/acuexpacu/ACUGIHandler/ConvertGI\
#        -Isource/XCategory/Hbl/acuexpacu/ACUGIHandler/DirectGI\
#        -Isource/XCategory/Hbl/acuexpacu/ACUGIHandler/DoorSwitchGI\
#        -Isource/XCategory/Hbl/acuexpacu/ACUGIHandler/ProbeGI\
#        -Isource/XCategory/Hbl/acuexpacu/ACUGIHandler/ProbeLpsGI\
#        -Isource/XCategory/Hbl/acuexpacu/ACULoadHandler/DCFanLoad\
#        -Isource/XCategory/Hbl/acuexpacu/ACUPilotHandler/AnalogOutputPilot\
#        -Isource/XCategory/Hbl/acuexpacu/ACUPilotHandler/ChargePumpPilot\
#        -Isource/XCategory/Hbl/acuexpacu/ACUPilotHandler/DigitalOutputMultiPilot\
#        -Isource/XCategory/Hbl/acuexpacu/ACUPilotHandler/DigitalOutputPilot\
#        -Isource/XCategory/Hbl/acuexpacu/ACUPilotHandler/DoorLockEMPilot\
#        -Isource/XCategory/Hbl/acuexpacu/ACUPilotHandler/DoorLockWaxPilot\
#        -Isource/XCategory/Hbl/acuexpacu/ACUPilotHandler/ExpansionPilot\
#        -Isource/XCategory/Hbl/acuexpacu/ACUPilotHandler/ExternalMotorPilot\
#        -Isource/XCategory/Hbl/acuexpacu/ACUPilotHandler/FSMPilot\
#        -Isource/XCategory/Hbl/acuexpacu/ACUPilotHandler/MagnetronPilot\
#        -Isource/XCategory/Hbl/acuexpacu/ACUPilotHandler/MotorPilot\
#        -Isource/XCategory/Hbl/acuexpacu/ACUPilotHandler/MultiDriverPilot\
#        -Isource/XCategory/Hbl/acuexpacu/ACUPilotHandler/MultiSequencePilot\
#        -Isource/XCategory/Hbl/acuexpacu/ACUPilotHandler/NonfunctionalPilot\
#        -Isource/XCategory/Hbl/acuexpacu/ACUPilotHandler/PwmHiResPilot\
#        -Isource/XCategory/Hbl/acuexpacu/ACUPilotHandler/PwmPilot\
#        -Isource/XCategory/Hbl/acuexpacu/ACUPilotHandler/SRChargePumpPilot\
#        -Isource/XCategory/Hbl/acuexpacu/ACUPilotHandler/SRDigitalOutputMultiPilot\
#        -Isource/XCategory/Hbl/acuexpacu/ACUPilotHandler/SRDigitalOutputPilot\
#        -Isource/XCategory/Hbl/acuexpacu/ACUPilotHandler/SRDoorLockEMPilot\
#        -Isource/XCategory/Hbl/acuexpacu/ACUPilotHandler/SRDoorLockWaxPilot\
#        -Isource/XCategory/Hbl/acuexpacu/ACUPilotHandler/SRUMRelayPilot\
#        -Isource/XCategory/Hbl/acuexpacu/ACUPilotHandler/SteadyPwmProfilePilot\
#        -Isource/XCategory/Hbl/acuexpacu/ACUPilotHandler/StepperPilot\
#        -Isource/XCategory/Hbl/acuexpacu/ACUPilotHandler/TriacSwitchPilot\
#        -Isource/XCategory/Hbl/acuexpacu/ACUPilotHandler/ZCRelayPilot\
#        -Isource/XCategory/Hbl/acuexpacu/ACUPilotHandler/ZCTriacPilot\
#        -Isource/XCategory/Hbl/acuexpacu/HblAcu\
#        -Isource/XCategory/Hbl/acuexpacu/HblAcu/CrossLoads\
#        -Isource/XCategory/Hbl/acuexpacu/HblAcu/SetLoadQueue\
#        -Isource/XCategory/Hbl/acuexpacu/HblAcu/SRProductMgr\
#        -Isource/XCategory/Hbl/acuexpacu/HblAcu/ZeroCross\
#        -Isource/XCategory/Hbl/all/Hbl\
#        -Isource/XCategory/Hbl/all/Hbl/DefaultPin\
#        -Isource/XCategory/Hbl/all/Hbl/HblCommon\
#        -Isource/XCategory/Hbl/all/Hbl/VirtualPin\
#        -Isource/XCategory/Hbl/all/LLIHandler/AbsoluteHumidityLLI\
#        -Isource/XCategory/Hbl/all/LLIHandler/AccelerometerLLI\
#        -Isource/XCategory/Hbl/all/LLIHandler/AccelerometerLLI/AccelBaseline\
#        -Isource/XCategory/Hbl/all/LLIHandler/AccelerometerLLI/AccelDiscover\
#        -Isource/XCategory/Hbl/all/LLIHandler/AccelerometerLLI/FXLS8974\
#        -Isource/XCategory/Hbl/all/LLIHandler/AccelerometerLLI/FXLS8974/SelfTestFXLS8974\
#        -Isource/XCategory/Hbl/all/LLIHandler/AccelerometerLLI/LISxDH\
#        -Isource/XCategory/Hbl/all/LLIHandler/AnalogLLI\
#        -Isource/XCategory/Hbl/all/LLIHandler/ConductivityLLI\
#        -Isource/XCategory/Hbl/all/LLIHandler/DigitalLLI\
#        -Isource/XCategory/Hbl/all/LLIHandler/EncoderLLI\
#        -Isource/XCategory/Hbl/all/LLIHandler/ExpansionLLI\
#        -Isource/XCategory/Hbl/all/LLIHandler/FeedbackLLI\
#        -Isource/XCategory/Hbl/all/LLIHandler/I2CInfraredLLI\
#        -Isource/XCategory/Hbl/all/LLIHandler/I2CPressureSensorLLI\
#        -Isource/XCategory/Hbl/all/LLIHandler/I2CRHTSensorLLI\
#        -Isource/XCategory/Hbl/all/LLIHandler/InputCaptureLLI\
#        -Isource/XCategory/Hbl/all/LLIHandler/MultiInputLLI\
#        -Isource/XCategory/Hbl/all/LLIHandler/NonfunctionalLLI\
#        -Isource/XCategory/Hbl/all/LLIHandler/PulseCounterLLI\
#        -Isource/XCategory/Hbl/all/LLIHandler/SRAnalogLLI\
#        -Isource/XCategory/Hbl/all/LLIHandler/SRDigitalLLI\
#        -Isource/XCategory/Hbl/all/LLIHandler/SRFeedbackLLI\
#        -Isource/XCategory/Hbl/all/LLIHandler/SRI2CPressureSensorLLI\
#        -Isource/XCategory/Hbl/all/LLIHandler/SRICTachometerLLI\
#        -Isource/XCategory/Hbl/all/LLIHandler/SRInputCaptureLLI\
#        -Isource/XCategory/Hbl/all/LLIHandler/SRTouchKeyLLI\
#        -Isource/XCategory/Hbl/all/LLIHandler/SRTriacFeedbackLLI\
#        -Isource/XCategory/Hbl/all/LLIHandler/TouchKeyLLI\
#        -Isource/XCategory/Hbl/all/LLIHandler/TouchSliderLLI\
#        -Isource/XCategory/Hbl/all/LLIHandler/TouchWheelLLI\
#        -Isource/XCategory/Hbl/all/LLIHandler/TriacFeedbackLLI\
#        -Isource/XCategory/Hbl/all/LLIHandler/VirtualDigitalLLI\
#        -Isource/XCategory/Service/all/NVData\
#        -Isource/XCategory/Service/all/Reveal\
#        -Isource/XCategory/Service/all/Win\) -l
#        listings\ThermistorOpenMonitor.lst -o obj\ThermistorOpenMonitor.obj
#        source/Category/Application/acu/Monitors/ThermistorFaultMonitor/ThermistorOpenMonitor/ThermistorOpenMonitor.c
#    Locale       =  English_United States.1252
#    List file    =  listings\ThermistorOpenMonitor.lst
#    Object file  =  obj\ThermistorOpenMonitor.obj
#
###############################################################################

C:\Data\Nucleus_Dev\Vostok_ACU_A\source\Category\Application\acu\Monitors\ThermistorFaultMonitor\ThermistorOpenMonitor\ThermistorOpenMonitor.c
      1          /**
      2           *  @file
      3           *
      4           *  @brief      Basic description of file contents
      5           *
      6           *  @details    Detailed description of the file contents
      7           *
      8           *
      9            @startuml{ThermistorOpenFaultMonitor State Machine.jpg}
     10                  title Thermistor Open Fault State Machine
     11          
     12                  [*] --> NO_FAILURE_DETECTED
     13          
     14                  NO_FAILURE_DETECTED : entry / RemoveOpenFault()
     15                  NO_FAILURE_DETECTED : do /\t CheckForOpenFault()
     16                  NO_FAILURE_DETECTED --> OPEN_DETECTED    : evOpenDetected
     17          
     18          
     19                  OPEN_DETECTED : entry /\t OpenFaultDetected()
     20                  OPEN_DETECTED : do /\t CheckOpenRemoval()
     21                  OPEN_DETECTED --> NO_FAILURE_DETECTED  : evNoOpenFailurePresent
     22                  OPEN_DETECTED --> OPEN_FAULT           : evOpenFailureDebounced
     23          
     24          		OPEN_FAULT : do /\t MonitorOpenFaultState()
     25          		OPEN_FAULT --> NO_FAILURE_DETECTED : evOpenFaultReset
     26          
     27          
     28              @enduml
     29          
     30           *  @copyright  Copyright 2017-$Date$. Whirlpool Corporation. All rights reserved - CONFIDENTIAL
     31           */
     32          
     33          //-------------------------------------- Include Files ----------------------------------------------------------------
     34          // -- This Module --
     35          #include "SystemConfig.h"
     36          #include "ThermistorFaultMonitor.h"
     37          #include "ThermistorOpenMonitor.h"
     38          
     39          // -- Other Modules --
     40          #include "Fault.h"
     41          #include "Selector.h"
     42          #include "Interpreter.h"
     43          
     44          
     45          
     46          //=====================================================================================================================
     47          //=== StateEngineCrank (v2.8) Auto-Generated Definitions for Thermistor Open Fault State Machine
     48          //=====================================================================================================================
     49          // !! StateEngineCrank cannot update this code if you change the header !!
     50          
     51          
     52          //! Unique names used to identify states of the Thermistor Open Fault state machine.
     53          typedef enum THERMISTOR_OPEN_FAULT_STATE_ENUM
     54          {
     55              STATE_THERMISTOR_OPEN_FAULT_NONE                = 0,
     56          
     57              STATE_THERMISTOR_OPEN_FAULT_NO_FAILURE_DETECTED = 1, //!< (initial_state)
     58              STATE_THERMISTOR_OPEN_FAULT_OPEN_DETECTED       = 2,
     59              STATE_THERMISTOR_OPEN_FAULT_OPEN_FAULT          = 3,
     60          
     61              STATE_THERMISTOR_OPEN_FAULT_END                 = 4
     62          } THERMISTOR_OPEN_FAULT_STATE_TYPE;
     63          
     64          //! The state variable for the Thermistor Open Fault state machine.
     65          //! State machines with a history pseudostate may write to this variable during initialization.
     66          //! Other state machines must only write to this variable through auto-generated functions.

   \                                 In section .bss, align 1
     67          static THERMISTOR_OPEN_FAULT_STATE_TYPE Thermistor_Open_Fault_State;
   \                     Thermistor_Open_Fault_State:
   \   00000000                      DS8 1
     68          
     69          // -- Private Function Prototypes used by the state machine for customization functions --
     70          static void CheckForOpenFault(void);
     71          static void CheckOpenRemoval(void);
     72          static void MonitorOpenFaultState(void);
     73          static void OpenFaultDetected(void);
     74          static void RemoveOpenFault(void);
     75          
     76          // -- Private Function Prototypes used by the state machine for standard state machine functions --
     77          static void EventNoOpenFailurePresent(void);
     78          static void EventOpenDetected(void);
     79          static void EventOpenFailureDebounced(void);
     80          static void EventOpenFaultReset(void);
     81          static void ThermistorOpenFaultExecute(void);
     82          static void ThermistorOpenFaultInitialize(void);
     83          
     84          // !! StateEngineCrank cannot update this code if you change the footer !!
     85          // End of StateEngineCrank Auto-Generated Code.
     86          
     87          
     88          //-------------------------------------- PUBLIC (Variables) -----------------------------------------------------------
     89          
     90          
     91          //-------------------------------------- PRIVATE (Variables, Constants & Defines) -------------------------------------
     92          #define THERMISTOR_LOW_THRESHOLD	0
     93          
     94          
     95          
     96          //-------------------------------------- PRIVATE (Function Prototypes) ------------------------------------------------
     97          
     98          
     99          //=====================================================================================================================
    100          //-------------------------------------- Public Functions -------------------------------------------------------------
    101          //=====================================================================================================================
    102          
    103          //---------------------------------------------------------------------------------------------------------------------
    104          /**
    105           *  @brief
    106           *
    107           */

   \                                 In section .text, align 2, keep-with-next
    108          void ThermistorOpenFaultMonitor__Initialize(void)
    109          {
   \                     ThermistorOpenFaultMonitor__Initialize: (+1)
   \   00000000   0xB580             PUSH     {R7,LR}
    110          	ThermistorOpenFaultInitialize();
   \   00000002   0x.... 0x....      BL       ThermistorOpenFaultInitialize
    111          }
   \   00000006   0xBD01             POP      {R0,PC}          ;; return
    112          
    113          
    114          //---------------------------------------------------------------------------------------------------------------------
    115          /**
    116           *  @brief      It Initializes the module ThermistorFault and its variables
    117           *
    118           */

   \                                 In section .text, align 2, keep-with-next
    119          void ThermistorOpenFaultMonitor__Execution(void)
    120          {
   \                     ThermistorOpenFaultMonitor__Execution: (+1)
   \   00000000   0xB580             PUSH     {R7,LR}
    121          	ThermistorOpenFaultExecute();
   \   00000002   0x.... 0x....      BL       ThermistorOpenFaultExecute
    122          }
   \   00000006   0xBD01             POP      {R0,PC}          ;; return
    123          
    124          
    125          //----------------------------------------------------------------------------
    126          /**
    127           *  @brief
    128           *  @details
    129           *
    130           */

   \                                 In section .text, align 2, keep-with-next
    131          void ThermistorOpenFaultMonitor__ExitFault(void)
    132          {
   \                     ThermistorOpenFaultMonitor__ExitFault: (+1)
   \   00000000   0xB580             PUSH     {R7,LR}
    133          	EventOpenFaultReset();
   \   00000002   0x.... 0x....      BL       EventOpenFaultReset
    134          }
   \   00000006   0xBD01             POP      {R0,PC}          ;; return
    135          
    136          
    137          //=====================================================================================================================
    138          //-------------------------------------- Private Functions ------------------------------------------------------------
    139          //=====================================================================================================================
    140          
    141          
    142          //=====================================================================================================================
    143          //  --- Private State Machine Customization Functions -----------------------------------------------------------------
    144          //=====================================================================================================================
    145          
    146          
    147          //---------------------------------------------------------------------------------------------------------------------
    148          /**
    149           *
    150           */

   \                                 In section .text, align 2, keep-with-next
    151          static void CheckForOpenFault(void)
    152          {
   \                     CheckForOpenFault: (+1)
   \   00000000   0xB580             PUSH     {R7,LR}
    153          	CYCLE_STATE_TYPE label;
    154          
    155          	label = Selector__GetCycleState(0, COMPARTMENT_DEFAULT, Interpreter__GetCurrentStatement(COMPARTMENT_DEFAULT).Cycle);
    156          
    157          	if (label == CYCLE_STATE_RUN)
   \   00000002   0x2000             MOVS     R0,#+0
   \   00000004   0x.... 0x....      BL       Interpreter__GetCurrentStatement
   \   00000008   0x9000             STR      R0,[SP, #+0]
   \   0000000A   0x4668             MOV      R0,SP
   \   0000000C   0x7802             LDRB     R2,[R0, #+0]
   \   0000000E   0x2100             MOVS     R1,#+0
   \   00000010   0x4608             MOV      R0,R1
   \   00000012   0x.... 0x....      BL       Selector__GetCycleState
   \   00000016   0x2801             CMP      R0,#+1
   \   00000018   0xD105             BNE      ??CheckForOpenFault_0
    158          	{
    159          		if (ThermistorFaultMonitor__GetTemperature() < THERMISTOR_LOW_THRESHOLD)
   \   0000001A   0x.... 0x....      BL       ThermistorFaultMonitor__GetTemperature
   \   0000001E   0x2800             CMP      R0,#+0
   \   00000020   0xD501             BPL      ??CheckForOpenFault_0
    160          		{
    161          			EventOpenDetected();
   \   00000022   0x.... 0x....      BL       EventOpenDetected
    162          		}
    163          		else
    164          		{
    165          			// No open fault detected
    166          		}
    167          	}
    168          }
   \                     ??CheckForOpenFault_0: (+1)
   \   00000026   0xBD01             POP      {R0,PC}          ;; return
    169          
    170          
    171          //---------------------------------------------------------------------------------------------------------------------
    172          /**
    173           *
    174           */

   \                                 In section .text, align 2, keep-with-next
    175          static void CheckOpenRemoval(void)
    176          {
   \                     CheckOpenRemoval: (+1)
   \   00000000   0xB580             PUSH     {R7,LR}
    177          	if ((uint8)Fault__IsInFaultState(FAULT_ID_THERMISTOR_OPEN) == (uint8)TRUE)
   \   00000002   0x200A             MOVS     R0,#+10
   \   00000004   0x.... 0x....      BL       Fault__IsInFaultState
   \   00000008   0x2801             CMP      R0,#+1
   \   0000000A   0xD102             BNE      ??CheckOpenRemoval_0
    178          	{
    179          		EventOpenFailureDebounced();
   \   0000000C   0x.... 0x....      BL       EventOpenFailureDebounced
   \   00000010   0xBD01             POP      {R0,PC}
    180          	}
    181          	else
    182          	{
    183          		CYCLE_STATE_TYPE label;
    184          
    185          		label = Selector__GetCycleState(0, COMPARTMENT_DEFAULT, Interpreter__GetCurrentStatement(COMPARTMENT_DEFAULT).Cycle);
    186          
    187          		if ((label != CYCLE_STATE_RUN) ||
    188          			(Fault__IsObserverActive(FAULT_ID_THERMISTOR_OPEN) == FALSE) ||
    189          			(ThermistorFaultMonitor__GetTemperature() >= THERMISTOR_LOW_THRESHOLD))
   \                     ??CheckOpenRemoval_0: (+1)
   \   00000012   0x2000             MOVS     R0,#+0
   \   00000014   0x.... 0x....      BL       Interpreter__GetCurrentStatement
   \   00000018   0x9000             STR      R0,[SP, #+0]
   \   0000001A   0x4668             MOV      R0,SP
   \   0000001C   0x7802             LDRB     R2,[R0, #+0]
   \   0000001E   0x2100             MOVS     R1,#+0
   \   00000020   0x4608             MOV      R0,R1
   \   00000022   0x.... 0x....      BL       Selector__GetCycleState
   \   00000026   0x2801             CMP      R0,#+1
   \   00000028   0xD108             BNE      ??CheckOpenRemoval_1
   \   0000002A   0x200A             MOVS     R0,#+10
   \   0000002C   0x.... 0x....      BL       Fault__IsObserverActive
   \   00000030   0x2800             CMP      R0,#+0
   \   00000032   0xD003             BEQ      ??CheckOpenRemoval_1
   \   00000034   0x.... 0x....      BL       ThermistorFaultMonitor__GetTemperature
   \   00000038   0x2800             CMP      R0,#+0
   \   0000003A   0xD401             BMI      ??CheckOpenRemoval_2
    190          		{
    191          			EventNoOpenFailurePresent();
   \                     ??CheckOpenRemoval_1: (+1)
   \   0000003C   0x.... 0x....      BL       EventNoOpenFailurePresent
    192          		}
    193          	}
    194          }
   \                     ??CheckOpenRemoval_2: (+1)
   \   00000040   0xBD01             POP      {R0,PC}          ;; return
    195          
    196          
    197          //---------------------------------------------------------------------------------------------------------------------
    198          /**
    199           *
    200           */

   \                                 In section .text, align 2, keep-with-next
    201          static void OpenFaultDetected(void)
    202          {
   \                     OpenFaultDetected: (+1)
   \   00000000   0xB580             PUSH     {R7,LR}
    203          	Fault__ConditionDetected(FAULT_ID_THERMISTOR_OPEN);
   \   00000002   0x200A             MOVS     R0,#+10
   \   00000004   0x.... 0x....      BL       Fault__ConditionDetected
    204          }
   \   00000008   0xBD01             POP      {R0,PC}          ;; return
    205          
    206          
    207          //---------------------------------------------------------------------------------------------------------------------
    208          /**
    209           *
    210           */

   \                                 In section .text, align 2, keep-with-next
    211          static void RemoveOpenFault(void)
    212          {
   \                     RemoveOpenFault: (+1)
   \   00000000   0xB580             PUSH     {R7,LR}
    213          	Fault__ConditionRemoved(FAULT_ID_THERMISTOR_OPEN);
   \   00000002   0x200A             MOVS     R0,#+10
   \   00000004   0x.... 0x....      BL       Fault__ConditionRemoved
    214          }
   \   00000008   0xBD01             POP      {R0,PC}          ;; return
    215          
    216          
    217          //---------------------------------------------------------------------------------------------------------------------
    218          /**
    219           *
    220           */

   \                                 In section .text, align 2, keep-with-next
    221          static void MonitorOpenFaultState(void)
    222          {
   \                     MonitorOpenFaultState: (+1)
   \   00000000   0xB580             PUSH     {R7,LR}
    223          	if (Fault__IsInFaultState(FAULT_ID_THERMISTOR_OPEN) == FALSE)
   \   00000002   0x200A             MOVS     R0,#+10
   \   00000004   0x.... 0x....      BL       Fault__IsInFaultState
   \   00000008   0x2800             CMP      R0,#+0
   \   0000000A   0xD101             BNE      ??MonitorOpenFaultState_0
    224          	{
    225          		EventOpenFaultReset();
   \   0000000C   0x.... 0x....      BL       EventOpenFaultReset
    226          	}
    227          }
   \                     ??MonitorOpenFaultState_0: (+1)
   \   00000010   0xBD01             POP      {R0,PC}          ;; return
    228          
    229          
    230          //=====================================================================================================================
    231          //=== StateEngineCrank (v2.8) Auto-Generated Functions for Thermistor Open Fault State Machine
    232          //=====================================================================================================================
    233          // !! StateEngineCrank cannot update this code if you change the header !!
    234          
    235          
    236          //---------------------------------------------------------------------------------------------------------------------
    237          /**
    238           * Process the No Open Failure Present Event for the Thermistor Open Fault state machine.
    239           *
    240           *              >>> DO NOT MODIFY THIS FUNCTION <<<
    241           *
    242           * This function was auto-generated and must not be edited manually.
    243           * Change the UML used to generate this function and regenerate the source code.
    244           */

   \                                 In section .text, align 2, keep-with-next
    245          static void EventNoOpenFailurePresent(void)
    246          {
    247              switch (Thermistor_Open_Fault_State)
   \                     EventNoOpenFailurePresent: (+1)
   \   00000000   0x....             LDR      R0,??DataTable5
   \   00000002   0x7801             LDRB     R1,[R0, #+0]
   \   00000004   0x2902             CMP      R1,#+2
   \   00000006   0xD000             BEQ      ??EventNoOpenFailurePresent_0
   \   00000008   0x4770             BX       LR
    248              {
    249                  case STATE_THERMISTOR_OPEN_FAULT_OPEN_DETECTED:
    250                      Thermistor_Open_Fault_State = STATE_THERMISTOR_OPEN_FAULT_NO_FAILURE_DETECTED;
   \                     ??EventNoOpenFailurePresent_0: (+1)
   \   0000000A   0xB580             PUSH     {R7,LR}
   \   0000000C   0x2101             MOVS     R1,#+1
   \   0000000E   0x7001             STRB     R1,[R0, #+0]
    251                      RemoveOpenFault();                      // Entry Function.
   \   00000010   0x.... 0x....      BL       RemoveOpenFault
    252                      break;
    253          
    254                  default:
    255                      // Event is ignored for all other values of Thermistor_Open_Fault_State.
    256                      break;
    257              }
    258          }
   \   00000014   0xBD01             POP      {R0,PC}          ;; return
    259          
    260          
    261          //---------------------------------------------------------------------------------------------------------------------
    262          /**
    263           * Process the Open Detected Event for the Thermistor Open Fault state machine.
    264           *
    265           *              >>> DO NOT MODIFY THIS FUNCTION <<<
    266           *
    267           * This function was auto-generated and must not be edited manually.
    268           * Change the UML used to generate this function and regenerate the source code.
    269           */

   \                                 In section .text, align 2, keep-with-next
    270          static void EventOpenDetected(void)
    271          {
    272              switch (Thermistor_Open_Fault_State)
   \                     EventOpenDetected: (+1)
   \   00000000   0x....             LDR      R0,??DataTable5
   \   00000002   0x7801             LDRB     R1,[R0, #+0]
   \   00000004   0x2901             CMP      R1,#+1
   \   00000006   0xD000             BEQ      ??EventOpenDetected_0
   \   00000008   0x4770             BX       LR
    273              {
    274                  case STATE_THERMISTOR_OPEN_FAULT_NO_FAILURE_DETECTED:
    275                      Thermistor_Open_Fault_State = STATE_THERMISTOR_OPEN_FAULT_OPEN_DETECTED;
   \                     ??EventOpenDetected_0: (+1)
   \   0000000A   0xB580             PUSH     {R7,LR}
   \   0000000C   0x2102             MOVS     R1,#+2
   \   0000000E   0x7001             STRB     R1,[R0, #+0]
    276                      OpenFaultDetected();                    // Entry Function.
   \   00000010   0x.... 0x....      BL       OpenFaultDetected
    277                      break;
    278          
    279                  default:
    280                      // Event is ignored for all other values of Thermistor_Open_Fault_State.
    281                      break;
    282              }
    283          }
   \   00000014   0xBD01             POP      {R0,PC}          ;; return
    284          
    285          
    286          //---------------------------------------------------------------------------------------------------------------------
    287          /**
    288           * Process the Open Failure Debounced Event for the Thermistor Open Fault state machine.
    289           *
    290           *              >>> DO NOT MODIFY THIS FUNCTION <<<
    291           *
    292           * This function was auto-generated and must not be edited manually.
    293           * Change the UML used to generate this function and regenerate the source code.
    294           */

   \                                 In section .text, align 2, keep-with-next
    295          static void EventOpenFailureDebounced(void)
    296          {
    297              switch (Thermistor_Open_Fault_State)
   \                     EventOpenFailureDebounced: (+1)
   \   00000000   0x....             LDR      R0,??DataTable5
   \   00000002   0x7801             LDRB     R1,[R0, #+0]
   \   00000004   0x2902             CMP      R1,#+2
   \   00000006   0xD101             BNE      ??EventOpenFailureDebounced_0
    298              {
    299                  case STATE_THERMISTOR_OPEN_FAULT_OPEN_DETECTED:
    300                      Thermistor_Open_Fault_State = STATE_THERMISTOR_OPEN_FAULT_OPEN_FAULT;
   \   00000008   0x2103             MOVS     R1,#+3
   \   0000000A   0x7001             STRB     R1,[R0, #+0]
    301                      break;
    302          
    303                  default:
    304                      // Event is ignored for all other values of Thermistor_Open_Fault_State.
    305                      break;
    306              }
    307          }
   \                     ??EventOpenFailureDebounced_0: (+1)
   \   0000000C   0x4770             BX       LR               ;; return
    308          
    309          
    310          //---------------------------------------------------------------------------------------------------------------------
    311          /**
    312           * Process the Open Fault Reset Event for the Thermistor Open Fault state machine.
    313           *
    314           *              >>> DO NOT MODIFY THIS FUNCTION <<<
    315           *
    316           * This function was auto-generated and must not be edited manually.
    317           * Change the UML used to generate this function and regenerate the source code.
    318           */

   \                                 In section .text, align 2, keep-with-next
    319          static void EventOpenFaultReset(void)
    320          {
    321              switch (Thermistor_Open_Fault_State)
   \                     EventOpenFaultReset: (+1)
   \   00000000   0x....             LDR      R0,??DataTable5
   \   00000002   0x7801             LDRB     R1,[R0, #+0]
   \   00000004   0x2903             CMP      R1,#+3
   \   00000006   0xD000             BEQ      ??EventOpenFaultReset_0
   \   00000008   0x4770             BX       LR
    322              {
    323                  case STATE_THERMISTOR_OPEN_FAULT_OPEN_FAULT:
    324                      Thermistor_Open_Fault_State = STATE_THERMISTOR_OPEN_FAULT_NO_FAILURE_DETECTED;
   \                     ??EventOpenFaultReset_0: (+1)
   \   0000000A   0xB580             PUSH     {R7,LR}
   \   0000000C   0x2101             MOVS     R1,#+1
   \   0000000E   0x7001             STRB     R1,[R0, #+0]
    325                      RemoveOpenFault();                      // Entry Function.
   \   00000010   0x.... 0x....      BL       RemoveOpenFault
    326                      break;
    327          
    328                  default:
    329                      // Event is ignored for all other values of Thermistor_Open_Fault_State.
    330                      break;
    331              }
    332          }
   \   00000014   0xBD01             POP      {R0,PC}          ;; return
    333          
    334          
    335          //---------------------------------------------------------------------------------------------------------------------
    336          /**
    337           * The main execution function for the Thermistor Open Fault state machine.
    338           * This function should be called periodically while the state machine is running.
    339           *
    340           *              >>> DO NOT MODIFY THIS FUNCTION <<<
    341           *
    342           * This function was auto-generated and must not be edited manually.
    343           * Change the UML used to generate this function and regenerate the source code.
    344           */

   \                                 In section .text, align 2, keep-with-next
    345          static void ThermistorOpenFaultExecute(void)
    346          {
   \                     ThermistorOpenFaultExecute: (+1)
   \   00000000   0xB580             PUSH     {R7,LR}
    347              switch(Thermistor_Open_Fault_State)
   \   00000002   0x....             LDR      R0,??DataTable5
   \   00000004   0x7800             LDRB     R0,[R0, #+0]
   \   00000006   0x2801             CMP      R0,#+1
   \   00000008   0xD004             BEQ      ??ThermistorOpenFaultExecute_0
   \   0000000A   0xD30B             BCC      ??ThermistorOpenFaultExecute_1
   \   0000000C   0x2803             CMP      R0,#+3
   \   0000000E   0xD007             BEQ      ??ThermistorOpenFaultExecute_2
   \   00000010   0xD303             BCC      ??ThermistorOpenFaultExecute_3
   \   00000012   0xBD01             POP      {R0,PC}
    348              {
    349                  case STATE_THERMISTOR_OPEN_FAULT_NO_FAILURE_DETECTED:
    350                      CheckForOpenFault();                    // Do function.
   \                     ??ThermistorOpenFaultExecute_0: (+1)
   \   00000014   0x.... 0x....      BL       CheckForOpenFault
    351                      break;
   \   00000018   0xBD01             POP      {R0,PC}
    352          
    353                  case STATE_THERMISTOR_OPEN_FAULT_OPEN_DETECTED:
    354                      CheckOpenRemoval();                     // Do function.
   \                     ??ThermistorOpenFaultExecute_3: (+1)
   \   0000001A   0x.... 0x....      BL       CheckOpenRemoval
    355                      break;
   \   0000001E   0xBD01             POP      {R0,PC}
    356          
    357                  case STATE_THERMISTOR_OPEN_FAULT_OPEN_FAULT:
    358                      MonitorOpenFaultState();                // Do function.
   \                     ??ThermistorOpenFaultExecute_2: (+1)
   \   00000020   0x.... 0x....      BL       MonitorOpenFaultState
    359                      break;
    360          
    361                  default:
    362                      // There is nothing to do for all other values of Thermistor_Open_Fault_State.
    363                      break;
    364              }
    365          }
   \                     ??ThermistorOpenFaultExecute_1: (+1)
   \   00000024   0xBD01             POP      {R0,PC}          ;; return
    366          
    367          
    368          //---------------------------------------------------------------------------------------------------------------------
    369          /**
    370           * The initialization function for the Thermistor Open Fault state machine.
    371           * This function resets the state machine to the initial state and executes the initial state's
    372           * entry function.
    373           *
    374           *              >>> DO NOT MODIFY THIS FUNCTION <<<
    375           *
    376           * This function was auto-generated and must not be edited manually.
    377           * Change the UML used to generate this function and regenerate the source code.
    378           */

   \                                 In section .text, align 2, keep-with-next
    379          static void ThermistorOpenFaultInitialize(void)
    380          {
   \                     ThermistorOpenFaultInitialize: (+1)
   \   00000000   0xB580             PUSH     {R7,LR}
    381              Thermistor_Open_Fault_State = STATE_THERMISTOR_OPEN_FAULT_NO_FAILURE_DETECTED;
   \   00000002   0x2001             MOVS     R0,#+1
   \   00000004   0x....             LDR      R1,??DataTable5
   \   00000006   0x7008             STRB     R0,[R1, #+0]
    382              RemoveOpenFault();                              // Entry Function.
   \   00000008   0x.... 0x....      BL       RemoveOpenFault
    383          }
   \   0000000C   0xBD01             POP      {R0,PC}          ;; return

   \                                 In section .text, align 4, keep-with-next
   \                     ??DataTable5:
   \   00000000   0x........         DC32     Thermistor_Open_Fault_State
    384          
    385          
    386          // !! StateEngineCrank cannot update this code if you change the footer !!
    387          // End of StateEngineCrank Auto-Generated Code.

   Maximum stack usage in bytes:

   .cstack Function
   ------- --------
       8   CheckForOpenFault
         8   -> EventOpenDetected
         8   -> Interpreter__GetCurrentStatement
         8   -> Selector__GetCycleState
         8   -> ThermistorFaultMonitor__GetTemperature
       8   CheckOpenRemoval
         8   -> EventNoOpenFailurePresent
         8   -> EventOpenFailureDebounced
         8   -> Fault__IsInFaultState
         8   -> Fault__IsObserverActive
         8   -> Interpreter__GetCurrentStatement
         8   -> Selector__GetCycleState
         8   -> ThermistorFaultMonitor__GetTemperature
       8   EventNoOpenFailurePresent
         8   -> RemoveOpenFault
       8   EventOpenDetected
         8   -> OpenFaultDetected
       0   EventOpenFailureDebounced
       8   EventOpenFaultReset
         8   -> RemoveOpenFault
       8   MonitorOpenFaultState
         8   -> EventOpenFaultReset
         8   -> Fault__IsInFaultState
       8   OpenFaultDetected
         8   -> Fault__ConditionDetected
       8   RemoveOpenFault
         8   -> Fault__ConditionRemoved
       8   ThermistorOpenFaultExecute
         8   -> CheckForOpenFault
         8   -> CheckOpenRemoval
         8   -> MonitorOpenFaultState
       8   ThermistorOpenFaultInitialize
         8   -> RemoveOpenFault
       8   ThermistorOpenFaultMonitor__Execution
         8   -> ThermistorOpenFaultExecute
       8   ThermistorOpenFaultMonitor__ExitFault
         8   -> EventOpenFaultReset
       8   ThermistorOpenFaultMonitor__Initialize
         8   -> ThermistorOpenFaultInitialize


   Section sizes:

   Bytes  Function/Label
   -----  --------------
       4  ??DataTable5
      40  CheckForOpenFault
      66  CheckOpenRemoval
      22  EventNoOpenFailurePresent
      22  EventOpenDetected
      14  EventOpenFailureDebounced
      22  EventOpenFaultReset
      18  MonitorOpenFaultState
      10  OpenFaultDetected
      10  RemoveOpenFault
      38  ThermistorOpenFaultExecute
      14  ThermistorOpenFaultInitialize
       8  ThermistorOpenFaultMonitor__Execution
       8  ThermistorOpenFaultMonitor__ExitFault
       8  ThermistorOpenFaultMonitor__Initialize
       1  Thermistor_Open_Fault_State

 
   1 byte  in section .bss
 304 bytes in section .text
 
 304 bytes of CODE memory
   1 byte  of DATA memory

Errors: none
Warnings: none
