###############################################################################
#
# IAR ANSI C/C++ Compiler V7.70.1.11437/W32 for ARM       28/Feb/2025  14:17:55
# Copyright 1999-2016 IAR Systems AB.
#
#    Cpu mode     =  thumb
#    Endian       =  little
#    Source file  =  
#        source/XCategory/Hbl/acuexpacu/ACUPilotHandler/TriacSwitchPilot/TriacSwitchPilot.c
#    Command line =  
#        --cpu Cortex-M0+ -Om --debug -e --only_stdout --silent -D
#        ENABLE_JUMP_TO_APPLICATION_WITHOUT_IAP_FIRMWARE --no_wrap_diagnostics
#        -f config\tmp\include_path.lnt
#        (-I../Nucleus-Tools-SDK/embOS/arm/v4.26/source\
#        -I../Nucleus-Tools-SDK/iar/arm/v7.70/cx/inc\
#        -Isource/Category/Application/acu/CycleResume\
#        -Isource/Category/Application/acu/Monitors/AutostartFactoryCycleMonitor\
#        -Isource/Category/Application/acu/Monitors/CartridgeDetectionMonitor\
#        -Isource/Category/Application/acu/Monitors/DCLoadCurrentMonitor\
#        -Isource/Category/Application/acu/Monitors/DiverterFaultMonitor\
#        -Isource/Category/Application/acu/Monitors/DiverterLeakFaultMonitor\
#        -Isource/Category/Application/acu/Monitors/DoorMonitor\
#        -Isource/Category/Application/acu/Monitors/DoorOpeningSystemMonitor\
#        -Isource/Category/Application/acu/Monitors/FanMotorFaultMonitor\
#        -Isource/Category/Application/acu/Monitors/FaultStatusMonitor\
#        -Isource/Category/Application/acu/Monitors/FillValveStuckOn\
#        -Isource/Category/Application/acu/Monitors/FlowMeterFaultMonitor\
#        -Isource/Category/Application/acu/Monitors/HeatMonitor\
#        -Isource/Category/Application/acu/Monitors/HotHighPotMonitor\
#        -Isource/Category/Application/acu/Monitors/LITTFaultMonitor\
#        -Isource/Category/Application/acu/Monitors/LITTMonitor\
#        -Isource/Category/Application/acu/Monitors/McuGetDataMonitor\
#        -Isource/Category/Application/acu/Monitors/ModelMonitors/AirlockDetectionMonitor\
#        -Isource/Category/Application/acu/Monitors/ModelMonitors/AirlockDetectionMonitor/CodeGeneration\
#        -Isource/Category/Application/acu/Monitors/ModelMonitors/HeaterCalcificationDetectionModel\
#        -Isource/Category/Application/acu/Monitors/ModelMonitors/HeaterCalcificationDetectionModel/CodeGeneration\
#        -Isource/Category/Application/acu/Monitors/ModelMonitors/OWIVoltageRegulatedOutputModel\
#        -Isource/Category/Application/acu/Monitors/ModelMonitors/OWIVoltageRegulatedOutputModel/CodeGeneration\
#        -Isource/Category/Application/acu/Monitors/ModelMonitors/PluggingDetectionMonitor\
#        -Isource/Category/Application/acu/Monitors/ModelMonitors/PluggingDetectionMonitor/CodeGeneration\
#        -Isource/Category/Application/acu/Monitors/MoisturePreventionMonitor\
#        -Isource/Category/Application/acu/Monitors/OverfillMonitor\
#        -Isource/Category/Application/acu/Monitors/OWIMonitor\
#        -Isource/Category/Application/acu/Monitors/PilotRelayFaultMonitor\
#        -Isource/Category/Application/acu/Monitors/PilotRelayFaultMonitor/PilotRelayStuckClosedMonitor\
#        -Isource/Category/Application/acu/Monitors/PilotRelayFaultMonitor/PilotRelayStuckOpenMonitor\
#        -Isource/Category/Application/acu/Monitors/PORTimeMonitor\
#        -Isource/Category/Application/acu/Monitors/PumpFlushRequestMonitor\
#        -Isource/Category/Application/acu/Monitors/RinseAidMonitor\
#        -Isource/Category/Application/acu/Monitors/SaltSensingMonitor\
#        -Isource/Category/Application/acu/Monitors/StabilityControlLoopMonitor\
#        -Isource/Category/Application/acu/Monitors/StandbyManager\
#        -Isource/Category/Application/acu/Monitors/SupervisorExtMonitor\
#        -Isource/Category/Application/acu/Monitors/ThermistorFaultMonitor\
#        -Isource/Category/Application/acu/Monitors/ThermistorFaultMonitor/ThermistorOpenMonitor\
#        -Isource/Category/Application/acu/Monitors/ThermistorFaultMonitor/ThermistorShortedMonitor\
#        -Isource/Category/Application/acu/Monitors/TriacCurrentMonitor\
#        -Isource/Category/Application/acu/Monitors/TriacShortedDrainFaultMonitor\
#        -Isource/Category/Application/acu/Monitors/TriacVoltageMonitor\
#        -Isource/Category/Application/acu/Monitors/VoltageRangeMonitor\
#        -Isource/Category/Application/acu/Monitors/VSDrainMotorFaultMonitor\
#        -Isource/Category/Application/acu/Monitors/VwiMonitor\
#        -Isource/Category/Application/acu/Monitors/VwiZoneCompensationMonitor\
#        -Isource/Category/Application/acu/Monitors/WashHeaterFaultMonitor\
#        -Isource/Category/Application/acu/Monitors/WashHeaterFaultMonitor/HeaterLeakageToNeutralMonitor\
#        -Isource/Category/Application/acu/Monitors/WashHeaterFaultMonitor/HeaterLineRelayOpenMonitor\
#        -Isource/Category/Application/acu/Monitors/WashHeaterFaultMonitor/HeaterNeutralRelayOpenMonitor\
#        -Isource/Category/Application/acu/Monitors/WashHeaterFaultMonitor/HeaterOpenAndLineRelayClosedMonitor\
#        -Isource/Category/Application/acu/Monitors/WashHeaterFaultMonitor/HeaterOpenMonitor\
#        -Isource/Category/Application/acu/Monitors/WashMotorFaultMonitor\
#        -Isource/Category/Application/acu/Monitors/ZeroCrossMonitor\
#        -Isource/Category/Application/acu/Processes/AlternateCtrl\
#        -Isource/Category/Application/acu/Processes/Fill\
#        -Isource/Category/Application/acu/Processes/Fill/ClassAFill\
#        -Isource/Category/Application/acu/Processes/Fill/Fill\
#        -Isource/Category/Application/acu/Processes/Fill/TankDrain\
#        -Isource/Category/Application/acu/Processes/Fill/TankFill\
#        -Isource/Category/Application/acu/Processes/Heat\
#        -Isource/Category/Application/acu/Processes/ModelProcesses/OWICalibrationModel\
#        -Isource/Category/Application/acu/Processes/ModelProcesses/OWICalibrationModel/CodeGeneration\
#        -Isource/Category/Application/acu/Processes/ModelProcesses/PartialDrainModel\
#        -Isource/Category/Application/acu/Processes/ModelProcesses/PartialDrainModel/CodeGeneration\
#        -Isource/Category/Application/acu/Processes/ModelProcesses/SensedDrainModel\
#        -Isource/Category/Application/acu/Processes/ModelProcesses/SensedDrainModel/CodeGeneration\
#        -Isource/Category/Application/acu/Processes/OWI\
#        -Isource/Category/Application/acu/Processes/OWI_VRO\
#        -Isource/Category/Application/acu/Processes/OWIOneShot\
#        -Isource/Category/Application/acu/Processes/PumpControl\
#        -Isource/Category/Application/acu/Processes/Regenerate\
#        -Isource/Category/Application/acu/Processes/RinseAidDispense\
#        -Isource/Category/Application/acu/Processes/RinseAidDispense/RinseAid\
#        -Isource/Category/Application/acu/Processes/RinseAidDispense/TridgeDetergent\
#        -Isource/Category/Application/acu/Tasks/DoorOpeningSystemPull\
#        -Isource/Category/Application/acu/Tasks/DoorOpeningSystemPush\
#        -Isource/Category/Application/acu/Tasks/HeaterShadowing\
#        -Isource/Category/Application/acu/Tasks/MoisturePrevention\
#        -Isource/Category/Application/acu/Tasks/OWIContinousReading\
#        -Isource/Category/Application/acu/Tasks/OwiVroContinuousReading\
#        -Isource/Category/Application/acu/Tasks/Sanitization\
#        -Isource/Category/Application/acu/Tasks/StabilityControl\
#        -Isource/Category/Application/acu/Tasks/TimeElapse\
#        -Isource/Category/Application/acu/VWI\
#        -Isource/Category/Application/all/ActivePower\
#        -Isource/Category/Application/all/API007App\
#        -Isource/Category/Application/all/Config\
#        -Isource/Category/Common/acu/CommonDish/DishAuxVar\
#        -Isource/Category/Common/acu/CommonDish/PumpCommand\
#        -Isource/Category/Common/acu/CommonDish/StatisticsDish\
#        -Isource/Category/Common/all/BoardDebugging\
#        -Isource/Category/Common/all/Config\
#        -Isource/Category/Common/all/MasterCommander\
#        -Isource/Category/Common/all/MasterCommander/Source\
#        -Isource/Category/Common/all/MasterCommander/Source/HAL\
#        -Isource/Category/Common/all/SharedUtils\
#        -Isource/Category/Hbl/acu/ACULoadHandler/AlternateLoad\
#        -Isource/Category/Hbl/acuexpacu/ACUGIHandler/WaterCounterGI\
#        -Isource/Category/Hbl/acuexpacu/ACULoadHandler/HeaterLoad\
#        -Isource/Category/Hbl/acuexpacu/ACULoadHandler/TriacMci\
#        -Isource/Category/Hbl/all/Config\ -Isource/Category/Hbl/all/Mci\
#        -Isource/Category/Hbl/all/Mci/MciZeroCross\
#        -Isource/Category/Hbl/all/Mci/Slfac\
#        -Isource/Category/Hbl/all/Mci/Slfac/Macroblocks\
#        -Isource/Category/Hbl/all/Mci/Slfac/Microblocks/GlitchFilter\
#        -Isource/Category/Hbl/all/Mci/Slfac/Microblocks/IIRFilter\
#        -Isource/Category/Hbl/all/Mci/Slfac/Microblocks/MathCalc\
#        -Isource/Category/Hbl/all/Mci/Slfac/Microblocks/PeakDetector\
#        -Isource/Category/Hbl/all/Mci/Slfac/Microblocks/Pi\
#        -Isource/Category/Hbl/all/MCUDrivers/TimeCapture\
#        -Isource/Category/Hbl/all/MCUDrivers/TimerInterruptExt\
#        -Isource/Micros/STM32G0x/Driver/Atod\
#        -Isource/Micros/STM32G0x/Driver/DataFlash\
#        -Isource/Micros/STM32G0x/Driver/Dma\
#        -Isource/Micros/STM32G0x/Driver/Dtoa\
#        -Isource/Micros/STM32G0x/Driver/ExtInterrupt\
#        -Isource/Micros/STM32G0x/Driver/Flash\
#        -Isource/Micros/STM32G0x/Driver/Gpio\
#        -Isource/Micros/STM32G0x/Driver/I2c\
#        -Isource/Micros/STM32G0x/Driver/IntMgr\
#        -Isource/Micros/STM32G0x/Driver/Micro\
#        -Isource/Micros/STM32G0x/Driver/MicroExt\
#        -Isource/Micros/STM32G0x/Driver/Rtc\
#        -Isource/Micros/STM32G0x/Driver/RTCDriver\
#        -Isource/Micros/STM32G0x/Driver/Spi\
#        -Isource/Micros/STM32G0x/Driver/Timeout\
#        -Isource/Micros/STM32G0x/Driver/Timer\
#        -Isource/Micros/STM32G0x/Driver/TimerInterrupt\
#        -Isource/Micros/STM32G0x/Driver/Uart\
#        -Isource/ProjectSpecific/Application/acu/Config\
#        -Isource/ProjectSpecific/Application/acu/LowPower\
#        -Isource/ProjectSpecific/Application/acuexpacu/Config\
#        -Isource/ProjectSpecific/Application/all/Config\
#        -Isource/ProjectSpecific/Application/all/MCUDebug\
#        -Isource/ProjectSpecific/Application/all/ProductInfo\
#        -Isource/ProjectSpecific/Common/acu/Config\
#        -Isource/ProjectSpecific/Common/all/Config\
#        -Isource/ProjectSpecific/Common/all/Debug\
#        -Isource/ProjectSpecific/Common/all/SRConfig\
#        -Isource/ProjectSpecific/Driver/STM32G0x\
#        -Isource/ProjectSpecific/Hbl/acuexpacu/Config\
#        -Isource/ProjectSpecific/Hbl/acuexpacu/SRConfig\
#        -Isource/ProjectSpecific/Hbl/all/Config\
#        -Isource/ProjectSpecific/Hbl/all/Config/Mci\
#        -Isource/ProjectSpecific/Hbl/all/Config/Mci/MasterCommander\
#        -Isource/ProjectSpecific/Hbl/all/Config/Mci/MCUDrivers\
#        -Isource/ProjectSpecific/Hbl/all/SRConfig\
#        -Isource/XCategory/Application/acu/API221MotionCtrl\
#        -Isource/XCategory/Application/acu/Calibration\
#        -Isource/XCategory/Application/acu/Condition\
#        -Isource/XCategory/Application/acu/Estimator\
#        -Isource/XCategory/Application/acu/Interpreter\
#        -Isource/XCategory/Application/acu/Processes/ActivateTask\
#        -Isource/XCategory/Application/acu/Processes/JumpIf\
#        -Isource/XCategory/Application/acu/Processes/LoadsControl\
#        -Isource/XCategory/Application/acu/Processes/Maintain\
#        -Isource/XCategory/Application/acu/Processes/SetVariable\
#        -Isource/XCategory/Application/acu/RegulationAccept\
#        -Isource/XCategory/Application/acu/Selector\
#        -Isource/XCategory/Application/acu/SubCycle\
#        -Isource/XCategory/Application/acu/Supervisor\
#        -Isource/XCategory/Application/acu/TestMgr\
#        -Isource/XCategory/Application/acuexpacu/ApplianceMgr\
#        -Isource/XCategory/Application/acuhmi/CommunicationMonitor\
#        -Isource/XCategory/Application/acuhmi/Modifier\
#        -Isource/XCategory/Application/acuhmi/Regulations\
#        -Isource/XCategory/Application/acuhmi/Status\
#        -Isource/XCategory/Application/all/API007Data\
#        -Isource/XCategory/Application/all/API011AppCtr\
#        -Isource/XCategory/Application/all/API012Exp\
#        -Isource/XCategory/Application/all/API013RemoteFunction\
#        -Isource/XCategory/Application/all/API018Diagnostic\
#        -Isource/XCategory/Application/all/API220MotorControl\
#        -Isource/XCategory/Application/all/API220MotorControl/Api\
#        -Isource/XCategory/Application/all/Mode\
#        -Isource/XCategory/Application/all/Reveal_Basic/API003Disc\
#        -Isource/XCategory/Application/all/Reveal_Basic/API004Debug\
#        -Isource/XCategory/Application/all/Reveal_Basic/API004Debug/SW05SoftwareTest\
#        -Isource/XCategory/Application/all/Reveal_Basic/API005LowLevel\
#        -Isource/XCategory/Application/all/Reveal_Basic/API009System\
#        -Isource/XCategory/Application/all/Reveal_Basic/API010PollVar\
#        -Isource/XCategory/Application/all/Reveal_Basic/API019ProductInfo\
#        -Isource/XCategory/Application/all/SFUpdater\
#        -Isource/XCategory/Application/all/SRAPI020Safety\
#        -Isource/XCategory/Application/all/StatusLed\
#        -Isource/XCategory/Common/acu/BrownOut\
#        -Isource/XCategory/Common/acu/Fault\
#        -Isource/XCategory/Common/acu/Statistics\
#        -Isource/XCategory/Common/all/Common/Callback\
#        -Isource/XCategory/Common/all/Common/Convert\
#        -Isource/XCategory/Common/all/Common/Crc16\
#        -Isource/XCategory/Common/all/Common/Crc32\
#        -Isource/XCategory/Common/all/Common/Crc8\
#        -Isource/XCategory/Common/all/Common/Equation\
#        -Isource/XCategory/Common/all/Common/Filter\
#        -Isource/XCategory/Common/all/Common/FITMgr\
#        -Isource/XCategory/Common/all/Common/I2cMgr\
#        -Isource/XCategory/Common/all/Common/IAPEmul\
#        -Isource/XCategory/Common/all/Common/Log\
#        -Isource/XCategory/Common/all/Common/Millis\
#        -Isource/XCategory/Common/all/Common/SeggerRTT\
#        -Isource/XCategory/Common/all/Common/SeggerRTT/SEGGER_RTT/Config\
#        -Isource/XCategory/Common/all/Common/SeggerRTT/SEGGER_RTT/RTT\
#        -Isource/XCategory/Common/all/Common/SettingFile\
#        -Isource/XCategory/Common/all/Common/SFVersionCheck\
#        -Isource/XCategory/Common/all/Common/SystemConfig\
#        -Isource/XCategory/Common/all/Common/SystemTimers\
#        -Isource/XCategory/Common/all/Common/Utilities\
#        -Isource/XCategory/Common/all/Common/Variable\
#        -Isource/XCategory/Common/all/SRCommon/SRClockMonitor\
#        -Isource/XCategory/Common/all/SRCommon/SRData\
#        -Isource/XCategory/Common/all/SRCommon/SRException\
#        -Isource/XCategory/Common/all/SRCommon/SRIsrMonitor\
#        -Isource/XCategory/Common/all/SRCommon/SRPowerMgr\
#        -Isource/XCategory/Common/all/SRCommon/SRSignature\
#        -Isource/XCategory/Common/all/SRCommon/SRSystemConfig\
#        -Isource/XCategory/Common/all/SRCommon/SRTaskMonitor\
#        -Isource/XCategory/Common/all/SRCommon/SRTaskSequence\
#        -Isource/XCategory/Common/all/SRCommon/SRTimerReference\
#        -Isource/XCategory/Common/all/SRCommon/SRUnusedPinsConfig\
#        -Isource/XCategory/Common/all/SRMain\
#        -Isource/XCategory/Common/all/SRMain/BackgroundThreads\
#        -Isource/XCategory/Common/all/SRMain/OsServices\
#        -Isource/XCategory/Common/all/SRMain/StackAnalysis\
#        -Isource/XCategory/Common/all/SRMain/TimingAnalysis\
#        -Isource/XCategory/Driver/APIs/Atod\
#        -Isource/XCategory/Driver/APIs/Comparator\
#        -Isource/XCategory/Driver/APIs/DataFlash\
#        -Isource/XCategory/Driver/APIs/Dma\
#        -Isource/XCategory/Driver/APIs/Dtc\
#        -Isource/XCategory/Driver/APIs/Dtoa\
#        -Isource/XCategory/Driver/APIs/EmbOS\
#        -Isource/XCategory/Driver/APIs/ExtInterrupt\
#        -Isource/XCategory/Driver/APIs/Flash\
#        -Isource/XCategory/Driver/APIs/Gpio\
#        -Isource/XCategory/Driver/APIs/I2c\
#        -Isource/XCategory/Driver/APIs/IntMgr\
#        -Isource/XCategory/Driver/APIs/Micro\
#        -Isource/XCategory/Driver/APIs/MicroExt\
#        -Isource/XCategory/Driver/APIs/Rtc\
#        -Isource/XCategory/Driver/APIs/RTCDriver\
#        -Isource/XCategory/Driver/APIs/Spi\
#        -Isource/XCategory/Driver/APIs/Timeout\
#        -Isource/XCategory/Driver/APIs/Timer\
#        -Isource/XCategory/Driver/APIs/TimerInterrupt\
#        -Isource/XCategory/Driver/APIs/Touch\
#        -Isource/XCategory/Driver/APIs/Uart\
#        -Isource/XCategory/Hbl/acu/FdmCounter\
#        -Isource/XCategory/Hbl/acu/FdmTimer\
#        -Isource/XCategory/Hbl/acuexpacu/ACUGIHandler/ConvertGI\
#        -Isource/XCategory/Hbl/acuexpacu/ACUGIHandler/DirectGI\
#        -Isource/XCategory/Hbl/acuexpacu/ACUGIHandler/DoorSwitchGI\
#        -Isource/XCategory/Hbl/acuexpacu/ACUGIHandler/ProbeGI\
#        -Isource/XCategory/Hbl/acuexpacu/ACUGIHandler/ProbeLpsGI\
#        -Isource/XCategory/Hbl/acuexpacu/ACULoadHandler/DCFanLoad\
#        -Isource/XCategory/Hbl/acuexpacu/ACUPilotHandler/AnalogOutputPilot\
#        -Isource/XCategory/Hbl/acuexpacu/ACUPilotHandler/ChargePumpPilot\
#        -Isource/XCategory/Hbl/acuexpacu/ACUPilotHandler/DigitalOutputMultiPilot\
#        -Isource/XCategory/Hbl/acuexpacu/ACUPilotHandler/DigitalOutputPilot\
#        -Isource/XCategory/Hbl/acuexpacu/ACUPilotHandler/DoorLockEMPilot\
#        -Isource/XCategory/Hbl/acuexpacu/ACUPilotHandler/DoorLockWaxPilot\
#        -Isource/XCategory/Hbl/acuexpacu/ACUPilotHandler/ExpansionPilot\
#        -Isource/XCategory/Hbl/acuexpacu/ACUPilotHandler/ExternalMotorPilot\
#        -Isource/XCategory/Hbl/acuexpacu/ACUPilotHandler/FSMPilot\
#        -Isource/XCategory/Hbl/acuexpacu/ACUPilotHandler/MagnetronPilot\
#        -Isource/XCategory/Hbl/acuexpacu/ACUPilotHandler/MotorPilot\
#        -Isource/XCategory/Hbl/acuexpacu/ACUPilotHandler/MultiDriverPilot\
#        -Isource/XCategory/Hbl/acuexpacu/ACUPilotHandler/MultiSequencePilot\
#        -Isource/XCategory/Hbl/acuexpacu/ACUPilotHandler/NonfunctionalPilot\
#        -Isource/XCategory/Hbl/acuexpacu/ACUPilotHandler/PwmHiResPilot\
#        -Isource/XCategory/Hbl/acuexpacu/ACUPilotHandler/PwmPilot\
#        -Isource/XCategory/Hbl/acuexpacu/ACUPilotHandler/SRChargePumpPilot\
#        -Isource/XCategory/Hbl/acuexpacu/ACUPilotHandler/SRDigitalOutputMultiPilot\
#        -Isource/XCategory/Hbl/acuexpacu/ACUPilotHandler/SRDigitalOutputPilot\
#        -Isource/XCategory/Hbl/acuexpacu/ACUPilotHandler/SRDoorLockEMPilot\
#        -Isource/XCategory/Hbl/acuexpacu/ACUPilotHandler/SRDoorLockWaxPilot\
#        -Isource/XCategory/Hbl/acuexpacu/ACUPilotHandler/SRUMRelayPilot\
#        -Isource/XCategory/Hbl/acuexpacu/ACUPilotHandler/SteadyPwmProfilePilot\
#        -Isource/XCategory/Hbl/acuexpacu/ACUPilotHandler/StepperPilot\
#        -Isource/XCategory/Hbl/acuexpacu/ACUPilotHandler/TriacSwitchPilot\
#        -Isource/XCategory/Hbl/acuexpacu/ACUPilotHandler/ZCRelayPilot\
#        -Isource/XCategory/Hbl/acuexpacu/ACUPilotHandler/ZCTriacPilot\
#        -Isource/XCategory/Hbl/acuexpacu/HblAcu\
#        -Isource/XCategory/Hbl/acuexpacu/HblAcu/CrossLoads\
#        -Isource/XCategory/Hbl/acuexpacu/HblAcu/SetLoadQueue\
#        -Isource/XCategory/Hbl/acuexpacu/HblAcu/SRProductMgr\
#        -Isource/XCategory/Hbl/acuexpacu/HblAcu/ZeroCross\
#        -Isource/XCategory/Hbl/all/Hbl\
#        -Isource/XCategory/Hbl/all/Hbl/DefaultPin\
#        -Isource/XCategory/Hbl/all/Hbl/HblCommon\
#        -Isource/XCategory/Hbl/all/Hbl/VirtualPin\
#        -Isource/XCategory/Hbl/all/LLIHandler/AbsoluteHumidityLLI\
#        -Isource/XCategory/Hbl/all/LLIHandler/AccelerometerLLI\
#        -Isource/XCategory/Hbl/all/LLIHandler/AccelerometerLLI/AccelBaseline\
#        -Isource/XCategory/Hbl/all/LLIHandler/AccelerometerLLI/AccelDiscover\
#        -Isource/XCategory/Hbl/all/LLIHandler/AccelerometerLLI/FXLS8974\
#        -Isource/XCategory/Hbl/all/LLIHandler/AccelerometerLLI/FXLS8974/SelfTestFXLS8974\
#        -Isource/XCategory/Hbl/all/LLIHandler/AccelerometerLLI/LISxDH\
#        -Isource/XCategory/Hbl/all/LLIHandler/AnalogLLI\
#        -Isource/XCategory/Hbl/all/LLIHandler/ConductivityLLI\
#        -Isource/XCategory/Hbl/all/LLIHandler/DigitalLLI\
#        -Isource/XCategory/Hbl/all/LLIHandler/EncoderLLI\
#        -Isource/XCategory/Hbl/all/LLIHandler/ExpansionLLI\
#        -Isource/XCategory/Hbl/all/LLIHandler/FeedbackLLI\
#        -Isource/XCategory/Hbl/all/LLIHandler/I2CInfraredLLI\
#        -Isource/XCategory/Hbl/all/LLIHandler/I2CPressureSensorLLI\
#        -Isource/XCategory/Hbl/all/LLIHandler/I2CRHTSensorLLI\
#        -Isource/XCategory/Hbl/all/LLIHandler/InputCaptureLLI\
#        -Isource/XCategory/Hbl/all/LLIHandler/MultiInputLLI\
#        -Isource/XCategory/Hbl/all/LLIHandler/NonfunctionalLLI\
#        -Isource/XCategory/Hbl/all/LLIHandler/PulseCounterLLI\
#        -Isource/XCategory/Hbl/all/LLIHandler/SRAnalogLLI\
#        -Isource/XCategory/Hbl/all/LLIHandler/SRDigitalLLI\
#        -Isource/XCategory/Hbl/all/LLIHandler/SRFeedbackLLI\
#        -Isource/XCategory/Hbl/all/LLIHandler/SRI2CPressureSensorLLI\
#        -Isource/XCategory/Hbl/all/LLIHandler/SRICTachometerLLI\
#        -Isource/XCategory/Hbl/all/LLIHandler/SRInputCaptureLLI\
#        -Isource/XCategory/Hbl/all/LLIHandler/SRTouchKeyLLI\
#        -Isource/XCategory/Hbl/all/LLIHandler/SRTriacFeedbackLLI\
#        -Isource/XCategory/Hbl/all/LLIHandler/TouchKeyLLI\
#        -Isource/XCategory/Hbl/all/LLIHandler/TouchSliderLLI\
#        -Isource/XCategory/Hbl/all/LLIHandler/TouchWheelLLI\
#        -Isource/XCategory/Hbl/all/LLIHandler/TriacFeedbackLLI\
#        -Isource/XCategory/Hbl/all/LLIHandler/VirtualDigitalLLI\
#        -Isource/XCategory/Service/all/NVData\
#        -Isource/XCategory/Service/all/Reveal\
#        -Isource/XCategory/Service/all/Win\) -l listings\TriacSwitchPilot.lst
#        -o obj\TriacSwitchPilot.obj
#        source/XCategory/Hbl/acuexpacu/ACUPilotHandler/TriacSwitchPilot/TriacSwitchPilot.c
#    Locale       =  English_United States.1252
#    List file    =  listings\TriacSwitchPilot.lst
#    Object file  =  obj\TriacSwitchPilot.obj
#
###############################################################################

C:\Data\Nucleus_Dev\Vostok_ACU_A\source\XCategory\Hbl\acuexpacu\ACUPilotHandler\TriacSwitchPilot\TriacSwitchPilot.c
      1          /**
      2           *  @file
      3           *
      4           *  @brief      Pilot handling ZC synchronized Digital output
      5           *
      6           *  @details    It handles multiple instances of a ZCDigital pilot that drives a single output in sync with ZeroCross.
      7           *
      8           *  @copyright  Copyright 2022- Whirlpool Corporation. All rights reserved - CONFIDENTIAL
      9           *
     10          */
     11          //---------------------------------------------------------------------------------------------------------------------
     12          //---------------------------------------------------------------------------------------------------------------------
     13          
     14          
     15          //-------------------------------------- Include Files ----------------------------------------------------------------
     16          
     17          
     18          #include "SystemConfig.h"
     19          
     20          #if (HBL_PILOT_NUM_TRIACSWITCH > 0)
     21          #include "TriacSwitchPilot.h"
     22          #include "Gpio.h"
     23          #include "VirtualPin.h"
     24          #include "ZeroCross.h"
     25          #include <string.h>
     26          
     27          //-------------------------------------- PUBLIC (Variables) -----------------------------------------------------------
     28          
     29          //-------------------------------------- PRIVATE (Variables, Constants & Defines) -------------------------------------
     30          
     31          #define     TRIAC_SWITCH_OFF_DELAY_MS       5U
     32          
     33          typedef enum
     34          {
     35              TRIACSWITCH_OFF_STATE = 0,
     36              TRIACSWITCH_SYNC_STATE,
     37              TRIACSWITCH_ON_STATE,
     38              TRIACSWITCH_TURNING_OFF,
     39              TRIACSWITCH_END_STATE,
     40          }TRIACSWITCHPILOT_STATE_TYPE;
     41          
     42          
     43          typedef struct
     44          {
     45              uint8                           Requested;
     46              uint8                           Processed;
     47              uint16                          Timer_Counter;
     48              TRIACSWITCHPILOT_STATE_TYPE     State;
     49              TRIACSWITCHPILOT_STATUS_TYPE    Pilot_Status;
     50          } TRIACSWITCHPILOT_DATA_TYPE;
     51          
     52          static TRIACSWITCHPILOT_DATA_TYPE Triac_Switch_Data[HBL_PILOT_NUM_TRIACSWITCH];
     53          
     54          /* Current TriacSwitchPilot allocated */
     55          static uint8 Triac_Switch_Allocation;
     56          
     57          //-------------------------------------- PRIVATE (Function Prototypes) ------------------------------------------------
     58          
     59          //=====================================================================================================================
     60          //-------------------------------------- Public Functions -------------------------------------------------------------
     61          //=====================================================================================================================
     62          
     63          //---------------------------------------------------------------------------------------------------------------------
     64          /**
     65           *  @brief      It Initializes the module TriacSwitchPilot and its variables
     66           *
     67           */
     68          void TriacSwitchPilot__Initialize(void)
     69          {
     70              Triac_Switch_Allocation = 0;
     71              memset(Triac_Switch_Data,0,sizeof(Triac_Switch_Data));
     72          }
     73          
     74          
     75          //---------------------------------------------------------------------------------------------------------------------
     76          /**
     77           *  @brief      Allocate pilot instance for TriacSwitchPilot.
     78           *
     79           *  @return     uint8 result - Allocation result.
     80           *  @retval     0-254 - Pilot allocation instance.
     81           *  @retval     0xFF - Allocation failed.
     82           */
     83          uint8 TriacSwitchPilot__Allocate(void)
     84          {
     85              uint8 retval = 0xFF;
     86              if (Triac_Switch_Allocation < (uint8) HBL_PILOT_NUM_TRIACSWITCH)
     87              {
     88                  retval = Triac_Switch_Allocation;
     89                  Triac_Switch_Allocation++;
     90              }
     91              return (retval);
     92          }
     93          
     94          //---------------------------------------------------------------------------------------------------------------------
     95          /**
     96           *  @brief      Initialize TriacSwitchPilot instance.
     97           *
     98           *  @param      HBL_LOAD_TYPE *load - Pointer to associated digital output load instance.
     99           *
    100           *  @return     PASS_FAIL_TYPE result - Result of TriacSwitchPilot instance initialization.
    101           *  @retval     PASS - Instance initialization succeeded.
    102           *  @retval     FAIL - Instance initialization failed.
    103           */
    104          PASS_FAIL_TYPE TriacSwitchPilot__InitializeInstance(HBL_LOAD_TYPE * load)
    105          {
    106              PASS_FAIL_TYPE retval;
    107              retval = FAIL;
    108              uint8 virtual_pin = load->Pin_Ptr[0];
    109          
    110              if ((load->Pilot_Data_Index < Triac_Switch_Allocation) &&
    111                  (virtual_pin < VirtualPin__GetNumOf()))
    112              {
    113                  uint8 pin_val = Triac_Switch_Data[load->Pilot_Data_Index].Processed;
    114          
    115                  Triac_Switch_Data[load->Pilot_Data_Index].State = TRIACSWITCH_OFF_STATE;
    116          
    117                  // Invert pin value according to Hi Low Activation Bitmap
    118                  pin_val ^= ~load->Hi_Low_Activation_Bitmap;
    119                  pin_val &= 0x01U;
    120          
    121                  if (VIRTUALPIN_TABLE[virtual_pin].port != PORT_NULL)
    122                  {
    123                      Gpio__PinWrite(VIRTUALPIN_TABLE[virtual_pin].port,VIRTUALPIN_TABLE[virtual_pin].pin, (BOOL_TYPE) pin_val);
    124                      Gpio__PinConfig(VIRTUALPIN_TABLE[virtual_pin].port,VIRTUALPIN_TABLE[virtual_pin].pin,VIRTUALPIN_TABLE[virtual_pin].pin_config);
    125                      Triac_Switch_Data[load->Pilot_Data_Index].Pilot_Status.Hbl_Status.Load.Status = HBL_LOAD_STATUS_TARGET_COMPLETED;
    126                      Triac_Switch_Data[load->Pilot_Data_Index].Pilot_Status.Hbl_Status.Load.Cur_Reg = 0U;
    127                      Triac_Switch_Data[load->Pilot_Data_Index].Pilot_Status.Pin_Value = 0U;
    128                      retval = PASS;
    129                  }
    130              }
    131          
    132              return (retval);
    133          }
    134          
    135          //---------------------------------------------------------------------------------------------------------------------
    136          /**
    137           *  @brief      Set TriacSwitchPilot instance request.
    138           *
    139           *  @param      HBL_LOAD_TYPE *load - Pointer to associated TriacSwitchPilot instance.
    140           *
    141           *  @param      void *data - Pointer to request data. Pass argument as uint8 *.
    142           *
    143           *  @return     PASS_FAIL_TYPE result - Result of TriacSwitchPilot request.
    144           *  @retval     PASS - Instance request succeeded.
    145           *  @retval     FAIL - Instance request failed.
    146           */
    147          PASS_FAIL_TYPE TriacSwitchPilot__Request(HBL_LOAD_TYPE * load, void * data)
    148          {
    149              PASS_FAIL_TYPE retval = FAIL;
    150              if (load->Pilot_Data_Index < Triac_Switch_Allocation)
    151              {
    152                  Triac_Switch_Data[load->Pilot_Data_Index].Requested = *((uint8 *)data);
    153                  retval = PASS;
    154              }
    155              return(retval);
    156          }
    157          
    158          //---------------------------------------------------------------------------------------------------------------------
    159          /**
    160           *  @brief      Process TriacSwitchPilot instance.
    161           *
    162           *  @param      HBL_LOAD_TYPE *load - Pointer to TriacSwitchPilot instance.
    163           *
    164           *  @return     PASS_FAIL_TYPE result - Result of TriacSwitchPilot instance process.
    165           *  @retval     PASS - Instance process succeeded.
    166           *  @retval     FAIL - Instance process failed.
    167           */
    168          PASS_FAIL_TYPE TriacSwitchPilot__Process(HBL_LOAD_TYPE * load)
    169          {
    170              PASS_FAIL_TYPE retval = FAIL;
    171              if (load->Pilot_Data_Index < Triac_Switch_Allocation)
    172              {
    173                  // Transition to a new state
    174                  if (Triac_Switch_Data[load->Pilot_Data_Index].Requested != Triac_Switch_Data[load->Pilot_Data_Index].Processed)
    175                  {
    176                      //if(Triac_Switch_Data[load->Pilot_Data_Index].Requested)
    177                      Triac_Switch_Data[load->Pilot_Data_Index].Processed = Triac_Switch_Data[load->Pilot_Data_Index].Requested;
    178                      Triac_Switch_Data[load->Pilot_Data_Index].Pilot_Status.Hbl_Status.Load.Status = HBL_LOAD_STATUS_WAITING_TARGET;
    179                      Triac_Switch_Data[load->Pilot_Data_Index].Pilot_Status.Hbl_Status.Load.Cur_Reg = Triac_Switch_Data[load->Pilot_Data_Index].Requested;
    180                  }
    181                  retval = PASS;
    182              }
    183          
    184              return (retval);
    185          }
    186          
    187          //---------------------------------------------------------------------------------------------------------------------
    188          /**
    189           *  @brief      Zero-Cross triggered process for TriacSwitchPilot.
    190           *
    191           *  @detail     Low level feedback probe to detect frequency and pin activation in sync with feedback
    192           *
    193           *  @param      HBL_LOAD_TYPE *load - Pointer to TriacSwitchPilot instance.
    194           *
    195           *  @return     PASS_FAIL_TYPE result - Result of TriacSwitchPilot ZC execution.
    196           *  @retval     PASS - Execution succeeded.
    197           *  @retval     FAIL - Execution failed.
    198           */
    199          PASS_FAIL_TYPE TriacSwitchPilot__ZCProcess(HBL_LOAD_TYPE * load)
    200          {
    201              PASS_FAIL_TYPE retval = FAIL;
    202          
    203              if (load->Pilot_Data_Index < Triac_Switch_Allocation)
    204              {
    205                  uint8 active_pin_value = load->Hi_Low_Activation_Bitmap & 0x01U;
    206                  uint8 virtual_pin = load->Pin_Ptr[0];
    207          
    208                  //Read the current zero cross angle
    209                  switch(Triac_Switch_Data[load->Pilot_Data_Index].State)
    210                  {
    211          
    212                      case TRIACSWITCH_OFF_STATE:
    213                          if(Triac_Switch_Data[load->Pilot_Data_Index].Processed != 0U)
    214                          {
    215                              Gpio__PinWrite(VIRTUALPIN_TABLE[virtual_pin].port, VIRTUALPIN_TABLE[virtual_pin].pin, (BOOL_TYPE)((load->Hi_Low_Activation_Bitmap) & 0x01U));
    216                              Gpio__PinConfig(VIRTUALPIN_TABLE[virtual_pin].port,VIRTUALPIN_TABLE[virtual_pin].pin,VIRTUALPIN_TABLE[virtual_pin].pin_config);
    217                              Triac_Switch_Data[load->Pilot_Data_Index].Pilot_Status.Hbl_Status.Load.Status = HBL_LOAD_STATUS_TARGET_COMPLETED;
    218                              Triac_Switch_Data[load->Pilot_Data_Index].Pilot_Status.Pin_Value = 1U;
    219                              Triac_Switch_Data[load->Pilot_Data_Index].State = TRIACSWITCH_ON_STATE;
    220                          }
    221                          break;
    222          
    223                      case TRIACSWITCH_ON_STATE:
    224                          if(Triac_Switch_Data[load->Pilot_Data_Index].Processed == 0U)
    225                          {
    226                              Triac_Switch_Data[load->Pilot_Data_Index].Timer_Counter = TRIAC_SWITCH_OFF_DELAY_MS;
    227                              Triac_Switch_Data[load->Pilot_Data_Index].State = TRIACSWITCH_TURNING_OFF;
    228                          }
    229                          break;
    230          
    231                      case TRIACSWITCH_TURNING_OFF:
    232                          break;
    233          
    234                      default:
    235                          // Force pin OFF
    236                          active_pin_value ^= 0x01U;
    237                          Gpio__PinWrite(VIRTUALPIN_TABLE[virtual_pin].port,VIRTUALPIN_TABLE[virtual_pin].pin, (BOOL_TYPE) active_pin_value);
    238                          Gpio__PinConfig(VIRTUALPIN_TABLE[virtual_pin].port,VIRTUALPIN_TABLE[virtual_pin].pin,VIRTUALPIN_TABLE[virtual_pin].pin_config);
    239                          Triac_Switch_Data[load->Pilot_Data_Index].Pilot_Status.Hbl_Status.Load.Status = HBL_LOAD_STATUS_TARGET_COMPLETED;
    240                          Triac_Switch_Data[load->Pilot_Data_Index].Pilot_Status.Hbl_Status.Load.Cur_Reg = 0U;
    241                          Triac_Switch_Data[load->Pilot_Data_Index].Pilot_Status.Pin_Value = 0U;
    242                          break;
    243          
    244                  }
    245                  retval = PASS;
    246              }
    247          
    248              return (retval);
    249          }
    250          
    251          //---------------------------------------------------------------------------------------------------------------------
    252          /**
    253           *  @brief      One millisecond process for TriacSwitchPilot.
    254           *
    255           *  @detail     Low level feedback probe to detect frequency and pin activation in sync with feedback
    256           *
    257           *  @param      HBL_LOAD_TYPE *load - Pointer to TriacSwitchPilot instance.
    258           *
    259           *  @return     PASS_FAIL_TYPE result - Result of TriacSwitchPilot 1ms execution.
    260           *  @retval     PASS - Execution succeeded.
    261           *  @retval     FAIL - Execution failed.
    262           */
    263          PASS_FAIL_TYPE TriacSwitchPilot__OneMsHandler(HBL_LOAD_TYPE * load)
    264          {
    265              PASS_FAIL_TYPE retval = FAIL;
    266          
    267              if (load->Pilot_Data_Index < Triac_Switch_Allocation)
    268              {
    269                  switch(Triac_Switch_Data[load->Pilot_Data_Index].State)
    270                  {
    271                      case TRIACSWITCH_TURNING_OFF:
    272                          if(Triac_Switch_Data[load->Pilot_Data_Index].Timer_Counter == 0U)
    273                          {
    274                              uint8 virtual_pin = load->Pin_Ptr[0];
    275                              uint8 active_pin_value = load->Hi_Low_Activation_Bitmap & 0x01U;
    276                              active_pin_value ^= 0x01U;
    277                              Gpio__PinWrite(VIRTUALPIN_TABLE[virtual_pin].port, VIRTUALPIN_TABLE[virtual_pin].pin, (BOOL_TYPE) active_pin_value);
    278                              Gpio__PinConfig(VIRTUALPIN_TABLE[virtual_pin].port,VIRTUALPIN_TABLE[virtual_pin].pin,VIRTUALPIN_TABLE[virtual_pin].pin_config);
    279                              Triac_Switch_Data[load->Pilot_Data_Index].Pilot_Status.Hbl_Status.Load.Status = HBL_LOAD_STATUS_TARGET_COMPLETED;
    280                              Triac_Switch_Data[load->Pilot_Data_Index].Pilot_Status.Pin_Value = 0U;
    281                              Triac_Switch_Data[load->Pilot_Data_Index].State = TRIACSWITCH_OFF_STATE;
    282                          }
    283                          else
    284                          {
    285                              Triac_Switch_Data[load->Pilot_Data_Index].Timer_Counter--;
    286                          }
    287                          break;
    288                      default:
    289                          // Nothing to do
    290                          break;
    291                  }
    292                  retval = PASS;
    293              }
    294              return(retval);
    295          }
    296          
    297          //---------------------------------------------------------------------------------------------------------------------
    298          /**
    299           *  @brief      Get TriacSwitchPilot instance status.
    300           *
    301           *  @param      HBL_LOAD_TYPE *load - Pointer to TriacSwitchPilot instance.
    302           *
    303           *  @return     void *status - instance Status.
    304           *  @retval     Address of instance Status. Cast it using *((TRIACSWITCHPILOT_STATUS_TYPE *)ptr) to get the value.
    305           *  @retval     NULL - Invalid load index.
    306           */
    307          void * TriacSwitchPilot__GetStatus(HBL_LOAD_TYPE *load)
    308          {
    309              void *status_ptr = NULL;
    310              if (load->Pilot_Data_Index < Triac_Switch_Allocation)
    311              {
    312              	status_ptr = &Triac_Switch_Data[load->Pilot_Data_Index].Pilot_Status;
    313              }
    314              return(status_ptr);
    315          }
    316          //---------------------------------------------------------------------------------------------------------------------
    317          /**
    318           *  @brief      Get current TriacSwitchPilot instance request.
    319           *
    320           *  @param      HBL_LOAD_TYPE *load - Pointer to associated TriacSwitchPilot instance.
    321           *
    322           *  @return     void *requested - Requested instance data.
    323           *  @retval     Address of requested instance data. Cast it using *((uint8 *)ptr) to get values.
    324           *  @retval     NULL - Invalid load index.
    325           */
    326          void * TriacSwitchPilot__GetRequested(HBL_LOAD_TYPE * load)
    327          {
    328              void *requested_ptr = NULL;
    329              if (load->Pilot_Data_Index < Triac_Switch_Allocation)
    330              {
    331                  requested_ptr = &Triac_Switch_Data[load->Pilot_Data_Index].Requested;
    332              }
    333              return(requested_ptr);
    334          }
    335          
    336          //---------------------------------------------------------------------------------------------------------------------
    337          /**
    338           *  @brief      Get TriacSwitchPilot instance processed request.
    339           *
    340           *  @param      HBL_LOAD_TYPE *load - Pointer to associated TriacSwitchPilot instance.
    341           *
    342           *  @return     void * processed - Processed instance data.
    343           *  @retval     Address of processed instance data. Cast it using *((uint8 *)ptr) to get values.
    344           *  @retval     NULL - Invalid load index.
    345           */
    346          void * TriacSwitchPilot__GetProcessed(HBL_LOAD_TYPE * load)
    347          {
    348              void * processed_ptr = NULL;
    349              if (load->Pilot_Data_Index < Triac_Switch_Allocation)
    350              {
    351              	processed_ptr = &Triac_Switch_Data[load->Pilot_Data_Index].Processed;
    352              }
    353              return (processed_ptr);
    354          }
    355          //=====================================================================================================================
    356          //-------------------------------------- Private Functions ------------------------------------------------------------
    357          //=====================================================================================================================
    358          
    359          
    360          #endif


 

 


Errors: none
Warnings: none
