###############################################################################
#
# IAR ANSI C/C++ Compiler V7.70.1.11437/W32 for ARM       28/Feb/2025  14:17:56
# Copyright 1999-2016 IAR Systems AB.
#
#    Cpu mode     =  thumb
#    Endian       =  little
#    Source file  =  
#        source/Category/Application/acu/Monitors/TriacShortedDrainFaultMonitor/TriacShortedDrainFaultMonitor.c
#    Command line =  
#        --cpu Cortex-M0+ -Om --debug -e --only_stdout --silent -D
#        ENABLE_JUMP_TO_APPLICATION_WITHOUT_IAP_FIRMWARE --no_wrap_diagnostics
#        -f config\tmp\include_path.lnt
#        (-I../Nucleus-Tools-SDK/embOS/arm/v4.26/source\
#        -I../Nucleus-Tools-SDK/iar/arm/v7.70/cx/inc\
#        -Isource/Category/Application/acu/CycleResume\
#        -Isource/Category/Application/acu/Monitors/AutostartFactoryCycleMonitor\
#        -Isource/Category/Application/acu/Monitors/CartridgeDetectionMonitor\
#        -Isource/Category/Application/acu/Monitors/DCLoadCurrentMonitor\
#        -Isource/Category/Application/acu/Monitors/DiverterFaultMonitor\
#        -Isource/Category/Application/acu/Monitors/DiverterLeakFaultMonitor\
#        -Isource/Category/Application/acu/Monitors/DoorMonitor\
#        -Isource/Category/Application/acu/Monitors/DoorOpeningSystemMonitor\
#        -Isource/Category/Application/acu/Monitors/FanMotorFaultMonitor\
#        -Isource/Category/Application/acu/Monitors/FaultStatusMonitor\
#        -Isource/Category/Application/acu/Monitors/FillValveStuckOn\
#        -Isource/Category/Application/acu/Monitors/FlowMeterFaultMonitor\
#        -Isource/Category/Application/acu/Monitors/HeatMonitor\
#        -Isource/Category/Application/acu/Monitors/HotHighPotMonitor\
#        -Isource/Category/Application/acu/Monitors/LITTFaultMonitor\
#        -Isource/Category/Application/acu/Monitors/LITTMonitor\
#        -Isource/Category/Application/acu/Monitors/McuGetDataMonitor\
#        -Isource/Category/Application/acu/Monitors/ModelMonitors/AirlockDetectionMonitor\
#        -Isource/Category/Application/acu/Monitors/ModelMonitors/AirlockDetectionMonitor/CodeGeneration\
#        -Isource/Category/Application/acu/Monitors/ModelMonitors/HeaterCalcificationDetectionModel\
#        -Isource/Category/Application/acu/Monitors/ModelMonitors/HeaterCalcificationDetectionModel/CodeGeneration\
#        -Isource/Category/Application/acu/Monitors/ModelMonitors/OWIVoltageRegulatedOutputModel\
#        -Isource/Category/Application/acu/Monitors/ModelMonitors/OWIVoltageRegulatedOutputModel/CodeGeneration\
#        -Isource/Category/Application/acu/Monitors/ModelMonitors/PluggingDetectionMonitor\
#        -Isource/Category/Application/acu/Monitors/ModelMonitors/PluggingDetectionMonitor/CodeGeneration\
#        -Isource/Category/Application/acu/Monitors/MoisturePreventionMonitor\
#        -Isource/Category/Application/acu/Monitors/OverfillMonitor\
#        -Isource/Category/Application/acu/Monitors/OWIMonitor\
#        -Isource/Category/Application/acu/Monitors/PilotRelayFaultMonitor\
#        -Isource/Category/Application/acu/Monitors/PilotRelayFaultMonitor/PilotRelayStuckClosedMonitor\
#        -Isource/Category/Application/acu/Monitors/PilotRelayFaultMonitor/PilotRelayStuckOpenMonitor\
#        -Isource/Category/Application/acu/Monitors/PORTimeMonitor\
#        -Isource/Category/Application/acu/Monitors/PumpFlushRequestMonitor\
#        -Isource/Category/Application/acu/Monitors/RinseAidMonitor\
#        -Isource/Category/Application/acu/Monitors/SaltSensingMonitor\
#        -Isource/Category/Application/acu/Monitors/StabilityControlLoopMonitor\
#        -Isource/Category/Application/acu/Monitors/StandbyManager\
#        -Isource/Category/Application/acu/Monitors/SupervisorExtMonitor\
#        -Isource/Category/Application/acu/Monitors/ThermistorFaultMonitor\
#        -Isource/Category/Application/acu/Monitors/ThermistorFaultMonitor/ThermistorOpenMonitor\
#        -Isource/Category/Application/acu/Monitors/ThermistorFaultMonitor/ThermistorShortedMonitor\
#        -Isource/Category/Application/acu/Monitors/TriacCurrentMonitor\
#        -Isource/Category/Application/acu/Monitors/TriacShortedDrainFaultMonitor\
#        -Isource/Category/Application/acu/Monitors/TriacVoltageMonitor\
#        -Isource/Category/Application/acu/Monitors/VoltageRangeMonitor\
#        -Isource/Category/Application/acu/Monitors/VSDrainMotorFaultMonitor\
#        -Isource/Category/Application/acu/Monitors/VwiMonitor\
#        -Isource/Category/Application/acu/Monitors/VwiZoneCompensationMonitor\
#        -Isource/Category/Application/acu/Monitors/WashHeaterFaultMonitor\
#        -Isource/Category/Application/acu/Monitors/WashHeaterFaultMonitor/HeaterLeakageToNeutralMonitor\
#        -Isource/Category/Application/acu/Monitors/WashHeaterFaultMonitor/HeaterLineRelayOpenMonitor\
#        -Isource/Category/Application/acu/Monitors/WashHeaterFaultMonitor/HeaterNeutralRelayOpenMonitor\
#        -Isource/Category/Application/acu/Monitors/WashHeaterFaultMonitor/HeaterOpenAndLineRelayClosedMonitor\
#        -Isource/Category/Application/acu/Monitors/WashHeaterFaultMonitor/HeaterOpenMonitor\
#        -Isource/Category/Application/acu/Monitors/WashMotorFaultMonitor\
#        -Isource/Category/Application/acu/Monitors/ZeroCrossMonitor\
#        -Isource/Category/Application/acu/Processes/AlternateCtrl\
#        -Isource/Category/Application/acu/Processes/Fill\
#        -Isource/Category/Application/acu/Processes/Fill/ClassAFill\
#        -Isource/Category/Application/acu/Processes/Fill/Fill\
#        -Isource/Category/Application/acu/Processes/Fill/TankDrain\
#        -Isource/Category/Application/acu/Processes/Fill/TankFill\
#        -Isource/Category/Application/acu/Processes/Heat\
#        -Isource/Category/Application/acu/Processes/ModelProcesses/OWICalibrationModel\
#        -Isource/Category/Application/acu/Processes/ModelProcesses/OWICalibrationModel/CodeGeneration\
#        -Isource/Category/Application/acu/Processes/ModelProcesses/PartialDrainModel\
#        -Isource/Category/Application/acu/Processes/ModelProcesses/PartialDrainModel/CodeGeneration\
#        -Isource/Category/Application/acu/Processes/ModelProcesses/SensedDrainModel\
#        -Isource/Category/Application/acu/Processes/ModelProcesses/SensedDrainModel/CodeGeneration\
#        -Isource/Category/Application/acu/Processes/OWI\
#        -Isource/Category/Application/acu/Processes/OWI_VRO\
#        -Isource/Category/Application/acu/Processes/OWIOneShot\
#        -Isource/Category/Application/acu/Processes/PumpControl\
#        -Isource/Category/Application/acu/Processes/Regenerate\
#        -Isource/Category/Application/acu/Processes/RinseAidDispense\
#        -Isource/Category/Application/acu/Processes/RinseAidDispense/RinseAid\
#        -Isource/Category/Application/acu/Processes/RinseAidDispense/TridgeDetergent\
#        -Isource/Category/Application/acu/Tasks/DoorOpeningSystemPull\
#        -Isource/Category/Application/acu/Tasks/DoorOpeningSystemPush\
#        -Isource/Category/Application/acu/Tasks/HeaterShadowing\
#        -Isource/Category/Application/acu/Tasks/MoisturePrevention\
#        -Isource/Category/Application/acu/Tasks/OWIContinousReading\
#        -Isource/Category/Application/acu/Tasks/OwiVroContinuousReading\
#        -Isource/Category/Application/acu/Tasks/Sanitization\
#        -Isource/Category/Application/acu/Tasks/StabilityControl\
#        -Isource/Category/Application/acu/Tasks/TimeElapse\
#        -Isource/Category/Application/acu/VWI\
#        -Isource/Category/Application/all/ActivePower\
#        -Isource/Category/Application/all/API007App\
#        -Isource/Category/Application/all/Config\
#        -Isource/Category/Common/acu/CommonDish/DishAuxVar\
#        -Isource/Category/Common/acu/CommonDish/PumpCommand\
#        -Isource/Category/Common/acu/CommonDish/StatisticsDish\
#        -Isource/Category/Common/all/BoardDebugging\
#        -Isource/Category/Common/all/Config\
#        -Isource/Category/Common/all/MasterCommander\
#        -Isource/Category/Common/all/MasterCommander/Source\
#        -Isource/Category/Common/all/MasterCommander/Source/HAL\
#        -Isource/Category/Common/all/SharedUtils\
#        -Isource/Category/Hbl/acu/ACULoadHandler/AlternateLoad\
#        -Isource/Category/Hbl/acuexpacu/ACUGIHandler/WaterCounterGI\
#        -Isource/Category/Hbl/acuexpacu/ACULoadHandler/HeaterLoad\
#        -Isource/Category/Hbl/acuexpacu/ACULoadHandler/TriacMci\
#        -Isource/Category/Hbl/all/Config\ -Isource/Category/Hbl/all/Mci\
#        -Isource/Category/Hbl/all/Mci/MciZeroCross\
#        -Isource/Category/Hbl/all/Mci/Slfac\
#        -Isource/Category/Hbl/all/Mci/Slfac/Macroblocks\
#        -Isource/Category/Hbl/all/Mci/Slfac/Microblocks/GlitchFilter\
#        -Isource/Category/Hbl/all/Mci/Slfac/Microblocks/IIRFilter\
#        -Isource/Category/Hbl/all/Mci/Slfac/Microblocks/MathCalc\
#        -Isource/Category/Hbl/all/Mci/Slfac/Microblocks/PeakDetector\
#        -Isource/Category/Hbl/all/Mci/Slfac/Microblocks/Pi\
#        -Isource/Category/Hbl/all/MCUDrivers/TimeCapture\
#        -Isource/Category/Hbl/all/MCUDrivers/TimerInterruptExt\
#        -Isource/Micros/STM32G0x/Driver/Atod\
#        -Isource/Micros/STM32G0x/Driver/DataFlash\
#        -Isource/Micros/STM32G0x/Driver/Dma\
#        -Isource/Micros/STM32G0x/Driver/Dtoa\
#        -Isource/Micros/STM32G0x/Driver/ExtInterrupt\
#        -Isource/Micros/STM32G0x/Driver/Flash\
#        -Isource/Micros/STM32G0x/Driver/Gpio\
#        -Isource/Micros/STM32G0x/Driver/I2c\
#        -Isource/Micros/STM32G0x/Driver/IntMgr\
#        -Isource/Micros/STM32G0x/Driver/Micro\
#        -Isource/Micros/STM32G0x/Driver/MicroExt\
#        -Isource/Micros/STM32G0x/Driver/Rtc\
#        -Isource/Micros/STM32G0x/Driver/RTCDriver\
#        -Isource/Micros/STM32G0x/Driver/Spi\
#        -Isource/Micros/STM32G0x/Driver/Timeout\
#        -Isource/Micros/STM32G0x/Driver/Timer\
#        -Isource/Micros/STM32G0x/Driver/TimerInterrupt\
#        -Isource/Micros/STM32G0x/Driver/Uart\
#        -Isource/ProjectSpecific/Application/acu/Config\
#        -Isource/ProjectSpecific/Application/acu/LowPower\
#        -Isource/ProjectSpecific/Application/acuexpacu/Config\
#        -Isource/ProjectSpecific/Application/all/Config\
#        -Isource/ProjectSpecific/Application/all/MCUDebug\
#        -Isource/ProjectSpecific/Application/all/ProductInfo\
#        -Isource/ProjectSpecific/Common/acu/Config\
#        -Isource/ProjectSpecific/Common/all/Config\
#        -Isource/ProjectSpecific/Common/all/Debug\
#        -Isource/ProjectSpecific/Common/all/SRConfig\
#        -Isource/ProjectSpecific/Driver/STM32G0x\
#        -Isource/ProjectSpecific/Hbl/acuexpacu/Config\
#        -Isource/ProjectSpecific/Hbl/acuexpacu/SRConfig\
#        -Isource/ProjectSpecific/Hbl/all/Config\
#        -Isource/ProjectSpecific/Hbl/all/Config/Mci\
#        -Isource/ProjectSpecific/Hbl/all/Config/Mci/MasterCommander\
#        -Isource/ProjectSpecific/Hbl/all/Config/Mci/MCUDrivers\
#        -Isource/ProjectSpecific/Hbl/all/SRConfig\
#        -Isource/XCategory/Application/acu/API221MotionCtrl\
#        -Isource/XCategory/Application/acu/Calibration\
#        -Isource/XCategory/Application/acu/Condition\
#        -Isource/XCategory/Application/acu/Estimator\
#        -Isource/XCategory/Application/acu/Interpreter\
#        -Isource/XCategory/Application/acu/Processes/ActivateTask\
#        -Isource/XCategory/Application/acu/Processes/JumpIf\
#        -Isource/XCategory/Application/acu/Processes/LoadsControl\
#        -Isource/XCategory/Application/acu/Processes/Maintain\
#        -Isource/XCategory/Application/acu/Processes/SetVariable\
#        -Isource/XCategory/Application/acu/RegulationAccept\
#        -Isource/XCategory/Application/acu/Selector\
#        -Isource/XCategory/Application/acu/SubCycle\
#        -Isource/XCategory/Application/acu/Supervisor\
#        -Isource/XCategory/Application/acu/TestMgr\
#        -Isource/XCategory/Application/acuexpacu/ApplianceMgr\
#        -Isource/XCategory/Application/acuhmi/CommunicationMonitor\
#        -Isource/XCategory/Application/acuhmi/Modifier\
#        -Isource/XCategory/Application/acuhmi/Regulations\
#        -Isource/XCategory/Application/acuhmi/Status\
#        -Isource/XCategory/Application/all/API007Data\
#        -Isource/XCategory/Application/all/API011AppCtr\
#        -Isource/XCategory/Application/all/API012Exp\
#        -Isource/XCategory/Application/all/API013RemoteFunction\
#        -Isource/XCategory/Application/all/API018Diagnostic\
#        -Isource/XCategory/Application/all/API220MotorControl\
#        -Isource/XCategory/Application/all/API220MotorControl/Api\
#        -Isource/XCategory/Application/all/Mode\
#        -Isource/XCategory/Application/all/Reveal_Basic/API003Disc\
#        -Isource/XCategory/Application/all/Reveal_Basic/API004Debug\
#        -Isource/XCategory/Application/all/Reveal_Basic/API004Debug/SW05SoftwareTest\
#        -Isource/XCategory/Application/all/Reveal_Basic/API005LowLevel\
#        -Isource/XCategory/Application/all/Reveal_Basic/API009System\
#        -Isource/XCategory/Application/all/Reveal_Basic/API010PollVar\
#        -Isource/XCategory/Application/all/Reveal_Basic/API019ProductInfo\
#        -Isource/XCategory/Application/all/SFUpdater\
#        -Isource/XCategory/Application/all/SRAPI020Safety\
#        -Isource/XCategory/Application/all/StatusLed\
#        -Isource/XCategory/Common/acu/BrownOut\
#        -Isource/XCategory/Common/acu/Fault\
#        -Isource/XCategory/Common/acu/Statistics\
#        -Isource/XCategory/Common/all/Common/Callback\
#        -Isource/XCategory/Common/all/Common/Convert\
#        -Isource/XCategory/Common/all/Common/Crc16\
#        -Isource/XCategory/Common/all/Common/Crc32\
#        -Isource/XCategory/Common/all/Common/Crc8\
#        -Isource/XCategory/Common/all/Common/Equation\
#        -Isource/XCategory/Common/all/Common/Filter\
#        -Isource/XCategory/Common/all/Common/FITMgr\
#        -Isource/XCategory/Common/all/Common/I2cMgr\
#        -Isource/XCategory/Common/all/Common/IAPEmul\
#        -Isource/XCategory/Common/all/Common/Log\
#        -Isource/XCategory/Common/all/Common/Millis\
#        -Isource/XCategory/Common/all/Common/SeggerRTT\
#        -Isource/XCategory/Common/all/Common/SeggerRTT/SEGGER_RTT/Config\
#        -Isource/XCategory/Common/all/Common/SeggerRTT/SEGGER_RTT/RTT\
#        -Isource/XCategory/Common/all/Common/SettingFile\
#        -Isource/XCategory/Common/all/Common/SFVersionCheck\
#        -Isource/XCategory/Common/all/Common/SystemConfig\
#        -Isource/XCategory/Common/all/Common/SystemTimers\
#        -Isource/XCategory/Common/all/Common/Utilities\
#        -Isource/XCategory/Common/all/Common/Variable\
#        -Isource/XCategory/Common/all/SRCommon/SRClockMonitor\
#        -Isource/XCategory/Common/all/SRCommon/SRData\
#        -Isource/XCategory/Common/all/SRCommon/SRException\
#        -Isource/XCategory/Common/all/SRCommon/SRIsrMonitor\
#        -Isource/XCategory/Common/all/SRCommon/SRPowerMgr\
#        -Isource/XCategory/Common/all/SRCommon/SRSignature\
#        -Isource/XCategory/Common/all/SRCommon/SRSystemConfig\
#        -Isource/XCategory/Common/all/SRCommon/SRTaskMonitor\
#        -Isource/XCategory/Common/all/SRCommon/SRTaskSequence\
#        -Isource/XCategory/Common/all/SRCommon/SRTimerReference\
#        -Isource/XCategory/Common/all/SRCommon/SRUnusedPinsConfig\
#        -Isource/XCategory/Common/all/SRMain\
#        -Isource/XCategory/Common/all/SRMain/BackgroundThreads\
#        -Isource/XCategory/Common/all/SRMain/OsServices\
#        -Isource/XCategory/Common/all/SRMain/StackAnalysis\
#        -Isource/XCategory/Common/all/SRMain/TimingAnalysis\
#        -Isource/XCategory/Driver/APIs/Atod\
#        -Isource/XCategory/Driver/APIs/Comparator\
#        -Isource/XCategory/Driver/APIs/DataFlash\
#        -Isource/XCategory/Driver/APIs/Dma\
#        -Isource/XCategory/Driver/APIs/Dtc\
#        -Isource/XCategory/Driver/APIs/Dtoa\
#        -Isource/XCategory/Driver/APIs/EmbOS\
#        -Isource/XCategory/Driver/APIs/ExtInterrupt\
#        -Isource/XCategory/Driver/APIs/Flash\
#        -Isource/XCategory/Driver/APIs/Gpio\
#        -Isource/XCategory/Driver/APIs/I2c\
#        -Isource/XCategory/Driver/APIs/IntMgr\
#        -Isource/XCategory/Driver/APIs/Micro\
#        -Isource/XCategory/Driver/APIs/MicroExt\
#        -Isource/XCategory/Driver/APIs/Rtc\
#        -Isource/XCategory/Driver/APIs/RTCDriver\
#        -Isource/XCategory/Driver/APIs/Spi\
#        -Isource/XCategory/Driver/APIs/Timeout\
#        -Isource/XCategory/Driver/APIs/Timer\
#        -Isource/XCategory/Driver/APIs/TimerInterrupt\
#        -Isource/XCategory/Driver/APIs/Touch\
#        -Isource/XCategory/Driver/APIs/Uart\
#        -Isource/XCategory/Hbl/acu/FdmCounter\
#        -Isource/XCategory/Hbl/acu/FdmTimer\
#        -Isource/XCategory/Hbl/acuexpacu/ACUGIHandler/ConvertGI\
#        -Isource/XCategory/Hbl/acuexpacu/ACUGIHandler/DirectGI\
#        -Isource/XCategory/Hbl/acuexpacu/ACUGIHandler/DoorSwitchGI\
#        -Isource/XCategory/Hbl/acuexpacu/ACUGIHandler/ProbeGI\
#        -Isource/XCategory/Hbl/acuexpacu/ACUGIHandler/ProbeLpsGI\
#        -Isource/XCategory/Hbl/acuexpacu/ACULoadHandler/DCFanLoad\
#        -Isource/XCategory/Hbl/acuexpacu/ACUPilotHandler/AnalogOutputPilot\
#        -Isource/XCategory/Hbl/acuexpacu/ACUPilotHandler/ChargePumpPilot\
#        -Isource/XCategory/Hbl/acuexpacu/ACUPilotHandler/DigitalOutputMultiPilot\
#        -Isource/XCategory/Hbl/acuexpacu/ACUPilotHandler/DigitalOutputPilot\
#        -Isource/XCategory/Hbl/acuexpacu/ACUPilotHandler/DoorLockEMPilot\
#        -Isource/XCategory/Hbl/acuexpacu/ACUPilotHandler/DoorLockWaxPilot\
#        -Isource/XCategory/Hbl/acuexpacu/ACUPilotHandler/ExpansionPilot\
#        -Isource/XCategory/Hbl/acuexpacu/ACUPilotHandler/ExternalMotorPilot\
#        -Isource/XCategory/Hbl/acuexpacu/ACUPilotHandler/FSMPilot\
#        -Isource/XCategory/Hbl/acuexpacu/ACUPilotHandler/MagnetronPilot\
#        -Isource/XCategory/Hbl/acuexpacu/ACUPilotHandler/MotorPilot\
#        -Isource/XCategory/Hbl/acuexpacu/ACUPilotHandler/MultiDriverPilot\
#        -Isource/XCategory/Hbl/acuexpacu/ACUPilotHandler/MultiSequencePilot\
#        -Isource/XCategory/Hbl/acuexpacu/ACUPilotHandler/NonfunctionalPilot\
#        -Isource/XCategory/Hbl/acuexpacu/ACUPilotHandler/PwmHiResPilot\
#        -Isource/XCategory/Hbl/acuexpacu/ACUPilotHandler/PwmPilot\
#        -Isource/XCategory/Hbl/acuexpacu/ACUPilotHandler/SRChargePumpPilot\
#        -Isource/XCategory/Hbl/acuexpacu/ACUPilotHandler/SRDigitalOutputMultiPilot\
#        -Isource/XCategory/Hbl/acuexpacu/ACUPilotHandler/SRDigitalOutputPilot\
#        -Isource/XCategory/Hbl/acuexpacu/ACUPilotHandler/SRDoorLockEMPilot\
#        -Isource/XCategory/Hbl/acuexpacu/ACUPilotHandler/SRDoorLockWaxPilot\
#        -Isource/XCategory/Hbl/acuexpacu/ACUPilotHandler/SRUMRelayPilot\
#        -Isource/XCategory/Hbl/acuexpacu/ACUPilotHandler/SteadyPwmProfilePilot\
#        -Isource/XCategory/Hbl/acuexpacu/ACUPilotHandler/StepperPilot\
#        -Isource/XCategory/Hbl/acuexpacu/ACUPilotHandler/TriacSwitchPilot\
#        -Isource/XCategory/Hbl/acuexpacu/ACUPilotHandler/ZCRelayPilot\
#        -Isource/XCategory/Hbl/acuexpacu/ACUPilotHandler/ZCTriacPilot\
#        -Isource/XCategory/Hbl/acuexpacu/HblAcu\
#        -Isource/XCategory/Hbl/acuexpacu/HblAcu/CrossLoads\
#        -Isource/XCategory/Hbl/acuexpacu/HblAcu/SetLoadQueue\
#        -Isource/XCategory/Hbl/acuexpacu/HblAcu/SRProductMgr\
#        -Isource/XCategory/Hbl/acuexpacu/HblAcu/ZeroCross\
#        -Isource/XCategory/Hbl/all/Hbl\
#        -Isource/XCategory/Hbl/all/Hbl/DefaultPin\
#        -Isource/XCategory/Hbl/all/Hbl/HblCommon\
#        -Isource/XCategory/Hbl/all/Hbl/VirtualPin\
#        -Isource/XCategory/Hbl/all/LLIHandler/AbsoluteHumidityLLI\
#        -Isource/XCategory/Hbl/all/LLIHandler/AccelerometerLLI\
#        -Isource/XCategory/Hbl/all/LLIHandler/AccelerometerLLI/AccelBaseline\
#        -Isource/XCategory/Hbl/all/LLIHandler/AccelerometerLLI/AccelDiscover\
#        -Isource/XCategory/Hbl/all/LLIHandler/AccelerometerLLI/FXLS8974\
#        -Isource/XCategory/Hbl/all/LLIHandler/AccelerometerLLI/FXLS8974/SelfTestFXLS8974\
#        -Isource/XCategory/Hbl/all/LLIHandler/AccelerometerLLI/LISxDH\
#        -Isource/XCategory/Hbl/all/LLIHandler/AnalogLLI\
#        -Isource/XCategory/Hbl/all/LLIHandler/ConductivityLLI\
#        -Isource/XCategory/Hbl/all/LLIHandler/DigitalLLI\
#        -Isource/XCategory/Hbl/all/LLIHandler/EncoderLLI\
#        -Isource/XCategory/Hbl/all/LLIHandler/ExpansionLLI\
#        -Isource/XCategory/Hbl/all/LLIHandler/FeedbackLLI\
#        -Isource/XCategory/Hbl/all/LLIHandler/I2CInfraredLLI\
#        -Isource/XCategory/Hbl/all/LLIHandler/I2CPressureSensorLLI\
#        -Isource/XCategory/Hbl/all/LLIHandler/I2CRHTSensorLLI\
#        -Isource/XCategory/Hbl/all/LLIHandler/InputCaptureLLI\
#        -Isource/XCategory/Hbl/all/LLIHandler/MultiInputLLI\
#        -Isource/XCategory/Hbl/all/LLIHandler/NonfunctionalLLI\
#        -Isource/XCategory/Hbl/all/LLIHandler/PulseCounterLLI\
#        -Isource/XCategory/Hbl/all/LLIHandler/SRAnalogLLI\
#        -Isource/XCategory/Hbl/all/LLIHandler/SRDigitalLLI\
#        -Isource/XCategory/Hbl/all/LLIHandler/SRFeedbackLLI\
#        -Isource/XCategory/Hbl/all/LLIHandler/SRI2CPressureSensorLLI\
#        -Isource/XCategory/Hbl/all/LLIHandler/SRICTachometerLLI\
#        -Isource/XCategory/Hbl/all/LLIHandler/SRInputCaptureLLI\
#        -Isource/XCategory/Hbl/all/LLIHandler/SRTouchKeyLLI\
#        -Isource/XCategory/Hbl/all/LLIHandler/SRTriacFeedbackLLI\
#        -Isource/XCategory/Hbl/all/LLIHandler/TouchKeyLLI\
#        -Isource/XCategory/Hbl/all/LLIHandler/TouchSliderLLI\
#        -Isource/XCategory/Hbl/all/LLIHandler/TouchWheelLLI\
#        -Isource/XCategory/Hbl/all/LLIHandler/TriacFeedbackLLI\
#        -Isource/XCategory/Hbl/all/LLIHandler/VirtualDigitalLLI\
#        -Isource/XCategory/Service/all/NVData\
#        -Isource/XCategory/Service/all/Reveal\
#        -Isource/XCategory/Service/all/Win\) -l
#        listings\TriacShortedDrainFaultMonitor.lst -o
#        obj\TriacShortedDrainFaultMonitor.obj
#        source/Category/Application/acu/Monitors/TriacShortedDrainFaultMonitor/TriacShortedDrainFaultMonitor.c
#    Locale       =  English_United States.1252
#    List file    =  listings\TriacShortedDrainFaultMonitor.lst
#    Object file  =  obj\TriacShortedDrainFaultMonitor.obj
#
###############################################################################

C:\Data\Nucleus_Dev\Vostok_ACU_A\source\Category\Application\acu\Monitors\TriacShortedDrainFaultMonitor\TriacShortedDrainFaultMonitor.c
      1          /**
      2           *  @file       
      3           *
      4           *  @brief      Basic description of file contents
      5           *
      6           *  @details    Detailed description of the file contents
      7           *
      8           *
      9             @startuml{TriacShortedDrainFaultMonitor State Machine.jpg}
     10                  title Triac Shorted Drain Motor Fault Monitor State Machine
     11          
     12                  [*] --> INITIALIZE
     13          
     14                  INITIALIZE : entry / InitializeModule()
     15                  INITIALIZE --> NO_FAILURE  : evStartMonitor
     16                  INITIALIZE --> [*]         : evSettingDataMissing
     17          
     18                  NO_FAILURE : entry / ResetFailureDetection()
     19                  NO_FAILURE : do /\t CheckForFailure()
     20                  NO_FAILURE --> FAILURE_DETECTED  : evFailureDetected
     21          
     22                  FAILURE_DETECTED : entry /\t SetFailureDetection()
     23                  FAILURE_DETECTED : do /\t CheckFailureRemoval()
     24                  FAILURE_DETECTED --> NO_FAILURE  : evNoFailurePresent
     25                  FAILURE_DETECTED --> FAULT       : evDebounceCompleted
     26          
     27                  FAULT : exit /\t SetStabilizationTime()
     28                  FAULT : do /\t MonitorFaultState()
     29                  FAULT --> NO_FAILURE : evTriacShortedDrainFaultReset
     30          
     31              @enduml
     32          
     33           *  @copyright  Copyright 2017-$Date$. Whirlpool Corporation. All rights reserved - CONFIDENTIAL
     34           */
     35          //---------------------------------------------------------------------------------------------------------------------
     36          //---------------------------------------------------------------------------------------------------------------------
     37          
     38          
     39          //-------------------------------------- Include Files ----------------------------------------------------------------
     40          // -- This Module --
     41          #include "TriacShortedDrainFaultMonitor.h"
     42          
     43          #include "SystemConfig.h"
     44          #include "Fault.h"
     45          #include "Hbl.h"
     46          #include "Log.h"
     47          #include "Micro.h"
     48          #include "SettingFile.h"
     49          #include "Vwi.h"
     50          
     51          
     52          //=====================================================================================================================
     53          //=== StateEngineCrank (v2.8) Auto-Generated Definitions for Triac Shorted Drain Motor Fault Monitor State Machine
     54          //=====================================================================================================================
     55          // !! StateEngineCrank cannot update this code if you change the header !!
     56          
     57          
     58          //! Unique names used to identify states of the Triac Shorted Drain Motor Fault Monitor state machine.
     59          typedef enum TRIAC_SHORTED_DRAIN_MOTOR_FAULT_MONITOR_STATE_ENUM
     60          {
     61              STATE_TRIAC_SHORTED_DRAIN_MOTOR_FAULT_MONITOR_NONE             = 0,
     62          
     63              STATE_TRIAC_SHORTED_DRAIN_MOTOR_FAULT_MONITOR_INITIALIZE       = 1, //!< (initial_state)
     64              STATE_TRIAC_SHORTED_DRAIN_MOTOR_FAULT_MONITOR_NO_FAILURE       = 2,
     65              STATE_TRIAC_SHORTED_DRAIN_MOTOR_FAULT_MONITOR_FAILURE_DETECTED = 3,
     66              STATE_TRIAC_SHORTED_DRAIN_MOTOR_FAULT_MONITOR_FAULT            = 4,
     67          
     68              STATE_TRIAC_SHORTED_DRAIN_MOTOR_FAULT_MONITOR_END              = 5
     69          } TRIAC_SHORTED_DRAIN_MOTOR_FAULT_MONITOR_STATE_TYPE;
     70          
     71          //! The state variable for the Triac Shorted Drain Motor Fault Monitor state machine.
     72          //! State machines with a history pseudostate may write to this variable during initialization.
     73          //! Other state machines must only write to this variable through auto-generated functions.

   \                                 In section .bss, align 1
     74          static TRIAC_SHORTED_DRAIN_MOTOR_FAULT_MONITOR_STATE_TYPE Triac_Shorted_Drain_Motor_Fault_Monitor_State;
   \                     Triac_Shorted_Drain_Motor_Fault_Monitor_State:
   \   00000000                      DS8 1
     75          
     76          // -- Private Function Prototypes used by the state machine for customization functions --
     77          static void CheckFailureRemoval(void);
     78          static void CheckForFailure(void);
     79          static void InitializeModule(void);
     80          static void MonitorFaultState(void);
     81          static void ResetFailureDetection(void);
     82          static void SetFailureDetection(void);
     83          static void SetStabilizationTime(void);
     84          
     85          // -- Private Function Prototypes used by the state machine for standard state machine functions --
     86          static void EventDebounceCompleted(void);
     87          static void EventFailureDetected(void);
     88          static void EventNoFailurePresent(void);
     89          static void EventSettingDataMissing(void);
     90          static void EventStartMonitor(void);
     91          static void EventTriacShortedDrainFaultReset(void);
     92          static void TriacShortedDrainMotorFaultMonitorExecute(void);
     93          static void TriacShortedDrainMotorFaultMonitorInitialize(void);
     94          
     95          // !! StateEngineCrank cannot update this code if you change the footer !!
     96          // End of StateEngineCrank Auto-Generated Code.
     97          
     98          
     99          //-------------------------------------- PUBLIC (Variables) -----------------------------------------------------------
    100          
    101          
    102          //-------------------------------------- PRIVATE (Variables, Constants & Defines) -------------------------------------
    103          
    104          #define MODULE_NAME MODULE_TRIAC_SHORTED_DRAIN_FAULT_MONITOR
    105          
    106          //! Time to wait after a change in drain status or after resetting the fault,
    107          // before evaluating again the drain current feedback (unit 100 ms).
    108          #define DRAIN_TRIAC_FAULT_STABILIZATION_TIME    5
    109          
    110          typedef enum MODULE_DRAIN_TRIAC_FAULT_MONITOR_LOG_MESSAGE_ID_ENUM
    111          {
    112              ERROR_MISSING_COMPONENTS  = 1,
    113              ERROR_MISSING_PARAMETERS
    114          } MODULE_TRIAC_SHORTED_DRAIN_FAULT_MONITOR_LOG_MESSAGE_ID_TYPE;
    115          
    116          
    117          // The parameters for detecting the Drain Triac fault as read from Setting File

   \                                 In section .bss, align 4
    118          static DRAIN_TRIAC_FAULT_PARAMS_TYPE Drain_Fault_Params;
    119          //! Counter for stabilization time.
    120          static uint8 Drain_Triac_Fault_Stabilization_Counter;
   \                     Drain_Triac_Fault_Stabilization_Counter:
   \   00000000                      DS8 1
   \   00000001                      DS8 1
   \   00000002                      DS8 1
   \   00000003                      DS8 1
   \   00000004                      DS8 1
   \   00000005                      DS8 1
   \   00000006                      DS8 1
   \   00000007                      DS8 1
   \   00000008                      DS8 1
   \   00000009                      DS8 3
   \   0000000C                      DS8 4
   \   00000010                      DS8 2
    121          
    122          static uint8 Drain_Current_GI_Index;
    123          //! The current on the Drain triac as measured by the small triac current sensing circuit (units mA)
    124          static uint16 Measured_Drain_Triac_Current;
    125          // State of the Pilot in the current iteration
    126          static uint8 Pilot_State;
    127          // State of the Drain in the current iteration
    128          static uint8 Drain_State;
    129          // State of the Drain in the previous iteration
    130          static uint8 Drain_Previous_State;
    131          // State of the Vent in the current iteration
    132          static uint8 Vent_State;
    133          // State of the Vent in the previous iteration
    134          static uint8 Vent_Previous_State;
    135          // State of the VWI No Water in the current iteration
    136          static BOOL_TYPE VWI_No_Water_State;
    137          // State of the VWI No Water in the previous iteration
    138          static BOOL_TYPE VWI_No_Water_Previous_State;
    139          
    140          //-------------------------------------- PRIVATE (Function Prototypes) ------------------------------------------------
    141          
    142          
    143          //=====================================================================================================================
    144          //-------------------------------------- Public Functions -------------------------------------------------------------
    145          //=====================================================================================================================
    146          
    147          //----------------------------------------------------------------------------
    148          /**
    149           *  @brief      TriacShortedDrainFaultMonitor__Initialize
    150           *  @details    Function used to initialize the Triac Shorted Drain Fault monitor.
    151           *
    152           */

   \                                 In section .text, align 2, keep-with-next
    153          void TriacShortedDrainFaultMonitor__Initialize(void)
    154          {
   \                     TriacShortedDrainFaultMonitor__Initialize: (+1)
   \   00000000   0xB580             PUSH     {R7,LR}
    155              if (Micro__GetResetMode() == MICRO_RESET_MODE_COLD)
   \   00000002   0x.... 0x....      BL       Micro__GetResetMode
   \   00000006   0x2800             CMP      R0,#+0
   \   00000008   0xD10A             BNE      ??TriacShortedDrainFaultMonitor__Initialize_0
    156              {
    157                  Pilot_State = OFF;
   \   0000000A   0x....             LDR      R0,??DataTable13
   \   0000000C   0x2100             MOVS     R1,#+0
   \   0000000E   0x7081             STRB     R1,[R0, #+2]
    158                  Drain_State = OFF;
   \   00000010   0x70C1             STRB     R1,[R0, #+3]
    159                  Vent_State = OFF;
   \   00000012   0x7141             STRB     R1,[R0, #+5]
    160                  VWI_No_Water_State = FALSE;
   \   00000014   0x71C1             STRB     R1,[R0, #+7]
    161                  Drain_Previous_State = OFF;
   \   00000016   0x7101             STRB     R1,[R0, #+4]
    162                  Vent_Previous_State = OFF;
   \   00000018   0x7181             STRB     R1,[R0, #+6]
    163                  VWI_No_Water_Previous_State = FALSE;
   \   0000001A   0x7201             STRB     R1,[R0, #+8]
    164                  TriacShortedDrainMotorFaultMonitorInitialize();
   \   0000001C   0x.... 0x....      BL       TriacShortedDrainMotorFaultMonitorInitialize
    165              }
    166          }
   \                     ??TriacShortedDrainFaultMonitor__Initialize_0: (+1)
   \   00000020   0xBD01             POP      {R0,PC}          ;; return
    167          
    168          
    169          //----------------------------------------------------------------------------
    170          /**
    171           *  @brief      TriacShortedDrainFaultMonitor__Execution
    172           *  @details    Function used to perform the Triac Shorted Drain Fault monitor.
    173           *
    174           */

   \                                 In section .text, align 2, keep-with-next
    175          void TriacShortedDrainFaultMonitor__Execution(void)
    176          {
   \                     TriacShortedDrainFaultMonitor__Execution: (+1)
   \   00000000   0xB510             PUSH     {R4,LR}
    177              uint8 *load_state_ptr;
    178          
    179              load_state_ptr = (uint8*)(Hbl__GetLoadStatusByLoadID(HBL_LOAD_PILOT_RELAY));
   \   00000002   0x2051             MOVS     R0,#+81
   \   00000004   0x.... 0x....      BL       Hbl__GetLoadStatusByLoadID
    180              if (load_state_ptr != NULL)
   \   00000008   0x....             LDR      R4,??DataTable13
   \   0000000A   0x2800             CMP      R0,#+0
   \   0000000C   0xD008             BEQ      ??TriacShortedDrainFaultMonitor__Execution_0
    181              {
    182              	Pilot_State = (load_state_ptr[0] == (uint8)ON) ? ON:OFF;
   \   0000000E   0x7800             LDRB     R0,[R0, #+0]
   \   00000010   0x2801             CMP      R0,#+1
   \   00000012   0xD102             BNE      ??TriacShortedDrainFaultMonitor__Execution_1
   \   00000014   0x2001             MOVS     R0,#+1
   \   00000016   0x70A0             STRB     R0,[R4, #+2]
   \   00000018   0xE012             B        ??TriacShortedDrainFaultMonitor__Execution_2
   \                     ??TriacShortedDrainFaultMonitor__Execution_1: (+1)
   \   0000001A   0x2000             MOVS     R0,#+0
   \   0000001C   0x70A0             STRB     R0,[R4, #+2]
   \   0000001E   0xE00F             B        ??TriacShortedDrainFaultMonitor__Execution_2
    183              }
    184              else
    185              {
    186                  load_state_ptr = (uint8*)(Hbl__GetLoadStatusByLoadID(HBL_LOAD_RELAY_ENABLE));
   \                     ??TriacShortedDrainFaultMonitor__Execution_0: (+1)
   \   00000020   0x2052             MOVS     R0,#+82
   \   00000022   0x.... 0x....      BL       Hbl__GetLoadStatusByLoadID
    187                  if (load_state_ptr != NULL)
   \   00000026   0x2800             CMP      R0,#+0
   \   00000028   0xD008             BEQ      ??TriacShortedDrainFaultMonitor__Execution_3
    188                  {
    189                  	Pilot_State = (load_state_ptr[0] == (uint8)ON) ? ON:OFF;
   \   0000002A   0x7800             LDRB     R0,[R0, #+0]
   \   0000002C   0x2801             CMP      R0,#+1
   \   0000002E   0xD102             BNE      ??TriacShortedDrainFaultMonitor__Execution_4
   \   00000030   0x2001             MOVS     R0,#+1
   \   00000032   0x70A0             STRB     R0,[R4, #+2]
   \   00000034   0xE004             B        ??TriacShortedDrainFaultMonitor__Execution_2
   \                     ??TriacShortedDrainFaultMonitor__Execution_4: (+1)
   \   00000036   0x2000             MOVS     R0,#+0
   \   00000038   0x70A0             STRB     R0,[R4, #+2]
   \   0000003A   0xE001             B        ??TriacShortedDrainFaultMonitor__Execution_2
    190                  }
    191                  else
    192                  {
    193                  	Pilot_State = ON;
   \                     ??TriacShortedDrainFaultMonitor__Execution_3: (+1)
   \   0000003C   0x2001             MOVS     R0,#+1
   \   0000003E   0x70A0             STRB     R0,[R4, #+2]
    194                  }
    195              }
    196          
    197              load_state_ptr = (uint8 *)Hbl__GetProcessedLoad(Hbl__GetLoadIndexByLoadID(HBL_LOAD_DRAIN_PUMP));
   \                     ??TriacShortedDrainFaultMonitor__Execution_2: (+1)
   \   00000040   0x2001             MOVS     R0,#+1
   \   00000042   0x.... 0x....      BL       Hbl__GetLoadIndexByLoadID
   \   00000046   0x.... 0x....      BL       Hbl__GetProcessedLoad
    198              if (load_state_ptr != NULL)
   \   0000004A   0x2800             CMP      R0,#+0
   \   0000004C   0xD001             BEQ      ??TriacShortedDrainFaultMonitor__Execution_5
    199              {
    200              	Drain_State = load_state_ptr[0];
   \   0000004E   0x7800             LDRB     R0,[R0, #+0]
   \   00000050   0x70E0             STRB     R0,[R4, #+3]
    201              }
    202          
    203              load_state_ptr = (uint8 *)Hbl__GetProcessedLoad(Hbl__GetLoadIndexByLoadID(HBL_LOAD_VENT));
   \                     ??TriacShortedDrainFaultMonitor__Execution_5: (+1)
   \   00000052   0x2024             MOVS     R0,#+36
   \   00000054   0x.... 0x....      BL       Hbl__GetLoadIndexByLoadID
   \   00000058   0x.... 0x....      BL       Hbl__GetProcessedLoad
    204              if (load_state_ptr != NULL)
   \   0000005C   0x2800             CMP      R0,#+0
   \   0000005E   0xD001             BEQ      ??TriacShortedDrainFaultMonitor__Execution_6
    205              {
    206              	Vent_State =  load_state_ptr[0];
   \   00000060   0x7800             LDRB     R0,[R0, #+0]
   \   00000062   0x7160             STRB     R0,[R4, #+5]
    207              }
    208          
    209              VWI_No_Water_State = ((WS_NO_WATER == Vwi__GetWaterStatus())? TRUE:FALSE);
   \                     ??TriacShortedDrainFaultMonitor__Execution_6: (+1)
   \   00000064   0x.... 0x....      BL       Vwi__GetWaterStatus
   \   00000068   0x2801             CMP      R0,#+1
   \   0000006A   0xD102             BNE      ??TriacShortedDrainFaultMonitor__Execution_7
   \   0000006C   0x2001             MOVS     R0,#+1
   \   0000006E   0x71E0             STRB     R0,[R4, #+7]
   \   00000070   0xE001             B        ??TriacShortedDrainFaultMonitor__Execution_8
   \                     ??TriacShortedDrainFaultMonitor__Execution_7: (+1)
   \   00000072   0x2000             MOVS     R0,#+0
   \   00000074   0x71E0             STRB     R0,[R4, #+7]
    210          
    211              if (Drain_State != Drain_Previous_State)
   \                     ??TriacShortedDrainFaultMonitor__Execution_8: (+1)
   \   00000076   0x78E0             LDRB     R0,[R4, #+3]
   \   00000078   0x0001             MOVS     R1,R0
   \   0000007A   0x7922             LDRB     R2,[R4, #+4]
   \   0000007C   0x4291             CMP      R1,R2
   \   0000007E   0xD003             BEQ      ??TriacShortedDrainFaultMonitor__Execution_9
    212              {
    213                  Drain_Triac_Fault_Stabilization_Counter = DRAIN_TRIAC_FAULT_STABILIZATION_TIME;
   \   00000080   0x2105             MOVS     R1,#+5
   \   00000082   0x7021             STRB     R1,[R4, #+0]
    214                  Drain_Previous_State = Drain_State;
   \   00000084   0x7120             STRB     R0,[R4, #+4]
   \   00000086   0xE017             B        ??TriacShortedDrainFaultMonitor__Execution_10
    215              }
    216              else if (Vent_State != Vent_Previous_State)
   \                     ??TriacShortedDrainFaultMonitor__Execution_9: (+1)
   \   00000088   0x7960             LDRB     R0,[R4, #+5]
   \   0000008A   0x0001             MOVS     R1,R0
   \   0000008C   0x79A2             LDRB     R2,[R4, #+6]
   \   0000008E   0x4291             CMP      R1,R2
   \   00000090   0xD003             BEQ      ??TriacShortedDrainFaultMonitor__Execution_11
    217              {
    218                  Drain_Triac_Fault_Stabilization_Counter = 20;
   \   00000092   0x2114             MOVS     R1,#+20
   \   00000094   0x7021             STRB     R1,[R4, #+0]
    219                  Vent_Previous_State = Vent_State;
   \   00000096   0x71A0             STRB     R0,[R4, #+6]
   \   00000098   0xE00E             B        ??TriacShortedDrainFaultMonitor__Execution_10
    220              }
    221              else if ((VWI_No_Water_State != VWI_No_Water_Previous_State) && ((uint8)TRUE == (uint8)VWI_No_Water_State))
   \                     ??TriacShortedDrainFaultMonitor__Execution_11: (+1)
   \   0000009A   0x79E0             LDRB     R0,[R4, #+7]
   \   0000009C   0x0001             MOVS     R1,R0
   \   0000009E   0x7A22             LDRB     R2,[R4, #+8]
   \   000000A0   0x4291             CMP      R1,R2
   \   000000A2   0xD004             BEQ      ??TriacShortedDrainFaultMonitor__Execution_12
   \   000000A4   0x2801             CMP      R0,#+1
   \   000000A6   0xD102             BNE      ??TriacShortedDrainFaultMonitor__Execution_12
    222              {
    223                  Drain_Triac_Fault_Stabilization_Counter = 20;
   \   000000A8   0x2014             MOVS     R0,#+20
   \   000000AA   0x7020             STRB     R0,[R4, #+0]
   \   000000AC   0xE004             B        ??TriacShortedDrainFaultMonitor__Execution_10
    224              }
    225              else
    226              {
    227                  if (Drain_Triac_Fault_Stabilization_Counter > 0U)
   \                     ??TriacShortedDrainFaultMonitor__Execution_12: (+1)
   \   000000AE   0x7820             LDRB     R0,[R4, #+0]
   \   000000B0   0x0001             MOVS     R1,R0
   \   000000B2   0xD001             BEQ      ??TriacShortedDrainFaultMonitor__Execution_10
    228                  {
    229                      Drain_Triac_Fault_Stabilization_Counter --;
   \   000000B4   0x1E40             SUBS     R0,R0,#+1
   \   000000B6   0x7020             STRB     R0,[R4, #+0]
    230                  }
    231              }
    232              VWI_No_Water_Previous_State = VWI_No_Water_State;
   \                     ??TriacShortedDrainFaultMonitor__Execution_10: (+1)
   \   000000B8   0x79E0             LDRB     R0,[R4, #+7]
   \   000000BA   0x7220             STRB     R0,[R4, #+8]
    233              Measured_Drain_Triac_Current = (uint16)Hbl__GetGIDataConvertedByIndex(Drain_Current_GI_Index);
   \   000000BC   0x7860             LDRB     R0,[R4, #+1]
   \   000000BE   0x.... 0x....      BL       Hbl__GetGIDataConvertedByIndex
   \   000000C2   0x8220             STRH     R0,[R4, #+16]
    234              TriacShortedDrainMotorFaultMonitorExecute();
   \   000000C4   0x.... 0x....      BL       TriacShortedDrainMotorFaultMonitorExecute
    235          }
   \   000000C8   0xBD10             POP      {R4,PC}          ;; return
    236          
    237          
    238          //----------------------------------------------------------------------------
    239          /**
    240           *  @brief      TriacShortedDrainFaultMonitor__CycleStarted
    241           *  @details    Function called when a cycle is started to remove the Fan Motor Fault.
    242           *
    243           */

   \                                 In section .text, align 2, keep-with-next
    244          void TriacShortedDrainFaultMonitor__CycleStarted(void)
    245          {
   \                     TriacShortedDrainFaultMonitor__CycleStarted: (+1)
   \   00000000   0xB580             PUSH     {R7,LR}
    246              EventTriacShortedDrainFaultReset();
   \   00000002   0x.... 0x....      BL       EventTriacShortedDrainFaultReset
    247          }
   \   00000006   0xBD01             POP      {R0,PC}          ;; return
    248          
    249          //=====================================================================================================================
    250          //-------------------------------------- Private Functions ------------------------------------------------------------
    251          //=====================================================================================================================
    252          
    253          
    254          //=====================================================================================================================
    255          //  --- Private State Machine Customization Functions -----------------------------------------------------------------
    256          //=====================================================================================================================
    257          
    258          
    259          //---------------------------------------------------------------------------------------------------------------------
    260          /**
    261           *
    262           */

   \                                 In section .text, align 2, keep-with-next
    263          static void CheckFailureRemoval(void)
    264          {
   \                     CheckFailureRemoval: (+1)
   \   00000000   0xB510             PUSH     {R4,LR}
    265              if ((uint8)Fault__IsInFaultState(FAULT_ID_DRAIN_MOTOR_TRIAC_SHORTED) == (uint8)TRUE)
   \   00000002   0x2010             MOVS     R0,#+16
   \   00000004   0x.... 0x....      BL       Fault__IsInFaultState
   \   00000008   0x2801             CMP      R0,#+1
   \   0000000A   0xD102             BNE      ??CheckFailureRemoval_0
    266              {
    267                  EventDebounceCompleted();
   \   0000000C   0x.... 0x....      BL       EventDebounceCompleted
   \   00000010   0xBD10             POP      {R4,PC}
    268              }
    269              else
    270              {
    271                  if ((Drain_State == (uint8)ON) ||
    272                      (Fault__IsObserverActive(FAULT_ID_DRAIN_MOTOR_TRIAC_SHORTED) == FALSE)
    273                      || (Measured_Drain_Triac_Current < Drain_Fault_Params.Current_Sense_Drain_Min)
    274                      || !VWI_No_Water_State)
   \                     ??CheckFailureRemoval_0: (+1)
   \   00000012   0x....             LDR      R4,??DataTable13
   \   00000014   0x78E0             LDRB     R0,[R4, #+3]
   \   00000016   0x2801             CMP      R0,#+1
   \   00000018   0xD00B             BEQ      ??CheckFailureRemoval_1
   \   0000001A   0x2010             MOVS     R0,#+16
   \   0000001C   0x.... 0x....      BL       Fault__IsObserverActive
   \   00000020   0x2800             CMP      R0,#+0
   \   00000022   0xD006             BEQ      ??CheckFailureRemoval_1
   \   00000024   0x8A20             LDRH     R0,[R4, #+16]
   \   00000026   0x89A1             LDRH     R1,[R4, #+12]
   \   00000028   0x4288             CMP      R0,R1
   \   0000002A   0xD302             BCC      ??CheckFailureRemoval_1
   \   0000002C   0x79E0             LDRB     R0,[R4, #+7]
   \   0000002E   0x2800             CMP      R0,#+0
   \   00000030   0xD101             BNE      ??CheckFailureRemoval_2
    275                  {
    276                      EventNoFailurePresent();
   \                     ??CheckFailureRemoval_1: (+1)
   \   00000032   0x.... 0x....      BL       EventNoFailurePresent
    277                  }
    278              }
    279          }
   \                     ??CheckFailureRemoval_2: (+1)
   \   00000036   0xBD10             POP      {R4,PC}          ;; return
    280          
    281          
    282          //---------------------------------------------------------------------------------------------------------------------
    283          /**
    284           *
    285           */

   \                                 In section .text, align 2, keep-with-next
    286          static void CheckForFailure(void)
    287          {
    288              if ((Pilot_State == (uint8)ON) && (Drain_State == (uint8)OFF) && (Drain_Triac_Fault_Stabilization_Counter == 0U)
    289                  && (Measured_Drain_Triac_Current > Drain_Fault_Params.Current_Sense_Drain_Min)
    290                  && VWI_No_Water_State)
   \                     CheckForFailure: (+1)
   \   00000000   0x....             LDR      R0,??DataTable13
   \   00000002   0x7881             LDRB     R1,[R0, #+2]
   \   00000004   0x2901             CMP      R1,#+1
   \   00000006   0xD000             BEQ      ??CheckForFailure_0
   \   00000008   0x4770             BX       LR
   \                     ??CheckForFailure_0: (+1)
   \   0000000A   0xB580             PUSH     {R7,LR}
   \   0000000C   0x78C1             LDRB     R1,[R0, #+3]
   \   0000000E   0x7802             LDRB     R2,[R0, #+0]
   \   00000010   0x430A             ORRS     R2,R2,R1
   \   00000012   0xD108             BNE      ??CheckForFailure_1
   \   00000014   0x8981             LDRH     R1,[R0, #+12]
   \   00000016   0x8A02             LDRH     R2,[R0, #+16]
   \   00000018   0x4291             CMP      R1,R2
   \   0000001A   0xD204             BCS      ??CheckForFailure_1
   \   0000001C   0x79C0             LDRB     R0,[R0, #+7]
   \   0000001E   0x2800             CMP      R0,#+0
   \   00000020   0xD001             BEQ      ??CheckForFailure_1
    291              {
    292                  EventFailureDetected();
   \   00000022   0x.... 0x....      BL       EventFailureDetected
    293              }
    294          }
   \                     ??CheckForFailure_1: (+1)
   \   00000026   0xBD01             POP      {R0,PC}          ;; return
    295          
    296          
    297          //---------------------------------------------------------------------------------------------------------------------
    298          /**
    299           *
    300           */

   \                                 In section .text, align 2, keep-with-next
    301          static void InitializeModule(void)
    302          {
   \                     InitializeModule: (+1)
   \   00000000   0xB538             PUSH     {R3-R5,LR}
    303              uint8 drain_index;
    304              DRAIN_TRIAC_FAULT_PARAMS_TYPE *drain_triac_fault_params;
    305          
    306              Measured_Drain_Triac_Current = 0;
   \   00000002   0x2000             MOVS     R0,#+0
   \   00000004   0x....             LDR      R4,??DataTable13
   \   00000006   0x0001             MOVS     R1,R0
   \   00000008   0x8221             STRH     R1,[R4, #+16]
    307              Drain_Triac_Fault_Stabilization_Counter = DRAIN_TRIAC_FAULT_STABILIZATION_TIME;
   \   0000000A   0x2105             MOVS     R1,#+5
   \   0000000C   0x7021             STRB     R1,[R4, #+0]
    308          
    309              Drain_Previous_State = OFF;
   \   0000000E   0x0001             MOVS     R1,R0
   \   00000010   0x7121             STRB     R1,[R4, #+4]
    310              Drain_State = OFF;
   \   00000012   0x70E0             STRB     R0,[R4, #+3]
    311          
    312              drain_index = Hbl__GetLoadIndexByLoadID(HBL_LOAD_DRAIN_PUMP);
   \   00000014   0x2001             MOVS     R0,#+1
   \   00000016   0x.... 0x....      BL       Hbl__GetLoadIndexByLoadID
   \   0000001A   0x0005             MOVS     R5,R0
    313              Drain_Current_GI_Index = Hbl__GetGIIndexByGIID(HBL_GI_I_DRAIN_PUMP);
   \   0000001C   0x204B             MOVS     R0,#+75
   \   0000001E   0x.... 0x....      BL       Hbl__GetGIIndexByGIID
   \   00000022   0x7060             STRB     R0,[R4, #+1]
    314          
    315              if (Drain_Current_GI_Index == (uint8)HBL_INDEX_INVALID)
   \   00000024   0x28FF             CMP      R0,#+255
   \   00000026   0xD103             BNE      ??InitializeModule_0
    316              {
    317                  Drain_Current_GI_Index = Hbl__GetGIIndexByGIID(HBL_GI_I_DIAGNOSTIC);
   \   00000028   0x2048             MOVS     R0,#+72
   \   0000002A   0x.... 0x....      BL       Hbl__GetGIIndexByGIID
   \   0000002E   0x7060             STRB     R0,[R4, #+1]
    318              }
    319          
    320              if ((Drain_Current_GI_Index != (uint8)HBL_INDEX_INVALID) && (drain_index != (uint8)HBL_INDEX_INVALID))
   \                     ??InitializeModule_0: (+1)
   \   00000030   0x7860             LDRB     R0,[R4, #+1]
   \   00000032   0x28FF             CMP      R0,#+255
   \   00000034   0xD01E             BEQ      ??InitializeModule_1
   \   00000036   0x2DFF             CMP      R5,#+255
   \   00000038   0xD01C             BEQ      ??InitializeModule_1
    321              {
    322                  drain_triac_fault_params = (DRAIN_TRIAC_FAULT_PARAMS_TYPE*)Fault__GetSpecificData(FAULT_ID_SINGLE_SPEED_DRAIN_MOTOR);
   \   0000003A   0x200E             MOVS     R0,#+14
   \   0000003C   0x.... 0x....      BL       Fault__GetSpecificData
    323          
    324                  if (drain_triac_fault_params != NULL)
   \   00000040   0x2800             CMP      R0,#+0
   \   00000042   0xD00E             BEQ      ??InitializeModule_2
    325                  {
    326                      Drain_Fault_Params.Current_Sense_Drain_Min = ENDIANU16_STON(drain_triac_fault_params->Current_Sense_Drain_Min);
   \   00000044   0x7801             LDRB     R1,[R0, #+0]
   \   00000046   0x7842             LDRB     R2,[R0, #+1]
   \   00000048   0x0612             LSLS     R2,R2,#+24
   \   0000004A   0x0C12             LSRS     R2,R2,#+16
   \   0000004C   0x4311             ORRS     R1,R1,R2
   \   0000004E   0x81A1             STRH     R1,[R4, #+12]
    327                      Drain_Fault_Params.Current_Sense_Drain_Max = ENDIANU16_STON(drain_triac_fault_params->Current_Sense_Drain_Max);
   \   00000050   0x7881             LDRB     R1,[R0, #+2]
   \   00000052   0x78C2             LDRB     R2,[R0, #+3]
   \   00000054   0x0612             LSLS     R2,R2,#+24
   \   00000056   0x0C12             LSRS     R2,R2,#+16
   \   00000058   0x4311             ORRS     R1,R1,R2
   \   0000005A   0x81E1             STRH     R1,[R4, #+14]
    328          
    329                      EventStartMonitor();
   \   0000005C   0x.... 0x....      BL       EventStartMonitor
   \   00000060   0xBD31             POP      {R0,R4,R5,PC}
    330                  }
    331                  else
    332                  {
    333                      EventSettingDataMissing();
   \                     ??InitializeModule_2: (+1)
   \   00000062   0x.... 0x....      BL       EventSettingDataMissing
    334                      LOG_ADD_EXCEPTION (ERROR_MISSING_PARAMETERS, FAULT_ID_SINGLE_SPEED_DRAIN_MOTOR);
   \   00000066   0x230E             MOVS     R3,#+14
   \   00000068   0x2201             MOVS     R2,#+1
   \   0000006A   0x2102             MOVS     R1,#+2
   \   0000006C   0x205F             MOVS     R0,#+95
   \   0000006E   0x.... 0x....      BL       Log__AddMessage
   \   00000072   0xBD31             POP      {R0,R4,R5,PC}
    335                  }
    336              }
    337              else
    338              {
    339                  EventSettingDataMissing();
   \                     ??InitializeModule_1: (+1)
   \   00000074   0x.... 0x....      BL       EventSettingDataMissing
    340                  LOG_ADD_EXCEPTION (ERROR_MISSING_COMPONENTS, 0);
   \   00000078   0x2300             MOVS     R3,#+0
   \   0000007A   0x2201             MOVS     R2,#+1
   \   0000007C   0x4611             MOV      R1,R2
   \   0000007E   0x205F             MOVS     R0,#+95
   \   00000080   0x.... 0x....      BL       Log__AddMessage
    341              }
    342          }
   \   00000084   0xBD31             POP      {R0,R4,R5,PC}    ;; return
    343          
    344          
    345          //---------------------------------------------------------------------------------------------------------------------
    346          /**
    347           *
    348           */

   \                                 In section .text, align 2, keep-with-next
    349          static void ResetFailureDetection(void)
    350          {
   \                     ResetFailureDetection: (+1)
   \   00000000   0xB580             PUSH     {R7,LR}
    351              Fault__ConditionRemoved(FAULT_ID_DRAIN_MOTOR_TRIAC_SHORTED);
   \   00000002   0x2010             MOVS     R0,#+16
   \   00000004   0x.... 0x....      BL       Fault__ConditionRemoved
    352          }
   \   00000008   0xBD01             POP      {R0,PC}          ;; return
    353          
    354          
    355          //---------------------------------------------------------------------------------------------------------------------
    356          /**
    357           *
    358           */

   \                                 In section .text, align 2, keep-with-next
    359          static void SetFailureDetection(void)
    360          {
   \                     SetFailureDetection: (+1)
   \   00000000   0xB580             PUSH     {R7,LR}
    361              Fault__ConditionDetected(FAULT_ID_DRAIN_MOTOR_TRIAC_SHORTED);
   \   00000002   0x2010             MOVS     R0,#+16
   \   00000004   0x.... 0x....      BL       Fault__ConditionDetected
    362          }
   \   00000008   0xBD01             POP      {R0,PC}          ;; return
    363          
    364          
    365          //---------------------------------------------------------------------------------------------------------------------
    366          /**
    367           *
    368           */

   \                                 In section .text, align 2, keep-with-next
    369          static void SetStabilizationTime(void)
    370          {
    371              Drain_Triac_Fault_Stabilization_Counter = DRAIN_TRIAC_FAULT_STABILIZATION_TIME;
   \                     SetStabilizationTime: (+1)
   \   00000000   0x2005             MOVS     R0,#+5
   \   00000002   0x....             LDR      R1,??DataTable13
   \   00000004   0x7008             STRB     R0,[R1, #+0]
    372          }
   \   00000006   0x4770             BX       LR               ;; return
    373          
    374          
    375          //---------------------------------------------------------------------------------------------------------------------
    376          /**
    377           *
    378           */

   \                                 In section .text, align 2, keep-with-next
    379          static void MonitorFaultState(void)
    380          {
   \                     MonitorFaultState: (+1)
   \   00000000   0xB580             PUSH     {R7,LR}
    381              if (Fault__IsInFaultState(FAULT_ID_DRAIN_MOTOR_TRIAC_SHORTED) == FALSE)
   \   00000002   0x2010             MOVS     R0,#+16
   \   00000004   0x.... 0x....      BL       Fault__IsInFaultState
   \   00000008   0x2800             CMP      R0,#+0
   \   0000000A   0xD101             BNE      ??MonitorFaultState_0
    382              {
    383                  EventTriacShortedDrainFaultReset();
   \   0000000C   0x.... 0x....      BL       EventTriacShortedDrainFaultReset
    384              }
    385          }
   \                     ??MonitorFaultState_0: (+1)
   \   00000010   0xBD01             POP      {R0,PC}          ;; return
    386          
    387          
    388          
    389          
    390          //=====================================================================================================================
    391          //=== StateEngineCrank (v2.8) Auto-Generated Functions for Triac Shorted Drain Motor Fault Monitor State Machine
    392          //=====================================================================================================================
    393          // !! StateEngineCrank cannot update this code if you change the header !!
    394          
    395          
    396          //---------------------------------------------------------------------------------------------------------------------
    397          /**
    398           * Process the Debounce Completed Event for the Triac Shorted Drain Motor Fault Monitor state machine.
    399           *
    400           *              >>> DO NOT MODIFY THIS FUNCTION <<<
    401           *
    402           * This function was auto-generated and must not be edited manually.
    403           * Change the UML used to generate this function and regenerate the source code.
    404           */

   \                                 In section .text, align 2, keep-with-next
    405          static void EventDebounceCompleted(void)
    406          {
    407              switch (Triac_Shorted_Drain_Motor_Fault_Monitor_State)
   \                     EventDebounceCompleted: (+1)
   \   00000000   0x....             LDR      R0,??DataTable13_1
   \   00000002   0x7801             LDRB     R1,[R0, #+0]
   \   00000004   0x2903             CMP      R1,#+3
   \   00000006   0xD101             BNE      ??EventDebounceCompleted_0
    408              {
    409                  case STATE_TRIAC_SHORTED_DRAIN_MOTOR_FAULT_MONITOR_FAILURE_DETECTED:
    410                      Triac_Shorted_Drain_Motor_Fault_Monitor_State = STATE_TRIAC_SHORTED_DRAIN_MOTOR_FAULT_MONITOR_FAULT;
   \   00000008   0x2104             MOVS     R1,#+4
   \   0000000A   0x7001             STRB     R1,[R0, #+0]
    411                      break;
    412          
    413                  default:
    414                      // Event is ignored for all other values of Triac_Shorted_Drain_Motor_Fault_Monitor_State.
    415                      break;
    416              }
    417          }
   \                     ??EventDebounceCompleted_0: (+1)
   \   0000000C   0x4770             BX       LR               ;; return
    418          
    419          
    420          //---------------------------------------------------------------------------------------------------------------------
    421          /**
    422           * Process the Failure Detected Event for the Triac Shorted Drain Motor Fault Monitor state machine.
    423           *
    424           *              >>> DO NOT MODIFY THIS FUNCTION <<<
    425           *
    426           * This function was auto-generated and must not be edited manually.
    427           * Change the UML used to generate this function and regenerate the source code.
    428           */

   \                                 In section .text, align 2, keep-with-next
    429          static void EventFailureDetected(void)
    430          {
    431              switch (Triac_Shorted_Drain_Motor_Fault_Monitor_State)
   \                     EventFailureDetected: (+1)
   \   00000000   0x....             LDR      R0,??DataTable13_1
   \   00000002   0x7801             LDRB     R1,[R0, #+0]
   \   00000004   0x2902             CMP      R1,#+2
   \   00000006   0xD000             BEQ      ??EventFailureDetected_0
   \   00000008   0x4770             BX       LR
    432              {
    433                  case STATE_TRIAC_SHORTED_DRAIN_MOTOR_FAULT_MONITOR_NO_FAILURE:
    434                      Triac_Shorted_Drain_Motor_Fault_Monitor_State = STATE_TRIAC_SHORTED_DRAIN_MOTOR_FAULT_MONITOR_FAILURE_DETECTED;
   \                     ??EventFailureDetected_0: (+1)
   \   0000000A   0xB580             PUSH     {R7,LR}
   \   0000000C   0x2103             MOVS     R1,#+3
   \   0000000E   0x7001             STRB     R1,[R0, #+0]
    435                      SetFailureDetection();                  // Entry Function.
   \   00000010   0x.... 0x....      BL       SetFailureDetection
    436                      break;
    437          
    438                  default:
    439                      // Event is ignored for all other values of Triac_Shorted_Drain_Motor_Fault_Monitor_State.
    440                      break;
    441              }
    442          }
   \   00000014   0xBD01             POP      {R0,PC}          ;; return
    443          
    444          
    445          //---------------------------------------------------------------------------------------------------------------------
    446          /**
    447           * Process the No Failure Present Event for the Triac Shorted Drain Motor Fault Monitor state machine.
    448           *
    449           *              >>> DO NOT MODIFY THIS FUNCTION <<<
    450           *
    451           * This function was auto-generated and must not be edited manually.
    452           * Change the UML used to generate this function and regenerate the source code.
    453           */

   \                                 In section .text, align 2, keep-with-next
    454          static void EventNoFailurePresent(void)
    455          {
    456              switch (Triac_Shorted_Drain_Motor_Fault_Monitor_State)
   \                     EventNoFailurePresent: (+1)
   \   00000000   0x....             LDR      R0,??DataTable13_1
   \   00000002   0x7801             LDRB     R1,[R0, #+0]
   \   00000004   0x2903             CMP      R1,#+3
   \   00000006   0xD000             BEQ      ??EventNoFailurePresent_0
   \   00000008   0x4770             BX       LR
    457              {
    458                  case STATE_TRIAC_SHORTED_DRAIN_MOTOR_FAULT_MONITOR_FAILURE_DETECTED:
    459                      Triac_Shorted_Drain_Motor_Fault_Monitor_State = STATE_TRIAC_SHORTED_DRAIN_MOTOR_FAULT_MONITOR_NO_FAILURE;
   \                     ??EventNoFailurePresent_0: (+1)
   \   0000000A   0xB580             PUSH     {R7,LR}
   \   0000000C   0x2102             MOVS     R1,#+2
   \   0000000E   0x7001             STRB     R1,[R0, #+0]
    460                      ResetFailureDetection();                // Entry Function.
   \   00000010   0x.... 0x....      BL       ResetFailureDetection
    461                      break;
    462          
    463                  default:
    464                      // Event is ignored for all other values of Triac_Shorted_Drain_Motor_Fault_Monitor_State.
    465                      break;
    466              }
    467          }
   \   00000014   0xBD01             POP      {R0,PC}          ;; return
    468          
    469          
    470          //---------------------------------------------------------------------------------------------------------------------
    471          /**
    472           * Process the Setting Data Missing Event for the Triac Shorted Drain Motor Fault Monitor state machine.
    473           *
    474           *              >>> DO NOT MODIFY THIS FUNCTION <<<
    475           *
    476           * This function was auto-generated and must not be edited manually.
    477           * Change the UML used to generate this function and regenerate the source code.
    478           */

   \                                 In section .text, align 2, keep-with-next
    479          static void EventSettingDataMissing(void)
    480          {
    481              switch (Triac_Shorted_Drain_Motor_Fault_Monitor_State)
   \                     EventSettingDataMissing: (+1)
   \   00000000   0x....             LDR      R0,??DataTable13_1
   \   00000002   0x7801             LDRB     R1,[R0, #+0]
   \   00000004   0x2901             CMP      R1,#+1
   \   00000006   0xD101             BNE      ??EventSettingDataMissing_0
    482              {
    483                  case STATE_TRIAC_SHORTED_DRAIN_MOTOR_FAULT_MONITOR_INITIALIZE:
    484                      Triac_Shorted_Drain_Motor_Fault_Monitor_State = STATE_TRIAC_SHORTED_DRAIN_MOTOR_FAULT_MONITOR_NONE; // Terminate Triac Shorted Drain Motor Fault Monitor state machine execution.
   \   00000008   0x2100             MOVS     R1,#+0
   \   0000000A   0x7001             STRB     R1,[R0, #+0]
    485                      break;
    486          
    487                  default:
    488                      // Event is ignored for all other values of Triac_Shorted_Drain_Motor_Fault_Monitor_State.
    489                      break;
    490              }
    491          }
   \                     ??EventSettingDataMissing_0: (+1)
   \   0000000C   0x4770             BX       LR               ;; return
    492          
    493          
    494          //---------------------------------------------------------------------------------------------------------------------
    495          /**
    496           * Process the Start Monitor Event for the Triac Shorted Drain Motor Fault Monitor state machine.
    497           *
    498           *              >>> DO NOT MODIFY THIS FUNCTION <<<
    499           *
    500           * This function was auto-generated and must not be edited manually.
    501           * Change the UML used to generate this function and regenerate the source code.
    502           */

   \                                 In section .text, align 2, keep-with-next
    503          static void EventStartMonitor(void)
    504          {
    505              switch (Triac_Shorted_Drain_Motor_Fault_Monitor_State)
   \                     EventStartMonitor: (+1)
   \   00000000   0x....             LDR      R0,??DataTable13_1
   \   00000002   0x7801             LDRB     R1,[R0, #+0]
   \   00000004   0x2901             CMP      R1,#+1
   \   00000006   0xD000             BEQ      ??EventStartMonitor_0
   \   00000008   0x4770             BX       LR
    506              {
    507                  case STATE_TRIAC_SHORTED_DRAIN_MOTOR_FAULT_MONITOR_INITIALIZE:
    508                      Triac_Shorted_Drain_Motor_Fault_Monitor_State = STATE_TRIAC_SHORTED_DRAIN_MOTOR_FAULT_MONITOR_NO_FAILURE;
   \                     ??EventStartMonitor_0: (+1)
   \   0000000A   0xB580             PUSH     {R7,LR}
   \   0000000C   0x2102             MOVS     R1,#+2
   \   0000000E   0x7001             STRB     R1,[R0, #+0]
    509                      ResetFailureDetection();                // Entry Function.
   \   00000010   0x.... 0x....      BL       ResetFailureDetection
    510                      break;
    511          
    512                  default:
    513                      // Event is ignored for all other values of Triac_Shorted_Drain_Motor_Fault_Monitor_State.
    514                      break;
    515              }
    516          }
   \   00000014   0xBD01             POP      {R0,PC}          ;; return
    517          
    518          
    519          //---------------------------------------------------------------------------------------------------------------------
    520          /**
    521           * Process the Triac Shorted Drain Fault Reset Event for the Triac Shorted Drain Motor Fault Monitor state machine.
    522           *
    523           *              >>> DO NOT MODIFY THIS FUNCTION <<<
    524           *
    525           * This function was auto-generated and must not be edited manually.
    526           * Change the UML used to generate this function and regenerate the source code.
    527           */

   \                                 In section .text, align 2, keep-with-next
    528          static void EventTriacShortedDrainFaultReset(void)
    529          {
   \                     EventTriacShortedDrainFaultReset: (+1)
   \   00000000   0xB510             PUSH     {R4,LR}
    530              switch (Triac_Shorted_Drain_Motor_Fault_Monitor_State)
   \   00000002   0x....             LDR      R4,??DataTable13_1
   \   00000004   0x7820             LDRB     R0,[R4, #+0]
   \   00000006   0x2804             CMP      R0,#+4
   \   00000008   0xD105             BNE      ??EventTriacShortedDrainFaultReset_0
    531              {
    532                  case STATE_TRIAC_SHORTED_DRAIN_MOTOR_FAULT_MONITOR_FAULT:
    533                      SetStabilizationTime();                 // Exit function.
   \   0000000A   0x.... 0x....      BL       SetStabilizationTime
    534                      Triac_Shorted_Drain_Motor_Fault_Monitor_State = STATE_TRIAC_SHORTED_DRAIN_MOTOR_FAULT_MONITOR_NO_FAILURE;
   \   0000000E   0x2002             MOVS     R0,#+2
   \   00000010   0x7020             STRB     R0,[R4, #+0]
    535                      ResetFailureDetection();                // Entry Function.
   \   00000012   0x.... 0x....      BL       ResetFailureDetection
    536                      break;
    537          
    538                  default:
    539                      // Event is ignored for all other values of Triac_Shorted_Drain_Motor_Fault_Monitor_State.
    540                      break;
    541              }
    542          }
   \                     ??EventTriacShortedDrainFaultReset_0: (+1)
   \   00000016   0xBD10             POP      {R4,PC}          ;; return
    543          
    544          
    545          //---------------------------------------------------------------------------------------------------------------------
    546          /**
    547           * The main execution function for the Triac Shorted Drain Motor Fault Monitor state machine.
    548           * This function should be called periodically while the state machine is running.
    549           *
    550           *              >>> DO NOT MODIFY THIS FUNCTION <<<
    551           *
    552           * This function was auto-generated and must not be edited manually.
    553           * Change the UML used to generate this function and regenerate the source code.
    554           */

   \                                 In section .text, align 2, keep-with-next
    555          static void TriacShortedDrainMotorFaultMonitorExecute(void)
    556          {
   \                     TriacShortedDrainMotorFaultMonitorExecute: (+1)
   \   00000000   0xB580             PUSH     {R7,LR}
    557              switch(Triac_Shorted_Drain_Motor_Fault_Monitor_State)
   \   00000002   0x....             LDR      R0,??DataTable13_1
   \   00000004   0x7800             LDRB     R0,[R0, #+0]
   \   00000006   0x2802             CMP      R0,#+2
   \   00000008   0xD004             BEQ      ??TriacShortedDrainMotorFaultMonitorExecute_0
   \   0000000A   0xD30B             BCC      ??TriacShortedDrainMotorFaultMonitorExecute_1
   \   0000000C   0x2804             CMP      R0,#+4
   \   0000000E   0xD007             BEQ      ??TriacShortedDrainMotorFaultMonitorExecute_2
   \   00000010   0xD303             BCC      ??TriacShortedDrainMotorFaultMonitorExecute_3
   \   00000012   0xBD01             POP      {R0,PC}
    558              {
    559                  case STATE_TRIAC_SHORTED_DRAIN_MOTOR_FAULT_MONITOR_NO_FAILURE:
    560                      CheckForFailure();                      // Do function.
   \                     ??TriacShortedDrainMotorFaultMonitorExecute_0: (+1)
   \   00000014   0x.... 0x....      BL       CheckForFailure
    561                      break;
   \   00000018   0xBD01             POP      {R0,PC}
    562          
    563                  case STATE_TRIAC_SHORTED_DRAIN_MOTOR_FAULT_MONITOR_FAILURE_DETECTED:
    564                      CheckFailureRemoval();                  // Do function.
   \                     ??TriacShortedDrainMotorFaultMonitorExecute_3: (+1)
   \   0000001A   0x.... 0x....      BL       CheckFailureRemoval
    565                      break;
   \   0000001E   0xBD01             POP      {R0,PC}
    566          
    567                  case STATE_TRIAC_SHORTED_DRAIN_MOTOR_FAULT_MONITOR_FAULT:
    568                      MonitorFaultState();                    // Do function.
   \                     ??TriacShortedDrainMotorFaultMonitorExecute_2: (+1)
   \   00000020   0x.... 0x....      BL       MonitorFaultState
    569                      break;
    570          
    571                  default:
    572                      // There is nothing to do for all other values of Triac_Shorted_Drain_Motor_Fault_Monitor_State.
    573                      break;
    574              }
    575          }
   \                     ??TriacShortedDrainMotorFaultMonitorExecute_1: (+1)
   \   00000024   0xBD01             POP      {R0,PC}          ;; return
    576          
    577          
    578          //---------------------------------------------------------------------------------------------------------------------
    579          /**
    580           * The initialization function for the Triac Shorted Drain Motor Fault Monitor state machine.
    581           * This function resets the state machine to the initial state and executes the initial state's
    582           * entry function.
    583           *
    584           *              >>> DO NOT MODIFY THIS FUNCTION <<<
    585           *
    586           * This function was auto-generated and must not be edited manually.
    587           * Change the UML used to generate this function and regenerate the source code.
    588           */

   \                                 In section .text, align 2, keep-with-next
    589          static void TriacShortedDrainMotorFaultMonitorInitialize(void)
    590          {
   \                     TriacShortedDrainMotorFaultMonitorInitialize: (+1)
   \   00000000   0xB580             PUSH     {R7,LR}
    591              Triac_Shorted_Drain_Motor_Fault_Monitor_State = STATE_TRIAC_SHORTED_DRAIN_MOTOR_FAULT_MONITOR_INITIALIZE;
   \   00000002   0x2001             MOVS     R0,#+1
   \   00000004   0x....             LDR      R1,??DataTable13_1
   \   00000006   0x7008             STRB     R0,[R1, #+0]
    592              InitializeModule();                             // Entry Function.
   \   00000008   0x.... 0x....      BL       InitializeModule
    593          }
   \   0000000C   0xBD01             POP      {R0,PC}          ;; return

   \                                 In section .text, align 4, keep-with-next
   \                     ??DataTable13:
   \   00000000   0x........         DC32     Drain_Triac_Fault_Stabilization_Counter

   \                                 In section .text, align 4, keep-with-next
   \                     ??DataTable13_1:
   \   00000000   0x........         DC32     Triac_Shorted_Drain_Motor_Fault_Monitor_State
    594          
    595          
    596          // !! StateEngineCrank cannot update this code if you change the footer !!
    597          // End of StateEngineCrank Auto-Generated Code.

   Maximum stack usage in bytes:

   .cstack Function
   ------- --------
       8   CheckFailureRemoval
         8   -> EventDebounceCompleted
         8   -> EventNoFailurePresent
         8   -> Fault__IsInFaultState
         8   -> Fault__IsObserverActive
       8   CheckForFailure
         8   -> EventFailureDetected
       0   EventDebounceCompleted
       8   EventFailureDetected
         8   -> SetFailureDetection
       8   EventNoFailurePresent
         8   -> ResetFailureDetection
       0   EventSettingDataMissing
       8   EventStartMonitor
         8   -> ResetFailureDetection
       8   EventTriacShortedDrainFaultReset
         8   -> ResetFailureDetection
         8   -> SetStabilizationTime
      16   InitializeModule
        16   -> EventSettingDataMissing
        16   -> EventStartMonitor
        16   -> Fault__GetSpecificData
        16   -> Hbl__GetGIIndexByGIID
        16   -> Hbl__GetLoadIndexByLoadID
        16   -> Log__AddMessage
       8   MonitorFaultState
         8   -> EventTriacShortedDrainFaultReset
         8   -> Fault__IsInFaultState
       8   ResetFailureDetection
         8   -> Fault__ConditionRemoved
       8   SetFailureDetection
         8   -> Fault__ConditionDetected
       0   SetStabilizationTime
       8   TriacShortedDrainFaultMonitor__CycleStarted
         8   -> EventTriacShortedDrainFaultReset
       8   TriacShortedDrainFaultMonitor__Execution
         8   -> Hbl__GetGIDataConvertedByIndex
         8   -> Hbl__GetLoadIndexByLoadID
         8   -> Hbl__GetLoadStatusByLoadID
         8   -> Hbl__GetProcessedLoad
         8   -> TriacShortedDrainMotorFaultMonitorExecute
         8   -> Vwi__GetWaterStatus
       8   TriacShortedDrainFaultMonitor__Initialize
         8   -> Micro__GetResetMode
         8   -> TriacShortedDrainMotorFaultMonitorInitialize
       8   TriacShortedDrainMotorFaultMonitorExecute
         8   -> CheckFailureRemoval
         8   -> CheckForFailure
         8   -> MonitorFaultState
       8   TriacShortedDrainMotorFaultMonitorInitialize
         8   -> InitializeModule


   Section sizes:

   Bytes  Function/Label
   -----  --------------
       4  ??DataTable13
       4  ??DataTable13_1
      56  CheckFailureRemoval
      40  CheckForFailure
      18  Drain_Triac_Fault_Stabilization_Counter
          Drain_Current_GI_Index
          Pilot_State
          Drain_State
          Drain_Previous_State
          Vent_State
          Vent_Previous_State
          VWI_No_Water_State
          VWI_No_Water_Previous_State
          Drain_Fault_Params
          Measured_Drain_Triac_Current
      14  EventDebounceCompleted
      22  EventFailureDetected
      22  EventNoFailurePresent
      14  EventSettingDataMissing
      22  EventStartMonitor
      24  EventTriacShortedDrainFaultReset
     134  InitializeModule
      18  MonitorFaultState
      10  ResetFailureDetection
      10  SetFailureDetection
       8  SetStabilizationTime
       8  TriacShortedDrainFaultMonitor__CycleStarted
     202  TriacShortedDrainFaultMonitor__Execution
      34  TriacShortedDrainFaultMonitor__Initialize
      38  TriacShortedDrainMotorFaultMonitorExecute
      14  TriacShortedDrainMotorFaultMonitorInitialize
       1  Triac_Shorted_Drain_Motor_Fault_Monitor_State

 
  19 bytes in section .bss
 698 bytes in section .text
 
 698 bytes of CODE memory
  19 bytes of DATA memory

Errors: none
Warnings: none
