###############################################################################
#
# IAR ANSI C/C++ Compiler V7.70.1.11437/W32 for ARM       28/Feb/2025  14:17:56
# Copyright 1999-2016 IAR Systems AB.
#
#    Cpu mode     =  thumb
#    Endian       =  little
#    Source file  =  
#        source/Category/Application/acu/Monitors/VSDrainMotorFaultMonitor/VSDrainMotorFaultMonitor.c
#    Command line =  
#        --cpu Cortex-M0+ -Om --debug -e --only_stdout --silent -D
#        ENABLE_JUMP_TO_APPLICATION_WITHOUT_IAP_FIRMWARE --no_wrap_diagnostics
#        -f config\tmp\include_path.lnt
#        (-I../Nucleus-Tools-SDK/embOS/arm/v4.26/source\
#        -I../Nucleus-Tools-SDK/iar/arm/v7.70/cx/inc\
#        -Isource/Category/Application/acu/CycleResume\
#        -Isource/Category/Application/acu/Monitors/AutostartFactoryCycleMonitor\
#        -Isource/Category/Application/acu/Monitors/CartridgeDetectionMonitor\
#        -Isource/Category/Application/acu/Monitors/DCLoadCurrentMonitor\
#        -Isource/Category/Application/acu/Monitors/DiverterFaultMonitor\
#        -Isource/Category/Application/acu/Monitors/DiverterLeakFaultMonitor\
#        -Isource/Category/Application/acu/Monitors/DoorMonitor\
#        -Isource/Category/Application/acu/Monitors/DoorOpeningSystemMonitor\
#        -Isource/Category/Application/acu/Monitors/FanMotorFaultMonitor\
#        -Isource/Category/Application/acu/Monitors/FaultStatusMonitor\
#        -Isource/Category/Application/acu/Monitors/FillValveStuckOn\
#        -Isource/Category/Application/acu/Monitors/FlowMeterFaultMonitor\
#        -Isource/Category/Application/acu/Monitors/HeatMonitor\
#        -Isource/Category/Application/acu/Monitors/HotHighPotMonitor\
#        -Isource/Category/Application/acu/Monitors/LITTFaultMonitor\
#        -Isource/Category/Application/acu/Monitors/LITTMonitor\
#        -Isource/Category/Application/acu/Monitors/McuGetDataMonitor\
#        -Isource/Category/Application/acu/Monitors/ModelMonitors/AirlockDetectionMonitor\
#        -Isource/Category/Application/acu/Monitors/ModelMonitors/AirlockDetectionMonitor/CodeGeneration\
#        -Isource/Category/Application/acu/Monitors/ModelMonitors/HeaterCalcificationDetectionModel\
#        -Isource/Category/Application/acu/Monitors/ModelMonitors/HeaterCalcificationDetectionModel/CodeGeneration\
#        -Isource/Category/Application/acu/Monitors/ModelMonitors/OWIVoltageRegulatedOutputModel\
#        -Isource/Category/Application/acu/Monitors/ModelMonitors/OWIVoltageRegulatedOutputModel/CodeGeneration\
#        -Isource/Category/Application/acu/Monitors/ModelMonitors/PluggingDetectionMonitor\
#        -Isource/Category/Application/acu/Monitors/ModelMonitors/PluggingDetectionMonitor/CodeGeneration\
#        -Isource/Category/Application/acu/Monitors/MoisturePreventionMonitor\
#        -Isource/Category/Application/acu/Monitors/OverfillMonitor\
#        -Isource/Category/Application/acu/Monitors/OWIMonitor\
#        -Isource/Category/Application/acu/Monitors/PilotRelayFaultMonitor\
#        -Isource/Category/Application/acu/Monitors/PilotRelayFaultMonitor/PilotRelayStuckClosedMonitor\
#        -Isource/Category/Application/acu/Monitors/PilotRelayFaultMonitor/PilotRelayStuckOpenMonitor\
#        -Isource/Category/Application/acu/Monitors/PORTimeMonitor\
#        -Isource/Category/Application/acu/Monitors/PumpFlushRequestMonitor\
#        -Isource/Category/Application/acu/Monitors/RinseAidMonitor\
#        -Isource/Category/Application/acu/Monitors/SaltSensingMonitor\
#        -Isource/Category/Application/acu/Monitors/StabilityControlLoopMonitor\
#        -Isource/Category/Application/acu/Monitors/StandbyManager\
#        -Isource/Category/Application/acu/Monitors/SupervisorExtMonitor\
#        -Isource/Category/Application/acu/Monitors/ThermistorFaultMonitor\
#        -Isource/Category/Application/acu/Monitors/ThermistorFaultMonitor/ThermistorOpenMonitor\
#        -Isource/Category/Application/acu/Monitors/ThermistorFaultMonitor/ThermistorShortedMonitor\
#        -Isource/Category/Application/acu/Monitors/TriacCurrentMonitor\
#        -Isource/Category/Application/acu/Monitors/TriacShortedDrainFaultMonitor\
#        -Isource/Category/Application/acu/Monitors/TriacVoltageMonitor\
#        -Isource/Category/Application/acu/Monitors/VoltageRangeMonitor\
#        -Isource/Category/Application/acu/Monitors/VSDrainMotorFaultMonitor\
#        -Isource/Category/Application/acu/Monitors/VwiMonitor\
#        -Isource/Category/Application/acu/Monitors/VwiZoneCompensationMonitor\
#        -Isource/Category/Application/acu/Monitors/WashHeaterFaultMonitor\
#        -Isource/Category/Application/acu/Monitors/WashHeaterFaultMonitor/HeaterLeakageToNeutralMonitor\
#        -Isource/Category/Application/acu/Monitors/WashHeaterFaultMonitor/HeaterLineRelayOpenMonitor\
#        -Isource/Category/Application/acu/Monitors/WashHeaterFaultMonitor/HeaterNeutralRelayOpenMonitor\
#        -Isource/Category/Application/acu/Monitors/WashHeaterFaultMonitor/HeaterOpenAndLineRelayClosedMonitor\
#        -Isource/Category/Application/acu/Monitors/WashHeaterFaultMonitor/HeaterOpenMonitor\
#        -Isource/Category/Application/acu/Monitors/WashMotorFaultMonitor\
#        -Isource/Category/Application/acu/Monitors/ZeroCrossMonitor\
#        -Isource/Category/Application/acu/Processes/AlternateCtrl\
#        -Isource/Category/Application/acu/Processes/Fill\
#        -Isource/Category/Application/acu/Processes/Fill/ClassAFill\
#        -Isource/Category/Application/acu/Processes/Fill/Fill\
#        -Isource/Category/Application/acu/Processes/Fill/TankDrain\
#        -Isource/Category/Application/acu/Processes/Fill/TankFill\
#        -Isource/Category/Application/acu/Processes/Heat\
#        -Isource/Category/Application/acu/Processes/ModelProcesses/OWICalibrationModel\
#        -Isource/Category/Application/acu/Processes/ModelProcesses/OWICalibrationModel/CodeGeneration\
#        -Isource/Category/Application/acu/Processes/ModelProcesses/PartialDrainModel\
#        -Isource/Category/Application/acu/Processes/ModelProcesses/PartialDrainModel/CodeGeneration\
#        -Isource/Category/Application/acu/Processes/ModelProcesses/SensedDrainModel\
#        -Isource/Category/Application/acu/Processes/ModelProcesses/SensedDrainModel/CodeGeneration\
#        -Isource/Category/Application/acu/Processes/OWI\
#        -Isource/Category/Application/acu/Processes/OWI_VRO\
#        -Isource/Category/Application/acu/Processes/OWIOneShot\
#        -Isource/Category/Application/acu/Processes/PumpControl\
#        -Isource/Category/Application/acu/Processes/Regenerate\
#        -Isource/Category/Application/acu/Processes/RinseAidDispense\
#        -Isource/Category/Application/acu/Processes/RinseAidDispense/RinseAid\
#        -Isource/Category/Application/acu/Processes/RinseAidDispense/TridgeDetergent\
#        -Isource/Category/Application/acu/Tasks/DoorOpeningSystemPull\
#        -Isource/Category/Application/acu/Tasks/DoorOpeningSystemPush\
#        -Isource/Category/Application/acu/Tasks/HeaterShadowing\
#        -Isource/Category/Application/acu/Tasks/MoisturePrevention\
#        -Isource/Category/Application/acu/Tasks/OWIContinousReading\
#        -Isource/Category/Application/acu/Tasks/OwiVroContinuousReading\
#        -Isource/Category/Application/acu/Tasks/Sanitization\
#        -Isource/Category/Application/acu/Tasks/StabilityControl\
#        -Isource/Category/Application/acu/Tasks/TimeElapse\
#        -Isource/Category/Application/acu/VWI\
#        -Isource/Category/Application/all/ActivePower\
#        -Isource/Category/Application/all/API007App\
#        -Isource/Category/Application/all/Config\
#        -Isource/Category/Common/acu/CommonDish/DishAuxVar\
#        -Isource/Category/Common/acu/CommonDish/PumpCommand\
#        -Isource/Category/Common/acu/CommonDish/StatisticsDish\
#        -Isource/Category/Common/all/BoardDebugging\
#        -Isource/Category/Common/all/Config\
#        -Isource/Category/Common/all/MasterCommander\
#        -Isource/Category/Common/all/MasterCommander/Source\
#        -Isource/Category/Common/all/MasterCommander/Source/HAL\
#        -Isource/Category/Common/all/SharedUtils\
#        -Isource/Category/Hbl/acu/ACULoadHandler/AlternateLoad\
#        -Isource/Category/Hbl/acuexpacu/ACUGIHandler/WaterCounterGI\
#        -Isource/Category/Hbl/acuexpacu/ACULoadHandler/HeaterLoad\
#        -Isource/Category/Hbl/acuexpacu/ACULoadHandler/TriacMci\
#        -Isource/Category/Hbl/all/Config\ -Isource/Category/Hbl/all/Mci\
#        -Isource/Category/Hbl/all/Mci/MciZeroCross\
#        -Isource/Category/Hbl/all/Mci/Slfac\
#        -Isource/Category/Hbl/all/Mci/Slfac/Macroblocks\
#        -Isource/Category/Hbl/all/Mci/Slfac/Microblocks/GlitchFilter\
#        -Isource/Category/Hbl/all/Mci/Slfac/Microblocks/IIRFilter\
#        -Isource/Category/Hbl/all/Mci/Slfac/Microblocks/MathCalc\
#        -Isource/Category/Hbl/all/Mci/Slfac/Microblocks/PeakDetector\
#        -Isource/Category/Hbl/all/Mci/Slfac/Microblocks/Pi\
#        -Isource/Category/Hbl/all/MCUDrivers/TimeCapture\
#        -Isource/Category/Hbl/all/MCUDrivers/TimerInterruptExt\
#        -Isource/Micros/STM32G0x/Driver/Atod\
#        -Isource/Micros/STM32G0x/Driver/DataFlash\
#        -Isource/Micros/STM32G0x/Driver/Dma\
#        -Isource/Micros/STM32G0x/Driver/Dtoa\
#        -Isource/Micros/STM32G0x/Driver/ExtInterrupt\
#        -Isource/Micros/STM32G0x/Driver/Flash\
#        -Isource/Micros/STM32G0x/Driver/Gpio\
#        -Isource/Micros/STM32G0x/Driver/I2c\
#        -Isource/Micros/STM32G0x/Driver/IntMgr\
#        -Isource/Micros/STM32G0x/Driver/Micro\
#        -Isource/Micros/STM32G0x/Driver/MicroExt\
#        -Isource/Micros/STM32G0x/Driver/Rtc\
#        -Isource/Micros/STM32G0x/Driver/RTCDriver\
#        -Isource/Micros/STM32G0x/Driver/Spi\
#        -Isource/Micros/STM32G0x/Driver/Timeout\
#        -Isource/Micros/STM32G0x/Driver/Timer\
#        -Isource/Micros/STM32G0x/Driver/TimerInterrupt\
#        -Isource/Micros/STM32G0x/Driver/Uart\
#        -Isource/ProjectSpecific/Application/acu/Config\
#        -Isource/ProjectSpecific/Application/acu/LowPower\
#        -Isource/ProjectSpecific/Application/acuexpacu/Config\
#        -Isource/ProjectSpecific/Application/all/Config\
#        -Isource/ProjectSpecific/Application/all/MCUDebug\
#        -Isource/ProjectSpecific/Application/all/ProductInfo\
#        -Isource/ProjectSpecific/Common/acu/Config\
#        -Isource/ProjectSpecific/Common/all/Config\
#        -Isource/ProjectSpecific/Common/all/Debug\
#        -Isource/ProjectSpecific/Common/all/SRConfig\
#        -Isource/ProjectSpecific/Driver/STM32G0x\
#        -Isource/ProjectSpecific/Hbl/acuexpacu/Config\
#        -Isource/ProjectSpecific/Hbl/acuexpacu/SRConfig\
#        -Isource/ProjectSpecific/Hbl/all/Config\
#        -Isource/ProjectSpecific/Hbl/all/Config/Mci\
#        -Isource/ProjectSpecific/Hbl/all/Config/Mci/MasterCommander\
#        -Isource/ProjectSpecific/Hbl/all/Config/Mci/MCUDrivers\
#        -Isource/ProjectSpecific/Hbl/all/SRConfig\
#        -Isource/XCategory/Application/acu/API221MotionCtrl\
#        -Isource/XCategory/Application/acu/Calibration\
#        -Isource/XCategory/Application/acu/Condition\
#        -Isource/XCategory/Application/acu/Estimator\
#        -Isource/XCategory/Application/acu/Interpreter\
#        -Isource/XCategory/Application/acu/Processes/ActivateTask\
#        -Isource/XCategory/Application/acu/Processes/JumpIf\
#        -Isource/XCategory/Application/acu/Processes/LoadsControl\
#        -Isource/XCategory/Application/acu/Processes/Maintain\
#        -Isource/XCategory/Application/acu/Processes/SetVariable\
#        -Isource/XCategory/Application/acu/RegulationAccept\
#        -Isource/XCategory/Application/acu/Selector\
#        -Isource/XCategory/Application/acu/SubCycle\
#        -Isource/XCategory/Application/acu/Supervisor\
#        -Isource/XCategory/Application/acu/TestMgr\
#        -Isource/XCategory/Application/acuexpacu/ApplianceMgr\
#        -Isource/XCategory/Application/acuhmi/CommunicationMonitor\
#        -Isource/XCategory/Application/acuhmi/Modifier\
#        -Isource/XCategory/Application/acuhmi/Regulations\
#        -Isource/XCategory/Application/acuhmi/Status\
#        -Isource/XCategory/Application/all/API007Data\
#        -Isource/XCategory/Application/all/API011AppCtr\
#        -Isource/XCategory/Application/all/API012Exp\
#        -Isource/XCategory/Application/all/API013RemoteFunction\
#        -Isource/XCategory/Application/all/API018Diagnostic\
#        -Isource/XCategory/Application/all/API220MotorControl\
#        -Isource/XCategory/Application/all/API220MotorControl/Api\
#        -Isource/XCategory/Application/all/Mode\
#        -Isource/XCategory/Application/all/Reveal_Basic/API003Disc\
#        -Isource/XCategory/Application/all/Reveal_Basic/API004Debug\
#        -Isource/XCategory/Application/all/Reveal_Basic/API004Debug/SW05SoftwareTest\
#        -Isource/XCategory/Application/all/Reveal_Basic/API005LowLevel\
#        -Isource/XCategory/Application/all/Reveal_Basic/API009System\
#        -Isource/XCategory/Application/all/Reveal_Basic/API010PollVar\
#        -Isource/XCategory/Application/all/Reveal_Basic/API019ProductInfo\
#        -Isource/XCategory/Application/all/SFUpdater\
#        -Isource/XCategory/Application/all/SRAPI020Safety\
#        -Isource/XCategory/Application/all/StatusLed\
#        -Isource/XCategory/Common/acu/BrownOut\
#        -Isource/XCategory/Common/acu/Fault\
#        -Isource/XCategory/Common/acu/Statistics\
#        -Isource/XCategory/Common/all/Common/Callback\
#        -Isource/XCategory/Common/all/Common/Convert\
#        -Isource/XCategory/Common/all/Common/Crc16\
#        -Isource/XCategory/Common/all/Common/Crc32\
#        -Isource/XCategory/Common/all/Common/Crc8\
#        -Isource/XCategory/Common/all/Common/Equation\
#        -Isource/XCategory/Common/all/Common/Filter\
#        -Isource/XCategory/Common/all/Common/FITMgr\
#        -Isource/XCategory/Common/all/Common/I2cMgr\
#        -Isource/XCategory/Common/all/Common/IAPEmul\
#        -Isource/XCategory/Common/all/Common/Log\
#        -Isource/XCategory/Common/all/Common/Millis\
#        -Isource/XCategory/Common/all/Common/SeggerRTT\
#        -Isource/XCategory/Common/all/Common/SeggerRTT/SEGGER_RTT/Config\
#        -Isource/XCategory/Common/all/Common/SeggerRTT/SEGGER_RTT/RTT\
#        -Isource/XCategory/Common/all/Common/SettingFile\
#        -Isource/XCategory/Common/all/Common/SFVersionCheck\
#        -Isource/XCategory/Common/all/Common/SystemConfig\
#        -Isource/XCategory/Common/all/Common/SystemTimers\
#        -Isource/XCategory/Common/all/Common/Utilities\
#        -Isource/XCategory/Common/all/Common/Variable\
#        -Isource/XCategory/Common/all/SRCommon/SRClockMonitor\
#        -Isource/XCategory/Common/all/SRCommon/SRData\
#        -Isource/XCategory/Common/all/SRCommon/SRException\
#        -Isource/XCategory/Common/all/SRCommon/SRIsrMonitor\
#        -Isource/XCategory/Common/all/SRCommon/SRPowerMgr\
#        -Isource/XCategory/Common/all/SRCommon/SRSignature\
#        -Isource/XCategory/Common/all/SRCommon/SRSystemConfig\
#        -Isource/XCategory/Common/all/SRCommon/SRTaskMonitor\
#        -Isource/XCategory/Common/all/SRCommon/SRTaskSequence\
#        -Isource/XCategory/Common/all/SRCommon/SRTimerReference\
#        -Isource/XCategory/Common/all/SRCommon/SRUnusedPinsConfig\
#        -Isource/XCategory/Common/all/SRMain\
#        -Isource/XCategory/Common/all/SRMain/BackgroundThreads\
#        -Isource/XCategory/Common/all/SRMain/OsServices\
#        -Isource/XCategory/Common/all/SRMain/StackAnalysis\
#        -Isource/XCategory/Common/all/SRMain/TimingAnalysis\
#        -Isource/XCategory/Driver/APIs/Atod\
#        -Isource/XCategory/Driver/APIs/Comparator\
#        -Isource/XCategory/Driver/APIs/DataFlash\
#        -Isource/XCategory/Driver/APIs/Dma\
#        -Isource/XCategory/Driver/APIs/Dtc\
#        -Isource/XCategory/Driver/APIs/Dtoa\
#        -Isource/XCategory/Driver/APIs/EmbOS\
#        -Isource/XCategory/Driver/APIs/ExtInterrupt\
#        -Isource/XCategory/Driver/APIs/Flash\
#        -Isource/XCategory/Driver/APIs/Gpio\
#        -Isource/XCategory/Driver/APIs/I2c\
#        -Isource/XCategory/Driver/APIs/IntMgr\
#        -Isource/XCategory/Driver/APIs/Micro\
#        -Isource/XCategory/Driver/APIs/MicroExt\
#        -Isource/XCategory/Driver/APIs/Rtc\
#        -Isource/XCategory/Driver/APIs/RTCDriver\
#        -Isource/XCategory/Driver/APIs/Spi\
#        -Isource/XCategory/Driver/APIs/Timeout\
#        -Isource/XCategory/Driver/APIs/Timer\
#        -Isource/XCategory/Driver/APIs/TimerInterrupt\
#        -Isource/XCategory/Driver/APIs/Touch\
#        -Isource/XCategory/Driver/APIs/Uart\
#        -Isource/XCategory/Hbl/acu/FdmCounter\
#        -Isource/XCategory/Hbl/acu/FdmTimer\
#        -Isource/XCategory/Hbl/acuexpacu/ACUGIHandler/ConvertGI\
#        -Isource/XCategory/Hbl/acuexpacu/ACUGIHandler/DirectGI\
#        -Isource/XCategory/Hbl/acuexpacu/ACUGIHandler/DoorSwitchGI\
#        -Isource/XCategory/Hbl/acuexpacu/ACUGIHandler/ProbeGI\
#        -Isource/XCategory/Hbl/acuexpacu/ACUGIHandler/ProbeLpsGI\
#        -Isource/XCategory/Hbl/acuexpacu/ACULoadHandler/DCFanLoad\
#        -Isource/XCategory/Hbl/acuexpacu/ACUPilotHandler/AnalogOutputPilot\
#        -Isource/XCategory/Hbl/acuexpacu/ACUPilotHandler/ChargePumpPilot\
#        -Isource/XCategory/Hbl/acuexpacu/ACUPilotHandler/DigitalOutputMultiPilot\
#        -Isource/XCategory/Hbl/acuexpacu/ACUPilotHandler/DigitalOutputPilot\
#        -Isource/XCategory/Hbl/acuexpacu/ACUPilotHandler/DoorLockEMPilot\
#        -Isource/XCategory/Hbl/acuexpacu/ACUPilotHandler/DoorLockWaxPilot\
#        -Isource/XCategory/Hbl/acuexpacu/ACUPilotHandler/ExpansionPilot\
#        -Isource/XCategory/Hbl/acuexpacu/ACUPilotHandler/ExternalMotorPilot\
#        -Isource/XCategory/Hbl/acuexpacu/ACUPilotHandler/FSMPilot\
#        -Isource/XCategory/Hbl/acuexpacu/ACUPilotHandler/MagnetronPilot\
#        -Isource/XCategory/Hbl/acuexpacu/ACUPilotHandler/MotorPilot\
#        -Isource/XCategory/Hbl/acuexpacu/ACUPilotHandler/MultiDriverPilot\
#        -Isource/XCategory/Hbl/acuexpacu/ACUPilotHandler/MultiSequencePilot\
#        -Isource/XCategory/Hbl/acuexpacu/ACUPilotHandler/NonfunctionalPilot\
#        -Isource/XCategory/Hbl/acuexpacu/ACUPilotHandler/PwmHiResPilot\
#        -Isource/XCategory/Hbl/acuexpacu/ACUPilotHandler/PwmPilot\
#        -Isource/XCategory/Hbl/acuexpacu/ACUPilotHandler/SRChargePumpPilot\
#        -Isource/XCategory/Hbl/acuexpacu/ACUPilotHandler/SRDigitalOutputMultiPilot\
#        -Isource/XCategory/Hbl/acuexpacu/ACUPilotHandler/SRDigitalOutputPilot\
#        -Isource/XCategory/Hbl/acuexpacu/ACUPilotHandler/SRDoorLockEMPilot\
#        -Isource/XCategory/Hbl/acuexpacu/ACUPilotHandler/SRDoorLockWaxPilot\
#        -Isource/XCategory/Hbl/acuexpacu/ACUPilotHandler/SRUMRelayPilot\
#        -Isource/XCategory/Hbl/acuexpacu/ACUPilotHandler/SteadyPwmProfilePilot\
#        -Isource/XCategory/Hbl/acuexpacu/ACUPilotHandler/StepperPilot\
#        -Isource/XCategory/Hbl/acuexpacu/ACUPilotHandler/TriacSwitchPilot\
#        -Isource/XCategory/Hbl/acuexpacu/ACUPilotHandler/ZCRelayPilot\
#        -Isource/XCategory/Hbl/acuexpacu/ACUPilotHandler/ZCTriacPilot\
#        -Isource/XCategory/Hbl/acuexpacu/HblAcu\
#        -Isource/XCategory/Hbl/acuexpacu/HblAcu/CrossLoads\
#        -Isource/XCategory/Hbl/acuexpacu/HblAcu/SetLoadQueue\
#        -Isource/XCategory/Hbl/acuexpacu/HblAcu/SRProductMgr\
#        -Isource/XCategory/Hbl/acuexpacu/HblAcu/ZeroCross\
#        -Isource/XCategory/Hbl/all/Hbl\
#        -Isource/XCategory/Hbl/all/Hbl/DefaultPin\
#        -Isource/XCategory/Hbl/all/Hbl/HblCommon\
#        -Isource/XCategory/Hbl/all/Hbl/VirtualPin\
#        -Isource/XCategory/Hbl/all/LLIHandler/AbsoluteHumidityLLI\
#        -Isource/XCategory/Hbl/all/LLIHandler/AccelerometerLLI\
#        -Isource/XCategory/Hbl/all/LLIHandler/AccelerometerLLI/AccelBaseline\
#        -Isource/XCategory/Hbl/all/LLIHandler/AccelerometerLLI/AccelDiscover\
#        -Isource/XCategory/Hbl/all/LLIHandler/AccelerometerLLI/FXLS8974\
#        -Isource/XCategory/Hbl/all/LLIHandler/AccelerometerLLI/FXLS8974/SelfTestFXLS8974\
#        -Isource/XCategory/Hbl/all/LLIHandler/AccelerometerLLI/LISxDH\
#        -Isource/XCategory/Hbl/all/LLIHandler/AnalogLLI\
#        -Isource/XCategory/Hbl/all/LLIHandler/ConductivityLLI\
#        -Isource/XCategory/Hbl/all/LLIHandler/DigitalLLI\
#        -Isource/XCategory/Hbl/all/LLIHandler/EncoderLLI\
#        -Isource/XCategory/Hbl/all/LLIHandler/ExpansionLLI\
#        -Isource/XCategory/Hbl/all/LLIHandler/FeedbackLLI\
#        -Isource/XCategory/Hbl/all/LLIHandler/I2CInfraredLLI\
#        -Isource/XCategory/Hbl/all/LLIHandler/I2CPressureSensorLLI\
#        -Isource/XCategory/Hbl/all/LLIHandler/I2CRHTSensorLLI\
#        -Isource/XCategory/Hbl/all/LLIHandler/InputCaptureLLI\
#        -Isource/XCategory/Hbl/all/LLIHandler/MultiInputLLI\
#        -Isource/XCategory/Hbl/all/LLIHandler/NonfunctionalLLI\
#        -Isource/XCategory/Hbl/all/LLIHandler/PulseCounterLLI\
#        -Isource/XCategory/Hbl/all/LLIHandler/SRAnalogLLI\
#        -Isource/XCategory/Hbl/all/LLIHandler/SRDigitalLLI\
#        -Isource/XCategory/Hbl/all/LLIHandler/SRFeedbackLLI\
#        -Isource/XCategory/Hbl/all/LLIHandler/SRI2CPressureSensorLLI\
#        -Isource/XCategory/Hbl/all/LLIHandler/SRICTachometerLLI\
#        -Isource/XCategory/Hbl/all/LLIHandler/SRInputCaptureLLI\
#        -Isource/XCategory/Hbl/all/LLIHandler/SRTouchKeyLLI\
#        -Isource/XCategory/Hbl/all/LLIHandler/SRTriacFeedbackLLI\
#        -Isource/XCategory/Hbl/all/LLIHandler/TouchKeyLLI\
#        -Isource/XCategory/Hbl/all/LLIHandler/TouchSliderLLI\
#        -Isource/XCategory/Hbl/all/LLIHandler/TouchWheelLLI\
#        -Isource/XCategory/Hbl/all/LLIHandler/TriacFeedbackLLI\
#        -Isource/XCategory/Hbl/all/LLIHandler/VirtualDigitalLLI\
#        -Isource/XCategory/Service/all/NVData\
#        -Isource/XCategory/Service/all/Reveal\
#        -Isource/XCategory/Service/all/Win\) -l
#        listings\VSDrainMotorFaultMonitor.lst -o
#        obj\VSDrainMotorFaultMonitor.obj
#        source/Category/Application/acu/Monitors/VSDrainMotorFaultMonitor/VSDrainMotorFaultMonitor.c
#    Locale       =  English_United States.1252
#    List file    =  listings\VSDrainMotorFaultMonitor.lst
#    Object file  =  obj\VSDrainMotorFaultMonitor.obj
#
###############################################################################

C:\Data\Nucleus_Dev\Vostok_ACU_A\source\Category\Application\acu\Monitors\VSDrainMotorFaultMonitor\VSDrainMotorFaultMonitor.c
      1          /**
      2           *  @file       
      3           *
      4           *  @brief      Basic description of file contents
      5           *
      6           *  @details    Detailed description of the file contents
      7           *
      8           *  @section    Applicable_Documents
      9           *					List here all the applicable documents if needed. <tr>	
     10           *
     11           *  $Header: $
     12           *
     13           *  @copyright  Copyright 2017-$Date$. Whirlpool Corporation. All rights reserved - CONFIDENTIAL
     14           */
     15          //---------------------------------------------------------------------------------------------------------------------
     16          //---------------------------------------------------------------------------------------------------------------------
     17          
     18          //-------------------------------------- Include Files ----------------------------------------------------------------
     19          // -- This Module --
     20          #include "C_Extensions.h"
     21          #include "VSDrainMotorFaultMonitor.h"
     22          
     23          #include "SystemConfig.h"
     24          #if (API221_CLIENT_FEATURE == ENABLED)
     25          #include "API221MotionCtrl.h"
     26          #include "ExternalMotorDeclare.h"
     27          #include "Fault.h"
     28          #include "PumpCommand.h"
     29          #endif /*(API221_CLIENT_FEATURE == ENABLED)*/
     30          #include "Hbl.h"
     31          #include "Interpreter.h"
     32          #include "Log.h"
     33          #include "Micro.h"
     34          #include "Selector.h"
     35          #include "SettingFile.h"
     36          #include "SystemTimers.h"
     37          
     38          //-------------------------------------- PUBLIC (Variables) -----------------------------------------------------------
     39          
     40          //-------------------------------------- PRIVATE (Variables, Constants & Defines) -------------------------------------
     41          #define MODULE_NAME MODULE_VSDRAIN_MOTOR_FAULT_MONITOR
     42          
     43          typedef enum MODULE_VSDRAIN_MOTOR_FAULT_MONITOR_LOG_MESSAGE_ID_ENUM
     44          {
     45          	ERROR_MISSING_PARAMETERS  = 1,
     46          	ERROR_NO_VSM_DRAIN_MOTOR  = 2,
     47          } MODULE_VSDRAIN_MOTOR_FAULT_MONITOR_LOG_MESSAGE_ID_TYPE;
     48          
     49          typedef PACKED struct DRAIN_MOTOR_TYPE_PARAMS_STRUCT
     50          {
     51          	uint8 Drain_Motor_Type;
     52          	uint8 Unused;
     53          } DRAIN_MOTOR_TYPE_PARAMS_TYPE;
     54          
     55          
     56          typedef enum
     57          {
     58              UNUSED_DRAIN_MOTOR_TYPE_0           = 0,     // Not Used 0
     59              DM_VARIAB_SPEED_3PH                 = 1,     // VSM Motor
     60              DM_SINGLE_SPEED_ASYNCH		        = 2,     // RIF motor
     61          }APL_DRAIN_MOTOR_TYPE;
     62          
     63          
     64          typedef enum
     65          {
     66              CONDITION_UNDETECTED               = 0,
     67          	CONDITION_DETECTED                 = 1,
     68          	CONDITION_UNUSED				   = 0xFF
     69          }CONDITION_DETECTED_TYPE;
     70          

   \                                 In section .bss, align 1
     71          static APL_DRAIN_MOTOR_TYPE     Motor_Type;          //!< Motor type
   \                     Motor_Type:
   \   00000000                      DS8 1
   \   00000001                      DS8 1
   \   00000002                      DS8 1
   \   00000003                      DS8 1
   \   00000004                      DS8 1
   \   00000005                      DS8 1
   \   00000006                      DS8 1
     72          
     73          static BOOL_TYPE Disable_Drain_Motor_Fault_Monitor;
     74          // State of the Drain_Motor in the previous iteration
     75          static uint8 Drain_Motor_Previous_State;
     76          // State of the Drain_Motor in the current iteration
     77          static uint8 Drain_Motor_State;
     78          
     79          static CONDITION_DETECTED_TYPE DM_Condition_Detected;
     80          
     81          #if (API221_CLIENT_FEATURE == ENABLED)
     82          static BOOL_TYPE Drain_Motor_VSM_Failure;
     83          static uint32 Drain_Motor_Failures;
     84          static SYSTEMTIMER_NV_TIMER_TYPE Wait_Clear_Fault_Timer_Handle;
     85          static SYSTEMTIMER_NV_TIMER_TYPE Wait_Clear_Fault_Stop_Motor_Timer_Handle;
     86          #endif
     87          
     88          static uint8 Motor_On;
     89          static uint8 Motor_Off;
     90          
     91          
     92          //-------------------------------------- PRIVATE (Function Prototypes) ------------------------------------------------
     93          
     94          BOOL_TYPE GetDrainMotorError(void);
     95          BOOL_TYPE DrainIsInFaultState(void);
     96          #if (API221_CLIENT_FEATURE == ENABLED)
     97          static void ResetFaults(void);
     98          static void SetConditionDetected(void);
     99          #endif
    100          
    101          //=====================================================================================================================
    102          //-------------------------------------- Public Functions -------------------------------------------------------------
    103          //=====================================================================================================================
    104          
    105          //----------------------------------------------------------------------------
    106          /**
    107           *  @brief      VSDrainMotorFaultMonitor__Initialize
    108           *  @details    Function used to initialize the Drain Motor Fault Monitor.
    109           *
    110           */

   \                                 In section .text, align 2, keep-with-next
    111          void VSDrainMotorFaultMonitor__Initialize(void)
    112          {
   \                     VSDrainMotorFaultMonitor__Initialize: (+1)
   \   00000000   0xB530             PUSH     {R4,R5,LR}
   \   00000002   0xB083             SUB      SP,SP,#+12
    113          	if (Micro__GetResetMode() == MICRO_RESET_MODE_COLD)
   \   00000004   0x.... 0x....      BL       Micro__GetResetMode
   \   00000008   0x2800             CMP      R0,#+0
   \   0000000A   0xD129             BNE      ??VSDrainMotorFaultMonitor__Initialize_0
    114          	{
    115          		SETTINGFILE_LOADER_TYPE loader;
    116          		DRAIN_MOTOR_TYPE_PARAMS_TYPE  *drain_motor_type_ptr;
    117          
    118          		Disable_Drain_Motor_Fault_Monitor = FALSE;
   \   0000000C   0x2000             MOVS     R0,#+0
   \   0000000E   0x....             LDR      R4,??DataTable1
   \   00000010   0x0001             MOVS     R1,R0
   \   00000012   0x7061             STRB     R1,[R4, #+1]
    119          
    120          		DM_Condition_Detected = CONDITION_UNUSED;
   \   00000014   0x21FF             MOVS     R1,#+255
   \   00000016   0x7121             STRB     R1,[R4, #+4]
    121          
    122          		Drain_Motor_State = OFF;
   \   00000018   0x0001             MOVS     R1,R0
   \   0000001A   0x70E1             STRB     R1,[R4, #+3]
    123          		Drain_Motor_Previous_State = OFF;
   \   0000001C   0x70A1             STRB     R1,[R4, #+2]
    124          
    125          		Motor_On = ON;
   \   0000001E   0x2501             MOVS     R5,#+1
   \   00000020   0x0029             MOVS     R1,R5
   \   00000022   0x7161             STRB     R1,[R4, #+5]
    126          		Motor_Off = OFF;
   \   00000024   0x71A0             STRB     R0,[R4, #+6]
    127          
    128          		#if (API221_CLIENT_FEATURE == ENABLED)
    129          		SystemTimers__NVResetTimer(&Wait_Clear_Fault_Timer_Handle);
    130          		SystemTimers__NVResetTimer(&Wait_Clear_Fault_Stop_Motor_Timer_Handle);
    131          		#endif
    132          		drain_motor_type_ptr = (DRAIN_MOTOR_TYPE_PARAMS_TYPE *)NULL;
    133          
    134          		if (SettingFile__BasicLoader(SF_PTR_ACU_PRODUCT_CONFIGURATION_DATA, DSPL_DRAIN_MOTOR_TYPE, &loader) == PASS)
   \   00000026   0x466A             MOV      R2,SP
   \   00000028   0x2108             MOVS     R1,#+8
   \   0000002A   0x2004             MOVS     R0,#+4
   \   0000002C   0x.... 0x....      BL       SettingFile__BasicLoader
   \   00000030   0x2801             CMP      R0,#+1
   \   00000032   0xD103             BNE      ??VSDrainMotorFaultMonitor__Initialize_1
    135          		{
    136          			drain_motor_type_ptr = (DRAIN_MOTOR_TYPE_PARAMS_TYPE *)(void *)loader.Data;
    137          
    138          			Motor_Type = (APL_DRAIN_MOTOR_TYPE) drain_motor_type_ptr->Drain_Motor_Type;
   \   00000034   0x9800             LDR      R0,[SP, #+0]
   \   00000036   0x7800             LDRB     R0,[R0, #+0]
   \   00000038   0x7020             STRB     R0,[R4, #+0]
   \   0000003A   0xE007             B        ??VSDrainMotorFaultMonitor__Initialize_2
    139          
    140          			#if (API221_CLIENT_FEATURE == ENABLED)
    141          			if (Motor_Type == DM_VARIAB_SPEED_3PH)
    142          			{
    143          				Motor_On = EXTERNAL_MOTOR_RUN;
    144          				Motor_Off = EXTERNAL_MOTOR_STOP;
    145          			}
    146          			#endif
    147          		}
    148          		else
    149          		{
    150          			Disable_Drain_Motor_Fault_Monitor = TRUE;
   \                     ??VSDrainMotorFaultMonitor__Initialize_1: (+1)
   \   0000003C   0x0028             MOVS     R0,R5
   \   0000003E   0x7060             STRB     R0,[R4, #+1]
    151          			LOG_ADD_EXCEPTION (ERROR_MISSING_PARAMETERS, 0);
   \   00000040   0x2300             MOVS     R3,#+0
   \   00000042   0x4602             MOV      R2,R0
   \   00000044   0x4601             MOV      R1,R0
   \   00000046   0x2064             MOVS     R0,#+100
   \   00000048   0x.... 0x....      BL       Log__AddMessage
    152          		}
    153          
    154          		if (Motor_Type != DM_VARIAB_SPEED_3PH)
   \                     ??VSDrainMotorFaultMonitor__Initialize_2: (+1)
   \   0000004C   0x7820             LDRB     R0,[R4, #+0]
   \   0000004E   0x2801             CMP      R0,#+1
   \   00000050   0xD006             BEQ      ??VSDrainMotorFaultMonitor__Initialize_0
    155          		{
    156          			Disable_Drain_Motor_Fault_Monitor = TRUE;
   \   00000052   0x7065             STRB     R5,[R4, #+1]
    157          			LOG_ADD_EXCEPTION (ERROR_NO_VSM_DRAIN_MOTOR, 0);
   \   00000054   0x2300             MOVS     R3,#+0
   \   00000056   0x462A             MOV      R2,R5
   \   00000058   0x2102             MOVS     R1,#+2
   \   0000005A   0x2064             MOVS     R0,#+100
   \   0000005C   0x.... 0x....      BL       Log__AddMessage
    158          		}
    159          
    160          		#if (API221_CLIENT_FEATURE == ENABLED)
    161          		Drain_Motor_VSM_Failure = FALSE;
    162          		#endif
    163          	}
    164          }
   \                     ??VSDrainMotorFaultMonitor__Initialize_0: (+1)
   \   00000060   0xBD37             POP      {R0-R2,R4,R5,PC}  ;; return
    165          
    166          //----------------------------------------------------------------------------
    167          /**
    168           *  @brief      VSDrainMotorFaultMonitor__Execution
    169           *  @details    Function used to perform the Drain Motor Fault Monitor.
    170           *
    171           */

   \                                 In section .text, align 2, keep-with-next
    172          void VSDrainMotorFaultMonitor__Execution(void)
    173          {
   \                     VSDrainMotorFaultMonitor__Execution: (+1)
   \   00000000   0xB570             PUSH     {R4-R6,LR}
   \   00000002   0xB084             SUB      SP,SP,#+16
    174          	if (Disable_Drain_Motor_Fault_Monitor == FALSE)
   \   00000004   0x....             LDR      R4,??DataTable1
   \   00000006   0x7860             LDRB     R0,[R4, #+1]
   \   00000008   0x2800             CMP      R0,#+0
   \   0000000A   0xD167             BNE      ??VSDrainMotorFaultMonitor__Execution_0
    175          	{
    176          		CYCLE_NAME_TYPE cycle_name = Selector__GetCycleNameId(Interpreter__GetCurrentSFIndex(COMPARTMENT_DEFAULT),
    177          									 	 	 	 	 	 	  COMPARTMENT_DEFAULT,
    178          															  Interpreter__GetStatus().Sub_Cycle[COMPARTMENT_DEFAULT]);
   \   0000000C   0xA801             ADD      R0,SP,#+4
   \   0000000E   0x.... 0x....      BL       Interpreter__GetStatus
   \   00000012   0x2000             MOVS     R0,#+0
   \   00000014   0x.... 0x....      BL       Interpreter__GetCurrentSFIndex
   \   00000018   0xA901             ADD      R1,SP,#+4
   \   0000001A   0x78CA             LDRB     R2,[R1, #+3]
   \   0000001C   0x2100             MOVS     R1,#+0
   \   0000001E   0x.... 0x....      BL       Selector__GetCycleNameId
   \   00000022   0x0005             MOVS     R5,R0
    179          
    180          		CYCLE_STATE_TYPE cycle_state = Selector__GetCycleState(Interpreter__GetCurrentSFIndex(COMPARTMENT_DEFAULT),
    181          															   COMPARTMENT_DEFAULT,
    182          															   Interpreter__GetCurrentStatement(COMPARTMENT_DEFAULT).Cycle);
   \   00000024   0x2000             MOVS     R0,#+0
   \   00000026   0x.... 0x....      BL       Interpreter__GetCurrentStatement
   \   0000002A   0x9000             STR      R0,[SP, #+0]
   \   0000002C   0x2000             MOVS     R0,#+0
   \   0000002E   0x.... 0x....      BL       Interpreter__GetCurrentSFIndex
   \   00000032   0x4669             MOV      R1,SP
   \   00000034   0x780A             LDRB     R2,[R1, #+0]
   \   00000036   0x2100             MOVS     R1,#+0
   \   00000038   0x.... 0x....      BL       Selector__GetCycleState
   \   0000003C   0x0006             MOVS     R6,R0
    183          
    184          		if ((Interpreter__IsSubCycleRunning(COMPARTMENT_DEFAULT)) &&
    185          			(cycle_name == CYCLE_NAME_DRAIN_MOTOR_FAULT) &&
    186          			(cycle_state == CYCLE_STATE_RUN))
   \   0000003E   0x2000             MOVS     R0,#+0
   \   00000040   0x.... 0x....      BL       Interpreter__IsSubCycleRunning
   \   00000044   0x2800             CMP      R0,#+0
   \   00000046   0xD037             BEQ      ??VSDrainMotorFaultMonitor__Execution_1
   \   00000048   0x2D23             CMP      R5,#+35
   \   0000004A   0xD135             BNE      ??VSDrainMotorFaultMonitor__Execution_1
   \   0000004C   0x2E01             CMP      R6,#+1
   \   0000004E   0xD133             BNE      ??VSDrainMotorFaultMonitor__Execution_1
    187          		{
    188          			Drain_Motor_State = ((uint8 *)Hbl__GetProcessedLoad(Hbl__GetLoadIndexByLoadID(HBL_LOAD_DRAIN_PUMP)))[0];
   \   00000050   0x2001             MOVS     R0,#+1
   \   00000052   0x.... 0x....      BL       Hbl__GetLoadIndexByLoadID
   \   00000056   0x.... 0x....      BL       Hbl__GetProcessedLoad
   \   0000005A   0x7800             LDRB     R0,[R0, #+0]
   \   0000005C   0x70E0             STRB     R0,[R4, #+3]
    189          
    190          			#if (API221_CLIENT_FEATURE == ENABLED)
    191          			if (Drain_Motor_State == (uint8)EXTERNAL_MOTOR_ROTATE_X_DEGREES)
    192          			{
    193          				Drain_Motor_State = Motor_On;
    194          			}
    195          			#endif
    196          
    197          			if (Drain_Motor_State != Drain_Motor_Previous_State)
   \   0000005E   0x0001             MOVS     R1,R0
   \   00000060   0x78A2             LDRB     R2,[R4, #+2]
   \   00000062   0x4291             CMP      R1,R2
   \   00000064   0xD011             BEQ      ??VSDrainMotorFaultMonitor__Execution_2
    198          			{
    199          				Drain_Motor_Previous_State = Drain_Motor_State;
   \   00000066   0x70A0             STRB     R0,[R4, #+2]
    200          
    201          				if (Drain_Motor_State == Motor_Off)
   \   00000068   0x79A1             LDRB     R1,[R4, #+6]
   \   0000006A   0x4288             CMP      R0,R1
   \   0000006C   0xD11A             BNE      ??VSDrainMotorFaultMonitor__Execution_3
    202          				{
    203          					#if (API221_CLIENT_FEATURE == ENABLED)
    204          					if ((SystemTimers__NVCheckTimer(&Wait_Clear_Fault_Timer_Handle) == SYSTEMTIMERS_STATE_RUNNING) &&
    205          						(DM_Condition_Detected == CONDITION_UNDETECTED))
    206          					{
    207          						SetConditionDetected();
    208          						DM_Condition_Detected = CONDITION_DETECTED;
    209          					}
    210          					#endif
    211          					if (DM_Condition_Detected == CONDITION_UNDETECTED) // Fault Solved
   \   0000006E   0x7920             LDRB     R0,[R4, #+4]
   \   00000070   0x0001             MOVS     R1,R0
   \   00000072   0xD105             BNE      ??VSDrainMotorFaultMonitor__Execution_4
    212          					{
    213          						#if (API221_CLIENT_FEATURE == ENABLED)
    214          						ResetFaults();
    215          						#endif
    216          						(void)Interpreter__TerminateSubCycle(COMPARTMENT_DEFAULT);
   \   00000074   0x2000             MOVS     R0,#+0
   \   00000076   0x.... 0x....      BL       Interpreter__TerminateSubCycle
    217          						DM_Condition_Detected = CONDITION_UNUSED;
   \   0000007A   0x20FF             MOVS     R0,#+255
   \   0000007C   0x7120             STRB     R0,[R4, #+4]
   \   0000007E   0xE011             B        ??VSDrainMotorFaultMonitor__Execution_3
    218          					}
    219          					else if  (DM_Condition_Detected == CONDITION_DETECTED) // ready for next attempt
   \                     ??VSDrainMotorFaultMonitor__Execution_4: (+1)
   \   00000080   0x2801             CMP      R0,#+1
   \   00000082   0xD10F             BNE      ??VSDrainMotorFaultMonitor__Execution_3
    220          					{
    221          						DM_Condition_Detected = CONDITION_UNDETECTED;
   \   00000084   0x2000             MOVS     R0,#+0
   \   00000086   0x7120             STRB     R0,[R4, #+4]
   \   00000088   0xE00C             B        ??VSDrainMotorFaultMonitor__Execution_3
    222          					}
    223          
    224          #if (API221_CLIENT_FEATURE == ENABLED)
    225          					if (Drain_Motor_VSM_Failure != FALSE)
    226          					{
    227          						Drain_Motor_VSM_Failure = FALSE;
    228          					}
    229          #endif
    230          				}
    231          				#if (API221_CLIENT_FEATURE == ENABLED)
    232          				else if (Drain_Motor_State == Motor_On)
    233          				{
    234          					if (Motor_Type == DM_VARIAB_SPEED_3PH)
    235          					{
    236          						SystemTimers__NVResetTimer(&Wait_Clear_Fault_Stop_Motor_Timer_Handle);
    237          					}
    238          				}
    239          				#endif
    240          			}
    241          			else
    242          			{
    243          				if ((Drain_Motor_State == Motor_On) &&
    244          					(DM_Condition_Detected != CONDITION_DETECTED))
   \                     ??VSDrainMotorFaultMonitor__Execution_2: (+1)
   \   0000008A   0x7961             LDRB     R1,[R4, #+5]
   \   0000008C   0x4288             CMP      R0,R1
   \   0000008E   0xD109             BNE      ??VSDrainMotorFaultMonitor__Execution_3
   \   00000090   0x7920             LDRB     R0,[R4, #+4]
   \   00000092   0x2801             CMP      R0,#+1
   \   00000094   0xD006             BEQ      ??VSDrainMotorFaultMonitor__Execution_3
    245          				{
    246          					if (GetDrainMotorError())
   \   00000096   0x.... 0x....      BL       GetDrainMotorError
   \   0000009A   0x1E40             SUBS     R0,R0,#+1
   \   0000009C   0x4180             SBCS     R0,R0,R0
   \   0000009E   0x43C0             MVNS     R0,R0
   \   000000A0   0x0FC0             LSRS     R0,R0,#+31
   \   000000A2   0x7120             STRB     R0,[R4, #+4]
    247          					{
    248          #if (API221_CLIENT_FEATURE == ENABLED)
    249          						SetConditionDetected();
    250          #endif
    251          						DM_Condition_Detected = CONDITION_DETECTED;
    252          					}
    253          					else
    254          					{
    255          						DM_Condition_Detected = CONDITION_UNDETECTED;
    256          					}
    257          				}
    258          				#if (API221_CLIENT_FEATURE == ENABLED)
    259          				else if (Drain_Motor_State == Motor_Off)
    260          				{
    261          					if (Motor_Type == DM_VARIAB_SPEED_3PH)
    262          					{
    263          						if ((SystemTimers__NVCheckTimer(&Wait_Clear_Fault_Stop_Motor_Timer_Handle) != SYSTEMTIMERS_STATE_RUNNING) &&
    264          							(SystemTimers__NVCheckTimer(&Wait_Clear_Fault_Timer_Handle) != SYSTEMTIMERS_STATE_RUNNING))
    265          						{
    266          							//send Clear Fault to MCU every 1 sec
    267          							(void)API221MotionCtrl__ClearFailureFlags(MOTOR_1);
    268          							(void)SystemTimers__NVSetTimerMS(&Wait_Clear_Fault_Stop_Motor_Timer_Handle, 1000,SYSTEMTIMERS_TYPE_DOWN_COUNTER);
    269          						}
    270          					}
    271          				}
    272          				#endif
    273          			}
    274          
    275          			// If fault is detected, terminate subcycle
    276          			if (DrainIsInFaultState() != FALSE)
   \                     ??VSDrainMotorFaultMonitor__Execution_3: (+1)
   \   000000A4   0x.... 0x....      BL       DrainIsInFaultState
   \   000000A8   0x2800             CMP      R0,#+0
   \   000000AA   0xD017             BEQ      ??VSDrainMotorFaultMonitor__Execution_0
    277          			{
    278          				(void)Interpreter__TerminateSubCycle(COMPARTMENT_DEFAULT);
   \   000000AC   0x2000             MOVS     R0,#+0
   \   000000AE   0x.... 0x....      BL       Interpreter__TerminateSubCycle
    279          				DM_Condition_Detected = CONDITION_UNUSED;
   \   000000B2   0x20FF             MOVS     R0,#+255
   \   000000B4   0x7120             STRB     R0,[R4, #+4]
   \   000000B6   0xBD7F             POP      {R0-R6,PC}
    280          			}
    281          		}
    282          		else
    283          		{
    284          
    285          			if (cycle_state == CYCLE_STATE_RUN)
   \                     ??VSDrainMotorFaultMonitor__Execution_1: (+1)
   \   000000B8   0x2E01             CMP      R6,#+1
   \   000000BA   0xD109             BNE      ??VSDrainMotorFaultMonitor__Execution_5
    286          			{
    287          				#if (API221_CLIENT_FEATURE == ENABLED)
    288          				Drain_Motor_State = ((uint8 *)Hbl__GetProcessedLoad(Hbl__GetLoadIndexByLoadID(HBL_LOAD_DRAIN_PUMP)))[0];
    289          				#endif
    290          				if (GetDrainMotorError()
    291          					#if (API221_CLIENT_FEATURE == ENABLED)
    292          					|| ((SystemTimers__NVCheckTimer(&Wait_Clear_Fault_Timer_Handle) == SYSTEMTIMERS_STATE_RUNNING) &&
    293          							(Drain_Motor_State == Motor_On))
    294          					#endif
    295          					)
   \   000000BC   0x.... 0x....      BL       GetDrainMotorError
   \   000000C0   0x2800             CMP      R0,#+0
   \   000000C2   0xD00B             BEQ      ??VSDrainMotorFaultMonitor__Execution_0
    296          				{
    297          #if (API221_CLIENT_FEATURE == ENABLED)
    298          					SetConditionDetected();
    299          #endif
    300          
    301          					DM_Condition_Detected = CONDITION_UNUSED;
   \   000000C4   0x20FF             MOVS     R0,#+255
   \   000000C6   0x7120             STRB     R0,[R4, #+4]
    302          					Drain_Motor_State = OFF;
   \   000000C8   0x2000             MOVS     R0,#+0
   \   000000CA   0x70E0             STRB     R0,[R4, #+3]
    303          					Drain_Motor_Previous_State = OFF;
   \   000000CC   0x70A0             STRB     R0,[R4, #+2]
   \   000000CE   0xBD7F             POP      {R0-R6,PC}
    304          				}
    305          			}
    306          			else if ((cycle_state != CYCLE_STATE_FAULT) &&
    307          					(cycle_name != CYCLE_NAME_DRAIN_MOTOR_FAULT)) // if the cycle state is PAUSE of the Subcycle CYCLE_NAME_DRAIN_MOTOR_FAULT then not reset faults
   \                     ??VSDrainMotorFaultMonitor__Execution_5: (+1)
   \   000000D0   0x2E05             CMP      R6,#+5
   \   000000D2   0xD003             BEQ      ??VSDrainMotorFaultMonitor__Execution_0
   \   000000D4   0x2D23             CMP      R5,#+35
   \   000000D6   0xD001             BEQ      ??VSDrainMotorFaultMonitor__Execution_0
    308          			{
    309          				(void)GetDrainMotorError(); // only for clean the error but in state != RUN&&FAULT shouldn't happen
   \   000000D8   0x.... 0x....      BL       GetDrainMotorError
    310          
    311          #if (API221_CLIENT_FEATURE == ENABLED)
    312          				ResetFaults();
    313          #endif
    314          			}
    315          		}
    316          		#if (API221_CLIENT_FEATURE == ENABLED)
    317          		if (SystemTimers__NVCheckTimer(&Wait_Clear_Fault_Timer_Handle) == SYSTEMTIMERS_STATE_DONE)
    318          		{
    319          			(void)API221MotionCtrl__ClearFailureFlags(MOTOR_1);
    320          			(void)SystemTimers__NVSetTimerMS(&Wait_Clear_Fault_Timer_Handle, 500,SYSTEMTIMERS_TYPE_DOWN_COUNTER);
    321          		}
    322          		#endif
    323          	}
    324          }
   \                     ??VSDrainMotorFaultMonitor__Execution_0: (+1)
   \   000000DC   0xBD7F             POP      {R0-R6,PC}       ;; return
    325          

   \                                 In section .text, align 2, keep-with-next
    326          void VSDrainMotorFaultMonitor__SetDrainMotorFailures(uint32 failures)
    327          {
    328          	#if (API221_CLIENT_FEATURE == ENABLED)
    329          	Drain_Motor_Failures = failures;
    330          	(void)SystemTimers__NVSetTimerMS(&Wait_Clear_Fault_Timer_Handle, 500,SYSTEMTIMERS_TYPE_DOWN_COUNTER);
    331          	#endif
    332          }
   \                     VSDrainMotorFaultMonitor__SetDrainMotorFailures: (+1)
   \   00000000   0x4770             BX       LR               ;; return
    333          

   \                                 In section .text, align 2, keep-with-next
    334          void VSDrainMotorFaultMonitor__SetDrainMotorFailureFlag(BOOL_TYPE value)
    335          {
    336          	#if (API221_CLIENT_FEATURE == ENABLED)
    337          	Drain_Motor_VSM_Failure = value;
    338          	#endif
    339          }
   \                     VSDrainMotorFaultMonitor__SetDrainMotorFailureFlag: (+1)
   \   00000000   0x4770             BX       LR               ;; return
    340          

   \                                 In section .text, align 2, keep-with-next
    341          void VSDrainMotorFaultMonitor__ResetTimerClearMotorFailureFlag(void)
    342          {
    343          	#if (API221_CLIENT_FEATURE == ENABLED)
    344          	SystemTimers__NVResetTimer(&Wait_Clear_Fault_Timer_Handle);
    345          	#endif
    346          }
   \                     VSDrainMotorFaultMonitor__ResetTimerClearMotorFailureFlag: (+1)
   \   00000000   0x4770             BX       LR               ;; return
    347          //=====================================================================================================================
    348          //-------------------------------------- Private Functions ------------------------------------------------------------
    349          //=====================================================================================================================
    350          

   \                                 In section .text, align 2, keep-with-next
    351          BOOL_TYPE GetDrainMotorError(void)
    352          {
    353          	BOOL_TYPE ret_val;
    354          
    355          	#if (API221_CLIENT_FEATURE == ENABLED)
    356          	ret_val = Drain_Motor_VSM_Failure;
    357          	if (Drain_Motor_VSM_Failure != FALSE)
    358          	{
    359          		Drain_Motor_VSM_Failure = FALSE;
    360          	}
    361          	#else
    362          	ret_val= FALSE;
    363          	#endif
    364          
    365          	return ret_val;
   \                     GetDrainMotorError: (+1)
   \   00000000   0x2000             MOVS     R0,#+0
   \   00000002   0x4770             BX       LR               ;; return
    366          }
    367          

   \                                 In section .text, align 2, keep-with-next
    368          BOOL_TYPE DrainIsInFaultState(void)
    369          {
    370          	BOOL_TYPE ret = FALSE;
    371          
    372          	#if (API221_CLIENT_FEATURE == ENABLED)
    373          	for (uint8 index_fault = (uint8)FAULT_ID_VS_DRAIN_MOTOR_MCI_LOCKED_ROTOR; index_fault <= (uint8)FAULT_ID_MCU_DM_MCI_INVERTER_OVER_TEMPERATURE; index_fault++)
    374          	{
    375          		if (Fault__IsInFaultState((FAULT_ID_TYPE)index_fault))
    376          		{
    377          			ret = TRUE;
    378          		}
    379          	}
    380          	#endif
    381          
    382          	return ret;
   \                     DrainIsInFaultState: (+1)
   \   00000000   0x2000             MOVS     R0,#+0
   \   00000002   0x4770             BX       LR               ;; return
    383          }

   \                                 In section .text, align 4, keep-with-next
   \                     ??DataTable1:
   \   00000000   0x........         DC32     Motor_Type
    384          #if (API221_CLIENT_FEATURE == ENABLED)
    385          static void SetConditionDetected(void)
    386          {
    387          	if (Drain_Motor_Failures == ((uint32)1U << (uint32)API221_FF_ANY_ERROR_FOUND))
    388          	{
    389          		Fault__ConditionDetected(FAULT_ID_MCU_DM_MCI_GENERIC_ERROR);
    390          	}
    391          
    392          	if (BIT_TEST((uint32)Drain_Motor_Failures,API221_FF_DCBUS_OVER_CURRENT) != 0U)
    393          	{
    394          		Fault__ConditionDetected(FAULT_ID_MCU_DM_MCI_HARDWARE_OVERCURRENT);
    395          	}
    396          
    397          	if (BIT_TEST((uint32)Drain_Motor_Failures,API221_FF_DCBUS_OVER_VOLTAGE) != 0U)
    398          	{
    399          		Fault__ConditionDetected(FAULT_ID_MCU_DM_MCI_OVER_VOLTAGE);
    400          	}
    401          
    402          	if (BIT_TEST((uint32)Drain_Motor_Failures,API221_FF_DCBUS_UNDER_VOLTAGE) != 0U)
    403          	{
    404          		Fault__ConditionDetected(FAULT_ID_MCU_DM_MCI_UNDER_VOLTAGE);
    405          	}
    406          
    407          	if (BIT_TEST((uint32)Drain_Motor_Failures,API221_FF_ELECTRONIC_FAILED) != 0U)
    408          	{
    409          		Fault__ConditionDetected(FAULT_ID_MCU_DM_MCI_DRIVER_FAILURE);
    410          	}
    411          
    412          	if (BIT_TEST((uint32)Drain_Motor_Failures,API221_FF_INVERTER_OVER_TEMP) != 0U)
    413          	{
    414          		Fault__ConditionDetected(FAULT_ID_MCU_DM_MCI_INVERTER_OVER_TEMPERATURE);
    415          	}
    416          
    417          	if (BIT_TEST((uint32)Drain_Motor_Failures,API221_FF_LOCKED_ROTOR) != 0U)
    418          	{
    419          		Fault__ConditionDetected(FAULT_ID_VS_DRAIN_MOTOR_MCI_LOCKED_ROTOR);
    420          	}
    421          
    422          	if (BIT_TEST((uint32)Drain_Motor_Failures,API221_FF_PHASE_LOST) != 0U)
    423          	{
    424          		Fault__ConditionDetected(FAULT_ID_VS_DRAIN_MOTOR_MCI_MOTOR_PHASE_LOST);
    425          	}
    426          
    427          	if (BIT_TEST((uint32)Drain_Motor_Failures,API221_FF_MOTOR_OVERLOADED) != 0U)
    428          	{
    429          		Fault__ConditionDetected(FAULT_ID_VS_DRAIN_MOTOR_MCI_MOTOR_OVERLOAD);
    430          	}
    431          
    432          	if (BIT_TEST((uint32)Drain_Motor_Failures,API221_FF_MOTOR_OVER_CURRENT) != 0U)
    433          	{
    434          		Fault__ConditionDetected(FAULT_ID_VS_DRAIN_MOTOR_MCI_SOFTWARE_OVERCURRENT);
    435          	}
    436          
    437          	if (BIT_TEST((uint32)Drain_Motor_Failures,API221_FF_SPEED_CHECK_FAILED) != 0U)
    438          	{
    439          		Fault__ConditionDetected(FAULT_ID_VS_DRAIN_MOTOR_MCI_SPEED_CHECK);
    440          	}
    441          }
    442          static void ResetFaults(void)
    443          {
    444          	for (uint8 index_fault = (uint8)FAULT_ID_VS_DRAIN_MOTOR_MCI_LOCKED_ROTOR; index_fault <= (uint8)FAULT_ID_MCU_DM_MCI_INVERTER_OVER_TEMPERATURE; index_fault++)
    445          	{
    446          		if (Fault__IsObserverActive((FAULT_ID_TYPE)index_fault))
    447          		{
    448          			Fault__ConditionRemoved((FAULT_ID_TYPE)index_fault);
    449          		}
    450          	}
    451          }
    452          #endif

   Maximum stack usage in bytes:

   .cstack Function
   ------- --------
       0   DrainIsInFaultState
       0   GetDrainMotorError
      32   VSDrainMotorFaultMonitor__Execution
        32   -> DrainIsInFaultState
        32   -> GetDrainMotorError
        32   -> Hbl__GetLoadIndexByLoadID
        32   -> Hbl__GetProcessedLoad
        32   -> Interpreter__GetCurrentSFIndex
        32   -> Interpreter__GetCurrentStatement
        32   -> Interpreter__GetStatus
        32   -> Interpreter__IsSubCycleRunning
        32   -> Interpreter__TerminateSubCycle
        32   -> Selector__GetCycleNameId
        32   -> Selector__GetCycleState
      24   VSDrainMotorFaultMonitor__Initialize
        24   -> Log__AddMessage
        24   -> Micro__GetResetMode
        24   -> SettingFile__BasicLoader
       0   VSDrainMotorFaultMonitor__ResetTimerClearMotorFailureFlag
       0   VSDrainMotorFaultMonitor__SetDrainMotorFailureFlag
       0   VSDrainMotorFaultMonitor__SetDrainMotorFailures


   Section sizes:

   Bytes  Function/Label
   -----  --------------
       4  ??DataTable1
       4  DrainIsInFaultState
       4  GetDrainMotorError
       7  Motor_Type
          Disable_Drain_Motor_Fault_Monitor
          Drain_Motor_Previous_State
          Drain_Motor_State
          DM_Condition_Detected
          Motor_On
          Motor_Off
     222  VSDrainMotorFaultMonitor__Execution
      98  VSDrainMotorFaultMonitor__Initialize
       2  VSDrainMotorFaultMonitor__ResetTimerClearMotorFailureFlag
       2  VSDrainMotorFaultMonitor__SetDrainMotorFailureFlag
       2  VSDrainMotorFaultMonitor__SetDrainMotorFailures

 
   7 bytes in section .bss
 338 bytes in section .text
 
 338 bytes of CODE memory
   7 bytes of DATA memory

Errors: none
Warnings: none
