###############################################################################
#
# IAR ANSI C/C++ Compiler V7.70.1.11437/W32 for ARM       28/Feb/2025  14:17:58
# Copyright 1999-2016 IAR Systems AB.
#
#    Cpu mode     =  thumb
#    Endian       =  little
#    Source file  =  
#        source/Category/Hbl/acuexpacu/ACUGIHandler/WaterCounterGI/WaterCounterGI.c
#    Command line =  
#        --cpu Cortex-M0+ -Om --debug -e --only_stdout --silent -D
#        ENABLE_JUMP_TO_APPLICATION_WITHOUT_IAP_FIRMWARE --no_wrap_diagnostics
#        -f config\tmp\include_path.lnt
#        (-I../Nucleus-Tools-SDK/embOS/arm/v4.26/source\
#        -I../Nucleus-Tools-SDK/iar/arm/v7.70/cx/inc\
#        -Isource/Category/Application/acu/CycleResume\
#        -Isource/Category/Application/acu/Monitors/AutostartFactoryCycleMonitor\
#        -Isource/Category/Application/acu/Monitors/CartridgeDetectionMonitor\
#        -Isource/Category/Application/acu/Monitors/DCLoadCurrentMonitor\
#        -Isource/Category/Application/acu/Monitors/DiverterFaultMonitor\
#        -Isource/Category/Application/acu/Monitors/DiverterLeakFaultMonitor\
#        -Isource/Category/Application/acu/Monitors/DoorMonitor\
#        -Isource/Category/Application/acu/Monitors/DoorOpeningSystemMonitor\
#        -Isource/Category/Application/acu/Monitors/FanMotorFaultMonitor\
#        -Isource/Category/Application/acu/Monitors/FaultStatusMonitor\
#        -Isource/Category/Application/acu/Monitors/FillValveStuckOn\
#        -Isource/Category/Application/acu/Monitors/FlowMeterFaultMonitor\
#        -Isource/Category/Application/acu/Monitors/HeatMonitor\
#        -Isource/Category/Application/acu/Monitors/HotHighPotMonitor\
#        -Isource/Category/Application/acu/Monitors/LITTFaultMonitor\
#        -Isource/Category/Application/acu/Monitors/LITTMonitor\
#        -Isource/Category/Application/acu/Monitors/McuGetDataMonitor\
#        -Isource/Category/Application/acu/Monitors/ModelMonitors/AirlockDetectionMonitor\
#        -Isource/Category/Application/acu/Monitors/ModelMonitors/AirlockDetectionMonitor/CodeGeneration\
#        -Isource/Category/Application/acu/Monitors/ModelMonitors/HeaterCalcificationDetectionModel\
#        -Isource/Category/Application/acu/Monitors/ModelMonitors/HeaterCalcificationDetectionModel/CodeGeneration\
#        -Isource/Category/Application/acu/Monitors/ModelMonitors/OWIVoltageRegulatedOutputModel\
#        -Isource/Category/Application/acu/Monitors/ModelMonitors/OWIVoltageRegulatedOutputModel/CodeGeneration\
#        -Isource/Category/Application/acu/Monitors/ModelMonitors/PluggingDetectionMonitor\
#        -Isource/Category/Application/acu/Monitors/ModelMonitors/PluggingDetectionMonitor/CodeGeneration\
#        -Isource/Category/Application/acu/Monitors/MoisturePreventionMonitor\
#        -Isource/Category/Application/acu/Monitors/OverfillMonitor\
#        -Isource/Category/Application/acu/Monitors/OWIMonitor\
#        -Isource/Category/Application/acu/Monitors/PilotRelayFaultMonitor\
#        -Isource/Category/Application/acu/Monitors/PilotRelayFaultMonitor/PilotRelayStuckClosedMonitor\
#        -Isource/Category/Application/acu/Monitors/PilotRelayFaultMonitor/PilotRelayStuckOpenMonitor\
#        -Isource/Category/Application/acu/Monitors/PORTimeMonitor\
#        -Isource/Category/Application/acu/Monitors/PumpFlushRequestMonitor\
#        -Isource/Category/Application/acu/Monitors/RinseAidMonitor\
#        -Isource/Category/Application/acu/Monitors/SaltSensingMonitor\
#        -Isource/Category/Application/acu/Monitors/StabilityControlLoopMonitor\
#        -Isource/Category/Application/acu/Monitors/StandbyManager\
#        -Isource/Category/Application/acu/Monitors/SupervisorExtMonitor\
#        -Isource/Category/Application/acu/Monitors/ThermistorFaultMonitor\
#        -Isource/Category/Application/acu/Monitors/ThermistorFaultMonitor/ThermistorOpenMonitor\
#        -Isource/Category/Application/acu/Monitors/ThermistorFaultMonitor/ThermistorShortedMonitor\
#        -Isource/Category/Application/acu/Monitors/TriacCurrentMonitor\
#        -Isource/Category/Application/acu/Monitors/TriacShortedDrainFaultMonitor\
#        -Isource/Category/Application/acu/Monitors/TriacVoltageMonitor\
#        -Isource/Category/Application/acu/Monitors/VoltageRangeMonitor\
#        -Isource/Category/Application/acu/Monitors/VSDrainMotorFaultMonitor\
#        -Isource/Category/Application/acu/Monitors/VwiMonitor\
#        -Isource/Category/Application/acu/Monitors/VwiZoneCompensationMonitor\
#        -Isource/Category/Application/acu/Monitors/WashHeaterFaultMonitor\
#        -Isource/Category/Application/acu/Monitors/WashHeaterFaultMonitor/HeaterLeakageToNeutralMonitor\
#        -Isource/Category/Application/acu/Monitors/WashHeaterFaultMonitor/HeaterLineRelayOpenMonitor\
#        -Isource/Category/Application/acu/Monitors/WashHeaterFaultMonitor/HeaterNeutralRelayOpenMonitor\
#        -Isource/Category/Application/acu/Monitors/WashHeaterFaultMonitor/HeaterOpenAndLineRelayClosedMonitor\
#        -Isource/Category/Application/acu/Monitors/WashHeaterFaultMonitor/HeaterOpenMonitor\
#        -Isource/Category/Application/acu/Monitors/WashMotorFaultMonitor\
#        -Isource/Category/Application/acu/Monitors/ZeroCrossMonitor\
#        -Isource/Category/Application/acu/Processes/AlternateCtrl\
#        -Isource/Category/Application/acu/Processes/Fill\
#        -Isource/Category/Application/acu/Processes/Fill/ClassAFill\
#        -Isource/Category/Application/acu/Processes/Fill/Fill\
#        -Isource/Category/Application/acu/Processes/Fill/TankDrain\
#        -Isource/Category/Application/acu/Processes/Fill/TankFill\
#        -Isource/Category/Application/acu/Processes/Heat\
#        -Isource/Category/Application/acu/Processes/ModelProcesses/OWICalibrationModel\
#        -Isource/Category/Application/acu/Processes/ModelProcesses/OWICalibrationModel/CodeGeneration\
#        -Isource/Category/Application/acu/Processes/ModelProcesses/PartialDrainModel\
#        -Isource/Category/Application/acu/Processes/ModelProcesses/PartialDrainModel/CodeGeneration\
#        -Isource/Category/Application/acu/Processes/ModelProcesses/SensedDrainModel\
#        -Isource/Category/Application/acu/Processes/ModelProcesses/SensedDrainModel/CodeGeneration\
#        -Isource/Category/Application/acu/Processes/OWI\
#        -Isource/Category/Application/acu/Processes/OWI_VRO\
#        -Isource/Category/Application/acu/Processes/OWIOneShot\
#        -Isource/Category/Application/acu/Processes/PumpControl\
#        -Isource/Category/Application/acu/Processes/Regenerate\
#        -Isource/Category/Application/acu/Processes/RinseAidDispense\
#        -Isource/Category/Application/acu/Processes/RinseAidDispense/RinseAid\
#        -Isource/Category/Application/acu/Processes/RinseAidDispense/TridgeDetergent\
#        -Isource/Category/Application/acu/Tasks/DoorOpeningSystemPull\
#        -Isource/Category/Application/acu/Tasks/DoorOpeningSystemPush\
#        -Isource/Category/Application/acu/Tasks/HeaterShadowing\
#        -Isource/Category/Application/acu/Tasks/MoisturePrevention\
#        -Isource/Category/Application/acu/Tasks/OWIContinousReading\
#        -Isource/Category/Application/acu/Tasks/OwiVroContinuousReading\
#        -Isource/Category/Application/acu/Tasks/Sanitization\
#        -Isource/Category/Application/acu/Tasks/StabilityControl\
#        -Isource/Category/Application/acu/Tasks/TimeElapse\
#        -Isource/Category/Application/acu/VWI\
#        -Isource/Category/Application/all/ActivePower\
#        -Isource/Category/Application/all/API007App\
#        -Isource/Category/Application/all/Config\
#        -Isource/Category/Common/acu/CommonDish/DishAuxVar\
#        -Isource/Category/Common/acu/CommonDish/PumpCommand\
#        -Isource/Category/Common/acu/CommonDish/StatisticsDish\
#        -Isource/Category/Common/all/BoardDebugging\
#        -Isource/Category/Common/all/Config\
#        -Isource/Category/Common/all/MasterCommander\
#        -Isource/Category/Common/all/MasterCommander/Source\
#        -Isource/Category/Common/all/MasterCommander/Source/HAL\
#        -Isource/Category/Common/all/SharedUtils\
#        -Isource/Category/Hbl/acu/ACULoadHandler/AlternateLoad\
#        -Isource/Category/Hbl/acuexpacu/ACUGIHandler/WaterCounterGI\
#        -Isource/Category/Hbl/acuexpacu/ACULoadHandler/HeaterLoad\
#        -Isource/Category/Hbl/acuexpacu/ACULoadHandler/TriacMci\
#        -Isource/Category/Hbl/all/Config\ -Isource/Category/Hbl/all/Mci\
#        -Isource/Category/Hbl/all/Mci/MciZeroCross\
#        -Isource/Category/Hbl/all/Mci/Slfac\
#        -Isource/Category/Hbl/all/Mci/Slfac/Macroblocks\
#        -Isource/Category/Hbl/all/Mci/Slfac/Microblocks/GlitchFilter\
#        -Isource/Category/Hbl/all/Mci/Slfac/Microblocks/IIRFilter\
#        -Isource/Category/Hbl/all/Mci/Slfac/Microblocks/MathCalc\
#        -Isource/Category/Hbl/all/Mci/Slfac/Microblocks/PeakDetector\
#        -Isource/Category/Hbl/all/Mci/Slfac/Microblocks/Pi\
#        -Isource/Category/Hbl/all/MCUDrivers/TimeCapture\
#        -Isource/Category/Hbl/all/MCUDrivers/TimerInterruptExt\
#        -Isource/Micros/STM32G0x/Driver/Atod\
#        -Isource/Micros/STM32G0x/Driver/DataFlash\
#        -Isource/Micros/STM32G0x/Driver/Dma\
#        -Isource/Micros/STM32G0x/Driver/Dtoa\
#        -Isource/Micros/STM32G0x/Driver/ExtInterrupt\
#        -Isource/Micros/STM32G0x/Driver/Flash\
#        -Isource/Micros/STM32G0x/Driver/Gpio\
#        -Isource/Micros/STM32G0x/Driver/I2c\
#        -Isource/Micros/STM32G0x/Driver/IntMgr\
#        -Isource/Micros/STM32G0x/Driver/Micro\
#        -Isource/Micros/STM32G0x/Driver/MicroExt\
#        -Isource/Micros/STM32G0x/Driver/Rtc\
#        -Isource/Micros/STM32G0x/Driver/RTCDriver\
#        -Isource/Micros/STM32G0x/Driver/Spi\
#        -Isource/Micros/STM32G0x/Driver/Timeout\
#        -Isource/Micros/STM32G0x/Driver/Timer\
#        -Isource/Micros/STM32G0x/Driver/TimerInterrupt\
#        -Isource/Micros/STM32G0x/Driver/Uart\
#        -Isource/ProjectSpecific/Application/acu/Config\
#        -Isource/ProjectSpecific/Application/acu/LowPower\
#        -Isource/ProjectSpecific/Application/acuexpacu/Config\
#        -Isource/ProjectSpecific/Application/all/Config\
#        -Isource/ProjectSpecific/Application/all/MCUDebug\
#        -Isource/ProjectSpecific/Application/all/ProductInfo\
#        -Isource/ProjectSpecific/Common/acu/Config\
#        -Isource/ProjectSpecific/Common/all/Config\
#        -Isource/ProjectSpecific/Common/all/Debug\
#        -Isource/ProjectSpecific/Common/all/SRConfig\
#        -Isource/ProjectSpecific/Driver/STM32G0x\
#        -Isource/ProjectSpecific/Hbl/acuexpacu/Config\
#        -Isource/ProjectSpecific/Hbl/acuexpacu/SRConfig\
#        -Isource/ProjectSpecific/Hbl/all/Config\
#        -Isource/ProjectSpecific/Hbl/all/Config/Mci\
#        -Isource/ProjectSpecific/Hbl/all/Config/Mci/MasterCommander\
#        -Isource/ProjectSpecific/Hbl/all/Config/Mci/MCUDrivers\
#        -Isource/ProjectSpecific/Hbl/all/SRConfig\
#        -Isource/XCategory/Application/acu/API221MotionCtrl\
#        -Isource/XCategory/Application/acu/Calibration\
#        -Isource/XCategory/Application/acu/Condition\
#        -Isource/XCategory/Application/acu/Estimator\
#        -Isource/XCategory/Application/acu/Interpreter\
#        -Isource/XCategory/Application/acu/Processes/ActivateTask\
#        -Isource/XCategory/Application/acu/Processes/JumpIf\
#        -Isource/XCategory/Application/acu/Processes/LoadsControl\
#        -Isource/XCategory/Application/acu/Processes/Maintain\
#        -Isource/XCategory/Application/acu/Processes/SetVariable\
#        -Isource/XCategory/Application/acu/RegulationAccept\
#        -Isource/XCategory/Application/acu/Selector\
#        -Isource/XCategory/Application/acu/SubCycle\
#        -Isource/XCategory/Application/acu/Supervisor\
#        -Isource/XCategory/Application/acu/TestMgr\
#        -Isource/XCategory/Application/acuexpacu/ApplianceMgr\
#        -Isource/XCategory/Application/acuhmi/CommunicationMonitor\
#        -Isource/XCategory/Application/acuhmi/Modifier\
#        -Isource/XCategory/Application/acuhmi/Regulations\
#        -Isource/XCategory/Application/acuhmi/Status\
#        -Isource/XCategory/Application/all/API007Data\
#        -Isource/XCategory/Application/all/API011AppCtr\
#        -Isource/XCategory/Application/all/API012Exp\
#        -Isource/XCategory/Application/all/API013RemoteFunction\
#        -Isource/XCategory/Application/all/API018Diagnostic\
#        -Isource/XCategory/Application/all/API220MotorControl\
#        -Isource/XCategory/Application/all/API220MotorControl/Api\
#        -Isource/XCategory/Application/all/Mode\
#        -Isource/XCategory/Application/all/Reveal_Basic/API003Disc\
#        -Isource/XCategory/Application/all/Reveal_Basic/API004Debug\
#        -Isource/XCategory/Application/all/Reveal_Basic/API004Debug/SW05SoftwareTest\
#        -Isource/XCategory/Application/all/Reveal_Basic/API005LowLevel\
#        -Isource/XCategory/Application/all/Reveal_Basic/API009System\
#        -Isource/XCategory/Application/all/Reveal_Basic/API010PollVar\
#        -Isource/XCategory/Application/all/Reveal_Basic/API019ProductInfo\
#        -Isource/XCategory/Application/all/SFUpdater\
#        -Isource/XCategory/Application/all/SRAPI020Safety\
#        -Isource/XCategory/Application/all/StatusLed\
#        -Isource/XCategory/Common/acu/BrownOut\
#        -Isource/XCategory/Common/acu/Fault\
#        -Isource/XCategory/Common/acu/Statistics\
#        -Isource/XCategory/Common/all/Common/Callback\
#        -Isource/XCategory/Common/all/Common/Convert\
#        -Isource/XCategory/Common/all/Common/Crc16\
#        -Isource/XCategory/Common/all/Common/Crc32\
#        -Isource/XCategory/Common/all/Common/Crc8\
#        -Isource/XCategory/Common/all/Common/Equation\
#        -Isource/XCategory/Common/all/Common/Filter\
#        -Isource/XCategory/Common/all/Common/FITMgr\
#        -Isource/XCategory/Common/all/Common/I2cMgr\
#        -Isource/XCategory/Common/all/Common/IAPEmul\
#        -Isource/XCategory/Common/all/Common/Log\
#        -Isource/XCategory/Common/all/Common/Millis\
#        -Isource/XCategory/Common/all/Common/SeggerRTT\
#        -Isource/XCategory/Common/all/Common/SeggerRTT/SEGGER_RTT/Config\
#        -Isource/XCategory/Common/all/Common/SeggerRTT/SEGGER_RTT/RTT\
#        -Isource/XCategory/Common/all/Common/SettingFile\
#        -Isource/XCategory/Common/all/Common/SFVersionCheck\
#        -Isource/XCategory/Common/all/Common/SystemConfig\
#        -Isource/XCategory/Common/all/Common/SystemTimers\
#        -Isource/XCategory/Common/all/Common/Utilities\
#        -Isource/XCategory/Common/all/Common/Variable\
#        -Isource/XCategory/Common/all/SRCommon/SRClockMonitor\
#        -Isource/XCategory/Common/all/SRCommon/SRData\
#        -Isource/XCategory/Common/all/SRCommon/SRException\
#        -Isource/XCategory/Common/all/SRCommon/SRIsrMonitor\
#        -Isource/XCategory/Common/all/SRCommon/SRPowerMgr\
#        -Isource/XCategory/Common/all/SRCommon/SRSignature\
#        -Isource/XCategory/Common/all/SRCommon/SRSystemConfig\
#        -Isource/XCategory/Common/all/SRCommon/SRTaskMonitor\
#        -Isource/XCategory/Common/all/SRCommon/SRTaskSequence\
#        -Isource/XCategory/Common/all/SRCommon/SRTimerReference\
#        -Isource/XCategory/Common/all/SRCommon/SRUnusedPinsConfig\
#        -Isource/XCategory/Common/all/SRMain\
#        -Isource/XCategory/Common/all/SRMain/BackgroundThreads\
#        -Isource/XCategory/Common/all/SRMain/OsServices\
#        -Isource/XCategory/Common/all/SRMain/StackAnalysis\
#        -Isource/XCategory/Common/all/SRMain/TimingAnalysis\
#        -Isource/XCategory/Driver/APIs/Atod\
#        -Isource/XCategory/Driver/APIs/Comparator\
#        -Isource/XCategory/Driver/APIs/DataFlash\
#        -Isource/XCategory/Driver/APIs/Dma\
#        -Isource/XCategory/Driver/APIs/Dtc\
#        -Isource/XCategory/Driver/APIs/Dtoa\
#        -Isource/XCategory/Driver/APIs/EmbOS\
#        -Isource/XCategory/Driver/APIs/ExtInterrupt\
#        -Isource/XCategory/Driver/APIs/Flash\
#        -Isource/XCategory/Driver/APIs/Gpio\
#        -Isource/XCategory/Driver/APIs/I2c\
#        -Isource/XCategory/Driver/APIs/IntMgr\
#        -Isource/XCategory/Driver/APIs/Micro\
#        -Isource/XCategory/Driver/APIs/MicroExt\
#        -Isource/XCategory/Driver/APIs/Rtc\
#        -Isource/XCategory/Driver/APIs/RTCDriver\
#        -Isource/XCategory/Driver/APIs/Spi\
#        -Isource/XCategory/Driver/APIs/Timeout\
#        -Isource/XCategory/Driver/APIs/Timer\
#        -Isource/XCategory/Driver/APIs/TimerInterrupt\
#        -Isource/XCategory/Driver/APIs/Touch\
#        -Isource/XCategory/Driver/APIs/Uart\
#        -Isource/XCategory/Hbl/acu/FdmCounter\
#        -Isource/XCategory/Hbl/acu/FdmTimer\
#        -Isource/XCategory/Hbl/acuexpacu/ACUGIHandler/ConvertGI\
#        -Isource/XCategory/Hbl/acuexpacu/ACUGIHandler/DirectGI\
#        -Isource/XCategory/Hbl/acuexpacu/ACUGIHandler/DoorSwitchGI\
#        -Isource/XCategory/Hbl/acuexpacu/ACUGIHandler/ProbeGI\
#        -Isource/XCategory/Hbl/acuexpacu/ACUGIHandler/ProbeLpsGI\
#        -Isource/XCategory/Hbl/acuexpacu/ACULoadHandler/DCFanLoad\
#        -Isource/XCategory/Hbl/acuexpacu/ACUPilotHandler/AnalogOutputPilot\
#        -Isource/XCategory/Hbl/acuexpacu/ACUPilotHandler/ChargePumpPilot\
#        -Isource/XCategory/Hbl/acuexpacu/ACUPilotHandler/DigitalOutputMultiPilot\
#        -Isource/XCategory/Hbl/acuexpacu/ACUPilotHandler/DigitalOutputPilot\
#        -Isource/XCategory/Hbl/acuexpacu/ACUPilotHandler/DoorLockEMPilot\
#        -Isource/XCategory/Hbl/acuexpacu/ACUPilotHandler/DoorLockWaxPilot\
#        -Isource/XCategory/Hbl/acuexpacu/ACUPilotHandler/ExpansionPilot\
#        -Isource/XCategory/Hbl/acuexpacu/ACUPilotHandler/ExternalMotorPilot\
#        -Isource/XCategory/Hbl/acuexpacu/ACUPilotHandler/FSMPilot\
#        -Isource/XCategory/Hbl/acuexpacu/ACUPilotHandler/MagnetronPilot\
#        -Isource/XCategory/Hbl/acuexpacu/ACUPilotHandler/MotorPilot\
#        -Isource/XCategory/Hbl/acuexpacu/ACUPilotHandler/MultiDriverPilot\
#        -Isource/XCategory/Hbl/acuexpacu/ACUPilotHandler/MultiSequencePilot\
#        -Isource/XCategory/Hbl/acuexpacu/ACUPilotHandler/NonfunctionalPilot\
#        -Isource/XCategory/Hbl/acuexpacu/ACUPilotHandler/PwmHiResPilot\
#        -Isource/XCategory/Hbl/acuexpacu/ACUPilotHandler/PwmPilot\
#        -Isource/XCategory/Hbl/acuexpacu/ACUPilotHandler/SRChargePumpPilot\
#        -Isource/XCategory/Hbl/acuexpacu/ACUPilotHandler/SRDigitalOutputMultiPilot\
#        -Isource/XCategory/Hbl/acuexpacu/ACUPilotHandler/SRDigitalOutputPilot\
#        -Isource/XCategory/Hbl/acuexpacu/ACUPilotHandler/SRDoorLockEMPilot\
#        -Isource/XCategory/Hbl/acuexpacu/ACUPilotHandler/SRDoorLockWaxPilot\
#        -Isource/XCategory/Hbl/acuexpacu/ACUPilotHandler/SRUMRelayPilot\
#        -Isource/XCategory/Hbl/acuexpacu/ACUPilotHandler/SteadyPwmProfilePilot\
#        -Isource/XCategory/Hbl/acuexpacu/ACUPilotHandler/StepperPilot\
#        -Isource/XCategory/Hbl/acuexpacu/ACUPilotHandler/TriacSwitchPilot\
#        -Isource/XCategory/Hbl/acuexpacu/ACUPilotHandler/ZCRelayPilot\
#        -Isource/XCategory/Hbl/acuexpacu/ACUPilotHandler/ZCTriacPilot\
#        -Isource/XCategory/Hbl/acuexpacu/HblAcu\
#        -Isource/XCategory/Hbl/acuexpacu/HblAcu/CrossLoads\
#        -Isource/XCategory/Hbl/acuexpacu/HblAcu/SetLoadQueue\
#        -Isource/XCategory/Hbl/acuexpacu/HblAcu/SRProductMgr\
#        -Isource/XCategory/Hbl/acuexpacu/HblAcu/ZeroCross\
#        -Isource/XCategory/Hbl/all/Hbl\
#        -Isource/XCategory/Hbl/all/Hbl/DefaultPin\
#        -Isource/XCategory/Hbl/all/Hbl/HblCommon\
#        -Isource/XCategory/Hbl/all/Hbl/VirtualPin\
#        -Isource/XCategory/Hbl/all/LLIHandler/AbsoluteHumidityLLI\
#        -Isource/XCategory/Hbl/all/LLIHandler/AccelerometerLLI\
#        -Isource/XCategory/Hbl/all/LLIHandler/AccelerometerLLI/AccelBaseline\
#        -Isource/XCategory/Hbl/all/LLIHandler/AccelerometerLLI/AccelDiscover\
#        -Isource/XCategory/Hbl/all/LLIHandler/AccelerometerLLI/FXLS8974\
#        -Isource/XCategory/Hbl/all/LLIHandler/AccelerometerLLI/FXLS8974/SelfTestFXLS8974\
#        -Isource/XCategory/Hbl/all/LLIHandler/AccelerometerLLI/LISxDH\
#        -Isource/XCategory/Hbl/all/LLIHandler/AnalogLLI\
#        -Isource/XCategory/Hbl/all/LLIHandler/ConductivityLLI\
#        -Isource/XCategory/Hbl/all/LLIHandler/DigitalLLI\
#        -Isource/XCategory/Hbl/all/LLIHandler/EncoderLLI\
#        -Isource/XCategory/Hbl/all/LLIHandler/ExpansionLLI\
#        -Isource/XCategory/Hbl/all/LLIHandler/FeedbackLLI\
#        -Isource/XCategory/Hbl/all/LLIHandler/I2CInfraredLLI\
#        -Isource/XCategory/Hbl/all/LLIHandler/I2CPressureSensorLLI\
#        -Isource/XCategory/Hbl/all/LLIHandler/I2CRHTSensorLLI\
#        -Isource/XCategory/Hbl/all/LLIHandler/InputCaptureLLI\
#        -Isource/XCategory/Hbl/all/LLIHandler/MultiInputLLI\
#        -Isource/XCategory/Hbl/all/LLIHandler/NonfunctionalLLI\
#        -Isource/XCategory/Hbl/all/LLIHandler/PulseCounterLLI\
#        -Isource/XCategory/Hbl/all/LLIHandler/SRAnalogLLI\
#        -Isource/XCategory/Hbl/all/LLIHandler/SRDigitalLLI\
#        -Isource/XCategory/Hbl/all/LLIHandler/SRFeedbackLLI\
#        -Isource/XCategory/Hbl/all/LLIHandler/SRI2CPressureSensorLLI\
#        -Isource/XCategory/Hbl/all/LLIHandler/SRICTachometerLLI\
#        -Isource/XCategory/Hbl/all/LLIHandler/SRInputCaptureLLI\
#        -Isource/XCategory/Hbl/all/LLIHandler/SRTouchKeyLLI\
#        -Isource/XCategory/Hbl/all/LLIHandler/SRTriacFeedbackLLI\
#        -Isource/XCategory/Hbl/all/LLIHandler/TouchKeyLLI\
#        -Isource/XCategory/Hbl/all/LLIHandler/TouchSliderLLI\
#        -Isource/XCategory/Hbl/all/LLIHandler/TouchWheelLLI\
#        -Isource/XCategory/Hbl/all/LLIHandler/TriacFeedbackLLI\
#        -Isource/XCategory/Hbl/all/LLIHandler/VirtualDigitalLLI\
#        -Isource/XCategory/Service/all/NVData\
#        -Isource/XCategory/Service/all/Reveal\
#        -Isource/XCategory/Service/all/Win\) -l listings\WaterCounterGI.lst -o
#        obj\WaterCounterGI.obj
#        source/Category/Hbl/acuexpacu/ACUGIHandler/WaterCounterGI/WaterCounterGI.c
#    Locale       =  English_United States.1252
#    List file    =  listings\WaterCounterGI.lst
#    Object file  =  obj\WaterCounterGI.obj
#
###############################################################################

C:\Data\Nucleus_Dev\Vostok_ACU_A\source\Category\Hbl\acuexpacu\ACUGIHandler\WaterCounterGI\WaterCounterGI.c
      1          /**
      2           *  @file		WaterCounterGI.c
      3           *
      4           *  @brief      This module implement Water Counter GI
      5           *
      6           *  @details    Detailed description of the file contents
      7           *
      8           *  @section    Applicable_Documents
      9           *					List here all the applicable documents if needed. <tr>
     10           *
     11           *  @copyright  Copyright 2016-2017 - Whirlpool Corporation. All rights reserved - CONFIDENTIAL
     12           */
     13          //---------------------------------------------------------------------------------------------------------------------
     14          //---------------------------------------------------------------------------------------------------------------------
     15          
     16          
     17          //-------------------------------------- Include Files ----------------------------------------------------------------
     18          #include "WaterCounterGI.h"
     19          
     20          #include "C_Extensions.h"
     21          
     22          #if (HBL_GI_NUM_WATERCOUNTER > 0)
     23          
     24          #include "SettingFile.h"
     25          #include "String.h"
     26          #include "Variable.h"
     27          //-------------------------------------- PUBLIC (Variables) -----------------------------------------------------------
     28          
     29          PACKED typedef struct
     30          {
     31          	uint16 Pulse_Counter_Ref;
     32          	uint16 Last_LLI_Value;
     33          	uint16 Accumulator;
     34          	uint16 Water_Counter;								//In terms of Centi Litre (CL)
     35          	uint16 Conversion_Coefficient;
     36          } FLOWMETERGI_DATA_TYPE;
     37          //-------------------------------------- PRIVATE (Variables, Constants & Defines) -------------------------------------

   \                                 In section .bss, align 4
     38          static uint8 WaterCounterGI_Allocation;
   \                     WaterCounterGI_Allocation:
   \   00000000                      DS8 1
   \   00000001                      DS8 1
   \   00000002                      DS8 2
   \   00000004                      DS8 12
     39          static uint8 WaterCounterGI_LLI_Sequence[HBL_GI_NUM_WATERCOUNTER];
     40          static FLOWMETERGI_DATA_TYPE WaterCounterGI_Data[HBL_GI_NUM_WATERCOUNTER];
     41          //-------------------------------------- PRIVATE (Function Prototypes) ------------------------------------------------
     42          
     43          
     44          //=====================================================================================================================
     45          //-------------------------------------- Public Functions -------------------------------------------------------------
     46          //=====================================================================================================================
     47          
     48          
     49          //---------------------------------------------------------------------------------------------------------------------
     50          /**
     51           * @brief      It Initializes the module and its variables
     52           */

   \                                 In section .text, align 2, keep-with-next
     53          void WaterCounterGI__Initialize(void)
     54          {
   \                     WaterCounterGI__Initialize: (+1)
   \   00000000   0xB510             PUSH     {R4,LR}
     55              WaterCounterGI_Allocation = 0;
   \   00000002   0x....             LDR      R4,??DataTable4
   \   00000004   0x2000             MOVS     R0,#+0
   \   00000006   0x7020             STRB     R0,[R4, #+0]
     56              memset(WaterCounterGI_LLI_Sequence, 0, sizeof(WaterCounterGI_LLI_Sequence));
   \   00000008   0x4602             MOV      R2,R0
   \   0000000A   0x2101             MOVS     R1,#+1
   \   0000000C   0x1C60             ADDS     R0,R4,#+1
   \   0000000E   0x.... 0x....      BL       __aeabi_memset
     57              memset(WaterCounterGI_Data, 0, sizeof(WaterCounterGI_Data));
   \   00000012   0x2200             MOVS     R2,#+0
   \   00000014   0x210A             MOVS     R1,#+10
   \   00000016   0x1D20             ADDS     R0,R4,#+4
   \   00000018   0x.... 0x....      BL       __aeabi_memset4
     58          }
   \   0000001C   0xBD10             POP      {R4,PC}          ;; return
     59          
     60          
     61          
     62          //---------------------------------------------------------------------------------------------------------------------
     63          /**
     64           * @brief
     65           * @return
     66           */

   \                                 In section .text, align 2, keep-with-next
     67          uint8 WaterCounterGI__Allocate(void)
     68          {
     69              uint8 retval;
     70              retval = 0xFF;
   \                     WaterCounterGI__Allocate: (+1)
   \   00000000   0x20FF             MOVS     R0,#+255
     71              if (WaterCounterGI_Allocation < (uint8)HBL_GI_NUM_WATERCOUNTER)
   \   00000002   0x....             LDR      R1,??DataTable4
   \   00000004   0x780A             LDRB     R2,[R1, #+0]
   \   00000006   0x2A00             CMP      R2,#+0
   \   00000008   0xD102             BNE      ??WaterCounterGI__Allocate_0
     72              {
     73                  retval = WaterCounterGI_Allocation;
   \   0000000A   0x2000             MOVS     R0,#+0
     74                  WaterCounterGI_Allocation++;
   \   0000000C   0x2201             MOVS     R2,#+1
   \   0000000E   0x700A             STRB     R2,[R1, #+0]
     75              }
     76              return (retval);
   \                     ??WaterCounterGI__Allocate_0: (+1)
   \   00000010   0x4770             BX       LR               ;; return
     77          }
     78          
     79          //---------------------------------------------------------------------------------------------------------------------
     80          /**
     81           *  @brief      It Initializes the module WaterCounterGI and its variables
     82           *
     83           */

   \                                 In section .text, align 2, keep-with-next
     84          PASS_FAIL_TYPE WaterCounterGI__InitializeInstance(HBL_GI_TYPE * generic_input, uint8 lli_sequence)
     85          {
   \                     WaterCounterGI__InitializeInstance: (+1)
   \   00000000   0xB57C             PUSH     {R2-R6,LR}
   \   00000002   0x0006             MOVS     R6,R0
     86          	PASS_FAIL_TYPE retval;
     87          	SETTINGFILE_LOADER_TYPE io_device_data;
     88          
     89          	retval = FAIL;
   \   00000004   0x2500             MOVS     R5,#+0
     90          
     91          	if (generic_input->Data_Index < WaterCounterGI_Allocation)
   \   00000006   0x79F0             LDRB     R0,[R6, #+7]
   \   00000008   0x....             LDR      R4,??DataTable4
   \   0000000A   0x0002             MOVS     R2,R0
   \   0000000C   0x7823             LDRB     R3,[R4, #+0]
   \   0000000E   0x429A             CMP      R2,R3
   \   00000010   0xD211             BCS      ??WaterCounterGI__InitializeInstance_0
     92          	{
     93          		WaterCounterGI_LLI_Sequence[generic_input->Data_Index] = lli_sequence;
   \   00000012   0x1820             ADDS     R0,R4,R0
   \   00000014   0x7041             STRB     R1,[R0, #+1]
     94          		if (SettingFile__BasicLoader(SF_PTR_ACU_IO_DEVICE, generic_input->GI_Param_Offset, &io_device_data) == PASS)
   \   00000016   0x466A             MOV      R2,SP
   \   00000018   0x78B1             LDRB     R1,[R6, #+2]
   \   0000001A   0x2021             MOVS     R0,#+33
   \   0000001C   0x.... 0x....      BL       SettingFile__BasicLoader
   \   00000020   0x2801             CMP      R0,#+1
   \   00000022   0xD108             BNE      ??WaterCounterGI__InitializeInstance_0
     95          		{
     96          			WaterCounterGI_Data[generic_input->Data_Index].Conversion_Coefficient =	ENDIANU16_STON((*(uint16 *)(void *)(io_device_data.Data)));
   \   00000024   0x79F0             LDRB     R0,[R6, #+7]
   \   00000026   0x0081             LSLS     R1,R0,#+2
   \   00000028   0x1808             ADDS     R0,R1,R0
   \   0000002A   0x0040             LSLS     R0,R0,#+1
   \   0000002C   0x1820             ADDS     R0,R4,R0
   \   0000002E   0x9900             LDR      R1,[SP, #+0]
   \   00000030   0x8809             LDRH     R1,[R1, #+0]
   \   00000032   0x8181             STRH     R1,[R0, #+12]
     97          			retval = PASS;
   \   00000034   0x2501             MOVS     R5,#+1
     98          		}
     99          	}
    100          
    101              return (retval);
   \                     ??WaterCounterGI__InitializeInstance_0: (+1)
   \   00000036   0x0028             MOVS     R0,R5
   \   00000038   0xBD76             POP      {R1,R2,R4-R6,PC}  ;; return
    102          }
    103          
    104          
    105          /**
    106           *
    107           * @param generic_input
    108           * @param lli_data
    109           * @param data
    110           * @return
    111           */

   \                                 In section .text, align 2, keep-with-next
    112          void * WaterCounterGI__Get(HBL_GI_TYPE * generic_input,void * lli_data)
    113          {
    114              return(lli_data);
   \                     WaterCounterGI__Get: (+1)
   \   00000000   0x0008             MOVS     R0,R1
   \   00000002   0x4770             BX       LR               ;; return
    115          }
    116          
    117          /**
    118           *
    119           * @param generic_input
    120           * @param lli_data
    121           * @return
    122           */

   \                                 In section .text, align 2, keep-with-next
    123          BOOL_TYPE WaterCounterGI__AsynchProcess(HBL_GI_TYPE * generic_input,void * lli_data, uint8 lli_sequence)
    124          {
   \                     WaterCounterGI__AsynchProcess: (+1)
   \   00000000   0xB5F6             PUSH     {R1,R2,R4-R7,LR}
   \   00000002   0xB083             SUB      SP,SP,#+12
   \   00000004   0x0007             MOVS     R7,R0
   \   00000006   0x2500             MOVS     R5,#+0
    125          	BOOL_TYPE retval = FALSE;
    126          
    127          	if(generic_input->Data_Index < WaterCounterGI_Allocation)
   \   00000008   0x79F9             LDRB     R1,[R7, #+7]
   \   0000000A   0x....             LDR      R6,??DataTable4
   \   0000000C   0x0008             MOVS     R0,R1
   \   0000000E   0x7832             LDRB     R2,[R6, #+0]
   \   00000010   0x4290             CMP      R0,R2
   \   00000012   0xD276             BCS      ??WaterCounterGI__AsynchProcess_0
    128          	{
    129          		FLOWMETERGI_DATA_TYPE *data = &WaterCounterGI_Data[generic_input->Data_Index];
   \   00000014   0x0088             LSLS     R0,R1,#+2
   \   00000016   0x1840             ADDS     R0,R0,R1
   \   00000018   0x0040             LSLS     R0,R0,#+1
   \   0000001A   0x1830             ADDS     R0,R6,R0
   \   0000001C   0x1D04             ADDS     R4,R0,#+4
    130          		sint32 flow_meter_ref_variable;
    131          
    132          		if (Variable__GetValue(VARIABLE_PULSE_COUNTER_REF, generic_input->Data_Index, &flow_meter_ref_variable) == FALSE)
   \   0000001E   0x466A             MOV      R2,SP
   \   00000020   0x2013             MOVS     R0,#+19
   \   00000022   0x.... 0x....      BL       Variable__GetValue
   \   00000026   0x2800             CMP      R0,#+0
   \   00000028   0xD101             BNE      ??WaterCounterGI__AsynchProcess_1
    133          		{
    134          			flow_meter_ref_variable = 0;
   \   0000002A   0x4628             MOV      R0,R5
   \   0000002C   0x9000             STR      R0,[SP, #+0]
    135          		}
    136          
    137          		if (data->Pulse_Counter_Ref != (uint16)flow_meter_ref_variable)
   \                     ??WaterCounterGI__AsynchProcess_1: (+1)
   \   0000002E   0x7820             LDRB     R0,[R4, #+0]
   \   00000030   0x7861             LDRB     R1,[R4, #+1]
   \   00000032   0x0609             LSLS     R1,R1,#+24
   \   00000034   0x0C09             LSRS     R1,R1,#+16
   \   00000036   0x4308             ORRS     R0,R0,R1
   \   00000038   0x9900             LDR      R1,[SP, #+0]
   \   0000003A   0xB289             UXTH     R1,R1
   \   0000003C   0x4288             CMP      R0,R1
   \   0000003E   0xD012             BEQ      ??WaterCounterGI__AsynchProcess_2
    138          		{
    139          			data->Pulse_Counter_Ref = (uint16)flow_meter_ref_variable;
   \   00000040   0x9800             LDR      R0,[SP, #+0]
   \   00000042   0x7020             STRB     R0,[R4, #+0]
   \   00000044   0x0A00             LSRS     R0,R0,#+8
   \   00000046   0x7060             STRB     R0,[R4, #+1]
    140          			data->Last_LLI_Value = (uint16)flow_meter_ref_variable;
   \   00000048   0x9800             LDR      R0,[SP, #+0]
   \   0000004A   0x70A0             STRB     R0,[R4, #+2]
   \   0000004C   0x0A00             LSRS     R0,R0,#+8
   \   0000004E   0x70E0             STRB     R0,[R4, #+3]
    141          			data->Accumulator = 0;
   \   00000050   0x4628             MOV      R0,R5
   \   00000052   0x7120             STRB     R0,[R4, #+4]
   \   00000054   0x7160             STRB     R0,[R4, #+5]
    142          			data->Water_Counter = 0;
   \   00000056   0x71A0             STRB     R0,[R4, #+6]
   \   00000058   0x71E0             STRB     R0,[R4, #+7]
    143          			retval = TRUE;
   \   0000005A   0x2501             MOVS     R5,#+1
    144          			WaterCounterGI_LLI_Sequence[generic_input->Data_Index] = lli_sequence;
   \   0000005C   0x4668             MOV      R0,SP
   \   0000005E   0x7C00             LDRB     R0,[R0, #+16]
   \   00000060   0x79F9             LDRB     R1,[R7, #+7]
   \   00000062   0x1871             ADDS     R1,R6,R1
   \   00000064   0x7048             STRB     R0,[R1, #+1]
    145          		}
    146          
    147          		if (WaterCounterGI_LLI_Sequence[generic_input->Data_Index] != lli_sequence)
   \                     ??WaterCounterGI__AsynchProcess_2: (+1)
   \   00000066   0x79F8             LDRB     R0,[R7, #+7]
   \   00000068   0x1830             ADDS     R0,R6,R0
   \   0000006A   0x7840             LDRB     R0,[R0, #+1]
   \   0000006C   0x4669             MOV      R1,SP
   \   0000006E   0x7C09             LDRB     R1,[R1, #+16]
   \   00000070   0x4288             CMP      R0,R1
   \   00000072   0xD046             BEQ      ??WaterCounterGI__AsynchProcess_0
    148          		{
    149          			uint32 new_water_level;
    150          			uint16 new_lli_value = *(uint16*)lli_data;
   \   00000074   0x9803             LDR      R0,[SP, #+12]
   \   00000076   0x8800             LDRH     R0,[R0, #+0]
   \   00000078   0x4669             MOV      R1,SP
   \   0000007A   0x8088             STRH     R0,[R1, #+4]
    151          
    152          			if (new_lli_value < data->Last_LLI_Value)
   \   0000007C   0x78A0             LDRB     R0,[R4, #+2]
   \   0000007E   0x78E1             LDRB     R1,[R4, #+3]
   \   00000080   0x0609             LSLS     R1,R1,#+24
   \   00000082   0x0C09             LSRS     R1,R1,#+16
   \   00000084   0x4308             ORRS     R0,R0,R1
   \   00000086   0x4669             MOV      R1,SP
   \   00000088   0x8889             LDRH     R1,[R1, #+4]
   \   0000008A   0x4281             CMP      R1,R0
   \   0000008C   0xD208             BCS      ??WaterCounterGI__AsynchProcess_3
    153          			{
    154          				data->Accumulator++;
   \   0000008E   0x7920             LDRB     R0,[R4, #+4]
   \   00000090   0x7961             LDRB     R1,[R4, #+5]
   \   00000092   0x0609             LSLS     R1,R1,#+24
   \   00000094   0x0C09             LSRS     R1,R1,#+16
   \   00000096   0x4308             ORRS     R0,R0,R1
   \   00000098   0x1C40             ADDS     R0,R0,#+1
   \   0000009A   0x7120             STRB     R0,[R4, #+4]
   \   0000009C   0x0A00             LSRS     R0,R0,#+8
   \   0000009E   0x7160             STRB     R0,[R4, #+5]
    155          			}
    156          
    157          			new_water_level = (new_lli_value + (uint32)((uint32)data->Accumulator << 16));
   \                     ??WaterCounterGI__AsynchProcess_3: (+1)
   \   000000A0   0x7920             LDRB     R0,[R4, #+4]
   \   000000A2   0x7961             LDRB     R1,[R4, #+5]
   \   000000A4   0x0609             LSLS     R1,R1,#+24
   \   000000A6   0x0C09             LSRS     R1,R1,#+16
   \   000000A8   0x4308             ORRS     R0,R0,R1
   \   000000AA   0x4669             MOV      R1,SP
   \   000000AC   0x8889             LDRH     R1,[R1, #+4]
   \   000000AE   0x0400             LSLS     R0,R0,#+16
   \   000000B0   0x1808             ADDS     R0,R1,R0
    158          			new_water_level -= data->Pulse_Counter_Ref;
   \   000000B2   0x7821             LDRB     R1,[R4, #+0]
   \   000000B4   0x7862             LDRB     R2,[R4, #+1]
   \   000000B6   0x0612             LSLS     R2,R2,#+24
   \   000000B8   0x0C12             LSRS     R2,R2,#+16
   \   000000BA   0x4311             ORRS     R1,R1,R2
   \   000000BC   0x1A40             SUBS     R0,R0,R1
   \   000000BE   0x79F9             LDRB     R1,[R7, #+7]
   \   000000C0   0x008A             LSLS     R2,R1,#+2
   \   000000C2   0x1851             ADDS     R1,R2,R1
   \   000000C4   0x0049             LSLS     R1,R1,#+1
   \   000000C6   0x1871             ADDS     R1,R6,R1
   \   000000C8   0x8989             LDRH     R1,[R1, #+12]
   \   000000CA   0x2264             MOVS     R2,#+100
   \   000000CC   0x4350             MULS     R0,R2,R0
   \   000000CE   0x084A             LSRS     R2,R1,#+1
   \   000000D0   0x1880             ADDS     R0,R0,R2
   \   000000D2   0x.... 0x....      BL       __aeabi_uidiv
   \   000000D6   0xB280             UXTH     R0,R0
    159          			new_water_level *= (uint8)100;
    160          			// Adding divisor/2 before the division, in order to round to the nearest integer instead of truncating
    161          			new_water_level += ((uint32)WaterCounterGI_Data[generic_input->Data_Index].Conversion_Coefficient / (uint8)2);
    162          			new_water_level /= WaterCounterGI_Data[generic_input->Data_Index].Conversion_Coefficient;
    163          			new_water_level &= (uint16)0xFFFF;
    164          
    165          			if (data->Water_Counter != new_water_level)
   \   000000D8   0x79A1             LDRB     R1,[R4, #+6]
   \   000000DA   0x79E2             LDRB     R2,[R4, #+7]
   \   000000DC   0x0612             LSLS     R2,R2,#+24
   \   000000DE   0x0C12             LSRS     R2,R2,#+16
   \   000000E0   0x4311             ORRS     R1,R1,R2
   \   000000E2   0x4281             CMP      R1,R0
   \   000000E4   0xD003             BEQ      ??WaterCounterGI__AsynchProcess_4
    166          			{
    167          				data->Water_Counter = (uint16)new_water_level;
   \   000000E6   0x71A0             STRB     R0,[R4, #+6]
   \   000000E8   0x0A00             LSRS     R0,R0,#+8
   \   000000EA   0x71E0             STRB     R0,[R4, #+7]
    168          				retval = TRUE;
   \   000000EC   0x2501             MOVS     R5,#+1
    169          			}
    170          			data->Last_LLI_Value = new_lli_value;
   \                     ??WaterCounterGI__AsynchProcess_4: (+1)
   \   000000EE   0x4668             MOV      R0,SP
   \   000000F0   0x8880             LDRH     R0,[R0, #+4]
   \   000000F2   0x70A0             STRB     R0,[R4, #+2]
   \   000000F4   0x0A00             LSRS     R0,R0,#+8
   \   000000F6   0x70E0             STRB     R0,[R4, #+3]
    171          			WaterCounterGI_LLI_Sequence[generic_input->Data_Index] = lli_sequence;
   \   000000F8   0x4668             MOV      R0,SP
   \   000000FA   0x7C00             LDRB     R0,[R0, #+16]
   \   000000FC   0x79F9             LDRB     R1,[R7, #+7]
   \   000000FE   0x1871             ADDS     R1,R6,R1
   \   00000100   0x7048             STRB     R0,[R1, #+1]
    172          
    173          		}
    174          	}
    175          
    176              return(retval);
   \                     ??WaterCounterGI__AsynchProcess_0: (+1)
   \   00000102   0x0028             MOVS     R0,R5
   \   00000104   0xB005             ADD      SP,SP,#+20
   \   00000106   0xBDF0             POP      {R4-R7,PC}       ;; return
    177          }
    178          
    179          /**
    180           *
    181           * @param generic_input
    182           * @param lli_data
    183           * @return
    184           */

   \                                 In section .text, align 2, keep-with-next
    185          sint32 WaterCounterGI__GetConverted(HBL_GI_TYPE * generic_input,void * lli_data)
    186          {
    187              sint32 retval;
    188          
    189              retval = (sint32)WaterCounterGI_Data[generic_input->Data_Index].Water_Counter;
    190          
    191              return (retval);
   \                     WaterCounterGI__GetConverted: (+1)
   \   00000000   0x....             LDR      R1,??DataTable4
   \   00000002   0x79C0             LDRB     R0,[R0, #+7]
   \   00000004   0x0082             LSLS     R2,R0,#+2
   \   00000006   0x1810             ADDS     R0,R2,R0
   \   00000008   0x0040             LSLS     R0,R0,#+1
   \   0000000A   0x1808             ADDS     R0,R1,R0
   \   0000000C   0x8940             LDRH     R0,[R0, #+10]
   \   0000000E   0x4770             BX       LR               ;; return
    192          }

   \                                 In section .text, align 4, keep-with-next
   \                     ??DataTable4:
   \   00000000   0x........         DC32     WaterCounterGI_Allocation
    193          
    194          
    195          //=====================================================================================================================
    196          //-------------------------------------- Private Functions ------------------------------------------------------------
    197          //=====================================================================================================================
    198          
    199          #endif

   Maximum stack usage in bytes:

   .cstack Function
   ------- --------
       0   WaterCounterGI__Allocate
      40   WaterCounterGI__AsynchProcess
        40   -> Variable__GetValue
        40 __aeabi_uidiv
       0   WaterCounterGI__Get
       0   WaterCounterGI__GetConverted
       8   WaterCounterGI__Initialize
         8   -> __aeabi_memset
         8   -> __aeabi_memset4
      24   WaterCounterGI__InitializeInstance
        24   -> SettingFile__BasicLoader


   Section sizes:

   Bytes  Function/Label
   -----  --------------
       4  ??DataTable4
      16  WaterCounterGI_Allocation
          WaterCounterGI_LLI_Sequence
          WaterCounterGI_Data
      18  WaterCounterGI__Allocate
     264  WaterCounterGI__AsynchProcess
       4  WaterCounterGI__Get
      16  WaterCounterGI__GetConverted
      30  WaterCounterGI__Initialize
      58  WaterCounterGI__InitializeInstance

 
  16 bytes in section .bss
 394 bytes in section .text
 
 394 bytes of CODE memory
  16 bytes of DATA memory

Errors: none
Warnings: none
